23:11:34.826 [main                     ] DEBUG Logger               - Configured Logger
23:11:34.868 [main                     ] DEBUG GameApplication      - Logging settings
Title: Bomberman
Version: 0.0
Width: 800
Height: 672
Fullscreen: false
Intro: false
Profiling: false
Single step:false
App Mode: DEVELOPER
Menu Key: ESCAPE
Stage Style: DECORATED
Scene Factory: class com.almasb.fxgl.app.scene.SceneFactory

23:11:35.521 [JavaFX Application Thread] DEBUG FXGLApplication      - Initializing FXGL
23:11:35.530 [JavaFX Application Thread] INFO  Engine               - FXGL-17.1 (24.03.2022 17.34) on WINDOWS (J:18.0.2.1 FX:18.0.1)
23:11:35.530 [JavaFX Application Thread] DEBUG Engine               - JRE Vendor Name: Oracle Corporation
23:11:35.530 [JavaFX Application Thread] DEBUG Engine               - Running on OS: Windows 10 version 10.0
23:11:35.531 [JavaFX Application Thread] DEBUG Engine               - Architecture: amd64
23:11:35.531 [JavaFX Application Thread] INFO  Engine               - Source code and latest versions at: https://github.com/AlmasB/FXGL
23:11:35.531 [JavaFX Application Thread] INFO  Engine               -       Ask questions and discuss at: https://github.com/AlmasB/FXGL/discussions
23:11:35.531 [JavaFX Application Thread] INFO  Engine               -              Join the FXGL chat at: https://gitter.im/AlmasB/FXGL
23:11:35.711 [JavaFX Application Thread] DEBUG PrimaryStageWindow   - Creating a JavaFX scene
23:11:35.796 [JavaFX Application Thread] DEBUG PrimaryStageWindow   - Target settings size: 800.0 x 672.0
23:11:35.797 [JavaFX Application Thread] DEBUG PrimaryStageWindow   - Scaled scene size:    800.0 x 672.0
23:11:35.797 [JavaFX Application Thread] DEBUG PrimaryStageWindow   - Scaled ratio: (1.0, 1.0)
23:11:35.799 [JavaFX Application Thread] DEBUG PrimaryStageWindow   - Set initial scene to FXGLStartupScene
23:11:35.813 [JavaFX Application Thread] DEBUG PrimaryStageWindow   - Opening main window
23:11:35.963 [JavaFX Application Thread] DEBUG PrimaryStageWindow   - Window border size: (14.66668701171875, 37.33331298828125)
23:11:35.964 [JavaFX Application Thread] DEBUG PrimaryStageWindow   - Scaled size: 800.0 x 672.0
23:11:35.964 [JavaFX Application Thread] DEBUG PrimaryStageWindow   - Scaled ratio: (1.0, 1.0)
23:11:35.964 [JavaFX Application Thread] DEBUG PrimaryStageWindow   - Scene size: 800.0 x 672.0
23:11:35.965 [JavaFX Application Thread] DEBUG PrimaryStageWindow   - Stage size: 814.6666870117188 x 709.3333129882812
23:11:36.101 [FXGL Background Thread 1 ] DEBUG Engine               - Initializing environment variables
23:11:36.194 [FXGL Background Thread 1 ] DEBUG FXGLAssetLoaderServi - User app class for loading assets: class mangobomb.bombermango.HelloApplication
23:11:36.195 [FXGL Background Thread 1 ] DEBUG GameApplicationServi - Applying CSS: fxgl_dark.css
23:11:36.196 [FXGL Background Thread 1 ] DEBUG FXGLAssetLoaderServi - Loading from file system: jar:file:/C:/Users/Admin/.m2/repository/com/github/almasb/fxgl/17.1/fxgl-17.1.jar!/fxglassets/ui/css/fxgl_dark.css
23:11:36.284 [FXGL Background Thread 1 ] DEBUG GameApplicationServi - Initializing application scenes
23:11:36.447 [FXGL Background Thread 1 ] DEBUG GameWorld            - Game world initialized
23:11:36.546 [FXGL Background Thread 1 ] DEBUG PhysicsWorld         - Physics world initialized: appHeight=672, physics.ppm=50.0
23:11:36.547 [FXGL Background Thread 1 ] DEBUG PhysicsWorld         - Using strategy: BRUTE_FORCE
23:11:36.553 [FXGL Background Thread 1 ] DEBUG GameScene            - Game scene initialized: 800x672
23:11:36.576 [FXGL Background Thread 1 ] DEBUG FXGL.DefaultMenu     - createMenuBodyMainMenu()
23:11:36.603 [FXGL Background Thread 1 ] DEBUG FXGL.DefaultMenu     - createOptionsMenu()
23:11:36.624 [FXGL Background Thread 1 ] DEBUG FXGLAssetLoaderServi - Loading from file system: jar:file:/C:/Users/Admin/.m2/repository/com/github/almasb/fxgl/17.1/fxgl-17.1.jar!/fxglassets/textures/particles/smoke.png
23:11:36.811 [FXGL Background Thread 1 ] DEBUG FXGLAssetLoaderServi - Loading from file system: jar:file:/C:/Users/Admin/.m2/repository/com/github/almasb/fxgl/17.1/fxgl-17.1.jar!/fxglassets/textures/particles/trace_horizontal.png
23:11:36.859 [FXGL Background Thread 1 ] DEBUG FXGL.DefaultMenu     - createMenuBodyGameMenu()
23:11:36.861 [FXGL Background Thread 1 ] DEBUG FXGL.DefaultMenu     - createOptionsMenu()
23:11:36.909 [FXGL Background Thread 1 ] DEBUG GameApplicationServi - Application scenes initialized
23:11:36.929 [FXGL Background Thread 1 ] DEBUG SystemBundleService  - Loading FXGL system data
23:11:36.936 [FXGL Background Thread 1 ] DEBUG FileSystemAccess     - Reading from: D:\bombermango\system\fxgl.bundle
23:11:36.951 [FXGL Background Thread 1 ] DEBUG SystemBundleService  - Bundle FXGL: {}
23:11:36.951 [FXGL Background Thread 1 ] DEBUG UpdaterService       - Checking for updates
23:11:36.959 [FXGL Background Thread 1 ] DEBUG FXGLApplication      - Loading default localization
23:11:36.960 [FXGL Background Thread 1 ] DEBUG FXGLAssetLoaderServi - Loading from file system: jar:file:/C:/Users/Admin/.m2/repository/com/github/almasb/fxgl/17.1/fxgl-17.1.jar!/fxglassets/languages/english.lang
23:11:36.986 [FXGL Background Thread 1 ] INFO  FXGLApplication      - FXGL initialization took: 0.884 sec
23:11:37.006 [JavaFX Application Thread] DEBUG Input                - Registered new binding: moveUp - W
23:11:37.006 [JavaFX Application Thread] DEBUG Input                - Registered new binding: moveRight - D
23:11:37.006 [JavaFX Application Thread] DEBUG Input                - Registered new binding: moveLeft - A
23:11:37.006 [JavaFX Application Thread] DEBUG Input                - Registered new binding: moveDown - S
23:11:37.006 [JavaFX Application Thread] DEBUG Input                - Registered new binding: implantBomb - F
23:11:37.006 [JavaFX Application Thread] DEBUG Input                - Registered new binding: PlayMusic - M
23:11:37.007 [JavaFX Application Thread] DEBUG FXGLAssetLoaderServi - Loading from file system: jar:file:/C:/Users/Admin/.m2/repository/com/github/almasb/fxgl/17.1/fxgl-17.1.jar!/fxglassets/textures/fxgl_icon.png
23:11:37.069 [FXGL Background Thread 4 ] DEBUG FXGLApplication      - Loading fonts
23:11:37.073 [FXGL Background Thread 4 ] DEBUG FXGLAssetLoaderServi - Loading from file system: jar:file:/C:/Users/Admin/.m2/repository/com/github/almasb/fxgl/17.1/fxgl-17.1.jar!/fxglassets/ui/fonts/VarelaRound-Regular.ttf
23:11:37.075 [JavaFX Application Thread] DEBUG FXGLAssetLoaderServi - Loading from file system: jar:file:/C:/Users/Admin/.m2/repository/com/github/almasb/fxgl/17.1/fxgl-17.1.jar!/fxglassets/textures/fxgl_default_cursor.png
23:11:37.078 [JavaFX Application Thread] DEBUG Input                - Registered new binding: Screenshot - CTRL+8
23:11:37.078 [JavaFX Application Thread] DEBUG Input                - Registered new binding: System info dump - CTRL+9
23:11:37.079 [JavaFX Application Thread] DEBUG Input                - Registered new binding: Restart - CTRL+R
23:11:37.080 [JavaFX Application Thread] DEBUG Input                - Registered new binding: Toggle Debug Camera - CTRL+7
23:11:37.083 [JavaFX Application Thread] DEBUG LoopRunner           - Starting loop
23:11:37.083 [JavaFX Application Thread] DEBUG LoopRunner           - Initializing JavaFX AnimationTimerLoop
23:11:37.087 [JavaFX Application Thread] DEBUG Input                - Clearing active input actions
23:11:37.151 [JavaFX Application Thread] DEBUG GameApplicationServi - Removing overlay from FXGLStartupScene and adding to FXGLMainMenuDummyScene
23:11:37.151 [JavaFX Application Thread] DEBUG PrimaryStageWindow   - FXGLStartupScene -> FXGLMainMenuDummyScene
23:11:37.152 [JavaFX Application Thread] DEBUG PrimaryStageWindow   - Push state: FXGLDefaultMenu
23:11:37.162 [JavaFX Application Thread] DEBUG Input                - Clearing active input actions
23:11:37.175 [JavaFX Application Thread] DEBUG GameApplicationServi - Removing overlay from FXGLMainMenuDummyScene and adding to FXGLDefaultMenu
23:11:37.176 [JavaFX Application Thread] DEBUG PrimaryStageWindow   - FXGLMainMenuDummyScene -> FXGLDefaultMenu
23:11:37.783 [FXGL Background Thread 4 ] DEBUG FXGLAssetLoaderServi - Loading from file system: jar:file:/C:/Users/Admin/.m2/repository/com/github/almasb/fxgl/17.1/fxgl-17.1.jar!/fxglassets/ui/fonts/Abel-Regular.ttf
23:11:37.797 [FXGL Background Thread 4 ] DEBUG FXGLAssetLoaderServi - Loading from file system: jar:file:/C:/Users/Admin/.m2/repository/com/github/almasb/fxgl/17.1/fxgl-17.1.jar!/fxglassets/ui/fonts/TerminalLandMono-Regular.otf
23:11:37.812 [FXGL Background Thread 4 ] DEBUG FXGLAssetLoaderServi - Loading from file system: jar:file:/C:/Users/Admin/.m2/repository/com/github/almasb/fxgl/17.1/fxgl-17.1.jar!/fxglassets/ui/fonts/Courier-Prime.ttf
23:11:37.823 [JavaFX Application Thread] DEBUG FXGLApplication      - Registering font factories with UI factory
23:11:38.083 [JavaFX Application Thread] DEBUG Menu                 - fireNewGame()
23:11:38.083 [JavaFX Application Thread] DEBUG GameApplicationServi - Starting new game
23:11:38.088 [JavaFX Application Thread] DEBUG PrimaryStageWindow   - Pop state: FXGLDefaultMenu
23:11:38.088 [JavaFX Application Thread] DEBUG Input                - Clearing active input actions
23:11:38.090 [JavaFX Application Thread] DEBUG GameApplicationServi - Removing overlay from FXGLDefaultMenu and adding to FXGLMainMenuDummyScene
23:11:38.090 [JavaFX Application Thread] DEBUG PrimaryStageWindow   - FXGLMainMenuDummyScene <- FXGLDefaultMenu
23:11:38.091 [JavaFX Application Thread] DEBUG Input                - Clearing active input actions
23:11:38.100 [JavaFX Application Thread] DEBUG GameApplicationServi - Removing overlay from FXGLMainMenuDummyScene and adding to FXGLLoadingScene
23:11:38.100 [JavaFX Application Thread] DEBUG PrimaryStageWindow   - FXGLMainMenuDummyScene -> FXGLLoadingScene
23:11:38.100 [JavaFX Application Thread] DEBUG GameApplicationServi - Clearing previous game
23:11:38.100 [JavaFX Application Thread] DEBUG GameScene            - Clearing game scene
23:11:38.102 [JavaFX Application Thread] DEBUG GameWorld            - Clearing game world
23:11:38.103 [JavaFX Application Thread] DEBUG PhysicsWorld         - Clearing physics world
23:11:38.105 [FXGL Background Thread 4 ] DEBUG FXGLApplication      - Initializing game
23:11:38.143 [FXGL Background Thread 4 ] DEBUG FXGLAssetLoaderServi - Loading from file system: file:/D:/bombermango/target/classes/assets/textures/sprites/wall.png
23:11:38.215 [FXGL Background Thread 4 ] DEBUG FXGLAssetLoaderServi - Loading from file system: file:/D:/bombermango/target/classes/assets/textures/sprites/brick.png
23:11:38.224 [FXGL Background Thread 4 ] DEBUG FXGLAssetLoaderServi - Loading from file system: file:/D:/bombermango/target/classes/assets/textures/sprites/balloom_right1.png
23:11:38.226 [FXGL Background Thread 4 ] DEBUG FXGLAssetLoaderServi - Loading from file system: file:/D:/bombermango/target/classes/assets/textures/sprites/balloom_right2.png
23:11:38.261 [FXGL Background Thread 4 ] DEBUG FXGLAssetLoaderServi - Loading from file system: file:/D:/bombermango/target/classes/assets/textures/sprites/balloom_right3.png
23:11:38.283 [FXGL Background Thread 4 ] DEBUG FXGLAssetLoaderServi - Loading from file system: file:/D:/bombermango/target/classes/assets/textures/sprites/oneal_right1.png
23:11:38.285 [FXGL Background Thread 4 ] DEBUG FXGLAssetLoaderServi - Loading from file system: file:/D:/bombermango/target/classes/assets/textures/sprites/oneal_right2.png
23:11:38.287 [FXGL Background Thread 4 ] DEBUG FXGLAssetLoaderServi - Loading from file system: file:/D:/bombermango/target/classes/assets/textures/sprites/oneal_right3.png
23:11:38.417 [FXGL Background Thread 2 ] INFO  UpdaterService       - Your current version:  17.1
23:11:38.417 [FXGL Background Thread 2 ] INFO  UpdaterService       - Latest stable version: 17.2
23:11:38.443 [FXGL Background Thread 4 ] DEBUG FXGLAssetLoaderServi - Loading from file system: file:/D:/bombermango/target/classes/assets/textures/sprites/doll_right1.png
23:11:38.444 [FXGL Background Thread 4 ] DEBUG FXGLAssetLoaderServi - Loading from file system: file:/D:/bombermango/target/classes/assets/textures/sprites/doll_right2.png
23:11:38.446 [FXGL Background Thread 4 ] DEBUG FXGLAssetLoaderServi - Loading from file system: file:/D:/bombermango/target/classes/assets/textures/sprites/doll_right3.png
23:11:38.478 [FXGL Background Thread 4 ] DEBUG GameWorld            - Clearing removable entities
23:11:38.478 [FXGL Background Thread 4 ] DEBUG GameWorld            - Setting level: com.almasb.fxgl.entity.level.Level@2b311940
23:11:38.584 [FXGL Background Thread 4 ] DEBUG FXGLAssetLoaderServi - Loading from file system: file:/D:/bombermango/target/classes/assets/music/gameaudio.wav
23:11:39.053 [FXGL Background Thread 4 ] DEBUG FXGLAssetLoaderServi - Loading from file system: file:/D:/bombermango/target/classes/assets/textures/sprites/player_right.png
23:11:39.056 [FXGL Background Thread 4 ] DEBUG FXGLAssetLoaderServi - Loading from file system: file:/D:/bombermango/target/classes/assets/textures/sprites/player_right_1.png
23:11:39.059 [FXGL Background Thread 4 ] WARN  FXGLAssetLoaderServi - Asset "/assets/textures/sprites/player_right_2.png" was not found!
23:11:39.059 [FXGL Background Thread 4 ] WARN  FXGLAssetLoaderServi - Failed to load RESIZABLE_IMAGE
23:11:39.085 [FXGL Background Thread 4 ] DEBUG FXGLAssetLoaderServi - Loading from file system: file:/D:/bombermango/target/classes/assets/textures/sprites/player_down.png
23:11:39.088 [FXGL Background Thread 4 ] DEBUG FXGLAssetLoaderServi - Loading from file system: file:/D:/bombermango/target/classes/assets/textures/sprites/player_down_1.png
23:11:39.093 [FXGL Background Thread 4 ] DEBUG FXGLAssetLoaderServi - Loading from file system: file:/D:/bombermango/target/classes/assets/textures/sprites/player_down_2.png
23:11:39.094 [FXGL Background Thread 4 ] DEBUG FXGLAssetLoaderServi - Loading from file system: file:/D:/bombermango/target/classes/assets/textures/sprites/player_left.png
23:11:39.125 [FXGL Background Thread 4 ] DEBUG FXGLAssetLoaderServi - Loading from file system: file:/D:/bombermango/target/classes/assets/textures/sprites/player_left_1.png
23:11:39.126 [FXGL Background Thread 4 ] DEBUG FXGLAssetLoaderServi - Loading from file system: file:/D:/bombermango/target/classes/assets/textures/sprites/player_left_2.png
23:11:39.129 [FXGL Background Thread 4 ] DEBUG FXGLAssetLoaderServi - Loading from file system: file:/D:/bombermango/target/classes/assets/textures/sprites/portal.png
23:11:39.133 [FXGL Background Thread 4 ] DEBUG FXGLAssetLoaderServi - Loading from file system: file:/D:/bombermango/target/classes/assets/textures/sprites/powerup_bombs.png
23:11:39.143 [FXGL Background Thread 4 ] DEBUG FXGLAssetLoaderServi - Loading from file system: file:/D:/bombermango/target/classes/assets/textures/sprites/powerup_flames.png
23:11:39.149 [FXGL Background Thread 4 ] INFO  FXGLApplication      - Game initialization took: 1.043 sec
23:11:39.155 [JavaFX Application Thread] DEBUG Input                - Clearing active input actions
23:11:39.206 [JavaFX Application Thread] DEBUG GameApplicationServi - Removing overlay from FXGLLoadingScene and adding to GameScene
23:11:39.206 [JavaFX Application Thread] DEBUG PrimaryStageWindow   - FXGLLoadingScene -> GameScene
23:11:39.992 [FXGL Background Thread 3 ] DEBUG Engine               - Logging environment variables
23:11:39.992 [FXGL Background Thread 3 ] DEBUG Engine               - achievements: []
23:11:39.993 [FXGL Background Thread 3 ] DEBUG Engine               - actualHeight: 672.0
23:11:39.993 [FXGL Background Thread 3 ] DEBUG Engine               - actualHeightProperty: ReadOnlyDoubleProperty [value: 672.0]
23:11:39.993 [FXGL Background Thread 3 ] DEBUG Engine               - actualWidth: 800.0
23:11:39.993 [FXGL Background Thread 3 ] DEBUG Engine               - actualWidthProperty: ReadOnlyDoubleProperty [value: 800.0]
23:11:39.993 [FXGL Background Thread 3 ] DEBUG Engine               - appIcon: fxgl_icon.png
23:11:39.993 [FXGL Background Thread 3 ] DEBUG Engine               - applicationMode: DEVELOPER
23:11:39.993 [FXGL Background Thread 3 ] DEBUG Engine               - cSSList: [fxgl_dark.css]
23:11:39.993 [FXGL Background Thread 3 ] DEBUG Engine               - collisionDetectionStrategy: BRUTE_FORCE
23:11:39.993 [FXGL Background Thread 3 ] DEBUG Engine               - configClass: Optional.empty
23:11:39.994 [FXGL Background Thread 3 ] DEBUG Engine               - credits: []
23:11:39.994 [FXGL Background Thread 3 ] DEBUG Engine               - defaultCursor: CursorInfo(imageName=fxgl_default_cursor.png, hotspotX=7.0, hotspotY=6.0)
23:11:39.994 [FXGL Background Thread 3 ] DEBUG Engine               - devBBoxColorProperty: ObjectProperty [value: 0xff0000ff]
23:11:39.995 [FXGL Background Thread 3 ] DEBUG Engine               - devEnableDebugCameraProperty: BooleanProperty [value: false]
23:11:39.995 [FXGL Background Thread 3 ] DEBUG Engine               - devSensorColorProperty: ObjectProperty [value: 0xffff00ff]
23:11:39.995 [FXGL Background Thread 3 ] DEBUG Engine               - devShowBBoxProperty: BooleanProperty [value: false]
23:11:39.995 [FXGL Background Thread 3 ] DEBUG Engine               - devShowPositionProperty: BooleanProperty [value: false]
23:11:39.995 [FXGL Background Thread 3 ] DEBUG Engine               - enabledMenuItems: []
23:11:39.995 [FXGL Background Thread 3 ] DEBUG Engine               - engineServices: [class com.almasb.fxgl.app.services.FXGLAssetLoaderService, class com.almasb.fxgl.app.FXGLApplication$GameApplicationService, class com.almasb.fxgl.app.services.FXGLDialogService, class com.almasb.fxgl.app.services.IOTaskExecutorService, class com.almasb.fxgl.io.FileSystemService, class com.almasb.fxgl.localization.LocalizationService, class com.almasb.fxgl.app.services.SystemBundleService, class com.almasb.fxgl.profile.SaveLoadService, class com.almasb.fxgl.ui.FXGLUIFactoryServiceProvider, class com.almasb.fxgl.ui.FXGLDialogFactoryServiceProvider, class com.almasb.fxgl.audio.AudioPlayer, class com.almasb.fxgl.notification.impl.NotificationServiceProvider, class com.almasb.fxgl.achievement.AchievementService, class com.almasb.fxgl.cutscene.CutsceneService, class com.almasb.fxgl.minigames.MiniGameService, class com.almasb.fxgl.net.NetService, class com.almasb.fxgl.app.services.UpdaterService, class com.almasb.fxgl.dev.DevService]
23:11:39.995 [FXGL Background Thread 3 ] DEBUG Engine               - fontGame: Abel-Regular.ttf
23:11:39.995 [FXGL Background Thread 3 ] DEBUG Engine               - fontMono: TerminalLandMono-Regular.otf
23:11:39.995 [FXGL Background Thread 3 ] DEBUG Engine               - fontText: Courier-Prime.ttf
23:11:39.995 [FXGL Background Thread 3 ] DEBUG Engine               - fontUI: VarelaRound-Regular.ttf
23:11:39.995 [FXGL Background Thread 3 ] DEBUG Engine               - fullScreen: BooleanProperty [value: false]
23:11:39.995 [FXGL Background Thread 3 ] DEBUG Engine               - gameDifficulty: MEDIUM
23:11:39.995 [FXGL Background Thread 3 ] DEBUG Engine               - gameDifficultyProperty: ObjectProperty [value: MEDIUM]
23:11:39.996 [FXGL Background Thread 3 ] DEBUG Engine               - globalMusicVolume: 0.5
23:11:39.996 [FXGL Background Thread 3 ] DEBUG Engine               - globalMusicVolumeProperty: DoubleProperty [value: 0.5]
23:11:39.996 [FXGL Background Thread 3 ] DEBUG Engine               - globalSoundVolume: 0.5
23:11:39.998 [FXGL Background Thread 3 ] DEBUG Engine               - globalSoundVolumeProperty: DoubleProperty [value: 0.5]
23:11:39.998 [FXGL Background Thread 3 ] DEBUG Engine               - height: 672
23:11:39.998 [FXGL Background Thread 3 ] DEBUG Engine               - is3D: false
23:11:39.998 [FXGL Background Thread 3 ] DEBUG Engine               - isAndroid: false
23:11:39.998 [FXGL Background Thread 3 ] DEBUG Engine               - isBrowser: false
23:11:39.998 [FXGL Background Thread 3 ] DEBUG Engine               - isClickFeedbackEnabled: false
23:11:39.998 [FXGL Background Thread 3 ] DEBUG Engine               - isCloseConfirmation: false
23:11:39.999 [FXGL Background Thread 3 ] DEBUG Engine               - isDesktop: true
23:11:39.999 [FXGL Background Thread 3 ] DEBUG Engine               - isDeveloperMenuEnabled: false
23:11:39.999 [FXGL Background Thread 3 ] DEBUG Engine               - isEmbedded: false
23:11:39.999 [FXGL Background Thread 3 ] DEBUG Engine               - isEntityPreloadEnabled: true
23:11:39.999 [FXGL Background Thread 3 ] DEBUG Engine               - isExperimentalTiledLargeMap: false
23:11:40.001 [FXGL Background Thread 3 ] DEBUG Engine               - isFileSystemWriteAllowed: true
23:11:40.001 [FXGL Background Thread 3 ] DEBUG Engine               - isFullScreenAllowed: false
23:11:40.001 [FXGL Background Thread 3 ] DEBUG Engine               - isFullScreenFromStart: false
23:11:40.001 [FXGL Background Thread 3 ] DEBUG Engine               - isGameMenuEnabled: true
23:11:40.003 [FXGL Background Thread 3 ] DEBUG Engine               - isIOS: false
23:11:40.003 [FXGL Background Thread 3 ] DEBUG Engine               - isIntroEnabled: false
23:11:40.003 [FXGL Background Thread 3 ] DEBUG Engine               - isLinux: false
23:11:40.004 [FXGL Background Thread 3 ] DEBUG Engine               - isMac: false
23:11:40.004 [FXGL Background Thread 3 ] DEBUG Engine               - isMainMenuEnabled: true
23:11:40.004 [FXGL Background Thread 3 ] DEBUG Engine               - isManualResizeEnabled: false
23:11:40.004 [FXGL Background Thread 3 ] DEBUG Engine               - isMobile: false
23:11:40.004 [FXGL Background Thread 3 ] DEBUG Engine               - isNative: false
23:11:40.004 [FXGL Background Thread 3 ] DEBUG Engine               - isPauseMusicWhenMinimized: true
23:11:40.004 [FXGL Background Thread 3 ] DEBUG Engine               - isPreserveResizeRatio: false
23:11:40.004 [FXGL Background Thread 3 ] DEBUG Engine               - isProfilingEnabled: false
23:11:40.005 [FXGL Background Thread 3 ] DEBUG Engine               - isScaleAffectedOnResize: true
23:11:40.005 [FXGL Background Thread 3 ] DEBUG Engine               - isSingleStep: false
23:11:40.005 [FXGL Background Thread 3 ] DEBUG Engine               - isUserProfileEnabled: false
23:11:40.005 [FXGL Background Thread 3 ] DEBUG Engine               - isWindows: true
23:11:40.005 [FXGL Background Thread 3 ] DEBUG Engine               - language: ObjectProperty [value: ENGLISH]
23:11:40.006 [FXGL Background Thread 3 ] DEBUG Engine               - menuKey: ESCAPE
23:11:40.006 [FXGL Background Thread 3 ] DEBUG Engine               - mouseSensitivity: 0.2
23:11:40.006 [FXGL Background Thread 3 ] DEBUG Engine               - notificationViewClass: class com.almasb.fxgl.notification.view.XboxNotificationView
23:11:40.006 [FXGL Background Thread 3 ] DEBUG Engine               - pixelsPerMeter: 50.0
23:11:40.007 [FXGL Background Thread 3 ] DEBUG Engine               - platform: WINDOWS
23:11:40.007 [FXGL Background Thread 3 ] DEBUG Engine               - prefHeightProperty: ReadOnlyDoubleProperty [value: 672.0]
23:11:40.007 [FXGL Background Thread 3 ] DEBUG Engine               - prefWidthProperty: ReadOnlyDoubleProperty [value: 800.0]
23:11:40.007 [FXGL Background Thread 3 ] DEBUG Engine               - profileDir: profiles/
23:11:40.007 [FXGL Background Thread 3 ] DEBUG Engine               - profileName: StringProperty [value: DEFAULT]
23:11:40.007 [FXGL Background Thread 3 ] DEBUG Engine               - randomSeed: -1
23:11:40.007 [FXGL Background Thread 3 ] DEBUG Engine               - runtimeInfo: RuntimeInfo(platform=WINDOWS, version=17.1, build=24.03.2022 17.34)
23:11:40.008 [FXGL Background Thread 3 ] DEBUG Engine               - saveFileExt: sav
23:11:40.008 [FXGL Background Thread 3 ] DEBUG Engine               - scaledHeightProp$fxgl: DoubleProperty [bound, value: 672.0]
23:11:40.008 [FXGL Background Thread 3 ] DEBUG Engine               - scaledWidthProp$fxgl: DoubleProperty [bound, value: 800.0]
23:11:40.008 [FXGL Background Thread 3 ] DEBUG Engine               - sceneFactory: com.almasb.fxgl.app.scene.SceneFactory@71caad76
23:11:40.008 [FXGL Background Thread 3 ] DEBUG Engine               - secondsIn24h: 60
23:11:40.008 [FXGL Background Thread 3 ] DEBUG Engine               - soundMenuBack: menu/back.wav
23:11:40.008 [FXGL Background Thread 3 ] DEBUG Engine               - soundMenuPress: menu/press.wav
23:11:40.008 [FXGL Background Thread 3 ] DEBUG Engine               - soundMenuSelect: menu/select.wav
23:11:40.008 [FXGL Background Thread 3 ] DEBUG Engine               - soundNotification: core/notification.wav
23:11:40.008 [FXGL Background Thread 3 ] DEBUG Engine               - stageStyle: DECORATED
23:11:40.008 [FXGL Background Thread 3 ] DEBUG Engine               - supportedLanguages: [ENGLISH, FRENCH, GERMAN, HUNGARIAN, RUSSIAN]
23:11:40.008 [FXGL Background Thread 3 ] DEBUG Engine               - ticksPerSecond: -1
23:11:40.008 [FXGL Background Thread 3 ] DEBUG Engine               - title: Bomberman
23:11:40.008 [FXGL Background Thread 3 ] DEBUG Engine               - urlGithub: https://github.com/AlmasB/FXGL
23:11:40.008 [FXGL Background Thread 3 ] DEBUG Engine               - urlLeaderboard: http://fxgl-top.herokuapp.com/
23:11:40.008 [FXGL Background Thread 3 ] DEBUG Engine               - urlPOM: https://raw.githubusercontent.com/AlmasB/FXGL/release/README.md
23:11:40.009 [FXGL Background Thread 3 ] DEBUG Engine               - userAppClass: class mangobomb.bombermango.HelloApplication
23:11:40.009 [FXGL Background Thread 3 ] DEBUG Engine               - version: 0.0
23:11:40.009 [FXGL Background Thread 3 ] DEBUG Engine               - versionCheckDays: 7
23:11:40.009 [FXGL Background Thread 3 ] DEBUG Engine               - width: 800
23:11:40.009 [FXGL Background Thread 3 ] DEBUG Engine               - Logging services
23:11:40.009 [FXGL Background Thread 3 ] DEBUG Engine               - class com.almasb.fxgl.app.services.FXGLAssetLoaderService
23:11:40.009 [FXGL Background Thread 3 ] DEBUG Engine               - class com.almasb.fxgl.app.FXGLApplication$GameApplicationService
23:11:40.009 [FXGL Background Thread 3 ] DEBUG Engine               - class com.almasb.fxgl.app.services.FXGLDialogService
23:11:40.009 [FXGL Background Thread 3 ] DEBUG Engine               - class com.almasb.fxgl.app.services.IOTaskExecutorService
23:11:40.009 [FXGL Background Thread 3 ] DEBUG Engine               - class com.almasb.fxgl.io.FileSystemService
23:11:40.009 [FXGL Background Thread 3 ] DEBUG Engine               - class com.almasb.fxgl.localization.LocalizationService
23:11:40.009 [FXGL Background Thread 3 ] DEBUG Engine               - class com.almasb.fxgl.app.services.SystemBundleService
23:11:40.009 [FXGL Background Thread 3 ] DEBUG Engine               - class com.almasb.fxgl.profile.SaveLoadService
23:11:40.009 [FXGL Background Thread 3 ] DEBUG Engine               - class com.almasb.fxgl.ui.FXGLUIFactoryServiceProvider
23:11:40.009 [FXGL Background Thread 3 ] DEBUG Engine               - class com.almasb.fxgl.ui.FXGLDialogFactoryServiceProvider
23:11:40.009 [FXGL Background Thread 3 ] DEBUG Engine               - class com.almasb.fxgl.audio.AudioPlayer
23:11:40.009 [FXGL Background Thread 3 ] DEBUG Engine               - class com.almasb.fxgl.notification.impl.NotificationServiceProvider
23:11:40.009 [FXGL Background Thread 3 ] DEBUG Engine               - class com.almasb.fxgl.achievement.AchievementService
23:11:40.009 [FXGL Background Thread 3 ] DEBUG Engine               - class com.almasb.fxgl.cutscene.CutsceneService
23:11:40.010 [FXGL Background Thread 3 ] DEBUG Engine               - class com.almasb.fxgl.minigames.MiniGameService
23:11:40.010 [FXGL Background Thread 3 ] DEBUG Engine               - class com.almasb.fxgl.net.NetService
23:11:40.010 [FXGL Background Thread 3 ] DEBUG Engine               - class com.almasb.fxgl.app.services.UpdaterService
23:11:40.010 [FXGL Background Thread 3 ] DEBUG Engine               - class com.almasb.fxgl.dev.DevService
23:11:41.786 [JavaFX Application Thread] DEBUG FXGLAssetLoaderServi - Loading from file system: file:/D:/bombermango/target/classes/assets/textures/sprites/bomb.png
23:11:41.788 [JavaFX Application Thread] DEBUG FXGLAssetLoaderServi - Loading from file system: file:/D:/bombermango/target/classes/assets/textures/sprites/bomb_1.png
23:11:41.790 [JavaFX Application Thread] DEBUG FXGLAssetLoaderServi - Loading from file system: file:/D:/bombermango/target/classes/assets/textures/sprites/bomb_2.png
23:11:43.740 [JavaFX Application Thread] DEBUG FXGLAssetLoaderServi - Loading from file system: file:/D:/bombermango/target/classes/assets/textures/sprites/bomb_exploded.png
23:11:43.741 [JavaFX Application Thread] DEBUG FXGLAssetLoaderServi - Loading from file system: file:/D:/bombermango/target/classes/assets/textures/sprites/bomb_exploded1.png
23:11:43.742 [JavaFX Application Thread] DEBUG FXGLAssetLoaderServi - Loading from file system: file:/D:/bombermango/target/classes/assets/textures/sprites/bomb_exploded2.png
23:11:47.822 [JavaFX Application Thread] DEBUG FXGLApplication      - Exiting FXGL
23:11:47.822 [JavaFX Application Thread] DEBUG LoopRunner           - Stopping loop
23:11:47.822 [JavaFX Application Thread] DEBUG SystemBundleService  - Saving FXGL system data
23:11:47.824 [JavaFX Application Thread] DEBUG FileSystemAccess     - Writing to: D:\bombermango\system\fxgl.bundle
23:11:47.828 [JavaFX Application Thread] DEBUG Async                - Shutting down background threads
23:11:47.828 [JavaFX Application Thread] DEBUG PrimaryStageWindow   - Closing main window
23:11:47.839 [JavaFX Application Thread] DEBUG Logger               - Closing Logger
