16:37:03.716 [main                     ] DEBUG Logger               - Configured Logger
16:37:03.756 [main                     ] DEBUG GameApplication      - Logging settings
Title: Bomberman!
Version: 0.0
Width: 912
Height: 624
Fullscreen: false
Intro: false
Profiling: false
Single step:false
App Mode: DEVELOPER
Menu Key: ESCAPE
Stage Style: DECORATED
Scene Factory: class com.almasb.fxgl.app.scene.SceneFactory

16:37:04.454 [JavaFX Application Thread] DEBUG FXGLApplication      - Initializing FXGL
16:37:04.464 [JavaFX Application Thread] INFO  Engine               - FXGL-17.1 (24.03.2022 17.34) on WINDOWS (J:18.0.2.1 FX:18.0.1)
16:37:04.465 [JavaFX Application Thread] DEBUG Engine               - JRE Vendor Name: Oracle Corporation
16:37:04.465 [JavaFX Application Thread] DEBUG Engine               - Running on OS: Windows 10 version 10.0
16:37:04.466 [JavaFX Application Thread] DEBUG Engine               - Architecture: amd64
16:37:04.466 [JavaFX Application Thread] INFO  Engine               - Source code and latest versions at: https://github.com/AlmasB/FXGL
16:37:04.466 [JavaFX Application Thread] INFO  Engine               -       Ask questions and discuss at: https://github.com/AlmasB/FXGL/discussions
16:37:04.466 [JavaFX Application Thread] INFO  Engine               -              Join the FXGL chat at: https://gitter.im/AlmasB/FXGL
16:37:04.651 [JavaFX Application Thread] DEBUG PrimaryStageWindow   - Creating a JavaFX scene
16:37:04.724 [JavaFX Application Thread] DEBUG PrimaryStageWindow   - Target settings size: 912.0 x 624.0
16:37:04.725 [JavaFX Application Thread] DEBUG PrimaryStageWindow   - Scaled scene size:    912.0 x 624.0
16:37:04.725 [JavaFX Application Thread] DEBUG PrimaryStageWindow   - Scaled ratio: (1.0, 1.0)
16:37:04.727 [JavaFX Application Thread] DEBUG PrimaryStageWindow   - Set initial scene to FXGLStartupScene
16:37:04.740 [JavaFX Application Thread] DEBUG PrimaryStageWindow   - Opening main window
16:37:04.880 [JavaFX Application Thread] DEBUG PrimaryStageWindow   - Window border size: (14.66668701171875, 37.33331298828125)
16:37:04.881 [JavaFX Application Thread] DEBUG PrimaryStageWindow   - Scaled size: 912.0 x 624.0
16:37:04.881 [JavaFX Application Thread] DEBUG PrimaryStageWindow   - Scaled ratio: (1.0, 1.0)
16:37:04.882 [JavaFX Application Thread] DEBUG PrimaryStageWindow   - Scene size: 912.0 x 624.0
16:37:04.882 [JavaFX Application Thread] DEBUG PrimaryStageWindow   - Stage size: 926.6666870117188 x 661.3333129882812
16:37:04.942 [FXGL Background Thread 1 ] DEBUG Engine               - Initializing environment variables
16:37:05.040 [FXGL Background Thread 1 ] DEBUG FXGLAssetLoaderServi - User app class for loading assets: class mangobomb.bombermango.HelloApplication
16:37:05.041 [FXGL Background Thread 1 ] DEBUG GameApplicationServi - Applying CSS: fxgl_dark.css
16:37:05.043 [FXGL Background Thread 1 ] DEBUG FXGLAssetLoaderServi - Loading from file system: jar:file:/C:/Users/Admin/.m2/repository/com/github/almasb/fxgl/17.1/fxgl-17.1.jar!/fxglassets/ui/css/fxgl_dark.css
16:37:05.150 [FXGL Background Thread 1 ] DEBUG GameApplicationServi - Initializing application scenes
16:37:05.287 [FXGL Background Thread 1 ] DEBUG GameWorld            - Game world initialized
16:37:05.377 [FXGL Background Thread 1 ] DEBUG PhysicsWorld         - Physics world initialized: appHeight=624, physics.ppm=50.0
16:37:05.378 [FXGL Background Thread 1 ] DEBUG PhysicsWorld         - Using strategy: BRUTE_FORCE
16:37:05.384 [FXGL Background Thread 1 ] DEBUG GameScene            - Game scene initialized: 912x624
16:37:05.406 [FXGL Background Thread 1 ] DEBUG FXGL.DefaultMenu     - createMenuBodyGameMenu()
16:37:05.432 [FXGL Background Thread 1 ] DEBUG FXGL.DefaultMenu     - createOptionsMenu()
16:37:05.452 [FXGL Background Thread 1 ] DEBUG FXGLAssetLoaderServi - Loading from file system: jar:file:/C:/Users/Admin/.m2/repository/com/github/almasb/fxgl/17.1/fxgl-17.1.jar!/fxglassets/textures/particles/smoke.png
16:37:05.633 [FXGL Background Thread 1 ] DEBUG FXGLAssetLoaderServi - Loading from file system: jar:file:/C:/Users/Admin/.m2/repository/com/github/almasb/fxgl/17.1/fxgl-17.1.jar!/fxglassets/textures/particles/trace_horizontal.png
16:37:05.698 [FXGL Background Thread 1 ] DEBUG GameApplicationServi - Application scenes initialized
16:37:05.715 [FXGL Background Thread 1 ] DEBUG SystemBundleService  - Loading FXGL system data
16:37:05.723 [FXGL Background Thread 1 ] DEBUG FileSystemAccess     - Reading from: D:\bombermango\system\fxgl.bundle
16:37:05.736 [FXGL Background Thread 1 ] DEBUG SystemBundleService  - Bundle FXGL: {}
16:37:05.736 [FXGL Background Thread 1 ] DEBUG UpdaterService       - Checking for updates
16:37:05.744 [FXGL Background Thread 1 ] DEBUG FXGLApplication      - Loading default localization
16:37:05.745 [FXGL Background Thread 1 ] DEBUG FXGLAssetLoaderServi - Loading from file system: jar:file:/C:/Users/Admin/.m2/repository/com/github/almasb/fxgl/17.1/fxgl-17.1.jar!/fxglassets/languages/english.lang
16:37:05.770 [FXGL Background Thread 1 ] INFO  FXGLApplication      - FXGL initialization took: 0.829 sec
16:37:05.790 [FXGL Background Thread 4 ] DEBUG FXGLApplication      - Loading fonts
16:37:05.791 [JavaFX Application Thread] DEBUG Input                - Registered new binding: moveUp - W
16:37:05.791 [JavaFX Application Thread] DEBUG Input                - Registered new binding: moveRight - D
16:37:05.791 [JavaFX Application Thread] DEBUG Input                - Registered new binding: moveLeft - A
16:37:05.791 [JavaFX Application Thread] DEBUG Input                - Registered new binding: moveDown - S
16:37:05.791 [FXGL Background Thread 4 ] DEBUG FXGLAssetLoaderServi - Loading from file system: jar:file:/C:/Users/Admin/.m2/repository/com/github/almasb/fxgl/17.1/fxgl-17.1.jar!/fxglassets/ui/fonts/VarelaRound-Regular.ttf
16:37:05.791 [JavaFX Application Thread] DEBUG Input                - Registered new binding: implantBomb - F
16:37:05.792 [JavaFX Application Thread] DEBUG FXGLAssetLoaderServi - Loading from file system: jar:file:/C:/Users/Admin/.m2/repository/com/github/almasb/fxgl/17.1/fxgl-17.1.jar!/fxglassets/textures/fxgl_icon.png
16:37:05.840 [JavaFX Application Thread] DEBUG FXGLAssetLoaderServi - Loading from file system: jar:file:/C:/Users/Admin/.m2/repository/com/github/almasb/fxgl/17.1/fxgl-17.1.jar!/fxglassets/textures/fxgl_default_cursor.png
16:37:05.848 [JavaFX Application Thread] DEBUG Input                - Registered new binding: Screenshot - CTRL+8
16:37:05.849 [JavaFX Application Thread] DEBUG Input                - Registered new binding: System info dump - CTRL+9
16:37:05.850 [JavaFX Application Thread] DEBUG Input                - Registered new binding: Restart - CTRL+R
16:37:05.851 [JavaFX Application Thread] DEBUG Input                - Registered new binding: Toggle Debug Camera - CTRL+7
16:37:05.854 [JavaFX Application Thread] DEBUG LoopRunner           - Starting loop
16:37:05.854 [JavaFX Application Thread] DEBUG LoopRunner           - Initializing JavaFX AnimationTimerLoop
16:37:05.856 [JavaFX Application Thread] DEBUG GameApplicationServi - Starting new game
16:37:05.857 [JavaFX Application Thread] DEBUG Input                - Clearing active input actions
16:37:05.886 [JavaFX Application Thread] DEBUG GameApplicationServi - Removing overlay from FXGLStartupScene and adding to FXGLLoadingScene
16:37:05.887 [JavaFX Application Thread] DEBUG PrimaryStageWindow   - FXGLStartupScene -> FXGLLoadingScene
16:37:05.887 [JavaFX Application Thread] DEBUG GameApplicationServi - Clearing previous game
16:37:05.887 [JavaFX Application Thread] DEBUG GameScene            - Clearing game scene
16:37:05.887 [JavaFX Application Thread] DEBUG GameWorld            - Clearing game world
16:37:05.887 [JavaFX Application Thread] DEBUG PhysicsWorld         - Clearing physics world
16:37:05.892 [FXGL Background Thread 1 ] DEBUG FXGLApplication      - Initializing game
16:37:05.915 [FXGL Background Thread 1 ] DEBUG FXGLAssetLoaderServi - Loading from file system: file:/D:/bombermango/target/classes/assets/textures/sprites/wall.png
16:37:05.979 [FXGL Background Thread 1 ] DEBUG GameWorld            - Clearing removable entities
16:37:05.982 [FXGL Background Thread 1 ] DEBUG GameWorld            - Setting level: com.almasb.fxgl.entity.level.Level@4aee936d
16:37:05.992 [FXGL Background Thread 1 ] DEBUG FXGLAssetLoaderServi - Loading from file system: file:/D:/bombermango/target/classes/assets/textures/sprites/player_left.png
16:37:05.993 [FXGL Background Thread 1 ] DEBUG FXGLAssetLoaderServi - Loading from file system: file:/D:/bombermango/target/classes/assets/textures/sprites/player_left_1.png
16:37:05.994 [FXGL Background Thread 1 ] DEBUG FXGLAssetLoaderServi - Loading from file system: file:/D:/bombermango/target/classes/assets/textures/sprites/player_left_2.png
16:37:06.026 [FXGL Background Thread 1 ] WARN  GameWorld            - Entity is already attached to world
16:37:06.030 [FXGL Background Thread 1 ] INFO  FXGLApplication      - Game initialization took: 0.138 sec
16:37:06.123 [JavaFX Application Thread] DEBUG Input                - Clearing active input actions
16:37:06.158 [JavaFX Application Thread] DEBUG GameApplicationServi - Removing overlay from FXGLLoadingScene and adding to GameScene
16:37:06.159 [JavaFX Application Thread] DEBUG PrimaryStageWindow   - FXGLLoadingScene -> GameScene
16:37:06.182 [FXGL Background Thread 4 ] DEBUG FXGLAssetLoaderServi - Loading from file system: jar:file:/C:/Users/Admin/.m2/repository/com/github/almasb/fxgl/17.1/fxgl-17.1.jar!/fxglassets/ui/fonts/Abel-Regular.ttf
16:37:06.199 [FXGL Background Thread 4 ] DEBUG FXGLAssetLoaderServi - Loading from file system: jar:file:/C:/Users/Admin/.m2/repository/com/github/almasb/fxgl/17.1/fxgl-17.1.jar!/fxglassets/ui/fonts/TerminalLandMono-Regular.otf
16:37:06.204 [FXGL Background Thread 4 ] DEBUG FXGLAssetLoaderServi - Loading from file system: jar:file:/C:/Users/Admin/.m2/repository/com/github/almasb/fxgl/17.1/fxgl-17.1.jar!/fxglassets/ui/fonts/Courier-Prime.ttf
16:37:06.246 [JavaFX Application Thread] DEBUG FXGLApplication      - Registering font factories with UI factory
16:37:06.834 [FXGL Background Thread 2 ] INFO  UpdaterService       - Your current version:  17.1
16:37:06.835 [FXGL Background Thread 2 ] INFO  UpdaterService       - Latest stable version: 17.2
16:37:08.742 [FXGL Background Thread 3 ] DEBUG Engine               - Logging environment variables
16:37:08.742 [FXGL Background Thread 3 ] DEBUG Engine               - achievements: []
16:37:08.742 [FXGL Background Thread 3 ] DEBUG Engine               - actualHeight: 624.0
16:37:08.743 [FXGL Background Thread 3 ] DEBUG Engine               - actualHeightProperty: ReadOnlyDoubleProperty [value: 624.0]
16:37:08.743 [FXGL Background Thread 3 ] DEBUG Engine               - actualWidth: 912.0
16:37:08.743 [FXGL Background Thread 3 ] DEBUG Engine               - actualWidthProperty: ReadOnlyDoubleProperty [value: 912.0]
16:37:08.743 [FXGL Background Thread 3 ] DEBUG Engine               - appIcon: fxgl_icon.png
16:37:08.743 [FXGL Background Thread 3 ] DEBUG Engine               - applicationMode: DEVELOPER
16:37:08.743 [FXGL Background Thread 3 ] DEBUG Engine               - cSSList: [fxgl_dark.css]
16:37:08.743 [FXGL Background Thread 3 ] DEBUG Engine               - collisionDetectionStrategy: BRUTE_FORCE
16:37:08.743 [FXGL Background Thread 3 ] DEBUG Engine               - configClass: Optional.empty
16:37:08.743 [FXGL Background Thread 3 ] DEBUG Engine               - credits: []
16:37:08.743 [FXGL Background Thread 3 ] DEBUG Engine               - defaultCursor: CursorInfo(imageName=fxgl_default_cursor.png, hotspotX=7.0, hotspotY=6.0)
16:37:08.743 [FXGL Background Thread 3 ] DEBUG Engine               - devBBoxColorProperty: ObjectProperty [value: 0xff0000ff]
16:37:08.744 [FXGL Background Thread 3 ] DEBUG Engine               - devEnableDebugCameraProperty: BooleanProperty [value: false]
16:37:08.744 [FXGL Background Thread 3 ] DEBUG Engine               - devSensorColorProperty: ObjectProperty [value: 0xffff00ff]
16:37:08.744 [FXGL Background Thread 3 ] DEBUG Engine               - devShowBBoxProperty: BooleanProperty [value: false]
16:37:08.744 [FXGL Background Thread 3 ] DEBUG Engine               - devShowPositionProperty: BooleanProperty [value: false]
16:37:08.744 [FXGL Background Thread 3 ] DEBUG Engine               - enabledMenuItems: []
16:37:08.744 [FXGL Background Thread 3 ] DEBUG Engine               - engineServices: [class com.almasb.fxgl.app.services.FXGLAssetLoaderService, class com.almasb.fxgl.app.FXGLApplication$GameApplicationService, class com.almasb.fxgl.app.services.FXGLDialogService, class com.almasb.fxgl.app.services.IOTaskExecutorService, class com.almasb.fxgl.io.FileSystemService, class com.almasb.fxgl.localization.LocalizationService, class com.almasb.fxgl.app.services.SystemBundleService, class com.almasb.fxgl.profile.SaveLoadService, class com.almasb.fxgl.ui.FXGLUIFactoryServiceProvider, class com.almasb.fxgl.ui.FXGLDialogFactoryServiceProvider, class com.almasb.fxgl.audio.AudioPlayer, class com.almasb.fxgl.notification.impl.NotificationServiceProvider, class com.almasb.fxgl.achievement.AchievementService, class com.almasb.fxgl.cutscene.CutsceneService, class com.almasb.fxgl.minigames.MiniGameService, class com.almasb.fxgl.net.NetService, class com.almasb.fxgl.app.services.UpdaterService, class com.almasb.fxgl.dev.DevService]
16:37:08.744 [FXGL Background Thread 3 ] DEBUG Engine               - fontGame: Abel-Regular.ttf
16:37:08.744 [FXGL Background Thread 3 ] DEBUG Engine               - fontMono: TerminalLandMono-Regular.otf
16:37:08.744 [FXGL Background Thread 3 ] DEBUG Engine               - fontText: Courier-Prime.ttf
16:37:08.744 [FXGL Background Thread 3 ] DEBUG Engine               - fontUI: VarelaRound-Regular.ttf
16:37:08.744 [FXGL Background Thread 3 ] DEBUG Engine               - fullScreen: BooleanProperty [value: false]
16:37:08.744 [FXGL Background Thread 3 ] DEBUG Engine               - gameDifficulty: MEDIUM
16:37:08.744 [FXGL Background Thread 3 ] DEBUG Engine               - gameDifficultyProperty: ObjectProperty [value: MEDIUM]
16:37:08.744 [FXGL Background Thread 3 ] DEBUG Engine               - globalMusicVolume: 0.5
16:37:08.744 [FXGL Background Thread 3 ] DEBUG Engine               - globalMusicVolumeProperty: DoubleProperty [value: 0.5]
16:37:08.744 [FXGL Background Thread 3 ] DEBUG Engine               - globalSoundVolume: 0.5
16:37:08.744 [FXGL Background Thread 3 ] DEBUG Engine               - globalSoundVolumeProperty: DoubleProperty [value: 0.5]
16:37:08.744 [FXGL Background Thread 3 ] DEBUG Engine               - height: 624
16:37:08.745 [FXGL Background Thread 3 ] DEBUG Engine               - is3D: false
16:37:08.745 [FXGL Background Thread 3 ] DEBUG Engine               - isAndroid: false
16:37:08.745 [FXGL Background Thread 3 ] DEBUG Engine               - isBrowser: false
16:37:08.745 [FXGL Background Thread 3 ] DEBUG Engine               - isClickFeedbackEnabled: false
16:37:08.745 [FXGL Background Thread 3 ] DEBUG Engine               - isCloseConfirmation: false
16:37:08.745 [FXGL Background Thread 3 ] DEBUG Engine               - isDesktop: true
16:37:08.745 [FXGL Background Thread 3 ] DEBUG Engine               - isDeveloperMenuEnabled: false
16:37:08.745 [FXGL Background Thread 3 ] DEBUG Engine               - isEmbedded: false
16:37:08.745 [FXGL Background Thread 3 ] DEBUG Engine               - isEntityPreloadEnabled: true
16:37:08.745 [FXGL Background Thread 3 ] DEBUG Engine               - isExperimentalTiledLargeMap: false
16:37:08.745 [FXGL Background Thread 3 ] DEBUG Engine               - isFileSystemWriteAllowed: true
16:37:08.745 [FXGL Background Thread 3 ] DEBUG Engine               - isFullScreenAllowed: false
16:37:08.745 [FXGL Background Thread 3 ] DEBUG Engine               - isFullScreenFromStart: false
16:37:08.745 [FXGL Background Thread 3 ] DEBUG Engine               - isGameMenuEnabled: true
16:37:08.746 [FXGL Background Thread 3 ] DEBUG Engine               - isIOS: false
16:37:08.746 [FXGL Background Thread 3 ] DEBUG Engine               - isIntroEnabled: false
16:37:08.746 [FXGL Background Thread 3 ] DEBUG Engine               - isLinux: false
16:37:08.746 [FXGL Background Thread 3 ] DEBUG Engine               - isMac: false
16:37:08.746 [FXGL Background Thread 3 ] DEBUG Engine               - isMainMenuEnabled: false
16:37:08.746 [FXGL Background Thread 3 ] DEBUG Engine               - isManualResizeEnabled: false
16:37:08.746 [FXGL Background Thread 3 ] DEBUG Engine               - isMobile: false
16:37:08.746 [FXGL Background Thread 3 ] DEBUG Engine               - isNative: false
16:37:08.746 [FXGL Background Thread 3 ] DEBUG Engine               - isPauseMusicWhenMinimized: true
16:37:08.746 [FXGL Background Thread 3 ] DEBUG Engine               - isPreserveResizeRatio: false
16:37:08.746 [FXGL Background Thread 3 ] DEBUG Engine               - isProfilingEnabled: false
16:37:08.746 [FXGL Background Thread 3 ] DEBUG Engine               - isScaleAffectedOnResize: true
16:37:08.746 [FXGL Background Thread 3 ] DEBUG Engine               - isSingleStep: false
16:37:08.747 [FXGL Background Thread 3 ] DEBUG Engine               - isUserProfileEnabled: false
16:37:08.747 [FXGL Background Thread 3 ] DEBUG Engine               - isWindows: true
16:37:08.747 [FXGL Background Thread 3 ] DEBUG Engine               - language: ObjectProperty [value: ENGLISH]
16:37:08.747 [FXGL Background Thread 3 ] DEBUG Engine               - menuKey: ESCAPE
16:37:08.747 [FXGL Background Thread 3 ] DEBUG Engine               - mouseSensitivity: 0.2
16:37:08.747 [FXGL Background Thread 3 ] DEBUG Engine               - notificationViewClass: class com.almasb.fxgl.notification.view.XboxNotificationView
16:37:08.747 [FXGL Background Thread 3 ] DEBUG Engine               - pixelsPerMeter: 50.0
16:37:08.747 [FXGL Background Thread 3 ] DEBUG Engine               - platform: WINDOWS
16:37:08.748 [FXGL Background Thread 3 ] DEBUG Engine               - prefHeightProperty: ReadOnlyDoubleProperty [value: 624.0]
16:37:08.748 [FXGL Background Thread 3 ] DEBUG Engine               - prefWidthProperty: ReadOnlyDoubleProperty [value: 912.0]
16:37:08.748 [FXGL Background Thread 3 ] DEBUG Engine               - profileDir: profiles/
16:37:08.748 [FXGL Background Thread 3 ] DEBUG Engine               - profileName: StringProperty [value: DEFAULT]
16:37:08.748 [FXGL Background Thread 3 ] DEBUG Engine               - randomSeed: -1
16:37:08.749 [FXGL Background Thread 3 ] DEBUG Engine               - runtimeInfo: RuntimeInfo(platform=WINDOWS, version=17.1, build=24.03.2022 17.34)
16:37:08.749 [FXGL Background Thread 3 ] DEBUG Engine               - saveFileExt: sav
16:37:08.749 [FXGL Background Thread 3 ] DEBUG Engine               - scaledHeightProp$fxgl: DoubleProperty [bound, value: 624.0]
16:37:08.750 [FXGL Background Thread 3 ] DEBUG Engine               - scaledWidthProp$fxgl: DoubleProperty [bound, value: 912.0]
16:37:08.750 [FXGL Background Thread 3 ] DEBUG Engine               - sceneFactory: com.almasb.fxgl.app.scene.SceneFactory@62156ad6
16:37:08.750 [FXGL Background Thread 3 ] DEBUG Engine               - secondsIn24h: 60
16:37:08.751 [FXGL Background Thread 3 ] DEBUG Engine               - soundMenuBack: menu/back.wav
16:37:08.751 [FXGL Background Thread 3 ] DEBUG Engine               - soundMenuPress: menu/press.wav
16:37:08.751 [FXGL Background Thread 3 ] DEBUG Engine               - soundMenuSelect: menu/select.wav
16:37:08.751 [FXGL Background Thread 3 ] DEBUG Engine               - soundNotification: core/notification.wav
16:37:08.751 [FXGL Background Thread 3 ] DEBUG Engine               - stageStyle: DECORATED
16:37:08.751 [FXGL Background Thread 3 ] DEBUG Engine               - supportedLanguages: [ENGLISH, FRENCH, GERMAN, HUNGARIAN, RUSSIAN]
16:37:08.751 [FXGL Background Thread 3 ] DEBUG Engine               - ticksPerSecond: -1
16:37:08.751 [FXGL Background Thread 3 ] DEBUG Engine               - title: Bomberman!
16:37:08.751 [FXGL Background Thread 3 ] DEBUG Engine               - urlGithub: https://github.com/AlmasB/FXGL
16:37:08.751 [FXGL Background Thread 3 ] DEBUG Engine               - urlLeaderboard: http://fxgl-top.herokuapp.com/
16:37:08.751 [FXGL Background Thread 3 ] DEBUG Engine               - urlPOM: https://raw.githubusercontent.com/AlmasB/FXGL/release/README.md
16:37:08.751 [FXGL Background Thread 3 ] DEBUG Engine               - userAppClass: class mangobomb.bombermango.HelloApplication
16:37:08.751 [FXGL Background Thread 3 ] DEBUG Engine               - version: 0.0
16:37:08.752 [FXGL Background Thread 3 ] DEBUG Engine               - versionCheckDays: 7
16:37:08.752 [FXGL Background Thread 3 ] DEBUG Engine               - width: 912
16:37:08.752 [FXGL Background Thread 3 ] DEBUG Engine               - Logging services
16:37:08.752 [FXGL Background Thread 3 ] DEBUG Engine               - class com.almasb.fxgl.app.services.FXGLAssetLoaderService
16:37:08.752 [FXGL Background Thread 3 ] DEBUG Engine               - class com.almasb.fxgl.app.FXGLApplication$GameApplicationService
16:37:08.752 [FXGL Background Thread 3 ] DEBUG Engine               - class com.almasb.fxgl.app.services.FXGLDialogService
16:37:08.752 [FXGL Background Thread 3 ] DEBUG Engine               - class com.almasb.fxgl.app.services.IOTaskExecutorService
16:37:08.752 [FXGL Background Thread 3 ] DEBUG Engine               - class com.almasb.fxgl.io.FileSystemService
16:37:08.752 [FXGL Background Thread 3 ] DEBUG Engine               - class com.almasb.fxgl.localization.LocalizationService
16:37:08.752 [FXGL Background Thread 3 ] DEBUG Engine               - class com.almasb.fxgl.app.services.SystemBundleService
16:37:08.752 [FXGL Background Thread 3 ] DEBUG Engine               - class com.almasb.fxgl.profile.SaveLoadService
16:37:08.753 [FXGL Background Thread 3 ] DEBUG Engine               - class com.almasb.fxgl.ui.FXGLUIFactoryServiceProvider
16:37:08.753 [FXGL Background Thread 3 ] DEBUG Engine               - class com.almasb.fxgl.ui.FXGLDialogFactoryServiceProvider
16:37:08.753 [FXGL Background Thread 3 ] DEBUG Engine               - class com.almasb.fxgl.audio.AudioPlayer
16:37:08.753 [FXGL Background Thread 3 ] DEBUG Engine               - class com.almasb.fxgl.notification.impl.NotificationServiceProvider
16:37:08.753 [FXGL Background Thread 3 ] DEBUG Engine               - class com.almasb.fxgl.achievement.AchievementService
16:37:08.753 [FXGL Background Thread 3 ] DEBUG Engine               - class com.almasb.fxgl.cutscene.CutsceneService
16:37:08.753 [FXGL Background Thread 3 ] DEBUG Engine               - class com.almasb.fxgl.minigames.MiniGameService
16:37:08.753 [FXGL Background Thread 3 ] DEBUG Engine               - class com.almasb.fxgl.net.NetService
16:37:08.753 [FXGL Background Thread 3 ] DEBUG Engine               - class com.almasb.fxgl.app.services.UpdaterService
16:37:08.753 [FXGL Background Thread 3 ] DEBUG Engine               - class com.almasb.fxgl.dev.DevService
16:37:12.061 [JavaFX Application Thread] DEBUG FXGLApplication      - Exiting FXGL
16:37:12.061 [JavaFX Application Thread] DEBUG LoopRunner           - Stopping loop
16:37:12.061 [JavaFX Application Thread] DEBUG SystemBundleService  - Saving FXGL system data
16:37:12.062 [JavaFX Application Thread] DEBUG FileSystemAccess     - Writing to: D:\bombermango\system\fxgl.bundle
16:37:12.065 [JavaFX Application Thread] DEBUG Async                - Shutting down background threads
16:37:12.065 [JavaFX Application Thread] DEBUG PrimaryStageWindow   - Closing main window
16:37:12.090 [JavaFX Application Thread] DEBUG Logger               - Closing Logger
