12:10:33.424 [main                     ] DEBUG Logger               - Configured Logger
12:10:33.469 [main                     ] DEBUG GameApplication      - Logging settings
Title: Bomberman
Version: 0.0
Width: 800
Height: 600
Fullscreen: false
Intro: false
Profiling: false
Single step:false
App Mode: DEVELOPER
Menu Key: ESCAPE
Stage Style: DECORATED
Scene Factory: class com.almasb.fxgl.app.scene.SceneFactory

12:10:34.036 [JavaFX Application Thread] DEBUG FXGLApplication      - Initializing FXGL
12:10:34.047 [JavaFX Application Thread] INFO  Engine               - FXGL-17.1 (24.03.2022 17.34) on WINDOWS (J:18.0.2.1 FX:18.0.1)
12:10:34.047 [JavaFX Application Thread] DEBUG Engine               - JRE Vendor Name: Oracle Corporation
12:10:34.048 [JavaFX Application Thread] DEBUG Engine               - Running on OS: Windows 10 version 10.0
12:10:34.048 [JavaFX Application Thread] DEBUG Engine               - Architecture: amd64
12:10:34.048 [JavaFX Application Thread] INFO  Engine               - Source code and latest versions at: https://github.com/AlmasB/FXGL
12:10:34.049 [JavaFX Application Thread] INFO  Engine               -       Ask questions and discuss at: https://github.com/AlmasB/FXGL/discussions
12:10:34.049 [JavaFX Application Thread] INFO  Engine               -              Join the FXGL chat at: https://gitter.im/AlmasB/FXGL
12:10:34.238 [JavaFX Application Thread] DEBUG PrimaryStageWindow   - Creating a JavaFX scene
12:10:34.318 [JavaFX Application Thread] DEBUG PrimaryStageWindow   - Target settings size: 800.0 x 600.0
12:10:34.319 [JavaFX Application Thread] DEBUG PrimaryStageWindow   - Scaled scene size:    800.0 x 600.0
12:10:34.319 [JavaFX Application Thread] DEBUG PrimaryStageWindow   - Scaled ratio: (1.0, 1.0)
12:10:34.321 [JavaFX Application Thread] DEBUG PrimaryStageWindow   - Set initial scene to FXGLStartupScene
12:10:34.334 [JavaFX Application Thread] DEBUG PrimaryStageWindow   - Opening main window
12:10:34.479 [JavaFX Application Thread] DEBUG PrimaryStageWindow   - Window border size: (14.66668701171875, 37.33331298828125)
12:10:34.480 [JavaFX Application Thread] DEBUG PrimaryStageWindow   - Scaled size: 800.0 x 600.0
12:10:34.481 [JavaFX Application Thread] DEBUG PrimaryStageWindow   - Scaled ratio: (1.0, 1.0)
12:10:34.481 [JavaFX Application Thread] DEBUG PrimaryStageWindow   - Scene size: 800.0 x 600.0
12:10:34.482 [JavaFX Application Thread] DEBUG PrimaryStageWindow   - Stage size: 814.6666870117188 x 637.3333129882812
12:10:34.599 [FXGL Background Thread 1 ] DEBUG Engine               - Initializing environment variables
12:10:34.687 [FXGL Background Thread 1 ] DEBUG FXGLAssetLoaderServi - User app class for loading assets: class mangobomb.bombermango.HelloApplication
12:10:34.687 [FXGL Background Thread 1 ] DEBUG GameApplicationServi - Applying CSS: fxgl_dark.css
12:10:34.689 [FXGL Background Thread 1 ] DEBUG FXGLAssetLoaderServi - Loading from file system: jar:file:/C:/Users/Admin/.m2/repository/com/github/almasb/fxgl/17.1/fxgl-17.1.jar!/fxglassets/ui/css/fxgl_dark.css
12:10:34.783 [FXGL Background Thread 1 ] DEBUG GameApplicationServi - Initializing application scenes
12:10:34.946 [FXGL Background Thread 1 ] DEBUG GameWorld            - Game world initialized
12:10:35.038 [FXGL Background Thread 1 ] DEBUG PhysicsWorld         - Physics world initialized: appHeight=600, physics.ppm=50.0
12:10:35.038 [FXGL Background Thread 1 ] DEBUG PhysicsWorld         - Using strategy: BRUTE_FORCE
12:10:35.044 [FXGL Background Thread 1 ] DEBUG GameScene            - Game scene initialized: 800x600
12:10:35.069 [FXGL Background Thread 1 ] DEBUG FXGL.DefaultMenu     - createMenuBodyMainMenu()
12:10:35.101 [FXGL Background Thread 1 ] DEBUG FXGL.DefaultMenu     - createOptionsMenu()
12:10:35.144 [FXGL Background Thread 1 ] DEBUG FXGLAssetLoaderServi - Loading from file system: jar:file:/C:/Users/Admin/.m2/repository/com/github/almasb/fxgl/17.1/fxgl-17.1.jar!/fxglassets/textures/particles/smoke.png
12:10:35.333 [FXGL Background Thread 1 ] DEBUG FXGLAssetLoaderServi - Loading from file system: jar:file:/C:/Users/Admin/.m2/repository/com/github/almasb/fxgl/17.1/fxgl-17.1.jar!/fxglassets/textures/particles/trace_horizontal.png
12:10:35.438 [FXGL Background Thread 1 ] DEBUG FXGL.DefaultMenu     - createMenuBodyGameMenu()
12:10:35.440 [FXGL Background Thread 1 ] DEBUG FXGL.DefaultMenu     - createOptionsMenu()
12:10:35.463 [FXGL Background Thread 1 ] DEBUG GameApplicationServi - Application scenes initialized
12:10:35.483 [FXGL Background Thread 1 ] DEBUG SystemBundleService  - Loading FXGL system data
12:10:35.490 [FXGL Background Thread 1 ] DEBUG FileSystemAccess     - Reading from: D:\bombermango\system\fxgl.bundle
12:10:35.506 [FXGL Background Thread 1 ] DEBUG SystemBundleService  - Bundle FXGL: {}
12:10:35.506 [FXGL Background Thread 1 ] DEBUG UpdaterService       - Checking for updates
12:10:35.516 [FXGL Background Thread 1 ] DEBUG FXGLApplication      - Loading default localization
12:10:35.517 [FXGL Background Thread 1 ] DEBUG FXGLAssetLoaderServi - Loading from file system: jar:file:/C:/Users/Admin/.m2/repository/com/github/almasb/fxgl/17.1/fxgl-17.1.jar!/fxglassets/languages/english.lang
12:10:35.557 [FXGL Background Thread 1 ] INFO  FXGLApplication      - FXGL initialization took: 0.958 sec
12:10:35.578 [JavaFX Application Thread] DEBUG Input                - Registered new binding: moveUp - W
12:10:35.578 [JavaFX Application Thread] DEBUG Input                - Registered new binding: moveRight - D
12:10:35.578 [JavaFX Application Thread] DEBUG Input                - Registered new binding: moveLeft - A
12:10:35.578 [JavaFX Application Thread] DEBUG Input                - Registered new binding: moveDown - S
12:10:35.578 [JavaFX Application Thread] DEBUG Input                - Registered new binding: implantBomb - F
12:10:35.579 [JavaFX Application Thread] DEBUG FXGLAssetLoaderServi - Loading from file system: jar:file:/C:/Users/Admin/.m2/repository/com/github/almasb/fxgl/17.1/fxgl-17.1.jar!/fxglassets/textures/fxgl_icon.png
12:10:35.604 [FXGL Background Thread 4 ] DEBUG FXGLApplication      - Loading fonts
12:10:35.605 [FXGL Background Thread 4 ] DEBUG FXGLAssetLoaderServi - Loading from file system: jar:file:/C:/Users/Admin/.m2/repository/com/github/almasb/fxgl/17.1/fxgl-17.1.jar!/fxglassets/ui/fonts/VarelaRound-Regular.ttf
12:10:35.611 [JavaFX Application Thread] DEBUG FXGLAssetLoaderServi - Loading from file system: jar:file:/C:/Users/Admin/.m2/repository/com/github/almasb/fxgl/17.1/fxgl-17.1.jar!/fxglassets/textures/fxgl_default_cursor.png
12:10:35.619 [JavaFX Application Thread] DEBUG Input                - Registered new binding: Screenshot - CTRL+8
12:10:35.620 [JavaFX Application Thread] DEBUG Input                - Registered new binding: System info dump - CTRL+9
12:10:35.621 [JavaFX Application Thread] DEBUG Input                - Registered new binding: Restart - CTRL+R
12:10:35.623 [JavaFX Application Thread] DEBUG Input                - Registered new binding: Toggle Debug Camera - CTRL+7
12:10:35.628 [JavaFX Application Thread] DEBUG LoopRunner           - Starting loop
12:10:35.628 [JavaFX Application Thread] DEBUG LoopRunner           - Initializing JavaFX AnimationTimerLoop
12:10:35.634 [JavaFX Application Thread] DEBUG Input                - Clearing active input actions
12:10:35.645 [JavaFX Application Thread] DEBUG GameApplicationServi - Removing overlay from FXGLStartupScene and adding to FXGLMainMenuDummyScene
12:10:35.645 [JavaFX Application Thread] DEBUG PrimaryStageWindow   - FXGLStartupScene -> FXGLMainMenuDummyScene
12:10:35.646 [JavaFX Application Thread] DEBUG PrimaryStageWindow   - Push state: FXGLDefaultMenu
12:10:35.654 [JavaFX Application Thread] DEBUG Input                - Clearing active input actions
12:10:35.670 [JavaFX Application Thread] DEBUG GameApplicationServi - Removing overlay from FXGLMainMenuDummyScene and adding to FXGLDefaultMenu
12:10:35.674 [JavaFX Application Thread] DEBUG PrimaryStageWindow   - FXGLMainMenuDummyScene -> FXGLDefaultMenu
12:10:35.928 [FXGL Background Thread 4 ] DEBUG FXGLAssetLoaderServi - Loading from file system: jar:file:/C:/Users/Admin/.m2/repository/com/github/almasb/fxgl/17.1/fxgl-17.1.jar!/fxglassets/ui/fonts/Abel-Regular.ttf
12:10:35.944 [FXGL Background Thread 4 ] DEBUG FXGLAssetLoaderServi - Loading from file system: jar:file:/C:/Users/Admin/.m2/repository/com/github/almasb/fxgl/17.1/fxgl-17.1.jar!/fxglassets/ui/fonts/TerminalLandMono-Regular.otf
12:10:35.969 [FXGL Background Thread 4 ] DEBUG FXGLAssetLoaderServi - Loading from file system: jar:file:/C:/Users/Admin/.m2/repository/com/github/almasb/fxgl/17.1/fxgl-17.1.jar!/fxglassets/ui/fonts/Courier-Prime.ttf
12:10:36.100 [JavaFX Application Thread] DEBUG FXGLApplication      - Registering font factories with UI factory
12:10:36.620 [FXGL Background Thread 2 ] INFO  UpdaterService       - Your current version:  17.1
12:10:36.620 [FXGL Background Thread 2 ] INFO  UpdaterService       - Latest stable version: 17.2
12:10:37.182 [JavaFX Application Thread] DEBUG Menu                 - fireNewGame()
12:10:37.183 [JavaFX Application Thread] DEBUG GameApplicationServi - Starting new game
12:10:37.186 [JavaFX Application Thread] DEBUG PrimaryStageWindow   - Pop state: FXGLDefaultMenu
12:10:37.186 [JavaFX Application Thread] DEBUG Input                - Clearing active input actions
12:10:37.188 [JavaFX Application Thread] DEBUG GameApplicationServi - Removing overlay from FXGLDefaultMenu and adding to FXGLMainMenuDummyScene
12:10:37.190 [JavaFX Application Thread] DEBUG PrimaryStageWindow   - FXGLMainMenuDummyScene <- FXGLDefaultMenu
12:10:37.190 [JavaFX Application Thread] DEBUG Input                - Clearing active input actions
12:10:37.217 [JavaFX Application Thread] DEBUG GameApplicationServi - Removing overlay from FXGLMainMenuDummyScene and adding to FXGLLoadingScene
12:10:37.218 [JavaFX Application Thread] DEBUG PrimaryStageWindow   - FXGLMainMenuDummyScene -> FXGLLoadingScene
12:10:37.221 [JavaFX Application Thread] DEBUG GameApplicationServi - Clearing previous game
12:10:37.221 [JavaFX Application Thread] DEBUG GameScene            - Clearing game scene
12:10:37.221 [JavaFX Application Thread] DEBUG GameWorld            - Clearing game world
12:10:37.221 [JavaFX Application Thread] DEBUG PhysicsWorld         - Clearing physics world
12:10:37.223 [FXGL Background Thread 2 ] DEBUG FXGLApplication      - Initializing game
12:10:37.261 [FXGL Background Thread 2 ] DEBUG FXGLAssetLoaderServi - Loading from file system: file:/D:/bombermango/target/classes/assets/textures/sprites/wall.png
12:10:37.297 [FXGL Background Thread 2 ] DEBUG FXGLAssetLoaderServi - Loading from file system: file:/D:/bombermango/target/classes/assets/textures/sprites/brick.png
12:10:37.423 [FXGL Background Thread 2 ] DEBUG GameWorld            - Clearing removable entities
12:10:37.424 [FXGL Background Thread 2 ] DEBUG GameWorld            - Setting level: com.almasb.fxgl.entity.level.Level@133a8cfd
12:10:37.487 [FXGL Background Thread 2 ] DEBUG FXGLAssetLoaderServi - Loading from file system: file:/D:/bombermango/target/classes/assets/textures/sprites/portal.png
12:10:37.495 [FXGL Background Thread 2 ] DEBUG FXGLAssetLoaderServi - Loading from file system: file:/D:/bombermango/target/classes/assets/textures/sprites/player_down.png
12:10:37.499 [FXGL Background Thread 2 ] DEBUG FXGLAssetLoaderServi - Loading from file system: file:/D:/bombermango/target/classes/assets/textures/sprites/player_down_1.png
12:10:37.502 [FXGL Background Thread 2 ] DEBUG FXGLAssetLoaderServi - Loading from file system: file:/D:/bombermango/target/classes/assets/textures/sprites/player_down_2.png
12:10:37.520 [FXGL Background Thread 2 ] WARN  GameWorld            - Entity is already attached to world
12:10:37.521 [FXGL Background Thread 2 ] DEBUG FXGLAssetLoaderServi - Loading from file system: file:/D:/bombermango/target/classes/assets/textures/sprites/balloom_right1.png
12:10:37.523 [FXGL Background Thread 2 ] DEBUG FXGLAssetLoaderServi - Loading from file system: file:/D:/bombermango/target/classes/assets/textures/sprites/balloom_right2.png
12:10:37.524 [FXGL Background Thread 2 ] DEBUG FXGLAssetLoaderServi - Loading from file system: file:/D:/bombermango/target/classes/assets/textures/sprites/balloom_right3.png
12:10:37.541 [FXGL Background Thread 2 ] INFO  FXGLApplication      - Game initialization took: 0.317 sec
12:10:37.548 [JavaFX Application Thread] DEBUG Input                - Clearing active input actions
12:10:37.567 [JavaFX Application Thread] DEBUG GameApplicationServi - Removing overlay from FXGLLoadingScene and adding to GameScene
12:10:37.568 [JavaFX Application Thread] DEBUG PrimaryStageWindow   - FXGLLoadingScene -> GameScene
12:10:38.432 [JavaFX Application Thread] DEBUG FXGLAssetLoaderServi - Loading from file system: file:/D:/bombermango/target/classes/assets/textures/sprites/bomb.png
12:10:38.435 [JavaFX Application Thread] DEBUG FXGLAssetLoaderServi - Loading from file system: file:/D:/bombermango/target/classes/assets/textures/sprites/bomb_1.png
12:10:38.436 [JavaFX Application Thread] DEBUG FXGLAssetLoaderServi - Loading from file system: file:/D:/bombermango/target/classes/assets/textures/sprites/bomb_2.png
12:10:38.440 [JavaFX Application Thread] WARN  GameWorld            - Entity is already attached to world
12:10:38.538 [FXGL Background Thread 3 ] DEBUG Engine               - Logging environment variables
12:10:38.538 [FXGL Background Thread 3 ] DEBUG Engine               - achievements: []
12:10:38.539 [FXGL Background Thread 3 ] DEBUG Engine               - actualHeight: 600.0
12:10:38.539 [FXGL Background Thread 3 ] DEBUG Engine               - actualHeightProperty: ReadOnlyDoubleProperty [value: 600.0]
12:10:38.539 [FXGL Background Thread 3 ] DEBUG Engine               - actualWidth: 800.0
12:10:38.539 [FXGL Background Thread 3 ] DEBUG Engine               - actualWidthProperty: ReadOnlyDoubleProperty [value: 800.0]
12:10:38.539 [FXGL Background Thread 3 ] DEBUG Engine               - appIcon: fxgl_icon.png
12:10:38.539 [FXGL Background Thread 3 ] DEBUG Engine               - applicationMode: DEVELOPER
12:10:38.539 [FXGL Background Thread 3 ] DEBUG Engine               - cSSList: [fxgl_dark.css]
12:10:38.539 [FXGL Background Thread 3 ] DEBUG Engine               - collisionDetectionStrategy: BRUTE_FORCE
12:10:38.539 [FXGL Background Thread 3 ] DEBUG Engine               - configClass: Optional.empty
12:10:38.539 [FXGL Background Thread 3 ] DEBUG Engine               - credits: []
12:10:38.540 [FXGL Background Thread 3 ] DEBUG Engine               - defaultCursor: CursorInfo(imageName=fxgl_default_cursor.png, hotspotX=7.0, hotspotY=6.0)
12:10:38.540 [FXGL Background Thread 3 ] DEBUG Engine               - devBBoxColorProperty: ObjectProperty [value: 0xff0000ff]
12:10:38.540 [FXGL Background Thread 3 ] DEBUG Engine               - devEnableDebugCameraProperty: BooleanProperty [value: false]
12:10:38.540 [FXGL Background Thread 3 ] DEBUG Engine               - devSensorColorProperty: ObjectProperty [value: 0xffff00ff]
12:10:38.540 [FXGL Background Thread 3 ] DEBUG Engine               - devShowBBoxProperty: BooleanProperty [value: false]
12:10:38.540 [FXGL Background Thread 3 ] DEBUG Engine               - devShowPositionProperty: BooleanProperty [value: false]
12:10:38.540 [FXGL Background Thread 3 ] DEBUG Engine               - enabledMenuItems: []
12:10:38.541 [FXGL Background Thread 3 ] DEBUG Engine               - engineServices: [class com.almasb.fxgl.app.services.FXGLAssetLoaderService, class com.almasb.fxgl.app.FXGLApplication$GameApplicationService, class com.almasb.fxgl.app.services.FXGLDialogService, class com.almasb.fxgl.app.services.IOTaskExecutorService, class com.almasb.fxgl.io.FileSystemService, class com.almasb.fxgl.localization.LocalizationService, class com.almasb.fxgl.app.services.SystemBundleService, class com.almasb.fxgl.profile.SaveLoadService, class com.almasb.fxgl.ui.FXGLUIFactoryServiceProvider, class com.almasb.fxgl.ui.FXGLDialogFactoryServiceProvider, class com.almasb.fxgl.audio.AudioPlayer, class com.almasb.fxgl.notification.impl.NotificationServiceProvider, class com.almasb.fxgl.achievement.AchievementService, class com.almasb.fxgl.cutscene.CutsceneService, class com.almasb.fxgl.minigames.MiniGameService, class com.almasb.fxgl.net.NetService, class com.almasb.fxgl.app.services.UpdaterService, class com.almasb.fxgl.dev.DevService]
12:10:38.541 [FXGL Background Thread 3 ] DEBUG Engine               - fontGame: Abel-Regular.ttf
12:10:38.541 [FXGL Background Thread 3 ] DEBUG Engine               - fontMono: TerminalLandMono-Regular.otf
12:10:38.541 [FXGL Background Thread 3 ] DEBUG Engine               - fontText: Courier-Prime.ttf
12:10:38.541 [FXGL Background Thread 3 ] DEBUG Engine               - fontUI: VarelaRound-Regular.ttf
12:10:38.541 [FXGL Background Thread 3 ] DEBUG Engine               - fullScreen: BooleanProperty [value: false]
12:10:38.541 [FXGL Background Thread 3 ] DEBUG Engine               - gameDifficulty: MEDIUM
12:10:38.541 [FXGL Background Thread 3 ] DEBUG Engine               - gameDifficultyProperty: ObjectProperty [value: MEDIUM]
12:10:38.541 [FXGL Background Thread 3 ] DEBUG Engine               - globalMusicVolume: 0.5
12:10:38.541 [FXGL Background Thread 3 ] DEBUG Engine               - globalMusicVolumeProperty: DoubleProperty [value: 0.5]
12:10:38.541 [FXGL Background Thread 3 ] DEBUG Engine               - globalSoundVolume: 0.5
12:10:38.542 [FXGL Background Thread 3 ] DEBUG Engine               - globalSoundVolumeProperty: DoubleProperty [value: 0.5]
12:10:38.542 [FXGL Background Thread 3 ] DEBUG Engine               - height: 600
12:10:38.542 [FXGL Background Thread 3 ] DEBUG Engine               - is3D: false
12:10:38.542 [FXGL Background Thread 3 ] DEBUG Engine               - isAndroid: false
12:10:38.542 [FXGL Background Thread 3 ] DEBUG Engine               - isBrowser: false
12:10:38.542 [FXGL Background Thread 3 ] DEBUG Engine               - isClickFeedbackEnabled: false
12:10:38.542 [FXGL Background Thread 3 ] DEBUG Engine               - isCloseConfirmation: false
12:10:38.542 [FXGL Background Thread 3 ] DEBUG Engine               - isDesktop: true
12:10:38.542 [FXGL Background Thread 3 ] DEBUG Engine               - isDeveloperMenuEnabled: false
12:10:38.542 [FXGL Background Thread 3 ] DEBUG Engine               - isEmbedded: false
12:10:38.542 [FXGL Background Thread 3 ] DEBUG Engine               - isEntityPreloadEnabled: true
12:10:38.542 [FXGL Background Thread 3 ] DEBUG Engine               - isExperimentalTiledLargeMap: false
12:10:38.542 [FXGL Background Thread 3 ] DEBUG Engine               - isFileSystemWriteAllowed: true
12:10:38.542 [FXGL Background Thread 3 ] DEBUG Engine               - isFullScreenAllowed: false
12:10:38.542 [FXGL Background Thread 3 ] DEBUG Engine               - isFullScreenFromStart: false
12:10:38.543 [FXGL Background Thread 3 ] DEBUG Engine               - isGameMenuEnabled: true
12:10:38.543 [FXGL Background Thread 3 ] DEBUG Engine               - isIOS: false
12:10:38.543 [FXGL Background Thread 3 ] DEBUG Engine               - isIntroEnabled: false
12:10:38.543 [FXGL Background Thread 3 ] DEBUG Engine               - isLinux: false
12:10:38.543 [FXGL Background Thread 3 ] DEBUG Engine               - isMac: false
12:10:38.543 [FXGL Background Thread 3 ] DEBUG Engine               - isMainMenuEnabled: true
12:10:38.543 [FXGL Background Thread 3 ] DEBUG Engine               - isManualResizeEnabled: false
12:10:38.543 [FXGL Background Thread 3 ] DEBUG Engine               - isMobile: false
12:10:38.543 [FXGL Background Thread 3 ] DEBUG Engine               - isNative: false
12:10:38.543 [FXGL Background Thread 3 ] DEBUG Engine               - isPauseMusicWhenMinimized: true
12:10:38.546 [FXGL Background Thread 3 ] DEBUG Engine               - isPreserveResizeRatio: false
12:10:38.547 [FXGL Background Thread 3 ] DEBUG Engine               - isProfilingEnabled: false
12:10:38.547 [FXGL Background Thread 3 ] DEBUG Engine               - isScaleAffectedOnResize: true
12:10:38.547 [FXGL Background Thread 3 ] DEBUG Engine               - isSingleStep: false
12:10:38.547 [FXGL Background Thread 3 ] DEBUG Engine               - isUserProfileEnabled: false
12:10:38.547 [FXGL Background Thread 3 ] DEBUG Engine               - isWindows: true
12:10:38.548 [FXGL Background Thread 3 ] DEBUG Engine               - language: ObjectProperty [value: ENGLISH]
12:10:38.548 [FXGL Background Thread 3 ] DEBUG Engine               - menuKey: ESCAPE
12:10:38.548 [FXGL Background Thread 3 ] DEBUG Engine               - mouseSensitivity: 0.2
12:10:38.548 [FXGL Background Thread 3 ] DEBUG Engine               - notificationViewClass: class com.almasb.fxgl.notification.view.XboxNotificationView
12:10:38.548 [FXGL Background Thread 3 ] DEBUG Engine               - pixelsPerMeter: 50.0
12:10:38.548 [FXGL Background Thread 3 ] DEBUG Engine               - platform: WINDOWS
12:10:38.548 [FXGL Background Thread 3 ] DEBUG Engine               - prefHeightProperty: ReadOnlyDoubleProperty [value: 600.0]
12:10:38.548 [FXGL Background Thread 3 ] DEBUG Engine               - prefWidthProperty: ReadOnlyDoubleProperty [value: 800.0]
12:10:38.548 [FXGL Background Thread 3 ] DEBUG Engine               - profileDir: profiles/
12:10:38.548 [FXGL Background Thread 3 ] DEBUG Engine               - profileName: StringProperty [value: DEFAULT]
12:10:38.548 [FXGL Background Thread 3 ] DEBUG Engine               - randomSeed: -1
12:10:38.551 [FXGL Background Thread 3 ] DEBUG Engine               - runtimeInfo: RuntimeInfo(platform=WINDOWS, version=17.1, build=24.03.2022 17.34)
12:10:38.551 [FXGL Background Thread 3 ] DEBUG Engine               - saveFileExt: sav
12:10:38.551 [FXGL Background Thread 3 ] DEBUG Engine               - scaledHeightProp$fxgl: DoubleProperty [bound, value: 600.0]
12:10:38.552 [FXGL Background Thread 3 ] DEBUG Engine               - scaledWidthProp$fxgl: DoubleProperty [bound, value: 800.0]
12:10:38.552 [FXGL Background Thread 3 ] DEBUG Engine               - sceneFactory: com.almasb.fxgl.app.scene.SceneFactory@7e0be4ec
12:10:38.552 [FXGL Background Thread 3 ] DEBUG Engine               - secondsIn24h: 60
12:10:38.552 [FXGL Background Thread 3 ] DEBUG Engine               - soundMenuBack: menu/back.wav
12:10:38.552 [FXGL Background Thread 3 ] DEBUG Engine               - soundMenuPress: menu/press.wav
12:10:38.552 [FXGL Background Thread 3 ] DEBUG Engine               - soundMenuSelect: menu/select.wav
12:10:38.552 [FXGL Background Thread 3 ] DEBUG Engine               - soundNotification: core/notification.wav
12:10:38.552 [FXGL Background Thread 3 ] DEBUG Engine               - stageStyle: DECORATED
12:10:38.552 [FXGL Background Thread 3 ] DEBUG Engine               - supportedLanguages: [ENGLISH, FRENCH, GERMAN, HUNGARIAN, RUSSIAN]
12:10:38.552 [FXGL Background Thread 3 ] DEBUG Engine               - ticksPerSecond: -1
12:10:38.552 [FXGL Background Thread 3 ] DEBUG Engine               - title: Bomberman
12:10:38.552 [FXGL Background Thread 3 ] DEBUG Engine               - urlGithub: https://github.com/AlmasB/FXGL
12:10:38.552 [FXGL Background Thread 3 ] DEBUG Engine               - urlLeaderboard: http://fxgl-top.herokuapp.com/
12:10:38.552 [FXGL Background Thread 3 ] DEBUG Engine               - urlPOM: https://raw.githubusercontent.com/AlmasB/FXGL/release/README.md
12:10:38.552 [FXGL Background Thread 3 ] DEBUG Engine               - userAppClass: class mangobomb.bombermango.HelloApplication
12:10:38.553 [FXGL Background Thread 3 ] DEBUG Engine               - version: 0.0
12:10:38.553 [FXGL Background Thread 3 ] DEBUG Engine               - versionCheckDays: 7
12:10:38.553 [FXGL Background Thread 3 ] DEBUG Engine               - width: 800
12:10:38.553 [FXGL Background Thread 3 ] DEBUG Engine               - Logging services
12:10:38.553 [FXGL Background Thread 3 ] DEBUG Engine               - class com.almasb.fxgl.app.services.FXGLAssetLoaderService
12:10:38.553 [FXGL Background Thread 3 ] DEBUG Engine               - class com.almasb.fxgl.app.FXGLApplication$GameApplicationService
12:10:38.553 [FXGL Background Thread 3 ] DEBUG Engine               - class com.almasb.fxgl.app.services.FXGLDialogService
12:10:38.553 [FXGL Background Thread 3 ] DEBUG Engine               - class com.almasb.fxgl.app.services.IOTaskExecutorService
12:10:38.553 [FXGL Background Thread 3 ] DEBUG Engine               - class com.almasb.fxgl.io.FileSystemService
12:10:38.553 [FXGL Background Thread 3 ] DEBUG Engine               - class com.almasb.fxgl.localization.LocalizationService
12:10:38.553 [FXGL Background Thread 3 ] DEBUG Engine               - class com.almasb.fxgl.app.services.SystemBundleService
12:10:38.553 [FXGL Background Thread 3 ] DEBUG Engine               - class com.almasb.fxgl.profile.SaveLoadService
12:10:38.553 [FXGL Background Thread 3 ] DEBUG Engine               - class com.almasb.fxgl.ui.FXGLUIFactoryServiceProvider
12:10:38.553 [FXGL Background Thread 3 ] DEBUG Engine               - class com.almasb.fxgl.ui.FXGLDialogFactoryServiceProvider
12:10:38.553 [FXGL Background Thread 3 ] DEBUG Engine               - class com.almasb.fxgl.audio.AudioPlayer
12:10:38.553 [FXGL Background Thread 3 ] DEBUG Engine               - class com.almasb.fxgl.notification.impl.NotificationServiceProvider
12:10:38.554 [FXGL Background Thread 3 ] DEBUG Engine               - class com.almasb.fxgl.achievement.AchievementService
12:10:38.554 [FXGL Background Thread 3 ] DEBUG Engine               - class com.almasb.fxgl.cutscene.CutsceneService
12:10:38.554 [FXGL Background Thread 3 ] DEBUG Engine               - class com.almasb.fxgl.minigames.MiniGameService
12:10:38.554 [FXGL Background Thread 3 ] DEBUG Engine               - class com.almasb.fxgl.net.NetService
12:10:38.554 [FXGL Background Thread 3 ] DEBUG Engine               - class com.almasb.fxgl.app.services.UpdaterService
12:10:38.554 [FXGL Background Thread 3 ] DEBUG Engine               - class com.almasb.fxgl.dev.DevService
12:10:39.680 [JavaFX Application Thread] DEBUG FXGLAssetLoaderServi - Loading from file system: file:/D:/bombermango/target/classes/assets/textures/sprites/bomb_exploded.png
12:10:39.683 [JavaFX Application Thread] DEBUG FXGLAssetLoaderServi - Loading from file system: file:/D:/bombermango/target/classes/assets/textures/sprites/bomb_exploded1.png
12:10:39.685 [JavaFX Application Thread] DEBUG FXGLAssetLoaderServi - Loading from file system: file:/D:/bombermango/target/classes/assets/textures/sprites/bomb_exploded2.png
12:10:45.563 [JavaFX Application Thread] WARN  GameWorld            - Entity is already attached to world
12:10:49.512 [JavaFX Application Thread] DEBUG PrimaryStageWindow   - Push state: DialogSubScene
12:10:49.512 [JavaFX Application Thread] DEBUG Input                - Clearing active input actions
12:10:49.515 [JavaFX Application Thread] DEBUG GameApplicationServi - Removing overlay from GameScene and adding to DialogSubScene
12:10:49.515 [JavaFX Application Thread] DEBUG PrimaryStageWindow   - GameScene -> DialogSubScene
12:10:53.522 [JavaFX Application Thread] DEBUG PrimaryStageWindow   - Pop state: DialogSubScene
12:10:53.522 [JavaFX Application Thread] DEBUG Input                - Clearing active input actions
12:10:53.523 [JavaFX Application Thread] DEBUG GameApplicationServi - Removing overlay from DialogSubScene and adding to GameScene
12:10:53.523 [JavaFX Application Thread] DEBUG PrimaryStageWindow   - GameScene <- DialogSubScene
12:10:53.536 [JavaFX Application Thread] DEBUG PrimaryStageWindow   - Push state: DialogSubScene
12:10:53.537 [JavaFX Application Thread] DEBUG Input                - Clearing active input actions
12:10:53.537 [JavaFX Application Thread] DEBUG GameApplicationServi - Removing overlay from GameScene and adding to DialogSubScene
12:10:53.537 [JavaFX Application Thread] DEBUG PrimaryStageWindow   - GameScene -> DialogSubScene
12:10:54.488 [JavaFX Application Thread] DEBUG PrimaryStageWindow   - Pop state: DialogSubScene
12:10:54.488 [JavaFX Application Thread] DEBUG Input                - Clearing active input actions
12:10:54.489 [JavaFX Application Thread] DEBUG GameApplicationServi - Removing overlay from DialogSubScene and adding to GameScene
12:10:54.489 [JavaFX Application Thread] DEBUG PrimaryStageWindow   - GameScene <- DialogSubScene
12:10:54.496 [JavaFX Application Thread] DEBUG PrimaryStageWindow   - Push state: DialogSubScene
12:10:54.496 [JavaFX Application Thread] DEBUG Input                - Clearing active input actions
12:10:54.496 [JavaFX Application Thread] DEBUG GameApplicationServi - Removing overlay from GameScene and adding to DialogSubScene
12:10:54.496 [JavaFX Application Thread] DEBUG PrimaryStageWindow   - GameScene -> DialogSubScene
12:10:54.784 [JavaFX Application Thread] DEBUG PrimaryStageWindow   - Pop state: DialogSubScene
12:10:54.784 [JavaFX Application Thread] DEBUG Input                - Clearing active input actions
12:10:54.784 [JavaFX Application Thread] DEBUG GameApplicationServi - Removing overlay from DialogSubScene and adding to GameScene
12:10:54.785 [JavaFX Application Thread] DEBUG PrimaryStageWindow   - GameScene <- DialogSubScene
12:10:54.800 [JavaFX Application Thread] DEBUG PrimaryStageWindow   - Push state: DialogSubScene
12:10:54.800 [JavaFX Application Thread] DEBUG Input                - Clearing active input actions
12:10:54.801 [JavaFX Application Thread] DEBUG GameApplicationServi - Removing overlay from GameScene and adding to DialogSubScene
12:10:54.801 [JavaFX Application Thread] DEBUG PrimaryStageWindow   - GameScene -> DialogSubScene
12:10:56.094 [JavaFX Application Thread] DEBUG FXGLApplication      - Exiting FXGL
12:10:56.094 [JavaFX Application Thread] DEBUG LoopRunner           - Stopping loop
12:10:56.094 [JavaFX Application Thread] DEBUG SystemBundleService  - Saving FXGL system data
12:10:56.096 [JavaFX Application Thread] DEBUG FileSystemAccess     - Writing to: D:\bombermango\system\fxgl.bundle
12:10:56.098 [JavaFX Application Thread] DEBUG Async                - Shutting down background threads
12:10:56.099 [JavaFX Application Thread] DEBUG PrimaryStageWindow   - Closing main window
12:10:56.123 [JavaFX Application Thread] DEBUG Logger               - Closing Logger
