10:18:45.864 [main                     ] DEBUG Logger               - Configured Logger
10:18:45.923 [main                     ] DEBUG GameApplication      - Logging settings
Title: Bomberman
Version: 0.0
Width: 800
Height: 600
Fullscreen: false
Intro: false
Profiling: false
Single step:false
App Mode: DEVELOPER
Menu Key: ESCAPE
Stage Style: DECORATED
Scene Factory: class com.almasb.fxgl.app.scene.SceneFactory

10:18:46.483 [JavaFX Application Thread] DEBUG FXGLApplication      - Initializing FXGL
10:18:46.502 [JavaFX Application Thread] INFO  Engine               - FXGL-17.1 (24.03.2022 17.34) on WINDOWS (J:18.0.2.1 FX:18.0.1)
10:18:46.502 [JavaFX Application Thread] DEBUG Engine               - JRE Vendor Name: Oracle Corporation
10:18:46.508 [JavaFX Application Thread] DEBUG Engine               - Running on OS: Windows 10 version 10.0
10:18:46.508 [JavaFX Application Thread] DEBUG Engine               - Architecture: amd64
10:18:46.508 [JavaFX Application Thread] INFO  Engine               - Source code and latest versions at: https://github.com/AlmasB/FXGL
10:18:46.508 [JavaFX Application Thread] INFO  Engine               -       Ask questions and discuss at: https://github.com/AlmasB/FXGL/discussions
10:18:46.509 [JavaFX Application Thread] INFO  Engine               -              Join the FXGL chat at: https://gitter.im/AlmasB/FXGL
10:18:46.734 [JavaFX Application Thread] DEBUG PrimaryStageWindow   - Creating a JavaFX scene
10:18:46.816 [JavaFX Application Thread] DEBUG PrimaryStageWindow   - Target settings size: 800.0 x 600.0
10:18:46.816 [JavaFX Application Thread] DEBUG PrimaryStageWindow   - Scaled scene size:    800.0 x 600.0
10:18:46.817 [JavaFX Application Thread] DEBUG PrimaryStageWindow   - Scaled ratio: (1.0, 1.0)
10:18:46.818 [JavaFX Application Thread] DEBUG PrimaryStageWindow   - Set initial scene to FXGLStartupScene
10:18:46.831 [JavaFX Application Thread] DEBUG PrimaryStageWindow   - Opening main window
10:18:46.969 [JavaFX Application Thread] DEBUG PrimaryStageWindow   - Window border size: (14.66668701171875, 37.33331298828125)
10:18:46.970 [JavaFX Application Thread] DEBUG PrimaryStageWindow   - Scaled size: 800.0 x 600.0
10:18:46.971 [JavaFX Application Thread] DEBUG PrimaryStageWindow   - Scaled ratio: (1.0, 1.0)
10:18:46.971 [JavaFX Application Thread] DEBUG PrimaryStageWindow   - Scene size: 800.0 x 600.0
10:18:46.972 [JavaFX Application Thread] DEBUG PrimaryStageWindow   - Stage size: 814.6666870117188 x 637.3333129882812
10:18:46.985 [FXGL Background Thread 1 ] DEBUG Engine               - Initializing environment variables
10:18:47.095 [FXGL Background Thread 1 ] DEBUG FXGLAssetLoaderServi - User app class for loading assets: class mangobomb.bombermango.HelloApplication
10:18:47.095 [FXGL Background Thread 1 ] DEBUG GameApplicationServi - Applying CSS: fxgl_dark.css
10:18:47.096 [FXGL Background Thread 1 ] DEBUG FXGLAssetLoaderServi - Loading from file system: jar:file:/C:/Users/Admin/.m2/repository/com/github/almasb/fxgl/17.1/fxgl-17.1.jar!/fxglassets/ui/css/fxgl_dark.css
10:18:47.209 [FXGL Background Thread 1 ] DEBUG GameApplicationServi - Initializing application scenes
10:18:47.353 [FXGL Background Thread 1 ] DEBUG GameWorld            - Game world initialized
10:18:47.455 [FXGL Background Thread 1 ] DEBUG PhysicsWorld         - Physics world initialized: appHeight=600, physics.ppm=50.0
10:18:47.456 [FXGL Background Thread 1 ] DEBUG PhysicsWorld         - Using strategy: BRUTE_FORCE
10:18:47.464 [FXGL Background Thread 1 ] DEBUG GameScene            - Game scene initialized: 800x600
10:18:47.486 [FXGL Background Thread 1 ] DEBUG FXGL.DefaultMenu     - createMenuBodyMainMenu()
10:18:47.518 [FXGL Background Thread 1 ] DEBUG FXGL.DefaultMenu     - createOptionsMenu()
10:18:47.538 [FXGL Background Thread 1 ] DEBUG FXGLAssetLoaderServi - Loading from file system: jar:file:/C:/Users/Admin/.m2/repository/com/github/almasb/fxgl/17.1/fxgl-17.1.jar!/fxglassets/textures/particles/smoke.png
10:18:47.734 [FXGL Background Thread 1 ] DEBUG FXGLAssetLoaderServi - Loading from file system: jar:file:/C:/Users/Admin/.m2/repository/com/github/almasb/fxgl/17.1/fxgl-17.1.jar!/fxglassets/textures/particles/trace_horizontal.png
10:18:47.793 [FXGL Background Thread 1 ] DEBUG FXGL.DefaultMenu     - createMenuBodyGameMenu()
10:18:47.794 [FXGL Background Thread 1 ] DEBUG FXGL.DefaultMenu     - createOptionsMenu()
10:18:47.817 [FXGL Background Thread 1 ] DEBUG GameApplicationServi - Application scenes initialized
10:18:47.836 [FXGL Background Thread 1 ] DEBUG SystemBundleService  - Loading FXGL system data
10:18:47.844 [FXGL Background Thread 1 ] DEBUG FileSystemAccess     - Reading from: D:\bombermango\system\fxgl.bundle
10:18:47.860 [FXGL Background Thread 1 ] DEBUG SystemBundleService  - Bundle FXGL: {}
10:18:47.861 [FXGL Background Thread 1 ] DEBUG UpdaterService       - Checking for updates
10:18:47.871 [FXGL Background Thread 1 ] DEBUG FXGLApplication      - Loading default localization
10:18:47.873 [FXGL Background Thread 1 ] DEBUG FXGLAssetLoaderServi - Loading from file system: jar:file:/C:/Users/Admin/.m2/repository/com/github/almasb/fxgl/17.1/fxgl-17.1.jar!/fxglassets/languages/english.lang
10:18:47.885 [FXGL Background Thread 4 ] DEBUG FXGLApplication      - Loading fonts
10:18:47.886 [FXGL Background Thread 4 ] DEBUG FXGLAssetLoaderServi - Loading from file system: jar:file:/C:/Users/Admin/.m2/repository/com/github/almasb/fxgl/17.1/fxgl-17.1.jar!/fxglassets/ui/fonts/VarelaRound-Regular.ttf
10:18:47.904 [FXGL Background Thread 1 ] INFO  FXGLApplication      - FXGL initialization took: 0.919 sec
10:18:47.933 [JavaFX Application Thread] DEBUG Input                - Registered new binding: moveUp - W
10:18:47.933 [JavaFX Application Thread] DEBUG Input                - Registered new binding: moveRight - D
10:18:47.933 [JavaFX Application Thread] DEBUG Input                - Registered new binding: moveLeft - A
10:18:47.934 [JavaFX Application Thread] DEBUG Input                - Registered new binding: moveDown - S
10:18:47.934 [JavaFX Application Thread] DEBUG Input                - Registered new binding: implantBomb - F
10:18:47.934 [JavaFX Application Thread] DEBUG Input                - Registered new binding: PlayMusic - M
10:18:47.934 [JavaFX Application Thread] DEBUG FXGLAssetLoaderServi - Loading from file system: jar:file:/C:/Users/Admin/.m2/repository/com/github/almasb/fxgl/17.1/fxgl-17.1.jar!/fxglassets/textures/fxgl_icon.png
10:18:47.988 [JavaFX Application Thread] DEBUG FXGLAssetLoaderServi - Loading from file system: jar:file:/C:/Users/Admin/.m2/repository/com/github/almasb/fxgl/17.1/fxgl-17.1.jar!/fxglassets/textures/fxgl_default_cursor.png
10:18:47.992 [JavaFX Application Thread] DEBUG Input                - Registered new binding: Screenshot - CTRL+8
10:18:47.993 [JavaFX Application Thread] DEBUG Input                - Registered new binding: System info dump - CTRL+9
10:18:47.993 [JavaFX Application Thread] DEBUG Input                - Registered new binding: Restart - CTRL+R
10:18:47.995 [JavaFX Application Thread] DEBUG Input                - Registered new binding: Toggle Debug Camera - CTRL+7
10:18:48.000 [JavaFX Application Thread] DEBUG LoopRunner           - Starting loop
10:18:48.000 [JavaFX Application Thread] DEBUG LoopRunner           - Initializing JavaFX AnimationTimerLoop
10:18:48.005 [JavaFX Application Thread] DEBUG Input                - Clearing active input actions
10:18:48.023 [JavaFX Application Thread] DEBUG GameApplicationServi - Removing overlay from FXGLStartupScene and adding to FXGLMainMenuDummyScene
10:18:48.024 [JavaFX Application Thread] DEBUG PrimaryStageWindow   - FXGLStartupScene -> FXGLMainMenuDummyScene
10:18:48.024 [JavaFX Application Thread] DEBUG PrimaryStageWindow   - Push state: FXGLDefaultMenu
10:18:48.032 [JavaFX Application Thread] DEBUG Input                - Clearing active input actions
10:18:48.048 [JavaFX Application Thread] DEBUG GameApplicationServi - Removing overlay from FXGLMainMenuDummyScene and adding to FXGLDefaultMenu
10:18:48.049 [JavaFX Application Thread] DEBUG PrimaryStageWindow   - FXGLMainMenuDummyScene -> FXGLDefaultMenu
10:18:48.285 [FXGL Background Thread 4 ] DEBUG FXGLAssetLoaderServi - Loading from file system: jar:file:/C:/Users/Admin/.m2/repository/com/github/almasb/fxgl/17.1/fxgl-17.1.jar!/fxglassets/ui/fonts/Abel-Regular.ttf
10:18:48.290 [FXGL Background Thread 4 ] DEBUG FXGLAssetLoaderServi - Loading from file system: jar:file:/C:/Users/Admin/.m2/repository/com/github/almasb/fxgl/17.1/fxgl-17.1.jar!/fxglassets/ui/fonts/TerminalLandMono-Regular.otf
10:18:48.314 [FXGL Background Thread 4 ] DEBUG FXGLAssetLoaderServi - Loading from file system: jar:file:/C:/Users/Admin/.m2/repository/com/github/almasb/fxgl/17.1/fxgl-17.1.jar!/fxglassets/ui/fonts/Courier-Prime.ttf
10:18:48.445 [JavaFX Application Thread] DEBUG FXGLApplication      - Registering font factories with UI factory
10:18:48.886 [FXGL Background Thread 2 ] INFO  UpdaterService       - Your current version:  17.1
10:18:48.886 [FXGL Background Thread 2 ] INFO  UpdaterService       - Latest stable version: 17.2
10:18:49.257 [JavaFX Application Thread] DEBUG Menu                 - fireNewGame()
10:18:49.257 [JavaFX Application Thread] DEBUG GameApplicationServi - Starting new game
10:18:49.260 [JavaFX Application Thread] DEBUG PrimaryStageWindow   - Pop state: FXGLDefaultMenu
10:18:49.260 [JavaFX Application Thread] DEBUG Input                - Clearing active input actions
10:18:49.261 [JavaFX Application Thread] DEBUG GameApplicationServi - Removing overlay from FXGLDefaultMenu and adding to FXGLMainMenuDummyScene
10:18:49.262 [JavaFX Application Thread] DEBUG PrimaryStageWindow   - FXGLMainMenuDummyScene <- FXGLDefaultMenu
10:18:49.262 [JavaFX Application Thread] DEBUG Input                - Clearing active input actions
10:18:49.272 [JavaFX Application Thread] DEBUG GameApplicationServi - Removing overlay from FXGLMainMenuDummyScene and adding to FXGLLoadingScene
10:18:49.273 [JavaFX Application Thread] DEBUG PrimaryStageWindow   - FXGLMainMenuDummyScene -> FXGLLoadingScene
10:18:49.273 [JavaFX Application Thread] DEBUG GameApplicationServi - Clearing previous game
10:18:49.273 [JavaFX Application Thread] DEBUG GameScene            - Clearing game scene
10:18:49.273 [JavaFX Application Thread] DEBUG GameWorld            - Clearing game world
10:18:49.273 [JavaFX Application Thread] DEBUG PhysicsWorld         - Clearing physics world
10:18:49.276 [FXGL Background Thread 2 ] DEBUG FXGLApplication      - Initializing game
10:18:49.315 [FXGL Background Thread 2 ] DEBUG FXGLAssetLoaderServi - Loading from file system: file:/D:/bombermango/target/classes/assets/textures/sprites/wall.png
10:18:49.352 [FXGL Background Thread 2 ] DEBUG FXGLAssetLoaderServi - Loading from file system: file:/D:/bombermango/target/classes/assets/textures/sprites/brick.png
10:18:49.459 [FXGL Background Thread 2 ] DEBUG GameWorld            - Clearing removable entities
10:18:49.460 [FXGL Background Thread 2 ] DEBUG GameWorld            - Setting level: com.almasb.fxgl.entity.level.Level@155eafe5
10:18:49.544 [FXGL Background Thread 2 ] WARN  FXGLAssetLoaderServi - Asset "/assets/music/gameaudio.wav" was not found!
10:18:49.544 [FXGL Background Thread 2 ] WARN  FXGLAssetLoaderServi - Failed to load MUSIC
10:18:49.550 [FXGL Background Thread 2 ] DEBUG FXGLAssetLoaderServi - Loading from file system: file:/D:/bombermango/target/classes/assets/textures/sprites/player_right.png
10:18:49.552 [FXGL Background Thread 2 ] DEBUG FXGLAssetLoaderServi - Loading from file system: file:/D:/bombermango/target/classes/assets/textures/sprites/player_right_1.png
10:18:49.557 [FXGL Background Thread 2 ] WARN  FXGLAssetLoaderServi - Asset "/assets/textures/sprites/player_right_2.png" was not found!
10:18:49.558 [FXGL Background Thread 2 ] WARN  FXGLAssetLoaderServi - Failed to load RESIZABLE_IMAGE
10:18:49.586 [FXGL Background Thread 2 ] DEBUG FXGLAssetLoaderServi - Loading from file system: file:/D:/bombermango/target/classes/assets/textures/sprites/player_down.png
10:18:49.588 [FXGL Background Thread 2 ] DEBUG FXGLAssetLoaderServi - Loading from file system: file:/D:/bombermango/target/classes/assets/textures/sprites/player_down_1.png
10:18:49.590 [FXGL Background Thread 2 ] DEBUG FXGLAssetLoaderServi - Loading from file system: file:/D:/bombermango/target/classes/assets/textures/sprites/player_down_2.png
10:18:49.593 [FXGL Background Thread 2 ] DEBUG FXGLAssetLoaderServi - Loading from file system: file:/D:/bombermango/target/classes/assets/textures/sprites/player_left.png
10:18:49.595 [FXGL Background Thread 2 ] DEBUG FXGLAssetLoaderServi - Loading from file system: file:/D:/bombermango/target/classes/assets/textures/sprites/player_left_1.png
10:18:49.597 [FXGL Background Thread 2 ] DEBUG FXGLAssetLoaderServi - Loading from file system: file:/D:/bombermango/target/classes/assets/textures/sprites/player_left_2.png
10:18:49.603 [FXGL Background Thread 2 ] DEBUG FXGLAssetLoaderServi - Loading from file system: file:/D:/bombermango/target/classes/assets/textures/sprites/portal.png
10:18:49.609 [FXGL Background Thread 2 ] DEBUG FXGLAssetLoaderServi - Loading from file system: file:/D:/bombermango/target/classes/assets/textures/sprites/balloom_right1.png
10:18:49.610 [FXGL Background Thread 2 ] DEBUG FXGLAssetLoaderServi - Loading from file system: file:/D:/bombermango/target/classes/assets/textures/sprites/balloom_right2.png
10:18:49.612 [FXGL Background Thread 2 ] DEBUG FXGLAssetLoaderServi - Loading from file system: file:/D:/bombermango/target/classes/assets/textures/sprites/balloom_right3.png
10:18:49.625 [FXGL Background Thread 2 ] INFO  FXGLApplication      - Game initialization took: 0.349 sec
10:18:49.626 [JavaFX Application Thread] DEBUG Input                - Clearing active input actions
10:18:49.641 [JavaFX Application Thread] DEBUG GameApplicationServi - Removing overlay from FXGLLoadingScene and adding to GameScene
10:18:49.648 [JavaFX Application Thread] DEBUG PrimaryStageWindow   - FXGLLoadingScene -> GameScene
10:18:50.866 [FXGL Background Thread 3 ] DEBUG Engine               - Logging environment variables
10:18:50.867 [FXGL Background Thread 3 ] DEBUG Engine               - achievements: []
10:18:50.867 [FXGL Background Thread 3 ] DEBUG Engine               - actualHeight: 600.0
10:18:50.868 [FXGL Background Thread 3 ] DEBUG Engine               - actualHeightProperty: ReadOnlyDoubleProperty [value: 600.0]
10:18:50.868 [FXGL Background Thread 3 ] DEBUG Engine               - actualWidth: 800.0
10:18:50.869 [FXGL Background Thread 3 ] DEBUG Engine               - actualWidthProperty: ReadOnlyDoubleProperty [value: 800.0]
10:18:50.869 [FXGL Background Thread 3 ] DEBUG Engine               - appIcon: fxgl_icon.png
10:18:50.869 [FXGL Background Thread 3 ] DEBUG Engine               - applicationMode: DEVELOPER
10:18:50.869 [FXGL Background Thread 3 ] DEBUG Engine               - cSSList: [fxgl_dark.css]
10:18:50.870 [FXGL Background Thread 3 ] DEBUG Engine               - collisionDetectionStrategy: BRUTE_FORCE
10:18:50.870 [FXGL Background Thread 3 ] DEBUG Engine               - configClass: Optional.empty
10:18:50.870 [FXGL Background Thread 3 ] DEBUG Engine               - credits: []
10:18:50.873 [FXGL Background Thread 3 ] DEBUG Engine               - defaultCursor: CursorInfo(imageName=fxgl_default_cursor.png, hotspotX=7.0, hotspotY=6.0)
10:18:50.876 [FXGL Background Thread 3 ] DEBUG Engine               - devBBoxColorProperty: ObjectProperty [value: 0xff0000ff]
10:18:50.876 [FXGL Background Thread 3 ] DEBUG Engine               - devEnableDebugCameraProperty: BooleanProperty [value: false]
10:18:50.877 [FXGL Background Thread 3 ] DEBUG Engine               - devSensorColorProperty: ObjectProperty [value: 0xffff00ff]
10:18:50.877 [FXGL Background Thread 3 ] DEBUG Engine               - devShowBBoxProperty: BooleanProperty [value: false]
10:18:50.878 [FXGL Background Thread 3 ] DEBUG Engine               - devShowPositionProperty: BooleanProperty [value: false]
10:18:50.878 [FXGL Background Thread 3 ] DEBUG Engine               - enabledMenuItems: []
10:18:50.878 [FXGL Background Thread 3 ] DEBUG Engine               - engineServices: [class com.almasb.fxgl.app.services.FXGLAssetLoaderService, class com.almasb.fxgl.app.FXGLApplication$GameApplicationService, class com.almasb.fxgl.app.services.FXGLDialogService, class com.almasb.fxgl.app.services.IOTaskExecutorService, class com.almasb.fxgl.io.FileSystemService, class com.almasb.fxgl.localization.LocalizationService, class com.almasb.fxgl.app.services.SystemBundleService, class com.almasb.fxgl.profile.SaveLoadService, class com.almasb.fxgl.ui.FXGLUIFactoryServiceProvider, class com.almasb.fxgl.ui.FXGLDialogFactoryServiceProvider, class com.almasb.fxgl.audio.AudioPlayer, class com.almasb.fxgl.notification.impl.NotificationServiceProvider, class com.almasb.fxgl.achievement.AchievementService, class com.almasb.fxgl.cutscene.CutsceneService, class com.almasb.fxgl.minigames.MiniGameService, class com.almasb.fxgl.net.NetService, class com.almasb.fxgl.app.services.UpdaterService, class com.almasb.fxgl.dev.DevService]
10:18:50.878 [FXGL Background Thread 3 ] DEBUG Engine               - fontGame: Abel-Regular.ttf
10:18:50.878 [FXGL Background Thread 3 ] DEBUG Engine               - fontMono: TerminalLandMono-Regular.otf
10:18:50.879 [FXGL Background Thread 3 ] DEBUG Engine               - fontText: Courier-Prime.ttf
10:18:50.879 [FXGL Background Thread 3 ] DEBUG Engine               - fontUI: VarelaRound-Regular.ttf
10:18:50.879 [FXGL Background Thread 3 ] DEBUG Engine               - fullScreen: BooleanProperty [value: false]
10:18:50.879 [FXGL Background Thread 3 ] DEBUG Engine               - gameDifficulty: MEDIUM
10:18:50.880 [FXGL Background Thread 3 ] DEBUG Engine               - gameDifficultyProperty: ObjectProperty [value: MEDIUM]
10:18:50.880 [FXGL Background Thread 3 ] DEBUG Engine               - globalMusicVolume: 0.5
10:18:50.881 [FXGL Background Thread 3 ] DEBUG Engine               - globalMusicVolumeProperty: DoubleProperty [value: 0.5]
10:18:50.881 [FXGL Background Thread 3 ] DEBUG Engine               - globalSoundVolume: 0.5
10:18:50.881 [FXGL Background Thread 3 ] DEBUG Engine               - globalSoundVolumeProperty: DoubleProperty [value: 0.5]
10:18:50.881 [FXGL Background Thread 3 ] DEBUG Engine               - height: 600
10:18:50.882 [FXGL Background Thread 3 ] DEBUG Engine               - is3D: false
10:18:50.882 [FXGL Background Thread 3 ] DEBUG Engine               - isAndroid: false
10:18:50.882 [FXGL Background Thread 3 ] DEBUG Engine               - isBrowser: false
10:18:50.882 [FXGL Background Thread 3 ] DEBUG Engine               - isClickFeedbackEnabled: false
10:18:50.882 [FXGL Background Thread 3 ] DEBUG Engine               - isCloseConfirmation: false
10:18:50.883 [FXGL Background Thread 3 ] DEBUG Engine               - isDesktop: true
10:18:50.883 [FXGL Background Thread 3 ] DEBUG Engine               - isDeveloperMenuEnabled: false
10:18:50.883 [FXGL Background Thread 3 ] DEBUG Engine               - isEmbedded: false
10:18:50.883 [FXGL Background Thread 3 ] DEBUG Engine               - isEntityPreloadEnabled: true
10:18:50.883 [FXGL Background Thread 3 ] DEBUG Engine               - isExperimentalTiledLargeMap: false
10:18:50.884 [FXGL Background Thread 3 ] DEBUG Engine               - isFileSystemWriteAllowed: true
10:18:50.884 [FXGL Background Thread 3 ] DEBUG Engine               - isFullScreenAllowed: false
10:18:50.884 [FXGL Background Thread 3 ] DEBUG Engine               - isFullScreenFromStart: false
10:18:50.884 [FXGL Background Thread 3 ] DEBUG Engine               - isGameMenuEnabled: true
10:18:50.884 [FXGL Background Thread 3 ] DEBUG Engine               - isIOS: false
10:18:50.884 [FXGL Background Thread 3 ] DEBUG Engine               - isIntroEnabled: false
10:18:50.884 [FXGL Background Thread 3 ] DEBUG Engine               - isLinux: false
10:18:50.884 [FXGL Background Thread 3 ] DEBUG Engine               - isMac: false
10:18:50.884 [FXGL Background Thread 3 ] DEBUG Engine               - isMainMenuEnabled: true
10:18:50.885 [FXGL Background Thread 3 ] DEBUG Engine               - isManualResizeEnabled: false
10:18:50.885 [FXGL Background Thread 3 ] DEBUG Engine               - isMobile: false
10:18:50.885 [FXGL Background Thread 3 ] DEBUG Engine               - isNative: false
10:18:50.885 [FXGL Background Thread 3 ] DEBUG Engine               - isPauseMusicWhenMinimized: true
10:18:50.885 [FXGL Background Thread 3 ] DEBUG Engine               - isPreserveResizeRatio: false
10:18:50.886 [FXGL Background Thread 3 ] DEBUG Engine               - isProfilingEnabled: false
10:18:50.886 [FXGL Background Thread 3 ] DEBUG Engine               - isScaleAffectedOnResize: true
10:18:50.886 [FXGL Background Thread 3 ] DEBUG Engine               - isSingleStep: false
10:18:50.887 [FXGL Background Thread 3 ] DEBUG Engine               - isUserProfileEnabled: false
10:18:50.888 [FXGL Background Thread 3 ] DEBUG Engine               - isWindows: true
10:18:50.889 [FXGL Background Thread 3 ] DEBUG Engine               - language: ObjectProperty [value: ENGLISH]
10:18:50.889 [FXGL Background Thread 3 ] DEBUG Engine               - menuKey: ESCAPE
10:18:50.890 [FXGL Background Thread 3 ] DEBUG Engine               - mouseSensitivity: 0.2
10:18:50.890 [FXGL Background Thread 3 ] DEBUG Engine               - notificationViewClass: class com.almasb.fxgl.notification.view.XboxNotificationView
10:18:50.890 [FXGL Background Thread 3 ] DEBUG Engine               - pixelsPerMeter: 50.0
10:18:50.891 [FXGL Background Thread 3 ] DEBUG Engine               - platform: WINDOWS
10:18:50.891 [FXGL Background Thread 3 ] DEBUG Engine               - prefHeightProperty: ReadOnlyDoubleProperty [value: 600.0]
10:18:50.891 [FXGL Background Thread 3 ] DEBUG Engine               - prefWidthProperty: ReadOnlyDoubleProperty [value: 800.0]
10:18:50.891 [FXGL Background Thread 3 ] DEBUG Engine               - profileDir: profiles/
10:18:50.892 [FXGL Background Thread 3 ] DEBUG Engine               - profileName: StringProperty [value: DEFAULT]
10:18:50.892 [FXGL Background Thread 3 ] DEBUG Engine               - randomSeed: -1
10:18:50.893 [FXGL Background Thread 3 ] DEBUG Engine               - runtimeInfo: RuntimeInfo(platform=WINDOWS, version=17.1, build=24.03.2022 17.34)
10:18:50.893 [FXGL Background Thread 3 ] DEBUG Engine               - saveFileExt: sav
10:18:50.893 [FXGL Background Thread 3 ] DEBUG Engine               - scaledHeightProp$fxgl: DoubleProperty [bound, value: 600.0]
10:18:50.894 [FXGL Background Thread 3 ] DEBUG Engine               - scaledWidthProp$fxgl: DoubleProperty [bound, value: 800.0]
10:18:50.894 [FXGL Background Thread 3 ] DEBUG Engine               - sceneFactory: com.almasb.fxgl.app.scene.SceneFactory@6ae23862
10:18:50.894 [FXGL Background Thread 3 ] DEBUG Engine               - secondsIn24h: 60
10:18:50.895 [FXGL Background Thread 3 ] DEBUG Engine               - soundMenuBack: menu/back.wav
10:18:50.895 [FXGL Background Thread 3 ] DEBUG Engine               - soundMenuPress: menu/press.wav
10:18:50.895 [FXGL Background Thread 3 ] DEBUG Engine               - soundMenuSelect: menu/select.wav
10:18:50.895 [FXGL Background Thread 3 ] DEBUG Engine               - soundNotification: core/notification.wav
10:18:50.895 [FXGL Background Thread 3 ] DEBUG Engine               - stageStyle: DECORATED
10:18:50.895 [FXGL Background Thread 3 ] DEBUG Engine               - supportedLanguages: [ENGLISH, FRENCH, GERMAN, HUNGARIAN, RUSSIAN]
10:18:50.896 [FXGL Background Thread 3 ] DEBUG Engine               - ticksPerSecond: -1
10:18:50.896 [FXGL Background Thread 3 ] DEBUG Engine               - title: Bomberman
10:18:50.896 [FXGL Background Thread 3 ] DEBUG Engine               - urlGithub: https://github.com/AlmasB/FXGL
10:18:50.896 [FXGL Background Thread 3 ] DEBUG Engine               - urlLeaderboard: http://fxgl-top.herokuapp.com/
10:18:50.896 [FXGL Background Thread 3 ] DEBUG Engine               - urlPOM: https://raw.githubusercontent.com/AlmasB/FXGL/release/README.md
10:18:50.896 [FXGL Background Thread 3 ] DEBUG Engine               - userAppClass: class mangobomb.bombermango.HelloApplication
10:18:50.896 [FXGL Background Thread 3 ] DEBUG Engine               - version: 0.0
10:18:50.897 [FXGL Background Thread 3 ] DEBUG Engine               - versionCheckDays: 7
10:18:50.897 [FXGL Background Thread 3 ] DEBUG Engine               - width: 800
10:18:50.897 [FXGL Background Thread 3 ] DEBUG Engine               - Logging services
10:18:50.898 [FXGL Background Thread 3 ] DEBUG Engine               - class com.almasb.fxgl.app.services.FXGLAssetLoaderService
10:18:50.898 [FXGL Background Thread 3 ] DEBUG Engine               - class com.almasb.fxgl.app.FXGLApplication$GameApplicationService
10:18:50.898 [FXGL Background Thread 3 ] DEBUG Engine               - class com.almasb.fxgl.app.services.FXGLDialogService
10:18:50.898 [FXGL Background Thread 3 ] DEBUG Engine               - class com.almasb.fxgl.app.services.IOTaskExecutorService
10:18:50.898 [FXGL Background Thread 3 ] DEBUG Engine               - class com.almasb.fxgl.io.FileSystemService
10:18:50.898 [FXGL Background Thread 3 ] DEBUG Engine               - class com.almasb.fxgl.localization.LocalizationService
10:18:50.898 [FXGL Background Thread 3 ] DEBUG Engine               - class com.almasb.fxgl.app.services.SystemBundleService
10:18:50.898 [FXGL Background Thread 3 ] DEBUG Engine               - class com.almasb.fxgl.profile.SaveLoadService
10:18:50.898 [FXGL Background Thread 3 ] DEBUG Engine               - class com.almasb.fxgl.ui.FXGLUIFactoryServiceProvider
10:18:50.898 [FXGL Background Thread 3 ] DEBUG Engine               - class com.almasb.fxgl.ui.FXGLDialogFactoryServiceProvider
10:18:50.898 [FXGL Background Thread 3 ] DEBUG Engine               - class com.almasb.fxgl.audio.AudioPlayer
10:18:50.898 [FXGL Background Thread 3 ] DEBUG Engine               - class com.almasb.fxgl.notification.impl.NotificationServiceProvider
10:18:50.899 [FXGL Background Thread 3 ] DEBUG Engine               - class com.almasb.fxgl.achievement.AchievementService
10:18:50.899 [FXGL Background Thread 3 ] DEBUG Engine               - class com.almasb.fxgl.cutscene.CutsceneService
10:18:50.899 [FXGL Background Thread 3 ] DEBUG Engine               - class com.almasb.fxgl.minigames.MiniGameService
10:18:50.899 [FXGL Background Thread 3 ] DEBUG Engine               - class com.almasb.fxgl.net.NetService
10:18:50.899 [FXGL Background Thread 3 ] DEBUG Engine               - class com.almasb.fxgl.app.services.UpdaterService
10:18:50.899 [FXGL Background Thread 3 ] DEBUG Engine               - class com.almasb.fxgl.dev.DevService
10:18:52.474 [JavaFX Application Thread] DEBUG FXGLAssetLoaderServi - Loading from file system: file:/D:/bombermango/target/classes/assets/textures/sprites/bomb.png
10:18:52.478 [JavaFX Application Thread] DEBUG FXGLAssetLoaderServi - Loading from file system: file:/D:/bombermango/target/classes/assets/textures/sprites/bomb_1.png
10:18:52.481 [JavaFX Application Thread] DEBUG FXGLAssetLoaderServi - Loading from file system: file:/D:/bombermango/target/classes/assets/textures/sprites/bomb_2.png
10:18:52.492 [JavaFX Application Thread] WARN  GameWorld            - Entity is already attached to world
10:18:54.492 [JavaFX Application Thread] DEBUG FXGLAssetLoaderServi - Loading from file system: file:/D:/bombermango/target/classes/assets/textures/sprites/bomb_exploded.png
10:18:54.494 [JavaFX Application Thread] DEBUG FXGLAssetLoaderServi - Loading from file system: file:/D:/bombermango/target/classes/assets/textures/sprites/bomb_exploded1.png
10:18:54.496 [JavaFX Application Thread] DEBUG FXGLAssetLoaderServi - Loading from file system: file:/D:/bombermango/target/classes/assets/textures/sprites/bomb_exploded2.png
10:18:55.835 [JavaFX Application Thread] WARN  GameWorld            - Entity is already attached to world
10:19:09.455 [JavaFX Application Thread] DEBUG GameWorld            - Clearing removable entities
10:19:09.488 [JavaFX Application Thread] DEBUG GameWorld            - Setting level: com.almasb.fxgl.entity.level.Level@460fe710
10:19:09.532 [JavaFX Application Thread] WARN  FXGLAssetLoaderServi - Asset "/assets/music/gameaudio.wav" was not found!
10:19:09.532 [JavaFX Application Thread] WARN  FXGLAssetLoaderServi - Failed to load MUSIC
10:19:09.534 [JavaFX Application Thread] WARN  FXGLAssetLoaderServi - Asset "/assets/textures/sprites/player_right_2.png" was not found!
10:19:09.534 [JavaFX Application Thread] WARN  FXGLAssetLoaderServi - Failed to load RESIZABLE_IMAGE
10:19:10.348 [JavaFX Application Thread] WARN  GameWorld            - Entity is already attached to world
10:19:14.948 [JavaFX Application Thread] WARN  GameWorld            - Entity is already attached to world
10:19:18.227 [JavaFX Application Thread] WARN  GameWorld            - Entity is already attached to world
10:19:28.587 [JavaFX Application Thread] DEBUG GameWorld            - Clearing removable entities
10:19:28.597 [JavaFX Application Thread] DEBUG GameWorld            - Setting level: com.almasb.fxgl.entity.level.Level@1e0b5ad4
10:19:28.609 [JavaFX Application Thread] WARN  FXGLAssetLoaderServi - Asset "/assets/music/gameaudio.wav" was not found!
10:19:28.609 [JavaFX Application Thread] WARN  FXGLAssetLoaderServi - Failed to load MUSIC
10:19:28.610 [JavaFX Application Thread] WARN  FXGLAssetLoaderServi - Asset "/assets/textures/sprites/player_right_2.png" was not found!
10:19:28.610 [JavaFX Application Thread] WARN  FXGLAssetLoaderServi - Failed to load RESIZABLE_IMAGE
10:19:31.322 [JavaFX Application Thread] WARN  GameWorld            - Entity is already attached to world
10:19:33.832 [JavaFX Application Thread] WARN  GameWorld            - Entity is already attached to world
10:19:39.053 [JavaFX Application Thread] WARN  GameWorld            - Entity is already attached to world
10:19:42.068 [JavaFX Application Thread] DEBUG PrimaryStageWindow   - Push state: DialogSubScene
10:19:42.069 [JavaFX Application Thread] DEBUG Input                - Clearing active input actions
10:19:42.071 [JavaFX Application Thread] DEBUG GameApplicationServi - Removing overlay from GameScene and adding to DialogSubScene
10:19:42.072 [JavaFX Application Thread] DEBUG PrimaryStageWindow   - GameScene -> DialogSubScene
10:19:43.651 [JavaFX Application Thread] DEBUG PrimaryStageWindow   - Pop state: DialogSubScene
10:19:43.651 [JavaFX Application Thread] DEBUG Input                - Clearing active input actions
10:19:43.651 [JavaFX Application Thread] DEBUG GameApplicationServi - Removing overlay from DialogSubScene and adding to GameScene
10:19:43.651 [JavaFX Application Thread] DEBUG PrimaryStageWindow   - GameScene <- DialogSubScene
10:19:43.652 [JavaFX Application Thread] DEBUG Input                - Clearing active input actions
10:19:43.659 [JavaFX Application Thread] DEBUG GameApplicationServi - Removing overlay from GameScene and adding to FXGLMainMenuDummyScene
10:19:43.659 [JavaFX Application Thread] DEBUG PrimaryStageWindow   - GameScene -> FXGLMainMenuDummyScene
10:19:43.659 [JavaFX Application Thread] DEBUG PrimaryStageWindow   - Push state: FXGLDefaultMenu
10:19:43.659 [JavaFX Application Thread] DEBUG Input                - Clearing active input actions
10:19:43.661 [JavaFX Application Thread] DEBUG GameApplicationServi - Removing overlay from FXGLMainMenuDummyScene and adding to FXGLDefaultMenu
10:19:43.662 [JavaFX Application Thread] DEBUG PrimaryStageWindow   - FXGLMainMenuDummyScene -> FXGLDefaultMenu
10:19:45.565 [JavaFX Application Thread] DEBUG FXGLApplication      - Exiting FXGL
10:19:45.565 [JavaFX Application Thread] DEBUG LoopRunner           - Stopping loop
10:19:45.565 [JavaFX Application Thread] DEBUG SystemBundleService  - Saving FXGL system data
10:19:45.567 [JavaFX Application Thread] DEBUG FileSystemAccess     - Writing to: D:\bombermango\system\fxgl.bundle
10:19:45.570 [JavaFX Application Thread] DEBUG Async                - Shutting down background threads
10:19:45.570 [JavaFX Application Thread] DEBUG PrimaryStageWindow   - Closing main window
10:19:45.601 [JavaFX Application Thread] DEBUG Logger               - Closing Logger
