12:06:01.664 [main                     ] DEBUG Logger               - Configured Logger
12:06:01.708 [main                     ] DEBUG GameApplication      - Logging settings
Title: Bomberman
Version: 0.0
Width: 800
Height: 600
Fullscreen: false
Intro: false
Profiling: false
Single step:false
App Mode: DEVELOPER
Menu Key: ESCAPE
Stage Style: DECORATED
Scene Factory: class com.almasb.fxgl.app.scene.SceneFactory

12:06:02.236 [JavaFX Application Thread] DEBUG FXGLApplication      - Initializing FXGL
12:06:02.246 [JavaFX Application Thread] INFO  Engine               - FXGL-17.1 (24.03.2022 17.34) on WINDOWS (J:18.0.2.1 FX:18.0.1)
12:06:02.246 [JavaFX Application Thread] DEBUG Engine               - JRE Vendor Name: Oracle Corporation
12:06:02.247 [JavaFX Application Thread] DEBUG Engine               - Running on OS: Windows 10 version 10.0
12:06:02.247 [JavaFX Application Thread] DEBUG Engine               - Architecture: amd64
12:06:02.247 [JavaFX Application Thread] INFO  Engine               - Source code and latest versions at: https://github.com/AlmasB/FXGL
12:06:02.247 [JavaFX Application Thread] INFO  Engine               -       Ask questions and discuss at: https://github.com/AlmasB/FXGL/discussions
12:06:02.248 [JavaFX Application Thread] INFO  Engine               -              Join the FXGL chat at: https://gitter.im/AlmasB/FXGL
12:06:02.448 [JavaFX Application Thread] DEBUG PrimaryStageWindow   - Creating a JavaFX scene
12:06:02.527 [JavaFX Application Thread] DEBUG PrimaryStageWindow   - Target settings size: 800.0 x 600.0
12:06:02.527 [JavaFX Application Thread] DEBUG PrimaryStageWindow   - Scaled scene size:    800.0 x 600.0
12:06:02.528 [JavaFX Application Thread] DEBUG PrimaryStageWindow   - Scaled ratio: (1.0, 1.0)
12:06:02.529 [JavaFX Application Thread] DEBUG PrimaryStageWindow   - Set initial scene to FXGLStartupScene
12:06:02.542 [JavaFX Application Thread] DEBUG PrimaryStageWindow   - Opening main window
12:06:02.671 [JavaFX Application Thread] DEBUG PrimaryStageWindow   - Window border size: (14.66668701171875, 37.33331298828125)
12:06:02.673 [JavaFX Application Thread] DEBUG PrimaryStageWindow   - Scaled size: 800.0 x 600.0
12:06:02.674 [JavaFX Application Thread] DEBUG PrimaryStageWindow   - Scaled ratio: (1.0, 1.0)
12:06:02.675 [JavaFX Application Thread] DEBUG PrimaryStageWindow   - Scene size: 800.0 x 600.0
12:06:02.675 [JavaFX Application Thread] DEBUG PrimaryStageWindow   - Stage size: 814.6666870117188 x 637.3333129882812
12:06:02.689 [FXGL Background Thread 1 ] DEBUG Engine               - Initializing environment variables
12:06:02.785 [FXGL Background Thread 1 ] DEBUG FXGLAssetLoaderServi - User app class for loading assets: class mangobomb.bombermango.HelloApplication
12:06:02.785 [FXGL Background Thread 1 ] DEBUG GameApplicationServi - Applying CSS: fxgl_dark.css
12:06:02.786 [FXGL Background Thread 1 ] DEBUG FXGLAssetLoaderServi - Loading from file system: jar:file:/C:/Users/Admin/.m2/repository/com/github/almasb/fxgl/17.1/fxgl-17.1.jar!/fxglassets/ui/css/fxgl_dark.css
12:06:02.877 [FXGL Background Thread 1 ] DEBUG GameApplicationServi - Initializing application scenes
12:06:02.997 [FXGL Background Thread 1 ] DEBUG GameWorld            - Game world initialized
12:06:03.093 [FXGL Background Thread 1 ] DEBUG PhysicsWorld         - Physics world initialized: appHeight=600, physics.ppm=50.0
12:06:03.093 [FXGL Background Thread 1 ] DEBUG PhysicsWorld         - Using strategy: BRUTE_FORCE
12:06:03.100 [FXGL Background Thread 1 ] DEBUG GameScene            - Game scene initialized: 800x600
12:06:03.124 [FXGL Background Thread 1 ] DEBUG FXGL.DefaultMenu     - createMenuBodyMainMenu()
12:06:03.153 [FXGL Background Thread 1 ] DEBUG FXGL.DefaultMenu     - createOptionsMenu()
12:06:03.173 [FXGL Background Thread 1 ] DEBUG FXGLAssetLoaderServi - Loading from file system: jar:file:/C:/Users/Admin/.m2/repository/com/github/almasb/fxgl/17.1/fxgl-17.1.jar!/fxglassets/textures/particles/smoke.png
12:06:03.330 [FXGL Background Thread 1 ] DEBUG FXGLAssetLoaderServi - Loading from file system: jar:file:/C:/Users/Admin/.m2/repository/com/github/almasb/fxgl/17.1/fxgl-17.1.jar!/fxglassets/textures/particles/trace_horizontal.png
12:06:03.391 [FXGL Background Thread 1 ] DEBUG FXGL.DefaultMenu     - createMenuBodyGameMenu()
12:06:03.392 [FXGL Background Thread 1 ] DEBUG FXGL.DefaultMenu     - createOptionsMenu()
12:06:03.414 [FXGL Background Thread 1 ] DEBUG GameApplicationServi - Application scenes initialized
12:06:03.435 [FXGL Background Thread 1 ] DEBUG SystemBundleService  - Loading FXGL system data
12:06:03.443 [FXGL Background Thread 1 ] DEBUG FileSystemAccess     - Reading from: D:\bombermango\system\fxgl.bundle
12:06:03.456 [FXGL Background Thread 1 ] DEBUG SystemBundleService  - Bundle FXGL: {}
12:06:03.456 [FXGL Background Thread 1 ] DEBUG UpdaterService       - Checking for updates
12:06:03.463 [FXGL Background Thread 1 ] DEBUG FXGLApplication      - Loading default localization
12:06:03.464 [FXGL Background Thread 1 ] DEBUG FXGLAssetLoaderServi - Loading from file system: jar:file:/C:/Users/Admin/.m2/repository/com/github/almasb/fxgl/17.1/fxgl-17.1.jar!/fxglassets/languages/english.lang
12:06:03.492 [FXGL Background Thread 4 ] DEBUG FXGLApplication      - Loading fonts
12:06:03.494 [FXGL Background Thread 4 ] DEBUG FXGLAssetLoaderServi - Loading from file system: jar:file:/C:/Users/Admin/.m2/repository/com/github/almasb/fxgl/17.1/fxgl-17.1.jar!/fxglassets/ui/fonts/VarelaRound-Regular.ttf
12:06:03.547 [FXGL Background Thread 1 ] INFO  FXGLApplication      - FXGL initialization took: 0.858 sec
12:06:03.568 [JavaFX Application Thread] DEBUG Input                - Registered new binding: moveUp - W
12:06:03.569 [JavaFX Application Thread] DEBUG Input                - Registered new binding: moveRight - D
12:06:03.569 [JavaFX Application Thread] DEBUG Input                - Registered new binding: moveLeft - A
12:06:03.569 [JavaFX Application Thread] DEBUG Input                - Registered new binding: moveDown - S
12:06:03.569 [JavaFX Application Thread] DEBUG Input                - Registered new binding: implantBomb - F
12:06:03.570 [JavaFX Application Thread] DEBUG FXGLAssetLoaderServi - Loading from file system: jar:file:/C:/Users/Admin/.m2/repository/com/github/almasb/fxgl/17.1/fxgl-17.1.jar!/fxglassets/textures/fxgl_icon.png
12:06:03.602 [JavaFX Application Thread] DEBUG FXGLAssetLoaderServi - Loading from file system: jar:file:/C:/Users/Admin/.m2/repository/com/github/almasb/fxgl/17.1/fxgl-17.1.jar!/fxglassets/textures/fxgl_default_cursor.png
12:06:03.605 [JavaFX Application Thread] DEBUG Input                - Registered new binding: Screenshot - CTRL+8
12:06:03.606 [JavaFX Application Thread] DEBUG Input                - Registered new binding: System info dump - CTRL+9
12:06:03.606 [JavaFX Application Thread] DEBUG Input                - Registered new binding: Restart - CTRL+R
12:06:03.607 [JavaFX Application Thread] DEBUG Input                - Registered new binding: Toggle Debug Camera - CTRL+7
12:06:03.611 [JavaFX Application Thread] DEBUG LoopRunner           - Starting loop
12:06:03.611 [JavaFX Application Thread] DEBUG LoopRunner           - Initializing JavaFX AnimationTimerLoop
12:06:03.616 [JavaFX Application Thread] DEBUG Input                - Clearing active input actions
12:06:03.666 [JavaFX Application Thread] DEBUG GameApplicationServi - Removing overlay from FXGLStartupScene and adding to FXGLMainMenuDummyScene
12:06:03.666 [JavaFX Application Thread] DEBUG PrimaryStageWindow   - FXGLStartupScene -> FXGLMainMenuDummyScene
12:06:03.667 [JavaFX Application Thread] DEBUG PrimaryStageWindow   - Push state: FXGLDefaultMenu
12:06:03.676 [JavaFX Application Thread] DEBUG Input                - Clearing active input actions
12:06:03.691 [JavaFX Application Thread] DEBUG GameApplicationServi - Removing overlay from FXGLMainMenuDummyScene and adding to FXGLDefaultMenu
12:06:03.691 [JavaFX Application Thread] DEBUG PrimaryStageWindow   - FXGLMainMenuDummyScene -> FXGLDefaultMenu
12:06:03.745 [FXGL Background Thread 4 ] DEBUG FXGLAssetLoaderServi - Loading from file system: jar:file:/C:/Users/Admin/.m2/repository/com/github/almasb/fxgl/17.1/fxgl-17.1.jar!/fxglassets/ui/fonts/Abel-Regular.ttf
12:06:03.752 [FXGL Background Thread 4 ] DEBUG FXGLAssetLoaderServi - Loading from file system: jar:file:/C:/Users/Admin/.m2/repository/com/github/almasb/fxgl/17.1/fxgl-17.1.jar!/fxglassets/ui/fonts/TerminalLandMono-Regular.otf
12:06:03.758 [FXGL Background Thread 4 ] DEBUG FXGLAssetLoaderServi - Loading from file system: jar:file:/C:/Users/Admin/.m2/repository/com/github/almasb/fxgl/17.1/fxgl-17.1.jar!/fxglassets/ui/fonts/Courier-Prime.ttf
12:06:03.850 [JavaFX Application Thread] DEBUG FXGLApplication      - Registering font factories with UI factory
12:06:04.390 [FXGL Background Thread 2 ] INFO  UpdaterService       - Your current version:  17.1
12:06:04.390 [FXGL Background Thread 2 ] INFO  UpdaterService       - Latest stable version: 17.2
12:06:04.718 [JavaFX Application Thread] DEBUG Menu                 - fireNewGame()
12:06:04.718 [JavaFX Application Thread] DEBUG GameApplicationServi - Starting new game
12:06:04.721 [JavaFX Application Thread] DEBUG PrimaryStageWindow   - Pop state: FXGLDefaultMenu
12:06:04.721 [JavaFX Application Thread] DEBUG Input                - Clearing active input actions
12:06:04.723 [JavaFX Application Thread] DEBUG GameApplicationServi - Removing overlay from FXGLDefaultMenu and adding to FXGLMainMenuDummyScene
12:06:04.723 [JavaFX Application Thread] DEBUG PrimaryStageWindow   - FXGLMainMenuDummyScene <- FXGLDefaultMenu
12:06:04.723 [JavaFX Application Thread] DEBUG Input                - Clearing active input actions
12:06:04.741 [JavaFX Application Thread] DEBUG GameApplicationServi - Removing overlay from FXGLMainMenuDummyScene and adding to FXGLLoadingScene
12:06:04.741 [JavaFX Application Thread] DEBUG PrimaryStageWindow   - FXGLMainMenuDummyScene -> FXGLLoadingScene
12:06:04.741 [JavaFX Application Thread] DEBUG GameApplicationServi - Clearing previous game
12:06:04.741 [JavaFX Application Thread] DEBUG GameScene            - Clearing game scene
12:06:04.741 [JavaFX Application Thread] DEBUG GameWorld            - Clearing game world
12:06:04.742 [JavaFX Application Thread] DEBUG PhysicsWorld         - Clearing physics world
12:06:04.744 [FXGL Background Thread 2 ] DEBUG FXGLApplication      - Initializing game
12:06:04.781 [FXGL Background Thread 2 ] DEBUG FXGLAssetLoaderServi - Loading from file system: file:/D:/bombermango/target/classes/assets/textures/sprites/wall.png
12:06:04.830 [FXGL Background Thread 2 ] DEBUG FXGLAssetLoaderServi - Loading from file system: file:/D:/bombermango/target/classes/assets/textures/sprites/brick.png
12:06:04.895 [FXGL Background Thread 2 ] DEBUG GameWorld            - Clearing removable entities
12:06:04.895 [FXGL Background Thread 2 ] DEBUG GameWorld            - Setting level: com.almasb.fxgl.entity.level.Level@6b9d42f6
12:06:04.965 [FXGL Background Thread 2 ] DEBUG FXGLAssetLoaderServi - Loading from file system: file:/D:/bombermango/target/classes/assets/textures/sprites/portal.png
12:06:04.974 [FXGL Background Thread 2 ] DEBUG FXGLAssetLoaderServi - Loading from file system: file:/D:/bombermango/target/classes/assets/textures/sprites/player_down.png
12:06:04.976 [FXGL Background Thread 2 ] DEBUG FXGLAssetLoaderServi - Loading from file system: file:/D:/bombermango/target/classes/assets/textures/sprites/player_down_1.png
12:06:04.978 [FXGL Background Thread 2 ] DEBUG FXGLAssetLoaderServi - Loading from file system: file:/D:/bombermango/target/classes/assets/textures/sprites/player_down_2.png
12:06:04.997 [FXGL Background Thread 2 ] WARN  GameWorld            - Entity is already attached to world
12:06:04.998 [FXGL Background Thread 2 ] DEBUG FXGLAssetLoaderServi - Loading from file system: file:/D:/bombermango/target/classes/assets/textures/sprites/balloom_right1.png
12:06:05.002 [FXGL Background Thread 2 ] DEBUG FXGLAssetLoaderServi - Loading from file system: file:/D:/bombermango/target/classes/assets/textures/sprites/balloom_right2.png
12:06:05.004 [FXGL Background Thread 2 ] DEBUG FXGLAssetLoaderServi - Loading from file system: file:/D:/bombermango/target/classes/assets/textures/sprites/balloom_right3.png
12:06:05.013 [FXGL Background Thread 2 ] INFO  FXGLApplication      - Game initialization took: 0.270 sec
12:06:05.014 [JavaFX Application Thread] DEBUG Input                - Clearing active input actions
12:06:05.050 [JavaFX Application Thread] DEBUG GameApplicationServi - Removing overlay from FXGLLoadingScene and adding to GameScene
12:06:05.051 [JavaFX Application Thread] DEBUG PrimaryStageWindow   - FXGLLoadingScene -> GameScene
12:06:06.251 [JavaFX Application Thread] DEBUG FXGLAssetLoaderServi - Loading from file system: file:/D:/bombermango/target/classes/assets/textures/sprites/bomb.png
12:06:06.253 [JavaFX Application Thread] DEBUG FXGLAssetLoaderServi - Loading from file system: file:/D:/bombermango/target/classes/assets/textures/sprites/bomb_1.png
12:06:06.254 [JavaFX Application Thread] DEBUG FXGLAssetLoaderServi - Loading from file system: file:/D:/bombermango/target/classes/assets/textures/sprites/bomb_2.png
12:06:06.258 [JavaFX Application Thread] WARN  GameWorld            - Entity is already attached to world
12:06:06.466 [FXGL Background Thread 3 ] DEBUG Engine               - Logging environment variables
12:06:06.470 [FXGL Background Thread 3 ] DEBUG Engine               - achievements: []
12:06:06.470 [FXGL Background Thread 3 ] DEBUG Engine               - actualHeight: 600.0
12:06:06.471 [FXGL Background Thread 3 ] DEBUG Engine               - actualHeightProperty: ReadOnlyDoubleProperty [value: 600.0]
12:06:06.471 [FXGL Background Thread 3 ] DEBUG Engine               - actualWidth: 800.0
12:06:06.472 [FXGL Background Thread 3 ] DEBUG Engine               - actualWidthProperty: ReadOnlyDoubleProperty [value: 800.0]
12:06:06.472 [FXGL Background Thread 3 ] DEBUG Engine               - appIcon: fxgl_icon.png
12:06:06.472 [FXGL Background Thread 3 ] DEBUG Engine               - applicationMode: DEVELOPER
12:06:06.473 [FXGL Background Thread 3 ] DEBUG Engine               - cSSList: [fxgl_dark.css]
12:06:06.473 [FXGL Background Thread 3 ] DEBUG Engine               - collisionDetectionStrategy: BRUTE_FORCE
12:06:06.473 [FXGL Background Thread 3 ] DEBUG Engine               - configClass: Optional.empty
12:06:06.473 [FXGL Background Thread 3 ] DEBUG Engine               - credits: []
12:06:06.477 [FXGL Background Thread 3 ] DEBUG Engine               - defaultCursor: CursorInfo(imageName=fxgl_default_cursor.png, hotspotX=7.0, hotspotY=6.0)
12:06:06.478 [FXGL Background Thread 3 ] DEBUG Engine               - devBBoxColorProperty: ObjectProperty [value: 0xff0000ff]
12:06:06.478 [FXGL Background Thread 3 ] DEBUG Engine               - devEnableDebugCameraProperty: BooleanProperty [value: false]
12:06:06.479 [FXGL Background Thread 3 ] DEBUG Engine               - devSensorColorProperty: ObjectProperty [value: 0xffff00ff]
12:06:06.479 [FXGL Background Thread 3 ] DEBUG Engine               - devShowBBoxProperty: BooleanProperty [value: false]
12:06:06.480 [FXGL Background Thread 3 ] DEBUG Engine               - devShowPositionProperty: BooleanProperty [value: false]
12:06:06.480 [FXGL Background Thread 3 ] DEBUG Engine               - enabledMenuItems: []
12:06:06.480 [FXGL Background Thread 3 ] DEBUG Engine               - engineServices: [class com.almasb.fxgl.app.services.FXGLAssetLoaderService, class com.almasb.fxgl.app.FXGLApplication$GameApplicationService, class com.almasb.fxgl.app.services.FXGLDialogService, class com.almasb.fxgl.app.services.IOTaskExecutorService, class com.almasb.fxgl.io.FileSystemService, class com.almasb.fxgl.localization.LocalizationService, class com.almasb.fxgl.app.services.SystemBundleService, class com.almasb.fxgl.profile.SaveLoadService, class com.almasb.fxgl.ui.FXGLUIFactoryServiceProvider, class com.almasb.fxgl.ui.FXGLDialogFactoryServiceProvider, class com.almasb.fxgl.audio.AudioPlayer, class com.almasb.fxgl.notification.impl.NotificationServiceProvider, class com.almasb.fxgl.achievement.AchievementService, class com.almasb.fxgl.cutscene.CutsceneService, class com.almasb.fxgl.minigames.MiniGameService, class com.almasb.fxgl.net.NetService, class com.almasb.fxgl.app.services.UpdaterService, class com.almasb.fxgl.dev.DevService]
12:06:06.481 [FXGL Background Thread 3 ] DEBUG Engine               - fontGame: Abel-Regular.ttf
12:06:06.481 [FXGL Background Thread 3 ] DEBUG Engine               - fontMono: TerminalLandMono-Regular.otf
12:06:06.482 [FXGL Background Thread 3 ] DEBUG Engine               - fontText: Courier-Prime.ttf
12:06:06.483 [FXGL Background Thread 3 ] DEBUG Engine               - fontUI: VarelaRound-Regular.ttf
12:06:06.483 [FXGL Background Thread 3 ] DEBUG Engine               - fullScreen: BooleanProperty [value: false]
12:06:06.484 [FXGL Background Thread 3 ] DEBUG Engine               - gameDifficulty: MEDIUM
12:06:06.485 [FXGL Background Thread 3 ] DEBUG Engine               - gameDifficultyProperty: ObjectProperty [value: MEDIUM]
12:06:06.485 [FXGL Background Thread 3 ] DEBUG Engine               - globalMusicVolume: 0.5
12:06:06.486 [FXGL Background Thread 3 ] DEBUG Engine               - globalMusicVolumeProperty: DoubleProperty [value: 0.5]
12:06:06.486 [FXGL Background Thread 3 ] DEBUG Engine               - globalSoundVolume: 0.5
12:06:06.487 [FXGL Background Thread 3 ] DEBUG Engine               - globalSoundVolumeProperty: DoubleProperty [value: 0.5]
12:06:06.487 [FXGL Background Thread 3 ] DEBUG Engine               - height: 600
12:06:06.487 [FXGL Background Thread 3 ] DEBUG Engine               - is3D: false
12:06:06.487 [FXGL Background Thread 3 ] DEBUG Engine               - isAndroid: false
12:06:06.488 [FXGL Background Thread 3 ] DEBUG Engine               - isBrowser: false
12:06:06.488 [FXGL Background Thread 3 ] DEBUG Engine               - isClickFeedbackEnabled: false
12:06:06.488 [FXGL Background Thread 3 ] DEBUG Engine               - isCloseConfirmation: false
12:06:06.488 [FXGL Background Thread 3 ] DEBUG Engine               - isDesktop: true
12:06:06.488 [FXGL Background Thread 3 ] DEBUG Engine               - isDeveloperMenuEnabled: false
12:06:06.489 [FXGL Background Thread 3 ] DEBUG Engine               - isEmbedded: false
12:06:06.489 [FXGL Background Thread 3 ] DEBUG Engine               - isEntityPreloadEnabled: true
12:06:06.489 [FXGL Background Thread 3 ] DEBUG Engine               - isExperimentalTiledLargeMap: false
12:06:06.489 [FXGL Background Thread 3 ] DEBUG Engine               - isFileSystemWriteAllowed: true
12:06:06.489 [FXGL Background Thread 3 ] DEBUG Engine               - isFullScreenAllowed: false
12:06:06.489 [FXGL Background Thread 3 ] DEBUG Engine               - isFullScreenFromStart: false
12:06:06.490 [FXGL Background Thread 3 ] DEBUG Engine               - isGameMenuEnabled: true
12:06:06.490 [FXGL Background Thread 3 ] DEBUG Engine               - isIOS: false
12:06:06.491 [FXGL Background Thread 3 ] DEBUG Engine               - isIntroEnabled: false
12:06:06.491 [FXGL Background Thread 3 ] DEBUG Engine               - isLinux: false
12:06:06.491 [FXGL Background Thread 3 ] DEBUG Engine               - isMac: false
12:06:06.491 [FXGL Background Thread 3 ] DEBUG Engine               - isMainMenuEnabled: true
12:06:06.492 [FXGL Background Thread 3 ] DEBUG Engine               - isManualResizeEnabled: false
12:06:06.492 [FXGL Background Thread 3 ] DEBUG Engine               - isMobile: false
12:06:06.492 [FXGL Background Thread 3 ] DEBUG Engine               - isNative: false
12:06:06.492 [FXGL Background Thread 3 ] DEBUG Engine               - isPauseMusicWhenMinimized: true
12:06:06.492 [FXGL Background Thread 3 ] DEBUG Engine               - isPreserveResizeRatio: false
12:06:06.493 [FXGL Background Thread 3 ] DEBUG Engine               - isProfilingEnabled: false
12:06:06.493 [FXGL Background Thread 3 ] DEBUG Engine               - isScaleAffectedOnResize: true
12:06:06.493 [FXGL Background Thread 3 ] DEBUG Engine               - isSingleStep: false
12:06:06.493 [FXGL Background Thread 3 ] DEBUG Engine               - isUserProfileEnabled: false
12:06:06.493 [FXGL Background Thread 3 ] DEBUG Engine               - isWindows: true
12:06:06.494 [FXGL Background Thread 3 ] DEBUG Engine               - language: ObjectProperty [value: ENGLISH]
12:06:06.494 [FXGL Background Thread 3 ] DEBUG Engine               - menuKey: ESCAPE
12:06:06.494 [FXGL Background Thread 3 ] DEBUG Engine               - mouseSensitivity: 0.2
12:06:06.494 [FXGL Background Thread 3 ] DEBUG Engine               - notificationViewClass: class com.almasb.fxgl.notification.view.XboxNotificationView
12:06:06.494 [FXGL Background Thread 3 ] DEBUG Engine               - pixelsPerMeter: 50.0
12:06:06.495 [FXGL Background Thread 3 ] DEBUG Engine               - platform: WINDOWS
12:06:06.495 [FXGL Background Thread 3 ] DEBUG Engine               - prefHeightProperty: ReadOnlyDoubleProperty [value: 600.0]
12:06:06.495 [FXGL Background Thread 3 ] DEBUG Engine               - prefWidthProperty: ReadOnlyDoubleProperty [value: 800.0]
12:06:06.495 [FXGL Background Thread 3 ] DEBUG Engine               - profileDir: profiles/
12:06:06.495 [FXGL Background Thread 3 ] DEBUG Engine               - profileName: StringProperty [value: DEFAULT]
12:06:06.496 [FXGL Background Thread 3 ] DEBUG Engine               - randomSeed: -1
12:06:06.496 [FXGL Background Thread 3 ] DEBUG Engine               - runtimeInfo: RuntimeInfo(platform=WINDOWS, version=17.1, build=24.03.2022 17.34)
12:06:06.497 [FXGL Background Thread 3 ] DEBUG Engine               - saveFileExt: sav
12:06:06.497 [FXGL Background Thread 3 ] DEBUG Engine               - scaledHeightProp$fxgl: DoubleProperty [bound, value: 600.0]
12:06:06.497 [FXGL Background Thread 3 ] DEBUG Engine               - scaledWidthProp$fxgl: DoubleProperty [bound, value: 800.0]
12:06:06.497 [FXGL Background Thread 3 ] DEBUG Engine               - sceneFactory: com.almasb.fxgl.app.scene.SceneFactory@7d35627f
12:06:06.497 [FXGL Background Thread 3 ] DEBUG Engine               - secondsIn24h: 60
12:06:06.498 [FXGL Background Thread 3 ] DEBUG Engine               - soundMenuBack: menu/back.wav
12:06:06.498 [FXGL Background Thread 3 ] DEBUG Engine               - soundMenuPress: menu/press.wav
12:06:06.498 [FXGL Background Thread 3 ] DEBUG Engine               - soundMenuSelect: menu/select.wav
12:06:06.499 [FXGL Background Thread 3 ] DEBUG Engine               - soundNotification: core/notification.wav
12:06:06.499 [FXGL Background Thread 3 ] DEBUG Engine               - stageStyle: DECORATED
12:06:06.499 [FXGL Background Thread 3 ] DEBUG Engine               - supportedLanguages: [ENGLISH, FRENCH, GERMAN, HUNGARIAN, RUSSIAN]
12:06:06.499 [FXGL Background Thread 3 ] DEBUG Engine               - ticksPerSecond: -1
12:06:06.499 [FXGL Background Thread 3 ] DEBUG Engine               - title: Bomberman
12:06:06.500 [FXGL Background Thread 3 ] DEBUG Engine               - urlGithub: https://github.com/AlmasB/FXGL
12:06:06.500 [FXGL Background Thread 3 ] DEBUG Engine               - urlLeaderboard: http://fxgl-top.herokuapp.com/
12:06:06.501 [FXGL Background Thread 3 ] DEBUG Engine               - urlPOM: https://raw.githubusercontent.com/AlmasB/FXGL/release/README.md
12:06:06.502 [FXGL Background Thread 3 ] DEBUG Engine               - userAppClass: class mangobomb.bombermango.HelloApplication
12:06:06.502 [FXGL Background Thread 3 ] DEBUG Engine               - version: 0.0
12:06:06.503 [FXGL Background Thread 3 ] DEBUG Engine               - versionCheckDays: 7
12:06:06.503 [FXGL Background Thread 3 ] DEBUG Engine               - width: 800
12:06:06.504 [FXGL Background Thread 3 ] DEBUG Engine               - Logging services
12:06:06.504 [FXGL Background Thread 3 ] DEBUG Engine               - class com.almasb.fxgl.app.services.FXGLAssetLoaderService
12:06:06.504 [FXGL Background Thread 3 ] DEBUG Engine               - class com.almasb.fxgl.app.FXGLApplication$GameApplicationService
12:06:06.504 [FXGL Background Thread 3 ] DEBUG Engine               - class com.almasb.fxgl.app.services.FXGLDialogService
12:06:06.505 [FXGL Background Thread 3 ] DEBUG Engine               - class com.almasb.fxgl.app.services.IOTaskExecutorService
12:06:06.505 [FXGL Background Thread 3 ] DEBUG Engine               - class com.almasb.fxgl.io.FileSystemService
12:06:06.505 [FXGL Background Thread 3 ] DEBUG Engine               - class com.almasb.fxgl.localization.LocalizationService
12:06:06.505 [FXGL Background Thread 3 ] DEBUG Engine               - class com.almasb.fxgl.app.services.SystemBundleService
12:06:06.505 [FXGL Background Thread 3 ] DEBUG Engine               - class com.almasb.fxgl.profile.SaveLoadService
12:06:06.505 [FXGL Background Thread 3 ] DEBUG Engine               - class com.almasb.fxgl.ui.FXGLUIFactoryServiceProvider
12:06:06.506 [FXGL Background Thread 3 ] DEBUG Engine               - class com.almasb.fxgl.ui.FXGLDialogFactoryServiceProvider
12:06:06.506 [FXGL Background Thread 3 ] DEBUG Engine               - class com.almasb.fxgl.audio.AudioPlayer
12:06:06.506 [FXGL Background Thread 3 ] DEBUG Engine               - class com.almasb.fxgl.notification.impl.NotificationServiceProvider
12:06:06.506 [FXGL Background Thread 3 ] DEBUG Engine               - class com.almasb.fxgl.achievement.AchievementService
12:06:06.506 [FXGL Background Thread 3 ] DEBUG Engine               - class com.almasb.fxgl.cutscene.CutsceneService
12:06:06.507 [FXGL Background Thread 3 ] DEBUG Engine               - class com.almasb.fxgl.minigames.MiniGameService
12:06:06.507 [FXGL Background Thread 3 ] DEBUG Engine               - class com.almasb.fxgl.net.NetService
12:06:06.507 [FXGL Background Thread 3 ] DEBUG Engine               - class com.almasb.fxgl.app.services.UpdaterService
12:06:06.507 [FXGL Background Thread 3 ] DEBUG Engine               - class com.almasb.fxgl.dev.DevService
12:06:07.514 [JavaFX Application Thread] DEBUG FXGLAssetLoaderServi - Loading from file system: file:/D:/bombermango/target/classes/assets/textures/sprites/bomb_exploded.png
12:06:07.518 [JavaFX Application Thread] DEBUG FXGLAssetLoaderServi - Loading from file system: file:/D:/bombermango/target/classes/assets/textures/sprites/bomb_exploded1.png
12:06:07.521 [JavaFX Application Thread] DEBUG FXGLAssetLoaderServi - Loading from file system: file:/D:/bombermango/target/classes/assets/textures/sprites/bomb_exploded2.png
12:06:12.836 [JavaFX Application Thread] WARN  GameWorld            - Entity is already attached to world
12:06:17.773 [JavaFX Application Thread] DEBUG LoopRunner           - Stopping loop
12:06:17.778 [JavaFX Application Thread] FATAL FXGLApplication      - Uncaught Exception:
java.lang.IllegalArgumentException: Component Player not found!
	at com.almasb.fxgl.entity.Entity.getComponent(Entity.java:366)
	at mangobomb.bombermango.Portal.lambda$new$0(Portal.java:12)
	at com.almasb.fxgl.dsl.FXGL$Companion$onCollisionBegin$1.onCollisionBegin(FXGL.kt:655)
	at com.almasb.fxgl.physics.CollisionPair.collisionBegin(CollisionPair.java:37)
	at com.almasb.fxgl.physics.PhysicsWorld.collisionBeginFor(PhysicsWorld.java:453)
	at com.almasb.fxgl.physics.PhysicsWorld.checkCollisionsInGroup(PhysicsWorld.java:405)
	at com.almasb.fxgl.physics.PhysicsWorld.checkCollisions(PhysicsWorld.java:373)
	at com.almasb.fxgl.physics.PhysicsWorld.onUpdate(PhysicsWorld.java:179)
	at com.almasb.fxgl.app.scene.GameScene.step(GameScene.kt:225)
	at com.almasb.fxgl.app.scene.GameScene.onUpdate(GameScene.kt:220)
	at com.almasb.fxgl.scene.Scene.update(Scene.kt:105)
	at com.almasb.fxgl.app.MainWindow$update$1.invoke(MainWindow.kt:115)
	at com.almasb.fxgl.app.MainWindow$update$1.invoke(MainWindow.kt:115)
	at com.almasb.fxgl.core.fsm.StateMachine.runOnActiveStates(StateMachine.kt:69)
	at com.almasb.fxgl.app.MainWindow.update(MainWindow.kt:115)
	at com.almasb.fxgl.app.FXGLApplication$GameApplicationService.onUpdate(FXGLApplication.kt:426)
	at com.almasb.fxgl.app.Engine.loop(Engine.kt:134)
	at com.almasb.fxgl.app.Engine.access$loop(Engine.kt:24)
	at com.almasb.fxgl.app.Engine$loop$1.invoke(Engine.kt:28)
	at com.almasb.fxgl.app.Engine$loop$1.invoke(Engine.kt:28)
	at com.almasb.fxgl.app.LoopRunner.frame(LoopRunner.kt:103)
	at com.almasb.fxgl.app.LoopRunner.access$frame(LoopRunner.kt:23)
	at com.almasb.fxgl.app.LoopRunner$impl$2$1.onTick(LoopRunner.kt:57)
	at com.almasb.fxgl.app.AnimationTimerLoop$timer$1.handle(LoopRunner.kt:137)
	at javafx.animation.AnimationTimer$AnimationTimerReceiver.lambda$handle$0(AnimationTimer.java:58)
	at java.base/java.security.AccessController.doPrivileged(AccessController.java:399)
	at javafx.animation.AnimationTimer$AnimationTimerReceiver.handle(AnimationTimer.java:57)
	at com.sun.scenario.animation.AbstractPrimaryTimer.timePulseImpl(AbstractPrimaryTimer.java:356)
	at com.sun.scenario.animation.AbstractPrimaryTimer$MainLoop.run(AbstractPrimaryTimer.java:266)
	at com.sun.javafx.tk.quantum.QuantumToolkit.pulse(QuantumToolkit.java:571)
	at com.sun.javafx.tk.quantum.QuantumToolkit.pulse(QuantumToolkit.java:555)
	at com.sun.javafx.tk.quantum.QuantumToolkit.pulseFromQueue(QuantumToolkit.java:548)
	at com.sun.javafx.tk.quantum.QuantumToolkit.lambda$runToolkit$11(QuantumToolkit.java:352)
	at com.sun.glass.ui.InvokeLaterDispatcher$Future.run(InvokeLaterDispatcher.java:96)
	at com.sun.glass.ui.win.WinApplication._runLoop(Native Method)
	at com.sun.glass.ui.win.WinApplication.lambda$runLoop$3(WinApplication.java:184)
	at java.base/java.lang.Thread.run(Thread.java:833)

12:06:17.779 [JavaFX Application Thread] FATAL FXGLApplication      - Application will now exit
12:06:17.850 [JavaFX Application Thread] DEBUG PrimaryStageWindow   - Push state: ErrorSubScene
12:06:17.850 [JavaFX Application Thread] DEBUG Input                - Clearing active input actions
12:06:17.859 [JavaFX Application Thread] DEBUG GameApplicationServi - Removing overlay from GameScene and adding to ErrorSubScene
12:06:17.860 [JavaFX Application Thread] DEBUG PrimaryStageWindow   - GameScene -> ErrorSubScene
12:06:38.684 [JavaFX Application Thread] DEBUG FXGLApplication      - Exiting FXGL
12:06:38.684 [JavaFX Application Thread] DEBUG Async                - Shutting down background threads
12:06:38.684 [JavaFX Application Thread] DEBUG PrimaryStageWindow   - Closing main window
12:06:38.697 [JavaFX Application Thread] DEBUG Logger               - Closing Logger
