20:37:14.287 [main                     ] DEBUG Logger               - Configured Logger
20:37:14.323 [main                     ] DEBUG GameApplication      - Logging settings
Title: Bomberman
Version: 0.0
Width: 800
Height: 600
Fullscreen: false
Intro: false
Profiling: false
Single step:false
App Mode: DEVELOPER
Menu Key: ESCAPE
Stage Style: DECORATED
Scene Factory: class com.almasb.fxgl.app.scene.SceneFactory

20:37:14.795 [JavaFX Application Thread] DEBUG FXGLApplication      - Initializing FXGL
20:37:14.803 [JavaFX Application Thread] INFO  Engine               - FXGL-17.1 (24.03.2022 17.34) on WINDOWS (J:18.0.2.1 FX:18.0.1)
20:37:14.804 [JavaFX Application Thread] DEBUG Engine               - JRE Vendor Name: Oracle Corporation
20:37:14.804 [JavaFX Application Thread] DEBUG Engine               - Running on OS: Windows 10 version 10.0
20:37:14.804 [JavaFX Application Thread] DEBUG Engine               - Architecture: amd64
20:37:14.805 [JavaFX Application Thread] INFO  Engine               - Source code and latest versions at: https://github.com/AlmasB/FXGL
20:37:14.805 [JavaFX Application Thread] INFO  Engine               -       Ask questions and discuss at: https://github.com/AlmasB/FXGL/discussions
20:37:14.805 [JavaFX Application Thread] INFO  Engine               -              Join the FXGL chat at: https://gitter.im/AlmasB/FXGL
20:37:14.966 [JavaFX Application Thread] DEBUG PrimaryStageWindow   - Creating a JavaFX scene
20:37:15.041 [JavaFX Application Thread] DEBUG PrimaryStageWindow   - Target settings size: 800.0 x 600.0
20:37:15.041 [JavaFX Application Thread] DEBUG PrimaryStageWindow   - Scaled scene size:    800.0 x 600.0
20:37:15.042 [JavaFX Application Thread] DEBUG PrimaryStageWindow   - Scaled ratio: (1.0, 1.0)
20:37:15.043 [JavaFX Application Thread] DEBUG PrimaryStageWindow   - Set initial scene to FXGLStartupScene
20:37:15.055 [JavaFX Application Thread] DEBUG PrimaryStageWindow   - Opening main window
20:37:15.165 [JavaFX Application Thread] DEBUG PrimaryStageWindow   - Window border size: (14.66668701171875, 37.33331298828125)
20:37:15.165 [JavaFX Application Thread] DEBUG PrimaryStageWindow   - Scaled size: 800.0 x 600.0
20:37:15.166 [JavaFX Application Thread] DEBUG PrimaryStageWindow   - Scaled ratio: (1.0, 1.0)
20:37:15.166 [JavaFX Application Thread] DEBUG PrimaryStageWindow   - Scene size: 800.0 x 600.0
20:37:15.167 [JavaFX Application Thread] DEBUG PrimaryStageWindow   - Stage size: 814.6666870117188 x 637.3333129882812
20:37:15.178 [FXGL Background Thread 1 ] DEBUG Engine               - Initializing environment variables
20:37:15.276 [FXGL Background Thread 1 ] DEBUG FXGLAssetLoaderServi - User app class for loading assets: class mangobomb.bombermango.HelloApplication
20:37:15.277 [FXGL Background Thread 1 ] DEBUG GameApplicationServi - Applying CSS: fxgl_dark.css
20:37:15.279 [FXGL Background Thread 1 ] DEBUG FXGLAssetLoaderServi - Loading from file system: jar:file:/C:/Users/Admin/.m2/repository/com/github/almasb/fxgl/17.1/fxgl-17.1.jar!/fxglassets/ui/css/fxgl_dark.css
20:37:15.352 [FXGL Background Thread 1 ] DEBUG GameApplicationServi - Initializing application scenes
20:37:15.496 [FXGL Background Thread 1 ] DEBUG GameWorld            - Game world initialized
20:37:15.586 [FXGL Background Thread 1 ] DEBUG PhysicsWorld         - Physics world initialized: appHeight=600, physics.ppm=50.0
20:37:15.587 [FXGL Background Thread 1 ] DEBUG PhysicsWorld         - Using strategy: BRUTE_FORCE
20:37:15.593 [FXGL Background Thread 1 ] DEBUG GameScene            - Game scene initialized: 800x600
20:37:15.614 [FXGL Background Thread 1 ] DEBUG FXGL.DefaultMenu     - createMenuBodyMainMenu()
20:37:15.638 [FXGL Background Thread 1 ] DEBUG FXGL.DefaultMenu     - createOptionsMenu()
20:37:15.656 [FXGL Background Thread 1 ] DEBUG FXGLAssetLoaderServi - Loading from file system: jar:file:/C:/Users/Admin/.m2/repository/com/github/almasb/fxgl/17.1/fxgl-17.1.jar!/fxglassets/textures/particles/smoke.png
20:37:15.796 [FXGL Background Thread 1 ] DEBUG FXGLAssetLoaderServi - Loading from file system: jar:file:/C:/Users/Admin/.m2/repository/com/github/almasb/fxgl/17.1/fxgl-17.1.jar!/fxglassets/textures/particles/trace_horizontal.png
20:37:15.845 [FXGL Background Thread 1 ] DEBUG FXGL.DefaultMenu     - createMenuBodyGameMenu()
20:37:15.847 [FXGL Background Thread 1 ] DEBUG FXGL.DefaultMenu     - createOptionsMenu()
20:37:15.867 [FXGL Background Thread 1 ] DEBUG GameApplicationServi - Application scenes initialized
20:37:15.887 [FXGL Background Thread 1 ] DEBUG SystemBundleService  - Loading FXGL system data
20:37:15.896 [FXGL Background Thread 1 ] DEBUG FileSystemAccess     - Reading from: D:\bombermango\system\fxgl.bundle
20:37:15.913 [FXGL Background Thread 1 ] DEBUG SystemBundleService  - Bundle FXGL: {}
20:37:15.913 [FXGL Background Thread 1 ] DEBUG UpdaterService       - Checking for updates
20:37:15.922 [FXGL Background Thread 1 ] DEBUG FXGLApplication      - Loading default localization
20:37:15.924 [FXGL Background Thread 1 ] DEBUG FXGLAssetLoaderServi - Loading from file system: jar:file:/C:/Users/Admin/.m2/repository/com/github/almasb/fxgl/17.1/fxgl-17.1.jar!/fxglassets/languages/english.lang
20:37:15.931 [FXGL Background Thread 4 ] DEBUG FXGLApplication      - Loading fonts
20:37:15.932 [FXGL Background Thread 4 ] DEBUG FXGLAssetLoaderServi - Loading from file system: jar:file:/C:/Users/Admin/.m2/repository/com/github/almasb/fxgl/17.1/fxgl-17.1.jar!/fxglassets/ui/fonts/VarelaRound-Regular.ttf
20:37:15.950 [FXGL Background Thread 1 ] INFO  FXGLApplication      - FXGL initialization took: 0.772 sec
20:37:15.972 [JavaFX Application Thread] DEBUG Input                - Registered new binding: moveUp - W
20:37:15.972 [JavaFX Application Thread] DEBUG Input                - Registered new binding: moveRight - D
20:37:15.972 [JavaFX Application Thread] DEBUG Input                - Registered new binding: moveLeft - A
20:37:15.972 [JavaFX Application Thread] DEBUG Input                - Registered new binding: moveDown - S
20:37:15.972 [JavaFX Application Thread] DEBUG Input                - Registered new binding: implantBomb - F
20:37:15.973 [JavaFX Application Thread] DEBUG FXGLAssetLoaderServi - Loading from file system: jar:file:/C:/Users/Admin/.m2/repository/com/github/almasb/fxgl/17.1/fxgl-17.1.jar!/fxglassets/textures/fxgl_icon.png
20:37:16.032 [JavaFX Application Thread] DEBUG FXGLAssetLoaderServi - Loading from file system: jar:file:/C:/Users/Admin/.m2/repository/com/github/almasb/fxgl/17.1/fxgl-17.1.jar!/fxglassets/textures/fxgl_default_cursor.png
20:37:16.034 [JavaFX Application Thread] DEBUG Input                - Registered new binding: Screenshot - CTRL+8
20:37:16.035 [JavaFX Application Thread] DEBUG Input                - Registered new binding: System info dump - CTRL+9
20:37:16.036 [JavaFX Application Thread] DEBUG Input                - Registered new binding: Restart - CTRL+R
20:37:16.037 [JavaFX Application Thread] DEBUG Input                - Registered new binding: Toggle Debug Camera - CTRL+7
20:37:16.040 [JavaFX Application Thread] DEBUG LoopRunner           - Starting loop
20:37:16.040 [JavaFX Application Thread] DEBUG LoopRunner           - Initializing JavaFX AnimationTimerLoop
20:37:16.043 [JavaFX Application Thread] DEBUG Input                - Clearing active input actions
20:37:16.051 [JavaFX Application Thread] DEBUG GameApplicationServi - Removing overlay from FXGLStartupScene and adding to FXGLMainMenuDummyScene
20:37:16.052 [JavaFX Application Thread] DEBUG PrimaryStageWindow   - FXGLStartupScene -> FXGLMainMenuDummyScene
20:37:16.053 [JavaFX Application Thread] DEBUG PrimaryStageWindow   - Push state: FXGLDefaultMenu
20:37:16.059 [JavaFX Application Thread] DEBUG Input                - Clearing active input actions
20:37:16.070 [JavaFX Application Thread] DEBUG GameApplicationServi - Removing overlay from FXGLMainMenuDummyScene and adding to FXGLDefaultMenu
20:37:16.071 [JavaFX Application Thread] DEBUG PrimaryStageWindow   - FXGLMainMenuDummyScene -> FXGLDefaultMenu
20:37:16.293 [FXGL Background Thread 4 ] DEBUG FXGLAssetLoaderServi - Loading from file system: jar:file:/C:/Users/Admin/.m2/repository/com/github/almasb/fxgl/17.1/fxgl-17.1.jar!/fxglassets/ui/fonts/Abel-Regular.ttf
20:37:16.309 [FXGL Background Thread 4 ] DEBUG FXGLAssetLoaderServi - Loading from file system: jar:file:/C:/Users/Admin/.m2/repository/com/github/almasb/fxgl/17.1/fxgl-17.1.jar!/fxglassets/ui/fonts/TerminalLandMono-Regular.otf
20:37:16.314 [FXGL Background Thread 4 ] DEBUG FXGLAssetLoaderServi - Loading from file system: jar:file:/C:/Users/Admin/.m2/repository/com/github/almasb/fxgl/17.1/fxgl-17.1.jar!/fxglassets/ui/fonts/Courier-Prime.ttf
20:37:16.398 [JavaFX Application Thread] DEBUG FXGLApplication      - Registering font factories with UI factory
20:37:17.229 [FXGL Background Thread 2 ] INFO  UpdaterService       - Your current version:  17.1
20:37:17.229 [FXGL Background Thread 2 ] INFO  UpdaterService       - Latest stable version: 17.2
20:37:17.449 [JavaFX Application Thread] DEBUG Menu                 - fireNewGame()
20:37:17.450 [JavaFX Application Thread] DEBUG GameApplicationServi - Starting new game
20:37:17.454 [JavaFX Application Thread] DEBUG PrimaryStageWindow   - Pop state: FXGLDefaultMenu
20:37:17.455 [JavaFX Application Thread] DEBUG Input                - Clearing active input actions
20:37:17.456 [JavaFX Application Thread] DEBUG GameApplicationServi - Removing overlay from FXGLDefaultMenu and adding to FXGLMainMenuDummyScene
20:37:17.457 [JavaFX Application Thread] DEBUG PrimaryStageWindow   - FXGLMainMenuDummyScene <- FXGLDefaultMenu
20:37:17.457 [JavaFX Application Thread] DEBUG Input                - Clearing active input actions
20:37:17.476 [JavaFX Application Thread] DEBUG GameApplicationServi - Removing overlay from FXGLMainMenuDummyScene and adding to FXGLLoadingScene
20:37:17.477 [JavaFX Application Thread] DEBUG PrimaryStageWindow   - FXGLMainMenuDummyScene -> FXGLLoadingScene
20:37:17.479 [JavaFX Application Thread] DEBUG GameApplicationServi - Clearing previous game
20:37:17.479 [JavaFX Application Thread] DEBUG GameScene            - Clearing game scene
20:37:17.479 [JavaFX Application Thread] DEBUG GameWorld            - Clearing game world
20:37:17.479 [JavaFX Application Thread] DEBUG PhysicsWorld         - Clearing physics world
20:37:17.482 [FXGL Background Thread 2 ] DEBUG FXGLApplication      - Initializing game
20:37:17.512 [FXGL Background Thread 2 ] DEBUG FXGLAssetLoaderServi - Loading from file system: file:/D:/bombermango/target/classes/assets/textures/sprites/wall.png
20:37:17.531 [FXGL Background Thread 2 ] DEBUG FXGLAssetLoaderServi - Loading from file system: file:/D:/bombermango/target/classes/assets/textures/sprites/brick.png
20:37:17.595 [FXGL Background Thread 2 ] DEBUG GameWorld            - Clearing removable entities
20:37:17.595 [FXGL Background Thread 2 ] DEBUG GameWorld            - Setting level: com.almasb.fxgl.entity.level.Level@1a89e612
20:37:17.633 [FXGL Background Thread 2 ] DEBUG FXGLAssetLoaderServi - Loading from file system: file:/D:/bombermango/target/classes/assets/textures/sprites/player_down.png
20:37:17.635 [FXGL Background Thread 2 ] DEBUG FXGLAssetLoaderServi - Loading from file system: file:/D:/bombermango/target/classes/assets/textures/sprites/player_down_1.png
20:37:17.638 [FXGL Background Thread 2 ] DEBUG FXGLAssetLoaderServi - Loading from file system: file:/D:/bombermango/target/classes/assets/textures/sprites/player_down_2.png
20:37:17.664 [FXGL Background Thread 2 ] WARN  GameWorld            - Entity is already attached to world
20:37:17.664 [FXGL Background Thread 2 ] INFO  FXGLApplication      - Game initialization took: 0.182 sec
20:37:17.670 [JavaFX Application Thread] DEBUG Input                - Clearing active input actions
20:37:17.682 [JavaFX Application Thread] DEBUG GameApplicationServi - Removing overlay from FXGLLoadingScene and adding to GameScene
20:37:17.682 [JavaFX Application Thread] DEBUG PrimaryStageWindow   - FXGLLoadingScene -> GameScene
20:37:18.805 [JavaFX Application Thread] DEBUG FXGLAssetLoaderServi - Loading from file system: file:/D:/bombermango/target/classes/assets/textures/sprites/bomb.png
20:37:18.809 [JavaFX Application Thread] DEBUG FXGLAssetLoaderServi - Loading from file system: file:/D:/bombermango/target/classes/assets/textures/sprites/bomb_1.png
20:37:18.812 [JavaFX Application Thread] DEBUG FXGLAssetLoaderServi - Loading from file system: file:/D:/bombermango/target/classes/assets/textures/sprites/bomb_2.png
20:37:18.820 [JavaFX Application Thread] WARN  GameWorld            - Entity is already attached to world
20:37:18.919 [FXGL Background Thread 3 ] DEBUG Engine               - Logging environment variables
20:37:18.920 [FXGL Background Thread 3 ] DEBUG Engine               - achievements: []
20:37:18.921 [FXGL Background Thread 3 ] DEBUG Engine               - actualHeight: 600.0
20:37:18.921 [FXGL Background Thread 3 ] DEBUG Engine               - actualHeightProperty: ReadOnlyDoubleProperty [value: 600.0]
20:37:18.921 [FXGL Background Thread 3 ] DEBUG Engine               - actualWidth: 800.0
20:37:18.921 [FXGL Background Thread 3 ] DEBUG Engine               - actualWidthProperty: ReadOnlyDoubleProperty [value: 800.0]
20:37:18.922 [FXGL Background Thread 3 ] DEBUG Engine               - appIcon: fxgl_icon.png
20:37:18.922 [FXGL Background Thread 3 ] DEBUG Engine               - applicationMode: DEVELOPER
20:37:18.922 [FXGL Background Thread 3 ] DEBUG Engine               - cSSList: [fxgl_dark.css]
20:37:18.922 [FXGL Background Thread 3 ] DEBUG Engine               - collisionDetectionStrategy: BRUTE_FORCE
20:37:18.923 [FXGL Background Thread 3 ] DEBUG Engine               - configClass: Optional.empty
20:37:18.923 [FXGL Background Thread 3 ] DEBUG Engine               - credits: []
20:37:18.924 [FXGL Background Thread 3 ] DEBUG Engine               - defaultCursor: CursorInfo(imageName=fxgl_default_cursor.png, hotspotX=7.0, hotspotY=6.0)
20:37:18.925 [FXGL Background Thread 3 ] DEBUG Engine               - devBBoxColorProperty: ObjectProperty [value: 0xff0000ff]
20:37:18.926 [FXGL Background Thread 3 ] DEBUG Engine               - devEnableDebugCameraProperty: BooleanProperty [value: false]
20:37:18.926 [FXGL Background Thread 3 ] DEBUG Engine               - devSensorColorProperty: ObjectProperty [value: 0xffff00ff]
20:37:18.927 [FXGL Background Thread 3 ] DEBUG Engine               - devShowBBoxProperty: BooleanProperty [value: false]
20:37:18.927 [FXGL Background Thread 3 ] DEBUG Engine               - devShowPositionProperty: BooleanProperty [value: false]
20:37:18.928 [FXGL Background Thread 3 ] DEBUG Engine               - enabledMenuItems: []
20:37:18.928 [FXGL Background Thread 3 ] DEBUG Engine               - engineServices: [class com.almasb.fxgl.app.services.FXGLAssetLoaderService, class com.almasb.fxgl.app.FXGLApplication$GameApplicationService, class com.almasb.fxgl.app.services.FXGLDialogService, class com.almasb.fxgl.app.services.IOTaskExecutorService, class com.almasb.fxgl.io.FileSystemService, class com.almasb.fxgl.localization.LocalizationService, class com.almasb.fxgl.app.services.SystemBundleService, class com.almasb.fxgl.profile.SaveLoadService, class com.almasb.fxgl.ui.FXGLUIFactoryServiceProvider, class com.almasb.fxgl.ui.FXGLDialogFactoryServiceProvider, class com.almasb.fxgl.audio.AudioPlayer, class com.almasb.fxgl.notification.impl.NotificationServiceProvider, class com.almasb.fxgl.achievement.AchievementService, class com.almasb.fxgl.cutscene.CutsceneService, class com.almasb.fxgl.minigames.MiniGameService, class com.almasb.fxgl.net.NetService, class com.almasb.fxgl.app.services.UpdaterService, class com.almasb.fxgl.dev.DevService]
20:37:18.928 [FXGL Background Thread 3 ] DEBUG Engine               - fontGame: Abel-Regular.ttf
20:37:18.928 [FXGL Background Thread 3 ] DEBUG Engine               - fontMono: TerminalLandMono-Regular.otf
20:37:18.929 [FXGL Background Thread 3 ] DEBUG Engine               - fontText: Courier-Prime.ttf
20:37:18.929 [FXGL Background Thread 3 ] DEBUG Engine               - fontUI: VarelaRound-Regular.ttf
20:37:18.929 [FXGL Background Thread 3 ] DEBUG Engine               - fullScreen: BooleanProperty [value: false]
20:37:18.929 [FXGL Background Thread 3 ] DEBUG Engine               - gameDifficulty: MEDIUM
20:37:18.929 [FXGL Background Thread 3 ] DEBUG Engine               - gameDifficultyProperty: ObjectProperty [value: MEDIUM]
20:37:18.930 [FXGL Background Thread 3 ] DEBUG Engine               - globalMusicVolume: 0.5
20:37:18.930 [FXGL Background Thread 3 ] DEBUG Engine               - globalMusicVolumeProperty: DoubleProperty [value: 0.5]
20:37:18.930 [FXGL Background Thread 3 ] DEBUG Engine               - globalSoundVolume: 0.5
20:37:18.930 [FXGL Background Thread 3 ] DEBUG Engine               - globalSoundVolumeProperty: DoubleProperty [value: 0.5]
20:37:18.931 [FXGL Background Thread 3 ] DEBUG Engine               - height: 600
20:37:18.931 [FXGL Background Thread 3 ] DEBUG Engine               - is3D: false
20:37:18.931 [FXGL Background Thread 3 ] DEBUG Engine               - isAndroid: false
20:37:18.932 [FXGL Background Thread 3 ] DEBUG Engine               - isBrowser: false
20:37:18.932 [FXGL Background Thread 3 ] DEBUG Engine               - isClickFeedbackEnabled: false
20:37:18.932 [FXGL Background Thread 3 ] DEBUG Engine               - isCloseConfirmation: false
20:37:18.932 [FXGL Background Thread 3 ] DEBUG Engine               - isDesktop: true
20:37:18.932 [FXGL Background Thread 3 ] DEBUG Engine               - isDeveloperMenuEnabled: false
20:37:18.933 [FXGL Background Thread 3 ] DEBUG Engine               - isEmbedded: false
20:37:18.933 [FXGL Background Thread 3 ] DEBUG Engine               - isEntityPreloadEnabled: true
20:37:18.933 [FXGL Background Thread 3 ] DEBUG Engine               - isExperimentalTiledLargeMap: false
20:37:18.933 [FXGL Background Thread 3 ] DEBUG Engine               - isFileSystemWriteAllowed: true
20:37:18.934 [FXGL Background Thread 3 ] DEBUG Engine               - isFullScreenAllowed: false
20:37:18.934 [FXGL Background Thread 3 ] DEBUG Engine               - isFullScreenFromStart: false
20:37:18.935 [FXGL Background Thread 3 ] DEBUG Engine               - isGameMenuEnabled: true
20:37:18.935 [FXGL Background Thread 3 ] DEBUG Engine               - isIOS: false
20:37:18.935 [FXGL Background Thread 3 ] DEBUG Engine               - isIntroEnabled: false
20:37:18.936 [FXGL Background Thread 3 ] DEBUG Engine               - isLinux: false
20:37:18.936 [FXGL Background Thread 3 ] DEBUG Engine               - isMac: false
20:37:18.937 [FXGL Background Thread 3 ] DEBUG Engine               - isMainMenuEnabled: true
20:37:18.937 [FXGL Background Thread 3 ] DEBUG Engine               - isManualResizeEnabled: false
20:37:18.937 [FXGL Background Thread 3 ] DEBUG Engine               - isMobile: false
20:37:18.938 [FXGL Background Thread 3 ] DEBUG Engine               - isNative: false
20:37:18.938 [FXGL Background Thread 3 ] DEBUG Engine               - isPauseMusicWhenMinimized: true
20:37:18.938 [FXGL Background Thread 3 ] DEBUG Engine               - isPreserveResizeRatio: false
20:37:18.938 [FXGL Background Thread 3 ] DEBUG Engine               - isProfilingEnabled: false
20:37:18.938 [FXGL Background Thread 3 ] DEBUG Engine               - isScaleAffectedOnResize: true
20:37:18.939 [FXGL Background Thread 3 ] DEBUG Engine               - isSingleStep: false
20:37:18.939 [FXGL Background Thread 3 ] DEBUG Engine               - isUserProfileEnabled: false
20:37:18.939 [FXGL Background Thread 3 ] DEBUG Engine               - isWindows: true
20:37:18.940 [FXGL Background Thread 3 ] DEBUG Engine               - language: ObjectProperty [value: ENGLISH]
20:37:18.940 [FXGL Background Thread 3 ] DEBUG Engine               - menuKey: ESCAPE
20:37:18.940 [FXGL Background Thread 3 ] DEBUG Engine               - mouseSensitivity: 0.2
20:37:18.941 [FXGL Background Thread 3 ] DEBUG Engine               - notificationViewClass: class com.almasb.fxgl.notification.view.XboxNotificationView
20:37:18.941 [FXGL Background Thread 3 ] DEBUG Engine               - pixelsPerMeter: 50.0
20:37:18.941 [FXGL Background Thread 3 ] DEBUG Engine               - platform: WINDOWS
20:37:18.941 [FXGL Background Thread 3 ] DEBUG Engine               - prefHeightProperty: ReadOnlyDoubleProperty [value: 600.0]
20:37:18.942 [FXGL Background Thread 3 ] DEBUG Engine               - prefWidthProperty: ReadOnlyDoubleProperty [value: 800.0]
20:37:18.942 [FXGL Background Thread 3 ] DEBUG Engine               - profileDir: profiles/
20:37:18.942 [FXGL Background Thread 3 ] DEBUG Engine               - profileName: StringProperty [value: DEFAULT]
20:37:18.942 [FXGL Background Thread 3 ] DEBUG Engine               - randomSeed: -1
20:37:18.943 [FXGL Background Thread 3 ] DEBUG Engine               - runtimeInfo: RuntimeInfo(platform=WINDOWS, version=17.1, build=24.03.2022 17.34)
20:37:18.944 [FXGL Background Thread 3 ] DEBUG Engine               - saveFileExt: sav
20:37:18.944 [FXGL Background Thread 3 ] DEBUG Engine               - scaledHeightProp$fxgl: DoubleProperty [bound, value: 600.0]
20:37:18.944 [FXGL Background Thread 3 ] DEBUG Engine               - scaledWidthProp$fxgl: DoubleProperty [bound, value: 800.0]
20:37:18.944 [FXGL Background Thread 3 ] DEBUG Engine               - sceneFactory: com.almasb.fxgl.app.scene.SceneFactory@2d0fd4dd
20:37:18.944 [FXGL Background Thread 3 ] DEBUG Engine               - secondsIn24h: 60
20:37:18.945 [FXGL Background Thread 3 ] DEBUG Engine               - soundMenuBack: menu/back.wav
20:37:18.945 [FXGL Background Thread 3 ] DEBUG Engine               - soundMenuPress: menu/press.wav
20:37:18.945 [FXGL Background Thread 3 ] DEBUG Engine               - soundMenuSelect: menu/select.wav
20:37:18.945 [FXGL Background Thread 3 ] DEBUG Engine               - soundNotification: core/notification.wav
20:37:18.945 [FXGL Background Thread 3 ] DEBUG Engine               - stageStyle: DECORATED
20:37:18.946 [FXGL Background Thread 3 ] DEBUG Engine               - supportedLanguages: [ENGLISH, FRENCH, GERMAN, HUNGARIAN, RUSSIAN]
20:37:18.946 [FXGL Background Thread 3 ] DEBUG Engine               - ticksPerSecond: -1
20:37:18.946 [FXGL Background Thread 3 ] DEBUG Engine               - title: Bomberman
20:37:18.946 [FXGL Background Thread 3 ] DEBUG Engine               - urlGithub: https://github.com/AlmasB/FXGL
20:37:18.946 [FXGL Background Thread 3 ] DEBUG Engine               - urlLeaderboard: http://fxgl-top.herokuapp.com/
20:37:18.946 [FXGL Background Thread 3 ] DEBUG Engine               - urlPOM: https://raw.githubusercontent.com/AlmasB/FXGL/release/README.md
20:37:18.947 [FXGL Background Thread 3 ] DEBUG Engine               - userAppClass: class mangobomb.bombermango.HelloApplication
20:37:18.947 [FXGL Background Thread 3 ] DEBUG Engine               - version: 0.0
20:37:18.947 [FXGL Background Thread 3 ] DEBUG Engine               - versionCheckDays: 7
20:37:18.947 [FXGL Background Thread 3 ] DEBUG Engine               - width: 800
20:37:18.947 [FXGL Background Thread 3 ] DEBUG Engine               - Logging services
20:37:18.947 [FXGL Background Thread 3 ] DEBUG Engine               - class com.almasb.fxgl.app.services.FXGLAssetLoaderService
20:37:18.948 [FXGL Background Thread 3 ] DEBUG Engine               - class com.almasb.fxgl.app.FXGLApplication$GameApplicationService
20:37:18.948 [FXGL Background Thread 3 ] DEBUG Engine               - class com.almasb.fxgl.app.services.FXGLDialogService
20:37:18.948 [FXGL Background Thread 3 ] DEBUG Engine               - class com.almasb.fxgl.app.services.IOTaskExecutorService
20:37:18.948 [FXGL Background Thread 3 ] DEBUG Engine               - class com.almasb.fxgl.io.FileSystemService
20:37:18.948 [FXGL Background Thread 3 ] DEBUG Engine               - class com.almasb.fxgl.localization.LocalizationService
20:37:18.948 [FXGL Background Thread 3 ] DEBUG Engine               - class com.almasb.fxgl.app.services.SystemBundleService
20:37:18.949 [FXGL Background Thread 3 ] DEBUG Engine               - class com.almasb.fxgl.profile.SaveLoadService
20:37:18.949 [FXGL Background Thread 3 ] DEBUG Engine               - class com.almasb.fxgl.ui.FXGLUIFactoryServiceProvider
20:37:18.949 [FXGL Background Thread 3 ] DEBUG Engine               - class com.almasb.fxgl.ui.FXGLDialogFactoryServiceProvider
20:37:18.949 [FXGL Background Thread 3 ] DEBUG Engine               - class com.almasb.fxgl.audio.AudioPlayer
20:37:18.950 [FXGL Background Thread 3 ] DEBUG Engine               - class com.almasb.fxgl.notification.impl.NotificationServiceProvider
20:37:18.950 [FXGL Background Thread 3 ] DEBUG Engine               - class com.almasb.fxgl.achievement.AchievementService
20:37:18.950 [FXGL Background Thread 3 ] DEBUG Engine               - class com.almasb.fxgl.cutscene.CutsceneService
20:37:18.950 [FXGL Background Thread 3 ] DEBUG Engine               - class com.almasb.fxgl.minigames.MiniGameService
20:37:18.950 [FXGL Background Thread 3 ] DEBUG Engine               - class com.almasb.fxgl.net.NetService
20:37:18.950 [FXGL Background Thread 3 ] DEBUG Engine               - class com.almasb.fxgl.app.services.UpdaterService
20:37:18.951 [FXGL Background Thread 3 ] DEBUG Engine               - class com.almasb.fxgl.dev.DevService
20:37:27.149 [JavaFX Application Thread] WARN  GameWorld            - Entity is already attached to world
20:37:34.584 [JavaFX Application Thread] DEBUG FXGLApplication      - Exiting FXGL
20:37:34.584 [JavaFX Application Thread] DEBUG LoopRunner           - Stopping loop
20:37:34.584 [JavaFX Application Thread] DEBUG SystemBundleService  - Saving FXGL system data
20:37:34.586 [JavaFX Application Thread] DEBUG FileSystemAccess     - Writing to: D:\bombermango\system\fxgl.bundle
20:37:34.588 [JavaFX Application Thread] DEBUG Async                - Shutting down background threads
20:37:34.588 [JavaFX Application Thread] DEBUG PrimaryStageWindow   - Closing main window
20:37:34.615 [JavaFX Application Thread] DEBUG Logger               - Closing Logger
