08:30:54.726 [main                     ] DEBUG Logger               - Configured Logger
08:30:54.768 [main                     ] DEBUG GameApplication      - Logging settings
Title: Bomberman!
Version: 0.0
Width: 700
Height: 700
Fullscreen: false
Intro: false
Profiling: false
Single step:false
App Mode: DEVELOPER
Menu Key: ESCAPE
Stage Style: DECORATED
Scene Factory: class com.almasb.fxgl.app.scene.SceneFactory

08:30:55.306 [JavaFX Application Thread] DEBUG FXGLApplication      - Initializing FXGL
08:30:55.314 [JavaFX Application Thread] INFO  Engine               - FXGL-17.1 (24.03.2022 17.34) on WINDOWS (J:18.0.2.1 FX:18.0.1)
08:30:55.315 [JavaFX Application Thread] DEBUG Engine               - JRE Vendor Name: Oracle Corporation
08:30:55.315 [JavaFX Application Thread] DEBUG Engine               - Running on OS: Windows 10 version 10.0
08:30:55.316 [JavaFX Application Thread] DEBUG Engine               - Architecture: amd64
08:30:55.316 [JavaFX Application Thread] INFO  Engine               - Source code and latest versions at: https://github.com/AlmasB/FXGL
08:30:55.316 [JavaFX Application Thread] INFO  Engine               -       Ask questions and discuss at: https://github.com/AlmasB/FXGL/discussions
08:30:55.317 [JavaFX Application Thread] INFO  Engine               -              Join the FXGL chat at: https://gitter.im/AlmasB/FXGL
08:30:55.500 [JavaFX Application Thread] DEBUG PrimaryStageWindow   - Creating a JavaFX scene
08:30:55.500 [JavaFX Application Thread] DEBUG PrimaryStageWindow   - Target size > screen size
08:30:55.578 [JavaFX Application Thread] DEBUG PrimaryStageWindow   - Target settings size: 700.0 x 700.0
08:30:55.579 [JavaFX Application Thread] DEBUG PrimaryStageWindow   - Scaled scene size:    655.0 x 680.0
08:30:55.579 [JavaFX Application Thread] DEBUG PrimaryStageWindow   - Scaled ratio: (0.9357142857142857, 0.9714285714285714)
08:30:55.581 [JavaFX Application Thread] DEBUG PrimaryStageWindow   - Set initial scene to FXGLStartupScene
08:30:55.592 [JavaFX Application Thread] DEBUG PrimaryStageWindow   - Opening main window
08:30:55.724 [JavaFX Application Thread] DEBUG PrimaryStageWindow   - Window border size: (15.0, 37.33331298828125)
08:30:55.726 [JavaFX Application Thread] DEBUG PrimaryStageWindow   - Scaled size: 655.0 x 680.0
08:30:55.727 [JavaFX Application Thread] DEBUG PrimaryStageWindow   - Scaled ratio: (0.9357142857142857, 0.9714285714285714)
08:30:55.728 [JavaFX Application Thread] DEBUG PrimaryStageWindow   - Scene size: 655.0 x 680.0
08:30:55.728 [JavaFX Application Thread] DEBUG PrimaryStageWindow   - Stage size: 670.0 x 717.3333129882812
08:30:55.742 [FXGL Background Thread 1 ] DEBUG Engine               - Initializing environment variables
08:30:55.840 [FXGL Background Thread 1 ] DEBUG FXGLAssetLoaderServi - User app class for loading assets: class mangobomb.bombermango.HelloApplication
08:30:55.841 [FXGL Background Thread 1 ] DEBUG GameApplicationServi - Applying CSS: fxgl_dark.css
08:30:55.842 [FXGL Background Thread 1 ] DEBUG FXGLAssetLoaderServi - Loading from file system: jar:file:/C:/Users/Admin/.m2/repository/com/github/almasb/fxgl/17.1/fxgl-17.1.jar!/fxglassets/ui/css/fxgl_dark.css
08:30:55.928 [FXGL Background Thread 1 ] DEBUG GameApplicationServi - Initializing application scenes
08:30:56.031 [FXGL Background Thread 1 ] DEBUG GameWorld            - Game world initialized
08:30:56.111 [FXGL Background Thread 1 ] DEBUG PhysicsWorld         - Physics world initialized: appHeight=700, physics.ppm=50.0
08:30:56.112 [FXGL Background Thread 1 ] DEBUG PhysicsWorld         - Using strategy: BRUTE_FORCE
08:30:56.118 [FXGL Background Thread 1 ] DEBUG GameScene            - Game scene initialized: 700x700
08:30:56.136 [FXGL Background Thread 1 ] WARN  FXGL.DefaultMenu     - FXGLDefaultMenu is not designed for resolutions < 800x600
08:30:56.136 [FXGL Background Thread 1 ] DEBUG FXGL.DefaultMenu     - createMenuBodyGameMenu()
08:30:56.163 [FXGL Background Thread 1 ] DEBUG FXGL.DefaultMenu     - createOptionsMenu()
08:30:56.182 [FXGL Background Thread 1 ] DEBUG FXGLAssetLoaderServi - Loading from file system: jar:file:/C:/Users/Admin/.m2/repository/com/github/almasb/fxgl/17.1/fxgl-17.1.jar!/fxglassets/textures/particles/smoke.png
08:30:56.347 [FXGL Background Thread 1 ] DEBUG FXGLAssetLoaderServi - Loading from file system: jar:file:/C:/Users/Admin/.m2/repository/com/github/almasb/fxgl/17.1/fxgl-17.1.jar!/fxglassets/textures/particles/trace_horizontal.png
08:30:56.398 [FXGL Background Thread 1 ] DEBUG GameApplicationServi - Application scenes initialized
08:30:56.447 [FXGL Background Thread 1 ] DEBUG SystemBundleService  - Loading FXGL system data
08:30:56.455 [FXGL Background Thread 1 ] DEBUG FileSystemAccess     - Reading from: D:\bombermango\system\fxgl.bundle
08:30:56.472 [FXGL Background Thread 1 ] DEBUG SystemBundleService  - Bundle FXGL: {}
08:30:56.472 [FXGL Background Thread 1 ] DEBUG UpdaterService       - Checking for updates
08:30:56.480 [FXGL Background Thread 1 ] DEBUG FXGLApplication      - Loading default localization
08:30:56.481 [FXGL Background Thread 1 ] DEBUG FXGLAssetLoaderServi - Loading from file system: jar:file:/C:/Users/Admin/.m2/repository/com/github/almasb/fxgl/17.1/fxgl-17.1.jar!/fxglassets/languages/english.lang
08:30:56.510 [FXGL Background Thread 4 ] DEBUG FXGLApplication      - Loading fonts
08:30:56.511 [FXGL Background Thread 1 ] INFO  FXGLApplication      - FXGL initialization took: 0.768 sec
08:30:56.510 [FXGL Background Thread 4 ] DEBUG FXGLAssetLoaderServi - Loading from file system: jar:file:/C:/Users/Admin/.m2/repository/com/github/almasb/fxgl/17.1/fxgl-17.1.jar!/fxglassets/ui/fonts/VarelaRound-Regular.ttf
08:30:56.526 [JavaFX Application Thread] DEBUG Input                - Registered new binding: Up 1 - W
08:30:56.526 [JavaFX Application Thread] DEBUG Input                - Registered new binding: Left 1 - A
08:30:56.526 [JavaFX Application Thread] DEBUG Input                - Registered new binding: Down 1 - S
08:30:56.527 [JavaFX Application Thread] DEBUG Input                - Registered new binding: Right 1 - D
08:30:56.527 [JavaFX Application Thread] DEBUG FXGLAssetLoaderServi - Loading from file system: jar:file:/C:/Users/Admin/.m2/repository/com/github/almasb/fxgl/17.1/fxgl-17.1.jar!/fxglassets/textures/fxgl_icon.png
08:30:56.562 [JavaFX Application Thread] DEBUG FXGLAssetLoaderServi - Loading from file system: jar:file:/C:/Users/Admin/.m2/repository/com/github/almasb/fxgl/17.1/fxgl-17.1.jar!/fxglassets/textures/fxgl_default_cursor.png
08:30:56.565 [JavaFX Application Thread] DEBUG Input                - Registered new binding: Screenshot - CTRL+8
08:30:56.565 [JavaFX Application Thread] DEBUG Input                - Registered new binding: System info dump - CTRL+9
08:30:56.566 [JavaFX Application Thread] DEBUG Input                - Registered new binding: Restart - CTRL+R
08:30:56.567 [JavaFX Application Thread] DEBUG Input                - Registered new binding: Toggle Debug Camera - CTRL+7
08:30:56.571 [JavaFX Application Thread] DEBUG LoopRunner           - Starting loop
08:30:56.571 [JavaFX Application Thread] DEBUG LoopRunner           - Initializing JavaFX AnimationTimerLoop
08:30:56.573 [JavaFX Application Thread] DEBUG GameApplicationServi - Starting new game
08:30:56.574 [JavaFX Application Thread] DEBUG Input                - Clearing active input actions
08:30:56.649 [JavaFX Application Thread] DEBUG GameApplicationServi - Removing overlay from FXGLStartupScene and adding to FXGLLoadingScene
08:30:56.650 [JavaFX Application Thread] DEBUG PrimaryStageWindow   - FXGLStartupScene -> FXGLLoadingScene
08:30:56.650 [JavaFX Application Thread] DEBUG GameApplicationServi - Clearing previous game
08:30:56.650 [JavaFX Application Thread] DEBUG GameScene            - Clearing game scene
08:30:56.650 [JavaFX Application Thread] DEBUG GameWorld            - Clearing game world
08:30:56.650 [JavaFX Application Thread] DEBUG PhysicsWorld         - Clearing physics world
08:30:56.652 [FXGL Background Thread 1 ] DEBUG FXGLApplication      - Initializing game
08:30:56.679 [FXGL Background Thread 1 ] DEBUG FXGLAssetLoaderServi - Loading from file system: file:/D:/bombermango/target/classes/assets/textures/sprites/player_left.png
08:30:56.681 [FXGL Background Thread 1 ] DEBUG FXGLAssetLoaderServi - Loading from file system: file:/D:/bombermango/target/classes/assets/textures/sprites/player_left_1.png
08:30:56.682 [FXGL Background Thread 1 ] DEBUG FXGLAssetLoaderServi - Loading from file system: file:/D:/bombermango/target/classes/assets/textures/sprites/player_left_2.png
08:30:56.767 [FXGL Background Thread 1 ] INFO  FXGLApplication      - Game initialization took: 0.115 sec
08:30:56.895 [FXGL Background Thread 4 ] DEBUG FXGLAssetLoaderServi - Loading from file system: jar:file:/C:/Users/Admin/.m2/repository/com/github/almasb/fxgl/17.1/fxgl-17.1.jar!/fxglassets/ui/fonts/Abel-Regular.ttf
08:30:56.900 [FXGL Background Thread 4 ] DEBUG FXGLAssetLoaderServi - Loading from file system: jar:file:/C:/Users/Admin/.m2/repository/com/github/almasb/fxgl/17.1/fxgl-17.1.jar!/fxglassets/ui/fonts/TerminalLandMono-Regular.otf
08:30:56.907 [FXGL Background Thread 4 ] DEBUG FXGLAssetLoaderServi - Loading from file system: jar:file:/C:/Users/Admin/.m2/repository/com/github/almasb/fxgl/17.1/fxgl-17.1.jar!/fxglassets/ui/fonts/Courier-Prime.ttf
08:30:56.963 [JavaFX Application Thread] DEBUG Input                - Clearing active input actions
08:30:56.976 [JavaFX Application Thread] DEBUG GameApplicationServi - Removing overlay from FXGLLoadingScene and adding to GameScene
08:30:56.977 [JavaFX Application Thread] DEBUG PrimaryStageWindow   - FXGLLoadingScene -> GameScene
08:30:56.977 [JavaFX Application Thread] DEBUG FXGLApplication      - Registering font factories with UI factory
08:30:57.488 [FXGL Background Thread 2 ] INFO  UpdaterService       - Your current version:  17.1
08:30:57.489 [FXGL Background Thread 2 ] INFO  UpdaterService       - Latest stable version: 17.2
08:30:59.484 [FXGL Background Thread 3 ] DEBUG Engine               - Logging environment variables
08:30:59.486 [FXGL Background Thread 3 ] DEBUG Engine               - achievements: []
08:30:59.486 [FXGL Background Thread 3 ] DEBUG Engine               - actualHeight: 680.0
08:30:59.487 [FXGL Background Thread 3 ] DEBUG Engine               - actualHeightProperty: ReadOnlyDoubleProperty [value: 680.0]
08:30:59.487 [FXGL Background Thread 3 ] DEBUG Engine               - actualWidth: 655.0
08:30:59.487 [FXGL Background Thread 3 ] DEBUG Engine               - actualWidthProperty: ReadOnlyDoubleProperty [value: 655.0]
08:30:59.487 [FXGL Background Thread 3 ] DEBUG Engine               - appIcon: fxgl_icon.png
08:30:59.487 [FXGL Background Thread 3 ] DEBUG Engine               - applicationMode: DEVELOPER
08:30:59.488 [FXGL Background Thread 3 ] DEBUG Engine               - cSSList: [fxgl_dark.css]
08:30:59.488 [FXGL Background Thread 3 ] DEBUG Engine               - collisionDetectionStrategy: BRUTE_FORCE
08:30:59.488 [FXGL Background Thread 3 ] DEBUG Engine               - configClass: Optional.empty
08:30:59.488 [FXGL Background Thread 3 ] DEBUG Engine               - credits: []
08:30:59.490 [FXGL Background Thread 3 ] DEBUG Engine               - defaultCursor: CursorInfo(imageName=fxgl_default_cursor.png, hotspotX=7.0, hotspotY=6.0)
08:30:59.490 [FXGL Background Thread 3 ] DEBUG Engine               - devBBoxColorProperty: ObjectProperty [value: 0xff0000ff]
08:30:59.491 [FXGL Background Thread 3 ] DEBUG Engine               - devEnableDebugCameraProperty: BooleanProperty [value: false]
08:30:59.491 [FXGL Background Thread 3 ] DEBUG Engine               - devSensorColorProperty: ObjectProperty [value: 0xffff00ff]
08:30:59.491 [FXGL Background Thread 3 ] DEBUG Engine               - devShowBBoxProperty: BooleanProperty [value: false]
08:30:59.491 [FXGL Background Thread 3 ] DEBUG Engine               - devShowPositionProperty: BooleanProperty [value: false]
08:30:59.492 [FXGL Background Thread 3 ] DEBUG Engine               - enabledMenuItems: []
08:30:59.492 [FXGL Background Thread 3 ] DEBUG Engine               - engineServices: [class com.almasb.fxgl.app.services.FXGLAssetLoaderService, class com.almasb.fxgl.app.FXGLApplication$GameApplicationService, class com.almasb.fxgl.app.services.FXGLDialogService, class com.almasb.fxgl.app.services.IOTaskExecutorService, class com.almasb.fxgl.io.FileSystemService, class com.almasb.fxgl.localization.LocalizationService, class com.almasb.fxgl.app.services.SystemBundleService, class com.almasb.fxgl.profile.SaveLoadService, class com.almasb.fxgl.ui.FXGLUIFactoryServiceProvider, class com.almasb.fxgl.ui.FXGLDialogFactoryServiceProvider, class com.almasb.fxgl.audio.AudioPlayer, class com.almasb.fxgl.notification.impl.NotificationServiceProvider, class com.almasb.fxgl.achievement.AchievementService, class com.almasb.fxgl.cutscene.CutsceneService, class com.almasb.fxgl.minigames.MiniGameService, class com.almasb.fxgl.net.NetService, class com.almasb.fxgl.app.services.UpdaterService, class com.almasb.fxgl.dev.DevService]
08:30:59.492 [FXGL Background Thread 3 ] DEBUG Engine               - fontGame: Abel-Regular.ttf
08:30:59.492 [FXGL Background Thread 3 ] DEBUG Engine               - fontMono: TerminalLandMono-Regular.otf
08:30:59.492 [FXGL Background Thread 3 ] DEBUG Engine               - fontText: Courier-Prime.ttf
08:30:59.493 [FXGL Background Thread 3 ] DEBUG Engine               - fontUI: VarelaRound-Regular.ttf
08:30:59.494 [FXGL Background Thread 3 ] DEBUG Engine               - fullScreen: BooleanProperty [value: false]
08:30:59.494 [FXGL Background Thread 3 ] DEBUG Engine               - gameDifficulty: MEDIUM
08:30:59.494 [FXGL Background Thread 3 ] DEBUG Engine               - gameDifficultyProperty: ObjectProperty [value: MEDIUM]
08:30:59.495 [FXGL Background Thread 3 ] DEBUG Engine               - globalMusicVolume: 0.5
08:30:59.495 [FXGL Background Thread 3 ] DEBUG Engine               - globalMusicVolumeProperty: DoubleProperty [value: 0.5]
08:30:59.496 [FXGL Background Thread 3 ] DEBUG Engine               - globalSoundVolume: 0.5
08:30:59.496 [FXGL Background Thread 3 ] DEBUG Engine               - globalSoundVolumeProperty: DoubleProperty [value: 0.5]
08:30:59.496 [FXGL Background Thread 3 ] DEBUG Engine               - height: 700
08:30:59.496 [FXGL Background Thread 3 ] DEBUG Engine               - is3D: false
08:30:59.497 [FXGL Background Thread 3 ] DEBUG Engine               - isAndroid: false
08:30:59.497 [FXGL Background Thread 3 ] DEBUG Engine               - isBrowser: false
08:30:59.497 [FXGL Background Thread 3 ] DEBUG Engine               - isClickFeedbackEnabled: false
08:30:59.498 [FXGL Background Thread 3 ] DEBUG Engine               - isCloseConfirmation: false
08:30:59.498 [FXGL Background Thread 3 ] DEBUG Engine               - isDesktop: true
08:30:59.499 [FXGL Background Thread 3 ] DEBUG Engine               - isDeveloperMenuEnabled: false
08:30:59.499 [FXGL Background Thread 3 ] DEBUG Engine               - isEmbedded: false
08:30:59.499 [FXGL Background Thread 3 ] DEBUG Engine               - isEntityPreloadEnabled: true
08:30:59.499 [FXGL Background Thread 3 ] DEBUG Engine               - isExperimentalTiledLargeMap: false
08:30:59.500 [FXGL Background Thread 3 ] DEBUG Engine               - isFileSystemWriteAllowed: true
08:30:59.500 [FXGL Background Thread 3 ] DEBUG Engine               - isFullScreenAllowed: false
08:30:59.500 [FXGL Background Thread 3 ] DEBUG Engine               - isFullScreenFromStart: false
08:30:59.501 [FXGL Background Thread 3 ] DEBUG Engine               - isGameMenuEnabled: true
08:30:59.501 [FXGL Background Thread 3 ] DEBUG Engine               - isIOS: false
08:30:59.501 [FXGL Background Thread 3 ] DEBUG Engine               - isIntroEnabled: false
08:30:59.502 [FXGL Background Thread 3 ] DEBUG Engine               - isLinux: false
08:30:59.502 [FXGL Background Thread 3 ] DEBUG Engine               - isMac: false
08:30:59.502 [FXGL Background Thread 3 ] DEBUG Engine               - isMainMenuEnabled: false
08:30:59.502 [FXGL Background Thread 3 ] DEBUG Engine               - isManualResizeEnabled: false
08:30:59.503 [FXGL Background Thread 3 ] DEBUG Engine               - isMobile: false
08:30:59.503 [FXGL Background Thread 3 ] DEBUG Engine               - isNative: false
08:30:59.503 [FXGL Background Thread 3 ] DEBUG Engine               - isPauseMusicWhenMinimized: true
08:30:59.504 [FXGL Background Thread 3 ] DEBUG Engine               - isPreserveResizeRatio: false
08:30:59.504 [FXGL Background Thread 3 ] DEBUG Engine               - isProfilingEnabled: false
08:30:59.505 [FXGL Background Thread 3 ] DEBUG Engine               - isScaleAffectedOnResize: true
08:30:59.505 [FXGL Background Thread 3 ] DEBUG Engine               - isSingleStep: false
08:30:59.505 [FXGL Background Thread 3 ] DEBUG Engine               - isUserProfileEnabled: false
08:30:59.506 [FXGL Background Thread 3 ] DEBUG Engine               - isWindows: true
08:30:59.506 [FXGL Background Thread 3 ] DEBUG Engine               - language: ObjectProperty [value: ENGLISH]
08:30:59.506 [FXGL Background Thread 3 ] DEBUG Engine               - menuKey: ESCAPE
08:30:59.507 [FXGL Background Thread 3 ] DEBUG Engine               - mouseSensitivity: 0.2
08:30:59.507 [FXGL Background Thread 3 ] DEBUG Engine               - notificationViewClass: class com.almasb.fxgl.notification.view.XboxNotificationView
08:30:59.507 [FXGL Background Thread 3 ] DEBUG Engine               - pixelsPerMeter: 50.0
08:30:59.507 [FXGL Background Thread 3 ] DEBUG Engine               - platform: WINDOWS
08:30:59.508 [FXGL Background Thread 3 ] DEBUG Engine               - prefHeightProperty: ReadOnlyDoubleProperty [value: 700.0]
08:30:59.508 [FXGL Background Thread 3 ] DEBUG Engine               - prefWidthProperty: ReadOnlyDoubleProperty [value: 700.0]
08:30:59.509 [FXGL Background Thread 3 ] DEBUG Engine               - profileDir: profiles/
08:30:59.509 [FXGL Background Thread 3 ] DEBUG Engine               - profileName: StringProperty [value: DEFAULT]
08:30:59.510 [FXGL Background Thread 3 ] DEBUG Engine               - randomSeed: -1
08:30:59.511 [FXGL Background Thread 3 ] DEBUG Engine               - runtimeInfo: RuntimeInfo(platform=WINDOWS, version=17.1, build=24.03.2022 17.34)
08:30:59.512 [FXGL Background Thread 3 ] DEBUG Engine               - saveFileExt: sav
08:30:59.512 [FXGL Background Thread 3 ] DEBUG Engine               - scaledHeightProp$fxgl: DoubleProperty [bound, value: 680.0]
08:30:59.512 [FXGL Background Thread 3 ] DEBUG Engine               - scaledWidthProp$fxgl: DoubleProperty [bound, value: 655.0]
08:30:59.513 [FXGL Background Thread 3 ] DEBUG Engine               - sceneFactory: com.almasb.fxgl.app.scene.SceneFactory@7435ebec
08:30:59.514 [FXGL Background Thread 3 ] DEBUG Engine               - secondsIn24h: 60
08:30:59.515 [FXGL Background Thread 3 ] DEBUG Engine               - soundMenuBack: menu/back.wav
08:30:59.516 [FXGL Background Thread 3 ] DEBUG Engine               - soundMenuPress: menu/press.wav
08:30:59.517 [FXGL Background Thread 3 ] DEBUG Engine               - soundMenuSelect: menu/select.wav
08:30:59.517 [FXGL Background Thread 3 ] DEBUG Engine               - soundNotification: core/notification.wav
08:30:59.517 [FXGL Background Thread 3 ] DEBUG Engine               - stageStyle: DECORATED
08:30:59.517 [FXGL Background Thread 3 ] DEBUG Engine               - supportedLanguages: [ENGLISH, FRENCH, GERMAN, HUNGARIAN, RUSSIAN]
08:30:59.517 [FXGL Background Thread 3 ] DEBUG Engine               - ticksPerSecond: -1
08:30:59.518 [FXGL Background Thread 3 ] DEBUG Engine               - title: Bomberman!
08:30:59.518 [FXGL Background Thread 3 ] DEBUG Engine               - urlGithub: https://github.com/AlmasB/FXGL
08:30:59.518 [FXGL Background Thread 3 ] DEBUG Engine               - urlLeaderboard: http://fxgl-top.herokuapp.com/
08:30:59.518 [FXGL Background Thread 3 ] DEBUG Engine               - urlPOM: https://raw.githubusercontent.com/AlmasB/FXGL/release/README.md
08:30:59.518 [FXGL Background Thread 3 ] DEBUG Engine               - userAppClass: class mangobomb.bombermango.HelloApplication
08:30:59.518 [FXGL Background Thread 3 ] DEBUG Engine               - version: 0.0
08:30:59.519 [FXGL Background Thread 3 ] DEBUG Engine               - versionCheckDays: 7
08:30:59.519 [FXGL Background Thread 3 ] DEBUG Engine               - width: 700
08:30:59.519 [FXGL Background Thread 3 ] DEBUG Engine               - Logging services
08:30:59.519 [FXGL Background Thread 3 ] DEBUG Engine               - class com.almasb.fxgl.app.services.FXGLAssetLoaderService
08:30:59.520 [FXGL Background Thread 3 ] DEBUG Engine               - class com.almasb.fxgl.app.FXGLApplication$GameApplicationService
08:30:59.520 [FXGL Background Thread 3 ] DEBUG Engine               - class com.almasb.fxgl.app.services.FXGLDialogService
08:30:59.520 [FXGL Background Thread 3 ] DEBUG Engine               - class com.almasb.fxgl.app.services.IOTaskExecutorService
08:30:59.520 [FXGL Background Thread 3 ] DEBUG Engine               - class com.almasb.fxgl.io.FileSystemService
08:30:59.521 [FXGL Background Thread 3 ] DEBUG Engine               - class com.almasb.fxgl.localization.LocalizationService
08:30:59.521 [FXGL Background Thread 3 ] DEBUG Engine               - class com.almasb.fxgl.app.services.SystemBundleService
08:30:59.521 [FXGL Background Thread 3 ] DEBUG Engine               - class com.almasb.fxgl.profile.SaveLoadService
08:30:59.522 [FXGL Background Thread 3 ] DEBUG Engine               - class com.almasb.fxgl.ui.FXGLUIFactoryServiceProvider
08:30:59.522 [FXGL Background Thread 3 ] DEBUG Engine               - class com.almasb.fxgl.ui.FXGLDialogFactoryServiceProvider
08:30:59.522 [FXGL Background Thread 3 ] DEBUG Engine               - class com.almasb.fxgl.audio.AudioPlayer
08:30:59.522 [FXGL Background Thread 3 ] DEBUG Engine               - class com.almasb.fxgl.notification.impl.NotificationServiceProvider
08:30:59.523 [FXGL Background Thread 3 ] DEBUG Engine               - class com.almasb.fxgl.achievement.AchievementService
08:30:59.523 [FXGL Background Thread 3 ] DEBUG Engine               - class com.almasb.fxgl.cutscene.CutsceneService
08:30:59.523 [FXGL Background Thread 3 ] DEBUG Engine               - class com.almasb.fxgl.minigames.MiniGameService
08:30:59.523 [FXGL Background Thread 3 ] DEBUG Engine               - class com.almasb.fxgl.net.NetService
08:30:59.524 [FXGL Background Thread 3 ] DEBUG Engine               - class com.almasb.fxgl.app.services.UpdaterService
08:30:59.525 [FXGL Background Thread 3 ] DEBUG Engine               - class com.almasb.fxgl.dev.DevService
08:31:14.788 [JavaFX Application Thread] DEBUG FXGLApplication      - Exiting FXGL
08:31:14.788 [JavaFX Application Thread] DEBUG LoopRunner           - Stopping loop
08:31:14.788 [JavaFX Application Thread] DEBUG SystemBundleService  - Saving FXGL system data
08:31:14.790 [JavaFX Application Thread] DEBUG FileSystemAccess     - Writing to: D:\bombermango\system\fxgl.bundle
08:31:14.792 [JavaFX Application Thread] DEBUG Async                - Shutting down background threads
08:31:14.792 [JavaFX Application Thread] DEBUG PrimaryStageWindow   - Closing main window
08:31:14.814 [JavaFX Application Thread] DEBUG Logger               - Closing Logger
