08:37:59.953 [main                     ] DEBUG Logger               - Configured Logger
08:37:59.996 [main                     ] DEBUG GameApplication      - Logging settings
Title: Bomberman!
Version: 0.0
Width: 700
Height: 700
Fullscreen: false
Intro: false
Profiling: false
Single step:false
App Mode: DEVELOPER
Menu Key: ESCAPE
Stage Style: DECORATED
Scene Factory: class com.almasb.fxgl.app.scene.SceneFactory

08:38:00.530 [JavaFX Application Thread] DEBUG FXGLApplication      - Initializing FXGL
08:38:00.540 [JavaFX Application Thread] INFO  Engine               - FXGL-17.1 (24.03.2022 17.34) on WINDOWS (J:18.0.2.1 FX:18.0.1)
08:38:00.541 [JavaFX Application Thread] DEBUG Engine               - JRE Vendor Name: Oracle Corporation
08:38:00.541 [JavaFX Application Thread] DEBUG Engine               - Running on OS: Windows 10 version 10.0
08:38:00.541 [JavaFX Application Thread] DEBUG Engine               - Architecture: amd64
08:38:00.541 [JavaFX Application Thread] INFO  Engine               - Source code and latest versions at: https://github.com/AlmasB/FXGL
08:38:00.542 [JavaFX Application Thread] INFO  Engine               -       Ask questions and discuss at: https://github.com/AlmasB/FXGL/discussions
08:38:00.542 [JavaFX Application Thread] INFO  Engine               -              Join the FXGL chat at: https://gitter.im/AlmasB/FXGL
08:38:00.724 [JavaFX Application Thread] DEBUG PrimaryStageWindow   - Creating a JavaFX scene
08:38:00.724 [JavaFX Application Thread] DEBUG PrimaryStageWindow   - Target size > screen size
08:38:00.801 [JavaFX Application Thread] DEBUG PrimaryStageWindow   - Target settings size: 700.0 x 700.0
08:38:00.801 [JavaFX Application Thread] DEBUG PrimaryStageWindow   - Scaled scene size:    655.0 x 680.0
08:38:00.802 [JavaFX Application Thread] DEBUG PrimaryStageWindow   - Scaled ratio: (0.9357142857142857, 0.9714285714285714)
08:38:00.803 [JavaFX Application Thread] DEBUG PrimaryStageWindow   - Set initial scene to FXGLStartupScene
08:38:00.818 [JavaFX Application Thread] DEBUG PrimaryStageWindow   - Opening main window
08:38:00.952 [JavaFX Application Thread] DEBUG PrimaryStageWindow   - Window border size: (15.0, 37.33331298828125)
08:38:00.952 [JavaFX Application Thread] DEBUG PrimaryStageWindow   - Scaled size: 655.0 x 680.0
08:38:00.953 [JavaFX Application Thread] DEBUG PrimaryStageWindow   - Scaled ratio: (0.9357142857142857, 0.9714285714285714)
08:38:00.954 [JavaFX Application Thread] DEBUG PrimaryStageWindow   - Scene size: 655.0 x 680.0
08:38:00.955 [JavaFX Application Thread] DEBUG PrimaryStageWindow   - Stage size: 670.0 x 717.3333129882812
08:38:00.968 [FXGL Background Thread 1 ] DEBUG Engine               - Initializing environment variables
08:38:01.062 [FXGL Background Thread 1 ] DEBUG FXGLAssetLoaderServi - User app class for loading assets: class mangobomb.bombermango.HelloApplication
08:38:01.062 [FXGL Background Thread 1 ] DEBUG GameApplicationServi - Applying CSS: fxgl_dark.css
08:38:01.064 [FXGL Background Thread 1 ] DEBUG FXGLAssetLoaderServi - Loading from file system: jar:file:/C:/Users/Admin/.m2/repository/com/github/almasb/fxgl/17.1/fxgl-17.1.jar!/fxglassets/ui/css/fxgl_dark.css
08:38:01.143 [FXGL Background Thread 1 ] DEBUG GameApplicationServi - Initializing application scenes
08:38:01.259 [FXGL Background Thread 1 ] DEBUG GameWorld            - Game world initialized
08:38:01.380 [FXGL Background Thread 1 ] DEBUG PhysicsWorld         - Physics world initialized: appHeight=700, physics.ppm=50.0
08:38:01.381 [FXGL Background Thread 1 ] DEBUG PhysicsWorld         - Using strategy: BRUTE_FORCE
08:38:01.387 [FXGL Background Thread 1 ] DEBUG GameScene            - Game scene initialized: 700x700
08:38:01.406 [FXGL Background Thread 1 ] WARN  FXGL.DefaultMenu     - FXGLDefaultMenu is not designed for resolutions < 800x600
08:38:01.407 [FXGL Background Thread 1 ] DEBUG FXGL.DefaultMenu     - createMenuBodyGameMenu()
08:38:01.434 [FXGL Background Thread 1 ] DEBUG FXGL.DefaultMenu     - createOptionsMenu()
08:38:01.454 [FXGL Background Thread 1 ] DEBUG FXGLAssetLoaderServi - Loading from file system: jar:file:/C:/Users/Admin/.m2/repository/com/github/almasb/fxgl/17.1/fxgl-17.1.jar!/fxglassets/textures/particles/smoke.png
08:38:01.616 [FXGL Background Thread 1 ] DEBUG FXGLAssetLoaderServi - Loading from file system: jar:file:/C:/Users/Admin/.m2/repository/com/github/almasb/fxgl/17.1/fxgl-17.1.jar!/fxglassets/textures/particles/trace_horizontal.png
08:38:01.681 [FXGL Background Thread 1 ] DEBUG GameApplicationServi - Application scenes initialized
08:38:01.703 [FXGL Background Thread 1 ] DEBUG SystemBundleService  - Loading FXGL system data
08:38:01.711 [FXGL Background Thread 1 ] DEBUG FileSystemAccess     - Reading from: D:\bombermango\system\fxgl.bundle
08:38:01.731 [FXGL Background Thread 1 ] DEBUG SystemBundleService  - Bundle FXGL: {}
08:38:01.731 [FXGL Background Thread 1 ] DEBUG UpdaterService       - Checking for updates
08:38:01.738 [FXGL Background Thread 1 ] DEBUG FXGLApplication      - Loading default localization
08:38:01.739 [FXGL Background Thread 1 ] DEBUG FXGLAssetLoaderServi - Loading from file system: jar:file:/C:/Users/Admin/.m2/repository/com/github/almasb/fxgl/17.1/fxgl-17.1.jar!/fxglassets/languages/english.lang
08:38:01.768 [FXGL Background Thread 1 ] INFO  FXGLApplication      - FXGL initialization took: 0.801 sec
08:38:01.785 [JavaFX Application Thread] DEBUG Input                - Registered new binding: Up 1 - W
08:38:01.785 [JavaFX Application Thread] DEBUG Input                - Registered new binding: Left 1 - A
08:38:01.786 [JavaFX Application Thread] DEBUG Input                - Registered new binding: Down 1 - S
08:38:01.786 [JavaFX Application Thread] DEBUG Input                - Registered new binding: Right 1 - D
08:38:01.786 [JavaFX Application Thread] DEBUG FXGLAssetLoaderServi - Loading from file system: jar:file:/C:/Users/Admin/.m2/repository/com/github/almasb/fxgl/17.1/fxgl-17.1.jar!/fxglassets/textures/fxgl_icon.png
08:38:01.818 [FXGL Background Thread 4 ] DEBUG FXGLApplication      - Loading fonts
08:38:01.823 [JavaFX Application Thread] DEBUG FXGLAssetLoaderServi - Loading from file system: jar:file:/C:/Users/Admin/.m2/repository/com/github/almasb/fxgl/17.1/fxgl-17.1.jar!/fxglassets/textures/fxgl_default_cursor.png
08:38:01.826 [JavaFX Application Thread] DEBUG Input                - Registered new binding: Screenshot - CTRL+8
08:38:01.827 [FXGL Background Thread 4 ] DEBUG FXGLAssetLoaderServi - Loading from file system: jar:file:/C:/Users/Admin/.m2/repository/com/github/almasb/fxgl/17.1/fxgl-17.1.jar!/fxglassets/ui/fonts/VarelaRound-Regular.ttf
08:38:01.827 [JavaFX Application Thread] DEBUG Input                - Registered new binding: System info dump - CTRL+9
08:38:01.828 [JavaFX Application Thread] DEBUG Input                - Registered new binding: Restart - CTRL+R
08:38:01.829 [JavaFX Application Thread] DEBUG Input                - Registered new binding: Toggle Debug Camera - CTRL+7
08:38:01.833 [JavaFX Application Thread] DEBUG LoopRunner           - Starting loop
08:38:01.833 [JavaFX Application Thread] DEBUG LoopRunner           - Initializing JavaFX AnimationTimerLoop
08:38:01.835 [JavaFX Application Thread] DEBUG GameApplicationServi - Starting new game
08:38:01.836 [JavaFX Application Thread] DEBUG Input                - Clearing active input actions
08:38:01.890 [JavaFX Application Thread] DEBUG GameApplicationServi - Removing overlay from FXGLStartupScene and adding to FXGLLoadingScene
08:38:01.891 [JavaFX Application Thread] DEBUG PrimaryStageWindow   - FXGLStartupScene -> FXGLLoadingScene
08:38:01.891 [JavaFX Application Thread] DEBUG GameApplicationServi - Clearing previous game
08:38:01.892 [JavaFX Application Thread] DEBUG GameScene            - Clearing game scene
08:38:01.892 [JavaFX Application Thread] DEBUG GameWorld            - Clearing game world
08:38:01.892 [JavaFX Application Thread] DEBUG PhysicsWorld         - Clearing physics world
08:38:01.894 [FXGL Background Thread 1 ] DEBUG FXGLApplication      - Initializing game
08:38:01.918 [FXGL Background Thread 1 ] DEBUG FXGLAssetLoaderServi - Loading from file system: file:/D:/bombermango/target/classes/assets/textures/sprites/player_left.png
08:38:01.922 [FXGL Background Thread 1 ] DEBUG FXGLAssetLoaderServi - Loading from file system: file:/D:/bombermango/target/classes/assets/textures/sprites/player_left_1.png
08:38:01.923 [FXGL Background Thread 1 ] DEBUG FXGLAssetLoaderServi - Loading from file system: file:/D:/bombermango/target/classes/assets/textures/sprites/player_left_2.png
08:38:01.955 [FXGL Background Thread 1 ] INFO  FXGLApplication      - Game initialization took: 0.062 sec
08:38:02.027 [JavaFX Application Thread] DEBUG Input                - Clearing active input actions
08:38:02.041 [JavaFX Application Thread] DEBUG GameApplicationServi - Removing overlay from FXGLLoadingScene and adding to GameScene
08:38:02.042 [JavaFX Application Thread] DEBUG PrimaryStageWindow   - FXGLLoadingScene -> GameScene
08:38:02.175 [FXGL Background Thread 4 ] DEBUG FXGLAssetLoaderServi - Loading from file system: jar:file:/C:/Users/Admin/.m2/repository/com/github/almasb/fxgl/17.1/fxgl-17.1.jar!/fxglassets/ui/fonts/Abel-Regular.ttf
08:38:02.180 [FXGL Background Thread 4 ] DEBUG FXGLAssetLoaderServi - Loading from file system: jar:file:/C:/Users/Admin/.m2/repository/com/github/almasb/fxgl/17.1/fxgl-17.1.jar!/fxglassets/ui/fonts/TerminalLandMono-Regular.otf
08:38:02.186 [FXGL Background Thread 4 ] DEBUG FXGLAssetLoaderServi - Loading from file system: jar:file:/C:/Users/Admin/.m2/repository/com/github/almasb/fxgl/17.1/fxgl-17.1.jar!/fxglassets/ui/fonts/Courier-Prime.ttf
08:38:02.298 [JavaFX Application Thread] DEBUG FXGLApplication      - Registering font factories with UI factory
08:38:03.504 [FXGL Background Thread 2 ] INFO  UpdaterService       - Your current version:  17.1
08:38:03.505 [FXGL Background Thread 2 ] INFO  UpdaterService       - Latest stable version: 17.2
08:38:03.937 [JavaFX Application Thread] DEBUG FXGLApplication      - Exiting FXGL
08:38:03.937 [JavaFX Application Thread] DEBUG LoopRunner           - Stopping loop
08:38:03.938 [JavaFX Application Thread] DEBUG SystemBundleService  - Saving FXGL system data
08:38:03.939 [JavaFX Application Thread] DEBUG FileSystemAccess     - Writing to: D:\bombermango\system\fxgl.bundle
08:38:03.943 [JavaFX Application Thread] DEBUG Async                - Shutting down background threads
08:38:03.943 [JavaFX Application Thread] DEBUG PrimaryStageWindow   - Closing main window
08:38:03.961 [JavaFX Application Thread] DEBUG Logger               - Closing Logger
