16:34:48.348 [main                     ] DEBUG Logger               - Configured Logger
16:34:48.397 [main                     ] DEBUG GameApplication      - Logging settings
Title: Bomberman!
Version: 0.0
Width: 912
Height: 624
Fullscreen: false
Intro: false
Profiling: false
Single step:false
App Mode: DEVELOPER
Menu Key: ESCAPE
Stage Style: DECORATED
Scene Factory: class com.almasb.fxgl.app.scene.SceneFactory

16:34:48.968 [JavaFX Application Thread] DEBUG FXGLApplication      - Initializing FXGL
16:34:48.978 [JavaFX Application Thread] INFO  Engine               - FXGL-17.1 (24.03.2022 17.34) on WINDOWS (J:18.0.2.1 FX:18.0.1)
16:34:48.978 [JavaFX Application Thread] DEBUG Engine               - JRE Vendor Name: Oracle Corporation
16:34:48.979 [JavaFX Application Thread] DEBUG Engine               - Running on OS: Windows 10 version 10.0
16:34:48.979 [JavaFX Application Thread] DEBUG Engine               - Architecture: amd64
16:34:48.979 [JavaFX Application Thread] INFO  Engine               - Source code and latest versions at: https://github.com/AlmasB/FXGL
16:34:48.980 [JavaFX Application Thread] INFO  Engine               -       Ask questions and discuss at: https://github.com/AlmasB/FXGL/discussions
16:34:48.980 [JavaFX Application Thread] INFO  Engine               -              Join the FXGL chat at: https://gitter.im/AlmasB/FXGL
16:34:49.164 [JavaFX Application Thread] DEBUG PrimaryStageWindow   - Creating a JavaFX scene
16:34:49.241 [JavaFX Application Thread] DEBUG PrimaryStageWindow   - Target settings size: 912.0 x 624.0
16:34:49.242 [JavaFX Application Thread] DEBUG PrimaryStageWindow   - Scaled scene size:    912.0 x 624.0
16:34:49.242 [JavaFX Application Thread] DEBUG PrimaryStageWindow   - Scaled ratio: (1.0, 1.0)
16:34:49.244 [JavaFX Application Thread] DEBUG PrimaryStageWindow   - Set initial scene to FXGLStartupScene
16:34:49.255 [JavaFX Application Thread] DEBUG PrimaryStageWindow   - Opening main window
16:34:49.392 [JavaFX Application Thread] DEBUG PrimaryStageWindow   - Window border size: (14.66668701171875, 37.33331298828125)
16:34:49.392 [JavaFX Application Thread] DEBUG PrimaryStageWindow   - Scaled size: 912.0 x 624.0
16:34:49.393 [JavaFX Application Thread] DEBUG PrimaryStageWindow   - Scaled ratio: (1.0, 1.0)
16:34:49.393 [JavaFX Application Thread] DEBUG PrimaryStageWindow   - Scene size: 912.0 x 624.0
16:34:49.393 [JavaFX Application Thread] DEBUG PrimaryStageWindow   - Stage size: 926.6666870117188 x 661.3333129882812
16:34:49.436 [FXGL Background Thread 1 ] DEBUG Engine               - Initializing environment variables
16:34:49.532 [FXGL Background Thread 1 ] DEBUG FXGLAssetLoaderServi - User app class for loading assets: class mangobomb.bombermango.HelloApplication
16:34:49.532 [FXGL Background Thread 1 ] DEBUG GameApplicationServi - Applying CSS: fxgl_dark.css
16:34:49.533 [FXGL Background Thread 1 ] DEBUG FXGLAssetLoaderServi - Loading from file system: jar:file:/C:/Users/Admin/.m2/repository/com/github/almasb/fxgl/17.1/fxgl-17.1.jar!/fxglassets/ui/css/fxgl_dark.css
16:34:49.640 [FXGL Background Thread 1 ] DEBUG GameApplicationServi - Initializing application scenes
16:34:49.758 [FXGL Background Thread 1 ] DEBUG GameWorld            - Game world initialized
16:34:49.848 [FXGL Background Thread 1 ] DEBUG PhysicsWorld         - Physics world initialized: appHeight=624, physics.ppm=50.0
16:34:49.848 [FXGL Background Thread 1 ] DEBUG PhysicsWorld         - Using strategy: BRUTE_FORCE
16:34:49.855 [FXGL Background Thread 1 ] DEBUG GameScene            - Game scene initialized: 912x624
16:34:49.877 [FXGL Background Thread 1 ] DEBUG FXGL.DefaultMenu     - createMenuBodyGameMenu()
16:34:49.900 [FXGL Background Thread 1 ] DEBUG FXGL.DefaultMenu     - createOptionsMenu()
16:34:49.918 [FXGL Background Thread 1 ] DEBUG FXGLAssetLoaderServi - Loading from file system: jar:file:/C:/Users/Admin/.m2/repository/com/github/almasb/fxgl/17.1/fxgl-17.1.jar!/fxglassets/textures/particles/smoke.png
16:34:50.087 [FXGL Background Thread 1 ] DEBUG FXGLAssetLoaderServi - Loading from file system: jar:file:/C:/Users/Admin/.m2/repository/com/github/almasb/fxgl/17.1/fxgl-17.1.jar!/fxglassets/textures/particles/trace_horizontal.png
16:34:50.139 [FXGL Background Thread 1 ] DEBUG GameApplicationServi - Application scenes initialized
16:34:50.189 [FXGL Background Thread 1 ] DEBUG SystemBundleService  - Loading FXGL system data
16:34:50.196 [FXGL Background Thread 1 ] DEBUG FileSystemAccess     - Reading from: D:\bombermango\system\fxgl.bundle
16:34:50.210 [FXGL Background Thread 1 ] DEBUG SystemBundleService  - Bundle FXGL: {}
16:34:50.210 [FXGL Background Thread 1 ] DEBUG UpdaterService       - Checking for updates
16:34:50.218 [FXGL Background Thread 1 ] DEBUG FXGLApplication      - Loading default localization
16:34:50.219 [FXGL Background Thread 1 ] DEBUG FXGLAssetLoaderServi - Loading from file system: jar:file:/C:/Users/Admin/.m2/repository/com/github/almasb/fxgl/17.1/fxgl-17.1.jar!/fxglassets/languages/english.lang
16:34:50.245 [FXGL Background Thread 1 ] INFO  FXGLApplication      - FXGL initialization took: 0.809 sec
16:34:50.263 [JavaFX Application Thread] DEBUG Input                - Registered new binding: moveUp - W
16:34:50.264 [JavaFX Application Thread] DEBUG Input                - Registered new binding: moveRight - D
16:34:50.264 [JavaFX Application Thread] DEBUG Input                - Registered new binding: moveLeft - A
16:34:50.264 [JavaFX Application Thread] DEBUG Input                - Registered new binding: moveDown - S
16:34:50.264 [JavaFX Application Thread] DEBUG Input                - Registered new binding: implantBomb - F
16:34:50.265 [JavaFX Application Thread] DEBUG FXGLAssetLoaderServi - Loading from file system: jar:file:/C:/Users/Admin/.m2/repository/com/github/almasb/fxgl/17.1/fxgl-17.1.jar!/fxglassets/textures/fxgl_icon.png
16:34:50.266 [FXGL Background Thread 4 ] DEBUG FXGLApplication      - Loading fonts
16:34:50.267 [FXGL Background Thread 4 ] DEBUG FXGLAssetLoaderServi - Loading from file system: jar:file:/C:/Users/Admin/.m2/repository/com/github/almasb/fxgl/17.1/fxgl-17.1.jar!/fxglassets/ui/fonts/VarelaRound-Regular.ttf
16:34:50.309 [JavaFX Application Thread] DEBUG FXGLAssetLoaderServi - Loading from file system: jar:file:/C:/Users/Admin/.m2/repository/com/github/almasb/fxgl/17.1/fxgl-17.1.jar!/fxglassets/textures/fxgl_default_cursor.png
16:34:50.313 [JavaFX Application Thread] DEBUG Input                - Registered new binding: Screenshot - CTRL+8
16:34:50.315 [JavaFX Application Thread] DEBUG Input                - Registered new binding: System info dump - CTRL+9
16:34:50.315 [JavaFX Application Thread] DEBUG Input                - Registered new binding: Restart - CTRL+R
16:34:50.319 [JavaFX Application Thread] DEBUG Input                - Registered new binding: Toggle Debug Camera - CTRL+7
16:34:50.330 [JavaFX Application Thread] DEBUG LoopRunner           - Starting loop
16:34:50.331 [JavaFX Application Thread] DEBUG LoopRunner           - Initializing JavaFX AnimationTimerLoop
16:34:50.333 [JavaFX Application Thread] DEBUG GameApplicationServi - Starting new game
16:34:50.334 [JavaFX Application Thread] DEBUG Input                - Clearing active input actions
16:34:50.350 [JavaFX Application Thread] DEBUG GameApplicationServi - Removing overlay from FXGLStartupScene and adding to FXGLLoadingScene
16:34:50.351 [JavaFX Application Thread] DEBUG PrimaryStageWindow   - FXGLStartupScene -> FXGLLoadingScene
16:34:50.351 [JavaFX Application Thread] DEBUG GameApplicationServi - Clearing previous game
16:34:50.351 [JavaFX Application Thread] DEBUG GameScene            - Clearing game scene
16:34:50.351 [JavaFX Application Thread] DEBUG GameWorld            - Clearing game world
16:34:50.352 [JavaFX Application Thread] DEBUG PhysicsWorld         - Clearing physics world
16:34:50.353 [FXGL Background Thread 1 ] DEBUG FXGLApplication      - Initializing game
16:34:50.371 [FXGL Background Thread 1 ] DEBUG FXGLAssetLoaderServi - Loading from file system: file:/D:/bombermango/target/classes/assets/textures/sprites/wall.png
16:34:50.427 [FXGL Background Thread 1 ] DEBUG GameWorld            - Clearing removable entities
16:34:50.431 [FXGL Background Thread 1 ] DEBUG GameWorld            - Setting level: com.almasb.fxgl.entity.level.Level@82e908b
16:34:50.437 [FXGL Background Thread 1 ] DEBUG FXGLAssetLoaderServi - Loading from file system: file:/D:/bombermango/target/classes/assets/textures/sprites/player_left.png
16:34:50.439 [FXGL Background Thread 1 ] DEBUG FXGLAssetLoaderServi - Loading from file system: file:/D:/bombermango/target/classes/assets/textures/sprites/player_left_1.png
16:34:50.441 [FXGL Background Thread 1 ] DEBUG FXGLAssetLoaderServi - Loading from file system: file:/D:/bombermango/target/classes/assets/textures/sprites/player_left_2.png
16:34:50.480 [FXGL Background Thread 1 ] WARN  GameWorld            - Entity is already attached to world
16:34:50.482 [FXGL Background Thread 1 ] INFO  FXGLApplication      - Game initialization took: 0.129 sec
16:34:50.487 [JavaFX Application Thread] DEBUG Input                - Clearing active input actions
16:34:50.507 [JavaFX Application Thread] DEBUG GameApplicationServi - Removing overlay from FXGLLoadingScene and adding to GameScene
16:34:50.507 [JavaFX Application Thread] DEBUG PrimaryStageWindow   - FXGLLoadingScene -> GameScene
16:34:50.651 [FXGL Background Thread 4 ] DEBUG FXGLAssetLoaderServi - Loading from file system: jar:file:/C:/Users/Admin/.m2/repository/com/github/almasb/fxgl/17.1/fxgl-17.1.jar!/fxglassets/ui/fonts/Abel-Regular.ttf
16:34:50.669 [FXGL Background Thread 4 ] DEBUG FXGLAssetLoaderServi - Loading from file system: jar:file:/C:/Users/Admin/.m2/repository/com/github/almasb/fxgl/17.1/fxgl-17.1.jar!/fxglassets/ui/fonts/TerminalLandMono-Regular.otf
16:34:50.675 [FXGL Background Thread 4 ] DEBUG FXGLAssetLoaderServi - Loading from file system: jar:file:/C:/Users/Admin/.m2/repository/com/github/almasb/fxgl/17.1/fxgl-17.1.jar!/fxglassets/ui/fonts/Courier-Prime.ttf
16:34:50.696 [JavaFX Application Thread] DEBUG FXGLApplication      - Registering font factories with UI factory
16:34:51.347 [FXGL Background Thread 2 ] INFO  UpdaterService       - Your current version:  17.1
16:34:51.348 [FXGL Background Thread 2 ] INFO  UpdaterService       - Latest stable version: 17.2
16:34:53.216 [FXGL Background Thread 3 ] DEBUG Engine               - Logging environment variables
16:34:53.218 [FXGL Background Thread 3 ] DEBUG Engine               - achievements: []
16:34:53.218 [FXGL Background Thread 3 ] DEBUG Engine               - actualHeight: 624.0
16:34:53.218 [FXGL Background Thread 3 ] DEBUG Engine               - actualHeightProperty: ReadOnlyDoubleProperty [value: 624.0]
16:34:53.219 [FXGL Background Thread 3 ] DEBUG Engine               - actualWidth: 912.0
16:34:53.219 [FXGL Background Thread 3 ] DEBUG Engine               - actualWidthProperty: ReadOnlyDoubleProperty [value: 912.0]
16:34:53.220 [FXGL Background Thread 3 ] DEBUG Engine               - appIcon: fxgl_icon.png
16:34:53.220 [FXGL Background Thread 3 ] DEBUG Engine               - applicationMode: DEVELOPER
16:34:53.220 [FXGL Background Thread 3 ] DEBUG Engine               - cSSList: [fxgl_dark.css]
16:34:53.221 [FXGL Background Thread 3 ] DEBUG Engine               - collisionDetectionStrategy: BRUTE_FORCE
16:34:53.221 [FXGL Background Thread 3 ] DEBUG Engine               - configClass: Optional.empty
16:34:53.221 [FXGL Background Thread 3 ] DEBUG Engine               - credits: []
16:34:53.222 [FXGL Background Thread 3 ] DEBUG Engine               - defaultCursor: CursorInfo(imageName=fxgl_default_cursor.png, hotspotX=7.0, hotspotY=6.0)
16:34:53.222 [FXGL Background Thread 3 ] DEBUG Engine               - devBBoxColorProperty: ObjectProperty [value: 0xff0000ff]
16:34:53.222 [FXGL Background Thread 3 ] DEBUG Engine               - devEnableDebugCameraProperty: BooleanProperty [value: false]
16:34:53.222 [FXGL Background Thread 3 ] DEBUG Engine               - devSensorColorProperty: ObjectProperty [value: 0xffff00ff]
16:34:53.222 [FXGL Background Thread 3 ] DEBUG Engine               - devShowBBoxProperty: BooleanProperty [value: false]
16:34:53.223 [FXGL Background Thread 3 ] DEBUG Engine               - devShowPositionProperty: BooleanProperty [value: false]
16:34:53.223 [FXGL Background Thread 3 ] DEBUG Engine               - enabledMenuItems: []
16:34:53.223 [FXGL Background Thread 3 ] DEBUG Engine               - engineServices: [class com.almasb.fxgl.app.services.FXGLAssetLoaderService, class com.almasb.fxgl.app.FXGLApplication$GameApplicationService, class com.almasb.fxgl.app.services.FXGLDialogService, class com.almasb.fxgl.app.services.IOTaskExecutorService, class com.almasb.fxgl.io.FileSystemService, class com.almasb.fxgl.localization.LocalizationService, class com.almasb.fxgl.app.services.SystemBundleService, class com.almasb.fxgl.profile.SaveLoadService, class com.almasb.fxgl.ui.FXGLUIFactoryServiceProvider, class com.almasb.fxgl.ui.FXGLDialogFactoryServiceProvider, class com.almasb.fxgl.audio.AudioPlayer, class com.almasb.fxgl.notification.impl.NotificationServiceProvider, class com.almasb.fxgl.achievement.AchievementService, class com.almasb.fxgl.cutscene.CutsceneService, class com.almasb.fxgl.minigames.MiniGameService, class com.almasb.fxgl.net.NetService, class com.almasb.fxgl.app.services.UpdaterService, class com.almasb.fxgl.dev.DevService]
16:34:53.223 [FXGL Background Thread 3 ] DEBUG Engine               - fontGame: Abel-Regular.ttf
16:34:53.223 [FXGL Background Thread 3 ] DEBUG Engine               - fontMono: TerminalLandMono-Regular.otf
16:34:53.223 [FXGL Background Thread 3 ] DEBUG Engine               - fontText: Courier-Prime.ttf
16:34:53.223 [FXGL Background Thread 3 ] DEBUG Engine               - fontUI: VarelaRound-Regular.ttf
16:34:53.223 [FXGL Background Thread 3 ] DEBUG Engine               - fullScreen: BooleanProperty [value: false]
16:34:53.223 [FXGL Background Thread 3 ] DEBUG Engine               - gameDifficulty: MEDIUM
16:34:53.223 [FXGL Background Thread 3 ] DEBUG Engine               - gameDifficultyProperty: ObjectProperty [value: MEDIUM]
16:34:53.223 [FXGL Background Thread 3 ] DEBUG Engine               - globalMusicVolume: 0.5
16:34:53.224 [FXGL Background Thread 3 ] DEBUG Engine               - globalMusicVolumeProperty: DoubleProperty [value: 0.5]
16:34:53.224 [FXGL Background Thread 3 ] DEBUG Engine               - globalSoundVolume: 0.5
16:34:53.224 [FXGL Background Thread 3 ] DEBUG Engine               - globalSoundVolumeProperty: DoubleProperty [value: 0.5]
16:34:53.224 [FXGL Background Thread 3 ] DEBUG Engine               - height: 624
16:34:53.224 [FXGL Background Thread 3 ] DEBUG Engine               - is3D: false
16:34:53.224 [FXGL Background Thread 3 ] DEBUG Engine               - isAndroid: false
16:34:53.224 [FXGL Background Thread 3 ] DEBUG Engine               - isBrowser: false
16:34:53.224 [FXGL Background Thread 3 ] DEBUG Engine               - isClickFeedbackEnabled: false
16:34:53.224 [FXGL Background Thread 3 ] DEBUG Engine               - isCloseConfirmation: false
16:34:53.224 [FXGL Background Thread 3 ] DEBUG Engine               - isDesktop: true
16:34:53.224 [FXGL Background Thread 3 ] DEBUG Engine               - isDeveloperMenuEnabled: false
16:34:53.224 [FXGL Background Thread 3 ] DEBUG Engine               - isEmbedded: false
16:34:53.225 [FXGL Background Thread 3 ] DEBUG Engine               - isEntityPreloadEnabled: true
16:34:53.225 [FXGL Background Thread 3 ] DEBUG Engine               - isExperimentalTiledLargeMap: false
16:34:53.225 [FXGL Background Thread 3 ] DEBUG Engine               - isFileSystemWriteAllowed: true
16:34:53.225 [FXGL Background Thread 3 ] DEBUG Engine               - isFullScreenAllowed: false
16:34:53.225 [FXGL Background Thread 3 ] DEBUG Engine               - isFullScreenFromStart: false
16:34:53.225 [FXGL Background Thread 3 ] DEBUG Engine               - isGameMenuEnabled: true
16:34:53.225 [FXGL Background Thread 3 ] DEBUG Engine               - isIOS: false
16:34:53.225 [FXGL Background Thread 3 ] DEBUG Engine               - isIntroEnabled: false
16:34:53.225 [FXGL Background Thread 3 ] DEBUG Engine               - isLinux: false
16:34:53.225 [FXGL Background Thread 3 ] DEBUG Engine               - isMac: false
16:34:53.226 [FXGL Background Thread 3 ] DEBUG Engine               - isMainMenuEnabled: false
16:34:53.226 [FXGL Background Thread 3 ] DEBUG Engine               - isManualResizeEnabled: false
16:34:53.226 [FXGL Background Thread 3 ] DEBUG Engine               - isMobile: false
16:34:53.226 [FXGL Background Thread 3 ] DEBUG Engine               - isNative: false
16:34:53.226 [FXGL Background Thread 3 ] DEBUG Engine               - isPauseMusicWhenMinimized: true
16:34:53.226 [FXGL Background Thread 3 ] DEBUG Engine               - isPreserveResizeRatio: false
16:34:53.226 [FXGL Background Thread 3 ] DEBUG Engine               - isProfilingEnabled: false
16:34:53.226 [FXGL Background Thread 3 ] DEBUG Engine               - isScaleAffectedOnResize: true
16:34:53.226 [FXGL Background Thread 3 ] DEBUG Engine               - isSingleStep: false
16:34:53.226 [FXGL Background Thread 3 ] DEBUG Engine               - isUserProfileEnabled: false
16:34:53.226 [FXGL Background Thread 3 ] DEBUG Engine               - isWindows: true
16:34:53.226 [FXGL Background Thread 3 ] DEBUG Engine               - language: ObjectProperty [value: ENGLISH]
16:34:53.226 [FXGL Background Thread 3 ] DEBUG Engine               - menuKey: ESCAPE
16:34:53.226 [FXGL Background Thread 3 ] DEBUG Engine               - mouseSensitivity: 0.2
16:34:53.226 [FXGL Background Thread 3 ] DEBUG Engine               - notificationViewClass: class com.almasb.fxgl.notification.view.XboxNotificationView
16:34:53.227 [FXGL Background Thread 3 ] DEBUG Engine               - pixelsPerMeter: 50.0
16:34:53.227 [FXGL Background Thread 3 ] DEBUG Engine               - platform: WINDOWS
16:34:53.227 [FXGL Background Thread 3 ] DEBUG Engine               - prefHeightProperty: ReadOnlyDoubleProperty [value: 624.0]
16:34:53.227 [FXGL Background Thread 3 ] DEBUG Engine               - prefWidthProperty: ReadOnlyDoubleProperty [value: 912.0]
16:34:53.227 [FXGL Background Thread 3 ] DEBUG Engine               - profileDir: profiles/
16:34:53.227 [FXGL Background Thread 3 ] DEBUG Engine               - profileName: StringProperty [value: DEFAULT]
16:34:53.227 [FXGL Background Thread 3 ] DEBUG Engine               - randomSeed: -1
16:34:53.227 [FXGL Background Thread 3 ] DEBUG Engine               - runtimeInfo: RuntimeInfo(platform=WINDOWS, version=17.1, build=24.03.2022 17.34)
16:34:53.228 [FXGL Background Thread 3 ] DEBUG Engine               - saveFileExt: sav
16:34:53.228 [FXGL Background Thread 3 ] DEBUG Engine               - scaledHeightProp$fxgl: DoubleProperty [bound, value: 624.0]
16:34:53.228 [FXGL Background Thread 3 ] DEBUG Engine               - scaledWidthProp$fxgl: DoubleProperty [bound, value: 912.0]
16:34:53.228 [FXGL Background Thread 3 ] DEBUG Engine               - sceneFactory: com.almasb.fxgl.app.scene.SceneFactory@4a4f8f5b
16:34:53.228 [FXGL Background Thread 3 ] DEBUG Engine               - secondsIn24h: 60
16:34:53.228 [FXGL Background Thread 3 ] DEBUG Engine               - soundMenuBack: menu/back.wav
16:34:53.228 [FXGL Background Thread 3 ] DEBUG Engine               - soundMenuPress: menu/press.wav
16:34:53.228 [FXGL Background Thread 3 ] DEBUG Engine               - soundMenuSelect: menu/select.wav
16:34:53.228 [FXGL Background Thread 3 ] DEBUG Engine               - soundNotification: core/notification.wav
16:34:53.228 [FXGL Background Thread 3 ] DEBUG Engine               - stageStyle: DECORATED
16:34:53.228 [FXGL Background Thread 3 ] DEBUG Engine               - supportedLanguages: [ENGLISH, FRENCH, GERMAN, HUNGARIAN, RUSSIAN]
16:34:53.229 [FXGL Background Thread 3 ] DEBUG Engine               - ticksPerSecond: -1
16:34:53.229 [FXGL Background Thread 3 ] DEBUG Engine               - title: Bomberman!
16:34:53.229 [FXGL Background Thread 3 ] DEBUG Engine               - urlGithub: https://github.com/AlmasB/FXGL
16:34:53.229 [FXGL Background Thread 3 ] DEBUG Engine               - urlLeaderboard: http://fxgl-top.herokuapp.com/
16:34:53.229 [FXGL Background Thread 3 ] DEBUG Engine               - urlPOM: https://raw.githubusercontent.com/AlmasB/FXGL/release/README.md
16:34:53.229 [FXGL Background Thread 3 ] DEBUG Engine               - userAppClass: class mangobomb.bombermango.HelloApplication
16:34:53.229 [FXGL Background Thread 3 ] DEBUG Engine               - version: 0.0
16:34:53.229 [FXGL Background Thread 3 ] DEBUG Engine               - versionCheckDays: 7
16:34:53.229 [FXGL Background Thread 3 ] DEBUG Engine               - width: 912
16:34:53.229 [FXGL Background Thread 3 ] DEBUG Engine               - Logging services
16:34:53.229 [FXGL Background Thread 3 ] DEBUG Engine               - class com.almasb.fxgl.app.services.FXGLAssetLoaderService
16:34:53.229 [FXGL Background Thread 3 ] DEBUG Engine               - class com.almasb.fxgl.app.FXGLApplication$GameApplicationService
16:34:53.229 [FXGL Background Thread 3 ] DEBUG Engine               - class com.almasb.fxgl.app.services.FXGLDialogService
16:34:53.229 [FXGL Background Thread 3 ] DEBUG Engine               - class com.almasb.fxgl.app.services.IOTaskExecutorService
16:34:53.229 [FXGL Background Thread 3 ] DEBUG Engine               - class com.almasb.fxgl.io.FileSystemService
16:34:53.230 [FXGL Background Thread 3 ] DEBUG Engine               - class com.almasb.fxgl.localization.LocalizationService
16:34:53.230 [FXGL Background Thread 3 ] DEBUG Engine               - class com.almasb.fxgl.app.services.SystemBundleService
16:34:53.230 [FXGL Background Thread 3 ] DEBUG Engine               - class com.almasb.fxgl.profile.SaveLoadService
16:34:53.230 [FXGL Background Thread 3 ] DEBUG Engine               - class com.almasb.fxgl.ui.FXGLUIFactoryServiceProvider
16:34:53.230 [FXGL Background Thread 3 ] DEBUG Engine               - class com.almasb.fxgl.ui.FXGLDialogFactoryServiceProvider
16:34:53.230 [FXGL Background Thread 3 ] DEBUG Engine               - class com.almasb.fxgl.audio.AudioPlayer
16:34:53.230 [FXGL Background Thread 3 ] DEBUG Engine               - class com.almasb.fxgl.notification.impl.NotificationServiceProvider
16:34:53.230 [FXGL Background Thread 3 ] DEBUG Engine               - class com.almasb.fxgl.achievement.AchievementService
16:34:53.230 [FXGL Background Thread 3 ] DEBUG Engine               - class com.almasb.fxgl.cutscene.CutsceneService
16:34:53.230 [FXGL Background Thread 3 ] DEBUG Engine               - class com.almasb.fxgl.minigames.MiniGameService
16:34:53.230 [FXGL Background Thread 3 ] DEBUG Engine               - class com.almasb.fxgl.net.NetService
16:34:53.230 [FXGL Background Thread 3 ] DEBUG Engine               - class com.almasb.fxgl.app.services.UpdaterService
16:34:53.230 [FXGL Background Thread 3 ] DEBUG Engine               - class com.almasb.fxgl.dev.DevService
16:35:07.702 [JavaFX Application Thread] DEBUG FXGLApplication      - Exiting FXGL
16:35:07.702 [JavaFX Application Thread] DEBUG LoopRunner           - Stopping loop
16:35:07.702 [JavaFX Application Thread] DEBUG SystemBundleService  - Saving FXGL system data
16:35:07.704 [JavaFX Application Thread] DEBUG FileSystemAccess     - Writing to: D:\bombermango\system\fxgl.bundle
16:35:07.706 [JavaFX Application Thread] DEBUG Async                - Shutting down background threads
16:35:07.706 [JavaFX Application Thread] DEBUG PrimaryStageWindow   - Closing main window
16:35:07.720 [JavaFX Application Thread] DEBUG Logger               - Closing Logger
