23:44:28.764 [main                     ] DEBUG Logger               - Configured Logger
23:44:28.807 [main                     ] DEBUG GameApplication      - Logging settings
Title: Bomberman
Version: 0.0
Width: 800
Height: 600
Fullscreen: false
Intro: false
Profiling: false
Single step:false
App Mode: DEVELOPER
Menu Key: ESCAPE
Stage Style: DECORATED
Scene Factory: class com.almasb.fxgl.app.scene.SceneFactory

23:44:29.295 [JavaFX Application Thread] DEBUG FXGLApplication      - Initializing FXGL
23:44:29.304 [JavaFX Application Thread] INFO  Engine               - FXGL-17.1 (24.03.2022 17.34) on WINDOWS (J:18.0.2.1 FX:18.0.1)
23:44:29.304 [JavaFX Application Thread] DEBUG Engine               - JRE Vendor Name: Oracle Corporation
23:44:29.305 [JavaFX Application Thread] DEBUG Engine               - Running on OS: Windows 10 version 10.0
23:44:29.307 [JavaFX Application Thread] DEBUG Engine               - Architecture: amd64
23:44:29.307 [JavaFX Application Thread] INFO  Engine               - Source code and latest versions at: https://github.com/AlmasB/FXGL
23:44:29.308 [JavaFX Application Thread] INFO  Engine               -       Ask questions and discuss at: https://github.com/AlmasB/FXGL/discussions
23:44:29.308 [JavaFX Application Thread] INFO  Engine               -              Join the FXGL chat at: https://gitter.im/AlmasB/FXGL
23:44:29.478 [JavaFX Application Thread] DEBUG PrimaryStageWindow   - Creating a JavaFX scene
23:44:29.551 [JavaFX Application Thread] DEBUG PrimaryStageWindow   - Target settings size: 800.0 x 600.0
23:44:29.552 [JavaFX Application Thread] DEBUG PrimaryStageWindow   - Scaled scene size:    800.0 x 600.0
23:44:29.552 [JavaFX Application Thread] DEBUG PrimaryStageWindow   - Scaled ratio: (1.0, 1.0)
23:44:29.553 [JavaFX Application Thread] DEBUG PrimaryStageWindow   - Set initial scene to FXGLStartupScene
23:44:29.565 [JavaFX Application Thread] DEBUG PrimaryStageWindow   - Opening main window
23:44:29.686 [JavaFX Application Thread] DEBUG PrimaryStageWindow   - Window border size: (14.66668701171875, 37.33331298828125)
23:44:29.686 [JavaFX Application Thread] DEBUG PrimaryStageWindow   - Scaled size: 800.0 x 600.0
23:44:29.686 [JavaFX Application Thread] DEBUG PrimaryStageWindow   - Scaled ratio: (1.0, 1.0)
23:44:29.687 [JavaFX Application Thread] DEBUG PrimaryStageWindow   - Scene size: 800.0 x 600.0
23:44:29.687 [JavaFX Application Thread] DEBUG PrimaryStageWindow   - Stage size: 814.6666870117188 x 637.3333129882812
23:44:29.700 [FXGL Background Thread 1 ] DEBUG Engine               - Initializing environment variables
23:44:29.814 [FXGL Background Thread 1 ] DEBUG FXGLAssetLoaderServi - User app class for loading assets: class mangobomb.bombermango.HelloApplication
23:44:29.814 [FXGL Background Thread 1 ] DEBUG GameApplicationServi - Applying CSS: fxgl_dark.css
23:44:29.816 [FXGL Background Thread 1 ] DEBUG FXGLAssetLoaderServi - Loading from file system: jar:file:/C:/Users/Admin/.m2/repository/com/github/almasb/fxgl/17.1/fxgl-17.1.jar!/fxglassets/ui/css/fxgl_dark.css
23:44:29.887 [FXGL Background Thread 1 ] DEBUG GameApplicationServi - Initializing application scenes
23:44:29.997 [FXGL Background Thread 1 ] DEBUG GameWorld            - Game world initialized
23:44:30.074 [FXGL Background Thread 1 ] DEBUG PhysicsWorld         - Physics world initialized: appHeight=600, physics.ppm=50.0
23:44:30.074 [FXGL Background Thread 1 ] DEBUG PhysicsWorld         - Using strategy: BRUTE_FORCE
23:44:30.079 [FXGL Background Thread 1 ] DEBUG GameScene            - Game scene initialized: 800x600
23:44:30.096 [FXGL Background Thread 1 ] DEBUG FXGL.DefaultMenu     - createMenuBodyMainMenu()
23:44:30.121 [FXGL Background Thread 1 ] DEBUG FXGL.DefaultMenu     - createOptionsMenu()
23:44:30.137 [FXGL Background Thread 1 ] DEBUG FXGLAssetLoaderServi - Loading from file system: jar:file:/C:/Users/Admin/.m2/repository/com/github/almasb/fxgl/17.1/fxgl-17.1.jar!/fxglassets/textures/particles/smoke.png
23:44:30.286 [FXGL Background Thread 1 ] DEBUG FXGLAssetLoaderServi - Loading from file system: jar:file:/C:/Users/Admin/.m2/repository/com/github/almasb/fxgl/17.1/fxgl-17.1.jar!/fxglassets/textures/particles/trace_horizontal.png
23:44:30.345 [FXGL Background Thread 1 ] DEBUG FXGL.DefaultMenu     - createMenuBodyGameMenu()
23:44:30.347 [FXGL Background Thread 1 ] DEBUG FXGL.DefaultMenu     - createOptionsMenu()
23:44:30.366 [FXGL Background Thread 1 ] DEBUG GameApplicationServi - Application scenes initialized
23:44:30.384 [FXGL Background Thread 1 ] DEBUG SystemBundleService  - Loading FXGL system data
23:44:30.392 [FXGL Background Thread 1 ] DEBUG FileSystemAccess     - Reading from: D:\bombermango\system\fxgl.bundle
23:44:30.406 [FXGL Background Thread 1 ] DEBUG SystemBundleService  - Bundle FXGL: {}
23:44:30.406 [FXGL Background Thread 1 ] DEBUG UpdaterService       - Checking for updates
23:44:30.412 [FXGL Background Thread 1 ] DEBUG FXGLApplication      - Loading default localization
23:44:30.413 [FXGL Background Thread 1 ] DEBUG FXGLAssetLoaderServi - Loading from file system: jar:file:/C:/Users/Admin/.m2/repository/com/github/almasb/fxgl/17.1/fxgl-17.1.jar!/fxglassets/languages/english.lang
23:44:30.415 [FXGL Background Thread 4 ] DEBUG FXGLApplication      - Loading fonts
23:44:30.416 [FXGL Background Thread 4 ] DEBUG FXGLAssetLoaderServi - Loading from file system: jar:file:/C:/Users/Admin/.m2/repository/com/github/almasb/fxgl/17.1/fxgl-17.1.jar!/fxglassets/ui/fonts/VarelaRound-Regular.ttf
23:44:30.461 [FXGL Background Thread 1 ] INFO  FXGLApplication      - FXGL initialization took: 0.761 sec
23:44:30.480 [JavaFX Application Thread] DEBUG Input                - Registered new binding: moveUp - W
23:44:30.480 [JavaFX Application Thread] DEBUG Input                - Registered new binding: moveRight - D
23:44:30.480 [JavaFX Application Thread] DEBUG Input                - Registered new binding: moveLeft - A
23:44:30.480 [JavaFX Application Thread] DEBUG Input                - Registered new binding: moveDown - S
23:44:30.480 [JavaFX Application Thread] DEBUG Input                - Registered new binding: implantBomb - F
23:44:30.481 [JavaFX Application Thread] DEBUG FXGLAssetLoaderServi - Loading from file system: jar:file:/C:/Users/Admin/.m2/repository/com/github/almasb/fxgl/17.1/fxgl-17.1.jar!/fxglassets/textures/fxgl_icon.png
23:44:30.514 [JavaFX Application Thread] DEBUG FXGLAssetLoaderServi - Loading from file system: jar:file:/C:/Users/Admin/.m2/repository/com/github/almasb/fxgl/17.1/fxgl-17.1.jar!/fxglassets/textures/fxgl_default_cursor.png
23:44:30.516 [JavaFX Application Thread] DEBUG Input                - Registered new binding: Screenshot - CTRL+8
23:44:30.517 [JavaFX Application Thread] DEBUG Input                - Registered new binding: System info dump - CTRL+9
23:44:30.517 [JavaFX Application Thread] DEBUG Input                - Registered new binding: Restart - CTRL+R
23:44:30.518 [JavaFX Application Thread] DEBUG Input                - Registered new binding: Toggle Debug Camera - CTRL+7
23:44:30.520 [JavaFX Application Thread] DEBUG LoopRunner           - Starting loop
23:44:30.520 [JavaFX Application Thread] DEBUG LoopRunner           - Initializing JavaFX AnimationTimerLoop
23:44:30.524 [JavaFX Application Thread] DEBUG Input                - Clearing active input actions
23:44:30.533 [JavaFX Application Thread] DEBUG GameApplicationServi - Removing overlay from FXGLStartupScene and adding to FXGLMainMenuDummyScene
23:44:30.536 [JavaFX Application Thread] DEBUG PrimaryStageWindow   - FXGLStartupScene -> FXGLMainMenuDummyScene
23:44:30.536 [JavaFX Application Thread] DEBUG PrimaryStageWindow   - Push state: FXGLDefaultMenu
23:44:30.545 [JavaFX Application Thread] DEBUG Input                - Clearing active input actions
23:44:30.557 [JavaFX Application Thread] DEBUG GameApplicationServi - Removing overlay from FXGLMainMenuDummyScene and adding to FXGLDefaultMenu
23:44:30.557 [JavaFX Application Thread] DEBUG PrimaryStageWindow   - FXGLMainMenuDummyScene -> FXGLDefaultMenu
23:44:30.859 [FXGL Background Thread 4 ] DEBUG FXGLAssetLoaderServi - Loading from file system: jar:file:/C:/Users/Admin/.m2/repository/com/github/almasb/fxgl/17.1/fxgl-17.1.jar!/fxglassets/ui/fonts/Abel-Regular.ttf
23:44:30.869 [FXGL Background Thread 4 ] DEBUG FXGLAssetLoaderServi - Loading from file system: jar:file:/C:/Users/Admin/.m2/repository/com/github/almasb/fxgl/17.1/fxgl-17.1.jar!/fxglassets/ui/fonts/TerminalLandMono-Regular.otf
23:44:30.874 [FXGL Background Thread 4 ] DEBUG FXGLAssetLoaderServi - Loading from file system: jar:file:/C:/Users/Admin/.m2/repository/com/github/almasb/fxgl/17.1/fxgl-17.1.jar!/fxglassets/ui/fonts/Courier-Prime.ttf
23:44:30.930 [JavaFX Application Thread] DEBUG FXGLApplication      - Registering font factories with UI factory
23:44:31.495 [FXGL Background Thread 2 ] INFO  UpdaterService       - Your current version:  17.1
23:44:31.496 [FXGL Background Thread 2 ] INFO  UpdaterService       - Latest stable version: 17.2
23:44:31.706 [JavaFX Application Thread] DEBUG Menu                 - fireNewGame()
23:44:31.706 [JavaFX Application Thread] DEBUG GameApplicationServi - Starting new game
23:44:31.709 [JavaFX Application Thread] DEBUG PrimaryStageWindow   - Pop state: FXGLDefaultMenu
23:44:31.710 [JavaFX Application Thread] DEBUG Input                - Clearing active input actions
23:44:31.711 [JavaFX Application Thread] DEBUG GameApplicationServi - Removing overlay from FXGLDefaultMenu and adding to FXGLMainMenuDummyScene
23:44:31.711 [JavaFX Application Thread] DEBUG PrimaryStageWindow   - FXGLMainMenuDummyScene <- FXGLDefaultMenu
23:44:31.711 [JavaFX Application Thread] DEBUG Input                - Clearing active input actions
23:44:31.726 [JavaFX Application Thread] DEBUG GameApplicationServi - Removing overlay from FXGLMainMenuDummyScene and adding to FXGLLoadingScene
23:44:31.727 [JavaFX Application Thread] DEBUG PrimaryStageWindow   - FXGLMainMenuDummyScene -> FXGLLoadingScene
23:44:31.727 [JavaFX Application Thread] DEBUG GameApplicationServi - Clearing previous game
23:44:31.727 [JavaFX Application Thread] DEBUG GameScene            - Clearing game scene
23:44:31.727 [JavaFX Application Thread] DEBUG GameWorld            - Clearing game world
23:44:31.727 [JavaFX Application Thread] DEBUG PhysicsWorld         - Clearing physics world
23:44:31.739 [FXGL Background Thread 2 ] DEBUG FXGLApplication      - Initializing game
23:44:31.779 [FXGL Background Thread 2 ] DEBUG FXGLAssetLoaderServi - Loading from file system: file:/D:/bombermango/target/classes/assets/textures/sprites/wall.png
23:44:31.851 [FXGL Background Thread 2 ] DEBUG GameWorld            - Clearing removable entities
23:44:31.852 [FXGL Background Thread 2 ] DEBUG GameWorld            - Setting level: com.almasb.fxgl.entity.level.Level@1b961fe2
23:44:31.895 [FXGL Background Thread 2 ] DEBUG FXGLAssetLoaderServi - Loading from file system: file:/D:/bombermango/target/classes/assets/textures/sprites/player_down.png
23:44:31.897 [FXGL Background Thread 2 ] DEBUG FXGLAssetLoaderServi - Loading from file system: file:/D:/bombermango/target/classes/assets/textures/sprites/player_down_1.png
23:44:31.898 [FXGL Background Thread 2 ] DEBUG FXGLAssetLoaderServi - Loading from file system: file:/D:/bombermango/target/classes/assets/textures/sprites/player_down_2.png
23:44:31.926 [FXGL Background Thread 2 ] WARN  GameWorld            - Entity is already attached to world
23:44:31.926 [FXGL Background Thread 2 ] INFO  FXGLApplication      - Game initialization took: 0.186 sec
23:44:31.927 [JavaFX Application Thread] DEBUG Input                - Clearing active input actions
23:44:31.939 [JavaFX Application Thread] DEBUG GameApplicationServi - Removing overlay from FXGLLoadingScene and adding to GameScene
23:44:31.940 [JavaFX Application Thread] DEBUG PrimaryStageWindow   - FXGLLoadingScene -> GameScene
23:44:33.410 [FXGL Background Thread 3 ] DEBUG Engine               - Logging environment variables
23:44:33.412 [FXGL Background Thread 3 ] DEBUG Engine               - achievements: []
23:44:33.412 [FXGL Background Thread 3 ] DEBUG Engine               - actualHeight: 600.0
23:44:33.413 [FXGL Background Thread 3 ] DEBUG Engine               - actualHeightProperty: ReadOnlyDoubleProperty [value: 600.0]
23:44:33.413 [FXGL Background Thread 3 ] DEBUG Engine               - actualWidth: 800.0
23:44:33.413 [FXGL Background Thread 3 ] DEBUG Engine               - actualWidthProperty: ReadOnlyDoubleProperty [value: 800.0]
23:44:33.414 [FXGL Background Thread 3 ] DEBUG Engine               - appIcon: fxgl_icon.png
23:44:33.414 [FXGL Background Thread 3 ] DEBUG Engine               - applicationMode: DEVELOPER
23:44:33.414 [FXGL Background Thread 3 ] DEBUG Engine               - cSSList: [fxgl_dark.css]
23:44:33.415 [FXGL Background Thread 3 ] DEBUG Engine               - collisionDetectionStrategy: BRUTE_FORCE
23:44:33.415 [FXGL Background Thread 3 ] DEBUG Engine               - configClass: Optional.empty
23:44:33.415 [FXGL Background Thread 3 ] DEBUG Engine               - credits: []
23:44:33.416 [FXGL Background Thread 3 ] DEBUG Engine               - defaultCursor: CursorInfo(imageName=fxgl_default_cursor.png, hotspotX=7.0, hotspotY=6.0)
23:44:33.417 [FXGL Background Thread 3 ] DEBUG Engine               - devBBoxColorProperty: ObjectProperty [value: 0xff0000ff]
23:44:33.417 [FXGL Background Thread 3 ] DEBUG Engine               - devEnableDebugCameraProperty: BooleanProperty [value: false]
23:44:33.418 [FXGL Background Thread 3 ] DEBUG Engine               - devSensorColorProperty: ObjectProperty [value: 0xffff00ff]
23:44:33.418 [FXGL Background Thread 3 ] DEBUG Engine               - devShowBBoxProperty: BooleanProperty [value: false]
23:44:33.418 [FXGL Background Thread 3 ] DEBUG Engine               - devShowPositionProperty: BooleanProperty [value: false]
23:44:33.419 [FXGL Background Thread 3 ] DEBUG Engine               - enabledMenuItems: []
23:44:33.420 [FXGL Background Thread 3 ] DEBUG Engine               - engineServices: [class com.almasb.fxgl.app.services.FXGLAssetLoaderService, class com.almasb.fxgl.app.FXGLApplication$GameApplicationService, class com.almasb.fxgl.app.services.FXGLDialogService, class com.almasb.fxgl.app.services.IOTaskExecutorService, class com.almasb.fxgl.io.FileSystemService, class com.almasb.fxgl.localization.LocalizationService, class com.almasb.fxgl.app.services.SystemBundleService, class com.almasb.fxgl.profile.SaveLoadService, class com.almasb.fxgl.ui.FXGLUIFactoryServiceProvider, class com.almasb.fxgl.ui.FXGLDialogFactoryServiceProvider, class com.almasb.fxgl.audio.AudioPlayer, class com.almasb.fxgl.notification.impl.NotificationServiceProvider, class com.almasb.fxgl.achievement.AchievementService, class com.almasb.fxgl.cutscene.CutsceneService, class com.almasb.fxgl.minigames.MiniGameService, class com.almasb.fxgl.net.NetService, class com.almasb.fxgl.app.services.UpdaterService, class com.almasb.fxgl.dev.DevService]
23:44:33.420 [FXGL Background Thread 3 ] DEBUG Engine               - fontGame: Abel-Regular.ttf
23:44:33.420 [FXGL Background Thread 3 ] DEBUG Engine               - fontMono: TerminalLandMono-Regular.otf
23:44:33.421 [FXGL Background Thread 3 ] DEBUG Engine               - fontText: Courier-Prime.ttf
23:44:33.421 [FXGL Background Thread 3 ] DEBUG Engine               - fontUI: VarelaRound-Regular.ttf
23:44:33.421 [FXGL Background Thread 3 ] DEBUG Engine               - fullScreen: BooleanProperty [value: false]
23:44:33.422 [FXGL Background Thread 3 ] DEBUG Engine               - gameDifficulty: MEDIUM
23:44:33.422 [FXGL Background Thread 3 ] DEBUG Engine               - gameDifficultyProperty: ObjectProperty [value: MEDIUM]
23:44:33.422 [FXGL Background Thread 3 ] DEBUG Engine               - globalMusicVolume: 0.5
23:44:33.423 [FXGL Background Thread 3 ] DEBUG Engine               - globalMusicVolumeProperty: DoubleProperty [value: 0.5]
23:44:33.423 [FXGL Background Thread 3 ] DEBUG Engine               - globalSoundVolume: 0.5
23:44:33.424 [FXGL Background Thread 3 ] DEBUG Engine               - globalSoundVolumeProperty: DoubleProperty [value: 0.5]
23:44:33.424 [FXGL Background Thread 3 ] DEBUG Engine               - height: 600
23:44:33.424 [FXGL Background Thread 3 ] DEBUG Engine               - is3D: false
23:44:33.424 [FXGL Background Thread 3 ] DEBUG Engine               - isAndroid: false
23:44:33.424 [FXGL Background Thread 3 ] DEBUG Engine               - isBrowser: false
23:44:33.425 [FXGL Background Thread 3 ] DEBUG Engine               - isClickFeedbackEnabled: false
23:44:33.425 [FXGL Background Thread 3 ] DEBUG Engine               - isCloseConfirmation: false
23:44:33.425 [FXGL Background Thread 3 ] DEBUG Engine               - isDesktop: true
23:44:33.425 [FXGL Background Thread 3 ] DEBUG Engine               - isDeveloperMenuEnabled: false
23:44:33.425 [FXGL Background Thread 3 ] DEBUG Engine               - isEmbedded: false
23:44:33.425 [FXGL Background Thread 3 ] DEBUG Engine               - isEntityPreloadEnabled: true
23:44:33.425 [FXGL Background Thread 3 ] DEBUG Engine               - isExperimentalTiledLargeMap: false
23:44:33.425 [FXGL Background Thread 3 ] DEBUG Engine               - isFileSystemWriteAllowed: true
23:44:33.426 [FXGL Background Thread 3 ] DEBUG Engine               - isFullScreenAllowed: false
23:44:33.426 [FXGL Background Thread 3 ] DEBUG Engine               - isFullScreenFromStart: false
23:44:33.426 [FXGL Background Thread 3 ] DEBUG Engine               - isGameMenuEnabled: true
23:44:33.426 [FXGL Background Thread 3 ] DEBUG Engine               - isIOS: false
23:44:33.426 [FXGL Background Thread 3 ] DEBUG Engine               - isIntroEnabled: false
23:44:33.426 [FXGL Background Thread 3 ] DEBUG Engine               - isLinux: false
23:44:33.426 [FXGL Background Thread 3 ] DEBUG Engine               - isMac: false
23:44:33.426 [FXGL Background Thread 3 ] DEBUG Engine               - isMainMenuEnabled: true
23:44:33.426 [FXGL Background Thread 3 ] DEBUG Engine               - isManualResizeEnabled: false
23:44:33.426 [FXGL Background Thread 3 ] DEBUG Engine               - isMobile: false
23:44:33.427 [FXGL Background Thread 3 ] DEBUG Engine               - isNative: false
23:44:33.427 [FXGL Background Thread 3 ] DEBUG Engine               - isPauseMusicWhenMinimized: true
23:44:33.427 [FXGL Background Thread 3 ] DEBUG Engine               - isPreserveResizeRatio: false
23:44:33.427 [FXGL Background Thread 3 ] DEBUG Engine               - isProfilingEnabled: false
23:44:33.427 [FXGL Background Thread 3 ] DEBUG Engine               - isScaleAffectedOnResize: true
23:44:33.427 [FXGL Background Thread 3 ] DEBUG Engine               - isSingleStep: false
23:44:33.427 [FXGL Background Thread 3 ] DEBUG Engine               - isUserProfileEnabled: false
23:44:33.428 [FXGL Background Thread 3 ] DEBUG Engine               - isWindows: true
23:44:33.428 [FXGL Background Thread 3 ] DEBUG Engine               - language: ObjectProperty [value: ENGLISH]
23:44:33.428 [FXGL Background Thread 3 ] DEBUG Engine               - menuKey: ESCAPE
23:44:33.428 [FXGL Background Thread 3 ] DEBUG Engine               - mouseSensitivity: 0.2
23:44:33.428 [FXGL Background Thread 3 ] DEBUG Engine               - notificationViewClass: class com.almasb.fxgl.notification.view.XboxNotificationView
23:44:33.428 [FXGL Background Thread 3 ] DEBUG Engine               - pixelsPerMeter: 50.0
23:44:33.428 [FXGL Background Thread 3 ] DEBUG Engine               - platform: WINDOWS
23:44:33.429 [FXGL Background Thread 3 ] DEBUG Engine               - prefHeightProperty: ReadOnlyDoubleProperty [value: 600.0]
23:44:33.429 [FXGL Background Thread 3 ] DEBUG Engine               - prefWidthProperty: ReadOnlyDoubleProperty [value: 800.0]
23:44:33.429 [FXGL Background Thread 3 ] DEBUG Engine               - profileDir: profiles/
23:44:33.429 [FXGL Background Thread 3 ] DEBUG Engine               - profileName: StringProperty [value: DEFAULT]
23:44:33.429 [FXGL Background Thread 3 ] DEBUG Engine               - randomSeed: -1
23:44:33.430 [FXGL Background Thread 3 ] DEBUG Engine               - runtimeInfo: RuntimeInfo(platform=WINDOWS, version=17.1, build=24.03.2022 17.34)
23:44:33.430 [FXGL Background Thread 3 ] DEBUG Engine               - saveFileExt: sav
23:44:33.430 [FXGL Background Thread 3 ] DEBUG Engine               - scaledHeightProp$fxgl: DoubleProperty [bound, value: 600.0]
23:44:33.430 [FXGL Background Thread 3 ] DEBUG Engine               - scaledWidthProp$fxgl: DoubleProperty [bound, value: 800.0]
23:44:33.430 [FXGL Background Thread 3 ] DEBUG Engine               - sceneFactory: com.almasb.fxgl.app.scene.SceneFactory@79825897
23:44:33.430 [FXGL Background Thread 3 ] DEBUG Engine               - secondsIn24h: 60
23:44:33.431 [FXGL Background Thread 3 ] DEBUG Engine               - soundMenuBack: menu/back.wav
23:44:33.431 [FXGL Background Thread 3 ] DEBUG Engine               - soundMenuPress: menu/press.wav
23:44:33.431 [FXGL Background Thread 3 ] DEBUG Engine               - soundMenuSelect: menu/select.wav
23:44:33.431 [FXGL Background Thread 3 ] DEBUG Engine               - soundNotification: core/notification.wav
23:44:33.431 [FXGL Background Thread 3 ] DEBUG Engine               - stageStyle: DECORATED
23:44:33.431 [FXGL Background Thread 3 ] DEBUG Engine               - supportedLanguages: [ENGLISH, FRENCH, GERMAN, HUNGARIAN, RUSSIAN]
23:44:33.431 [FXGL Background Thread 3 ] DEBUG Engine               - ticksPerSecond: -1
23:44:33.431 [FXGL Background Thread 3 ] DEBUG Engine               - title: Bomberman
23:44:33.432 [FXGL Background Thread 3 ] DEBUG Engine               - urlGithub: https://github.com/AlmasB/FXGL
23:44:33.432 [FXGL Background Thread 3 ] DEBUG Engine               - urlLeaderboard: http://fxgl-top.herokuapp.com/
23:44:33.432 [FXGL Background Thread 3 ] DEBUG Engine               - urlPOM: https://raw.githubusercontent.com/AlmasB/FXGL/release/README.md
23:44:33.432 [FXGL Background Thread 3 ] DEBUG Engine               - userAppClass: class mangobomb.bombermango.HelloApplication
23:44:33.432 [FXGL Background Thread 3 ] DEBUG Engine               - version: 0.0
23:44:33.432 [FXGL Background Thread 3 ] DEBUG Engine               - versionCheckDays: 7
23:44:33.432 [FXGL Background Thread 3 ] DEBUG Engine               - width: 800
23:44:33.432 [FXGL Background Thread 3 ] DEBUG Engine               - Logging services
23:44:33.433 [FXGL Background Thread 3 ] DEBUG Engine               - class com.almasb.fxgl.app.services.FXGLAssetLoaderService
23:44:33.433 [FXGL Background Thread 3 ] DEBUG Engine               - class com.almasb.fxgl.app.FXGLApplication$GameApplicationService
23:44:33.433 [FXGL Background Thread 3 ] DEBUG Engine               - class com.almasb.fxgl.app.services.FXGLDialogService
23:44:33.433 [FXGL Background Thread 3 ] DEBUG Engine               - class com.almasb.fxgl.app.services.IOTaskExecutorService
23:44:33.433 [FXGL Background Thread 3 ] DEBUG Engine               - class com.almasb.fxgl.io.FileSystemService
23:44:33.433 [FXGL Background Thread 3 ] DEBUG Engine               - class com.almasb.fxgl.localization.LocalizationService
23:44:33.433 [FXGL Background Thread 3 ] DEBUG Engine               - class com.almasb.fxgl.app.services.SystemBundleService
23:44:33.433 [FXGL Background Thread 3 ] DEBUG Engine               - class com.almasb.fxgl.profile.SaveLoadService
23:44:33.434 [FXGL Background Thread 3 ] DEBUG Engine               - class com.almasb.fxgl.ui.FXGLUIFactoryServiceProvider
23:44:33.434 [FXGL Background Thread 3 ] DEBUG Engine               - class com.almasb.fxgl.ui.FXGLDialogFactoryServiceProvider
23:44:33.434 [FXGL Background Thread 3 ] DEBUG Engine               - class com.almasb.fxgl.audio.AudioPlayer
23:44:33.434 [FXGL Background Thread 3 ] DEBUG Engine               - class com.almasb.fxgl.notification.impl.NotificationServiceProvider
23:44:33.434 [FXGL Background Thread 3 ] DEBUG Engine               - class com.almasb.fxgl.achievement.AchievementService
23:44:33.434 [FXGL Background Thread 3 ] DEBUG Engine               - class com.almasb.fxgl.cutscene.CutsceneService
23:44:33.434 [FXGL Background Thread 3 ] DEBUG Engine               - class com.almasb.fxgl.minigames.MiniGameService
23:44:33.434 [FXGL Background Thread 3 ] DEBUG Engine               - class com.almasb.fxgl.net.NetService
23:44:33.434 [FXGL Background Thread 3 ] DEBUG Engine               - class com.almasb.fxgl.app.services.UpdaterService
23:44:33.434 [FXGL Background Thread 3 ] DEBUG Engine               - class com.almasb.fxgl.dev.DevService
23:44:41.850 [JavaFX Application Thread] DEBUG FXGLApplication      - Exiting FXGL
23:44:41.850 [JavaFX Application Thread] DEBUG LoopRunner           - Stopping loop
23:44:41.850 [JavaFX Application Thread] DEBUG SystemBundleService  - Saving FXGL system data
23:44:41.852 [JavaFX Application Thread] DEBUG FileSystemAccess     - Writing to: D:\bombermango\system\fxgl.bundle
23:44:41.855 [JavaFX Application Thread] DEBUG Async                - Shutting down background threads
23:44:41.855 [JavaFX Application Thread] DEBUG PrimaryStageWindow   - Closing main window
23:44:41.884 [JavaFX Application Thread] DEBUG Logger               - Closing Logger
