12:04:57.138 [main                     ] DEBUG Logger               - Configured Logger
12:04:57.184 [main                     ] DEBUG GameApplication      - Logging settings
Title: Bomberman
Version: 0.0
Width: 800
Height: 600
Fullscreen: false
Intro: false
Profiling: false
Single step:false
App Mode: DEVELOPER
Menu Key: ESCAPE
Stage Style: DECORATED
Scene Factory: class com.almasb.fxgl.app.scene.SceneFactory

12:04:57.790 [JavaFX Application Thread] DEBUG FXGLApplication      - Initializing FXGL
12:04:57.799 [JavaFX Application Thread] INFO  Engine               - FXGL-17.1 (24.03.2022 17.34) on WINDOWS (J:18.0.2.1 FX:18.0.1)
12:04:57.800 [JavaFX Application Thread] DEBUG Engine               - JRE Vendor Name: Oracle Corporation
12:04:57.800 [JavaFX Application Thread] DEBUG Engine               - Running on OS: Windows 10 version 10.0
12:04:57.800 [JavaFX Application Thread] DEBUG Engine               - Architecture: amd64
12:04:57.801 [JavaFX Application Thread] INFO  Engine               - Source code and latest versions at: https://github.com/AlmasB/FXGL
12:04:57.801 [JavaFX Application Thread] INFO  Engine               -       Ask questions and discuss at: https://github.com/AlmasB/FXGL/discussions
12:04:57.801 [JavaFX Application Thread] INFO  Engine               -              Join the FXGL chat at: https://gitter.im/AlmasB/FXGL
12:04:57.972 [JavaFX Application Thread] DEBUG PrimaryStageWindow   - Creating a JavaFX scene
12:04:58.059 [JavaFX Application Thread] DEBUG PrimaryStageWindow   - Target settings size: 800.0 x 600.0
12:04:58.060 [JavaFX Application Thread] DEBUG PrimaryStageWindow   - Scaled scene size:    800.0 x 600.0
12:04:58.061 [JavaFX Application Thread] DEBUG PrimaryStageWindow   - Scaled ratio: (1.0, 1.0)
12:04:58.062 [JavaFX Application Thread] DEBUG PrimaryStageWindow   - Set initial scene to FXGLStartupScene
12:04:58.080 [JavaFX Application Thread] DEBUG PrimaryStageWindow   - Opening main window
12:04:58.228 [JavaFX Application Thread] DEBUG PrimaryStageWindow   - Window border size: (14.66668701171875, 37.33331298828125)
12:04:58.228 [JavaFX Application Thread] DEBUG PrimaryStageWindow   - Scaled size: 800.0 x 600.0
12:04:58.229 [JavaFX Application Thread] DEBUG PrimaryStageWindow   - Scaled ratio: (1.0, 1.0)
12:04:58.229 [JavaFX Application Thread] DEBUG PrimaryStageWindow   - Scene size: 800.0 x 600.0
12:04:58.229 [JavaFX Application Thread] DEBUG PrimaryStageWindow   - Stage size: 814.6666870117188 x 637.3333129882812
12:04:58.273 [FXGL Background Thread 1 ] DEBUG Engine               - Initializing environment variables
12:04:58.370 [FXGL Background Thread 1 ] DEBUG FXGLAssetLoaderServi - User app class for loading assets: class mangobomb.bombermango.HelloApplication
12:04:58.371 [FXGL Background Thread 1 ] DEBUG GameApplicationServi - Applying CSS: fxgl_dark.css
12:04:58.373 [FXGL Background Thread 1 ] DEBUG FXGLAssetLoaderServi - Loading from file system: jar:file:/C:/Users/Admin/.m2/repository/com/github/almasb/fxgl/17.1/fxgl-17.1.jar!/fxglassets/ui/css/fxgl_dark.css
12:04:58.468 [FXGL Background Thread 1 ] DEBUG GameApplicationServi - Initializing application scenes
12:04:58.590 [FXGL Background Thread 1 ] DEBUG GameWorld            - Game world initialized
12:04:58.697 [FXGL Background Thread 1 ] DEBUG PhysicsWorld         - Physics world initialized: appHeight=600, physics.ppm=50.0
12:04:58.698 [FXGL Background Thread 1 ] DEBUG PhysicsWorld         - Using strategy: BRUTE_FORCE
12:04:58.704 [FXGL Background Thread 1 ] DEBUG GameScene            - Game scene initialized: 800x600
12:04:58.727 [FXGL Background Thread 1 ] DEBUG FXGL.DefaultMenu     - createMenuBodyMainMenu()
12:04:58.756 [FXGL Background Thread 1 ] DEBUG FXGL.DefaultMenu     - createOptionsMenu()
12:04:58.777 [FXGL Background Thread 1 ] DEBUG FXGLAssetLoaderServi - Loading from file system: jar:file:/C:/Users/Admin/.m2/repository/com/github/almasb/fxgl/17.1/fxgl-17.1.jar!/fxglassets/textures/particles/smoke.png
12:04:58.954 [FXGL Background Thread 1 ] DEBUG FXGLAssetLoaderServi - Loading from file system: jar:file:/C:/Users/Admin/.m2/repository/com/github/almasb/fxgl/17.1/fxgl-17.1.jar!/fxglassets/textures/particles/trace_horizontal.png
12:04:58.996 [FXGL Background Thread 1 ] DEBUG FXGL.DefaultMenu     - createMenuBodyGameMenu()
12:04:58.998 [FXGL Background Thread 1 ] DEBUG FXGL.DefaultMenu     - createOptionsMenu()
12:04:59.026 [FXGL Background Thread 1 ] DEBUG GameApplicationServi - Application scenes initialized
12:04:59.046 [FXGL Background Thread 1 ] DEBUG SystemBundleService  - Loading FXGL system data
12:04:59.054 [FXGL Background Thread 1 ] DEBUG FileSystemAccess     - Reading from: D:\bombermango\system\fxgl.bundle
12:04:59.066 [FXGL Background Thread 1 ] DEBUG SystemBundleService  - Bundle FXGL: {}
12:04:59.066 [FXGL Background Thread 1 ] DEBUG UpdaterService       - Checking for updates
12:04:59.072 [FXGL Background Thread 4 ] DEBUG FXGLApplication      - Loading fonts
12:04:59.073 [FXGL Background Thread 1 ] DEBUG FXGLApplication      - Loading default localization
12:04:59.075 [FXGL Background Thread 1 ] DEBUG FXGLAssetLoaderServi - Loading from file system: jar:file:/C:/Users/Admin/.m2/repository/com/github/almasb/fxgl/17.1/fxgl-17.1.jar!/fxglassets/languages/english.lang
12:04:59.080 [FXGL Background Thread 4 ] DEBUG FXGLAssetLoaderServi - Loading from file system: jar:file:/C:/Users/Admin/.m2/repository/com/github/almasb/fxgl/17.1/fxgl-17.1.jar!/fxglassets/ui/fonts/VarelaRound-Regular.ttf
12:04:59.147 [FXGL Background Thread 1 ] INFO  FXGLApplication      - FXGL initialization took: 0.874 sec
12:04:59.167 [JavaFX Application Thread] DEBUG Input                - Registered new binding: moveUp - W
12:04:59.167 [JavaFX Application Thread] DEBUG Input                - Registered new binding: moveRight - D
12:04:59.167 [JavaFX Application Thread] DEBUG Input                - Registered new binding: moveLeft - A
12:04:59.167 [JavaFX Application Thread] DEBUG Input                - Registered new binding: moveDown - S
12:04:59.168 [JavaFX Application Thread] DEBUG Input                - Registered new binding: implantBomb - F
12:04:59.169 [JavaFX Application Thread] DEBUG FXGLAssetLoaderServi - Loading from file system: jar:file:/C:/Users/Admin/.m2/repository/com/github/almasb/fxgl/17.1/fxgl-17.1.jar!/fxglassets/textures/fxgl_icon.png
12:04:59.195 [JavaFX Application Thread] DEBUG FXGLAssetLoaderServi - Loading from file system: jar:file:/C:/Users/Admin/.m2/repository/com/github/almasb/fxgl/17.1/fxgl-17.1.jar!/fxglassets/textures/fxgl_default_cursor.png
12:04:59.200 [JavaFX Application Thread] DEBUG Input                - Registered new binding: Screenshot - CTRL+8
12:04:59.201 [JavaFX Application Thread] DEBUG Input                - Registered new binding: System info dump - CTRL+9
12:04:59.202 [JavaFX Application Thread] DEBUG Input                - Registered new binding: Restart - CTRL+R
12:04:59.203 [JavaFX Application Thread] DEBUG Input                - Registered new binding: Toggle Debug Camera - CTRL+7
12:04:59.206 [JavaFX Application Thread] DEBUG LoopRunner           - Starting loop
12:04:59.206 [JavaFX Application Thread] DEBUG LoopRunner           - Initializing JavaFX AnimationTimerLoop
12:04:59.210 [JavaFX Application Thread] DEBUG Input                - Clearing active input actions
12:04:59.221 [JavaFX Application Thread] DEBUG GameApplicationServi - Removing overlay from FXGLStartupScene and adding to FXGLMainMenuDummyScene
12:04:59.222 [JavaFX Application Thread] DEBUG PrimaryStageWindow   - FXGLStartupScene -> FXGLMainMenuDummyScene
12:04:59.223 [JavaFX Application Thread] DEBUG PrimaryStageWindow   - Push state: FXGLDefaultMenu
12:04:59.230 [JavaFX Application Thread] DEBUG Input                - Clearing active input actions
12:04:59.257 [JavaFX Application Thread] DEBUG GameApplicationServi - Removing overlay from FXGLMainMenuDummyScene and adding to FXGLDefaultMenu
12:04:59.259 [JavaFX Application Thread] DEBUG PrimaryStageWindow   - FXGLMainMenuDummyScene -> FXGLDefaultMenu
12:04:59.365 [FXGL Background Thread 4 ] DEBUG FXGLAssetLoaderServi - Loading from file system: jar:file:/C:/Users/Admin/.m2/repository/com/github/almasb/fxgl/17.1/fxgl-17.1.jar!/fxglassets/ui/fonts/Abel-Regular.ttf
12:04:59.371 [FXGL Background Thread 4 ] DEBUG FXGLAssetLoaderServi - Loading from file system: jar:file:/C:/Users/Admin/.m2/repository/com/github/almasb/fxgl/17.1/fxgl-17.1.jar!/fxglassets/ui/fonts/TerminalLandMono-Regular.otf
12:04:59.384 [FXGL Background Thread 4 ] DEBUG FXGLAssetLoaderServi - Loading from file system: jar:file:/C:/Users/Admin/.m2/repository/com/github/almasb/fxgl/17.1/fxgl-17.1.jar!/fxglassets/ui/fonts/Courier-Prime.ttf
12:04:59.446 [JavaFX Application Thread] DEBUG FXGLApplication      - Registering font factories with UI factory
12:04:59.981 [FXGL Background Thread 2 ] INFO  UpdaterService       - Your current version:  17.1
12:04:59.982 [FXGL Background Thread 2 ] INFO  UpdaterService       - Latest stable version: 17.2
12:05:00.864 [JavaFX Application Thread] DEBUG Menu                 - fireNewGame()
12:05:00.864 [JavaFX Application Thread] DEBUG GameApplicationServi - Starting new game
12:05:00.867 [JavaFX Application Thread] DEBUG PrimaryStageWindow   - Pop state: FXGLDefaultMenu
12:05:00.867 [JavaFX Application Thread] DEBUG Input                - Clearing active input actions
12:05:00.868 [JavaFX Application Thread] DEBUG GameApplicationServi - Removing overlay from FXGLDefaultMenu and adding to FXGLMainMenuDummyScene
12:05:00.869 [JavaFX Application Thread] DEBUG PrimaryStageWindow   - FXGLMainMenuDummyScene <- FXGLDefaultMenu
12:05:00.870 [JavaFX Application Thread] DEBUG Input                - Clearing active input actions
12:05:00.887 [JavaFX Application Thread] DEBUG GameApplicationServi - Removing overlay from FXGLMainMenuDummyScene and adding to FXGLLoadingScene
12:05:00.888 [JavaFX Application Thread] DEBUG PrimaryStageWindow   - FXGLMainMenuDummyScene -> FXGLLoadingScene
12:05:00.888 [JavaFX Application Thread] DEBUG GameApplicationServi - Clearing previous game
12:05:00.888 [JavaFX Application Thread] DEBUG GameScene            - Clearing game scene
12:05:00.889 [JavaFX Application Thread] DEBUG GameWorld            - Clearing game world
12:05:00.889 [JavaFX Application Thread] DEBUG PhysicsWorld         - Clearing physics world
12:05:00.892 [FXGL Background Thread 2 ] DEBUG FXGLApplication      - Initializing game
12:05:00.937 [FXGL Background Thread 2 ] DEBUG FXGLAssetLoaderServi - Loading from file system: file:/D:/bombermango/target/classes/assets/textures/sprites/wall.png
12:05:00.974 [FXGL Background Thread 2 ] DEBUG FXGLAssetLoaderServi - Loading from file system: file:/D:/bombermango/target/classes/assets/textures/sprites/brick.png
12:05:01.091 [FXGL Background Thread 2 ] DEBUG GameWorld            - Clearing removable entities
12:05:01.092 [FXGL Background Thread 2 ] DEBUG GameWorld            - Setting level: com.almasb.fxgl.entity.level.Level@29deca05
12:05:01.164 [FXGL Background Thread 2 ] DEBUG FXGLAssetLoaderServi - Loading from file system: file:/D:/bombermango/target/classes/assets/textures/sprites/portal.png
12:05:01.171 [FXGL Background Thread 2 ] DEBUG FXGLAssetLoaderServi - Loading from file system: file:/D:/bombermango/target/classes/assets/textures/sprites/player_down.png
12:05:01.174 [FXGL Background Thread 2 ] DEBUG FXGLAssetLoaderServi - Loading from file system: file:/D:/bombermango/target/classes/assets/textures/sprites/player_down_1.png
12:05:01.176 [FXGL Background Thread 2 ] DEBUG FXGLAssetLoaderServi - Loading from file system: file:/D:/bombermango/target/classes/assets/textures/sprites/player_down_2.png
12:05:01.197 [FXGL Background Thread 2 ] WARN  GameWorld            - Entity is already attached to world
12:05:01.204 [FXGL Background Thread 2 ] DEBUG FXGLAssetLoaderServi - Loading from file system: file:/D:/bombermango/target/classes/assets/textures/sprites/balloom_right1.png
12:05:01.207 [FXGL Background Thread 2 ] DEBUG FXGLAssetLoaderServi - Loading from file system: file:/D:/bombermango/target/classes/assets/textures/sprites/balloom_right2.png
12:05:01.208 [FXGL Background Thread 2 ] DEBUG FXGLAssetLoaderServi - Loading from file system: file:/D:/bombermango/target/classes/assets/textures/sprites/balloom_right3.png
12:05:01.222 [FXGL Background Thread 2 ] INFO  FXGLApplication      - Game initialization took: 0.329 sec
12:05:01.223 [JavaFX Application Thread] DEBUG Input                - Clearing active input actions
12:05:01.241 [JavaFX Application Thread] DEBUG GameApplicationServi - Removing overlay from FXGLLoadingScene and adding to GameScene
12:05:01.242 [JavaFX Application Thread] DEBUG PrimaryStageWindow   - FXGLLoadingScene -> GameScene
12:05:02.072 [FXGL Background Thread 3 ] DEBUG Engine               - Logging environment variables
12:05:02.075 [FXGL Background Thread 3 ] DEBUG Engine               - achievements: []
12:05:02.076 [FXGL Background Thread 3 ] DEBUG Engine               - actualHeight: 600.0
12:05:02.079 [FXGL Background Thread 3 ] DEBUG Engine               - actualHeightProperty: ReadOnlyDoubleProperty [value: 600.0]
12:05:02.079 [FXGL Background Thread 3 ] DEBUG Engine               - actualWidth: 800.0
12:05:02.080 [FXGL Background Thread 3 ] DEBUG Engine               - actualWidthProperty: ReadOnlyDoubleProperty [value: 800.0]
12:05:02.080 [FXGL Background Thread 3 ] DEBUG Engine               - appIcon: fxgl_icon.png
12:05:02.080 [FXGL Background Thread 3 ] DEBUG Engine               - applicationMode: DEVELOPER
12:05:02.080 [FXGL Background Thread 3 ] DEBUG Engine               - cSSList: [fxgl_dark.css]
12:05:02.081 [FXGL Background Thread 3 ] DEBUG Engine               - collisionDetectionStrategy: BRUTE_FORCE
12:05:02.081 [FXGL Background Thread 3 ] DEBUG Engine               - configClass: Optional.empty
12:05:02.081 [FXGL Background Thread 3 ] DEBUG Engine               - credits: []
12:05:02.086 [FXGL Background Thread 3 ] DEBUG Engine               - defaultCursor: CursorInfo(imageName=fxgl_default_cursor.png, hotspotX=7.0, hotspotY=6.0)
12:05:02.087 [FXGL Background Thread 3 ] DEBUG Engine               - devBBoxColorProperty: ObjectProperty [value: 0xff0000ff]
12:05:02.087 [FXGL Background Thread 3 ] DEBUG Engine               - devEnableDebugCameraProperty: BooleanProperty [value: false]
12:05:02.088 [FXGL Background Thread 3 ] DEBUG Engine               - devSensorColorProperty: ObjectProperty [value: 0xffff00ff]
12:05:02.088 [FXGL Background Thread 3 ] DEBUG Engine               - devShowBBoxProperty: BooleanProperty [value: false]
12:05:02.088 [FXGL Background Thread 3 ] DEBUG Engine               - devShowPositionProperty: BooleanProperty [value: false]
12:05:02.088 [FXGL Background Thread 3 ] DEBUG Engine               - enabledMenuItems: []
12:05:02.089 [FXGL Background Thread 3 ] DEBUG Engine               - engineServices: [class com.almasb.fxgl.app.services.FXGLAssetLoaderService, class com.almasb.fxgl.app.FXGLApplication$GameApplicationService, class com.almasb.fxgl.app.services.FXGLDialogService, class com.almasb.fxgl.app.services.IOTaskExecutorService, class com.almasb.fxgl.io.FileSystemService, class com.almasb.fxgl.localization.LocalizationService, class com.almasb.fxgl.app.services.SystemBundleService, class com.almasb.fxgl.profile.SaveLoadService, class com.almasb.fxgl.ui.FXGLUIFactoryServiceProvider, class com.almasb.fxgl.ui.FXGLDialogFactoryServiceProvider, class com.almasb.fxgl.audio.AudioPlayer, class com.almasb.fxgl.notification.impl.NotificationServiceProvider, class com.almasb.fxgl.achievement.AchievementService, class com.almasb.fxgl.cutscene.CutsceneService, class com.almasb.fxgl.minigames.MiniGameService, class com.almasb.fxgl.net.NetService, class com.almasb.fxgl.app.services.UpdaterService, class com.almasb.fxgl.dev.DevService]
12:05:02.089 [FXGL Background Thread 3 ] DEBUG Engine               - fontGame: Abel-Regular.ttf
12:05:02.089 [FXGL Background Thread 3 ] DEBUG Engine               - fontMono: TerminalLandMono-Regular.otf
12:05:02.089 [FXGL Background Thread 3 ] DEBUG Engine               - fontText: Courier-Prime.ttf
12:05:02.090 [FXGL Background Thread 3 ] DEBUG Engine               - fontUI: VarelaRound-Regular.ttf
12:05:02.090 [FXGL Background Thread 3 ] DEBUG Engine               - fullScreen: BooleanProperty [value: false]
12:05:02.090 [FXGL Background Thread 3 ] DEBUG Engine               - gameDifficulty: MEDIUM
12:05:02.091 [FXGL Background Thread 3 ] DEBUG Engine               - gameDifficultyProperty: ObjectProperty [value: MEDIUM]
12:05:02.091 [FXGL Background Thread 3 ] DEBUG Engine               - globalMusicVolume: 0.5
12:05:02.092 [FXGL Background Thread 3 ] DEBUG Engine               - globalMusicVolumeProperty: DoubleProperty [value: 0.5]
12:05:02.092 [FXGL Background Thread 3 ] DEBUG Engine               - globalSoundVolume: 0.5
12:05:02.092 [FXGL Background Thread 3 ] DEBUG Engine               - globalSoundVolumeProperty: DoubleProperty [value: 0.5]
12:05:02.093 [FXGL Background Thread 3 ] DEBUG Engine               - height: 600
12:05:02.093 [FXGL Background Thread 3 ] DEBUG Engine               - is3D: false
12:05:02.093 [FXGL Background Thread 3 ] DEBUG Engine               - isAndroid: false
12:05:02.094 [FXGL Background Thread 3 ] DEBUG Engine               - isBrowser: false
12:05:02.094 [FXGL Background Thread 3 ] DEBUG Engine               - isClickFeedbackEnabled: false
12:05:02.094 [FXGL Background Thread 3 ] DEBUG Engine               - isCloseConfirmation: false
12:05:02.095 [FXGL Background Thread 3 ] DEBUG Engine               - isDesktop: true
12:05:02.097 [FXGL Background Thread 3 ] DEBUG Engine               - isDeveloperMenuEnabled: false
12:05:02.098 [FXGL Background Thread 3 ] DEBUG Engine               - isEmbedded: false
12:05:02.098 [FXGL Background Thread 3 ] DEBUG Engine               - isEntityPreloadEnabled: true
12:05:02.098 [FXGL Background Thread 3 ] DEBUG Engine               - isExperimentalTiledLargeMap: false
12:05:02.099 [FXGL Background Thread 3 ] DEBUG Engine               - isFileSystemWriteAllowed: true
12:05:02.099 [FXGL Background Thread 3 ] DEBUG Engine               - isFullScreenAllowed: false
12:05:02.099 [FXGL Background Thread 3 ] DEBUG Engine               - isFullScreenFromStart: false
12:05:02.099 [FXGL Background Thread 3 ] DEBUG Engine               - isGameMenuEnabled: true
12:05:02.099 [FXGL Background Thread 3 ] DEBUG Engine               - isIOS: false
12:05:02.099 [FXGL Background Thread 3 ] DEBUG Engine               - isIntroEnabled: false
12:05:02.100 [FXGL Background Thread 3 ] DEBUG Engine               - isLinux: false
12:05:02.100 [FXGL Background Thread 3 ] DEBUG Engine               - isMac: false
12:05:02.101 [FXGL Background Thread 3 ] DEBUG Engine               - isMainMenuEnabled: true
12:05:02.101 [FXGL Background Thread 3 ] DEBUG Engine               - isManualResizeEnabled: false
12:05:02.101 [FXGL Background Thread 3 ] DEBUG Engine               - isMobile: false
12:05:02.101 [FXGL Background Thread 3 ] DEBUG Engine               - isNative: false
12:05:02.102 [FXGL Background Thread 3 ] DEBUG Engine               - isPauseMusicWhenMinimized: true
12:05:02.102 [FXGL Background Thread 3 ] DEBUG Engine               - isPreserveResizeRatio: false
12:05:02.102 [FXGL Background Thread 3 ] DEBUG Engine               - isProfilingEnabled: false
12:05:02.102 [FXGL Background Thread 3 ] DEBUG Engine               - isScaleAffectedOnResize: true
12:05:02.102 [FXGL Background Thread 3 ] DEBUG Engine               - isSingleStep: false
12:05:02.103 [FXGL Background Thread 3 ] DEBUG Engine               - isUserProfileEnabled: false
12:05:02.103 [FXGL Background Thread 3 ] DEBUG Engine               - isWindows: true
12:05:02.103 [FXGL Background Thread 3 ] DEBUG Engine               - language: ObjectProperty [value: ENGLISH]
12:05:02.103 [FXGL Background Thread 3 ] DEBUG Engine               - menuKey: ESCAPE
12:05:02.103 [FXGL Background Thread 3 ] DEBUG Engine               - mouseSensitivity: 0.2
12:05:02.104 [FXGL Background Thread 3 ] DEBUG Engine               - notificationViewClass: class com.almasb.fxgl.notification.view.XboxNotificationView
12:05:02.104 [FXGL Background Thread 3 ] DEBUG Engine               - pixelsPerMeter: 50.0
12:05:02.104 [FXGL Background Thread 3 ] DEBUG Engine               - platform: WINDOWS
12:05:02.104 [FXGL Background Thread 3 ] DEBUG Engine               - prefHeightProperty: ReadOnlyDoubleProperty [value: 600.0]
12:05:02.105 [FXGL Background Thread 3 ] DEBUG Engine               - prefWidthProperty: ReadOnlyDoubleProperty [value: 800.0]
12:05:02.105 [FXGL Background Thread 3 ] DEBUG Engine               - profileDir: profiles/
12:05:02.105 [FXGL Background Thread 3 ] DEBUG Engine               - profileName: StringProperty [value: DEFAULT]
12:05:02.105 [FXGL Background Thread 3 ] DEBUG Engine               - randomSeed: -1
12:05:02.106 [FXGL Background Thread 3 ] DEBUG Engine               - runtimeInfo: RuntimeInfo(platform=WINDOWS, version=17.1, build=24.03.2022 17.34)
12:05:02.106 [FXGL Background Thread 3 ] DEBUG Engine               - saveFileExt: sav
12:05:02.107 [FXGL Background Thread 3 ] DEBUG Engine               - scaledHeightProp$fxgl: DoubleProperty [bound, value: 600.0]
12:05:02.107 [FXGL Background Thread 3 ] DEBUG Engine               - scaledWidthProp$fxgl: DoubleProperty [bound, value: 800.0]
12:05:02.107 [FXGL Background Thread 3 ] DEBUG Engine               - sceneFactory: com.almasb.fxgl.app.scene.SceneFactory@362636a8
12:05:02.107 [FXGL Background Thread 3 ] DEBUG Engine               - secondsIn24h: 60
12:05:02.107 [FXGL Background Thread 3 ] DEBUG Engine               - soundMenuBack: menu/back.wav
12:05:02.108 [FXGL Background Thread 3 ] DEBUG Engine               - soundMenuPress: menu/press.wav
12:05:02.108 [FXGL Background Thread 3 ] DEBUG Engine               - soundMenuSelect: menu/select.wav
12:05:02.108 [FXGL Background Thread 3 ] DEBUG Engine               - soundNotification: core/notification.wav
12:05:02.108 [FXGL Background Thread 3 ] DEBUG Engine               - stageStyle: DECORATED
12:05:02.108 [FXGL Background Thread 3 ] DEBUG Engine               - supportedLanguages: [ENGLISH, FRENCH, GERMAN, HUNGARIAN, RUSSIAN]
12:05:02.108 [FXGL Background Thread 3 ] DEBUG Engine               - ticksPerSecond: -1
12:05:02.109 [FXGL Background Thread 3 ] DEBUG Engine               - title: Bomberman
12:05:02.109 [FXGL Background Thread 3 ] DEBUG Engine               - urlGithub: https://github.com/AlmasB/FXGL
12:05:02.109 [FXGL Background Thread 3 ] DEBUG Engine               - urlLeaderboard: http://fxgl-top.herokuapp.com/
12:05:02.109 [FXGL Background Thread 3 ] DEBUG Engine               - urlPOM: https://raw.githubusercontent.com/AlmasB/FXGL/release/README.md
12:05:02.110 [FXGL Background Thread 3 ] DEBUG Engine               - userAppClass: class mangobomb.bombermango.HelloApplication
12:05:02.110 [FXGL Background Thread 3 ] DEBUG Engine               - version: 0.0
12:05:02.110 [FXGL Background Thread 3 ] DEBUG Engine               - versionCheckDays: 7
12:05:02.110 [FXGL Background Thread 3 ] DEBUG Engine               - width: 800
12:05:02.110 [FXGL Background Thread 3 ] DEBUG Engine               - Logging services
12:05:02.111 [FXGL Background Thread 3 ] DEBUG Engine               - class com.almasb.fxgl.app.services.FXGLAssetLoaderService
12:05:02.111 [FXGL Background Thread 3 ] DEBUG Engine               - class com.almasb.fxgl.app.FXGLApplication$GameApplicationService
12:05:02.111 [FXGL Background Thread 3 ] DEBUG Engine               - class com.almasb.fxgl.app.services.FXGLDialogService
12:05:02.112 [FXGL Background Thread 3 ] DEBUG Engine               - class com.almasb.fxgl.app.services.IOTaskExecutorService
12:05:02.113 [FXGL Background Thread 3 ] DEBUG Engine               - class com.almasb.fxgl.io.FileSystemService
12:05:02.113 [FXGL Background Thread 3 ] DEBUG Engine               - class com.almasb.fxgl.localization.LocalizationService
12:05:02.114 [FXGL Background Thread 3 ] DEBUG Engine               - class com.almasb.fxgl.app.services.SystemBundleService
12:05:02.114 [FXGL Background Thread 3 ] DEBUG Engine               - class com.almasb.fxgl.profile.SaveLoadService
12:05:02.115 [FXGL Background Thread 3 ] DEBUG Engine               - class com.almasb.fxgl.ui.FXGLUIFactoryServiceProvider
12:05:02.115 [FXGL Background Thread 3 ] DEBUG Engine               - class com.almasb.fxgl.ui.FXGLDialogFactoryServiceProvider
12:05:02.115 [FXGL Background Thread 3 ] DEBUG Engine               - class com.almasb.fxgl.audio.AudioPlayer
12:05:02.115 [FXGL Background Thread 3 ] DEBUG Engine               - class com.almasb.fxgl.notification.impl.NotificationServiceProvider
12:05:02.115 [FXGL Background Thread 3 ] DEBUG Engine               - class com.almasb.fxgl.achievement.AchievementService
12:05:02.115 [FXGL Background Thread 3 ] DEBUG Engine               - class com.almasb.fxgl.cutscene.CutsceneService
12:05:02.116 [FXGL Background Thread 3 ] DEBUG Engine               - class com.almasb.fxgl.minigames.MiniGameService
12:05:02.116 [FXGL Background Thread 3 ] DEBUG Engine               - class com.almasb.fxgl.net.NetService
12:05:02.116 [FXGL Background Thread 3 ] DEBUG Engine               - class com.almasb.fxgl.app.services.UpdaterService
12:05:02.116 [FXGL Background Thread 3 ] DEBUG Engine               - class com.almasb.fxgl.dev.DevService
12:05:02.648 [JavaFX Application Thread] DEBUG FXGLAssetLoaderServi - Loading from file system: file:/D:/bombermango/target/classes/assets/textures/sprites/bomb.png
12:05:02.650 [JavaFX Application Thread] DEBUG FXGLAssetLoaderServi - Loading from file system: file:/D:/bombermango/target/classes/assets/textures/sprites/bomb_1.png
12:05:02.652 [JavaFX Application Thread] DEBUG FXGLAssetLoaderServi - Loading from file system: file:/D:/bombermango/target/classes/assets/textures/sprites/bomb_2.png
12:05:02.664 [JavaFX Application Thread] WARN  GameWorld            - Entity is already attached to world
12:05:04.393 [JavaFX Application Thread] DEBUG FXGLAssetLoaderServi - Loading from file system: file:/D:/bombermango/target/classes/assets/textures/sprites/bomb_exploded.png
12:05:04.397 [JavaFX Application Thread] DEBUG FXGLAssetLoaderServi - Loading from file system: file:/D:/bombermango/target/classes/assets/textures/sprites/bomb_exploded1.png
12:05:04.399 [JavaFX Application Thread] DEBUG FXGLAssetLoaderServi - Loading from file system: file:/D:/bombermango/target/classes/assets/textures/sprites/bomb_exploded2.png
12:05:07.779 [JavaFX Application Thread] DEBUG FXGLApplication      - Exiting FXGL
12:05:07.779 [JavaFX Application Thread] DEBUG LoopRunner           - Stopping loop
12:05:07.779 [JavaFX Application Thread] DEBUG SystemBundleService  - Saving FXGL system data
12:05:07.781 [JavaFX Application Thread] DEBUG FileSystemAccess     - Writing to: D:\bombermango\system\fxgl.bundle
12:05:07.783 [JavaFX Application Thread] DEBUG Async                - Shutting down background threads
12:05:07.784 [JavaFX Application Thread] DEBUG PrimaryStageWindow   - Closing main window
12:05:07.805 [JavaFX Application Thread] DEBUG Logger               - Closing Logger
