18:57:20.293 [main                     ] DEBUG Logger               - Configured Logger
18:57:20.347 [main                     ] DEBUG GameApplication      - Logging settings
Title: Bomberman
Version: 0.0
Width: 800
Height: 672
Fullscreen: false
Intro: false
Profiling: false
Single step:false
App Mode: DEVELOPER
Menu Key: ESCAPE
Stage Style: DECORATED
Scene Factory: class com.almasb.fxgl.app.scene.SceneFactory

18:57:20.913 [JavaFX Application Thread] DEBUG FXGLApplication      - Initializing FXGL
18:57:20.927 [JavaFX Application Thread] INFO  Engine               - FXGL-17.1 (24.03.2022 17.34) on WINDOWS (J:18.0.2.1 FX:18.0.1)
18:57:20.928 [JavaFX Application Thread] DEBUG Engine               - JRE Vendor Name: Oracle Corporation
18:57:20.928 [JavaFX Application Thread] DEBUG Engine               - Running on OS: Windows 10 version 10.0
18:57:20.928 [JavaFX Application Thread] DEBUG Engine               - Architecture: amd64
18:57:20.928 [JavaFX Application Thread] INFO  Engine               - Source code and latest versions at: https://github.com/AlmasB/FXGL
18:57:20.929 [JavaFX Application Thread] INFO  Engine               -       Ask questions and discuss at: https://github.com/AlmasB/FXGL/discussions
18:57:20.929 [JavaFX Application Thread] INFO  Engine               -              Join the FXGL chat at: https://gitter.im/AlmasB/FXGL
18:57:21.117 [JavaFX Application Thread] DEBUG PrimaryStageWindow   - Creating a JavaFX scene
18:57:21.192 [JavaFX Application Thread] DEBUG PrimaryStageWindow   - Target settings size: 800.0 x 672.0
18:57:21.193 [JavaFX Application Thread] DEBUG PrimaryStageWindow   - Scaled scene size:    800.0 x 672.0
18:57:21.193 [JavaFX Application Thread] DEBUG PrimaryStageWindow   - Scaled ratio: (1.0, 1.0)
18:57:21.195 [JavaFX Application Thread] DEBUG PrimaryStageWindow   - Set initial scene to FXGLStartupScene
18:57:21.208 [JavaFX Application Thread] DEBUG PrimaryStageWindow   - Opening main window
18:57:21.355 [JavaFX Application Thread] DEBUG PrimaryStageWindow   - Window border size: (14.66668701171875, 37.33331298828125)
18:57:21.356 [JavaFX Application Thread] DEBUG PrimaryStageWindow   - Scaled size: 800.0 x 672.0
18:57:21.357 [JavaFX Application Thread] DEBUG PrimaryStageWindow   - Scaled ratio: (1.0, 1.0)
18:57:21.358 [JavaFX Application Thread] DEBUG PrimaryStageWindow   - Scene size: 800.0 x 672.0
18:57:21.360 [JavaFX Application Thread] DEBUG PrimaryStageWindow   - Stage size: 814.6666870117188 x 709.3333129882812
18:57:21.411 [FXGL Background Thread 1 ] DEBUG Engine               - Initializing environment variables
18:57:21.511 [FXGL Background Thread 1 ] DEBUG FXGLAssetLoaderServi - User app class for loading assets: class mangobomb.bombermango.HelloApplication
18:57:21.512 [FXGL Background Thread 1 ] DEBUG GameApplicationServi - Applying CSS: fxgl_dark.css
18:57:21.513 [FXGL Background Thread 1 ] DEBUG FXGLAssetLoaderServi - Loading from file system: jar:file:/C:/Users/Admin/.m2/repository/com/github/almasb/fxgl/17.1/fxgl-17.1.jar!/fxglassets/ui/css/fxgl_dark.css
18:57:21.603 [FXGL Background Thread 1 ] DEBUG GameApplicationServi - Initializing application scenes
18:57:21.717 [FXGL Background Thread 1 ] DEBUG GameWorld            - Game world initialized
18:57:21.809 [FXGL Background Thread 1 ] DEBUG PhysicsWorld         - Physics world initialized: appHeight=672, physics.ppm=50.0
18:57:21.809 [FXGL Background Thread 1 ] DEBUG PhysicsWorld         - Using strategy: BRUTE_FORCE
18:57:21.815 [FXGL Background Thread 1 ] DEBUG GameScene            - Game scene initialized: 800x672
18:57:21.837 [FXGL Background Thread 1 ] DEBUG FXGL.DefaultMenu     - createMenuBodyMainMenu()
18:57:21.863 [FXGL Background Thread 1 ] DEBUG FXGL.DefaultMenu     - createOptionsMenu()
18:57:21.886 [FXGL Background Thread 1 ] DEBUG FXGLAssetLoaderServi - Loading from file system: jar:file:/C:/Users/Admin/.m2/repository/com/github/almasb/fxgl/17.1/fxgl-17.1.jar!/fxglassets/textures/particles/smoke.png
18:57:22.083 [FXGL Background Thread 1 ] DEBUG FXGLAssetLoaderServi - Loading from file system: jar:file:/C:/Users/Admin/.m2/repository/com/github/almasb/fxgl/17.1/fxgl-17.1.jar!/fxglassets/textures/particles/trace_horizontal.png
18:57:22.134 [FXGL Background Thread 1 ] DEBUG FXGL.DefaultMenu     - createMenuBodyGameMenu()
18:57:22.136 [FXGL Background Thread 1 ] DEBUG FXGL.DefaultMenu     - createOptionsMenu()
18:57:22.157 [FXGL Background Thread 1 ] DEBUG GameApplicationServi - Application scenes initialized
18:57:22.176 [FXGL Background Thread 1 ] DEBUG SystemBundleService  - Loading FXGL system data
18:57:22.184 [FXGL Background Thread 1 ] DEBUG FileSystemAccess     - Reading from: D:\bombermango\system\fxgl.bundle
18:57:22.200 [FXGL Background Thread 1 ] DEBUG SystemBundleService  - Bundle FXGL: {}
18:57:22.200 [FXGL Background Thread 1 ] DEBUG UpdaterService       - Checking for updates
18:57:22.209 [FXGL Background Thread 1 ] DEBUG FXGLApplication      - Loading default localization
18:57:22.212 [FXGL Background Thread 1 ] DEBUG FXGLAssetLoaderServi - Loading from file system: jar:file:/C:/Users/Admin/.m2/repository/com/github/almasb/fxgl/17.1/fxgl-17.1.jar!/fxglassets/languages/english.lang
18:57:22.225 [FXGL Background Thread 4 ] DEBUG FXGLApplication      - Loading fonts
18:57:22.226 [FXGL Background Thread 4 ] DEBUG FXGLAssetLoaderServi - Loading from file system: jar:file:/C:/Users/Admin/.m2/repository/com/github/almasb/fxgl/17.1/fxgl-17.1.jar!/fxglassets/ui/fonts/VarelaRound-Regular.ttf
18:57:22.281 [FXGL Background Thread 1 ] INFO  FXGLApplication      - FXGL initialization took: 0.870 sec
18:57:22.302 [JavaFX Application Thread] DEBUG Input                - Registered new binding: moveUp - W
18:57:22.302 [JavaFX Application Thread] DEBUG Input                - Registered new binding: moveRight - D
18:57:22.303 [JavaFX Application Thread] DEBUG Input                - Registered new binding: moveLeft - A
18:57:22.303 [JavaFX Application Thread] DEBUG Input                - Registered new binding: moveDown - S
18:57:22.303 [JavaFX Application Thread] DEBUG Input                - Registered new binding: implantBomb - F
18:57:22.304 [JavaFX Application Thread] DEBUG Input                - Registered new binding: PlayMusic - M
18:57:22.304 [JavaFX Application Thread] DEBUG Input                - Registered new binding: Pause - P
18:57:22.305 [JavaFX Application Thread] DEBUG FXGLAssetLoaderServi - Loading from file system: jar:file:/C:/Users/Admin/.m2/repository/com/github/almasb/fxgl/17.1/fxgl-17.1.jar!/fxglassets/textures/fxgl_icon.png
18:57:22.339 [JavaFX Application Thread] DEBUG FXGLAssetLoaderServi - Loading from file system: jar:file:/C:/Users/Admin/.m2/repository/com/github/almasb/fxgl/17.1/fxgl-17.1.jar!/fxglassets/textures/fxgl_default_cursor.png
18:57:22.352 [JavaFX Application Thread] DEBUG Input                - Registered new binding: Screenshot - CTRL+8
18:57:22.353 [JavaFX Application Thread] DEBUG Input                - Registered new binding: System info dump - CTRL+9
18:57:22.354 [JavaFX Application Thread] DEBUG Input                - Registered new binding: Restart - CTRL+R
18:57:22.356 [JavaFX Application Thread] DEBUG Input                - Registered new binding: Toggle Debug Camera - CTRL+7
18:57:22.362 [JavaFX Application Thread] DEBUG LoopRunner           - Starting loop
18:57:22.363 [JavaFX Application Thread] DEBUG LoopRunner           - Initializing JavaFX AnimationTimerLoop
18:57:22.366 [JavaFX Application Thread] DEBUG Input                - Clearing active input actions
18:57:22.378 [JavaFX Application Thread] DEBUG GameApplicationServi - Removing overlay from FXGLStartupScene and adding to FXGLMainMenuDummyScene
18:57:22.378 [JavaFX Application Thread] DEBUG PrimaryStageWindow   - FXGLStartupScene -> FXGLMainMenuDummyScene
18:57:22.378 [JavaFX Application Thread] DEBUG PrimaryStageWindow   - Push state: FXGLDefaultMenu
18:57:22.393 [JavaFX Application Thread] DEBUG Input                - Clearing active input actions
18:57:22.414 [JavaFX Application Thread] DEBUG GameApplicationServi - Removing overlay from FXGLMainMenuDummyScene and adding to FXGLDefaultMenu
18:57:22.414 [JavaFX Application Thread] DEBUG PrimaryStageWindow   - FXGLMainMenuDummyScene -> FXGLDefaultMenu
18:57:22.452 [FXGL Background Thread 4 ] DEBUG FXGLAssetLoaderServi - Loading from file system: jar:file:/C:/Users/Admin/.m2/repository/com/github/almasb/fxgl/17.1/fxgl-17.1.jar!/fxglassets/ui/fonts/Abel-Regular.ttf
18:57:22.459 [FXGL Background Thread 4 ] DEBUG FXGLAssetLoaderServi - Loading from file system: jar:file:/C:/Users/Admin/.m2/repository/com/github/almasb/fxgl/17.1/fxgl-17.1.jar!/fxglassets/ui/fonts/TerminalLandMono-Regular.otf
18:57:22.464 [FXGL Background Thread 4 ] DEBUG FXGLAssetLoaderServi - Loading from file system: jar:file:/C:/Users/Admin/.m2/repository/com/github/almasb/fxgl/17.1/fxgl-17.1.jar!/fxglassets/ui/fonts/Courier-Prime.ttf
18:57:22.595 [JavaFX Application Thread] DEBUG FXGLApplication      - Registering font factories with UI factory
18:57:23.092 [FXGL Background Thread 2 ] INFO  UpdaterService       - Your current version:  17.1
18:57:23.092 [FXGL Background Thread 2 ] INFO  UpdaterService       - Latest stable version: 17.2
18:57:23.573 [JavaFX Application Thread] DEBUG Menu                 - fireNewGame()
18:57:23.573 [JavaFX Application Thread] DEBUG GameApplicationServi - Starting new game
18:57:23.577 [JavaFX Application Thread] DEBUG PrimaryStageWindow   - Pop state: FXGLDefaultMenu
18:57:23.577 [JavaFX Application Thread] DEBUG Input                - Clearing active input actions
18:57:23.579 [JavaFX Application Thread] DEBUG GameApplicationServi - Removing overlay from FXGLDefaultMenu and adding to FXGLMainMenuDummyScene
18:57:23.580 [JavaFX Application Thread] DEBUG PrimaryStageWindow   - FXGLMainMenuDummyScene <- FXGLDefaultMenu
18:57:23.580 [JavaFX Application Thread] DEBUG Input                - Clearing active input actions
18:57:23.591 [JavaFX Application Thread] DEBUG GameApplicationServi - Removing overlay from FXGLMainMenuDummyScene and adding to FXGLLoadingScene
18:57:23.592 [JavaFX Application Thread] DEBUG PrimaryStageWindow   - FXGLMainMenuDummyScene -> FXGLLoadingScene
18:57:23.592 [JavaFX Application Thread] DEBUG GameApplicationServi - Clearing previous game
18:57:23.592 [JavaFX Application Thread] DEBUG GameScene            - Clearing game scene
18:57:23.592 [JavaFX Application Thread] DEBUG GameWorld            - Clearing game world
18:57:23.592 [JavaFX Application Thread] DEBUG PhysicsWorld         - Clearing physics world
18:57:23.594 [FXGL Background Thread 2 ] DEBUG FXGLApplication      - Initializing game
18:57:23.628 [FXGL Background Thread 2 ] DEBUG FXGLAssetLoaderServi - Loading from file system: file:/D:/bombermango/target/classes/assets/textures/sprites/wall.png
18:57:23.669 [FXGL Background Thread 2 ] DEBUG FXGLAssetLoaderServi - Loading from file system: file:/D:/bombermango/target/classes/assets/textures/sprites/brick.png
18:57:23.850 [FXGL Background Thread 2 ] DEBUG GameWorld            - Clearing removable entities
18:57:23.851 [FXGL Background Thread 2 ] DEBUG GameWorld            - Setting level: com.almasb.fxgl.entity.level.Level@420d8aef
18:57:23.981 [FXGL Background Thread 2 ] WARN  FXGLAssetLoaderServi - Asset "/assets/music/gameaudio.wav" was not found!
18:57:23.981 [FXGL Background Thread 2 ] WARN  FXGLAssetLoaderServi - Failed to load MUSIC
18:57:23.985 [FXGL Background Thread 2 ] DEBUG FXGLAssetLoaderServi - Loading from file system: file:/D:/bombermango/target/classes/assets/textures/sprites/player_right.png
18:57:23.988 [FXGL Background Thread 2 ] DEBUG FXGLAssetLoaderServi - Loading from file system: file:/D:/bombermango/target/classes/assets/textures/sprites/player_right_1.png
18:57:23.996 [FXGL Background Thread 2 ] WARN  FXGLAssetLoaderServi - Asset "/assets/textures/sprites/player_right_2.png" was not found!
18:57:23.996 [FXGL Background Thread 2 ] WARN  FXGLAssetLoaderServi - Failed to load RESIZABLE_IMAGE
18:57:24.046 [FXGL Background Thread 2 ] DEBUG FXGLAssetLoaderServi - Loading from file system: file:/D:/bombermango/target/classes/assets/textures/sprites/player_down.png
18:57:24.048 [FXGL Background Thread 2 ] DEBUG FXGLAssetLoaderServi - Loading from file system: file:/D:/bombermango/target/classes/assets/textures/sprites/player_down_1.png
18:57:24.050 [FXGL Background Thread 2 ] DEBUG FXGLAssetLoaderServi - Loading from file system: file:/D:/bombermango/target/classes/assets/textures/sprites/player_down_2.png
18:57:24.052 [FXGL Background Thread 2 ] DEBUG FXGLAssetLoaderServi - Loading from file system: file:/D:/bombermango/target/classes/assets/textures/sprites/player_left.png
18:57:24.053 [FXGL Background Thread 2 ] DEBUG FXGLAssetLoaderServi - Loading from file system: file:/D:/bombermango/target/classes/assets/textures/sprites/player_left_1.png
18:57:24.055 [FXGL Background Thread 2 ] DEBUG FXGLAssetLoaderServi - Loading from file system: file:/D:/bombermango/target/classes/assets/textures/sprites/player_left_2.png
18:57:24.065 [FXGL Background Thread 2 ] DEBUG FXGLAssetLoaderServi - Loading from file system: file:/D:/bombermango/target/classes/assets/textures/sprites/portal.png
18:57:24.072 [FXGL Background Thread 2 ] DEBUG FXGLAssetLoaderServi - Loading from file system: file:/D:/bombermango/target/classes/assets/textures/sprites/powerup_bombs.png
18:57:24.079 [FXGL Background Thread 2 ] DEBUG FXGLAssetLoaderServi - Loading from file system: file:/D:/bombermango/target/classes/assets/textures/sprites/powerup_flames.png
18:57:24.094 [FXGL Background Thread 2 ] INFO  FXGLApplication      - Game initialization took: 0.499 sec
18:57:24.095 [JavaFX Application Thread] DEBUG Input                - Clearing active input actions
18:57:24.122 [JavaFX Application Thread] DEBUG GameApplicationServi - Removing overlay from FXGLLoadingScene and adding to GameScene
18:57:24.123 [JavaFX Application Thread] DEBUG PrimaryStageWindow   - FXGLLoadingScene -> GameScene
18:57:25.208 [FXGL Background Thread 3 ] DEBUG Engine               - Logging environment variables
18:57:25.211 [FXGL Background Thread 3 ] DEBUG Engine               - achievements: []
18:57:25.211 [FXGL Background Thread 3 ] DEBUG Engine               - actualHeight: 672.0
18:57:25.212 [FXGL Background Thread 3 ] DEBUG Engine               - actualHeightProperty: ReadOnlyDoubleProperty [value: 672.0]
18:57:25.213 [FXGL Background Thread 3 ] DEBUG Engine               - actualWidth: 800.0
18:57:25.213 [FXGL Background Thread 3 ] DEBUG Engine               - actualWidthProperty: ReadOnlyDoubleProperty [value: 800.0]
18:57:25.213 [FXGL Background Thread 3 ] DEBUG Engine               - appIcon: fxgl_icon.png
18:57:25.214 [FXGL Background Thread 3 ] DEBUG Engine               - applicationMode: DEVELOPER
18:57:25.214 [FXGL Background Thread 3 ] DEBUG Engine               - cSSList: [fxgl_dark.css]
18:57:25.214 [FXGL Background Thread 3 ] DEBUG Engine               - collisionDetectionStrategy: BRUTE_FORCE
18:57:25.214 [FXGL Background Thread 3 ] DEBUG Engine               - configClass: Optional.empty
18:57:25.215 [FXGL Background Thread 3 ] DEBUG Engine               - credits: []
18:57:25.216 [FXGL Background Thread 3 ] DEBUG Engine               - defaultCursor: CursorInfo(imageName=fxgl_default_cursor.png, hotspotX=7.0, hotspotY=6.0)
18:57:25.217 [FXGL Background Thread 3 ] DEBUG Engine               - devBBoxColorProperty: ObjectProperty [value: 0xff0000ff]
18:57:25.218 [FXGL Background Thread 3 ] DEBUG Engine               - devEnableDebugCameraProperty: BooleanProperty [value: false]
18:57:25.220 [FXGL Background Thread 3 ] DEBUG Engine               - devSensorColorProperty: ObjectProperty [value: 0xffff00ff]
18:57:25.221 [FXGL Background Thread 3 ] DEBUG Engine               - devShowBBoxProperty: BooleanProperty [value: false]
18:57:25.221 [FXGL Background Thread 3 ] DEBUG Engine               - devShowPositionProperty: BooleanProperty [value: false]
18:57:25.222 [FXGL Background Thread 3 ] DEBUG Engine               - enabledMenuItems: []
18:57:25.222 [FXGL Background Thread 3 ] DEBUG Engine               - engineServices: [class com.almasb.fxgl.app.services.FXGLAssetLoaderService, class com.almasb.fxgl.app.FXGLApplication$GameApplicationService, class com.almasb.fxgl.app.services.FXGLDialogService, class com.almasb.fxgl.app.services.IOTaskExecutorService, class com.almasb.fxgl.io.FileSystemService, class com.almasb.fxgl.localization.LocalizationService, class com.almasb.fxgl.app.services.SystemBundleService, class com.almasb.fxgl.profile.SaveLoadService, class com.almasb.fxgl.ui.FXGLUIFactoryServiceProvider, class com.almasb.fxgl.ui.FXGLDialogFactoryServiceProvider, class com.almasb.fxgl.audio.AudioPlayer, class com.almasb.fxgl.notification.impl.NotificationServiceProvider, class com.almasb.fxgl.achievement.AchievementService, class com.almasb.fxgl.cutscene.CutsceneService, class com.almasb.fxgl.minigames.MiniGameService, class com.almasb.fxgl.net.NetService, class com.almasb.fxgl.app.services.UpdaterService, class com.almasb.fxgl.dev.DevService]
18:57:25.223 [FXGL Background Thread 3 ] DEBUG Engine               - fontGame: Abel-Regular.ttf
18:57:25.223 [FXGL Background Thread 3 ] DEBUG Engine               - fontMono: TerminalLandMono-Regular.otf
18:57:25.223 [FXGL Background Thread 3 ] DEBUG Engine               - fontText: Courier-Prime.ttf
18:57:25.223 [FXGL Background Thread 3 ] DEBUG Engine               - fontUI: VarelaRound-Regular.ttf
18:57:25.224 [FXGL Background Thread 3 ] DEBUG Engine               - fullScreen: BooleanProperty [value: false]
18:57:25.225 [FXGL Background Thread 3 ] DEBUG Engine               - gameDifficulty: MEDIUM
18:57:25.226 [FXGL Background Thread 3 ] DEBUG Engine               - gameDifficultyProperty: ObjectProperty [value: MEDIUM]
18:57:25.226 [FXGL Background Thread 3 ] DEBUG Engine               - globalMusicVolume: 0.5
18:57:25.228 [FXGL Background Thread 3 ] DEBUG Engine               - globalMusicVolumeProperty: DoubleProperty [value: 0.5]
18:57:25.229 [FXGL Background Thread 3 ] DEBUG Engine               - globalSoundVolume: 0.5
18:57:25.229 [FXGL Background Thread 3 ] DEBUG Engine               - globalSoundVolumeProperty: DoubleProperty [value: 0.5]
18:57:25.230 [FXGL Background Thread 3 ] DEBUG Engine               - height: 672
18:57:25.230 [FXGL Background Thread 3 ] DEBUG Engine               - is3D: false
18:57:25.230 [FXGL Background Thread 3 ] DEBUG Engine               - isAndroid: false
18:57:25.230 [FXGL Background Thread 3 ] DEBUG Engine               - isBrowser: false
18:57:25.231 [FXGL Background Thread 3 ] DEBUG Engine               - isClickFeedbackEnabled: false
18:57:25.231 [FXGL Background Thread 3 ] DEBUG Engine               - isCloseConfirmation: false
18:57:25.231 [FXGL Background Thread 3 ] DEBUG Engine               - isDesktop: true
18:57:25.231 [FXGL Background Thread 3 ] DEBUG Engine               - isDeveloperMenuEnabled: false
18:57:25.231 [FXGL Background Thread 3 ] DEBUG Engine               - isEmbedded: false
18:57:25.232 [FXGL Background Thread 3 ] DEBUG Engine               - isEntityPreloadEnabled: true
18:57:25.232 [FXGL Background Thread 3 ] DEBUG Engine               - isExperimentalTiledLargeMap: false
18:57:25.232 [FXGL Background Thread 3 ] DEBUG Engine               - isFileSystemWriteAllowed: true
18:57:25.232 [FXGL Background Thread 3 ] DEBUG Engine               - isFullScreenAllowed: false
18:57:25.232 [FXGL Background Thread 3 ] DEBUG Engine               - isFullScreenFromStart: false
18:57:25.233 [FXGL Background Thread 3 ] DEBUG Engine               - isGameMenuEnabled: true
18:57:25.234 [FXGL Background Thread 3 ] DEBUG Engine               - isIOS: false
18:57:25.236 [FXGL Background Thread 3 ] DEBUG Engine               - isIntroEnabled: false
18:57:25.236 [FXGL Background Thread 3 ] DEBUG Engine               - isLinux: false
18:57:25.237 [FXGL Background Thread 3 ] DEBUG Engine               - isMac: false
18:57:25.237 [FXGL Background Thread 3 ] DEBUG Engine               - isMainMenuEnabled: true
18:57:25.239 [FXGL Background Thread 3 ] DEBUG Engine               - isManualResizeEnabled: false
18:57:25.240 [FXGL Background Thread 3 ] DEBUG Engine               - isMobile: false
18:57:25.242 [FXGL Background Thread 3 ] DEBUG Engine               - isNative: false
18:57:25.244 [FXGL Background Thread 3 ] DEBUG Engine               - isPauseMusicWhenMinimized: true
18:57:25.244 [FXGL Background Thread 3 ] DEBUG Engine               - isPreserveResizeRatio: false
18:57:25.244 [FXGL Background Thread 3 ] DEBUG Engine               - isProfilingEnabled: false
18:57:25.244 [FXGL Background Thread 3 ] DEBUG Engine               - isScaleAffectedOnResize: true
18:57:25.245 [FXGL Background Thread 3 ] DEBUG Engine               - isSingleStep: false
18:57:25.245 [FXGL Background Thread 3 ] DEBUG Engine               - isUserProfileEnabled: false
18:57:25.245 [FXGL Background Thread 3 ] DEBUG Engine               - isWindows: true
18:57:25.245 [FXGL Background Thread 3 ] DEBUG Engine               - language: ObjectProperty [value: ENGLISH]
18:57:25.246 [FXGL Background Thread 3 ] DEBUG Engine               - menuKey: ESCAPE
18:57:25.246 [FXGL Background Thread 3 ] DEBUG Engine               - mouseSensitivity: 0.2
18:57:25.246 [FXGL Background Thread 3 ] DEBUG Engine               - notificationViewClass: class com.almasb.fxgl.notification.view.XboxNotificationView
18:57:25.246 [FXGL Background Thread 3 ] DEBUG Engine               - pixelsPerMeter: 50.0
18:57:25.247 [FXGL Background Thread 3 ] DEBUG Engine               - platform: WINDOWS
18:57:25.247 [FXGL Background Thread 3 ] DEBUG Engine               - prefHeightProperty: ReadOnlyDoubleProperty [value: 672.0]
18:57:25.247 [FXGL Background Thread 3 ] DEBUG Engine               - prefWidthProperty: ReadOnlyDoubleProperty [value: 800.0]
18:57:25.247 [FXGL Background Thread 3 ] DEBUG Engine               - profileDir: profiles/
18:57:25.248 [FXGL Background Thread 3 ] DEBUG Engine               - profileName: StringProperty [value: DEFAULT]
18:57:25.248 [FXGL Background Thread 3 ] DEBUG Engine               - randomSeed: -1
18:57:25.250 [FXGL Background Thread 3 ] DEBUG Engine               - runtimeInfo: RuntimeInfo(platform=WINDOWS, version=17.1, build=24.03.2022 17.34)
18:57:25.250 [FXGL Background Thread 3 ] DEBUG Engine               - saveFileExt: sav
18:57:25.251 [FXGL Background Thread 3 ] DEBUG Engine               - scaledHeightProp$fxgl: DoubleProperty [bound, value: 672.0]
18:57:25.251 [FXGL Background Thread 3 ] DEBUG Engine               - scaledWidthProp$fxgl: DoubleProperty [bound, value: 800.0]
18:57:25.251 [FXGL Background Thread 3 ] DEBUG Engine               - sceneFactory: com.almasb.fxgl.app.scene.SceneFactory@71caad76
18:57:25.251 [FXGL Background Thread 3 ] DEBUG Engine               - secondsIn24h: 60
18:57:25.252 [FXGL Background Thread 3 ] DEBUG Engine               - soundMenuBack: menu/back.wav
18:57:25.252 [FXGL Background Thread 3 ] DEBUG Engine               - soundMenuPress: menu/press.wav
18:57:25.252 [FXGL Background Thread 3 ] DEBUG Engine               - soundMenuSelect: menu/select.wav
18:57:25.253 [FXGL Background Thread 3 ] DEBUG Engine               - soundNotification: core/notification.wav
18:57:25.253 [FXGL Background Thread 3 ] DEBUG Engine               - stageStyle: DECORATED
18:57:25.253 [FXGL Background Thread 3 ] DEBUG Engine               - supportedLanguages: [ENGLISH, FRENCH, GERMAN, HUNGARIAN, RUSSIAN]
18:57:25.253 [FXGL Background Thread 3 ] DEBUG Engine               - ticksPerSecond: -1
18:57:25.254 [FXGL Background Thread 3 ] DEBUG Engine               - title: Bomberman
18:57:25.254 [FXGL Background Thread 3 ] DEBUG Engine               - urlGithub: https://github.com/AlmasB/FXGL
18:57:25.254 [FXGL Background Thread 3 ] DEBUG Engine               - urlLeaderboard: http://fxgl-top.herokuapp.com/
18:57:25.255 [FXGL Background Thread 3 ] DEBUG Engine               - urlPOM: https://raw.githubusercontent.com/AlmasB/FXGL/release/README.md
18:57:25.255 [FXGL Background Thread 3 ] DEBUG Engine               - userAppClass: class mangobomb.bombermango.HelloApplication
18:57:25.256 [FXGL Background Thread 3 ] DEBUG Engine               - version: 0.0
18:57:25.256 [FXGL Background Thread 3 ] DEBUG Engine               - versionCheckDays: 7
18:57:25.256 [FXGL Background Thread 3 ] DEBUG Engine               - width: 800
18:57:25.257 [FXGL Background Thread 3 ] DEBUG Engine               - Logging services
18:57:25.258 [FXGL Background Thread 3 ] DEBUG Engine               - class com.almasb.fxgl.app.services.FXGLAssetLoaderService
18:57:25.259 [FXGL Background Thread 3 ] DEBUG Engine               - class com.almasb.fxgl.app.FXGLApplication$GameApplicationService
18:57:25.260 [FXGL Background Thread 3 ] DEBUG Engine               - class com.almasb.fxgl.app.services.FXGLDialogService
18:57:25.261 [FXGL Background Thread 3 ] DEBUG Engine               - class com.almasb.fxgl.app.services.IOTaskExecutorService
18:57:25.261 [FXGL Background Thread 3 ] DEBUG Engine               - class com.almasb.fxgl.io.FileSystemService
18:57:25.261 [FXGL Background Thread 3 ] DEBUG Engine               - class com.almasb.fxgl.localization.LocalizationService
18:57:25.262 [FXGL Background Thread 3 ] DEBUG Engine               - class com.almasb.fxgl.app.services.SystemBundleService
18:57:25.262 [FXGL Background Thread 3 ] DEBUG Engine               - class com.almasb.fxgl.profile.SaveLoadService
18:57:25.262 [FXGL Background Thread 3 ] DEBUG Engine               - class com.almasb.fxgl.ui.FXGLUIFactoryServiceProvider
18:57:25.262 [FXGL Background Thread 3 ] DEBUG Engine               - class com.almasb.fxgl.ui.FXGLDialogFactoryServiceProvider
18:57:25.262 [FXGL Background Thread 3 ] DEBUG Engine               - class com.almasb.fxgl.audio.AudioPlayer
18:57:25.263 [FXGL Background Thread 3 ] DEBUG Engine               - class com.almasb.fxgl.notification.impl.NotificationServiceProvider
18:57:25.263 [FXGL Background Thread 3 ] DEBUG Engine               - class com.almasb.fxgl.achievement.AchievementService
18:57:25.263 [FXGL Background Thread 3 ] DEBUG Engine               - class com.almasb.fxgl.cutscene.CutsceneService
18:57:25.263 [FXGL Background Thread 3 ] DEBUG Engine               - class com.almasb.fxgl.minigames.MiniGameService
18:57:25.263 [FXGL Background Thread 3 ] DEBUG Engine               - class com.almasb.fxgl.net.NetService
18:57:25.264 [FXGL Background Thread 3 ] DEBUG Engine               - class com.almasb.fxgl.app.services.UpdaterService
18:57:25.264 [FXGL Background Thread 3 ] DEBUG Engine               - class com.almasb.fxgl.dev.DevService
18:57:27.270 [JavaFX Application Thread] DEBUG FXGLAssetLoaderServi - Loading from file system: file:/D:/bombermango/target/classes/assets/textures/sprites/bomb.png
18:57:27.276 [JavaFX Application Thread] DEBUG FXGLAssetLoaderServi - Loading from file system: file:/D:/bombermango/target/classes/assets/textures/sprites/bomb_1.png
18:57:27.279 [JavaFX Application Thread] DEBUG FXGLAssetLoaderServi - Loading from file system: file:/D:/bombermango/target/classes/assets/textures/sprites/bomb_2.png
18:57:29.094 [JavaFX Application Thread] DEBUG FXGLAssetLoaderServi - Loading from file system: file:/D:/bombermango/target/classes/assets/textures/sprites/bomb_exploded.png
18:57:29.096 [JavaFX Application Thread] DEBUG FXGLAssetLoaderServi - Loading from file system: file:/D:/bombermango/target/classes/assets/textures/sprites/bomb_exploded1.png
18:57:29.099 [JavaFX Application Thread] DEBUG FXGLAssetLoaderServi - Loading from file system: file:/D:/bombermango/target/classes/assets/textures/sprites/bomb_exploded2.png
18:57:40.020 [JavaFX Application Thread] DEBUG GameWorld            - Clearing removable entities
18:57:40.040 [JavaFX Application Thread] DEBUG GameWorld            - Setting level: com.almasb.fxgl.entity.level.Level@5cebd248
18:57:40.060 [JavaFX Application Thread] WARN  FXGLAssetLoaderServi - Asset "/assets/music/gameaudio.wav" was not found!
18:57:40.060 [JavaFX Application Thread] WARN  FXGLAssetLoaderServi - Failed to load MUSIC
18:57:40.060 [JavaFX Application Thread] WARN  FXGLAssetLoaderServi - Asset "/assets/textures/sprites/player_right_2.png" was not found!
18:57:40.060 [JavaFX Application Thread] WARN  FXGLAssetLoaderServi - Failed to load RESIZABLE_IMAGE
18:57:52.897 [JavaFX Application Thread] DEBUG PrimaryStageWindow   - Push state: DialogSubScene
18:57:52.897 [JavaFX Application Thread] DEBUG Input                - Clearing active input actions
18:57:52.899 [JavaFX Application Thread] DEBUG GameApplicationServi - Removing overlay from GameScene and adding to DialogSubScene
18:57:52.899 [JavaFX Application Thread] DEBUG PrimaryStageWindow   - GameScene -> DialogSubScene
18:57:53.926 [JavaFX Application Thread] DEBUG PrimaryStageWindow   - Pop state: DialogSubScene
18:57:53.926 [JavaFX Application Thread] DEBUG Input                - Clearing active input actions
18:57:53.927 [JavaFX Application Thread] DEBUG GameApplicationServi - Removing overlay from DialogSubScene and adding to GameScene
18:57:53.927 [JavaFX Application Thread] DEBUG PrimaryStageWindow   - GameScene <- DialogSubScene
18:57:53.927 [JavaFX Application Thread] DEBUG Input                - Clearing active input actions
18:57:53.934 [JavaFX Application Thread] DEBUG GameApplicationServi - Removing overlay from GameScene and adding to FXGLMainMenuDummyScene
18:57:53.934 [JavaFX Application Thread] DEBUG PrimaryStageWindow   - GameScene -> FXGLMainMenuDummyScene
18:57:53.934 [JavaFX Application Thread] DEBUG PrimaryStageWindow   - Push state: FXGLDefaultMenu
18:57:53.934 [JavaFX Application Thread] DEBUG Input                - Clearing active input actions
18:57:53.936 [JavaFX Application Thread] DEBUG GameApplicationServi - Removing overlay from FXGLMainMenuDummyScene and adding to FXGLDefaultMenu
18:57:53.936 [JavaFX Application Thread] DEBUG PrimaryStageWindow   - FXGLMainMenuDummyScene -> FXGLDefaultMenu
18:57:54.557 [JavaFX Application Thread] DEBUG Menu                 - fireNewGame()
18:57:54.557 [JavaFX Application Thread] DEBUG GameApplicationServi - Starting new game
18:57:54.557 [JavaFX Application Thread] DEBUG PrimaryStageWindow   - Pop state: FXGLDefaultMenu
18:57:54.558 [JavaFX Application Thread] DEBUG Input                - Clearing active input actions
18:57:54.558 [JavaFX Application Thread] DEBUG GameApplicationServi - Removing overlay from FXGLDefaultMenu and adding to FXGLMainMenuDummyScene
18:57:54.559 [JavaFX Application Thread] DEBUG PrimaryStageWindow   - FXGLMainMenuDummyScene <- FXGLDefaultMenu
18:57:54.559 [JavaFX Application Thread] DEBUG Input                - Clearing active input actions
18:57:54.576 [JavaFX Application Thread] DEBUG GameApplicationServi - Removing overlay from FXGLMainMenuDummyScene and adding to FXGLLoadingScene
18:57:54.577 [JavaFX Application Thread] DEBUG PrimaryStageWindow   - FXGLMainMenuDummyScene -> FXGLLoadingScene
18:57:54.577 [JavaFX Application Thread] DEBUG GameApplicationServi - Clearing previous game
18:57:54.577 [JavaFX Application Thread] DEBUG GameScene            - Clearing game scene
18:57:54.577 [JavaFX Application Thread] DEBUG GameWorld            - Clearing game world
18:57:54.589 [JavaFX Application Thread] DEBUG PhysicsWorld         - Clearing physics world
18:57:54.590 [FXGL Background Thread 2 ] DEBUG FXGLApplication      - Initializing game
18:57:54.696 [FXGL Background Thread 2 ] DEBUG GameWorld            - Clearing removable entities
18:57:54.696 [FXGL Background Thread 2 ] DEBUG GameWorld            - Setting level: com.almasb.fxgl.entity.level.Level@6c5b8b94
18:57:54.714 [FXGL Background Thread 2 ] WARN  FXGLAssetLoaderServi - Asset "/assets/music/gameaudio.wav" was not found!
18:57:54.714 [FXGL Background Thread 2 ] WARN  FXGLAssetLoaderServi - Failed to load MUSIC
18:57:54.714 [FXGL Background Thread 2 ] WARN  FXGLAssetLoaderServi - Asset "/assets/textures/sprites/player_right_2.png" was not found!
18:57:54.715 [FXGL Background Thread 2 ] WARN  FXGLAssetLoaderServi - Failed to load RESIZABLE_IMAGE
18:57:54.723 [FXGL Background Thread 2 ] INFO  FXGLApplication      - Game initialization took: 0.133 sec
18:57:54.724 [JavaFX Application Thread] DEBUG Input                - Clearing active input actions
18:57:54.739 [JavaFX Application Thread] DEBUG GameApplicationServi - Removing overlay from FXGLLoadingScene and adding to GameScene
18:57:54.740 [JavaFX Application Thread] DEBUG PrimaryStageWindow   - FXGLLoadingScene -> GameScene
18:57:59.125 [JavaFX Application Thread] DEBUG FXGLApplication      - Exiting FXGL
18:57:59.125 [JavaFX Application Thread] DEBUG LoopRunner           - Stopping loop
18:57:59.125 [JavaFX Application Thread] DEBUG SystemBundleService  - Saving FXGL system data
18:57:59.136 [JavaFX Application Thread] DEBUG FileSystemAccess     - Writing to: D:\bombermango\system\fxgl.bundle
18:57:59.138 [JavaFX Application Thread] DEBUG Async                - Shutting down background threads
18:57:59.138 [JavaFX Application Thread] DEBUG PrimaryStageWindow   - Closing main window
18:57:59.187 [JavaFX Application Thread] DEBUG Logger               - Closing Logger
