17:11:20.992 [main                     ] DEBUG Logger               - Configured Logger
17:11:21.035 [main                     ] DEBUG GameApplication      - Logging settings
Title: Bomberman!
Version: 0.0
Width: 912
Height: 624
Fullscreen: false
Intro: false
Profiling: false
Single step:false
App Mode: DEVELOPER
Menu Key: ESCAPE
Stage Style: DECORATED
Scene Factory: class com.almasb.fxgl.app.scene.SceneFactory

17:11:21.547 [JavaFX Application Thread] DEBUG FXGLApplication      - Initializing FXGL
17:11:21.556 [JavaFX Application Thread] INFO  Engine               - FXGL-17.1 (24.03.2022 17.34) on WINDOWS (J:18.0.2.1 FX:18.0.1)
17:11:21.556 [JavaFX Application Thread] DEBUG Engine               - JRE Vendor Name: Oracle Corporation
17:11:21.557 [JavaFX Application Thread] DEBUG Engine               - Running on OS: Windows 10 version 10.0
17:11:21.557 [JavaFX Application Thread] DEBUG Engine               - Architecture: amd64
17:11:21.557 [JavaFX Application Thread] INFO  Engine               - Source code and latest versions at: https://github.com/AlmasB/FXGL
17:11:21.557 [JavaFX Application Thread] INFO  Engine               -       Ask questions and discuss at: https://github.com/AlmasB/FXGL/discussions
17:11:21.557 [JavaFX Application Thread] INFO  Engine               -              Join the FXGL chat at: https://gitter.im/AlmasB/FXGL
17:11:21.797 [JavaFX Application Thread] DEBUG PrimaryStageWindow   - Creating a JavaFX scene
17:11:21.859 [JavaFX Application Thread] DEBUG PrimaryStageWindow   - Target settings size: 912.0 x 624.0
17:11:21.859 [JavaFX Application Thread] DEBUG PrimaryStageWindow   - Scaled scene size:    912.0 x 624.0
17:11:21.860 [JavaFX Application Thread] DEBUG PrimaryStageWindow   - Scaled ratio: (1.0, 1.0)
17:11:21.861 [JavaFX Application Thread] DEBUG PrimaryStageWindow   - Set initial scene to FXGLStartupScene
17:11:21.871 [JavaFX Application Thread] DEBUG PrimaryStageWindow   - Opening main window
17:11:21.987 [JavaFX Application Thread] DEBUG PrimaryStageWindow   - Window border size: (14.66668701171875, 37.33331298828125)
17:11:21.988 [JavaFX Application Thread] DEBUG PrimaryStageWindow   - Scaled size: 912.0 x 624.0
17:11:21.989 [JavaFX Application Thread] DEBUG PrimaryStageWindow   - Scaled ratio: (1.0, 1.0)
17:11:21.989 [JavaFX Application Thread] DEBUG PrimaryStageWindow   - Scene size: 912.0 x 624.0
17:11:21.990 [JavaFX Application Thread] DEBUG PrimaryStageWindow   - Stage size: 926.6666870117188 x 661.3333129882812
17:11:22.150 [FXGL Background Thread 1 ] DEBUG Engine               - Initializing environment variables
17:11:22.231 [FXGL Background Thread 1 ] DEBUG FXGLAssetLoaderServi - User app class for loading assets: class mangobomb.bombermango.HelloApplication
17:11:22.231 [FXGL Background Thread 1 ] DEBUG GameApplicationServi - Applying CSS: fxgl_dark.css
17:11:22.232 [FXGL Background Thread 1 ] DEBUG FXGLAssetLoaderServi - Loading from file system: jar:file:/C:/Users/Admin/.m2/repository/com/github/almasb/fxgl/17.1/fxgl-17.1.jar!/fxglassets/ui/css/fxgl_dark.css
17:11:22.319 [FXGL Background Thread 1 ] DEBUG GameApplicationServi - Initializing application scenes
17:11:22.552 [FXGL Background Thread 1 ] DEBUG GameWorld            - Game world initialized
17:11:22.642 [FXGL Background Thread 1 ] DEBUG PhysicsWorld         - Physics world initialized: appHeight=624, physics.ppm=50.0
17:11:22.642 [FXGL Background Thread 1 ] DEBUG PhysicsWorld         - Using strategy: BRUTE_FORCE
17:11:22.670 [FXGL Background Thread 1 ] DEBUG GameScene            - Game scene initialized: 912x624
17:11:22.692 [FXGL Background Thread 1 ] DEBUG FXGL.DefaultMenu     - createMenuBodyGameMenu()
17:11:22.726 [FXGL Background Thread 1 ] DEBUG FXGL.DefaultMenu     - createOptionsMenu()
17:11:22.745 [FXGL Background Thread 1 ] DEBUG FXGLAssetLoaderServi - Loading from file system: jar:file:/C:/Users/Admin/.m2/repository/com/github/almasb/fxgl/17.1/fxgl-17.1.jar!/fxglassets/textures/particles/smoke.png
17:11:22.906 [FXGL Background Thread 1 ] DEBUG FXGLAssetLoaderServi - Loading from file system: jar:file:/C:/Users/Admin/.m2/repository/com/github/almasb/fxgl/17.1/fxgl-17.1.jar!/fxglassets/textures/particles/trace_horizontal.png
17:11:22.949 [FXGL Background Thread 1 ] DEBUG GameApplicationServi - Application scenes initialized
17:11:22.968 [FXGL Background Thread 1 ] DEBUG SystemBundleService  - Loading FXGL system data
17:11:22.976 [FXGL Background Thread 1 ] DEBUG FileSystemAccess     - Reading from: D:\bombermango\system\fxgl.bundle
17:11:22.988 [FXGL Background Thread 1 ] DEBUG SystemBundleService  - Bundle FXGL: {}
17:11:22.989 [FXGL Background Thread 1 ] DEBUG UpdaterService       - Checking for updates
17:11:23.015 [FXGL Background Thread 1 ] DEBUG FXGLApplication      - Loading default localization
17:11:23.016 [FXGL Background Thread 1 ] DEBUG FXGLAssetLoaderServi - Loading from file system: jar:file:/C:/Users/Admin/.m2/repository/com/github/almasb/fxgl/17.1/fxgl-17.1.jar!/fxglassets/languages/english.lang
17:11:23.040 [FXGL Background Thread 1 ] INFO  FXGLApplication      - FXGL initialization took: 0.890 sec
17:11:23.055 [JavaFX Application Thread] DEBUG Input                - Registered new binding: action0 - W
17:11:23.056 [JavaFX Application Thread] DEBUG Input                - Registered new binding: action1 - A
17:11:23.057 [JavaFX Application Thread] DEBUG Input                - Registered new binding: action2 - S
17:11:23.057 [JavaFX Application Thread] DEBUG Input                - Registered new binding: action3 - D
17:11:23.058 [JavaFX Application Thread] DEBUG FXGLAssetLoaderServi - Loading from file system: jar:file:/C:/Users/Admin/.m2/repository/com/github/almasb/fxgl/17.1/fxgl-17.1.jar!/fxglassets/textures/fxgl_icon.png
17:11:23.102 [JavaFX Application Thread] DEBUG FXGLAssetLoaderServi - Loading from file system: jar:file:/C:/Users/Admin/.m2/repository/com/github/almasb/fxgl/17.1/fxgl-17.1.jar!/fxglassets/textures/fxgl_default_cursor.png
17:11:23.098 [FXGL Background Thread 4 ] DEBUG FXGLApplication      - Loading fonts
17:11:23.108 [JavaFX Application Thread] DEBUG Input                - Registered new binding: Screenshot - CTRL+8
17:11:23.109 [JavaFX Application Thread] DEBUG Input                - Registered new binding: System info dump - CTRL+9
17:11:23.110 [JavaFX Application Thread] DEBUG Input                - Registered new binding: Restart - CTRL+R
17:11:23.110 [JavaFX Application Thread] DEBUG Input                - Registered new binding: Toggle Debug Camera - CTRL+7
17:11:23.113 [JavaFX Application Thread] DEBUG LoopRunner           - Starting loop
17:11:23.113 [JavaFX Application Thread] DEBUG LoopRunner           - Initializing JavaFX AnimationTimerLoop
17:11:23.116 [JavaFX Application Thread] DEBUG GameApplicationServi - Starting new game
17:11:23.116 [JavaFX Application Thread] DEBUG Input                - Clearing active input actions
17:11:23.134 [JavaFX Application Thread] DEBUG GameApplicationServi - Removing overlay from FXGLStartupScene and adding to FXGLLoadingScene
17:11:23.134 [JavaFX Application Thread] DEBUG PrimaryStageWindow   - FXGLStartupScene -> FXGLLoadingScene
17:11:23.135 [JavaFX Application Thread] DEBUG GameApplicationServi - Clearing previous game
17:11:23.135 [JavaFX Application Thread] DEBUG GameScene            - Clearing game scene
17:11:23.135 [JavaFX Application Thread] DEBUG GameWorld            - Clearing game world
17:11:23.135 [JavaFX Application Thread] DEBUG PhysicsWorld         - Clearing physics world
17:11:23.134 [FXGL Background Thread 4 ] DEBUG FXGLAssetLoaderServi - Loading from file system: jar:file:/C:/Users/Admin/.m2/repository/com/github/almasb/fxgl/17.1/fxgl-17.1.jar!/fxglassets/ui/fonts/VarelaRound-Regular.ttf
17:11:23.137 [FXGL Background Thread 1 ] DEBUG FXGLApplication      - Initializing game
17:11:23.163 [FXGL Background Thread 1 ] DEBUG FXGLAssetLoaderServi - Loading from file system: file:/D:/bombermango/target/classes/assets/textures/sprites/player_left.png
17:11:23.164 [FXGL Background Thread 1 ] DEBUG FXGLAssetLoaderServi - Loading from file system: file:/D:/bombermango/target/classes/assets/textures/sprites/player_left_1.png
17:11:23.170 [FXGL Background Thread 1 ] DEBUG FXGLAssetLoaderServi - Loading from file system: file:/D:/bombermango/target/classes/assets/textures/sprites/player_left_2.png
17:11:23.206 [FXGL Background Thread 1 ] WARN  GameWorld            - Entity is already attached to world
17:11:23.207 [FXGL Background Thread 1 ] DEBUG FXGLAssetLoaderServi - Loading from file system: file:/D:/bombermango/target/classes/assets/textures/sprites/wall.png
17:11:23.265 [FXGL Background Thread 1 ] DEBUG FXGLAssetLoaderServi - Loading from file system: file:/D:/bombermango/target/classes/assets/textures/sprites/bomb.png
17:11:23.266 [FXGL Background Thread 1 ] DEBUG FXGLAssetLoaderServi - Loading from file system: file:/D:/bombermango/target/classes/assets/textures/sprites/bomb_1.png
17:11:23.267 [FXGL Background Thread 1 ] DEBUG FXGLAssetLoaderServi - Loading from file system: file:/D:/bombermango/target/classes/assets/textures/sprites/bomb_2.png
17:11:23.269 [FXGL Background Thread 1 ] WARN  GameWorld            - Entity is already attached to world
17:11:23.270 [FXGL Background Thread 1 ] INFO  FXGLApplication      - Game initialization took: 0.133 sec
17:11:23.392 [JavaFX Application Thread] DEBUG Input                - Clearing active input actions
17:11:23.406 [JavaFX Application Thread] DEBUG GameApplicationServi - Removing overlay from FXGLLoadingScene and adding to GameScene
17:11:23.407 [JavaFX Application Thread] DEBUG PrimaryStageWindow   - FXGLLoadingScene -> GameScene
17:11:23.598 [FXGL Background Thread 4 ] DEBUG FXGLAssetLoaderServi - Loading from file system: jar:file:/C:/Users/Admin/.m2/repository/com/github/almasb/fxgl/17.1/fxgl-17.1.jar!/fxglassets/ui/fonts/Abel-Regular.ttf
17:11:23.617 [FXGL Background Thread 4 ] DEBUG FXGLAssetLoaderServi - Loading from file system: jar:file:/C:/Users/Admin/.m2/repository/com/github/almasb/fxgl/17.1/fxgl-17.1.jar!/fxglassets/ui/fonts/TerminalLandMono-Regular.otf
17:11:23.623 [FXGL Background Thread 4 ] DEBUG FXGLAssetLoaderServi - Loading from file system: jar:file:/C:/Users/Admin/.m2/repository/com/github/almasb/fxgl/17.1/fxgl-17.1.jar!/fxglassets/ui/fonts/Courier-Prime.ttf
17:11:23.632 [JavaFX Application Thread] DEBUG FXGLApplication      - Registering font factories with UI factory
17:11:24.541 [FXGL Background Thread 2 ] INFO  UpdaterService       - Your current version:  17.1
17:11:24.541 [FXGL Background Thread 2 ] INFO  UpdaterService       - Latest stable version: 17.2
17:11:25.223 [JavaFX Application Thread] DEBUG FXGLApplication      - Exiting FXGL
17:11:25.223 [JavaFX Application Thread] DEBUG LoopRunner           - Stopping loop
17:11:25.223 [JavaFX Application Thread] DEBUG SystemBundleService  - Saving FXGL system data
17:11:25.225 [JavaFX Application Thread] DEBUG FileSystemAccess     - Writing to: D:\bombermango\system\fxgl.bundle
17:11:25.228 [JavaFX Application Thread] DEBUG Async                - Shutting down background threads
17:11:25.228 [JavaFX Application Thread] DEBUG PrimaryStageWindow   - Closing main window
17:11:25.258 [JavaFX Application Thread] DEBUG Logger               - Closing Logger
