08:37:47.788 [main                     ] DEBUG Logger               - Configured Logger
08:37:47.842 [main                     ] DEBUG GameApplication      - Logging settings
Title: Bomberman
Version: 0.0
Width: 800
Height: 600
Fullscreen: false
Intro: false
Profiling: false
Single step:false
App Mode: DEVELOPER
Menu Key: ESCAPE
Stage Style: DECORATED
Scene Factory: class com.almasb.fxgl.app.scene.SceneFactory

08:37:48.372 [JavaFX Application Thread] DEBUG FXGLApplication      - Initializing FXGL
08:37:48.383 [JavaFX Application Thread] INFO  Engine               - FXGL-17.1 (24.03.2022 17.34) on WINDOWS (J:18.0.2.1 FX:18.0.1)
08:37:48.383 [JavaFX Application Thread] DEBUG Engine               - JRE Vendor Name: Oracle Corporation
08:37:48.384 [JavaFX Application Thread] DEBUG Engine               - Running on OS: Windows 10 version 10.0
08:37:48.384 [JavaFX Application Thread] DEBUG Engine               - Architecture: amd64
08:37:48.384 [JavaFX Application Thread] INFO  Engine               - Source code and latest versions at: https://github.com/AlmasB/FXGL
08:37:48.384 [JavaFX Application Thread] INFO  Engine               -       Ask questions and discuss at: https://github.com/AlmasB/FXGL/discussions
08:37:48.385 [JavaFX Application Thread] INFO  Engine               -              Join the FXGL chat at: https://gitter.im/AlmasB/FXGL
08:37:48.569 [JavaFX Application Thread] DEBUG PrimaryStageWindow   - Creating a JavaFX scene
08:37:48.655 [JavaFX Application Thread] DEBUG PrimaryStageWindow   - Target settings size: 800.0 x 600.0
08:37:48.656 [JavaFX Application Thread] DEBUG PrimaryStageWindow   - Scaled scene size:    800.0 x 600.0
08:37:48.656 [JavaFX Application Thread] DEBUG PrimaryStageWindow   - Scaled ratio: (1.0, 1.0)
08:37:48.658 [JavaFX Application Thread] DEBUG PrimaryStageWindow   - Set initial scene to FXGLStartupScene
08:37:48.671 [JavaFX Application Thread] DEBUG PrimaryStageWindow   - Opening main window
08:37:48.816 [JavaFX Application Thread] DEBUG PrimaryStageWindow   - Window border size: (14.66668701171875, 37.33331298828125)
08:37:48.817 [JavaFX Application Thread] DEBUG PrimaryStageWindow   - Scaled size: 800.0 x 600.0
08:37:48.818 [JavaFX Application Thread] DEBUG PrimaryStageWindow   - Scaled ratio: (1.0, 1.0)
08:37:48.818 [JavaFX Application Thread] DEBUG PrimaryStageWindow   - Scene size: 800.0 x 600.0
08:37:48.819 [JavaFX Application Thread] DEBUG PrimaryStageWindow   - Stage size: 814.6666870117188 x 637.3333129882812
08:37:48.834 [FXGL Background Thread 1 ] DEBUG Engine               - Initializing environment variables
08:37:48.943 [FXGL Background Thread 1 ] DEBUG FXGLAssetLoaderServi - User app class for loading assets: class mangobomb.bombermango.HelloApplication
08:37:48.946 [FXGL Background Thread 1 ] DEBUG GameApplicationServi - Applying CSS: fxgl_dark.css
08:37:48.948 [FXGL Background Thread 1 ] DEBUG FXGLAssetLoaderServi - Loading from file system: jar:file:/C:/Users/Admin/.m2/repository/com/github/almasb/fxgl/17.1/fxgl-17.1.jar!/fxglassets/ui/css/fxgl_dark.css
08:37:49.048 [FXGL Background Thread 1 ] DEBUG GameApplicationServi - Initializing application scenes
08:37:49.168 [FXGL Background Thread 1 ] DEBUG GameWorld            - Game world initialized
08:37:49.263 [FXGL Background Thread 1 ] DEBUG PhysicsWorld         - Physics world initialized: appHeight=600, physics.ppm=50.0
08:37:49.264 [FXGL Background Thread 1 ] DEBUG PhysicsWorld         - Using strategy: BRUTE_FORCE
08:37:49.270 [FXGL Background Thread 1 ] DEBUG GameScene            - Game scene initialized: 800x600
08:37:49.289 [FXGL Background Thread 1 ] DEBUG FXGL.DefaultMenu     - createMenuBodyMainMenu()
08:37:49.317 [FXGL Background Thread 1 ] DEBUG FXGL.DefaultMenu     - createOptionsMenu()
08:37:49.336 [FXGL Background Thread 1 ] DEBUG FXGLAssetLoaderServi - Loading from file system: jar:file:/C:/Users/Admin/.m2/repository/com/github/almasb/fxgl/17.1/fxgl-17.1.jar!/fxglassets/textures/particles/smoke.png
08:37:49.512 [FXGL Background Thread 1 ] DEBUG FXGLAssetLoaderServi - Loading from file system: jar:file:/C:/Users/Admin/.m2/repository/com/github/almasb/fxgl/17.1/fxgl-17.1.jar!/fxglassets/textures/particles/trace_horizontal.png
08:37:49.588 [FXGL Background Thread 1 ] DEBUG FXGL.DefaultMenu     - createMenuBodyGameMenu()
08:37:49.590 [FXGL Background Thread 1 ] DEBUG FXGL.DefaultMenu     - createOptionsMenu()
08:37:49.613 [FXGL Background Thread 1 ] DEBUG GameApplicationServi - Application scenes initialized
08:37:49.632 [FXGL Background Thread 1 ] DEBUG SystemBundleService  - Loading FXGL system data
08:37:49.640 [FXGL Background Thread 1 ] DEBUG FileSystemAccess     - Reading from: D:\bombermango\system\fxgl.bundle
08:37:49.655 [FXGL Background Thread 1 ] DEBUG SystemBundleService  - Bundle FXGL: {}
08:37:49.655 [FXGL Background Thread 1 ] DEBUG UpdaterService       - Checking for updates
08:37:49.662 [FXGL Background Thread 1 ] DEBUG FXGLApplication      - Loading default localization
08:37:49.663 [FXGL Background Thread 1 ] DEBUG FXGLAssetLoaderServi - Loading from file system: jar:file:/C:/Users/Admin/.m2/repository/com/github/almasb/fxgl/17.1/fxgl-17.1.jar!/fxglassets/languages/english.lang
08:37:49.674 [FXGL Background Thread 4 ] DEBUG FXGLApplication      - Loading fonts
08:37:49.693 [FXGL Background Thread 4 ] DEBUG FXGLAssetLoaderServi - Loading from file system: jar:file:/C:/Users/Admin/.m2/repository/com/github/almasb/fxgl/17.1/fxgl-17.1.jar!/fxglassets/ui/fonts/VarelaRound-Regular.ttf
08:37:49.700 [FXGL Background Thread 1 ] INFO  FXGLApplication      - FXGL initialization took: 0.867 sec
08:37:49.721 [JavaFX Application Thread] DEBUG Input                - Registered new binding: moveUp - W
08:37:49.722 [JavaFX Application Thread] DEBUG Input                - Registered new binding: moveRight - D
08:37:49.722 [JavaFX Application Thread] DEBUG Input                - Registered new binding: moveLeft - A
08:37:49.722 [JavaFX Application Thread] DEBUG Input                - Registered new binding: moveDown - S
08:37:49.722 [JavaFX Application Thread] DEBUG Input                - Registered new binding: implantBomb - F
08:37:49.723 [JavaFX Application Thread] DEBUG FXGLAssetLoaderServi - Loading from file system: jar:file:/C:/Users/Admin/.m2/repository/com/github/almasb/fxgl/17.1/fxgl-17.1.jar!/fxglassets/textures/fxgl_icon.png
08:37:49.760 [JavaFX Application Thread] DEBUG FXGLAssetLoaderServi - Loading from file system: jar:file:/C:/Users/Admin/.m2/repository/com/github/almasb/fxgl/17.1/fxgl-17.1.jar!/fxglassets/textures/fxgl_default_cursor.png
08:37:49.765 [JavaFX Application Thread] DEBUG Input                - Registered new binding: Screenshot - CTRL+8
08:37:49.765 [JavaFX Application Thread] DEBUG Input                - Registered new binding: System info dump - CTRL+9
08:37:49.766 [JavaFX Application Thread] DEBUG Input                - Registered new binding: Restart - CTRL+R
08:37:49.768 [JavaFX Application Thread] DEBUG Input                - Registered new binding: Toggle Debug Camera - CTRL+7
08:37:49.771 [JavaFX Application Thread] DEBUG LoopRunner           - Starting loop
08:37:49.772 [JavaFX Application Thread] DEBUG LoopRunner           - Initializing JavaFX AnimationTimerLoop
08:37:49.775 [JavaFX Application Thread] DEBUG Input                - Clearing active input actions
08:37:49.786 [JavaFX Application Thread] DEBUG GameApplicationServi - Removing overlay from FXGLStartupScene and adding to FXGLMainMenuDummyScene
08:37:49.787 [JavaFX Application Thread] DEBUG PrimaryStageWindow   - FXGLStartupScene -> FXGLMainMenuDummyScene
08:37:49.787 [JavaFX Application Thread] DEBUG PrimaryStageWindow   - Push state: FXGLDefaultMenu
08:37:49.796 [JavaFX Application Thread] DEBUG Input                - Clearing active input actions
08:37:49.811 [JavaFX Application Thread] DEBUG GameApplicationServi - Removing overlay from FXGLMainMenuDummyScene and adding to FXGLDefaultMenu
08:37:49.811 [JavaFX Application Thread] DEBUG PrimaryStageWindow   - FXGLMainMenuDummyScene -> FXGLDefaultMenu
08:37:49.893 [FXGL Background Thread 4 ] DEBUG FXGLAssetLoaderServi - Loading from file system: jar:file:/C:/Users/Admin/.m2/repository/com/github/almasb/fxgl/17.1/fxgl-17.1.jar!/fxglassets/ui/fonts/Abel-Regular.ttf
08:37:49.901 [FXGL Background Thread 4 ] DEBUG FXGLAssetLoaderServi - Loading from file system: jar:file:/C:/Users/Admin/.m2/repository/com/github/almasb/fxgl/17.1/fxgl-17.1.jar!/fxglassets/ui/fonts/TerminalLandMono-Regular.otf
08:37:49.910 [FXGL Background Thread 4 ] DEBUG FXGLAssetLoaderServi - Loading from file system: jar:file:/C:/Users/Admin/.m2/repository/com/github/almasb/fxgl/17.1/fxgl-17.1.jar!/fxglassets/ui/fonts/Courier-Prime.ttf
08:37:49.972 [JavaFX Application Thread] DEBUG FXGLApplication      - Registering font factories with UI factory
08:37:50.689 [FXGL Background Thread 2 ] INFO  UpdaterService       - Your current version:  17.1
08:37:50.689 [FXGL Background Thread 2 ] INFO  UpdaterService       - Latest stable version: 17.2
08:37:50.903 [JavaFX Application Thread] DEBUG FXGLApplication      - Exiting FXGL
08:37:50.903 [JavaFX Application Thread] DEBUG LoopRunner           - Stopping loop
08:37:50.903 [JavaFX Application Thread] DEBUG SystemBundleService  - Saving FXGL system data
08:37:50.906 [JavaFX Application Thread] DEBUG FileSystemAccess     - Writing to: D:\bombermango\system\fxgl.bundle
08:37:50.910 [JavaFX Application Thread] DEBUG Async                - Shutting down background threads
08:37:50.911 [JavaFX Application Thread] DEBUG PrimaryStageWindow   - Closing main window
08:37:50.944 [JavaFX Application Thread] DEBUG Logger               - Closing Logger
