17:12:13.169 [main                     ] DEBUG Logger               - Configured Logger
17:12:13.218 [main                     ] DEBUG GameApplication      - Logging settings
Title: Untitled
Version: 0.0
Width: 1000
Height: 800
Fullscreen: false
Intro: false
Profiling: false
Single step:false
App Mode: DEVELOPER
Menu Key: ESCAPE
Stage Style: DECORATED
Scene Factory: class com.almasb.fxgl.app.scene.SceneFactory

17:12:13.889 [JavaFX Application Thread] DEBUG FXGLApplication      - Initializing FXGL
17:12:13.900 [JavaFX Application Thread] INFO  Engine               - FXGL-17.1 (24.03.2022 17.34) on WINDOWS (J:18.0.2.1 FX:18.0.1)
17:12:13.901 [JavaFX Application Thread] DEBUG Engine               - JRE Vendor Name: Oracle Corporation
17:12:13.901 [JavaFX Application Thread] DEBUG Engine               - Running on OS: Windows 10 version 10.0
17:12:13.902 [JavaFX Application Thread] DEBUG Engine               - Architecture: amd64
17:12:13.902 [JavaFX Application Thread] INFO  Engine               - Source code and latest versions at: https://github.com/AlmasB/FXGL
17:12:13.902 [JavaFX Application Thread] INFO  Engine               -       Ask questions and discuss at: https://github.com/AlmasB/FXGL/discussions
17:12:13.902 [JavaFX Application Thread] INFO  Engine               -              Join the FXGL chat at: https://gitter.im/AlmasB/FXGL
17:12:14.125 [JavaFX Application Thread] DEBUG PrimaryStageWindow   - Creating a JavaFX scene
17:12:14.125 [JavaFX Application Thread] DEBUG PrimaryStageWindow   - Target size > screen size
17:12:14.207 [JavaFX Application Thread] DEBUG PrimaryStageWindow   - Target settings size: 1000.0 x 800.0
17:12:14.208 [JavaFX Application Thread] DEBUG PrimaryStageWindow   - Scaled scene size:    825.0 x 680.0
17:12:14.209 [JavaFX Application Thread] DEBUG PrimaryStageWindow   - Scaled ratio: (0.825, 0.85)
17:12:14.211 [JavaFX Application Thread] DEBUG PrimaryStageWindow   - Set initial scene to FXGLStartupScene
17:12:14.225 [JavaFX Application Thread] DEBUG PrimaryStageWindow   - Opening main window
17:12:14.360 [JavaFX Application Thread] DEBUG PrimaryStageWindow   - Window border size: (15.0, 37.33331298828125)
17:12:14.361 [JavaFX Application Thread] DEBUG PrimaryStageWindow   - Scaled size: 825.0 x 680.0
17:12:14.361 [JavaFX Application Thread] DEBUG PrimaryStageWindow   - Scaled ratio: (0.825, 0.85)
17:12:14.362 [JavaFX Application Thread] DEBUG PrimaryStageWindow   - Scene size: 825.0 x 680.0
17:12:14.362 [JavaFX Application Thread] DEBUG PrimaryStageWindow   - Stage size: 840.0 x 717.3333129882812
17:12:14.378 [FXGL Background Thread 1 ] DEBUG Engine               - Initializing environment variables
17:12:14.522 [FXGL Background Thread 1 ] DEBUG FXGLAssetLoaderServi - User app class for loading assets: class mangobomb.bombermango.HelloApplication
17:12:14.522 [FXGL Background Thread 1 ] DEBUG GameApplicationServi - Applying CSS: fxgl_dark.css
17:12:14.524 [FXGL Background Thread 1 ] DEBUG FXGLAssetLoaderServi - Loading from file system: jar:file:/C:/Users/Admin/.m2/repository/com/github/almasb/fxgl/17.1/fxgl-17.1.jar!/fxglassets/ui/css/fxgl_dark.css
17:12:14.632 [FXGL Background Thread 1 ] DEBUG GameApplicationServi - Initializing application scenes
17:12:14.786 [FXGL Background Thread 1 ] DEBUG GameWorld            - Game world initialized
17:12:14.889 [FXGL Background Thread 1 ] DEBUG PhysicsWorld         - Physics world initialized: appHeight=800, physics.ppm=50.0
17:12:14.890 [FXGL Background Thread 1 ] DEBUG PhysicsWorld         - Using strategy: BRUTE_FORCE
17:12:14.897 [FXGL Background Thread 1 ] DEBUG GameScene            - Game scene initialized: 1000x800
17:12:14.923 [FXGL Background Thread 1 ] DEBUG FXGL.DefaultMenu     - createMenuBodyGameMenu()
17:12:14.955 [FXGL Background Thread 1 ] DEBUG FXGL.DefaultMenu     - createOptionsMenu()
17:12:14.977 [FXGL Background Thread 1 ] DEBUG FXGLAssetLoaderServi - Loading from file system: jar:file:/C:/Users/Admin/.m2/repository/com/github/almasb/fxgl/17.1/fxgl-17.1.jar!/fxglassets/textures/particles/smoke.png
17:12:15.181 [FXGL Background Thread 1 ] DEBUG FXGLAssetLoaderServi - Loading from file system: jar:file:/C:/Users/Admin/.m2/repository/com/github/almasb/fxgl/17.1/fxgl-17.1.jar!/fxglassets/textures/particles/trace_horizontal.png
17:12:15.243 [FXGL Background Thread 1 ] DEBUG GameApplicationServi - Application scenes initialized
17:12:15.265 [FXGL Background Thread 1 ] DEBUG SystemBundleService  - Loading FXGL system data
17:12:15.273 [FXGL Background Thread 1 ] DEBUG FileSystemAccess     - Reading from: D:\Coding\OOP\bombermango\system\fxgl.bundle
17:12:15.290 [FXGL Background Thread 1 ] DEBUG SystemBundleService  - Bundle FXGL: {}
17:12:15.290 [FXGL Background Thread 1 ] DEBUG UpdaterService       - Checking for updates
17:12:15.298 [FXGL Background Thread 1 ] DEBUG FXGLApplication      - Loading default localization
17:12:15.300 [FXGL Background Thread 1 ] DEBUG FXGLAssetLoaderServi - Loading from file system: jar:file:/C:/Users/Admin/.m2/repository/com/github/almasb/fxgl/17.1/fxgl-17.1.jar!/fxglassets/languages/english.lang
17:12:15.334 [FXGL Background Thread 1 ] INFO  FXGLApplication      - FXGL initialization took: 0.956 sec
17:12:15.335 [JavaFX Application Thread] DEBUG FXGLAssetLoaderServi - Loading from file system: jar:file:/C:/Users/Admin/.m2/repository/com/github/almasb/fxgl/17.1/fxgl-17.1.jar!/fxglassets/textures/fxgl_icon.png
17:12:15.369 [FXGL Background Thread 4 ] DEBUG FXGLApplication      - Loading fonts
17:12:15.374 [JavaFX Application Thread] DEBUG FXGLAssetLoaderServi - Loading from file system: jar:file:/C:/Users/Admin/.m2/repository/com/github/almasb/fxgl/17.1/fxgl-17.1.jar!/fxglassets/textures/fxgl_default_cursor.png
17:12:15.374 [FXGL Background Thread 4 ] DEBUG FXGLAssetLoaderServi - Loading from file system: jar:file:/C:/Users/Admin/.m2/repository/com/github/almasb/fxgl/17.1/fxgl-17.1.jar!/fxglassets/ui/fonts/VarelaRound-Regular.ttf
17:12:15.420 [JavaFX Application Thread] DEBUG Input                - Registered new binding: Screenshot - CTRL+8
17:12:15.421 [JavaFX Application Thread] DEBUG Input                - Registered new binding: System info dump - CTRL+9
17:12:15.422 [JavaFX Application Thread] DEBUG Input                - Registered new binding: Restart - CTRL+R
17:12:15.424 [JavaFX Application Thread] DEBUG Input                - Registered new binding: Toggle Debug Camera - CTRL+7
17:12:15.428 [JavaFX Application Thread] DEBUG LoopRunner           - Starting loop
17:12:15.428 [JavaFX Application Thread] DEBUG LoopRunner           - Initializing JavaFX AnimationTimerLoop
17:12:15.430 [JavaFX Application Thread] DEBUG GameApplicationServi - Starting new game
17:12:15.432 [JavaFX Application Thread] DEBUG Input                - Clearing active input actions
17:12:15.449 [JavaFX Application Thread] DEBUG GameApplicationServi - Removing overlay from FXGLStartupScene and adding to FXGLLoadingScene
17:12:15.450 [JavaFX Application Thread] DEBUG PrimaryStageWindow   - FXGLStartupScene -> FXGLLoadingScene
17:12:15.450 [JavaFX Application Thread] DEBUG GameApplicationServi - Clearing previous game
17:12:15.450 [JavaFX Application Thread] DEBUG GameScene            - Clearing game scene
17:12:15.451 [JavaFX Application Thread] DEBUG GameWorld            - Clearing game world
17:12:15.451 [JavaFX Application Thread] DEBUG PhysicsWorld         - Clearing physics world
17:12:15.453 [FXGL Background Thread 1 ] DEBUG FXGLApplication      - Initializing game
17:12:15.500 [FXGL Background Thread 1 ] INFO  FXGLApplication      - Game initialization took: 0.047 sec
17:12:15.584 [JavaFX Application Thread] DEBUG Input                - Clearing active input actions
17:12:15.647 [JavaFX Application Thread] DEBUG GameApplicationServi - Removing overlay from FXGLLoadingScene and adding to GameScene
17:12:15.657 [JavaFX Application Thread] DEBUG PrimaryStageWindow   - FXGLLoadingScene -> GameScene
17:12:15.702 [FXGL Background Thread 4 ] DEBUG FXGLAssetLoaderServi - Loading from file system: jar:file:/C:/Users/Admin/.m2/repository/com/github/almasb/fxgl/17.1/fxgl-17.1.jar!/fxglassets/ui/fonts/Abel-Regular.ttf
17:12:15.708 [FXGL Background Thread 4 ] DEBUG FXGLAssetLoaderServi - Loading from file system: jar:file:/C:/Users/Admin/.m2/repository/com/github/almasb/fxgl/17.1/fxgl-17.1.jar!/fxglassets/ui/fonts/TerminalLandMono-Regular.otf
17:12:15.713 [FXGL Background Thread 4 ] DEBUG FXGLAssetLoaderServi - Loading from file system: jar:file:/C:/Users/Admin/.m2/repository/com/github/almasb/fxgl/17.1/fxgl-17.1.jar!/fxglassets/ui/fonts/Courier-Prime.ttf
17:12:15.817 [JavaFX Application Thread] DEBUG FXGLApplication      - Registering font factories with UI factory
17:12:16.280 [FXGL Background Thread 2 ] INFO  UpdaterService       - Your current version:  17.1
17:12:16.281 [FXGL Background Thread 2 ] INFO  UpdaterService       - Latest stable version: 17.2
17:12:17.706 [JavaFX Application Thread] DEBUG FXGLApplication      - Exiting FXGL
17:12:17.706 [JavaFX Application Thread] DEBUG LoopRunner           - Stopping loop
17:12:17.706 [JavaFX Application Thread] DEBUG SystemBundleService  - Saving FXGL system data
17:12:17.709 [JavaFX Application Thread] DEBUG FileSystemAccess     - Writing to: D:\Coding\OOP\bombermango\system\fxgl.bundle
17:12:17.712 [JavaFX Application Thread] DEBUG Async                - Shutting down background threads
17:12:17.712 [JavaFX Application Thread] DEBUG PrimaryStageWindow   - Closing main window
17:12:17.726 [JavaFX Application Thread] DEBUG Logger               - Closing Logger
