08:32:25.649 [main                     ] DEBUG Logger               - Configured Logger
08:32:25.694 [main                     ] DEBUG GameApplication      - Logging settings
Title: Bomberman!
Version: 0.0
Width: 700
Height: 700
Fullscreen: false
Intro: false
Profiling: false
Single step:false
App Mode: DEVELOPER
Menu Key: ESCAPE
Stage Style: DECORATED
Scene Factory: class com.almasb.fxgl.app.scene.SceneFactory

08:32:26.220 [JavaFX Application Thread] DEBUG FXGLApplication      - Initializing FXGL
08:32:26.230 [JavaFX Application Thread] INFO  Engine               - FXGL-17.1 (24.03.2022 17.34) on WINDOWS (J:18.0.2.1 FX:18.0.1)
08:32:26.230 [JavaFX Application Thread] DEBUG Engine               - JRE Vendor Name: Oracle Corporation
08:32:26.231 [JavaFX Application Thread] DEBUG Engine               - Running on OS: Windows 10 version 10.0
08:32:26.231 [JavaFX Application Thread] DEBUG Engine               - Architecture: amd64
08:32:26.231 [JavaFX Application Thread] INFO  Engine               - Source code and latest versions at: https://github.com/AlmasB/FXGL
08:32:26.231 [JavaFX Application Thread] INFO  Engine               -       Ask questions and discuss at: https://github.com/AlmasB/FXGL/discussions
08:32:26.232 [JavaFX Application Thread] INFO  Engine               -              Join the FXGL chat at: https://gitter.im/AlmasB/FXGL
08:32:26.416 [JavaFX Application Thread] DEBUG PrimaryStageWindow   - Creating a JavaFX scene
08:32:26.416 [JavaFX Application Thread] DEBUG PrimaryStageWindow   - Target size > screen size
08:32:26.489 [JavaFX Application Thread] DEBUG PrimaryStageWindow   - Target settings size: 700.0 x 700.0
08:32:26.489 [JavaFX Application Thread] DEBUG PrimaryStageWindow   - Scaled scene size:    655.0 x 680.0
08:32:26.490 [JavaFX Application Thread] DEBUG PrimaryStageWindow   - Scaled ratio: (0.9357142857142857, 0.9714285714285714)
08:32:26.491 [JavaFX Application Thread] DEBUG PrimaryStageWindow   - Set initial scene to FXGLStartupScene
08:32:26.503 [JavaFX Application Thread] DEBUG PrimaryStageWindow   - Opening main window
08:32:26.640 [JavaFX Application Thread] DEBUG PrimaryStageWindow   - Window border size: (15.0, 37.33331298828125)
08:32:26.640 [JavaFX Application Thread] DEBUG PrimaryStageWindow   - Scaled size: 655.0 x 680.0
08:32:26.641 [JavaFX Application Thread] DEBUG PrimaryStageWindow   - Scaled ratio: (0.9357142857142857, 0.9714285714285714)
08:32:26.642 [JavaFX Application Thread] DEBUG PrimaryStageWindow   - Scene size: 655.0 x 680.0
08:32:26.643 [JavaFX Application Thread] DEBUG PrimaryStageWindow   - Stage size: 670.0 x 717.3333129882812
08:32:26.654 [FXGL Background Thread 1 ] DEBUG Engine               - Initializing environment variables
08:32:26.747 [FXGL Background Thread 1 ] DEBUG FXGLAssetLoaderServi - User app class for loading assets: class mangobomb.bombermango.HelloApplication
08:32:26.747 [FXGL Background Thread 1 ] DEBUG GameApplicationServi - Applying CSS: fxgl_dark.css
08:32:26.749 [FXGL Background Thread 1 ] DEBUG FXGLAssetLoaderServi - Loading from file system: jar:file:/C:/Users/Admin/.m2/repository/com/github/almasb/fxgl/17.1/fxgl-17.1.jar!/fxglassets/ui/css/fxgl_dark.css
08:32:26.830 [FXGL Background Thread 1 ] DEBUG GameApplicationServi - Initializing application scenes
08:32:26.942 [FXGL Background Thread 1 ] DEBUG GameWorld            - Game world initialized
08:32:27.037 [FXGL Background Thread 1 ] DEBUG PhysicsWorld         - Physics world initialized: appHeight=700, physics.ppm=50.0
08:32:27.038 [FXGL Background Thread 1 ] DEBUG PhysicsWorld         - Using strategy: BRUTE_FORCE
08:32:27.045 [FXGL Background Thread 1 ] DEBUG GameScene            - Game scene initialized: 700x700
08:32:27.065 [FXGL Background Thread 1 ] WARN  FXGL.DefaultMenu     - FXGLDefaultMenu is not designed for resolutions < 800x600
08:32:27.065 [FXGL Background Thread 1 ] DEBUG FXGL.DefaultMenu     - createMenuBodyGameMenu()
08:32:27.094 [FXGL Background Thread 1 ] DEBUG FXGL.DefaultMenu     - createOptionsMenu()
08:32:27.113 [FXGL Background Thread 1 ] DEBUG FXGLAssetLoaderServi - Loading from file system: jar:file:/C:/Users/Admin/.m2/repository/com/github/almasb/fxgl/17.1/fxgl-17.1.jar!/fxglassets/textures/particles/smoke.png
08:32:27.290 [FXGL Background Thread 1 ] DEBUG FXGLAssetLoaderServi - Loading from file system: jar:file:/C:/Users/Admin/.m2/repository/com/github/almasb/fxgl/17.1/fxgl-17.1.jar!/fxglassets/textures/particles/trace_horizontal.png
08:32:27.359 [FXGL Background Thread 1 ] DEBUG GameApplicationServi - Application scenes initialized
08:32:27.389 [FXGL Background Thread 1 ] DEBUG SystemBundleService  - Loading FXGL system data
08:32:27.398 [FXGL Background Thread 1 ] DEBUG FileSystemAccess     - Reading from: D:\bombermango\system\fxgl.bundle
08:32:27.413 [FXGL Background Thread 1 ] DEBUG SystemBundleService  - Bundle FXGL: {}
08:32:27.413 [FXGL Background Thread 1 ] DEBUG UpdaterService       - Checking for updates
08:32:27.421 [FXGL Background Thread 1 ] DEBUG FXGLApplication      - Loading default localization
08:32:27.422 [FXGL Background Thread 1 ] DEBUG FXGLAssetLoaderServi - Loading from file system: jar:file:/C:/Users/Admin/.m2/repository/com/github/almasb/fxgl/17.1/fxgl-17.1.jar!/fxglassets/languages/english.lang
08:32:27.451 [FXGL Background Thread 1 ] INFO  FXGLApplication      - FXGL initialization took: 0.797 sec
08:32:27.466 [JavaFX Application Thread] DEBUG Input                - Registered new binding: Up 1 - W
08:32:27.466 [JavaFX Application Thread] DEBUG Input                - Registered new binding: Left 1 - A
08:32:27.467 [JavaFX Application Thread] DEBUG Input                - Registered new binding: Down 1 - S
08:32:27.467 [JavaFX Application Thread] DEBUG Input                - Registered new binding: Right 1 - D
08:32:27.468 [JavaFX Application Thread] DEBUG FXGLAssetLoaderServi - Loading from file system: jar:file:/C:/Users/Admin/.m2/repository/com/github/almasb/fxgl/17.1/fxgl-17.1.jar!/fxglassets/textures/fxgl_icon.png
08:32:27.497 [FXGL Background Thread 4 ] DEBUG FXGLApplication      - Loading fonts
08:32:27.498 [FXGL Background Thread 4 ] DEBUG FXGLAssetLoaderServi - Loading from file system: jar:file:/C:/Users/Admin/.m2/repository/com/github/almasb/fxgl/17.1/fxgl-17.1.jar!/fxglassets/ui/fonts/VarelaRound-Regular.ttf
08:32:27.501 [JavaFX Application Thread] DEBUG FXGLAssetLoaderServi - Loading from file system: jar:file:/C:/Users/Admin/.m2/repository/com/github/almasb/fxgl/17.1/fxgl-17.1.jar!/fxglassets/textures/fxgl_default_cursor.png
08:32:27.504 [JavaFX Application Thread] DEBUG Input                - Registered new binding: Screenshot - CTRL+8
08:32:27.505 [JavaFX Application Thread] DEBUG Input                - Registered new binding: System info dump - CTRL+9
08:32:27.506 [JavaFX Application Thread] DEBUG Input                - Registered new binding: Restart - CTRL+R
08:32:27.506 [JavaFX Application Thread] DEBUG Input                - Registered new binding: Toggle Debug Camera - CTRL+7
08:32:27.510 [JavaFX Application Thread] DEBUG LoopRunner           - Starting loop
08:32:27.510 [JavaFX Application Thread] DEBUG LoopRunner           - Initializing JavaFX AnimationTimerLoop
08:32:27.512 [JavaFX Application Thread] DEBUG GameApplicationServi - Starting new game
08:32:27.513 [JavaFX Application Thread] DEBUG Input                - Clearing active input actions
08:32:27.567 [JavaFX Application Thread] DEBUG GameApplicationServi - Removing overlay from FXGLStartupScene and adding to FXGLLoadingScene
08:32:27.568 [JavaFX Application Thread] DEBUG PrimaryStageWindow   - FXGLStartupScene -> FXGLLoadingScene
08:32:27.568 [JavaFX Application Thread] DEBUG GameApplicationServi - Clearing previous game
08:32:27.568 [JavaFX Application Thread] DEBUG GameScene            - Clearing game scene
08:32:27.568 [JavaFX Application Thread] DEBUG GameWorld            - Clearing game world
08:32:27.568 [JavaFX Application Thread] DEBUG PhysicsWorld         - Clearing physics world
08:32:27.570 [FXGL Background Thread 1 ] DEBUG FXGLApplication      - Initializing game
08:32:27.582 [FXGL Background Thread 1 ] DEBUG FXGLAssetLoaderServi - Loading from file system: file:/D:/bombermango/target/classes/assets/textures/sprites/player_left.png
08:32:27.583 [FXGL Background Thread 1 ] DEBUG FXGLAssetLoaderServi - Loading from file system: file:/D:/bombermango/target/classes/assets/textures/sprites/player_left_1.png
08:32:27.585 [FXGL Background Thread 1 ] DEBUG FXGLAssetLoaderServi - Loading from file system: file:/D:/bombermango/target/classes/assets/textures/sprites/player_left_2.png
08:32:27.645 [FXGL Background Thread 1 ] INFO  FXGLApplication      - Game initialization took: 0.075 sec
08:32:27.780 [JavaFX Application Thread] DEBUG Input                - Clearing active input actions
08:32:27.797 [JavaFX Application Thread] DEBUG GameApplicationServi - Removing overlay from FXGLLoadingScene and adding to GameScene
08:32:27.798 [JavaFX Application Thread] DEBUG PrimaryStageWindow   - FXGLLoadingScene -> GameScene
08:32:27.863 [FXGL Background Thread 4 ] DEBUG FXGLAssetLoaderServi - Loading from file system: jar:file:/C:/Users/Admin/.m2/repository/com/github/almasb/fxgl/17.1/fxgl-17.1.jar!/fxglassets/ui/fonts/Abel-Regular.ttf
08:32:27.868 [FXGL Background Thread 4 ] DEBUG FXGLAssetLoaderServi - Loading from file system: jar:file:/C:/Users/Admin/.m2/repository/com/github/almasb/fxgl/17.1/fxgl-17.1.jar!/fxglassets/ui/fonts/TerminalLandMono-Regular.otf
08:32:27.892 [FXGL Background Thread 4 ] DEBUG FXGLAssetLoaderServi - Loading from file system: jar:file:/C:/Users/Admin/.m2/repository/com/github/almasb/fxgl/17.1/fxgl-17.1.jar!/fxglassets/ui/fonts/Courier-Prime.ttf
08:32:27.922 [JavaFX Application Thread] DEBUG FXGLApplication      - Registering font factories with UI factory
08:32:28.760 [FXGL Background Thread 2 ] INFO  UpdaterService       - Your current version:  17.1
08:32:28.761 [FXGL Background Thread 2 ] INFO  UpdaterService       - Latest stable version: 17.2
08:32:29.190 [JavaFX Application Thread] DEBUG FXGLApplication      - Exiting FXGL
08:32:29.190 [JavaFX Application Thread] DEBUG LoopRunner           - Stopping loop
08:32:29.190 [JavaFX Application Thread] DEBUG SystemBundleService  - Saving FXGL system data
08:32:29.193 [JavaFX Application Thread] DEBUG FileSystemAccess     - Writing to: D:\bombermango\system\fxgl.bundle
08:32:29.194 [JavaFX Application Thread] DEBUG Async                - Shutting down background threads
08:32:29.195 [JavaFX Application Thread] DEBUG PrimaryStageWindow   - Closing main window
08:32:29.219 [JavaFX Application Thread] DEBUG Logger               - Closing Logger
