15:25:20.808 [main                     ] DEBUG Logger               - Configured Logger
15:25:20.852 [main                     ] DEBUG GameApplication      - Logging settings
Title: Bomberman
Version: 0.0
Width: 800
Height: 600
Fullscreen: false
Intro: false
Profiling: false
Single step:false
App Mode: DEVELOPER
Menu Key: ESCAPE
Stage Style: DECORATED
Scene Factory: class com.almasb.fxgl.app.scene.SceneFactory

15:25:21.387 [JavaFX Application Thread] DEBUG FXGLApplication      - Initializing FXGL
15:25:21.396 [JavaFX Application Thread] INFO  Engine               - FXGL-17.1 (24.03.2022 17.34) on WINDOWS (J:18.0.2.1 FX:18.0.1)
15:25:21.396 [JavaFX Application Thread] DEBUG Engine               - JRE Vendor Name: Oracle Corporation
15:25:21.397 [JavaFX Application Thread] DEBUG Engine               - Running on OS: Windows 10 version 10.0
15:25:21.397 [JavaFX Application Thread] DEBUG Engine               - Architecture: amd64
15:25:21.397 [JavaFX Application Thread] INFO  Engine               - Source code and latest versions at: https://github.com/AlmasB/FXGL
15:25:21.397 [JavaFX Application Thread] INFO  Engine               -       Ask questions and discuss at: https://github.com/AlmasB/FXGL/discussions
15:25:21.398 [JavaFX Application Thread] INFO  Engine               -              Join the FXGL chat at: https://gitter.im/AlmasB/FXGL
15:25:21.576 [JavaFX Application Thread] DEBUG PrimaryStageWindow   - Creating a JavaFX scene
15:25:21.660 [JavaFX Application Thread] DEBUG PrimaryStageWindow   - Target settings size: 800.0 x 600.0
15:25:21.662 [JavaFX Application Thread] DEBUG PrimaryStageWindow   - Scaled scene size:    800.0 x 600.0
15:25:21.662 [JavaFX Application Thread] DEBUG PrimaryStageWindow   - Scaled ratio: (1.0, 1.0)
15:25:21.664 [JavaFX Application Thread] DEBUG PrimaryStageWindow   - Set initial scene to FXGLStartupScene
15:25:21.679 [JavaFX Application Thread] DEBUG PrimaryStageWindow   - Opening main window
15:25:21.826 [JavaFX Application Thread] DEBUG PrimaryStageWindow   - Window border size: (14.66668701171875, 37.33331298828125)
15:25:21.827 [JavaFX Application Thread] DEBUG PrimaryStageWindow   - Scaled size: 800.0 x 600.0
15:25:21.828 [JavaFX Application Thread] DEBUG PrimaryStageWindow   - Scaled ratio: (1.0, 1.0)
15:25:21.829 [JavaFX Application Thread] DEBUG PrimaryStageWindow   - Scene size: 800.0 x 600.0
15:25:21.830 [JavaFX Application Thread] DEBUG PrimaryStageWindow   - Stage size: 814.6666870117188 x 637.3333129882812
15:25:21.857 [FXGL Background Thread 1 ] DEBUG Engine               - Initializing environment variables
15:25:21.963 [FXGL Background Thread 1 ] DEBUG FXGLAssetLoaderServi - User app class for loading assets: class mangobomb.bombermango.HelloApplication
15:25:21.965 [FXGL Background Thread 1 ] DEBUG GameApplicationServi - Applying CSS: fxgl_dark.css
15:25:21.965 [FXGL Background Thread 1 ] DEBUG FXGLAssetLoaderServi - Loading from file system: jar:file:/C:/Users/Admin/.m2/repository/com/github/almasb/fxgl/17.1/fxgl-17.1.jar!/fxglassets/ui/css/fxgl_dark.css
15:25:22.064 [FXGL Background Thread 1 ] DEBUG GameApplicationServi - Initializing application scenes
15:25:22.260 [FXGL Background Thread 1 ] DEBUG GameWorld            - Game world initialized
15:25:22.364 [FXGL Background Thread 1 ] DEBUG PhysicsWorld         - Physics world initialized: appHeight=600, physics.ppm=50.0
15:25:22.365 [FXGL Background Thread 1 ] DEBUG PhysicsWorld         - Using strategy: BRUTE_FORCE
15:25:22.371 [FXGL Background Thread 1 ] DEBUG GameScene            - Game scene initialized: 800x600
15:25:22.392 [FXGL Background Thread 1 ] DEBUG FXGL.DefaultMenu     - createMenuBodyMainMenu()
15:25:22.414 [FXGL Background Thread 1 ] DEBUG FXGL.DefaultMenu     - createOptionsMenu()
15:25:22.430 [FXGL Background Thread 1 ] DEBUG FXGLAssetLoaderServi - Loading from file system: jar:file:/C:/Users/Admin/.m2/repository/com/github/almasb/fxgl/17.1/fxgl-17.1.jar!/fxglassets/textures/particles/smoke.png
15:25:22.610 [FXGL Background Thread 1 ] DEBUG FXGLAssetLoaderServi - Loading from file system: jar:file:/C:/Users/Admin/.m2/repository/com/github/almasb/fxgl/17.1/fxgl-17.1.jar!/fxglassets/textures/particles/trace_horizontal.png
15:25:22.684 [FXGL Background Thread 1 ] DEBUG FXGL.DefaultMenu     - createMenuBodyGameMenu()
15:25:22.686 [FXGL Background Thread 1 ] DEBUG FXGL.DefaultMenu     - createOptionsMenu()
15:25:22.714 [FXGL Background Thread 1 ] DEBUG GameApplicationServi - Application scenes initialized
15:25:22.738 [FXGL Background Thread 1 ] DEBUG SystemBundleService  - Loading FXGL system data
15:25:22.748 [FXGL Background Thread 1 ] DEBUG FileSystemAccess     - Reading from: D:\bombermango\system\fxgl.bundle
15:25:22.765 [FXGL Background Thread 1 ] DEBUG SystemBundleService  - Bundle FXGL: {}
15:25:22.766 [FXGL Background Thread 1 ] DEBUG UpdaterService       - Checking for updates
15:25:22.773 [FXGL Background Thread 1 ] DEBUG FXGLApplication      - Loading default localization
15:25:22.775 [FXGL Background Thread 1 ] DEBUG FXGLAssetLoaderServi - Loading from file system: jar:file:/C:/Users/Admin/.m2/repository/com/github/almasb/fxgl/17.1/fxgl-17.1.jar!/fxglassets/languages/english.lang
15:25:22.786 [FXGL Background Thread 4 ] DEBUG FXGLApplication      - Loading fonts
15:25:22.787 [FXGL Background Thread 4 ] DEBUG FXGLAssetLoaderServi - Loading from file system: jar:file:/C:/Users/Admin/.m2/repository/com/github/almasb/fxgl/17.1/fxgl-17.1.jar!/fxglassets/ui/fonts/VarelaRound-Regular.ttf
15:25:22.807 [FXGL Background Thread 1 ] INFO  FXGLApplication      - FXGL initialization took: 0.950 sec
15:25:22.827 [JavaFX Application Thread] DEBUG Input                - Registered new binding: moveUp - W
15:25:22.828 [JavaFX Application Thread] DEBUG Input                - Registered new binding: moveRight - D
15:25:22.828 [JavaFX Application Thread] DEBUG Input                - Registered new binding: moveLeft - A
15:25:22.828 [JavaFX Application Thread] DEBUG Input                - Registered new binding: moveDown - S
15:25:22.828 [JavaFX Application Thread] DEBUG Input                - Registered new binding: implantBomb - F
15:25:22.829 [JavaFX Application Thread] DEBUG FXGLAssetLoaderServi - Loading from file system: jar:file:/C:/Users/Admin/.m2/repository/com/github/almasb/fxgl/17.1/fxgl-17.1.jar!/fxglassets/textures/fxgl_icon.png
15:25:22.898 [JavaFX Application Thread] DEBUG FXGLAssetLoaderServi - Loading from file system: jar:file:/C:/Users/Admin/.m2/repository/com/github/almasb/fxgl/17.1/fxgl-17.1.jar!/fxglassets/textures/fxgl_default_cursor.png
15:25:22.905 [JavaFX Application Thread] DEBUG Input                - Registered new binding: Screenshot - CTRL+8
15:25:22.905 [JavaFX Application Thread] DEBUG Input                - Registered new binding: System info dump - CTRL+9
15:25:22.906 [JavaFX Application Thread] DEBUG Input                - Registered new binding: Restart - CTRL+R
15:25:22.907 [JavaFX Application Thread] DEBUG Input                - Registered new binding: Toggle Debug Camera - CTRL+7
15:25:22.912 [JavaFX Application Thread] DEBUG LoopRunner           - Starting loop
15:25:22.913 [JavaFX Application Thread] DEBUG LoopRunner           - Initializing JavaFX AnimationTimerLoop
15:25:22.916 [JavaFX Application Thread] DEBUG Input                - Clearing active input actions
15:25:22.926 [JavaFX Application Thread] DEBUG GameApplicationServi - Removing overlay from FXGLStartupScene and adding to FXGLMainMenuDummyScene
15:25:22.927 [JavaFX Application Thread] DEBUG PrimaryStageWindow   - FXGLStartupScene -> FXGLMainMenuDummyScene
15:25:22.927 [JavaFX Application Thread] DEBUG PrimaryStageWindow   - Push state: FXGLDefaultMenu
15:25:22.935 [JavaFX Application Thread] DEBUG Input                - Clearing active input actions
15:25:22.949 [JavaFX Application Thread] DEBUG GameApplicationServi - Removing overlay from FXGLMainMenuDummyScene and adding to FXGLDefaultMenu
15:25:22.950 [JavaFX Application Thread] DEBUG PrimaryStageWindow   - FXGLMainMenuDummyScene -> FXGLDefaultMenu
15:25:23.262 [FXGL Background Thread 4 ] DEBUG FXGLAssetLoaderServi - Loading from file system: jar:file:/C:/Users/Admin/.m2/repository/com/github/almasb/fxgl/17.1/fxgl-17.1.jar!/fxglassets/ui/fonts/Abel-Regular.ttf
15:25:23.288 [FXGL Background Thread 4 ] DEBUG FXGLAssetLoaderServi - Loading from file system: jar:file:/C:/Users/Admin/.m2/repository/com/github/almasb/fxgl/17.1/fxgl-17.1.jar!/fxglassets/ui/fonts/TerminalLandMono-Regular.otf
15:25:23.292 [FXGL Background Thread 4 ] DEBUG FXGLAssetLoaderServi - Loading from file system: jar:file:/C:/Users/Admin/.m2/repository/com/github/almasb/fxgl/17.1/fxgl-17.1.jar!/fxglassets/ui/fonts/Courier-Prime.ttf
15:25:23.335 [JavaFX Application Thread] DEBUG FXGLApplication      - Registering font factories with UI factory
15:25:24.227 [JavaFX Application Thread] DEBUG Menu                 - fireNewGame()
15:25:24.228 [JavaFX Application Thread] DEBUG GameApplicationServi - Starting new game
15:25:24.230 [JavaFX Application Thread] DEBUG PrimaryStageWindow   - Pop state: FXGLDefaultMenu
15:25:24.231 [JavaFX Application Thread] DEBUG Input                - Clearing active input actions
15:25:24.232 [JavaFX Application Thread] DEBUG GameApplicationServi - Removing overlay from FXGLDefaultMenu and adding to FXGLMainMenuDummyScene
15:25:24.233 [JavaFX Application Thread] DEBUG PrimaryStageWindow   - FXGLMainMenuDummyScene <- FXGLDefaultMenu
15:25:24.233 [JavaFX Application Thread] DEBUG Input                - Clearing active input actions
15:25:24.251 [JavaFX Application Thread] DEBUG GameApplicationServi - Removing overlay from FXGLMainMenuDummyScene and adding to FXGLLoadingScene
15:25:24.251 [JavaFX Application Thread] DEBUG PrimaryStageWindow   - FXGLMainMenuDummyScene -> FXGLLoadingScene
15:25:24.251 [JavaFX Application Thread] DEBUG GameApplicationServi - Clearing previous game
15:25:24.251 [JavaFX Application Thread] DEBUG GameScene            - Clearing game scene
15:25:24.251 [FXGL Background Thread 2 ] INFO  UpdaterService       - Your current version:  17.1
15:25:24.251 [JavaFX Application Thread] DEBUG GameWorld            - Clearing game world
15:25:24.252 [FXGL Background Thread 2 ] INFO  UpdaterService       - Latest stable version: 17.2
15:25:24.252 [JavaFX Application Thread] DEBUG PhysicsWorld         - Clearing physics world
15:25:24.254 [FXGL Background Thread 2 ] DEBUG FXGLApplication      - Initializing game
15:25:24.300 [FXGL Background Thread 2 ] DEBUG FXGLAssetLoaderServi - Loading from file system: file:/D:/bombermango/target/classes/assets/textures/sprites/wall.png
15:25:24.339 [FXGL Background Thread 2 ] DEBUG FXGLAssetLoaderServi - Loading from file system: file:/D:/bombermango/target/classes/assets/textures/sprites/brick.png
15:25:24.417 [FXGL Background Thread 2 ] DEBUG GameWorld            - Clearing removable entities
15:25:24.418 [FXGL Background Thread 2 ] DEBUG GameWorld            - Setting level: com.almasb.fxgl.entity.level.Level@76351d84
15:25:24.488 [FXGL Background Thread 2 ] DEBUG FXGLAssetLoaderServi - Loading from file system: file:/D:/bombermango/target/classes/assets/textures/sprites/portal.png
15:25:24.501 [FXGL Background Thread 2 ] DEBUG FXGLAssetLoaderServi - Loading from file system: file:/D:/bombermango/target/classes/assets/textures/sprites/player_down.png
15:25:24.503 [FXGL Background Thread 2 ] DEBUG FXGLAssetLoaderServi - Loading from file system: file:/D:/bombermango/target/classes/assets/textures/sprites/player_down_1.png
15:25:24.505 [FXGL Background Thread 2 ] DEBUG FXGLAssetLoaderServi - Loading from file system: file:/D:/bombermango/target/classes/assets/textures/sprites/player_down_2.png
15:25:24.530 [FXGL Background Thread 2 ] WARN  GameWorld            - Entity is already attached to world
15:25:24.530 [FXGL Background Thread 2 ] DEBUG FXGLAssetLoaderServi - Loading from file system: file:/D:/bombermango/target/classes/assets/textures/sprites/balloom_right1.png
15:25:24.532 [FXGL Background Thread 2 ] DEBUG FXGLAssetLoaderServi - Loading from file system: file:/D:/bombermango/target/classes/assets/textures/sprites/balloom_right2.png
15:25:24.534 [FXGL Background Thread 2 ] DEBUG FXGLAssetLoaderServi - Loading from file system: file:/D:/bombermango/target/classes/assets/textures/sprites/balloom_right3.png
15:25:24.546 [FXGL Background Thread 2 ] INFO  FXGLApplication      - Game initialization took: 0.293 sec
15:25:24.547 [JavaFX Application Thread] DEBUG Input                - Clearing active input actions
15:25:24.564 [JavaFX Application Thread] DEBUG GameApplicationServi - Removing overlay from FXGLLoadingScene and adding to GameScene
15:25:24.565 [JavaFX Application Thread] DEBUG PrimaryStageWindow   - FXGLLoadingScene -> GameScene
15:25:25.448 [JavaFX Application Thread] DEBUG FXGLAssetLoaderServi - Loading from file system: file:/D:/bombermango/target/classes/assets/textures/sprites/bomb.png
15:25:25.450 [JavaFX Application Thread] DEBUG FXGLAssetLoaderServi - Loading from file system: file:/D:/bombermango/target/classes/assets/textures/sprites/bomb_1.png
15:25:25.451 [JavaFX Application Thread] DEBUG FXGLAssetLoaderServi - Loading from file system: file:/D:/bombermango/target/classes/assets/textures/sprites/bomb_2.png
15:25:25.455 [JavaFX Application Thread] WARN  GameWorld            - Entity is already attached to world
15:25:25.772 [FXGL Background Thread 3 ] DEBUG Engine               - Logging environment variables
15:25:25.772 [FXGL Background Thread 3 ] DEBUG Engine               - achievements: []
15:25:25.773 [FXGL Background Thread 3 ] DEBUG Engine               - actualHeight: 600.0
15:25:25.773 [FXGL Background Thread 3 ] DEBUG Engine               - actualHeightProperty: ReadOnlyDoubleProperty [value: 600.0]
15:25:25.773 [FXGL Background Thread 3 ] DEBUG Engine               - actualWidth: 800.0
15:25:25.774 [FXGL Background Thread 3 ] DEBUG Engine               - actualWidthProperty: ReadOnlyDoubleProperty [value: 800.0]
15:25:25.774 [FXGL Background Thread 3 ] DEBUG Engine               - appIcon: fxgl_icon.png
15:25:25.774 [FXGL Background Thread 3 ] DEBUG Engine               - applicationMode: DEVELOPER
15:25:25.775 [FXGL Background Thread 3 ] DEBUG Engine               - cSSList: [fxgl_dark.css]
15:25:25.775 [FXGL Background Thread 3 ] DEBUG Engine               - collisionDetectionStrategy: BRUTE_FORCE
15:25:25.775 [FXGL Background Thread 3 ] DEBUG Engine               - configClass: Optional.empty
15:25:25.775 [FXGL Background Thread 3 ] DEBUG Engine               - credits: []
15:25:25.777 [FXGL Background Thread 3 ] DEBUG Engine               - defaultCursor: CursorInfo(imageName=fxgl_default_cursor.png, hotspotX=7.0, hotspotY=6.0)
15:25:25.777 [FXGL Background Thread 3 ] DEBUG Engine               - devBBoxColorProperty: ObjectProperty [value: 0xff0000ff]
15:25:25.777 [FXGL Background Thread 3 ] DEBUG Engine               - devEnableDebugCameraProperty: BooleanProperty [value: false]
15:25:25.777 [FXGL Background Thread 3 ] DEBUG Engine               - devSensorColorProperty: ObjectProperty [value: 0xffff00ff]
15:25:25.777 [FXGL Background Thread 3 ] DEBUG Engine               - devShowBBoxProperty: BooleanProperty [value: false]
15:25:25.778 [FXGL Background Thread 3 ] DEBUG Engine               - devShowPositionProperty: BooleanProperty [value: false]
15:25:25.778 [FXGL Background Thread 3 ] DEBUG Engine               - enabledMenuItems: []
15:25:25.778 [FXGL Background Thread 3 ] DEBUG Engine               - engineServices: [class com.almasb.fxgl.app.services.FXGLAssetLoaderService, class com.almasb.fxgl.app.FXGLApplication$GameApplicationService, class com.almasb.fxgl.app.services.FXGLDialogService, class com.almasb.fxgl.app.services.IOTaskExecutorService, class com.almasb.fxgl.io.FileSystemService, class com.almasb.fxgl.localization.LocalizationService, class com.almasb.fxgl.app.services.SystemBundleService, class com.almasb.fxgl.profile.SaveLoadService, class com.almasb.fxgl.ui.FXGLUIFactoryServiceProvider, class com.almasb.fxgl.ui.FXGLDialogFactoryServiceProvider, class com.almasb.fxgl.audio.AudioPlayer, class com.almasb.fxgl.notification.impl.NotificationServiceProvider, class com.almasb.fxgl.achievement.AchievementService, class com.almasb.fxgl.cutscene.CutsceneService, class com.almasb.fxgl.minigames.MiniGameService, class com.almasb.fxgl.net.NetService, class com.almasb.fxgl.app.services.UpdaterService, class com.almasb.fxgl.dev.DevService]
15:25:25.778 [FXGL Background Thread 3 ] DEBUG Engine               - fontGame: Abel-Regular.ttf
15:25:25.778 [FXGL Background Thread 3 ] DEBUG Engine               - fontMono: TerminalLandMono-Regular.otf
15:25:25.778 [FXGL Background Thread 3 ] DEBUG Engine               - fontText: Courier-Prime.ttf
15:25:25.778 [FXGL Background Thread 3 ] DEBUG Engine               - fontUI: VarelaRound-Regular.ttf
15:25:25.778 [FXGL Background Thread 3 ] DEBUG Engine               - fullScreen: BooleanProperty [value: false]
15:25:25.778 [FXGL Background Thread 3 ] DEBUG Engine               - gameDifficulty: MEDIUM
15:25:25.779 [FXGL Background Thread 3 ] DEBUG Engine               - gameDifficultyProperty: ObjectProperty [value: MEDIUM]
15:25:25.779 [FXGL Background Thread 3 ] DEBUG Engine               - globalMusicVolume: 0.5
15:25:25.779 [FXGL Background Thread 3 ] DEBUG Engine               - globalMusicVolumeProperty: DoubleProperty [value: 0.5]
15:25:25.779 [FXGL Background Thread 3 ] DEBUG Engine               - globalSoundVolume: 0.5
15:25:25.779 [FXGL Background Thread 3 ] DEBUG Engine               - globalSoundVolumeProperty: DoubleProperty [value: 0.5]
15:25:25.779 [FXGL Background Thread 3 ] DEBUG Engine               - height: 600
15:25:25.779 [FXGL Background Thread 3 ] DEBUG Engine               - is3D: false
15:25:25.779 [FXGL Background Thread 3 ] DEBUG Engine               - isAndroid: false
15:25:25.780 [FXGL Background Thread 3 ] DEBUG Engine               - isBrowser: false
15:25:25.780 [FXGL Background Thread 3 ] DEBUG Engine               - isClickFeedbackEnabled: false
15:25:25.780 [FXGL Background Thread 3 ] DEBUG Engine               - isCloseConfirmation: false
15:25:25.780 [FXGL Background Thread 3 ] DEBUG Engine               - isDesktop: true
15:25:25.780 [FXGL Background Thread 3 ] DEBUG Engine               - isDeveloperMenuEnabled: false
15:25:25.780 [FXGL Background Thread 3 ] DEBUG Engine               - isEmbedded: false
15:25:25.780 [FXGL Background Thread 3 ] DEBUG Engine               - isEntityPreloadEnabled: true
15:25:25.780 [FXGL Background Thread 3 ] DEBUG Engine               - isExperimentalTiledLargeMap: false
15:25:25.780 [FXGL Background Thread 3 ] DEBUG Engine               - isFileSystemWriteAllowed: true
15:25:25.781 [FXGL Background Thread 3 ] DEBUG Engine               - isFullScreenAllowed: false
15:25:25.781 [FXGL Background Thread 3 ] DEBUG Engine               - isFullScreenFromStart: false
15:25:25.781 [FXGL Background Thread 3 ] DEBUG Engine               - isGameMenuEnabled: true
15:25:25.781 [FXGL Background Thread 3 ] DEBUG Engine               - isIOS: false
15:25:25.781 [FXGL Background Thread 3 ] DEBUG Engine               - isIntroEnabled: false
15:25:25.781 [FXGL Background Thread 3 ] DEBUG Engine               - isLinux: false
15:25:25.781 [FXGL Background Thread 3 ] DEBUG Engine               - isMac: false
15:25:25.781 [FXGL Background Thread 3 ] DEBUG Engine               - isMainMenuEnabled: true
15:25:25.781 [FXGL Background Thread 3 ] DEBUG Engine               - isManualResizeEnabled: false
15:25:25.781 [FXGL Background Thread 3 ] DEBUG Engine               - isMobile: false
15:25:25.781 [FXGL Background Thread 3 ] DEBUG Engine               - isNative: false
15:25:25.781 [FXGL Background Thread 3 ] DEBUG Engine               - isPauseMusicWhenMinimized: true
15:25:25.781 [FXGL Background Thread 3 ] DEBUG Engine               - isPreserveResizeRatio: false
15:25:25.782 [FXGL Background Thread 3 ] DEBUG Engine               - isProfilingEnabled: false
15:25:25.782 [FXGL Background Thread 3 ] DEBUG Engine               - isScaleAffectedOnResize: true
15:25:25.782 [FXGL Background Thread 3 ] DEBUG Engine               - isSingleStep: false
15:25:25.782 [FXGL Background Thread 3 ] DEBUG Engine               - isUserProfileEnabled: false
15:25:25.782 [FXGL Background Thread 3 ] DEBUG Engine               - isWindows: true
15:25:25.782 [FXGL Background Thread 3 ] DEBUG Engine               - language: ObjectProperty [value: ENGLISH]
15:25:25.782 [FXGL Background Thread 3 ] DEBUG Engine               - menuKey: ESCAPE
15:25:25.782 [FXGL Background Thread 3 ] DEBUG Engine               - mouseSensitivity: 0.2
15:25:25.782 [FXGL Background Thread 3 ] DEBUG Engine               - notificationViewClass: class com.almasb.fxgl.notification.view.XboxNotificationView
15:25:25.782 [FXGL Background Thread 3 ] DEBUG Engine               - pixelsPerMeter: 50.0
15:25:25.782 [FXGL Background Thread 3 ] DEBUG Engine               - platform: WINDOWS
15:25:25.783 [FXGL Background Thread 3 ] DEBUG Engine               - prefHeightProperty: ReadOnlyDoubleProperty [value: 600.0]
15:25:25.783 [FXGL Background Thread 3 ] DEBUG Engine               - prefWidthProperty: ReadOnlyDoubleProperty [value: 800.0]
15:25:25.783 [FXGL Background Thread 3 ] DEBUG Engine               - profileDir: profiles/
15:25:25.783 [FXGL Background Thread 3 ] DEBUG Engine               - profileName: StringProperty [value: DEFAULT]
15:25:25.783 [FXGL Background Thread 3 ] DEBUG Engine               - randomSeed: -1
15:25:25.783 [FXGL Background Thread 3 ] DEBUG Engine               - runtimeInfo: RuntimeInfo(platform=WINDOWS, version=17.1, build=24.03.2022 17.34)
15:25:25.784 [FXGL Background Thread 3 ] DEBUG Engine               - saveFileExt: sav
15:25:25.784 [FXGL Background Thread 3 ] DEBUG Engine               - scaledHeightProp$fxgl: DoubleProperty [bound, value: 600.0]
15:25:25.784 [FXGL Background Thread 3 ] DEBUG Engine               - scaledWidthProp$fxgl: DoubleProperty [bound, value: 800.0]
15:25:25.784 [FXGL Background Thread 3 ] DEBUG Engine               - sceneFactory: com.almasb.fxgl.app.scene.SceneFactory@591d61cb
15:25:25.784 [FXGL Background Thread 3 ] DEBUG Engine               - secondsIn24h: 60
15:25:25.784 [FXGL Background Thread 3 ] DEBUG Engine               - soundMenuBack: menu/back.wav
15:25:25.784 [FXGL Background Thread 3 ] DEBUG Engine               - soundMenuPress: menu/press.wav
15:25:25.784 [FXGL Background Thread 3 ] DEBUG Engine               - soundMenuSelect: menu/select.wav
15:25:25.784 [FXGL Background Thread 3 ] DEBUG Engine               - soundNotification: core/notification.wav
15:25:25.784 [FXGL Background Thread 3 ] DEBUG Engine               - stageStyle: DECORATED
15:25:25.784 [FXGL Background Thread 3 ] DEBUG Engine               - supportedLanguages: [ENGLISH, FRENCH, GERMAN, HUNGARIAN, RUSSIAN]
15:25:25.785 [FXGL Background Thread 3 ] DEBUG Engine               - ticksPerSecond: -1
15:25:25.785 [FXGL Background Thread 3 ] DEBUG Engine               - title: Bomberman
15:25:25.785 [FXGL Background Thread 3 ] DEBUG Engine               - urlGithub: https://github.com/AlmasB/FXGL
15:25:25.785 [FXGL Background Thread 3 ] DEBUG Engine               - urlLeaderboard: http://fxgl-top.herokuapp.com/
15:25:25.785 [FXGL Background Thread 3 ] DEBUG Engine               - urlPOM: https://raw.githubusercontent.com/AlmasB/FXGL/release/README.md
15:25:25.785 [FXGL Background Thread 3 ] DEBUG Engine               - userAppClass: class mangobomb.bombermango.HelloApplication
15:25:25.785 [FXGL Background Thread 3 ] DEBUG Engine               - version: 0.0
15:25:25.785 [FXGL Background Thread 3 ] DEBUG Engine               - versionCheckDays: 7
15:25:25.785 [FXGL Background Thread 3 ] DEBUG Engine               - width: 800
15:25:25.785 [FXGL Background Thread 3 ] DEBUG Engine               - Logging services
15:25:25.785 [FXGL Background Thread 3 ] DEBUG Engine               - class com.almasb.fxgl.app.services.FXGLAssetLoaderService
15:25:25.785 [FXGL Background Thread 3 ] DEBUG Engine               - class com.almasb.fxgl.app.FXGLApplication$GameApplicationService
15:25:25.785 [FXGL Background Thread 3 ] DEBUG Engine               - class com.almasb.fxgl.app.services.FXGLDialogService
15:25:25.785 [FXGL Background Thread 3 ] DEBUG Engine               - class com.almasb.fxgl.app.services.IOTaskExecutorService
15:25:25.786 [FXGL Background Thread 3 ] DEBUG Engine               - class com.almasb.fxgl.io.FileSystemService
15:25:25.786 [FXGL Background Thread 3 ] DEBUG Engine               - class com.almasb.fxgl.localization.LocalizationService
15:25:25.786 [FXGL Background Thread 3 ] DEBUG Engine               - class com.almasb.fxgl.app.services.SystemBundleService
15:25:25.786 [FXGL Background Thread 3 ] DEBUG Engine               - class com.almasb.fxgl.profile.SaveLoadService
15:25:25.786 [FXGL Background Thread 3 ] DEBUG Engine               - class com.almasb.fxgl.ui.FXGLUIFactoryServiceProvider
15:25:25.786 [FXGL Background Thread 3 ] DEBUG Engine               - class com.almasb.fxgl.ui.FXGLDialogFactoryServiceProvider
15:25:25.786 [FXGL Background Thread 3 ] DEBUG Engine               - class com.almasb.fxgl.audio.AudioPlayer
15:25:25.786 [FXGL Background Thread 3 ] DEBUG Engine               - class com.almasb.fxgl.notification.impl.NotificationServiceProvider
15:25:25.786 [FXGL Background Thread 3 ] DEBUG Engine               - class com.almasb.fxgl.achievement.AchievementService
15:25:25.786 [FXGL Background Thread 3 ] DEBUG Engine               - class com.almasb.fxgl.cutscene.CutsceneService
15:25:25.786 [FXGL Background Thread 3 ] DEBUG Engine               - class com.almasb.fxgl.minigames.MiniGameService
15:25:25.786 [FXGL Background Thread 3 ] DEBUG Engine               - class com.almasb.fxgl.net.NetService
15:25:25.786 [FXGL Background Thread 3 ] DEBUG Engine               - class com.almasb.fxgl.app.services.UpdaterService
15:25:25.786 [FXGL Background Thread 3 ] DEBUG Engine               - class com.almasb.fxgl.dev.DevService
15:25:26.650 [JavaFX Application Thread] DEBUG FXGLAssetLoaderServi - Loading from file system: file:/D:/bombermango/target/classes/assets/textures/sprites/bomb_exploded.png
15:25:26.652 [JavaFX Application Thread] DEBUG FXGLAssetLoaderServi - Loading from file system: file:/D:/bombermango/target/classes/assets/textures/sprites/bomb_exploded1.png
15:25:26.654 [JavaFX Application Thread] DEBUG FXGLAssetLoaderServi - Loading from file system: file:/D:/bombermango/target/classes/assets/textures/sprites/bomb_exploded2.png
15:25:32.229 [JavaFX Application Thread] WARN  GameWorld            - Entity is already attached to world
15:25:34.788 [JavaFX Application Thread] DEBUG PrimaryStageWindow   - Push state: DialogSubScene
15:25:34.788 [JavaFX Application Thread] DEBUG Input                - Clearing active input actions
15:25:34.791 [JavaFX Application Thread] DEBUG GameApplicationServi - Removing overlay from GameScene and adding to DialogSubScene
15:25:34.792 [JavaFX Application Thread] DEBUG PrimaryStageWindow   - GameScene -> DialogSubScene
15:25:36.240 [JavaFX Application Thread] DEBUG PrimaryStageWindow   - Pop state: DialogSubScene
15:25:36.240 [JavaFX Application Thread] DEBUG Input                - Clearing active input actions
15:25:36.241 [JavaFX Application Thread] DEBUG GameApplicationServi - Removing overlay from DialogSubScene and adding to GameScene
15:25:36.241 [JavaFX Application Thread] DEBUG PrimaryStageWindow   - GameScene <- DialogSubScene
15:25:36.252 [JavaFX Application Thread] DEBUG PrimaryStageWindow   - Push state: DialogSubScene
15:25:36.252 [JavaFX Application Thread] DEBUG Input                - Clearing active input actions
15:25:36.253 [JavaFX Application Thread] DEBUG GameApplicationServi - Removing overlay from GameScene and adding to DialogSubScene
15:25:36.253 [JavaFX Application Thread] DEBUG PrimaryStageWindow   - GameScene -> DialogSubScene
15:25:36.427 [JavaFX Application Thread] DEBUG PrimaryStageWindow   - Pop state: DialogSubScene
15:25:36.427 [JavaFX Application Thread] DEBUG Input                - Clearing active input actions
15:25:36.428 [JavaFX Application Thread] DEBUG GameApplicationServi - Removing overlay from DialogSubScene and adding to GameScene
15:25:36.428 [JavaFX Application Thread] DEBUG PrimaryStageWindow   - GameScene <- DialogSubScene
15:25:36.443 [JavaFX Application Thread] DEBUG PrimaryStageWindow   - Push state: DialogSubScene
15:25:36.443 [JavaFX Application Thread] DEBUG Input                - Clearing active input actions
15:25:36.444 [JavaFX Application Thread] DEBUG GameApplicationServi - Removing overlay from GameScene and adding to DialogSubScene
15:25:36.444 [JavaFX Application Thread] DEBUG PrimaryStageWindow   - GameScene -> DialogSubScene
15:25:37.456 [JavaFX Application Thread] DEBUG FXGLApplication      - Exiting FXGL
15:25:37.456 [JavaFX Application Thread] DEBUG LoopRunner           - Stopping loop
15:25:37.456 [JavaFX Application Thread] DEBUG SystemBundleService  - Saving FXGL system data
15:25:37.458 [JavaFX Application Thread] DEBUG FileSystemAccess     - Writing to: D:\bombermango\system\fxgl.bundle
15:25:37.460 [JavaFX Application Thread] DEBUG Async                - Shutting down background threads
15:25:37.461 [JavaFX Application Thread] DEBUG PrimaryStageWindow   - Closing main window
15:25:37.482 [JavaFX Application Thread] DEBUG Logger               - Closing Logger
