18:54:37.349 [main                     ] DEBUG Logger               - Configured Logger
18:54:37.388 [main                     ] DEBUG GameApplication      - Logging settings
Title: Bomberman
Version: 0.0
Width: 800
Height: 672
Fullscreen: false
Intro: false
Profiling: false
Single step:false
App Mode: DEVELOPER
Menu Key: ESCAPE
Stage Style: DECORATED
Scene Factory: class com.almasb.fxgl.app.scene.SceneFactory

18:54:37.899 [JavaFX Application Thread] DEBUG FXGLApplication      - Initializing FXGL
18:54:37.907 [JavaFX Application Thread] INFO  Engine               - FXGL-17.1 (24.03.2022 17.34) on WINDOWS (J:18.0.2.1 FX:18.0.1)
18:54:37.907 [JavaFX Application Thread] DEBUG Engine               - JRE Vendor Name: Oracle Corporation
18:54:37.908 [JavaFX Application Thread] DEBUG Engine               - Running on OS: Windows 10 version 10.0
18:54:37.908 [JavaFX Application Thread] DEBUG Engine               - Architecture: amd64
18:54:37.908 [JavaFX Application Thread] INFO  Engine               - Source code and latest versions at: https://github.com/AlmasB/FXGL
18:54:37.908 [JavaFX Application Thread] INFO  Engine               -       Ask questions and discuss at: https://github.com/AlmasB/FXGL/discussions
18:54:37.908 [JavaFX Application Thread] INFO  Engine               -              Join the FXGL chat at: https://gitter.im/AlmasB/FXGL
18:54:38.066 [JavaFX Application Thread] DEBUG PrimaryStageWindow   - Creating a JavaFX scene
18:54:38.134 [JavaFX Application Thread] DEBUG PrimaryStageWindow   - Target settings size: 800.0 x 672.0
18:54:38.135 [JavaFX Application Thread] DEBUG PrimaryStageWindow   - Scaled scene size:    800.0 x 672.0
18:54:38.135 [JavaFX Application Thread] DEBUG PrimaryStageWindow   - Scaled ratio: (1.0, 1.0)
18:54:38.137 [JavaFX Application Thread] DEBUG PrimaryStageWindow   - Set initial scene to FXGLStartupScene
18:54:38.151 [JavaFX Application Thread] DEBUG PrimaryStageWindow   - Opening main window
18:54:38.288 [JavaFX Application Thread] DEBUG PrimaryStageWindow   - Window border size: (14.66668701171875, 37.33331298828125)
18:54:38.288 [JavaFX Application Thread] DEBUG PrimaryStageWindow   - Scaled size: 800.0 x 672.0
18:54:38.289 [JavaFX Application Thread] DEBUG PrimaryStageWindow   - Scaled ratio: (1.0, 1.0)
18:54:38.289 [JavaFX Application Thread] DEBUG PrimaryStageWindow   - Scene size: 800.0 x 672.0
18:54:38.289 [JavaFX Application Thread] DEBUG PrimaryStageWindow   - Stage size: 814.6666870117188 x 709.3333129882812
18:54:38.387 [FXGL Background Thread 1 ] DEBUG Engine               - Initializing environment variables
18:54:38.478 [FXGL Background Thread 1 ] DEBUG FXGLAssetLoaderServi - User app class for loading assets: class mangobomb.bombermango.HelloApplication
18:54:38.479 [FXGL Background Thread 1 ] DEBUG GameApplicationServi - Applying CSS: fxgl_dark.css
18:54:38.481 [FXGL Background Thread 1 ] DEBUG FXGLAssetLoaderServi - Loading from file system: jar:file:/C:/Users/Admin/.m2/repository/com/github/almasb/fxgl/17.1/fxgl-17.1.jar!/fxglassets/ui/css/fxgl_dark.css
18:54:38.575 [FXGL Background Thread 1 ] DEBUG GameApplicationServi - Initializing application scenes
18:54:38.711 [FXGL Background Thread 1 ] DEBUG GameWorld            - Game world initialized
18:54:38.806 [FXGL Background Thread 1 ] DEBUG PhysicsWorld         - Physics world initialized: appHeight=672, physics.ppm=50.0
18:54:38.807 [FXGL Background Thread 1 ] DEBUG PhysicsWorld         - Using strategy: BRUTE_FORCE
18:54:38.813 [FXGL Background Thread 1 ] DEBUG GameScene            - Game scene initialized: 800x672
18:54:38.833 [FXGL Background Thread 1 ] DEBUG FXGL.DefaultMenu     - createMenuBodyMainMenu()
18:54:38.859 [FXGL Background Thread 1 ] DEBUG FXGL.DefaultMenu     - createOptionsMenu()
18:54:38.879 [FXGL Background Thread 1 ] DEBUG FXGLAssetLoaderServi - Loading from file system: jar:file:/C:/Users/Admin/.m2/repository/com/github/almasb/fxgl/17.1/fxgl-17.1.jar!/fxglassets/textures/particles/smoke.png
18:54:39.052 [FXGL Background Thread 1 ] DEBUG FXGLAssetLoaderServi - Loading from file system: jar:file:/C:/Users/Admin/.m2/repository/com/github/almasb/fxgl/17.1/fxgl-17.1.jar!/fxglassets/textures/particles/trace_horizontal.png
18:54:39.116 [FXGL Background Thread 1 ] DEBUG FXGL.DefaultMenu     - createMenuBodyGameMenu()
18:54:39.119 [FXGL Background Thread 1 ] DEBUG FXGL.DefaultMenu     - createOptionsMenu()
18:54:39.144 [FXGL Background Thread 1 ] DEBUG GameApplicationServi - Application scenes initialized
18:54:39.165 [FXGL Background Thread 1 ] DEBUG SystemBundleService  - Loading FXGL system data
18:54:39.174 [FXGL Background Thread 1 ] DEBUG FileSystemAccess     - Reading from: D:\bombermango\system\fxgl.bundle
18:54:39.190 [FXGL Background Thread 1 ] DEBUG SystemBundleService  - Bundle FXGL: {}
18:54:39.190 [FXGL Background Thread 1 ] DEBUG UpdaterService       - Checking for updates
18:54:39.223 [FXGL Background Thread 1 ] DEBUG FXGLApplication      - Loading default localization
18:54:39.223 [FXGL Background Thread 1 ] DEBUG FXGLAssetLoaderServi - Loading from file system: jar:file:/C:/Users/Admin/.m2/repository/com/github/almasb/fxgl/17.1/fxgl-17.1.jar!/fxglassets/languages/english.lang
18:54:39.283 [FXGL Background Thread 1 ] INFO  FXGLApplication      - FXGL initialization took: 0.896 sec
18:54:39.291 [FXGL Background Thread 4 ] DEBUG FXGLApplication      - Loading fonts
18:54:39.293 [FXGL Background Thread 4 ] DEBUG FXGLAssetLoaderServi - Loading from file system: jar:file:/C:/Users/Admin/.m2/repository/com/github/almasb/fxgl/17.1/fxgl-17.1.jar!/fxglassets/ui/fonts/VarelaRound-Regular.ttf
18:54:39.305 [JavaFX Application Thread] DEBUG Input                - Registered new binding: moveUp - W
18:54:39.305 [JavaFX Application Thread] DEBUG Input                - Registered new binding: moveRight - D
18:54:39.305 [JavaFX Application Thread] DEBUG Input                - Registered new binding: moveLeft - A
18:54:39.305 [JavaFX Application Thread] DEBUG Input                - Registered new binding: moveDown - S
18:54:39.305 [JavaFX Application Thread] DEBUG Input                - Registered new binding: implantBomb - F
18:54:39.306 [JavaFX Application Thread] DEBUG Input                - Registered new binding: PlayMusic - M
18:54:39.306 [JavaFX Application Thread] DEBUG Input                - Registered new binding: Pause - P
18:54:39.306 [JavaFX Application Thread] DEBUG FXGLAssetLoaderServi - Loading from file system: jar:file:/C:/Users/Admin/.m2/repository/com/github/almasb/fxgl/17.1/fxgl-17.1.jar!/fxglassets/textures/fxgl_icon.png
18:54:39.362 [JavaFX Application Thread] DEBUG FXGLAssetLoaderServi - Loading from file system: jar:file:/C:/Users/Admin/.m2/repository/com/github/almasb/fxgl/17.1/fxgl-17.1.jar!/fxglassets/textures/fxgl_default_cursor.png
18:54:39.368 [JavaFX Application Thread] DEBUG Input                - Registered new binding: Screenshot - CTRL+8
18:54:39.369 [JavaFX Application Thread] DEBUG Input                - Registered new binding: System info dump - CTRL+9
18:54:39.369 [JavaFX Application Thread] DEBUG Input                - Registered new binding: Restart - CTRL+R
18:54:39.371 [JavaFX Application Thread] DEBUG Input                - Registered new binding: Toggle Debug Camera - CTRL+7
18:54:39.376 [JavaFX Application Thread] DEBUG LoopRunner           - Starting loop
18:54:39.376 [JavaFX Application Thread] DEBUG LoopRunner           - Initializing JavaFX AnimationTimerLoop
18:54:39.380 [JavaFX Application Thread] DEBUG Input                - Clearing active input actions
18:54:39.396 [JavaFX Application Thread] DEBUG GameApplicationServi - Removing overlay from FXGLStartupScene and adding to FXGLMainMenuDummyScene
18:54:39.396 [JavaFX Application Thread] DEBUG PrimaryStageWindow   - FXGLStartupScene -> FXGLMainMenuDummyScene
18:54:39.397 [JavaFX Application Thread] DEBUG PrimaryStageWindow   - Push state: FXGLDefaultMenu
18:54:39.416 [JavaFX Application Thread] DEBUG Input                - Clearing active input actions
18:54:39.440 [JavaFX Application Thread] DEBUG GameApplicationServi - Removing overlay from FXGLMainMenuDummyScene and adding to FXGLDefaultMenu
18:54:39.441 [JavaFX Application Thread] DEBUG PrimaryStageWindow   - FXGLMainMenuDummyScene -> FXGLDefaultMenu
18:54:39.507 [FXGL Background Thread 4 ] DEBUG FXGLAssetLoaderServi - Loading from file system: jar:file:/C:/Users/Admin/.m2/repository/com/github/almasb/fxgl/17.1/fxgl-17.1.jar!/fxglassets/ui/fonts/Abel-Regular.ttf
18:54:39.513 [FXGL Background Thread 4 ] DEBUG FXGLAssetLoaderServi - Loading from file system: jar:file:/C:/Users/Admin/.m2/repository/com/github/almasb/fxgl/17.1/fxgl-17.1.jar!/fxglassets/ui/fonts/TerminalLandMono-Regular.otf
18:54:39.524 [FXGL Background Thread 4 ] DEBUG FXGLAssetLoaderServi - Loading from file system: jar:file:/C:/Users/Admin/.m2/repository/com/github/almasb/fxgl/17.1/fxgl-17.1.jar!/fxglassets/ui/fonts/Courier-Prime.ttf
18:54:39.585 [JavaFX Application Thread] DEBUG FXGLApplication      - Registering font factories with UI factory
18:54:40.360 [FXGL Background Thread 2 ] INFO  UpdaterService       - Your current version:  17.1
18:54:40.360 [FXGL Background Thread 2 ] INFO  UpdaterService       - Latest stable version: 17.2
18:54:40.505 [JavaFX Application Thread] DEBUG Menu                 - fireNewGame()
18:54:40.505 [JavaFX Application Thread] DEBUG GameApplicationServi - Starting new game
18:54:40.508 [JavaFX Application Thread] DEBUG PrimaryStageWindow   - Pop state: FXGLDefaultMenu
18:54:40.508 [JavaFX Application Thread] DEBUG Input                - Clearing active input actions
18:54:40.510 [JavaFX Application Thread] DEBUG GameApplicationServi - Removing overlay from FXGLDefaultMenu and adding to FXGLMainMenuDummyScene
18:54:40.510 [JavaFX Application Thread] DEBUG PrimaryStageWindow   - FXGLMainMenuDummyScene <- FXGLDefaultMenu
18:54:40.511 [JavaFX Application Thread] DEBUG Input                - Clearing active input actions
18:54:40.534 [JavaFX Application Thread] DEBUG GameApplicationServi - Removing overlay from FXGLMainMenuDummyScene and adding to FXGLLoadingScene
18:54:40.535 [JavaFX Application Thread] DEBUG PrimaryStageWindow   - FXGLMainMenuDummyScene -> FXGLLoadingScene
18:54:40.535 [JavaFX Application Thread] DEBUG GameApplicationServi - Clearing previous game
18:54:40.535 [JavaFX Application Thread] DEBUG GameScene            - Clearing game scene
18:54:40.535 [JavaFX Application Thread] DEBUG GameWorld            - Clearing game world
18:54:40.536 [JavaFX Application Thread] DEBUG PhysicsWorld         - Clearing physics world
18:54:40.538 [FXGL Background Thread 2 ] DEBUG FXGLApplication      - Initializing game
18:54:40.583 [FXGL Background Thread 2 ] DEBUG FXGLAssetLoaderServi - Loading from file system: file:/D:/bombermango/target/classes/assets/textures/sprites/wall.png
18:54:40.625 [FXGL Background Thread 2 ] DEBUG FXGLAssetLoaderServi - Loading from file system: file:/D:/bombermango/target/classes/assets/textures/sprites/brick.png
18:54:40.634 [FXGL Background Thread 2 ] DEBUG FXGLAssetLoaderServi - Loading from file system: file:/D:/bombermango/target/classes/assets/textures/sprites/balloom_right1.png
18:54:40.637 [FXGL Background Thread 2 ] DEBUG FXGLAssetLoaderServi - Loading from file system: file:/D:/bombermango/target/classes/assets/textures/sprites/balloom_right2.png
18:54:40.638 [FXGL Background Thread 2 ] DEBUG FXGLAssetLoaderServi - Loading from file system: file:/D:/bombermango/target/classes/assets/textures/sprites/balloom_right3.png
18:54:40.659 [FXGL Background Thread 2 ] DEBUG FXGLAssetLoaderServi - Loading from file system: file:/D:/bombermango/target/classes/assets/textures/sprites/oneal_right1.png
18:54:40.660 [FXGL Background Thread 2 ] DEBUG FXGLAssetLoaderServi - Loading from file system: file:/D:/bombermango/target/classes/assets/textures/sprites/oneal_right2.png
18:54:40.662 [FXGL Background Thread 2 ] DEBUG FXGLAssetLoaderServi - Loading from file system: file:/D:/bombermango/target/classes/assets/textures/sprites/oneal_right3.png
18:54:40.835 [FXGL Background Thread 2 ] DEBUG FXGLAssetLoaderServi - Loading from file system: file:/D:/bombermango/target/classes/assets/textures/sprites/doll_right1.png
18:54:40.837 [FXGL Background Thread 2 ] DEBUG FXGLAssetLoaderServi - Loading from file system: file:/D:/bombermango/target/classes/assets/textures/sprites/doll_right2.png
18:54:40.839 [FXGL Background Thread 2 ] DEBUG FXGLAssetLoaderServi - Loading from file system: file:/D:/bombermango/target/classes/assets/textures/sprites/doll_right3.png
18:54:40.872 [FXGL Background Thread 2 ] DEBUG GameWorld            - Clearing removable entities
18:54:40.873 [FXGL Background Thread 2 ] DEBUG GameWorld            - Setting level: com.almasb.fxgl.entity.level.Level@4f5cef22
18:54:40.992 [FXGL Background Thread 2 ] WARN  FXGLAssetLoaderServi - Asset "/assets/music/gameaudio.wav" was not found!
18:54:40.993 [FXGL Background Thread 2 ] WARN  FXGLAssetLoaderServi - Failed to load MUSIC
18:54:40.996 [FXGL Background Thread 2 ] DEBUG FXGLAssetLoaderServi - Loading from file system: file:/D:/bombermango/target/classes/assets/textures/sprites/player_right.png
18:54:40.997 [FXGL Background Thread 2 ] DEBUG FXGLAssetLoaderServi - Loading from file system: file:/D:/bombermango/target/classes/assets/textures/sprites/player_right_1.png
18:54:41.000 [FXGL Background Thread 2 ] WARN  FXGLAssetLoaderServi - Asset "/assets/textures/sprites/player_right_2.png" was not found!
18:54:41.001 [FXGL Background Thread 2 ] WARN  FXGLAssetLoaderServi - Failed to load RESIZABLE_IMAGE
18:54:41.046 [FXGL Background Thread 2 ] DEBUG FXGLAssetLoaderServi - Loading from file system: file:/D:/bombermango/target/classes/assets/textures/sprites/player_down.png
18:54:41.049 [FXGL Background Thread 2 ] DEBUG FXGLAssetLoaderServi - Loading from file system: file:/D:/bombermango/target/classes/assets/textures/sprites/player_down_1.png
18:54:41.052 [FXGL Background Thread 2 ] DEBUG FXGLAssetLoaderServi - Loading from file system: file:/D:/bombermango/target/classes/assets/textures/sprites/player_down_2.png
18:54:41.054 [FXGL Background Thread 2 ] DEBUG FXGLAssetLoaderServi - Loading from file system: file:/D:/bombermango/target/classes/assets/textures/sprites/player_left.png
18:54:41.055 [FXGL Background Thread 2 ] DEBUG FXGLAssetLoaderServi - Loading from file system: file:/D:/bombermango/target/classes/assets/textures/sprites/player_left_1.png
18:54:41.056 [FXGL Background Thread 2 ] DEBUG FXGLAssetLoaderServi - Loading from file system: file:/D:/bombermango/target/classes/assets/textures/sprites/player_left_2.png
18:54:41.059 [FXGL Background Thread 2 ] DEBUG FXGLAssetLoaderServi - Loading from file system: file:/D:/bombermango/target/classes/assets/textures/sprites/portal.png
18:54:41.063 [FXGL Background Thread 2 ] DEBUG FXGLAssetLoaderServi - Loading from file system: file:/D:/bombermango/target/classes/assets/textures/sprites/powerup_bombs.png
18:54:41.086 [FXGL Background Thread 2 ] DEBUG FXGLAssetLoaderServi - Loading from file system: file:/D:/bombermango/target/classes/assets/textures/sprites/powerup_flames.png
18:54:41.094 [FXGL Background Thread 2 ] INFO  FXGLApplication      - Game initialization took: 0.556 sec
18:54:41.095 [JavaFX Application Thread] DEBUG Input                - Clearing active input actions
18:54:41.118 [JavaFX Application Thread] DEBUG GameApplicationServi - Removing overlay from FXGLLoadingScene and adding to GameScene
18:54:41.118 [JavaFX Application Thread] DEBUG PrimaryStageWindow   - FXGLLoadingScene -> GameScene
18:54:42.207 [FXGL Background Thread 3 ] DEBUG Engine               - Logging environment variables
18:54:42.208 [FXGL Background Thread 3 ] DEBUG Engine               - achievements: []
18:54:42.208 [FXGL Background Thread 3 ] DEBUG Engine               - actualHeight: 672.0
18:54:42.208 [FXGL Background Thread 3 ] DEBUG Engine               - actualHeightProperty: ReadOnlyDoubleProperty [value: 672.0]
18:54:42.208 [FXGL Background Thread 3 ] DEBUG Engine               - actualWidth: 800.0
18:54:42.208 [FXGL Background Thread 3 ] DEBUG Engine               - actualWidthProperty: ReadOnlyDoubleProperty [value: 800.0]
18:54:42.208 [FXGL Background Thread 3 ] DEBUG Engine               - appIcon: fxgl_icon.png
18:54:42.208 [FXGL Background Thread 3 ] DEBUG Engine               - applicationMode: DEVELOPER
18:54:42.208 [FXGL Background Thread 3 ] DEBUG Engine               - cSSList: [fxgl_dark.css]
18:54:42.208 [FXGL Background Thread 3 ] DEBUG Engine               - collisionDetectionStrategy: BRUTE_FORCE
18:54:42.208 [FXGL Background Thread 3 ] DEBUG Engine               - configClass: Optional.empty
18:54:42.208 [FXGL Background Thread 3 ] DEBUG Engine               - credits: []
18:54:42.209 [FXGL Background Thread 3 ] DEBUG Engine               - defaultCursor: CursorInfo(imageName=fxgl_default_cursor.png, hotspotX=7.0, hotspotY=6.0)
18:54:42.209 [FXGL Background Thread 3 ] DEBUG Engine               - devBBoxColorProperty: ObjectProperty [value: 0xff0000ff]
18:54:42.209 [FXGL Background Thread 3 ] DEBUG Engine               - devEnableDebugCameraProperty: BooleanProperty [value: false]
18:54:42.209 [FXGL Background Thread 3 ] DEBUG Engine               - devSensorColorProperty: ObjectProperty [value: 0xffff00ff]
18:54:42.209 [FXGL Background Thread 3 ] DEBUG Engine               - devShowBBoxProperty: BooleanProperty [value: false]
18:54:42.209 [FXGL Background Thread 3 ] DEBUG Engine               - devShowPositionProperty: BooleanProperty [value: false]
18:54:42.210 [FXGL Background Thread 3 ] DEBUG Engine               - enabledMenuItems: []
18:54:42.210 [FXGL Background Thread 3 ] DEBUG Engine               - engineServices: [class com.almasb.fxgl.app.services.FXGLAssetLoaderService, class com.almasb.fxgl.app.FXGLApplication$GameApplicationService, class com.almasb.fxgl.app.services.FXGLDialogService, class com.almasb.fxgl.app.services.IOTaskExecutorService, class com.almasb.fxgl.io.FileSystemService, class com.almasb.fxgl.localization.LocalizationService, class com.almasb.fxgl.app.services.SystemBundleService, class com.almasb.fxgl.profile.SaveLoadService, class com.almasb.fxgl.ui.FXGLUIFactoryServiceProvider, class com.almasb.fxgl.ui.FXGLDialogFactoryServiceProvider, class com.almasb.fxgl.audio.AudioPlayer, class com.almasb.fxgl.notification.impl.NotificationServiceProvider, class com.almasb.fxgl.achievement.AchievementService, class com.almasb.fxgl.cutscene.CutsceneService, class com.almasb.fxgl.minigames.MiniGameService, class com.almasb.fxgl.net.NetService, class com.almasb.fxgl.app.services.UpdaterService, class com.almasb.fxgl.dev.DevService]
18:54:42.210 [FXGL Background Thread 3 ] DEBUG Engine               - fontGame: Abel-Regular.ttf
18:54:42.210 [FXGL Background Thread 3 ] DEBUG Engine               - fontMono: TerminalLandMono-Regular.otf
18:54:42.210 [FXGL Background Thread 3 ] DEBUG Engine               - fontText: Courier-Prime.ttf
18:54:42.210 [FXGL Background Thread 3 ] DEBUG Engine               - fontUI: VarelaRound-Regular.ttf
18:54:42.210 [FXGL Background Thread 3 ] DEBUG Engine               - fullScreen: BooleanProperty [value: false]
18:54:42.210 [FXGL Background Thread 3 ] DEBUG Engine               - gameDifficulty: MEDIUM
18:54:42.210 [FXGL Background Thread 3 ] DEBUG Engine               - gameDifficultyProperty: ObjectProperty [value: MEDIUM]
18:54:42.210 [FXGL Background Thread 3 ] DEBUG Engine               - globalMusicVolume: 0.5
18:54:42.211 [FXGL Background Thread 3 ] DEBUG Engine               - globalMusicVolumeProperty: DoubleProperty [value: 0.5]
18:54:42.211 [FXGL Background Thread 3 ] DEBUG Engine               - globalSoundVolume: 0.5
18:54:42.211 [FXGL Background Thread 3 ] DEBUG Engine               - globalSoundVolumeProperty: DoubleProperty [value: 0.5]
18:54:42.211 [FXGL Background Thread 3 ] DEBUG Engine               - height: 672
18:54:42.211 [FXGL Background Thread 3 ] DEBUG Engine               - is3D: false
18:54:42.211 [FXGL Background Thread 3 ] DEBUG Engine               - isAndroid: false
18:54:42.211 [FXGL Background Thread 3 ] DEBUG Engine               - isBrowser: false
18:54:42.211 [FXGL Background Thread 3 ] DEBUG Engine               - isClickFeedbackEnabled: false
18:54:42.211 [FXGL Background Thread 3 ] DEBUG Engine               - isCloseConfirmation: false
18:54:42.211 [FXGL Background Thread 3 ] DEBUG Engine               - isDesktop: true
18:54:42.212 [FXGL Background Thread 3 ] DEBUG Engine               - isDeveloperMenuEnabled: false
18:54:42.212 [FXGL Background Thread 3 ] DEBUG Engine               - isEmbedded: false
18:54:42.212 [FXGL Background Thread 3 ] DEBUG Engine               - isEntityPreloadEnabled: true
18:54:42.212 [FXGL Background Thread 3 ] DEBUG Engine               - isExperimentalTiledLargeMap: false
18:54:42.212 [FXGL Background Thread 3 ] DEBUG Engine               - isFileSystemWriteAllowed: true
18:54:42.212 [FXGL Background Thread 3 ] DEBUG Engine               - isFullScreenAllowed: false
18:54:42.212 [FXGL Background Thread 3 ] DEBUG Engine               - isFullScreenFromStart: false
18:54:42.212 [FXGL Background Thread 3 ] DEBUG Engine               - isGameMenuEnabled: true
18:54:42.212 [FXGL Background Thread 3 ] DEBUG Engine               - isIOS: false
18:54:42.214 [FXGL Background Thread 3 ] DEBUG Engine               - isIntroEnabled: false
18:54:42.214 [FXGL Background Thread 3 ] DEBUG Engine               - isLinux: false
18:54:42.214 [FXGL Background Thread 3 ] DEBUG Engine               - isMac: false
18:54:42.214 [FXGL Background Thread 3 ] DEBUG Engine               - isMainMenuEnabled: true
18:54:42.214 [FXGL Background Thread 3 ] DEBUG Engine               - isManualResizeEnabled: false
18:54:42.214 [FXGL Background Thread 3 ] DEBUG Engine               - isMobile: false
18:54:42.215 [FXGL Background Thread 3 ] DEBUG Engine               - isNative: false
18:54:42.215 [FXGL Background Thread 3 ] DEBUG Engine               - isPauseMusicWhenMinimized: true
18:54:42.215 [FXGL Background Thread 3 ] DEBUG Engine               - isPreserveResizeRatio: false
18:54:42.215 [FXGL Background Thread 3 ] DEBUG Engine               - isProfilingEnabled: false
18:54:42.215 [FXGL Background Thread 3 ] DEBUG Engine               - isScaleAffectedOnResize: true
18:54:42.216 [FXGL Background Thread 3 ] DEBUG Engine               - isSingleStep: false
18:54:42.216 [FXGL Background Thread 3 ] DEBUG Engine               - isUserProfileEnabled: false
18:54:42.216 [FXGL Background Thread 3 ] DEBUG Engine               - isWindows: true
18:54:42.216 [FXGL Background Thread 3 ] DEBUG Engine               - language: ObjectProperty [value: ENGLISH]
18:54:42.216 [FXGL Background Thread 3 ] DEBUG Engine               - menuKey: ESCAPE
18:54:42.216 [FXGL Background Thread 3 ] DEBUG Engine               - mouseSensitivity: 0.2
18:54:42.218 [FXGL Background Thread 3 ] DEBUG Engine               - notificationViewClass: class com.almasb.fxgl.notification.view.XboxNotificationView
18:54:42.218 [FXGL Background Thread 3 ] DEBUG Engine               - pixelsPerMeter: 50.0
18:54:42.218 [FXGL Background Thread 3 ] DEBUG Engine               - platform: WINDOWS
18:54:42.218 [FXGL Background Thread 3 ] DEBUG Engine               - prefHeightProperty: ReadOnlyDoubleProperty [value: 672.0]
18:54:42.219 [FXGL Background Thread 3 ] DEBUG Engine               - prefWidthProperty: ReadOnlyDoubleProperty [value: 800.0]
18:54:42.219 [FXGL Background Thread 3 ] DEBUG Engine               - profileDir: profiles/
18:54:42.219 [FXGL Background Thread 3 ] DEBUG Engine               - profileName: StringProperty [value: DEFAULT]
18:54:42.219 [FXGL Background Thread 3 ] DEBUG Engine               - randomSeed: -1
18:54:42.219 [FXGL Background Thread 3 ] DEBUG Engine               - runtimeInfo: RuntimeInfo(platform=WINDOWS, version=17.1, build=24.03.2022 17.34)
18:54:42.219 [FXGL Background Thread 3 ] DEBUG Engine               - saveFileExt: sav
18:54:42.219 [FXGL Background Thread 3 ] DEBUG Engine               - scaledHeightProp$fxgl: DoubleProperty [bound, value: 672.0]
18:54:42.220 [FXGL Background Thread 3 ] DEBUG Engine               - scaledWidthProp$fxgl: DoubleProperty [bound, value: 800.0]
18:54:42.220 [FXGL Background Thread 3 ] DEBUG Engine               - sceneFactory: com.almasb.fxgl.app.scene.SceneFactory@7553294c
18:54:42.220 [FXGL Background Thread 3 ] DEBUG Engine               - secondsIn24h: 60
18:54:42.220 [FXGL Background Thread 3 ] DEBUG Engine               - soundMenuBack: menu/back.wav
18:54:42.220 [FXGL Background Thread 3 ] DEBUG Engine               - soundMenuPress: menu/press.wav
18:54:42.220 [FXGL Background Thread 3 ] DEBUG Engine               - soundMenuSelect: menu/select.wav
18:54:42.220 [FXGL Background Thread 3 ] DEBUG Engine               - soundNotification: core/notification.wav
18:54:42.220 [FXGL Background Thread 3 ] DEBUG Engine               - stageStyle: DECORATED
18:54:42.220 [FXGL Background Thread 3 ] DEBUG Engine               - supportedLanguages: [ENGLISH, FRENCH, GERMAN, HUNGARIAN, RUSSIAN]
18:54:42.220 [FXGL Background Thread 3 ] DEBUG Engine               - ticksPerSecond: -1
18:54:42.220 [FXGL Background Thread 3 ] DEBUG Engine               - title: Bomberman
18:54:42.220 [FXGL Background Thread 3 ] DEBUG Engine               - urlGithub: https://github.com/AlmasB/FXGL
18:54:42.220 [FXGL Background Thread 3 ] DEBUG Engine               - urlLeaderboard: http://fxgl-top.herokuapp.com/
18:54:42.220 [FXGL Background Thread 3 ] DEBUG Engine               - urlPOM: https://raw.githubusercontent.com/AlmasB/FXGL/release/README.md
18:54:42.220 [FXGL Background Thread 3 ] DEBUG Engine               - userAppClass: class mangobomb.bombermango.HelloApplication
18:54:42.220 [FXGL Background Thread 3 ] DEBUG Engine               - version: 0.0
18:54:42.221 [FXGL Background Thread 3 ] DEBUG Engine               - versionCheckDays: 7
18:54:42.221 [FXGL Background Thread 3 ] DEBUG Engine               - width: 800
18:54:42.221 [FXGL Background Thread 3 ] DEBUG Engine               - Logging services
18:54:42.221 [FXGL Background Thread 3 ] DEBUG Engine               - class com.almasb.fxgl.app.services.FXGLAssetLoaderService
18:54:42.221 [FXGL Background Thread 3 ] DEBUG Engine               - class com.almasb.fxgl.app.FXGLApplication$GameApplicationService
18:54:42.221 [FXGL Background Thread 3 ] DEBUG Engine               - class com.almasb.fxgl.app.services.FXGLDialogService
18:54:42.221 [FXGL Background Thread 3 ] DEBUG Engine               - class com.almasb.fxgl.app.services.IOTaskExecutorService
18:54:42.221 [FXGL Background Thread 3 ] DEBUG Engine               - class com.almasb.fxgl.io.FileSystemService
18:54:42.221 [FXGL Background Thread 3 ] DEBUG Engine               - class com.almasb.fxgl.localization.LocalizationService
18:54:42.221 [FXGL Background Thread 3 ] DEBUG Engine               - class com.almasb.fxgl.app.services.SystemBundleService
18:54:42.221 [FXGL Background Thread 3 ] DEBUG Engine               - class com.almasb.fxgl.profile.SaveLoadService
18:54:42.221 [FXGL Background Thread 3 ] DEBUG Engine               - class com.almasb.fxgl.ui.FXGLUIFactoryServiceProvider
18:54:42.221 [FXGL Background Thread 3 ] DEBUG Engine               - class com.almasb.fxgl.ui.FXGLDialogFactoryServiceProvider
18:54:42.221 [FXGL Background Thread 3 ] DEBUG Engine               - class com.almasb.fxgl.audio.AudioPlayer
18:54:42.221 [FXGL Background Thread 3 ] DEBUG Engine               - class com.almasb.fxgl.notification.impl.NotificationServiceProvider
18:54:42.221 [FXGL Background Thread 3 ] DEBUG Engine               - class com.almasb.fxgl.achievement.AchievementService
18:54:42.221 [FXGL Background Thread 3 ] DEBUG Engine               - class com.almasb.fxgl.cutscene.CutsceneService
18:54:42.222 [FXGL Background Thread 3 ] DEBUG Engine               - class com.almasb.fxgl.minigames.MiniGameService
18:54:42.222 [FXGL Background Thread 3 ] DEBUG Engine               - class com.almasb.fxgl.net.NetService
18:54:42.222 [FXGL Background Thread 3 ] DEBUG Engine               - class com.almasb.fxgl.app.services.UpdaterService
18:54:42.222 [FXGL Background Thread 3 ] DEBUG Engine               - class com.almasb.fxgl.dev.DevService
18:54:44.182 [JavaFX Application Thread] DEBUG FXGLAssetLoaderServi - Loading from file system: file:/D:/bombermango/target/classes/assets/textures/sprites/bomb.png
18:54:44.185 [JavaFX Application Thread] DEBUG FXGLAssetLoaderServi - Loading from file system: file:/D:/bombermango/target/classes/assets/textures/sprites/bomb_1.png
18:54:44.186 [JavaFX Application Thread] DEBUG FXGLAssetLoaderServi - Loading from file system: file:/D:/bombermango/target/classes/assets/textures/sprites/bomb_2.png
18:54:46.186 [JavaFX Application Thread] DEBUG FXGLAssetLoaderServi - Loading from file system: file:/D:/bombermango/target/classes/assets/textures/sprites/bomb_exploded.png
18:54:46.188 [JavaFX Application Thread] DEBUG FXGLAssetLoaderServi - Loading from file system: file:/D:/bombermango/target/classes/assets/textures/sprites/bomb_exploded1.png
18:54:46.190 [JavaFX Application Thread] DEBUG FXGLAssetLoaderServi - Loading from file system: file:/D:/bombermango/target/classes/assets/textures/sprites/bomb_exploded2.png
18:54:55.477 [JavaFX Application Thread] DEBUG FXGLApplication      - Exiting FXGL
18:54:55.477 [JavaFX Application Thread] DEBUG LoopRunner           - Stopping loop
18:54:55.477 [JavaFX Application Thread] DEBUG SystemBundleService  - Saving FXGL system data
18:54:55.479 [JavaFX Application Thread] DEBUG FileSystemAccess     - Writing to: D:\bombermango\system\fxgl.bundle
18:54:55.481 [JavaFX Application Thread] DEBUG Async                - Shutting down background threads
18:54:55.481 [JavaFX Application Thread] DEBUG PrimaryStageWindow   - Closing main window
18:54:55.554 [JavaFX Application Thread] DEBUG Logger               - Closing Logger
