23:11:44.428 [main                     ] DEBUG Logger               - Configured Logger
23:11:44.479 [main                     ] DEBUG GameApplication      - Logging settings
Title: Bomberman
Version: 0.0
Width: 800
Height: 672
Fullscreen: false
Intro: false
Profiling: false
Single step:false
App Mode: DEVELOPER
Menu Key: ESCAPE
Stage Style: DECORATED
Scene Factory: class com.almasb.fxgl.app.scene.SceneFactory

23:11:45.145 [JavaFX Application Thread] DEBUG FXGLApplication      - Initializing FXGL
23:11:45.159 [JavaFX Application Thread] INFO  Engine               - FXGL-17.1 (24.03.2022 17.34) on WINDOWS (J:18.0.2.1 FX:18.0.1)
23:11:45.159 [JavaFX Application Thread] DEBUG Engine               - JRE Vendor Name: Oracle Corporation
23:11:45.159 [JavaFX Application Thread] DEBUG Engine               - Running on OS: Windows 10 version 10.0
23:11:45.160 [JavaFX Application Thread] DEBUG Engine               - Architecture: amd64
23:11:45.160 [JavaFX Application Thread] INFO  Engine               - Source code and latest versions at: https://github.com/AlmasB/FXGL
23:11:45.160 [JavaFX Application Thread] INFO  Engine               -       Ask questions and discuss at: https://github.com/AlmasB/FXGL/discussions
23:11:45.160 [JavaFX Application Thread] INFO  Engine               -              Join the FXGL chat at: https://gitter.im/AlmasB/FXGL
23:11:45.399 [JavaFX Application Thread] DEBUG PrimaryStageWindow   - Creating a JavaFX scene
23:11:45.501 [JavaFX Application Thread] DEBUG PrimaryStageWindow   - Target settings size: 800.0 x 672.0
23:11:45.503 [JavaFX Application Thread] DEBUG PrimaryStageWindow   - Scaled scene size:    800.0 x 672.0
23:11:45.503 [JavaFX Application Thread] DEBUG PrimaryStageWindow   - Scaled ratio: (1.0, 1.0)
23:11:45.505 [JavaFX Application Thread] DEBUG PrimaryStageWindow   - Set initial scene to FXGLStartupScene
23:11:45.520 [JavaFX Application Thread] DEBUG PrimaryStageWindow   - Opening main window
23:11:45.662 [JavaFX Application Thread] DEBUG PrimaryStageWindow   - Window border size: (14.66668701171875, 37.33331298828125)
23:11:45.663 [JavaFX Application Thread] DEBUG PrimaryStageWindow   - Scaled size: 800.0 x 672.0
23:11:45.663 [JavaFX Application Thread] DEBUG PrimaryStageWindow   - Scaled ratio: (1.0, 1.0)
23:11:45.664 [JavaFX Application Thread] DEBUG PrimaryStageWindow   - Scene size: 800.0 x 672.0
23:11:45.664 [JavaFX Application Thread] DEBUG PrimaryStageWindow   - Stage size: 814.6666870117188 x 709.3333129882812
23:11:45.678 [FXGL Background Thread 1 ] DEBUG Engine               - Initializing environment variables
23:11:45.845 [FXGL Background Thread 1 ] DEBUG FXGLAssetLoaderServi - User app class for loading assets: class mangobomb.bombermango.HelloApplication
23:11:45.845 [FXGL Background Thread 1 ] DEBUG GameApplicationServi - Applying CSS: fxgl_dark.css
23:11:45.849 [FXGL Background Thread 1 ] DEBUG FXGLAssetLoaderServi - Loading from file system: jar:file:/C:/Users/Admin/.m2/repository/com/github/almasb/fxgl/17.1/fxgl-17.1.jar!/fxglassets/ui/css/fxgl_dark.css
23:11:45.953 [FXGL Background Thread 1 ] DEBUG GameApplicationServi - Initializing application scenes
23:11:46.108 [FXGL Background Thread 1 ] DEBUG GameWorld            - Game world initialized
23:11:46.211 [FXGL Background Thread 1 ] DEBUG PhysicsWorld         - Physics world initialized: appHeight=672, physics.ppm=50.0
23:11:46.212 [FXGL Background Thread 1 ] DEBUG PhysicsWorld         - Using strategy: BRUTE_FORCE
23:11:46.224 [FXGL Background Thread 1 ] DEBUG GameScene            - Game scene initialized: 800x672
23:11:46.255 [FXGL Background Thread 1 ] DEBUG FXGL.DefaultMenu     - createMenuBodyMainMenu()
23:11:46.304 [FXGL Background Thread 1 ] DEBUG FXGL.DefaultMenu     - createOptionsMenu()
23:11:46.330 [FXGL Background Thread 1 ] DEBUG FXGLAssetLoaderServi - Loading from file system: jar:file:/C:/Users/Admin/.m2/repository/com/github/almasb/fxgl/17.1/fxgl-17.1.jar!/fxglassets/textures/particles/smoke.png
23:11:46.584 [FXGL Background Thread 1 ] DEBUG FXGLAssetLoaderServi - Loading from file system: jar:file:/C:/Users/Admin/.m2/repository/com/github/almasb/fxgl/17.1/fxgl-17.1.jar!/fxglassets/textures/particles/trace_horizontal.png
23:11:46.644 [FXGL Background Thread 1 ] DEBUG FXGL.DefaultMenu     - createMenuBodyGameMenu()
23:11:46.646 [FXGL Background Thread 1 ] DEBUG FXGL.DefaultMenu     - createOptionsMenu()
23:11:46.687 [FXGL Background Thread 1 ] DEBUG GameApplicationServi - Application scenes initialized
23:11:46.710 [FXGL Background Thread 1 ] DEBUG SystemBundleService  - Loading FXGL system data
23:11:46.719 [FXGL Background Thread 1 ] DEBUG FileSystemAccess     - Reading from: D:\bombermango\system\fxgl.bundle
23:11:46.736 [FXGL Background Thread 1 ] DEBUG SystemBundleService  - Bundle FXGL: {}
23:11:46.737 [FXGL Background Thread 1 ] DEBUG UpdaterService       - Checking for updates
23:11:46.742 [FXGL Background Thread 4 ] DEBUG FXGLApplication      - Loading fonts
23:11:46.743 [FXGL Background Thread 1 ] DEBUG FXGLApplication      - Loading default localization
23:11:46.744 [FXGL Background Thread 4 ] DEBUG FXGLAssetLoaderServi - Loading from file system: jar:file:/C:/Users/Admin/.m2/repository/com/github/almasb/fxgl/17.1/fxgl-17.1.jar!/fxglassets/ui/fonts/VarelaRound-Regular.ttf
23:11:46.749 [FXGL Background Thread 1 ] DEBUG FXGLAssetLoaderServi - Loading from file system: jar:file:/C:/Users/Admin/.m2/repository/com/github/almasb/fxgl/17.1/fxgl-17.1.jar!/fxglassets/languages/english.lang
23:11:46.800 [FXGL Background Thread 1 ] INFO  FXGLApplication      - FXGL initialization took: 1.121 sec
23:11:46.823 [JavaFX Application Thread] DEBUG Input                - Registered new binding: moveUp - W
23:11:46.823 [JavaFX Application Thread] DEBUG Input                - Registered new binding: moveRight - D
23:11:46.823 [JavaFX Application Thread] DEBUG Input                - Registered new binding: moveLeft - A
23:11:46.823 [JavaFX Application Thread] DEBUG Input                - Registered new binding: moveDown - S
23:11:46.823 [JavaFX Application Thread] DEBUG Input                - Registered new binding: implantBomb - F
23:11:46.823 [JavaFX Application Thread] DEBUG Input                - Registered new binding: PlayMusic - M
23:11:46.825 [JavaFX Application Thread] DEBUG FXGLAssetLoaderServi - Loading from file system: jar:file:/C:/Users/Admin/.m2/repository/com/github/almasb/fxgl/17.1/fxgl-17.1.jar!/fxglassets/textures/fxgl_icon.png
23:11:46.920 [JavaFX Application Thread] DEBUG FXGLAssetLoaderServi - Loading from file system: jar:file:/C:/Users/Admin/.m2/repository/com/github/almasb/fxgl/17.1/fxgl-17.1.jar!/fxglassets/textures/fxgl_default_cursor.png
23:11:46.930 [JavaFX Application Thread] DEBUG Input                - Registered new binding: Screenshot - CTRL+8
23:11:46.931 [JavaFX Application Thread] DEBUG Input                - Registered new binding: System info dump - CTRL+9
23:11:46.932 [JavaFX Application Thread] DEBUG Input                - Registered new binding: Restart - CTRL+R
23:11:46.938 [JavaFX Application Thread] DEBUG Input                - Registered new binding: Toggle Debug Camera - CTRL+7
23:11:46.945 [JavaFX Application Thread] DEBUG LoopRunner           - Starting loop
23:11:46.945 [JavaFX Application Thread] DEBUG LoopRunner           - Initializing JavaFX AnimationTimerLoop
23:11:46.949 [JavaFX Application Thread] DEBUG Input                - Clearing active input actions
23:11:47.014 [JavaFX Application Thread] DEBUG GameApplicationServi - Removing overlay from FXGLStartupScene and adding to FXGLMainMenuDummyScene
23:11:47.015 [JavaFX Application Thread] DEBUG PrimaryStageWindow   - FXGLStartupScene -> FXGLMainMenuDummyScene
23:11:47.018 [JavaFX Application Thread] DEBUG PrimaryStageWindow   - Push state: FXGLDefaultMenu
23:11:47.021 [FXGL Background Thread 4 ] DEBUG FXGLAssetLoaderServi - Loading from file system: jar:file:/C:/Users/Admin/.m2/repository/com/github/almasb/fxgl/17.1/fxgl-17.1.jar!/fxglassets/ui/fonts/Abel-Regular.ttf
23:11:47.030 [JavaFX Application Thread] DEBUG Input                - Clearing active input actions
23:11:47.119 [JavaFX Application Thread] DEBUG GameApplicationServi - Removing overlay from FXGLMainMenuDummyScene and adding to FXGLDefaultMenu
23:11:47.122 [JavaFX Application Thread] DEBUG PrimaryStageWindow   - FXGLMainMenuDummyScene -> FXGLDefaultMenu
23:11:47.167 [FXGL Background Thread 4 ] DEBUG FXGLAssetLoaderServi - Loading from file system: jar:file:/C:/Users/Admin/.m2/repository/com/github/almasb/fxgl/17.1/fxgl-17.1.jar!/fxglassets/ui/fonts/TerminalLandMono-Regular.otf
23:11:47.305 [FXGL Background Thread 4 ] DEBUG FXGLAssetLoaderServi - Loading from file system: jar:file:/C:/Users/Admin/.m2/repository/com/github/almasb/fxgl/17.1/fxgl-17.1.jar!/fxglassets/ui/fonts/Courier-Prime.ttf
23:11:47.348 [JavaFX Application Thread] DEBUG FXGLApplication      - Registering font factories with UI factory
23:11:48.073 [FXGL Background Thread 2 ] INFO  UpdaterService       - Your current version:  17.1
23:11:48.074 [FXGL Background Thread 2 ] INFO  UpdaterService       - Latest stable version: 17.2
23:11:48.980 [JavaFX Application Thread] DEBUG Menu                 - fireNewGame()
23:11:48.980 [JavaFX Application Thread] DEBUG GameApplicationServi - Starting new game
23:11:48.984 [JavaFX Application Thread] DEBUG PrimaryStageWindow   - Pop state: FXGLDefaultMenu
23:11:48.985 [JavaFX Application Thread] DEBUG Input                - Clearing active input actions
23:11:48.986 [JavaFX Application Thread] DEBUG GameApplicationServi - Removing overlay from FXGLDefaultMenu and adding to FXGLMainMenuDummyScene
23:11:48.986 [JavaFX Application Thread] DEBUG PrimaryStageWindow   - FXGLMainMenuDummyScene <- FXGLDefaultMenu
23:11:48.987 [JavaFX Application Thread] DEBUG Input                - Clearing active input actions
23:11:49.006 [JavaFX Application Thread] DEBUG GameApplicationServi - Removing overlay from FXGLMainMenuDummyScene and adding to FXGLLoadingScene
23:11:49.011 [JavaFX Application Thread] DEBUG PrimaryStageWindow   - FXGLMainMenuDummyScene -> FXGLLoadingScene
23:11:49.011 [JavaFX Application Thread] DEBUG GameApplicationServi - Clearing previous game
23:11:49.012 [JavaFX Application Thread] DEBUG GameScene            - Clearing game scene
23:11:49.012 [JavaFX Application Thread] DEBUG GameWorld            - Clearing game world
23:11:49.013 [JavaFX Application Thread] DEBUG PhysicsWorld         - Clearing physics world
23:11:49.015 [FXGL Background Thread 2 ] DEBUG FXGLApplication      - Initializing game
23:11:49.048 [FXGL Background Thread 2 ] DEBUG FXGLAssetLoaderServi - Loading from file system: file:/D:/bombermango/target/classes/assets/textures/sprites/wall.png
23:11:49.091 [FXGL Background Thread 2 ] DEBUG FXGLAssetLoaderServi - Loading from file system: file:/D:/bombermango/target/classes/assets/textures/sprites/brick.png
23:11:49.096 [FXGL Background Thread 2 ] DEBUG FXGLAssetLoaderServi - Loading from file system: file:/D:/bombermango/target/classes/assets/textures/sprites/balloom_right1.png
23:11:49.098 [FXGL Background Thread 2 ] DEBUG FXGLAssetLoaderServi - Loading from file system: file:/D:/bombermango/target/classes/assets/textures/sprites/balloom_right2.png
23:11:49.099 [FXGL Background Thread 2 ] DEBUG FXGLAssetLoaderServi - Loading from file system: file:/D:/bombermango/target/classes/assets/textures/sprites/balloom_right3.png
23:11:49.117 [FXGL Background Thread 2 ] DEBUG FXGLAssetLoaderServi - Loading from file system: file:/D:/bombermango/target/classes/assets/textures/sprites/oneal_right1.png
23:11:49.118 [FXGL Background Thread 2 ] DEBUG FXGLAssetLoaderServi - Loading from file system: file:/D:/bombermango/target/classes/assets/textures/sprites/oneal_right2.png
23:11:49.119 [FXGL Background Thread 2 ] DEBUG FXGLAssetLoaderServi - Loading from file system: file:/D:/bombermango/target/classes/assets/textures/sprites/oneal_right3.png
23:11:49.308 [FXGL Background Thread 2 ] DEBUG FXGLAssetLoaderServi - Loading from file system: file:/D:/bombermango/target/classes/assets/textures/sprites/doll_right1.png
23:11:49.310 [FXGL Background Thread 2 ] DEBUG FXGLAssetLoaderServi - Loading from file system: file:/D:/bombermango/target/classes/assets/textures/sprites/doll_right2.png
23:11:49.312 [FXGL Background Thread 2 ] DEBUG FXGLAssetLoaderServi - Loading from file system: file:/D:/bombermango/target/classes/assets/textures/sprites/doll_right3.png
23:11:49.355 [FXGL Background Thread 2 ] DEBUG GameWorld            - Clearing removable entities
23:11:49.356 [FXGL Background Thread 2 ] DEBUG GameWorld            - Setting level: com.almasb.fxgl.entity.level.Level@54255945
23:11:49.454 [FXGL Background Thread 2 ] DEBUG FXGLAssetLoaderServi - Loading from file system: file:/D:/bombermango/target/classes/assets/music/gameaudio.wav
23:11:49.746 [FXGL Background Thread 3 ] DEBUG Engine               - Logging environment variables
23:11:49.748 [FXGL Background Thread 3 ] DEBUG Engine               - achievements: []
23:11:49.748 [FXGL Background Thread 3 ] DEBUG Engine               - actualHeight: 672.0
23:11:49.748 [FXGL Background Thread 3 ] DEBUG Engine               - actualHeightProperty: ReadOnlyDoubleProperty [value: 672.0]
23:11:49.748 [FXGL Background Thread 3 ] DEBUG Engine               - actualWidth: 800.0
23:11:49.748 [FXGL Background Thread 3 ] DEBUG Engine               - actualWidthProperty: ReadOnlyDoubleProperty [value: 800.0]
23:11:49.748 [FXGL Background Thread 3 ] DEBUG Engine               - appIcon: fxgl_icon.png
23:11:49.748 [FXGL Background Thread 3 ] DEBUG Engine               - applicationMode: DEVELOPER
23:11:49.748 [FXGL Background Thread 3 ] DEBUG Engine               - cSSList: [fxgl_dark.css]
23:11:49.748 [FXGL Background Thread 3 ] DEBUG Engine               - collisionDetectionStrategy: BRUTE_FORCE
23:11:49.749 [FXGL Background Thread 3 ] DEBUG Engine               - configClass: Optional.empty
23:11:49.749 [FXGL Background Thread 3 ] DEBUG Engine               - credits: []
23:11:49.749 [FXGL Background Thread 3 ] DEBUG Engine               - defaultCursor: CursorInfo(imageName=fxgl_default_cursor.png, hotspotX=7.0, hotspotY=6.0)
23:11:49.749 [FXGL Background Thread 3 ] DEBUG Engine               - devBBoxColorProperty: ObjectProperty [value: 0xff0000ff]
23:11:49.750 [FXGL Background Thread 3 ] DEBUG Engine               - devEnableDebugCameraProperty: BooleanProperty [value: false]
23:11:49.750 [FXGL Background Thread 3 ] DEBUG Engine               - devSensorColorProperty: ObjectProperty [value: 0xffff00ff]
23:11:49.750 [FXGL Background Thread 3 ] DEBUG Engine               - devShowBBoxProperty: BooleanProperty [value: false]
23:11:49.750 [FXGL Background Thread 3 ] DEBUG Engine               - devShowPositionProperty: BooleanProperty [value: false]
23:11:49.750 [FXGL Background Thread 3 ] DEBUG Engine               - enabledMenuItems: []
23:11:49.750 [FXGL Background Thread 3 ] DEBUG Engine               - engineServices: [class com.almasb.fxgl.app.services.FXGLAssetLoaderService, class com.almasb.fxgl.app.FXGLApplication$GameApplicationService, class com.almasb.fxgl.app.services.FXGLDialogService, class com.almasb.fxgl.app.services.IOTaskExecutorService, class com.almasb.fxgl.io.FileSystemService, class com.almasb.fxgl.localization.LocalizationService, class com.almasb.fxgl.app.services.SystemBundleService, class com.almasb.fxgl.profile.SaveLoadService, class com.almasb.fxgl.ui.FXGLUIFactoryServiceProvider, class com.almasb.fxgl.ui.FXGLDialogFactoryServiceProvider, class com.almasb.fxgl.audio.AudioPlayer, class com.almasb.fxgl.notification.impl.NotificationServiceProvider, class com.almasb.fxgl.achievement.AchievementService, class com.almasb.fxgl.cutscene.CutsceneService, class com.almasb.fxgl.minigames.MiniGameService, class com.almasb.fxgl.net.NetService, class com.almasb.fxgl.app.services.UpdaterService, class com.almasb.fxgl.dev.DevService]
23:11:49.750 [FXGL Background Thread 3 ] DEBUG Engine               - fontGame: Abel-Regular.ttf
23:11:49.750 [FXGL Background Thread 3 ] DEBUG Engine               - fontMono: TerminalLandMono-Regular.otf
23:11:49.750 [FXGL Background Thread 3 ] DEBUG Engine               - fontText: Courier-Prime.ttf
23:11:49.750 [FXGL Background Thread 3 ] DEBUG Engine               - fontUI: VarelaRound-Regular.ttf
23:11:49.750 [FXGL Background Thread 3 ] DEBUG Engine               - fullScreen: BooleanProperty [value: false]
23:11:49.750 [FXGL Background Thread 3 ] DEBUG Engine               - gameDifficulty: MEDIUM
23:11:49.750 [FXGL Background Thread 3 ] DEBUG Engine               - gameDifficultyProperty: ObjectProperty [value: MEDIUM]
23:11:49.751 [FXGL Background Thread 3 ] DEBUG Engine               - globalMusicVolume: 0.5
23:11:49.751 [FXGL Background Thread 3 ] DEBUG Engine               - globalMusicVolumeProperty: DoubleProperty [value: 0.5]
23:11:49.751 [FXGL Background Thread 3 ] DEBUG Engine               - globalSoundVolume: 0.5
23:11:49.751 [FXGL Background Thread 3 ] DEBUG Engine               - globalSoundVolumeProperty: DoubleProperty [value: 0.5]
23:11:49.751 [FXGL Background Thread 3 ] DEBUG Engine               - height: 672
23:11:49.751 [FXGL Background Thread 3 ] DEBUG Engine               - is3D: false
23:11:49.751 [FXGL Background Thread 3 ] DEBUG Engine               - isAndroid: false
23:11:49.751 [FXGL Background Thread 3 ] DEBUG Engine               - isBrowser: false
23:11:49.751 [FXGL Background Thread 3 ] DEBUG Engine               - isClickFeedbackEnabled: false
23:11:49.751 [FXGL Background Thread 3 ] DEBUG Engine               - isCloseConfirmation: false
23:11:49.751 [FXGL Background Thread 3 ] DEBUG Engine               - isDesktop: true
23:11:49.751 [FXGL Background Thread 3 ] DEBUG Engine               - isDeveloperMenuEnabled: false
23:11:49.779 [FXGL Background Thread 3 ] DEBUG Engine               - isEmbedded: false
23:11:49.779 [FXGL Background Thread 3 ] DEBUG Engine               - isEntityPreloadEnabled: true
23:11:49.780 [FXGL Background Thread 3 ] DEBUG Engine               - isExperimentalTiledLargeMap: false
23:11:49.780 [FXGL Background Thread 3 ] DEBUG Engine               - isFileSystemWriteAllowed: true
23:11:49.780 [FXGL Background Thread 3 ] DEBUG Engine               - isFullScreenAllowed: false
23:11:49.781 [FXGL Background Thread 3 ] DEBUG Engine               - isFullScreenFromStart: false
23:11:49.781 [FXGL Background Thread 3 ] DEBUG Engine               - isGameMenuEnabled: true
23:11:49.781 [FXGL Background Thread 3 ] DEBUG Engine               - isIOS: false
23:11:49.781 [FXGL Background Thread 3 ] DEBUG Engine               - isIntroEnabled: false
23:11:49.781 [FXGL Background Thread 3 ] DEBUG Engine               - isLinux: false
23:11:49.781 [FXGL Background Thread 3 ] DEBUG Engine               - isMac: false
23:11:49.781 [FXGL Background Thread 3 ] DEBUG Engine               - isMainMenuEnabled: true
23:11:49.781 [FXGL Background Thread 3 ] DEBUG Engine               - isManualResizeEnabled: false
23:11:49.781 [FXGL Background Thread 3 ] DEBUG Engine               - isMobile: false
23:11:49.781 [FXGL Background Thread 3 ] DEBUG Engine               - isNative: false
23:11:49.782 [FXGL Background Thread 3 ] DEBUG Engine               - isPauseMusicWhenMinimized: true
23:11:49.782 [FXGL Background Thread 3 ] DEBUG Engine               - isPreserveResizeRatio: false
23:11:49.782 [FXGL Background Thread 3 ] DEBUG Engine               - isProfilingEnabled: false
23:11:49.782 [FXGL Background Thread 3 ] DEBUG Engine               - isScaleAffectedOnResize: true
23:11:49.782 [FXGL Background Thread 3 ] DEBUG Engine               - isSingleStep: false
23:11:49.782 [FXGL Background Thread 3 ] DEBUG Engine               - isUserProfileEnabled: false
23:11:49.782 [FXGL Background Thread 3 ] DEBUG Engine               - isWindows: true
23:11:49.782 [FXGL Background Thread 3 ] DEBUG Engine               - language: ObjectProperty [value: ENGLISH]
23:11:49.782 [FXGL Background Thread 3 ] DEBUG Engine               - menuKey: ESCAPE
23:11:49.782 [FXGL Background Thread 3 ] DEBUG Engine               - mouseSensitivity: 0.2
23:11:49.782 [FXGL Background Thread 3 ] DEBUG Engine               - notificationViewClass: class com.almasb.fxgl.notification.view.XboxNotificationView
23:11:49.782 [FXGL Background Thread 3 ] DEBUG Engine               - pixelsPerMeter: 50.0
23:11:49.782 [FXGL Background Thread 3 ] DEBUG Engine               - platform: WINDOWS
23:11:49.783 [FXGL Background Thread 3 ] DEBUG Engine               - prefHeightProperty: ReadOnlyDoubleProperty [value: 672.0]
23:11:49.783 [FXGL Background Thread 3 ] DEBUG Engine               - prefWidthProperty: ReadOnlyDoubleProperty [value: 800.0]
23:11:49.783 [FXGL Background Thread 3 ] DEBUG Engine               - profileDir: profiles/
23:11:49.783 [FXGL Background Thread 3 ] DEBUG Engine               - profileName: StringProperty [value: DEFAULT]
23:11:49.783 [FXGL Background Thread 3 ] DEBUG Engine               - randomSeed: -1
23:11:49.783 [FXGL Background Thread 3 ] DEBUG Engine               - runtimeInfo: RuntimeInfo(platform=WINDOWS, version=17.1, build=24.03.2022 17.34)
23:11:49.783 [FXGL Background Thread 3 ] DEBUG Engine               - saveFileExt: sav
23:11:49.784 [FXGL Background Thread 3 ] DEBUG Engine               - scaledHeightProp$fxgl: DoubleProperty [bound, value: 672.0]
23:11:49.784 [FXGL Background Thread 3 ] DEBUG Engine               - scaledWidthProp$fxgl: DoubleProperty [bound, value: 800.0]
23:11:49.784 [FXGL Background Thread 3 ] DEBUG Engine               - sceneFactory: com.almasb.fxgl.app.scene.SceneFactory@2eaa07e9
23:11:49.784 [FXGL Background Thread 3 ] DEBUG Engine               - secondsIn24h: 60
23:11:49.784 [FXGL Background Thread 3 ] DEBUG Engine               - soundMenuBack: menu/back.wav
23:11:49.784 [FXGL Background Thread 3 ] DEBUG Engine               - soundMenuPress: menu/press.wav
23:11:49.784 [FXGL Background Thread 3 ] DEBUG Engine               - soundMenuSelect: menu/select.wav
23:11:49.784 [FXGL Background Thread 3 ] DEBUG Engine               - soundNotification: core/notification.wav
23:11:49.784 [FXGL Background Thread 3 ] DEBUG Engine               - stageStyle: DECORATED
23:11:49.784 [FXGL Background Thread 3 ] DEBUG Engine               - supportedLanguages: [ENGLISH, FRENCH, GERMAN, HUNGARIAN, RUSSIAN]
23:11:49.784 [FXGL Background Thread 3 ] DEBUG Engine               - ticksPerSecond: -1
23:11:49.784 [FXGL Background Thread 3 ] DEBUG Engine               - title: Bomberman
23:11:49.784 [FXGL Background Thread 3 ] DEBUG Engine               - urlGithub: https://github.com/AlmasB/FXGL
23:11:49.784 [FXGL Background Thread 3 ] DEBUG Engine               - urlLeaderboard: http://fxgl-top.herokuapp.com/
23:11:49.784 [FXGL Background Thread 3 ] DEBUG Engine               - urlPOM: https://raw.githubusercontent.com/AlmasB/FXGL/release/README.md
23:11:49.785 [FXGL Background Thread 3 ] DEBUG Engine               - userAppClass: class mangobomb.bombermango.HelloApplication
23:11:49.785 [FXGL Background Thread 3 ] DEBUG Engine               - version: 0.0
23:11:49.785 [FXGL Background Thread 3 ] DEBUG Engine               - versionCheckDays: 7
23:11:49.785 [FXGL Background Thread 3 ] DEBUG Engine               - width: 800
23:11:49.785 [FXGL Background Thread 3 ] DEBUG Engine               - Logging services
23:11:49.785 [FXGL Background Thread 3 ] DEBUG Engine               - class com.almasb.fxgl.app.services.FXGLAssetLoaderService
23:11:49.785 [FXGL Background Thread 3 ] DEBUG Engine               - class com.almasb.fxgl.app.FXGLApplication$GameApplicationService
23:11:49.785 [FXGL Background Thread 3 ] DEBUG Engine               - class com.almasb.fxgl.app.services.FXGLDialogService
23:11:49.785 [FXGL Background Thread 3 ] DEBUG Engine               - class com.almasb.fxgl.app.services.IOTaskExecutorService
23:11:49.785 [FXGL Background Thread 3 ] DEBUG Engine               - class com.almasb.fxgl.io.FileSystemService
23:11:49.785 [FXGL Background Thread 3 ] DEBUG Engine               - class com.almasb.fxgl.localization.LocalizationService
23:11:49.785 [FXGL Background Thread 3 ] DEBUG Engine               - class com.almasb.fxgl.app.services.SystemBundleService
23:11:49.785 [FXGL Background Thread 3 ] DEBUG Engine               - class com.almasb.fxgl.profile.SaveLoadService
23:11:49.785 [FXGL Background Thread 3 ] DEBUG Engine               - class com.almasb.fxgl.ui.FXGLUIFactoryServiceProvider
23:11:49.785 [FXGL Background Thread 3 ] DEBUG Engine               - class com.almasb.fxgl.ui.FXGLDialogFactoryServiceProvider
23:11:49.786 [FXGL Background Thread 3 ] DEBUG Engine               - class com.almasb.fxgl.audio.AudioPlayer
23:11:49.786 [FXGL Background Thread 3 ] DEBUG Engine               - class com.almasb.fxgl.notification.impl.NotificationServiceProvider
23:11:49.786 [FXGL Background Thread 3 ] DEBUG Engine               - class com.almasb.fxgl.achievement.AchievementService
23:11:49.786 [FXGL Background Thread 3 ] DEBUG Engine               - class com.almasb.fxgl.cutscene.CutsceneService
23:11:49.786 [FXGL Background Thread 3 ] DEBUG Engine               - class com.almasb.fxgl.minigames.MiniGameService
23:11:49.786 [FXGL Background Thread 3 ] DEBUG Engine               - class com.almasb.fxgl.net.NetService
23:11:49.786 [FXGL Background Thread 3 ] DEBUG Engine               - class com.almasb.fxgl.app.services.UpdaterService
23:11:49.786 [FXGL Background Thread 3 ] DEBUG Engine               - class com.almasb.fxgl.dev.DevService
23:11:50.028 [FXGL Background Thread 2 ] DEBUG FXGLAssetLoaderServi - Loading from file system: file:/D:/bombermango/target/classes/assets/textures/sprites/player_right.png
23:11:50.033 [FXGL Background Thread 2 ] DEBUG FXGLAssetLoaderServi - Loading from file system: file:/D:/bombermango/target/classes/assets/textures/sprites/player_right_1.png
23:11:50.035 [FXGL Background Thread 2 ] WARN  FXGLAssetLoaderServi - Asset "/assets/textures/sprites/player_right_2.png" was not found!
23:11:50.035 [FXGL Background Thread 2 ] WARN  FXGLAssetLoaderServi - Failed to load RESIZABLE_IMAGE
23:11:50.074 [FXGL Background Thread 2 ] DEBUG FXGLAssetLoaderServi - Loading from file system: file:/D:/bombermango/target/classes/assets/textures/sprites/player_down.png
23:11:50.078 [FXGL Background Thread 2 ] DEBUG FXGLAssetLoaderServi - Loading from file system: file:/D:/bombermango/target/classes/assets/textures/sprites/player_down_1.png
23:11:50.080 [FXGL Background Thread 2 ] DEBUG FXGLAssetLoaderServi - Loading from file system: file:/D:/bombermango/target/classes/assets/textures/sprites/player_down_2.png
23:11:50.083 [FXGL Background Thread 2 ] DEBUG FXGLAssetLoaderServi - Loading from file system: file:/D:/bombermango/target/classes/assets/textures/sprites/player_left.png
23:11:50.085 [FXGL Background Thread 2 ] DEBUG FXGLAssetLoaderServi - Loading from file system: file:/D:/bombermango/target/classes/assets/textures/sprites/player_left_1.png
23:11:50.089 [FXGL Background Thread 2 ] DEBUG FXGLAssetLoaderServi - Loading from file system: file:/D:/bombermango/target/classes/assets/textures/sprites/player_left_2.png
23:11:50.096 [FXGL Background Thread 2 ] DEBUG FXGLAssetLoaderServi - Loading from file system: file:/D:/bombermango/target/classes/assets/textures/sprites/portal.png
23:11:50.104 [FXGL Background Thread 2 ] DEBUG FXGLAssetLoaderServi - Loading from file system: file:/D:/bombermango/target/classes/assets/textures/sprites/powerup_bombs.png
23:11:50.114 [FXGL Background Thread 2 ] DEBUG FXGLAssetLoaderServi - Loading from file system: file:/D:/bombermango/target/classes/assets/textures/sprites/powerup_flames.png
23:11:50.121 [FXGL Background Thread 2 ] INFO  FXGLApplication      - Game initialization took: 1.106 sec
23:11:50.128 [JavaFX Application Thread] DEBUG Input                - Clearing active input actions
23:11:50.171 [JavaFX Application Thread] DEBUG GameApplicationServi - Removing overlay from FXGLLoadingScene and adding to GameScene
23:11:50.171 [JavaFX Application Thread] DEBUG PrimaryStageWindow   - FXGLLoadingScene -> GameScene
23:11:52.510 [JavaFX Application Thread] DEBUG FXGLAssetLoaderServi - Loading from file system: file:/D:/bombermango/target/classes/assets/textures/sprites/bomb.png
23:11:52.512 [JavaFX Application Thread] DEBUG FXGLAssetLoaderServi - Loading from file system: file:/D:/bombermango/target/classes/assets/textures/sprites/bomb_1.png
23:11:52.514 [JavaFX Application Thread] DEBUG FXGLAssetLoaderServi - Loading from file system: file:/D:/bombermango/target/classes/assets/textures/sprites/bomb_2.png
23:11:54.482 [JavaFX Application Thread] DEBUG FXGLAssetLoaderServi - Loading from file system: file:/D:/bombermango/target/classes/assets/textures/sprites/bomb_exploded.png
23:11:54.483 [JavaFX Application Thread] DEBUG FXGLAssetLoaderServi - Loading from file system: file:/D:/bombermango/target/classes/assets/textures/sprites/bomb_exploded1.png
23:11:54.484 [JavaFX Application Thread] DEBUG FXGLAssetLoaderServi - Loading from file system: file:/D:/bombermango/target/classes/assets/textures/sprites/bomb_exploded2.png
23:12:24.019 [JavaFX Application Thread] DEBUG FXGLAssetLoaderServi - Loading from file system: file:/D:/bombermango/target/classes/assets/textures/sprites/doll_dead.png
23:12:41.155 [JavaFX Application Thread] DEBUG FXGLAssetLoaderServi - Loading from file system: file:/D:/bombermango/target/classes/assets/textures/sprites/balloom_dead.png
23:12:49.555 [JavaFX Application Thread] DEBUG FXGLAssetLoaderServi - Loading from file system: file:/D:/bombermango/target/classes/assets/textures/sprites/oneal_dead.png
23:12:54.135 [JavaFX Application Thread] DEBUG PrimaryStageWindow   - Push state: DialogSubScene
23:12:54.135 [JavaFX Application Thread] DEBUG Input                - Clearing active input actions
23:12:54.136 [JavaFX Application Thread] DEBUG GameApplicationServi - Removing overlay from GameScene and adding to DialogSubScene
23:12:54.137 [JavaFX Application Thread] DEBUG PrimaryStageWindow   - GameScene -> DialogSubScene
23:12:55.981 [JavaFX Application Thread] DEBUG PrimaryStageWindow   - Pop state: DialogSubScene
23:12:55.981 [JavaFX Application Thread] DEBUG Input                - Clearing active input actions
23:12:55.981 [JavaFX Application Thread] DEBUG GameApplicationServi - Removing overlay from DialogSubScene and adding to GameScene
23:12:55.981 [JavaFX Application Thread] DEBUG PrimaryStageWindow   - GameScene <- DialogSubScene
23:12:55.982 [JavaFX Application Thread] DEBUG Input                - Clearing active input actions
23:12:55.988 [JavaFX Application Thread] DEBUG GameApplicationServi - Removing overlay from GameScene and adding to FXGLMainMenuDummyScene
23:12:55.989 [JavaFX Application Thread] DEBUG PrimaryStageWindow   - GameScene -> FXGLMainMenuDummyScene
23:12:55.989 [JavaFX Application Thread] DEBUG PrimaryStageWindow   - Push state: FXGLDefaultMenu
23:12:55.989 [JavaFX Application Thread] DEBUG Input                - Clearing active input actions
23:12:55.992 [JavaFX Application Thread] DEBUG GameApplicationServi - Removing overlay from FXGLMainMenuDummyScene and adding to FXGLDefaultMenu
23:12:55.992 [JavaFX Application Thread] DEBUG PrimaryStageWindow   - FXGLMainMenuDummyScene -> FXGLDefaultMenu
23:12:56.863 [JavaFX Application Thread] DEBUG Menu                 - fireNewGame()
23:12:56.863 [JavaFX Application Thread] DEBUG GameApplicationServi - Starting new game
23:12:56.863 [JavaFX Application Thread] DEBUG PrimaryStageWindow   - Pop state: FXGLDefaultMenu
23:12:56.863 [JavaFX Application Thread] DEBUG Input                - Clearing active input actions
23:12:56.865 [JavaFX Application Thread] DEBUG GameApplicationServi - Removing overlay from FXGLDefaultMenu and adding to FXGLMainMenuDummyScene
23:12:56.865 [JavaFX Application Thread] DEBUG PrimaryStageWindow   - FXGLMainMenuDummyScene <- FXGLDefaultMenu
23:12:56.865 [JavaFX Application Thread] DEBUG Input                - Clearing active input actions
23:12:56.871 [JavaFX Application Thread] DEBUG GameApplicationServi - Removing overlay from FXGLMainMenuDummyScene and adding to FXGLLoadingScene
23:12:56.871 [JavaFX Application Thread] DEBUG PrimaryStageWindow   - FXGLMainMenuDummyScene -> FXGLLoadingScene
23:12:56.871 [JavaFX Application Thread] DEBUG GameApplicationServi - Clearing previous game
23:12:56.871 [JavaFX Application Thread] DEBUG GameScene            - Clearing game scene
23:12:56.871 [JavaFX Application Thread] DEBUG GameWorld            - Clearing game world
23:12:56.886 [JavaFX Application Thread] DEBUG PhysicsWorld         - Clearing physics world
23:12:56.888 [FXGL Background Thread 5 ] DEBUG FXGLApplication      - Initializing game
23:12:56.986 [FXGL Background Thread 5 ] DEBUG GameWorld            - Clearing removable entities
23:12:56.986 [FXGL Background Thread 5 ] DEBUG GameWorld            - Setting level: com.almasb.fxgl.entity.level.Level@11bafd65
23:12:57.002 [FXGL Background Thread 5 ] WARN  FXGLAssetLoaderServi - Asset "/assets/textures/sprites/player_right_2.png" was not found!
23:12:57.002 [FXGL Background Thread 5 ] WARN  FXGLAssetLoaderServi - Failed to load RESIZABLE_IMAGE
23:12:57.007 [FXGL Background Thread 5 ] INFO  FXGLApplication      - Game initialization took: 0.120 sec
23:12:57.008 [JavaFX Application Thread] DEBUG Input                - Clearing active input actions
23:12:57.016 [JavaFX Application Thread] DEBUG GameApplicationServi - Removing overlay from FXGLLoadingScene and adding to GameScene
23:12:57.016 [JavaFX Application Thread] DEBUG PrimaryStageWindow   - FXGLLoadingScene -> GameScene
23:13:11.684 [JavaFX Application Thread] DEBUG PrimaryStageWindow   - Push state: DialogSubScene
23:13:11.685 [JavaFX Application Thread] DEBUG Input                - Clearing active input actions
23:13:11.685 [JavaFX Application Thread] DEBUG GameApplicationServi - Removing overlay from GameScene and adding to DialogSubScene
23:13:11.685 [JavaFX Application Thread] DEBUG PrimaryStageWindow   - GameScene -> DialogSubScene
23:13:13.429 [JavaFX Application Thread] DEBUG PrimaryStageWindow   - Pop state: DialogSubScene
23:13:13.429 [JavaFX Application Thread] DEBUG Input                - Clearing active input actions
23:13:13.429 [JavaFX Application Thread] DEBUG GameApplicationServi - Removing overlay from DialogSubScene and adding to GameScene
23:13:13.429 [JavaFX Application Thread] DEBUG PrimaryStageWindow   - GameScene <- DialogSubScene
23:13:13.429 [JavaFX Application Thread] DEBUG Input                - Clearing active input actions
23:13:13.434 [JavaFX Application Thread] DEBUG GameApplicationServi - Removing overlay from GameScene and adding to FXGLMainMenuDummyScene
23:13:13.434 [JavaFX Application Thread] DEBUG PrimaryStageWindow   - GameScene -> FXGLMainMenuDummyScene
23:13:13.434 [JavaFX Application Thread] DEBUG PrimaryStageWindow   - Push state: FXGLDefaultMenu
23:13:13.434 [JavaFX Application Thread] DEBUG Input                - Clearing active input actions
23:13:13.436 [JavaFX Application Thread] DEBUG GameApplicationServi - Removing overlay from FXGLMainMenuDummyScene and adding to FXGLDefaultMenu
23:13:13.436 [JavaFX Application Thread] DEBUG PrimaryStageWindow   - FXGLMainMenuDummyScene -> FXGLDefaultMenu
23:13:14.111 [JavaFX Application Thread] DEBUG Menu                 - fireNewGame()
23:13:14.112 [JavaFX Application Thread] DEBUG GameApplicationServi - Starting new game
23:13:14.112 [JavaFX Application Thread] DEBUG PrimaryStageWindow   - Pop state: FXGLDefaultMenu
23:13:14.112 [JavaFX Application Thread] DEBUG Input                - Clearing active input actions
23:13:14.112 [JavaFX Application Thread] DEBUG GameApplicationServi - Removing overlay from FXGLDefaultMenu and adding to FXGLMainMenuDummyScene
23:13:14.112 [JavaFX Application Thread] DEBUG PrimaryStageWindow   - FXGLMainMenuDummyScene <- FXGLDefaultMenu
23:13:14.113 [JavaFX Application Thread] DEBUG Input                - Clearing active input actions
23:13:14.120 [JavaFX Application Thread] DEBUG GameApplicationServi - Removing overlay from FXGLMainMenuDummyScene and adding to FXGLLoadingScene
23:13:14.120 [JavaFX Application Thread] DEBUG PrimaryStageWindow   - FXGLMainMenuDummyScene -> FXGLLoadingScene
23:13:14.120 [JavaFX Application Thread] DEBUG GameApplicationServi - Clearing previous game
23:13:14.120 [JavaFX Application Thread] DEBUG GameScene            - Clearing game scene
23:13:14.120 [JavaFX Application Thread] DEBUG GameWorld            - Clearing game world
23:13:14.129 [JavaFX Application Thread] DEBUG PhysicsWorld         - Clearing physics world
23:13:14.132 [FXGL Background Thread 5 ] DEBUG FXGLApplication      - Initializing game
23:13:14.192 [FXGL Background Thread 5 ] DEBUG GameWorld            - Clearing removable entities
23:13:14.192 [FXGL Background Thread 5 ] DEBUG GameWorld            - Setting level: com.almasb.fxgl.entity.level.Level@3b4e0d84
23:13:14.203 [FXGL Background Thread 5 ] WARN  FXGLAssetLoaderServi - Asset "/assets/textures/sprites/player_right_2.png" was not found!
23:13:14.203 [FXGL Background Thread 5 ] WARN  FXGLAssetLoaderServi - Failed to load RESIZABLE_IMAGE
23:13:14.208 [FXGL Background Thread 5 ] INFO  FXGLApplication      - Game initialization took: 0.076 sec
23:13:14.209 [JavaFX Application Thread] DEBUG Input                - Clearing active input actions
23:13:14.215 [JavaFX Application Thread] DEBUG GameApplicationServi - Removing overlay from FXGLLoadingScene and adding to GameScene
23:13:14.215 [JavaFX Application Thread] DEBUG PrimaryStageWindow   - FXGLLoadingScene -> GameScene
23:13:40.324 [JavaFX Application Thread] DEBUG PrimaryStageWindow   - Push state: DialogSubScene
23:13:40.324 [JavaFX Application Thread] DEBUG Input                - Clearing active input actions
23:13:40.325 [JavaFX Application Thread] DEBUG GameApplicationServi - Removing overlay from GameScene and adding to DialogSubScene
23:13:40.325 [JavaFX Application Thread] DEBUG PrimaryStageWindow   - GameScene -> DialogSubScene
23:13:41.790 [JavaFX Application Thread] DEBUG PrimaryStageWindow   - Pop state: DialogSubScene
23:13:41.790 [JavaFX Application Thread] DEBUG Input                - Clearing active input actions
23:13:41.791 [JavaFX Application Thread] DEBUG GameApplicationServi - Removing overlay from DialogSubScene and adding to GameScene
23:13:41.791 [JavaFX Application Thread] DEBUG PrimaryStageWindow   - GameScene <- DialogSubScene
23:13:41.791 [JavaFX Application Thread] DEBUG Input                - Clearing active input actions
23:13:41.795 [JavaFX Application Thread] DEBUG GameApplicationServi - Removing overlay from GameScene and adding to FXGLMainMenuDummyScene
23:13:41.795 [JavaFX Application Thread] DEBUG PrimaryStageWindow   - GameScene -> FXGLMainMenuDummyScene
23:13:41.795 [JavaFX Application Thread] DEBUG PrimaryStageWindow   - Push state: FXGLDefaultMenu
23:13:41.795 [JavaFX Application Thread] DEBUG Input                - Clearing active input actions
23:13:41.796 [JavaFX Application Thread] DEBUG GameApplicationServi - Removing overlay from FXGLMainMenuDummyScene and adding to FXGLDefaultMenu
23:13:41.796 [JavaFX Application Thread] DEBUG PrimaryStageWindow   - FXGLMainMenuDummyScene -> FXGLDefaultMenu
23:13:42.442 [JavaFX Application Thread] DEBUG Menu                 - fireNewGame()
23:13:42.442 [JavaFX Application Thread] DEBUG GameApplicationServi - Starting new game
23:13:42.443 [JavaFX Application Thread] DEBUG PrimaryStageWindow   - Pop state: FXGLDefaultMenu
23:13:42.443 [JavaFX Application Thread] DEBUG Input                - Clearing active input actions
23:13:42.444 [JavaFX Application Thread] DEBUG GameApplicationServi - Removing overlay from FXGLDefaultMenu and adding to FXGLMainMenuDummyScene
23:13:42.444 [JavaFX Application Thread] DEBUG PrimaryStageWindow   - FXGLMainMenuDummyScene <- FXGLDefaultMenu
23:13:42.445 [JavaFX Application Thread] DEBUG Input                - Clearing active input actions
23:13:42.449 [JavaFX Application Thread] DEBUG GameApplicationServi - Removing overlay from FXGLMainMenuDummyScene and adding to FXGLLoadingScene
23:13:42.449 [JavaFX Application Thread] DEBUG PrimaryStageWindow   - FXGLMainMenuDummyScene -> FXGLLoadingScene
23:13:42.449 [JavaFX Application Thread] DEBUG GameApplicationServi - Clearing previous game
23:13:42.449 [JavaFX Application Thread] DEBUG GameScene            - Clearing game scene
23:13:42.449 [JavaFX Application Thread] DEBUG GameWorld            - Clearing game world
23:13:42.453 [JavaFX Application Thread] DEBUG PhysicsWorld         - Clearing physics world
23:13:42.454 [FXGL Background Thread 5 ] DEBUG FXGLApplication      - Initializing game
23:13:42.497 [FXGL Background Thread 5 ] DEBUG GameWorld            - Clearing removable entities
23:13:42.497 [FXGL Background Thread 5 ] DEBUG GameWorld            - Setting level: com.almasb.fxgl.entity.level.Level@74c3cbc2
23:13:42.515 [FXGL Background Thread 5 ] WARN  FXGLAssetLoaderServi - Asset "/assets/textures/sprites/player_right_2.png" was not found!
23:13:42.515 [FXGL Background Thread 5 ] WARN  FXGLAssetLoaderServi - Failed to load RESIZABLE_IMAGE
23:13:42.518 [FXGL Background Thread 5 ] INFO  FXGLApplication      - Game initialization took: 0.064 sec
23:13:42.525 [JavaFX Application Thread] DEBUG Input                - Clearing active input actions
23:13:42.530 [JavaFX Application Thread] DEBUG GameApplicationServi - Removing overlay from FXGLLoadingScene and adding to GameScene
23:13:42.530 [JavaFX Application Thread] DEBUG PrimaryStageWindow   - FXGLLoadingScene -> GameScene
23:13:46.466 [JavaFX Application Thread] DEBUG AudioPlayer          - Playing music com.almasb.fxgl.audio.Music@623f476c
23:13:46.560 [JavaFX Application Thread] DEBUG AudioPlayer          - Stopping music com.almasb.fxgl.audio.Music@623f476c
23:13:46.565 [JavaFX Application Thread] DEBUG AudioPlayer          - Playing music com.almasb.fxgl.audio.Music@623f476c
23:13:46.578 [JavaFX Application Thread] DEBUG AudioPlayer          - Stopping music com.almasb.fxgl.audio.Music@623f476c
23:13:51.714 [JavaFX Application Thread] DEBUG AudioPlayer          - Playing music com.almasb.fxgl.audio.Music@623f476c
23:13:51.730 [JavaFX Application Thread] DEBUG AudioPlayer          - Stopping music com.almasb.fxgl.audio.Music@623f476c
23:13:51.746 [JavaFX Application Thread] DEBUG AudioPlayer          - Playing music com.almasb.fxgl.audio.Music@623f476c
23:13:51.763 [JavaFX Application Thread] DEBUG AudioPlayer          - Stopping music com.almasb.fxgl.audio.Music@623f476c
23:13:51.778 [JavaFX Application Thread] DEBUG AudioPlayer          - Playing music com.almasb.fxgl.audio.Music@623f476c
23:13:51.794 [JavaFX Application Thread] DEBUG AudioPlayer          - Stopping music com.almasb.fxgl.audio.Music@623f476c
23:13:51.810 [JavaFX Application Thread] DEBUG AudioPlayer          - Playing music com.almasb.fxgl.audio.Music@623f476c
23:13:51.826 [JavaFX Application Thread] DEBUG AudioPlayer          - Stopping music com.almasb.fxgl.audio.Music@623f476c
23:13:52.019 [JavaFX Application Thread] DEBUG AudioPlayer          - Playing music com.almasb.fxgl.audio.Music@623f476c
23:13:52.034 [JavaFX Application Thread] DEBUG AudioPlayer          - Stopping music com.almasb.fxgl.audio.Music@623f476c
23:13:52.050 [JavaFX Application Thread] DEBUG AudioPlayer          - Playing music com.almasb.fxgl.audio.Music@623f476c
23:13:52.067 [JavaFX Application Thread] DEBUG AudioPlayer          - Stopping music com.almasb.fxgl.audio.Music@623f476c
23:13:52.083 [JavaFX Application Thread] DEBUG AudioPlayer          - Playing music com.almasb.fxgl.audio.Music@623f476c
23:13:52.114 [JavaFX Application Thread] DEBUG AudioPlayer          - Stopping music com.almasb.fxgl.audio.Music@623f476c
23:13:52.130 [JavaFX Application Thread] DEBUG AudioPlayer          - Playing music com.almasb.fxgl.audio.Music@623f476c
23:13:52.146 [JavaFX Application Thread] DEBUG AudioPlayer          - Stopping music com.almasb.fxgl.audio.Music@623f476c
23:13:52.627 [JavaFX Application Thread] DEBUG AudioPlayer          - Playing music com.almasb.fxgl.audio.Music@623f476c
23:13:52.642 [JavaFX Application Thread] DEBUG AudioPlayer          - Stopping music com.almasb.fxgl.audio.Music@623f476c
23:13:52.658 [JavaFX Application Thread] DEBUG AudioPlayer          - Playing music com.almasb.fxgl.audio.Music@623f476c
23:13:52.674 [JavaFX Application Thread] DEBUG AudioPlayer          - Stopping music com.almasb.fxgl.audio.Music@623f476c
23:13:52.690 [JavaFX Application Thread] DEBUG AudioPlayer          - Playing music com.almasb.fxgl.audio.Music@623f476c
23:13:52.706 [JavaFX Application Thread] DEBUG AudioPlayer          - Stopping music com.almasb.fxgl.audio.Music@623f476c
23:13:52.722 [JavaFX Application Thread] DEBUG AudioPlayer          - Playing music com.almasb.fxgl.audio.Music@623f476c
23:13:52.738 [JavaFX Application Thread] DEBUG AudioPlayer          - Stopping music com.almasb.fxgl.audio.Music@623f476c
23:13:52.754 [JavaFX Application Thread] DEBUG AudioPlayer          - Playing music com.almasb.fxgl.audio.Music@623f476c
23:15:18.716 [JavaFX Application Thread] DEBUG GameWorld            - Clearing removable entities
23:15:18.727 [JavaFX Application Thread] DEBUG GameWorld            - Setting level: com.almasb.fxgl.entity.level.Level@69d1b0e6
23:15:18.738 [JavaFX Application Thread] WARN  FXGLAssetLoaderServi - Asset "/assets/textures/sprites/player_right_2.png" was not found!
23:15:18.738 [JavaFX Application Thread] WARN  FXGLAssetLoaderServi - Failed to load RESIZABLE_IMAGE
23:16:17.395 [JavaFX Application Thread] DEBUG AudioPlayer          - Playing music com.almasb.fxgl.audio.Music@623f476c
23:16:17.410 [JavaFX Application Thread] DEBUG AudioPlayer          - Stopping music com.almasb.fxgl.audio.Music@623f476c
23:16:17.426 [JavaFX Application Thread] DEBUG AudioPlayer          - Playing music com.almasb.fxgl.audio.Music@623f476c
23:16:17.442 [JavaFX Application Thread] DEBUG AudioPlayer          - Stopping music com.almasb.fxgl.audio.Music@623f476c
23:16:19.202 [JavaFX Application Thread] DEBUG AudioPlayer          - Playing music com.almasb.fxgl.audio.Music@623f476c
23:16:19.219 [JavaFX Application Thread] DEBUG AudioPlayer          - Stopping music com.almasb.fxgl.audio.Music@623f476c
23:16:19.235 [JavaFX Application Thread] DEBUG AudioPlayer          - Playing music com.almasb.fxgl.audio.Music@623f476c
23:16:19.250 [JavaFX Application Thread] DEBUG AudioPlayer          - Stopping music com.almasb.fxgl.audio.Music@623f476c
23:16:19.267 [JavaFX Application Thread] DEBUG AudioPlayer          - Playing music com.almasb.fxgl.audio.Music@623f476c
23:16:19.282 [JavaFX Application Thread] DEBUG AudioPlayer          - Stopping music com.almasb.fxgl.audio.Music@623f476c
23:16:19.299 [JavaFX Application Thread] DEBUG AudioPlayer          - Playing music com.almasb.fxgl.audio.Music@623f476c
23:16:19.315 [JavaFX Application Thread] DEBUG AudioPlayer          - Stopping music com.almasb.fxgl.audio.Music@623f476c
23:16:19.330 [JavaFX Application Thread] DEBUG AudioPlayer          - Playing music com.almasb.fxgl.audio.Music@623f476c
23:16:19.346 [JavaFX Application Thread] DEBUG AudioPlayer          - Stopping music com.almasb.fxgl.audio.Music@623f476c
23:16:19.362 [JavaFX Application Thread] DEBUG AudioPlayer          - Playing music com.almasb.fxgl.audio.Music@623f476c
23:16:19.378 [JavaFX Application Thread] DEBUG AudioPlayer          - Stopping music com.almasb.fxgl.audio.Music@623f476c
23:16:19.394 [JavaFX Application Thread] DEBUG AudioPlayer          - Playing music com.almasb.fxgl.audio.Music@623f476c
23:17:49.235 [JavaFX Application Thread] DEBUG PrimaryStageWindow   - Push state: DialogSubScene
23:17:49.235 [JavaFX Application Thread] DEBUG Input                - Clearing active input actions
23:17:49.236 [JavaFX Application Thread] DEBUG GameApplicationServi - Removing overlay from GameScene and adding to DialogSubScene
23:17:49.236 [JavaFX Application Thread] DEBUG PrimaryStageWindow   - GameScene -> DialogSubScene
23:17:51.012 [JavaFX Application Thread] DEBUG PrimaryStageWindow   - Pop state: DialogSubScene
23:17:51.012 [JavaFX Application Thread] DEBUG Input                - Clearing active input actions
23:17:51.012 [JavaFX Application Thread] DEBUG GameApplicationServi - Removing overlay from DialogSubScene and adding to GameScene
23:17:51.012 [JavaFX Application Thread] DEBUG PrimaryStageWindow   - GameScene <- DialogSubScene
23:17:51.012 [JavaFX Application Thread] DEBUG Input                - Clearing active input actions
23:17:51.015 [JavaFX Application Thread] DEBUG GameApplicationServi - Removing overlay from GameScene and adding to FXGLMainMenuDummyScene
23:17:51.015 [JavaFX Application Thread] DEBUG PrimaryStageWindow   - GameScene -> FXGLMainMenuDummyScene
23:17:51.015 [JavaFX Application Thread] DEBUG PrimaryStageWindow   - Push state: FXGLDefaultMenu
23:17:51.015 [JavaFX Application Thread] DEBUG Input                - Clearing active input actions
23:17:51.016 [JavaFX Application Thread] DEBUG GameApplicationServi - Removing overlay from FXGLMainMenuDummyScene and adding to FXGLDefaultMenu
23:17:51.017 [JavaFX Application Thread] DEBUG PrimaryStageWindow   - FXGLMainMenuDummyScene -> FXGLDefaultMenu
23:17:53.164 [JavaFX Application Thread] DEBUG Menu                 - fireNewGame()
23:17:53.164 [JavaFX Application Thread] DEBUG GameApplicationServi - Starting new game
23:17:53.164 [JavaFX Application Thread] DEBUG PrimaryStageWindow   - Pop state: FXGLDefaultMenu
23:17:53.164 [JavaFX Application Thread] DEBUG Input                - Clearing active input actions
23:17:53.164 [JavaFX Application Thread] DEBUG GameApplicationServi - Removing overlay from FXGLDefaultMenu and adding to FXGLMainMenuDummyScene
23:17:53.164 [JavaFX Application Thread] DEBUG PrimaryStageWindow   - FXGLMainMenuDummyScene <- FXGLDefaultMenu
23:17:53.164 [JavaFX Application Thread] DEBUG Input                - Clearing active input actions
23:17:53.170 [JavaFX Application Thread] DEBUG GameApplicationServi - Removing overlay from FXGLMainMenuDummyScene and adding to FXGLLoadingScene
23:17:53.170 [JavaFX Application Thread] DEBUG PrimaryStageWindow   - FXGLMainMenuDummyScene -> FXGLLoadingScene
23:17:53.170 [JavaFX Application Thread] DEBUG GameApplicationServi - Clearing previous game
23:17:53.170 [JavaFX Application Thread] DEBUG GameScene            - Clearing game scene
23:17:53.170 [JavaFX Application Thread] DEBUG GameWorld            - Clearing game world
23:17:53.173 [JavaFX Application Thread] DEBUG PhysicsWorld         - Clearing physics world
23:17:53.174 [FXGL Background Thread 6 ] DEBUG FXGLApplication      - Initializing game
23:17:53.208 [FXGL Background Thread 6 ] DEBUG GameWorld            - Clearing removable entities
23:17:53.208 [FXGL Background Thread 6 ] DEBUG GameWorld            - Setting level: com.almasb.fxgl.entity.level.Level@2dd2b4ae
23:17:53.220 [FXGL Background Thread 6 ] WARN  FXGLAssetLoaderServi - Asset "/assets/textures/sprites/player_right_2.png" was not found!
23:17:53.220 [FXGL Background Thread 6 ] WARN  FXGLAssetLoaderServi - Failed to load RESIZABLE_IMAGE
23:17:53.222 [FXGL Background Thread 6 ] INFO  FXGLApplication      - Game initialization took: 0.048 sec
23:17:53.230 [JavaFX Application Thread] DEBUG Input                - Clearing active input actions
23:17:53.235 [JavaFX Application Thread] DEBUG GameApplicationServi - Removing overlay from FXGLLoadingScene and adding to GameScene
23:17:53.235 [JavaFX Application Thread] DEBUG PrimaryStageWindow   - FXGLLoadingScene -> GameScene
23:19:19.571 [JavaFX Application Thread] DEBUG GameWorld            - Clearing removable entities
23:19:19.574 [JavaFX Application Thread] DEBUG GameWorld            - Setting level: com.almasb.fxgl.entity.level.Level@1b773e42
23:19:19.582 [JavaFX Application Thread] WARN  FXGLAssetLoaderServi - Asset "/assets/textures/sprites/player_right_2.png" was not found!
23:19:19.582 [JavaFX Application Thread] WARN  FXGLAssetLoaderServi - Failed to load RESIZABLE_IMAGE
23:19:54.131 [JavaFX Application Thread] DEBUG PrimaryStageWindow   - Push state: DialogSubScene
23:19:54.132 [JavaFX Application Thread] DEBUG Input                - Clearing active input actions
23:19:54.132 [JavaFX Application Thread] DEBUG GameApplicationServi - Removing overlay from GameScene and adding to DialogSubScene
23:19:54.132 [JavaFX Application Thread] DEBUG PrimaryStageWindow   - GameScene -> DialogSubScene
23:19:55.926 [JavaFX Application Thread] DEBUG PrimaryStageWindow   - Pop state: DialogSubScene
23:19:55.926 [JavaFX Application Thread] DEBUG Input                - Clearing active input actions
23:19:55.927 [JavaFX Application Thread] DEBUG GameApplicationServi - Removing overlay from DialogSubScene and adding to GameScene
23:19:55.927 [JavaFX Application Thread] DEBUG PrimaryStageWindow   - GameScene <- DialogSubScene
23:19:55.927 [JavaFX Application Thread] DEBUG Input                - Clearing active input actions
23:19:55.930 [JavaFX Application Thread] DEBUG GameApplicationServi - Removing overlay from GameScene and adding to FXGLMainMenuDummyScene
23:19:55.930 [JavaFX Application Thread] DEBUG PrimaryStageWindow   - GameScene -> FXGLMainMenuDummyScene
23:19:55.930 [JavaFX Application Thread] DEBUG PrimaryStageWindow   - Push state: FXGLDefaultMenu
23:19:55.930 [JavaFX Application Thread] DEBUG Input                - Clearing active input actions
23:19:55.931 [JavaFX Application Thread] DEBUG GameApplicationServi - Removing overlay from FXGLMainMenuDummyScene and adding to FXGLDefaultMenu
23:19:55.931 [JavaFX Application Thread] DEBUG PrimaryStageWindow   - FXGLMainMenuDummyScene -> FXGLDefaultMenu
23:19:56.763 [JavaFX Application Thread] DEBUG Menu                 - fireNewGame()
23:19:56.764 [JavaFX Application Thread] DEBUG GameApplicationServi - Starting new game
23:19:56.764 [JavaFX Application Thread] DEBUG PrimaryStageWindow   - Pop state: FXGLDefaultMenu
23:19:56.764 [JavaFX Application Thread] DEBUG Input                - Clearing active input actions
23:19:56.764 [JavaFX Application Thread] DEBUG GameApplicationServi - Removing overlay from FXGLDefaultMenu and adding to FXGLMainMenuDummyScene
23:19:56.764 [JavaFX Application Thread] DEBUG PrimaryStageWindow   - FXGLMainMenuDummyScene <- FXGLDefaultMenu
23:19:56.764 [JavaFX Application Thread] DEBUG Input                - Clearing active input actions
23:19:56.768 [JavaFX Application Thread] DEBUG GameApplicationServi - Removing overlay from FXGLMainMenuDummyScene and adding to FXGLLoadingScene
23:19:56.768 [JavaFX Application Thread] DEBUG PrimaryStageWindow   - FXGLMainMenuDummyScene -> FXGLLoadingScene
23:19:56.768 [JavaFX Application Thread] DEBUG GameApplicationServi - Clearing previous game
23:19:56.768 [JavaFX Application Thread] DEBUG GameScene            - Clearing game scene
23:19:56.768 [JavaFX Application Thread] DEBUG GameWorld            - Clearing game world
23:19:56.771 [JavaFX Application Thread] DEBUG PhysicsWorld         - Clearing physics world
23:19:56.772 [FXGL Background Thread 7 ] DEBUG FXGLApplication      - Initializing game
23:19:56.799 [FXGL Background Thread 7 ] DEBUG GameWorld            - Clearing removable entities
23:19:56.799 [FXGL Background Thread 7 ] DEBUG GameWorld            - Setting level: com.almasb.fxgl.entity.level.Level@29ebeb56
23:19:56.807 [FXGL Background Thread 7 ] WARN  FXGLAssetLoaderServi - Asset "/assets/textures/sprites/player_right_2.png" was not found!
23:19:56.807 [FXGL Background Thread 7 ] WARN  FXGLAssetLoaderServi - Failed to load RESIZABLE_IMAGE
23:19:56.811 [FXGL Background Thread 7 ] INFO  FXGLApplication      - Game initialization took: 0.040 sec
23:19:56.813 [JavaFX Application Thread] DEBUG Input                - Clearing active input actions
23:19:56.817 [JavaFX Application Thread] DEBUG GameApplicationServi - Removing overlay from FXGLLoadingScene and adding to GameScene
23:19:56.817 [JavaFX Application Thread] DEBUG PrimaryStageWindow   - FXGLLoadingScene -> GameScene
23:20:56.699 [JavaFX Application Thread] DEBUG GameWorld            - Clearing removable entities
23:20:56.701 [JavaFX Application Thread] DEBUG GameWorld            - Setting level: com.almasb.fxgl.entity.level.Level@6c2fdaf5
23:20:56.707 [JavaFX Application Thread] WARN  FXGLAssetLoaderServi - Asset "/assets/textures/sprites/player_right_2.png" was not found!
23:20:56.708 [JavaFX Application Thread] WARN  FXGLAssetLoaderServi - Failed to load RESIZABLE_IMAGE
23:22:28.260 [JavaFX Application Thread] DEBUG PrimaryStageWindow   - Push state: DialogSubScene
23:22:28.260 [JavaFX Application Thread] DEBUG Input                - Clearing active input actions
23:22:28.261 [JavaFX Application Thread] DEBUG GameApplicationServi - Removing overlay from GameScene and adding to DialogSubScene
23:22:28.261 [JavaFX Application Thread] DEBUG PrimaryStageWindow   - GameScene -> DialogSubScene
23:22:29.888 [JavaFX Application Thread] DEBUG PrimaryStageWindow   - Pop state: DialogSubScene
23:22:29.888 [JavaFX Application Thread] DEBUG Input                - Clearing active input actions
23:22:29.888 [JavaFX Application Thread] DEBUG GameApplicationServi - Removing overlay from DialogSubScene and adding to GameScene
23:22:29.888 [JavaFX Application Thread] DEBUG PrimaryStageWindow   - GameScene <- DialogSubScene
23:22:29.888 [JavaFX Application Thread] DEBUG Input                - Clearing active input actions
23:22:29.891 [JavaFX Application Thread] DEBUG GameApplicationServi - Removing overlay from GameScene and adding to FXGLMainMenuDummyScene
23:22:29.891 [JavaFX Application Thread] DEBUG PrimaryStageWindow   - GameScene -> FXGLMainMenuDummyScene
23:22:29.891 [JavaFX Application Thread] DEBUG PrimaryStageWindow   - Push state: FXGLDefaultMenu
23:22:29.891 [JavaFX Application Thread] DEBUG Input                - Clearing active input actions
23:22:29.892 [JavaFX Application Thread] DEBUG GameApplicationServi - Removing overlay from FXGLMainMenuDummyScene and adding to FXGLDefaultMenu
23:22:29.892 [JavaFX Application Thread] DEBUG PrimaryStageWindow   - FXGLMainMenuDummyScene -> FXGLDefaultMenu
23:22:30.587 [JavaFX Application Thread] DEBUG Menu                 - fireNewGame()
23:22:30.587 [JavaFX Application Thread] DEBUG GameApplicationServi - Starting new game
23:22:30.587 [JavaFX Application Thread] DEBUG PrimaryStageWindow   - Pop state: FXGLDefaultMenu
23:22:30.587 [JavaFX Application Thread] DEBUG Input                - Clearing active input actions
23:22:30.587 [JavaFX Application Thread] DEBUG GameApplicationServi - Removing overlay from FXGLDefaultMenu and adding to FXGLMainMenuDummyScene
23:22:30.587 [JavaFX Application Thread] DEBUG PrimaryStageWindow   - FXGLMainMenuDummyScene <- FXGLDefaultMenu
23:22:30.587 [JavaFX Application Thread] DEBUG Input                - Clearing active input actions
23:22:30.589 [JavaFX Application Thread] DEBUG GameApplicationServi - Removing overlay from FXGLMainMenuDummyScene and adding to FXGLLoadingScene
23:22:30.589 [JavaFX Application Thread] DEBUG PrimaryStageWindow   - FXGLMainMenuDummyScene -> FXGLLoadingScene
23:22:30.589 [JavaFX Application Thread] DEBUG GameApplicationServi - Clearing previous game
23:22:30.589 [JavaFX Application Thread] DEBUG GameScene            - Clearing game scene
23:22:30.589 [JavaFX Application Thread] DEBUG GameWorld            - Clearing game world
23:22:30.591 [JavaFX Application Thread] DEBUG PhysicsWorld         - Clearing physics world
23:22:30.592 [FXGL Background Thread 8 ] DEBUG FXGLApplication      - Initializing game
23:22:30.614 [FXGL Background Thread 8 ] DEBUG GameWorld            - Clearing removable entities
23:22:30.614 [FXGL Background Thread 8 ] DEBUG GameWorld            - Setting level: com.almasb.fxgl.entity.level.Level@43912f8f
23:22:30.623 [FXGL Background Thread 8 ] WARN  FXGLAssetLoaderServi - Asset "/assets/textures/sprites/player_right_2.png" was not found!
23:22:30.623 [FXGL Background Thread 8 ] WARN  FXGLAssetLoaderServi - Failed to load RESIZABLE_IMAGE
23:22:30.626 [FXGL Background Thread 8 ] INFO  FXGLApplication      - Game initialization took: 0.034 sec
23:22:30.631 [JavaFX Application Thread] DEBUG Input                - Clearing active input actions
23:22:30.636 [JavaFX Application Thread] DEBUG GameApplicationServi - Removing overlay from FXGLLoadingScene and adding to GameScene
23:22:30.636 [JavaFX Application Thread] DEBUG PrimaryStageWindow   - FXGLLoadingScene -> GameScene
23:22:33.639 [JavaFX Application Thread] DEBUG FXGLApplication      - Exiting FXGL
23:22:33.639 [JavaFX Application Thread] DEBUG LoopRunner           - Stopping loop
23:22:33.639 [JavaFX Application Thread] DEBUG SystemBundleService  - Saving FXGL system data
23:22:33.640 [JavaFX Application Thread] DEBUG FileSystemAccess     - Writing to: D:\bombermango\system\fxgl.bundle
23:22:33.643 [JavaFX Application Thread] DEBUG Async                - Shutting down background threads
23:22:33.643 [JavaFX Application Thread] DEBUG PrimaryStageWindow   - Closing main window
23:22:33.661 [JavaFX Application Thread] DEBUG Logger               - Closing Logger
