20:07:41.153 [main                     ] DEBUG Logger               - Configured Logger
20:07:41.212 [main                     ] DEBUG GameApplication      - Logging settings
Title: Bomberman
Version: 0.0
Width: 800
Height: 600
Fullscreen: false
Intro: false
Profiling: false
Single step:false
App Mode: DEVELOPER
Menu Key: ESCAPE
Stage Style: DECORATED
Scene Factory: class com.almasb.fxgl.app.scene.SceneFactory

20:07:41.867 [JavaFX Application Thread] DEBUG FXGLApplication      - Initializing FXGL
20:07:41.877 [JavaFX Application Thread] INFO  Engine               - FXGL-17.1 (24.03.2022 17.34) on WINDOWS (J:18.0.2.1 FX:18.0.1)
20:07:41.877 [JavaFX Application Thread] DEBUG Engine               - JRE Vendor Name: Oracle Corporation
20:07:41.878 [JavaFX Application Thread] DEBUG Engine               - Running on OS: Windows 10 version 10.0
20:07:41.878 [JavaFX Application Thread] DEBUG Engine               - Architecture: amd64
20:07:41.878 [JavaFX Application Thread] INFO  Engine               - Source code and latest versions at: https://github.com/AlmasB/FXGL
20:07:41.879 [JavaFX Application Thread] INFO  Engine               -       Ask questions and discuss at: https://github.com/AlmasB/FXGL/discussions
20:07:41.879 [JavaFX Application Thread] INFO  Engine               -              Join the FXGL chat at: https://gitter.im/AlmasB/FXGL
20:07:42.078 [JavaFX Application Thread] DEBUG PrimaryStageWindow   - Creating a JavaFX scene
20:07:42.168 [JavaFX Application Thread] DEBUG PrimaryStageWindow   - Target settings size: 800.0 x 600.0
20:07:42.169 [JavaFX Application Thread] DEBUG PrimaryStageWindow   - Scaled scene size:    800.0 x 600.0
20:07:42.169 [JavaFX Application Thread] DEBUG PrimaryStageWindow   - Scaled ratio: (1.0, 1.0)
20:07:42.171 [JavaFX Application Thread] DEBUG PrimaryStageWindow   - Set initial scene to FXGLStartupScene
20:07:42.184 [JavaFX Application Thread] DEBUG PrimaryStageWindow   - Opening main window
20:07:42.320 [JavaFX Application Thread] DEBUG PrimaryStageWindow   - Window border size: (14.66668701171875, 37.33331298828125)
20:07:42.321 [JavaFX Application Thread] DEBUG PrimaryStageWindow   - Scaled size: 800.0 x 600.0
20:07:42.321 [JavaFX Application Thread] DEBUG PrimaryStageWindow   - Scaled ratio: (1.0, 1.0)
20:07:42.322 [JavaFX Application Thread] DEBUG PrimaryStageWindow   - Scene size: 800.0 x 600.0
20:07:42.322 [JavaFX Application Thread] DEBUG PrimaryStageWindow   - Stage size: 814.6666870117188 x 637.3333129882812
20:07:42.373 [FXGL Background Thread 1 ] DEBUG Engine               - Initializing environment variables
20:07:42.467 [FXGL Background Thread 1 ] DEBUG FXGLAssetLoaderServi - User app class for loading assets: class mangobomb.bombermango.HelloApplication
20:07:42.468 [FXGL Background Thread 1 ] DEBUG GameApplicationServi - Applying CSS: fxgl_dark.css
20:07:42.471 [FXGL Background Thread 1 ] DEBUG FXGLAssetLoaderServi - Loading from file system: jar:file:/C:/Users/Admin/.m2/repository/com/github/almasb/fxgl/17.1/fxgl-17.1.jar!/fxglassets/ui/css/fxgl_dark.css
20:07:42.560 [FXGL Background Thread 1 ] DEBUG GameApplicationServi - Initializing application scenes
20:07:42.712 [FXGL Background Thread 1 ] DEBUG GameWorld            - Game world initialized
20:07:42.811 [FXGL Background Thread 1 ] DEBUG PhysicsWorld         - Physics world initialized: appHeight=600, physics.ppm=50.0
20:07:42.811 [FXGL Background Thread 1 ] DEBUG PhysicsWorld         - Using strategy: BRUTE_FORCE
20:07:42.819 [FXGL Background Thread 1 ] DEBUG GameScene            - Game scene initialized: 800x600
20:07:42.841 [FXGL Background Thread 1 ] DEBUG FXGL.DefaultMenu     - createMenuBodyMainMenu()
20:07:42.872 [FXGL Background Thread 1 ] DEBUG FXGL.DefaultMenu     - createOptionsMenu()
20:07:42.905 [FXGL Background Thread 1 ] DEBUG FXGLAssetLoaderServi - Loading from file system: jar:file:/C:/Users/Admin/.m2/repository/com/github/almasb/fxgl/17.1/fxgl-17.1.jar!/fxglassets/textures/particles/smoke.png
20:07:43.091 [FXGL Background Thread 1 ] DEBUG FXGLAssetLoaderServi - Loading from file system: jar:file:/C:/Users/Admin/.m2/repository/com/github/almasb/fxgl/17.1/fxgl-17.1.jar!/fxglassets/textures/particles/trace_horizontal.png
20:07:43.158 [FXGL Background Thread 1 ] DEBUG FXGL.DefaultMenu     - createMenuBodyGameMenu()
20:07:43.160 [FXGL Background Thread 1 ] DEBUG FXGL.DefaultMenu     - createOptionsMenu()
20:07:43.186 [FXGL Background Thread 1 ] DEBUG GameApplicationServi - Application scenes initialized
20:07:43.210 [FXGL Background Thread 1 ] DEBUG SystemBundleService  - Loading FXGL system data
20:07:43.219 [FXGL Background Thread 1 ] DEBUG FileSystemAccess     - Reading from: D:\bombermango\system\fxgl.bundle
20:07:43.235 [FXGL Background Thread 1 ] DEBUG SystemBundleService  - Bundle FXGL: {}
20:07:43.235 [FXGL Background Thread 1 ] DEBUG UpdaterService       - Checking for updates
20:07:43.243 [FXGL Background Thread 1 ] DEBUG FXGLApplication      - Loading default localization
20:07:43.244 [FXGL Background Thread 1 ] DEBUG FXGLAssetLoaderServi - Loading from file system: jar:file:/C:/Users/Admin/.m2/repository/com/github/almasb/fxgl/17.1/fxgl-17.1.jar!/fxglassets/languages/english.lang
20:07:43.253 [FXGL Background Thread 4 ] DEBUG FXGLApplication      - Loading fonts
20:07:43.254 [FXGL Background Thread 4 ] DEBUG FXGLAssetLoaderServi - Loading from file system: jar:file:/C:/Users/Admin/.m2/repository/com/github/almasb/fxgl/17.1/fxgl-17.1.jar!/fxglassets/ui/fonts/VarelaRound-Regular.ttf
20:07:43.277 [FXGL Background Thread 1 ] INFO  FXGLApplication      - FXGL initialization took: 0.904 sec
20:07:43.298 [JavaFX Application Thread] DEBUG Input                - Registered new binding: moveUp - W
20:07:43.298 [JavaFX Application Thread] DEBUG Input                - Registered new binding: moveRight - D
20:07:43.298 [JavaFX Application Thread] DEBUG Input                - Registered new binding: moveLeft - A
20:07:43.298 [JavaFX Application Thread] DEBUG Input                - Registered new binding: moveDown - S
20:07:43.298 [JavaFX Application Thread] DEBUG Input                - Registered new binding: implantBomb - F
20:07:43.299 [JavaFX Application Thread] DEBUG Input                - Registered new binding: PlayMusic - M
20:07:43.299 [JavaFX Application Thread] DEBUG FXGLAssetLoaderServi - Loading from file system: jar:file:/C:/Users/Admin/.m2/repository/com/github/almasb/fxgl/17.1/fxgl-17.1.jar!/fxglassets/textures/fxgl_icon.png
20:07:43.357 [JavaFX Application Thread] DEBUG FXGLAssetLoaderServi - Loading from file system: jar:file:/C:/Users/Admin/.m2/repository/com/github/almasb/fxgl/17.1/fxgl-17.1.jar!/fxglassets/textures/fxgl_default_cursor.png
20:07:43.360 [JavaFX Application Thread] DEBUG Input                - Registered new binding: Screenshot - CTRL+8
20:07:43.361 [JavaFX Application Thread] DEBUG Input                - Registered new binding: System info dump - CTRL+9
20:07:43.362 [JavaFX Application Thread] DEBUG Input                - Registered new binding: Restart - CTRL+R
20:07:43.363 [JavaFX Application Thread] DEBUG Input                - Registered new binding: Toggle Debug Camera - CTRL+7
20:07:43.367 [JavaFX Application Thread] DEBUG LoopRunner           - Starting loop
20:07:43.368 [JavaFX Application Thread] DEBUG LoopRunner           - Initializing JavaFX AnimationTimerLoop
20:07:43.370 [JavaFX Application Thread] DEBUG Input                - Clearing active input actions
20:07:43.386 [JavaFX Application Thread] DEBUG GameApplicationServi - Removing overlay from FXGLStartupScene and adding to FXGLMainMenuDummyScene
20:07:43.387 [JavaFX Application Thread] DEBUG PrimaryStageWindow   - FXGLStartupScene -> FXGLMainMenuDummyScene
20:07:43.387 [JavaFX Application Thread] DEBUG PrimaryStageWindow   - Push state: FXGLDefaultMenu
20:07:43.394 [JavaFX Application Thread] DEBUG Input                - Clearing active input actions
20:07:43.412 [JavaFX Application Thread] DEBUG GameApplicationServi - Removing overlay from FXGLMainMenuDummyScene and adding to FXGLDefaultMenu
20:07:43.413 [JavaFX Application Thread] DEBUG PrimaryStageWindow   - FXGLMainMenuDummyScene -> FXGLDefaultMenu
20:07:43.536 [FXGL Background Thread 4 ] DEBUG FXGLAssetLoaderServi - Loading from file system: jar:file:/C:/Users/Admin/.m2/repository/com/github/almasb/fxgl/17.1/fxgl-17.1.jar!/fxglassets/ui/fonts/Abel-Regular.ttf
20:07:43.541 [FXGL Background Thread 4 ] DEBUG FXGLAssetLoaderServi - Loading from file system: jar:file:/C:/Users/Admin/.m2/repository/com/github/almasb/fxgl/17.1/fxgl-17.1.jar!/fxglassets/ui/fonts/TerminalLandMono-Regular.otf
20:07:43.546 [FXGL Background Thread 4 ] DEBUG FXGLAssetLoaderServi - Loading from file system: jar:file:/C:/Users/Admin/.m2/repository/com/github/almasb/fxgl/17.1/fxgl-17.1.jar!/fxglassets/ui/fonts/Courier-Prime.ttf
20:07:43.632 [JavaFX Application Thread] DEBUG FXGLApplication      - Registering font factories with UI factory
20:07:44.372 [JavaFX Application Thread] DEBUG Menu                 - fireNewGame()
20:07:44.372 [JavaFX Application Thread] DEBUG GameApplicationServi - Starting new game
20:07:44.375 [JavaFX Application Thread] DEBUG PrimaryStageWindow   - Pop state: FXGLDefaultMenu
20:07:44.375 [JavaFX Application Thread] DEBUG Input                - Clearing active input actions
20:07:44.376 [JavaFX Application Thread] DEBUG GameApplicationServi - Removing overlay from FXGLDefaultMenu and adding to FXGLMainMenuDummyScene
20:07:44.377 [JavaFX Application Thread] DEBUG PrimaryStageWindow   - FXGLMainMenuDummyScene <- FXGLDefaultMenu
20:07:44.377 [JavaFX Application Thread] DEBUG Input                - Clearing active input actions
20:07:44.392 [JavaFX Application Thread] DEBUG GameApplicationServi - Removing overlay from FXGLMainMenuDummyScene and adding to FXGLLoadingScene
20:07:44.392 [JavaFX Application Thread] DEBUG PrimaryStageWindow   - FXGLMainMenuDummyScene -> FXGLLoadingScene
20:07:44.392 [JavaFX Application Thread] DEBUG GameApplicationServi - Clearing previous game
20:07:44.392 [JavaFX Application Thread] DEBUG GameScene            - Clearing game scene
20:07:44.392 [JavaFX Application Thread] DEBUG GameWorld            - Clearing game world
20:07:44.392 [JavaFX Application Thread] DEBUG PhysicsWorld         - Clearing physics world
20:07:44.399 [FXGL Background Thread 4 ] DEBUG FXGLApplication      - Initializing game
20:07:44.456 [FXGL Background Thread 4 ] DEBUG FXGLAssetLoaderServi - Loading from file system: file:/D:/bombermango/target/classes/assets/textures/sprites/wall.png
20:07:44.556 [FXGL Background Thread 4 ] DEBUG FXGLAssetLoaderServi - Loading from file system: file:/D:/bombermango/target/classes/assets/textures/sprites/brick.png
20:07:44.634 [FXGL Background Thread 4 ] DEBUG GameWorld            - Clearing removable entities
20:07:44.635 [FXGL Background Thread 4 ] DEBUG GameWorld            - Setting level: com.almasb.fxgl.entity.level.Level@50879da1
20:07:44.740 [FXGL Background Thread 4 ] DEBUG FXGLAssetLoaderServi - Loading from file system: file:/D:/bombermango/target/classes/assets/textures/sprites/portal.png
20:07:44.759 [FXGL Background Thread 4 ] WARN  FXGLAssetLoaderServi - Asset "/assets/music/gameaudio.wav" was not found!
20:07:44.760 [FXGL Background Thread 4 ] WARN  FXGLAssetLoaderServi - Failed to load MUSIC
20:07:44.764 [FXGL Background Thread 4 ] DEBUG FXGLAssetLoaderServi - Loading from file system: file:/D:/bombermango/target/classes/assets/textures/sprites/player_right.png
20:07:44.768 [FXGL Background Thread 4 ] DEBUG FXGLAssetLoaderServi - Loading from file system: file:/D:/bombermango/target/classes/assets/textures/sprites/player_right_1.png
20:07:44.771 [FXGL Background Thread 4 ] WARN  FXGLAssetLoaderServi - Asset "/assets/textures/sprites/player_right_2.png" was not found!
20:07:44.771 [FXGL Background Thread 4 ] WARN  FXGLAssetLoaderServi - Failed to load RESIZABLE_IMAGE
20:07:44.798 [FXGL Background Thread 4 ] DEBUG FXGLAssetLoaderServi - Loading from file system: file:/D:/bombermango/target/classes/assets/textures/sprites/player_down.png
20:07:44.801 [FXGL Background Thread 4 ] DEBUG FXGLAssetLoaderServi - Loading from file system: file:/D:/bombermango/target/classes/assets/textures/sprites/player_down_1.png
20:07:44.804 [FXGL Background Thread 4 ] DEBUG FXGLAssetLoaderServi - Loading from file system: file:/D:/bombermango/target/classes/assets/textures/sprites/player_down_2.png
20:07:44.806 [FXGL Background Thread 4 ] DEBUG FXGLAssetLoaderServi - Loading from file system: file:/D:/bombermango/target/classes/assets/textures/sprites/player_left.png
20:07:44.807 [FXGL Background Thread 4 ] DEBUG FXGLAssetLoaderServi - Loading from file system: file:/D:/bombermango/target/classes/assets/textures/sprites/player_left_1.png
20:07:44.808 [FXGL Background Thread 4 ] DEBUG FXGLAssetLoaderServi - Loading from file system: file:/D:/bombermango/target/classes/assets/textures/sprites/player_left_2.png
20:07:44.821 [FXGL Background Thread 4 ] DEBUG FXGLAssetLoaderServi - Loading from file system: file:/D:/bombermango/target/classes/assets/textures/sprites/balloom_right1.png
20:07:44.823 [FXGL Background Thread 4 ] DEBUG FXGLAssetLoaderServi - Loading from file system: file:/D:/bombermango/target/classes/assets/textures/sprites/balloom_right2.png
20:07:44.824 [FXGL Background Thread 4 ] DEBUG FXGLAssetLoaderServi - Loading from file system: file:/D:/bombermango/target/classes/assets/textures/sprites/balloom_right3.png
20:07:44.841 [FXGL Background Thread 4 ] INFO  FXGLApplication      - Game initialization took: 0.441 sec
20:07:44.853 [JavaFX Application Thread] DEBUG Input                - Clearing active input actions
20:07:44.869 [JavaFX Application Thread] DEBUG GameApplicationServi - Removing overlay from FXGLLoadingScene and adding to GameScene
20:07:44.869 [JavaFX Application Thread] DEBUG PrimaryStageWindow   - FXGLLoadingScene -> GameScene
20:07:45.838 [FXGL Background Thread 2 ] INFO  UpdaterService       - Your current version:  17.1
20:07:45.839 [FXGL Background Thread 2 ] INFO  UpdaterService       - Latest stable version: 17.2
20:07:45.866 [JavaFX Application Thread] DEBUG FXGLAssetLoaderServi - Loading from file system: file:/D:/bombermango/target/classes/assets/textures/sprites/bomb.png
20:07:45.868 [JavaFX Application Thread] DEBUG FXGLAssetLoaderServi - Loading from file system: file:/D:/bombermango/target/classes/assets/textures/sprites/bomb_1.png
20:07:45.869 [JavaFX Application Thread] DEBUG FXGLAssetLoaderServi - Loading from file system: file:/D:/bombermango/target/classes/assets/textures/sprites/bomb_2.png
20:07:45.873 [JavaFX Application Thread] WARN  GameWorld            - Entity is already attached to world
20:07:46.242 [FXGL Background Thread 3 ] DEBUG Engine               - Logging environment variables
20:07:46.242 [FXGL Background Thread 3 ] DEBUG Engine               - achievements: []
20:07:46.243 [FXGL Background Thread 3 ] DEBUG Engine               - actualHeight: 600.0
20:07:46.243 [FXGL Background Thread 3 ] DEBUG Engine               - actualHeightProperty: ReadOnlyDoubleProperty [value: 600.0]
20:07:46.243 [FXGL Background Thread 3 ] DEBUG Engine               - actualWidth: 800.0
20:07:46.243 [FXGL Background Thread 3 ] DEBUG Engine               - actualWidthProperty: ReadOnlyDoubleProperty [value: 800.0]
20:07:46.243 [FXGL Background Thread 3 ] DEBUG Engine               - appIcon: fxgl_icon.png
20:07:46.243 [FXGL Background Thread 3 ] DEBUG Engine               - applicationMode: DEVELOPER
20:07:46.243 [FXGL Background Thread 3 ] DEBUG Engine               - cSSList: [fxgl_dark.css]
20:07:46.243 [FXGL Background Thread 3 ] DEBUG Engine               - collisionDetectionStrategy: BRUTE_FORCE
20:07:46.243 [FXGL Background Thread 3 ] DEBUG Engine               - configClass: Optional.empty
20:07:46.243 [FXGL Background Thread 3 ] DEBUG Engine               - credits: []
20:07:46.244 [FXGL Background Thread 3 ] DEBUG Engine               - defaultCursor: CursorInfo(imageName=fxgl_default_cursor.png, hotspotX=7.0, hotspotY=6.0)
20:07:46.244 [FXGL Background Thread 3 ] DEBUG Engine               - devBBoxColorProperty: ObjectProperty [value: 0xff0000ff]
20:07:46.245 [FXGL Background Thread 3 ] DEBUG Engine               - devEnableDebugCameraProperty: BooleanProperty [value: false]
20:07:46.245 [FXGL Background Thread 3 ] DEBUG Engine               - devSensorColorProperty: ObjectProperty [value: 0xffff00ff]
20:07:46.245 [FXGL Background Thread 3 ] DEBUG Engine               - devShowBBoxProperty: BooleanProperty [value: false]
20:07:46.245 [FXGL Background Thread 3 ] DEBUG Engine               - devShowPositionProperty: BooleanProperty [value: false]
20:07:46.245 [FXGL Background Thread 3 ] DEBUG Engine               - enabledMenuItems: []
20:07:46.245 [FXGL Background Thread 3 ] DEBUG Engine               - engineServices: [class com.almasb.fxgl.app.services.FXGLAssetLoaderService, class com.almasb.fxgl.app.FXGLApplication$GameApplicationService, class com.almasb.fxgl.app.services.FXGLDialogService, class com.almasb.fxgl.app.services.IOTaskExecutorService, class com.almasb.fxgl.io.FileSystemService, class com.almasb.fxgl.localization.LocalizationService, class com.almasb.fxgl.app.services.SystemBundleService, class com.almasb.fxgl.profile.SaveLoadService, class com.almasb.fxgl.ui.FXGLUIFactoryServiceProvider, class com.almasb.fxgl.ui.FXGLDialogFactoryServiceProvider, class com.almasb.fxgl.audio.AudioPlayer, class com.almasb.fxgl.notification.impl.NotificationServiceProvider, class com.almasb.fxgl.achievement.AchievementService, class com.almasb.fxgl.cutscene.CutsceneService, class com.almasb.fxgl.minigames.MiniGameService, class com.almasb.fxgl.net.NetService, class com.almasb.fxgl.app.services.UpdaterService, class com.almasb.fxgl.dev.DevService]
20:07:46.245 [FXGL Background Thread 3 ] DEBUG Engine               - fontGame: Abel-Regular.ttf
20:07:46.245 [FXGL Background Thread 3 ] DEBUG Engine               - fontMono: TerminalLandMono-Regular.otf
20:07:46.245 [FXGL Background Thread 3 ] DEBUG Engine               - fontText: Courier-Prime.ttf
20:07:46.246 [FXGL Background Thread 3 ] DEBUG Engine               - fontUI: VarelaRound-Regular.ttf
20:07:46.246 [FXGL Background Thread 3 ] DEBUG Engine               - fullScreen: BooleanProperty [value: false]
20:07:46.246 [FXGL Background Thread 3 ] DEBUG Engine               - gameDifficulty: MEDIUM
20:07:46.246 [FXGL Background Thread 3 ] DEBUG Engine               - gameDifficultyProperty: ObjectProperty [value: MEDIUM]
20:07:46.246 [FXGL Background Thread 3 ] DEBUG Engine               - globalMusicVolume: 0.5
20:07:46.247 [FXGL Background Thread 3 ] DEBUG Engine               - globalMusicVolumeProperty: DoubleProperty [value: 0.5]
20:07:46.247 [FXGL Background Thread 3 ] DEBUG Engine               - globalSoundVolume: 0.5
20:07:46.248 [FXGL Background Thread 3 ] DEBUG Engine               - globalSoundVolumeProperty: DoubleProperty [value: 0.5]
20:07:46.248 [FXGL Background Thread 3 ] DEBUG Engine               - height: 600
20:07:46.248 [FXGL Background Thread 3 ] DEBUG Engine               - is3D: false
20:07:46.249 [FXGL Background Thread 3 ] DEBUG Engine               - isAndroid: false
20:07:46.249 [FXGL Background Thread 3 ] DEBUG Engine               - isBrowser: false
20:07:46.249 [FXGL Background Thread 3 ] DEBUG Engine               - isClickFeedbackEnabled: false
20:07:46.249 [FXGL Background Thread 3 ] DEBUG Engine               - isCloseConfirmation: false
20:07:46.249 [FXGL Background Thread 3 ] DEBUG Engine               - isDesktop: true
20:07:46.249 [FXGL Background Thread 3 ] DEBUG Engine               - isDeveloperMenuEnabled: false
20:07:46.249 [FXGL Background Thread 3 ] DEBUG Engine               - isEmbedded: false
20:07:46.249 [FXGL Background Thread 3 ] DEBUG Engine               - isEntityPreloadEnabled: true
20:07:46.249 [FXGL Background Thread 3 ] DEBUG Engine               - isExperimentalTiledLargeMap: false
20:07:46.249 [FXGL Background Thread 3 ] DEBUG Engine               - isFileSystemWriteAllowed: true
20:07:46.249 [FXGL Background Thread 3 ] DEBUG Engine               - isFullScreenAllowed: false
20:07:46.249 [FXGL Background Thread 3 ] DEBUG Engine               - isFullScreenFromStart: false
20:07:46.249 [FXGL Background Thread 3 ] DEBUG Engine               - isGameMenuEnabled: true
20:07:46.250 [FXGL Background Thread 3 ] DEBUG Engine               - isIOS: false
20:07:46.250 [FXGL Background Thread 3 ] DEBUG Engine               - isIntroEnabled: false
20:07:46.250 [FXGL Background Thread 3 ] DEBUG Engine               - isLinux: false
20:07:46.250 [FXGL Background Thread 3 ] DEBUG Engine               - isMac: false
20:07:46.250 [FXGL Background Thread 3 ] DEBUG Engine               - isMainMenuEnabled: true
20:07:46.250 [FXGL Background Thread 3 ] DEBUG Engine               - isManualResizeEnabled: false
20:07:46.250 [FXGL Background Thread 3 ] DEBUG Engine               - isMobile: false
20:07:46.250 [FXGL Background Thread 3 ] DEBUG Engine               - isNative: false
20:07:46.250 [FXGL Background Thread 3 ] DEBUG Engine               - isPauseMusicWhenMinimized: true
20:07:46.250 [FXGL Background Thread 3 ] DEBUG Engine               - isPreserveResizeRatio: false
20:07:46.250 [FXGL Background Thread 3 ] DEBUG Engine               - isProfilingEnabled: false
20:07:46.250 [FXGL Background Thread 3 ] DEBUG Engine               - isScaleAffectedOnResize: true
20:07:46.250 [FXGL Background Thread 3 ] DEBUG Engine               - isSingleStep: false
20:07:46.250 [FXGL Background Thread 3 ] DEBUG Engine               - isUserProfileEnabled: false
20:07:46.251 [FXGL Background Thread 3 ] DEBUG Engine               - isWindows: true
20:07:46.251 [FXGL Background Thread 3 ] DEBUG Engine               - language: ObjectProperty [value: ENGLISH]
20:07:46.251 [FXGL Background Thread 3 ] DEBUG Engine               - menuKey: ESCAPE
20:07:46.251 [FXGL Background Thread 3 ] DEBUG Engine               - mouseSensitivity: 0.2
20:07:46.251 [FXGL Background Thread 3 ] DEBUG Engine               - notificationViewClass: class com.almasb.fxgl.notification.view.XboxNotificationView
20:07:46.251 [FXGL Background Thread 3 ] DEBUG Engine               - pixelsPerMeter: 50.0
20:07:46.251 [FXGL Background Thread 3 ] DEBUG Engine               - platform: WINDOWS
20:07:46.251 [FXGL Background Thread 3 ] DEBUG Engine               - prefHeightProperty: ReadOnlyDoubleProperty [value: 600.0]
20:07:46.251 [FXGL Background Thread 3 ] DEBUG Engine               - prefWidthProperty: ReadOnlyDoubleProperty [value: 800.0]
20:07:46.251 [FXGL Background Thread 3 ] DEBUG Engine               - profileDir: profiles/
20:07:46.251 [FXGL Background Thread 3 ] DEBUG Engine               - profileName: StringProperty [value: DEFAULT]
20:07:46.251 [FXGL Background Thread 3 ] DEBUG Engine               - randomSeed: -1
20:07:46.252 [FXGL Background Thread 3 ] DEBUG Engine               - runtimeInfo: RuntimeInfo(platform=WINDOWS, version=17.1, build=24.03.2022 17.34)
20:07:46.252 [FXGL Background Thread 3 ] DEBUG Engine               - saveFileExt: sav
20:07:46.252 [FXGL Background Thread 3 ] DEBUG Engine               - scaledHeightProp$fxgl: DoubleProperty [bound, value: 600.0]
20:07:46.252 [FXGL Background Thread 3 ] DEBUG Engine               - scaledWidthProp$fxgl: DoubleProperty [bound, value: 800.0]
20:07:46.252 [FXGL Background Thread 3 ] DEBUG Engine               - sceneFactory: com.almasb.fxgl.app.scene.SceneFactory@1879bee3
20:07:46.252 [FXGL Background Thread 3 ] DEBUG Engine               - secondsIn24h: 60
20:07:46.252 [FXGL Background Thread 3 ] DEBUG Engine               - soundMenuBack: menu/back.wav
20:07:46.252 [FXGL Background Thread 3 ] DEBUG Engine               - soundMenuPress: menu/press.wav
20:07:46.252 [FXGL Background Thread 3 ] DEBUG Engine               - soundMenuSelect: menu/select.wav
20:07:46.253 [FXGL Background Thread 3 ] DEBUG Engine               - soundNotification: core/notification.wav
20:07:46.253 [FXGL Background Thread 3 ] DEBUG Engine               - stageStyle: DECORATED
20:07:46.253 [FXGL Background Thread 3 ] DEBUG Engine               - supportedLanguages: [ENGLISH, FRENCH, GERMAN, HUNGARIAN, RUSSIAN]
20:07:46.253 [FXGL Background Thread 3 ] DEBUG Engine               - ticksPerSecond: -1
20:07:46.253 [FXGL Background Thread 3 ] DEBUG Engine               - title: Bomberman
20:07:46.253 [FXGL Background Thread 3 ] DEBUG Engine               - urlGithub: https://github.com/AlmasB/FXGL
20:07:46.253 [FXGL Background Thread 3 ] DEBUG Engine               - urlLeaderboard: http://fxgl-top.herokuapp.com/
20:07:46.253 [FXGL Background Thread 3 ] DEBUG Engine               - urlPOM: https://raw.githubusercontent.com/AlmasB/FXGL/release/README.md
20:07:46.253 [FXGL Background Thread 3 ] DEBUG Engine               - userAppClass: class mangobomb.bombermango.HelloApplication
20:07:46.253 [FXGL Background Thread 3 ] DEBUG Engine               - version: 0.0
20:07:46.253 [FXGL Background Thread 3 ] DEBUG Engine               - versionCheckDays: 7
20:07:46.253 [FXGL Background Thread 3 ] DEBUG Engine               - width: 800
20:07:46.253 [FXGL Background Thread 3 ] DEBUG Engine               - Logging services
20:07:46.253 [FXGL Background Thread 3 ] DEBUG Engine               - class com.almasb.fxgl.app.services.FXGLAssetLoaderService
20:07:46.253 [FXGL Background Thread 3 ] DEBUG Engine               - class com.almasb.fxgl.app.FXGLApplication$GameApplicationService
20:07:46.254 [FXGL Background Thread 3 ] DEBUG Engine               - class com.almasb.fxgl.app.services.FXGLDialogService
20:07:46.254 [FXGL Background Thread 3 ] DEBUG Engine               - class com.almasb.fxgl.app.services.IOTaskExecutorService
20:07:46.254 [FXGL Background Thread 3 ] DEBUG Engine               - class com.almasb.fxgl.io.FileSystemService
20:07:46.254 [FXGL Background Thread 3 ] DEBUG Engine               - class com.almasb.fxgl.localization.LocalizationService
20:07:46.254 [FXGL Background Thread 3 ] DEBUG Engine               - class com.almasb.fxgl.app.services.SystemBundleService
20:07:46.254 [FXGL Background Thread 3 ] DEBUG Engine               - class com.almasb.fxgl.profile.SaveLoadService
20:07:46.254 [FXGL Background Thread 3 ] DEBUG Engine               - class com.almasb.fxgl.ui.FXGLUIFactoryServiceProvider
20:07:46.254 [FXGL Background Thread 3 ] DEBUG Engine               - class com.almasb.fxgl.ui.FXGLDialogFactoryServiceProvider
20:07:46.254 [FXGL Background Thread 3 ] DEBUG Engine               - class com.almasb.fxgl.audio.AudioPlayer
20:07:46.254 [FXGL Background Thread 3 ] DEBUG Engine               - class com.almasb.fxgl.notification.impl.NotificationServiceProvider
20:07:46.254 [FXGL Background Thread 3 ] DEBUG Engine               - class com.almasb.fxgl.achievement.AchievementService
20:07:46.255 [FXGL Background Thread 3 ] DEBUG Engine               - class com.almasb.fxgl.cutscene.CutsceneService
20:07:46.255 [FXGL Background Thread 3 ] DEBUG Engine               - class com.almasb.fxgl.minigames.MiniGameService
20:07:46.255 [FXGL Background Thread 3 ] DEBUG Engine               - class com.almasb.fxgl.net.NetService
20:07:46.255 [FXGL Background Thread 3 ] DEBUG Engine               - class com.almasb.fxgl.app.services.UpdaterService
20:07:46.255 [FXGL Background Thread 3 ] DEBUG Engine               - class com.almasb.fxgl.dev.DevService
20:07:47.237 [JavaFX Application Thread] DEBUG FXGLAssetLoaderServi - Loading from file system: file:/D:/bombermango/target/classes/assets/textures/sprites/bomb_exploded.png
20:07:47.239 [JavaFX Application Thread] DEBUG FXGLAssetLoaderServi - Loading from file system: file:/D:/bombermango/target/classes/assets/textures/sprites/bomb_exploded1.png
20:07:47.240 [JavaFX Application Thread] DEBUG FXGLAssetLoaderServi - Loading from file system: file:/D:/bombermango/target/classes/assets/textures/sprites/bomb_exploded2.png
20:07:51.624 [JavaFX Application Thread] WARN  GameWorld            - Entity is already attached to world
20:08:02.013 [JavaFX Application Thread] DEBUG PrimaryStageWindow   - Push state: DialogSubScene
20:08:02.013 [JavaFX Application Thread] DEBUG Input                - Clearing active input actions
20:08:02.016 [JavaFX Application Thread] DEBUG GameApplicationServi - Removing overlay from GameScene and adding to DialogSubScene
20:08:02.018 [JavaFX Application Thread] DEBUG PrimaryStageWindow   - GameScene -> DialogSubScene
20:08:04.048 [JavaFX Application Thread] DEBUG FXGLApplication      - Exiting FXGL
20:08:04.048 [JavaFX Application Thread] DEBUG LoopRunner           - Stopping loop
20:08:04.049 [JavaFX Application Thread] DEBUG SystemBundleService  - Saving FXGL system data
20:08:04.051 [JavaFX Application Thread] DEBUG FileSystemAccess     - Writing to: D:\bombermango\system\fxgl.bundle
20:08:04.052 [JavaFX Application Thread] DEBUG Async                - Shutting down background threads
20:08:04.053 [JavaFX Application Thread] DEBUG PrimaryStageWindow   - Closing main window
20:08:04.086 [JavaFX Application Thread] DEBUG Logger               - Closing Logger
