12:06:54.555 [main                     ] DEBUG Logger               - Configured Logger
12:06:54.600 [main                     ] DEBUG GameApplication      - Logging settings
Title: Bomberman
Version: 0.0
Width: 800
Height: 600
Fullscreen: false
Intro: false
Profiling: false
Single step:false
App Mode: DEVELOPER
Menu Key: ESCAPE
Stage Style: DECORATED
Scene Factory: class com.almasb.fxgl.app.scene.SceneFactory

12:06:55.167 [JavaFX Application Thread] DEBUG FXGLApplication      - Initializing FXGL
12:06:55.177 [JavaFX Application Thread] INFO  Engine               - FXGL-17.1 (24.03.2022 17.34) on WINDOWS (J:18.0.2.1 FX:18.0.1)
12:06:55.177 [JavaFX Application Thread] DEBUG Engine               - JRE Vendor Name: Oracle Corporation
12:06:55.178 [JavaFX Application Thread] DEBUG Engine               - Running on OS: Windows 10 version 10.0
12:06:55.178 [JavaFX Application Thread] DEBUG Engine               - Architecture: amd64
12:06:55.178 [JavaFX Application Thread] INFO  Engine               - Source code and latest versions at: https://github.com/AlmasB/FXGL
12:06:55.179 [JavaFX Application Thread] INFO  Engine               -       Ask questions and discuss at: https://github.com/AlmasB/FXGL/discussions
12:06:55.180 [JavaFX Application Thread] INFO  Engine               -              Join the FXGL chat at: https://gitter.im/AlmasB/FXGL
12:06:55.358 [JavaFX Application Thread] DEBUG PrimaryStageWindow   - Creating a JavaFX scene
12:06:55.434 [JavaFX Application Thread] DEBUG PrimaryStageWindow   - Target settings size: 800.0 x 600.0
12:06:55.434 [JavaFX Application Thread] DEBUG PrimaryStageWindow   - Scaled scene size:    800.0 x 600.0
12:06:55.435 [JavaFX Application Thread] DEBUG PrimaryStageWindow   - Scaled ratio: (1.0, 1.0)
12:06:55.436 [JavaFX Application Thread] DEBUG PrimaryStageWindow   - Set initial scene to FXGLStartupScene
12:06:55.449 [JavaFX Application Thread] DEBUG PrimaryStageWindow   - Opening main window
12:06:55.586 [JavaFX Application Thread] DEBUG PrimaryStageWindow   - Window border size: (14.66668701171875, 37.33331298828125)
12:06:55.586 [JavaFX Application Thread] DEBUG PrimaryStageWindow   - Scaled size: 800.0 x 600.0
12:06:55.587 [JavaFX Application Thread] DEBUG PrimaryStageWindow   - Scaled ratio: (1.0, 1.0)
12:06:55.589 [JavaFX Application Thread] DEBUG PrimaryStageWindow   - Scene size: 800.0 x 600.0
12:06:55.590 [JavaFX Application Thread] DEBUG PrimaryStageWindow   - Stage size: 814.6666870117188 x 637.3333129882812
12:06:55.674 [FXGL Background Thread 1 ] DEBUG Engine               - Initializing environment variables
12:06:55.763 [FXGL Background Thread 1 ] DEBUG FXGLAssetLoaderServi - User app class for loading assets: class mangobomb.bombermango.HelloApplication
12:06:55.763 [FXGL Background Thread 1 ] DEBUG GameApplicationServi - Applying CSS: fxgl_dark.css
12:06:55.764 [FXGL Background Thread 1 ] DEBUG FXGLAssetLoaderServi - Loading from file system: jar:file:/C:/Users/Admin/.m2/repository/com/github/almasb/fxgl/17.1/fxgl-17.1.jar!/fxglassets/ui/css/fxgl_dark.css
12:06:55.885 [FXGL Background Thread 1 ] DEBUG GameApplicationServi - Initializing application scenes
12:06:56.022 [FXGL Background Thread 1 ] DEBUG GameWorld            - Game world initialized
12:06:56.118 [FXGL Background Thread 1 ] DEBUG PhysicsWorld         - Physics world initialized: appHeight=600, physics.ppm=50.0
12:06:56.119 [FXGL Background Thread 1 ] DEBUG PhysicsWorld         - Using strategy: BRUTE_FORCE
12:06:56.126 [FXGL Background Thread 1 ] DEBUG GameScene            - Game scene initialized: 800x600
12:06:56.149 [FXGL Background Thread 1 ] DEBUG FXGL.DefaultMenu     - createMenuBodyMainMenu()
12:06:56.175 [FXGL Background Thread 1 ] DEBUG FXGL.DefaultMenu     - createOptionsMenu()
12:06:56.193 [FXGL Background Thread 1 ] DEBUG FXGLAssetLoaderServi - Loading from file system: jar:file:/C:/Users/Admin/.m2/repository/com/github/almasb/fxgl/17.1/fxgl-17.1.jar!/fxglassets/textures/particles/smoke.png
12:06:56.357 [FXGL Background Thread 1 ] DEBUG FXGLAssetLoaderServi - Loading from file system: jar:file:/C:/Users/Admin/.m2/repository/com/github/almasb/fxgl/17.1/fxgl-17.1.jar!/fxglassets/textures/particles/trace_horizontal.png
12:06:56.413 [FXGL Background Thread 1 ] DEBUG FXGL.DefaultMenu     - createMenuBodyGameMenu()
12:06:56.415 [FXGL Background Thread 1 ] DEBUG FXGL.DefaultMenu     - createOptionsMenu()
12:06:56.444 [FXGL Background Thread 1 ] DEBUG GameApplicationServi - Application scenes initialized
12:06:56.465 [FXGL Background Thread 1 ] DEBUG SystemBundleService  - Loading FXGL system data
12:06:56.472 [FXGL Background Thread 1 ] DEBUG FileSystemAccess     - Reading from: D:\bombermango\system\fxgl.bundle
12:06:56.488 [FXGL Background Thread 1 ] DEBUG SystemBundleService  - Bundle FXGL: {}
12:06:56.489 [FXGL Background Thread 1 ] DEBUG UpdaterService       - Checking for updates
12:06:56.497 [FXGL Background Thread 1 ] DEBUG FXGLApplication      - Loading default localization
12:06:56.497 [FXGL Background Thread 1 ] DEBUG FXGLAssetLoaderServi - Loading from file system: jar:file:/C:/Users/Admin/.m2/repository/com/github/almasb/fxgl/17.1/fxgl-17.1.jar!/fxglassets/languages/english.lang
12:06:56.555 [FXGL Background Thread 4 ] DEBUG FXGLApplication      - Loading fonts
12:06:56.556 [FXGL Background Thread 4 ] DEBUG FXGLAssetLoaderServi - Loading from file system: jar:file:/C:/Users/Admin/.m2/repository/com/github/almasb/fxgl/17.1/fxgl-17.1.jar!/fxglassets/ui/fonts/VarelaRound-Regular.ttf
12:06:56.561 [FXGL Background Thread 1 ] INFO  FXGLApplication      - FXGL initialization took: 0.887 sec
12:06:56.585 [JavaFX Application Thread] DEBUG Input                - Registered new binding: moveUp - W
12:06:56.586 [JavaFX Application Thread] DEBUG Input                - Registered new binding: moveRight - D
12:06:56.586 [JavaFX Application Thread] DEBUG Input                - Registered new binding: moveLeft - A
12:06:56.586 [JavaFX Application Thread] DEBUG Input                - Registered new binding: moveDown - S
12:06:56.586 [JavaFX Application Thread] DEBUG Input                - Registered new binding: implantBomb - F
12:06:56.587 [JavaFX Application Thread] DEBUG FXGLAssetLoaderServi - Loading from file system: jar:file:/C:/Users/Admin/.m2/repository/com/github/almasb/fxgl/17.1/fxgl-17.1.jar!/fxglassets/textures/fxgl_icon.png
12:06:56.621 [JavaFX Application Thread] DEBUG FXGLAssetLoaderServi - Loading from file system: jar:file:/C:/Users/Admin/.m2/repository/com/github/almasb/fxgl/17.1/fxgl-17.1.jar!/fxglassets/textures/fxgl_default_cursor.png
12:06:56.624 [JavaFX Application Thread] DEBUG Input                - Registered new binding: Screenshot - CTRL+8
12:06:56.625 [JavaFX Application Thread] DEBUG Input                - Registered new binding: System info dump - CTRL+9
12:06:56.626 [JavaFX Application Thread] DEBUG Input                - Registered new binding: Restart - CTRL+R
12:06:56.627 [JavaFX Application Thread] DEBUG Input                - Registered new binding: Toggle Debug Camera - CTRL+7
12:06:56.630 [JavaFX Application Thread] DEBUG LoopRunner           - Starting loop
12:06:56.631 [JavaFX Application Thread] DEBUG LoopRunner           - Initializing JavaFX AnimationTimerLoop
12:06:56.636 [JavaFX Application Thread] DEBUG Input                - Clearing active input actions
12:06:56.669 [JavaFX Application Thread] DEBUG GameApplicationServi - Removing overlay from FXGLStartupScene and adding to FXGLMainMenuDummyScene
12:06:56.670 [JavaFX Application Thread] DEBUG PrimaryStageWindow   - FXGLStartupScene -> FXGLMainMenuDummyScene
12:06:56.670 [JavaFX Application Thread] DEBUG PrimaryStageWindow   - Push state: FXGLDefaultMenu
12:06:56.680 [JavaFX Application Thread] DEBUG Input                - Clearing active input actions
12:06:56.699 [JavaFX Application Thread] DEBUG GameApplicationServi - Removing overlay from FXGLMainMenuDummyScene and adding to FXGLDefaultMenu
12:06:56.700 [JavaFX Application Thread] DEBUG PrimaryStageWindow   - FXGLMainMenuDummyScene -> FXGLDefaultMenu
12:06:56.861 [FXGL Background Thread 4 ] DEBUG FXGLAssetLoaderServi - Loading from file system: jar:file:/C:/Users/Admin/.m2/repository/com/github/almasb/fxgl/17.1/fxgl-17.1.jar!/fxglassets/ui/fonts/Abel-Regular.ttf
12:06:56.867 [FXGL Background Thread 4 ] DEBUG FXGLAssetLoaderServi - Loading from file system: jar:file:/C:/Users/Admin/.m2/repository/com/github/almasb/fxgl/17.1/fxgl-17.1.jar!/fxglassets/ui/fonts/TerminalLandMono-Regular.otf
12:06:56.872 [FXGL Background Thread 4 ] DEBUG FXGLAssetLoaderServi - Loading from file system: jar:file:/C:/Users/Admin/.m2/repository/com/github/almasb/fxgl/17.1/fxgl-17.1.jar!/fxglassets/ui/fonts/Courier-Prime.ttf
12:06:57.071 [JavaFX Application Thread] DEBUG FXGLApplication      - Registering font factories with UI factory
12:06:57.413 [FXGL Background Thread 2 ] INFO  UpdaterService       - Your current version:  17.1
12:06:57.413 [FXGL Background Thread 2 ] INFO  UpdaterService       - Latest stable version: 17.2
12:06:58.890 [JavaFX Application Thread] DEBUG Menu                 - fireNewGame()
12:06:58.891 [JavaFX Application Thread] DEBUG GameApplicationServi - Starting new game
12:06:58.898 [JavaFX Application Thread] DEBUG PrimaryStageWindow   - Pop state: FXGLDefaultMenu
12:06:58.899 [JavaFX Application Thread] DEBUG Input                - Clearing active input actions
12:06:58.903 [JavaFX Application Thread] DEBUG GameApplicationServi - Removing overlay from FXGLDefaultMenu and adding to FXGLMainMenuDummyScene
12:06:58.905 [JavaFX Application Thread] DEBUG PrimaryStageWindow   - FXGLMainMenuDummyScene <- FXGLDefaultMenu
12:06:58.906 [JavaFX Application Thread] DEBUG Input                - Clearing active input actions
12:06:58.951 [JavaFX Application Thread] DEBUG GameApplicationServi - Removing overlay from FXGLMainMenuDummyScene and adding to FXGLLoadingScene
12:06:58.951 [JavaFX Application Thread] DEBUG PrimaryStageWindow   - FXGLMainMenuDummyScene -> FXGLLoadingScene
12:06:58.951 [JavaFX Application Thread] DEBUG GameApplicationServi - Clearing previous game
12:06:58.951 [JavaFX Application Thread] DEBUG GameScene            - Clearing game scene
12:06:58.951 [JavaFX Application Thread] DEBUG GameWorld            - Clearing game world
12:06:58.952 [JavaFX Application Thread] DEBUG PhysicsWorld         - Clearing physics world
12:06:58.955 [FXGL Background Thread 2 ] DEBUG FXGLApplication      - Initializing game
12:06:58.991 [FXGL Background Thread 2 ] DEBUG FXGLAssetLoaderServi - Loading from file system: file:/D:/bombermango/target/classes/assets/textures/sprites/wall.png
12:06:59.036 [FXGL Background Thread 2 ] DEBUG FXGLAssetLoaderServi - Loading from file system: file:/D:/bombermango/target/classes/assets/textures/sprites/brick.png
12:06:59.122 [FXGL Background Thread 2 ] DEBUG GameWorld            - Clearing removable entities
12:06:59.123 [FXGL Background Thread 2 ] DEBUG GameWorld            - Setting level: com.almasb.fxgl.entity.level.Level@1a8b1f8d
12:06:59.190 [FXGL Background Thread 2 ] DEBUG FXGLAssetLoaderServi - Loading from file system: file:/D:/bombermango/target/classes/assets/textures/sprites/portal.png
12:06:59.202 [FXGL Background Thread 2 ] DEBUG FXGLAssetLoaderServi - Loading from file system: file:/D:/bombermango/target/classes/assets/textures/sprites/player_down.png
12:06:59.205 [FXGL Background Thread 2 ] DEBUG FXGLAssetLoaderServi - Loading from file system: file:/D:/bombermango/target/classes/assets/textures/sprites/player_down_1.png
12:06:59.207 [FXGL Background Thread 2 ] DEBUG FXGLAssetLoaderServi - Loading from file system: file:/D:/bombermango/target/classes/assets/textures/sprites/player_down_2.png
12:06:59.226 [FXGL Background Thread 2 ] WARN  GameWorld            - Entity is already attached to world
12:06:59.226 [FXGL Background Thread 2 ] DEBUG FXGLAssetLoaderServi - Loading from file system: file:/D:/bombermango/target/classes/assets/textures/sprites/balloom_right1.png
12:06:59.228 [FXGL Background Thread 2 ] DEBUG FXGLAssetLoaderServi - Loading from file system: file:/D:/bombermango/target/classes/assets/textures/sprites/balloom_right2.png
12:06:59.229 [FXGL Background Thread 2 ] DEBUG FXGLAssetLoaderServi - Loading from file system: file:/D:/bombermango/target/classes/assets/textures/sprites/balloom_right3.png
12:06:59.238 [FXGL Background Thread 2 ] INFO  FXGLApplication      - Game initialization took: 0.283 sec
12:06:59.238 [JavaFX Application Thread] DEBUG Input                - Clearing active input actions
12:06:59.256 [JavaFX Application Thread] DEBUG GameApplicationServi - Removing overlay from FXGLLoadingScene and adding to GameScene
12:06:59.257 [JavaFX Application Thread] DEBUG PrimaryStageWindow   - FXGLLoadingScene -> GameScene
12:06:59.495 [FXGL Background Thread 3 ] DEBUG Engine               - Logging environment variables
12:06:59.497 [FXGL Background Thread 3 ] DEBUG Engine               - achievements: []
12:06:59.497 [FXGL Background Thread 3 ] DEBUG Engine               - actualHeight: 600.0
12:06:59.497 [FXGL Background Thread 3 ] DEBUG Engine               - actualHeightProperty: ReadOnlyDoubleProperty [value: 600.0]
12:06:59.498 [FXGL Background Thread 3 ] DEBUG Engine               - actualWidth: 800.0
12:06:59.498 [FXGL Background Thread 3 ] DEBUG Engine               - actualWidthProperty: ReadOnlyDoubleProperty [value: 800.0]
12:06:59.498 [FXGL Background Thread 3 ] DEBUG Engine               - appIcon: fxgl_icon.png
12:06:59.498 [FXGL Background Thread 3 ] DEBUG Engine               - applicationMode: DEVELOPER
12:06:59.498 [FXGL Background Thread 3 ] DEBUG Engine               - cSSList: [fxgl_dark.css]
12:06:59.498 [FXGL Background Thread 3 ] DEBUG Engine               - collisionDetectionStrategy: BRUTE_FORCE
12:06:59.498 [FXGL Background Thread 3 ] DEBUG Engine               - configClass: Optional.empty
12:06:59.498 [FXGL Background Thread 3 ] DEBUG Engine               - credits: []
12:06:59.501 [FXGL Background Thread 3 ] DEBUG Engine               - defaultCursor: CursorInfo(imageName=fxgl_default_cursor.png, hotspotX=7.0, hotspotY=6.0)
12:06:59.502 [FXGL Background Thread 3 ] DEBUG Engine               - devBBoxColorProperty: ObjectProperty [value: 0xff0000ff]
12:06:59.502 [FXGL Background Thread 3 ] DEBUG Engine               - devEnableDebugCameraProperty: BooleanProperty [value: false]
12:06:59.502 [FXGL Background Thread 3 ] DEBUG Engine               - devSensorColorProperty: ObjectProperty [value: 0xffff00ff]
12:06:59.503 [FXGL Background Thread 3 ] DEBUG Engine               - devShowBBoxProperty: BooleanProperty [value: false]
12:06:59.504 [FXGL Background Thread 3 ] DEBUG Engine               - devShowPositionProperty: BooleanProperty [value: false]
12:06:59.504 [FXGL Background Thread 3 ] DEBUG Engine               - enabledMenuItems: []
12:06:59.504 [FXGL Background Thread 3 ] DEBUG Engine               - engineServices: [class com.almasb.fxgl.app.services.FXGLAssetLoaderService, class com.almasb.fxgl.app.FXGLApplication$GameApplicationService, class com.almasb.fxgl.app.services.FXGLDialogService, class com.almasb.fxgl.app.services.IOTaskExecutorService, class com.almasb.fxgl.io.FileSystemService, class com.almasb.fxgl.localization.LocalizationService, class com.almasb.fxgl.app.services.SystemBundleService, class com.almasb.fxgl.profile.SaveLoadService, class com.almasb.fxgl.ui.FXGLUIFactoryServiceProvider, class com.almasb.fxgl.ui.FXGLDialogFactoryServiceProvider, class com.almasb.fxgl.audio.AudioPlayer, class com.almasb.fxgl.notification.impl.NotificationServiceProvider, class com.almasb.fxgl.achievement.AchievementService, class com.almasb.fxgl.cutscene.CutsceneService, class com.almasb.fxgl.minigames.MiniGameService, class com.almasb.fxgl.net.NetService, class com.almasb.fxgl.app.services.UpdaterService, class com.almasb.fxgl.dev.DevService]
12:06:59.504 [FXGL Background Thread 3 ] DEBUG Engine               - fontGame: Abel-Regular.ttf
12:06:59.504 [FXGL Background Thread 3 ] DEBUG Engine               - fontMono: TerminalLandMono-Regular.otf
12:06:59.504 [FXGL Background Thread 3 ] DEBUG Engine               - fontText: Courier-Prime.ttf
12:06:59.505 [FXGL Background Thread 3 ] DEBUG Engine               - fontUI: VarelaRound-Regular.ttf
12:06:59.505 [FXGL Background Thread 3 ] DEBUG Engine               - fullScreen: BooleanProperty [value: false]
12:06:59.505 [FXGL Background Thread 3 ] DEBUG Engine               - gameDifficulty: MEDIUM
12:06:59.505 [FXGL Background Thread 3 ] DEBUG Engine               - gameDifficultyProperty: ObjectProperty [value: MEDIUM]
12:06:59.505 [FXGL Background Thread 3 ] DEBUG Engine               - globalMusicVolume: 0.5
12:06:59.505 [FXGL Background Thread 3 ] DEBUG Engine               - globalMusicVolumeProperty: DoubleProperty [value: 0.5]
12:06:59.505 [FXGL Background Thread 3 ] DEBUG Engine               - globalSoundVolume: 0.5
12:06:59.505 [FXGL Background Thread 3 ] DEBUG Engine               - globalSoundVolumeProperty: DoubleProperty [value: 0.5]
12:06:59.505 [FXGL Background Thread 3 ] DEBUG Engine               - height: 600
12:06:59.505 [FXGL Background Thread 3 ] DEBUG Engine               - is3D: false
12:06:59.505 [FXGL Background Thread 3 ] DEBUG Engine               - isAndroid: false
12:06:59.505 [FXGL Background Thread 3 ] DEBUG Engine               - isBrowser: false
12:06:59.506 [FXGL Background Thread 3 ] DEBUG Engine               - isClickFeedbackEnabled: false
12:06:59.506 [FXGL Background Thread 3 ] DEBUG Engine               - isCloseConfirmation: false
12:06:59.506 [FXGL Background Thread 3 ] DEBUG Engine               - isDesktop: true
12:06:59.506 [FXGL Background Thread 3 ] DEBUG Engine               - isDeveloperMenuEnabled: false
12:06:59.506 [FXGL Background Thread 3 ] DEBUG Engine               - isEmbedded: false
12:06:59.506 [FXGL Background Thread 3 ] DEBUG Engine               - isEntityPreloadEnabled: true
12:06:59.506 [FXGL Background Thread 3 ] DEBUG Engine               - isExperimentalTiledLargeMap: false
12:06:59.506 [FXGL Background Thread 3 ] DEBUG Engine               - isFileSystemWriteAllowed: true
12:06:59.506 [FXGL Background Thread 3 ] DEBUG Engine               - isFullScreenAllowed: false
12:06:59.506 [FXGL Background Thread 3 ] DEBUG Engine               - isFullScreenFromStart: false
12:06:59.506 [FXGL Background Thread 3 ] DEBUG Engine               - isGameMenuEnabled: true
12:06:59.506 [FXGL Background Thread 3 ] DEBUG Engine               - isIOS: false
12:06:59.506 [FXGL Background Thread 3 ] DEBUG Engine               - isIntroEnabled: false
12:06:59.506 [FXGL Background Thread 3 ] DEBUG Engine               - isLinux: false
12:06:59.507 [FXGL Background Thread 3 ] DEBUG Engine               - isMac: false
12:06:59.507 [FXGL Background Thread 3 ] DEBUG Engine               - isMainMenuEnabled: true
12:06:59.507 [FXGL Background Thread 3 ] DEBUG Engine               - isManualResizeEnabled: false
12:06:59.507 [FXGL Background Thread 3 ] DEBUG Engine               - isMobile: false
12:06:59.507 [FXGL Background Thread 3 ] DEBUG Engine               - isNative: false
12:06:59.507 [FXGL Background Thread 3 ] DEBUG Engine               - isPauseMusicWhenMinimized: true
12:06:59.507 [FXGL Background Thread 3 ] DEBUG Engine               - isPreserveResizeRatio: false
12:06:59.507 [FXGL Background Thread 3 ] DEBUG Engine               - isProfilingEnabled: false
12:06:59.507 [FXGL Background Thread 3 ] DEBUG Engine               - isScaleAffectedOnResize: true
12:06:59.507 [FXGL Background Thread 3 ] DEBUG Engine               - isSingleStep: false
12:06:59.507 [FXGL Background Thread 3 ] DEBUG Engine               - isUserProfileEnabled: false
12:06:59.507 [FXGL Background Thread 3 ] DEBUG Engine               - isWindows: true
12:06:59.507 [FXGL Background Thread 3 ] DEBUG Engine               - language: ObjectProperty [value: ENGLISH]
12:06:59.507 [FXGL Background Thread 3 ] DEBUG Engine               - menuKey: ESCAPE
12:06:59.508 [FXGL Background Thread 3 ] DEBUG Engine               - mouseSensitivity: 0.2
12:06:59.508 [FXGL Background Thread 3 ] DEBUG Engine               - notificationViewClass: class com.almasb.fxgl.notification.view.XboxNotificationView
12:06:59.508 [FXGL Background Thread 3 ] DEBUG Engine               - pixelsPerMeter: 50.0
12:06:59.508 [FXGL Background Thread 3 ] DEBUG Engine               - platform: WINDOWS
12:06:59.508 [FXGL Background Thread 3 ] DEBUG Engine               - prefHeightProperty: ReadOnlyDoubleProperty [value: 600.0]
12:06:59.508 [FXGL Background Thread 3 ] DEBUG Engine               - prefWidthProperty: ReadOnlyDoubleProperty [value: 800.0]
12:06:59.508 [FXGL Background Thread 3 ] DEBUG Engine               - profileDir: profiles/
12:06:59.508 [FXGL Background Thread 3 ] DEBUG Engine               - profileName: StringProperty [value: DEFAULT]
12:06:59.508 [FXGL Background Thread 3 ] DEBUG Engine               - randomSeed: -1
12:06:59.509 [FXGL Background Thread 3 ] DEBUG Engine               - runtimeInfo: RuntimeInfo(platform=WINDOWS, version=17.1, build=24.03.2022 17.34)
12:06:59.509 [FXGL Background Thread 3 ] DEBUG Engine               - saveFileExt: sav
12:06:59.509 [FXGL Background Thread 3 ] DEBUG Engine               - scaledHeightProp$fxgl: DoubleProperty [bound, value: 600.0]
12:06:59.509 [FXGL Background Thread 3 ] DEBUG Engine               - scaledWidthProp$fxgl: DoubleProperty [bound, value: 800.0]
12:06:59.509 [FXGL Background Thread 3 ] DEBUG Engine               - sceneFactory: com.almasb.fxgl.app.scene.SceneFactory@35044ca5
12:06:59.509 [FXGL Background Thread 3 ] DEBUG Engine               - secondsIn24h: 60
12:06:59.509 [FXGL Background Thread 3 ] DEBUG Engine               - soundMenuBack: menu/back.wav
12:06:59.509 [FXGL Background Thread 3 ] DEBUG Engine               - soundMenuPress: menu/press.wav
12:06:59.509 [FXGL Background Thread 3 ] DEBUG Engine               - soundMenuSelect: menu/select.wav
12:06:59.509 [FXGL Background Thread 3 ] DEBUG Engine               - soundNotification: core/notification.wav
12:06:59.510 [FXGL Background Thread 3 ] DEBUG Engine               - stageStyle: DECORATED
12:06:59.510 [FXGL Background Thread 3 ] DEBUG Engine               - supportedLanguages: [ENGLISH, FRENCH, GERMAN, HUNGARIAN, RUSSIAN]
12:06:59.510 [FXGL Background Thread 3 ] DEBUG Engine               - ticksPerSecond: -1
12:06:59.510 [FXGL Background Thread 3 ] DEBUG Engine               - title: Bomberman
12:06:59.510 [FXGL Background Thread 3 ] DEBUG Engine               - urlGithub: https://github.com/AlmasB/FXGL
12:06:59.510 [FXGL Background Thread 3 ] DEBUG Engine               - urlLeaderboard: http://fxgl-top.herokuapp.com/
12:06:59.510 [FXGL Background Thread 3 ] DEBUG Engine               - urlPOM: https://raw.githubusercontent.com/AlmasB/FXGL/release/README.md
12:06:59.510 [FXGL Background Thread 3 ] DEBUG Engine               - userAppClass: class mangobomb.bombermango.HelloApplication
12:06:59.510 [FXGL Background Thread 3 ] DEBUG Engine               - version: 0.0
12:06:59.510 [FXGL Background Thread 3 ] DEBUG Engine               - versionCheckDays: 7
12:06:59.510 [FXGL Background Thread 3 ] DEBUG Engine               - width: 800
12:06:59.510 [FXGL Background Thread 3 ] DEBUG Engine               - Logging services
12:06:59.510 [FXGL Background Thread 3 ] DEBUG Engine               - class com.almasb.fxgl.app.services.FXGLAssetLoaderService
12:06:59.510 [FXGL Background Thread 3 ] DEBUG Engine               - class com.almasb.fxgl.app.FXGLApplication$GameApplicationService
12:06:59.510 [FXGL Background Thread 3 ] DEBUG Engine               - class com.almasb.fxgl.app.services.FXGLDialogService
12:06:59.511 [FXGL Background Thread 3 ] DEBUG Engine               - class com.almasb.fxgl.app.services.IOTaskExecutorService
12:06:59.511 [FXGL Background Thread 3 ] DEBUG Engine               - class com.almasb.fxgl.io.FileSystemService
12:06:59.511 [FXGL Background Thread 3 ] DEBUG Engine               - class com.almasb.fxgl.localization.LocalizationService
12:06:59.511 [FXGL Background Thread 3 ] DEBUG Engine               - class com.almasb.fxgl.app.services.SystemBundleService
12:06:59.511 [FXGL Background Thread 3 ] DEBUG Engine               - class com.almasb.fxgl.profile.SaveLoadService
12:06:59.511 [FXGL Background Thread 3 ] DEBUG Engine               - class com.almasb.fxgl.ui.FXGLUIFactoryServiceProvider
12:06:59.511 [FXGL Background Thread 3 ] DEBUG Engine               - class com.almasb.fxgl.ui.FXGLDialogFactoryServiceProvider
12:06:59.511 [FXGL Background Thread 3 ] DEBUG Engine               - class com.almasb.fxgl.audio.AudioPlayer
12:06:59.511 [FXGL Background Thread 3 ] DEBUG Engine               - class com.almasb.fxgl.notification.impl.NotificationServiceProvider
12:06:59.511 [FXGL Background Thread 3 ] DEBUG Engine               - class com.almasb.fxgl.achievement.AchievementService
12:06:59.511 [FXGL Background Thread 3 ] DEBUG Engine               - class com.almasb.fxgl.cutscene.CutsceneService
12:06:59.511 [FXGL Background Thread 3 ] DEBUG Engine               - class com.almasb.fxgl.minigames.MiniGameService
12:06:59.511 [FXGL Background Thread 3 ] DEBUG Engine               - class com.almasb.fxgl.net.NetService
12:06:59.511 [FXGL Background Thread 3 ] DEBUG Engine               - class com.almasb.fxgl.app.services.UpdaterService
12:06:59.511 [FXGL Background Thread 3 ] DEBUG Engine               - class com.almasb.fxgl.dev.DevService
12:07:00.922 [JavaFX Application Thread] DEBUG FXGLAssetLoaderServi - Loading from file system: file:/D:/bombermango/target/classes/assets/textures/sprites/bomb.png
12:07:00.925 [JavaFX Application Thread] DEBUG FXGLAssetLoaderServi - Loading from file system: file:/D:/bombermango/target/classes/assets/textures/sprites/bomb_1.png
12:07:00.927 [JavaFX Application Thread] DEBUG FXGLAssetLoaderServi - Loading from file system: file:/D:/bombermango/target/classes/assets/textures/sprites/bomb_2.png
12:07:00.936 [JavaFX Application Thread] WARN  GameWorld            - Entity is already attached to world
12:07:02.699 [JavaFX Application Thread] DEBUG FXGLAssetLoaderServi - Loading from file system: file:/D:/bombermango/target/classes/assets/textures/sprites/bomb_exploded.png
12:07:02.701 [JavaFX Application Thread] DEBUG FXGLAssetLoaderServi - Loading from file system: file:/D:/bombermango/target/classes/assets/textures/sprites/bomb_exploded1.png
12:07:02.703 [JavaFX Application Thread] DEBUG FXGLAssetLoaderServi - Loading from file system: file:/D:/bombermango/target/classes/assets/textures/sprites/bomb_exploded2.png
12:07:12.196 [JavaFX Application Thread] WARN  GameWorld            - Entity is already attached to world
12:07:16.180 [JavaFX Application Thread] DEBUG PrimaryStageWindow   - Push state: DialogSubScene
12:07:16.181 [JavaFX Application Thread] DEBUG Input                - Clearing active input actions
12:07:16.185 [JavaFX Application Thread] DEBUG GameApplicationServi - Removing overlay from GameScene and adding to DialogSubScene
12:07:16.186 [JavaFX Application Thread] DEBUG PrimaryStageWindow   - GameScene -> DialogSubScene
12:07:18.332 [JavaFX Application Thread] DEBUG PrimaryStageWindow   - Pop state: DialogSubScene
12:07:18.332 [JavaFX Application Thread] DEBUG Input                - Clearing active input actions
12:07:18.333 [JavaFX Application Thread] DEBUG GameApplicationServi - Removing overlay from DialogSubScene and adding to GameScene
12:07:18.333 [JavaFX Application Thread] DEBUG PrimaryStageWindow   - GameScene <- DialogSubScene
12:07:18.348 [JavaFX Application Thread] DEBUG PrimaryStageWindow   - Push state: DialogSubScene
12:07:18.348 [JavaFX Application Thread] DEBUG Input                - Clearing active input actions
12:07:18.348 [JavaFX Application Thread] DEBUG GameApplicationServi - Removing overlay from GameScene and adding to DialogSubScene
12:07:18.348 [JavaFX Application Thread] DEBUG PrimaryStageWindow   - GameScene -> DialogSubScene
12:07:19.519 [JavaFX Application Thread] DEBUG PrimaryStageWindow   - Pop state: DialogSubScene
12:07:19.519 [JavaFX Application Thread] DEBUG Input                - Clearing active input actions
12:07:19.519 [JavaFX Application Thread] DEBUG GameApplicationServi - Removing overlay from DialogSubScene and adding to GameScene
12:07:19.520 [JavaFX Application Thread] DEBUG PrimaryStageWindow   - GameScene <- DialogSubScene
12:07:19.531 [JavaFX Application Thread] DEBUG PrimaryStageWindow   - Push state: DialogSubScene
12:07:19.531 [JavaFX Application Thread] DEBUG Input                - Clearing active input actions
12:07:19.532 [JavaFX Application Thread] DEBUG GameApplicationServi - Removing overlay from GameScene and adding to DialogSubScene
12:07:19.532 [JavaFX Application Thread] DEBUG PrimaryStageWindow   - GameScene -> DialogSubScene
12:07:19.717 [JavaFX Application Thread] DEBUG PrimaryStageWindow   - Pop state: DialogSubScene
12:07:19.717 [JavaFX Application Thread] DEBUG Input                - Clearing active input actions
12:07:19.718 [JavaFX Application Thread] DEBUG GameApplicationServi - Removing overlay from DialogSubScene and adding to GameScene
12:07:19.718 [JavaFX Application Thread] DEBUG PrimaryStageWindow   - GameScene <- DialogSubScene
12:07:19.723 [JavaFX Application Thread] DEBUG PrimaryStageWindow   - Push state: DialogSubScene
12:07:19.723 [JavaFX Application Thread] DEBUG Input                - Clearing active input actions
12:07:19.724 [JavaFX Application Thread] DEBUG GameApplicationServi - Removing overlay from GameScene and adding to DialogSubScene
12:07:19.724 [JavaFX Application Thread] DEBUG PrimaryStageWindow   - GameScene -> DialogSubScene
12:07:19.914 [JavaFX Application Thread] DEBUG PrimaryStageWindow   - Pop state: DialogSubScene
12:07:19.914 [JavaFX Application Thread] DEBUG Input                - Clearing active input actions
12:07:19.915 [JavaFX Application Thread] DEBUG GameApplicationServi - Removing overlay from DialogSubScene and adding to GameScene
12:07:19.915 [JavaFX Application Thread] DEBUG PrimaryStageWindow   - GameScene <- DialogSubScene
12:07:19.917 [JavaFX Application Thread] DEBUG PrimaryStageWindow   - Push state: DialogSubScene
12:07:19.917 [JavaFX Application Thread] DEBUG Input                - Clearing active input actions
12:07:19.918 [JavaFX Application Thread] DEBUG GameApplicationServi - Removing overlay from GameScene and adding to DialogSubScene
12:07:19.918 [JavaFX Application Thread] DEBUG PrimaryStageWindow   - GameScene -> DialogSubScene
12:07:20.075 [JavaFX Application Thread] DEBUG PrimaryStageWindow   - Pop state: DialogSubScene
12:07:20.075 [JavaFX Application Thread] DEBUG Input                - Clearing active input actions
12:07:20.076 [JavaFX Application Thread] DEBUG GameApplicationServi - Removing overlay from DialogSubScene and adding to GameScene
12:07:20.076 [JavaFX Application Thread] DEBUG PrimaryStageWindow   - GameScene <- DialogSubScene
12:07:20.092 [JavaFX Application Thread] DEBUG PrimaryStageWindow   - Push state: DialogSubScene
12:07:20.092 [JavaFX Application Thread] DEBUG Input                - Clearing active input actions
12:07:20.093 [JavaFX Application Thread] DEBUG GameApplicationServi - Removing overlay from GameScene and adding to DialogSubScene
12:07:20.093 [JavaFX Application Thread] DEBUG PrimaryStageWindow   - GameScene -> DialogSubScene
12:07:20.267 [JavaFX Application Thread] DEBUG PrimaryStageWindow   - Pop state: DialogSubScene
12:07:20.267 [JavaFX Application Thread] DEBUG Input                - Clearing active input actions
12:07:20.268 [JavaFX Application Thread] DEBUG GameApplicationServi - Removing overlay from DialogSubScene and adding to GameScene
12:07:20.268 [JavaFX Application Thread] DEBUG PrimaryStageWindow   - GameScene <- DialogSubScene
12:07:20.283 [JavaFX Application Thread] DEBUG PrimaryStageWindow   - Push state: DialogSubScene
12:07:20.283 [JavaFX Application Thread] DEBUG Input                - Clearing active input actions
12:07:20.283 [JavaFX Application Thread] DEBUG GameApplicationServi - Removing overlay from GameScene and adding to DialogSubScene
12:07:20.283 [JavaFX Application Thread] DEBUG PrimaryStageWindow   - GameScene -> DialogSubScene
12:07:20.471 [JavaFX Application Thread] DEBUG PrimaryStageWindow   - Pop state: DialogSubScene
12:07:20.471 [JavaFX Application Thread] DEBUG Input                - Clearing active input actions
12:07:20.471 [JavaFX Application Thread] DEBUG GameApplicationServi - Removing overlay from DialogSubScene and adding to GameScene
12:07:20.471 [JavaFX Application Thread] DEBUG PrimaryStageWindow   - GameScene <- DialogSubScene
12:07:20.475 [JavaFX Application Thread] DEBUG PrimaryStageWindow   - Push state: DialogSubScene
12:07:20.475 [JavaFX Application Thread] DEBUG Input                - Clearing active input actions
12:07:20.475 [JavaFX Application Thread] DEBUG GameApplicationServi - Removing overlay from GameScene and adding to DialogSubScene
12:07:20.476 [JavaFX Application Thread] DEBUG PrimaryStageWindow   - GameScene -> DialogSubScene
12:07:20.630 [JavaFX Application Thread] DEBUG PrimaryStageWindow   - Pop state: DialogSubScene
12:07:20.630 [JavaFX Application Thread] DEBUG Input                - Clearing active input actions
12:07:20.631 [JavaFX Application Thread] DEBUG GameApplicationServi - Removing overlay from DialogSubScene and adding to GameScene
12:07:20.632 [JavaFX Application Thread] DEBUG PrimaryStageWindow   - GameScene <- DialogSubScene
12:07:20.635 [JavaFX Application Thread] DEBUG PrimaryStageWindow   - Push state: DialogSubScene
12:07:20.635 [JavaFX Application Thread] DEBUG Input                - Clearing active input actions
12:07:20.635 [JavaFX Application Thread] DEBUG GameApplicationServi - Removing overlay from GameScene and adding to DialogSubScene
12:07:20.635 [JavaFX Application Thread] DEBUG PrimaryStageWindow   - GameScene -> DialogSubScene
12:07:20.837 [JavaFX Application Thread] DEBUG PrimaryStageWindow   - Pop state: DialogSubScene
12:07:20.837 [JavaFX Application Thread] DEBUG Input                - Clearing active input actions
12:07:20.838 [JavaFX Application Thread] DEBUG GameApplicationServi - Removing overlay from DialogSubScene and adding to GameScene
12:07:20.838 [JavaFX Application Thread] DEBUG PrimaryStageWindow   - GameScene <- DialogSubScene
12:07:20.843 [JavaFX Application Thread] DEBUG PrimaryStageWindow   - Push state: DialogSubScene
12:07:20.843 [JavaFX Application Thread] DEBUG Input                - Clearing active input actions
12:07:20.843 [JavaFX Application Thread] DEBUG GameApplicationServi - Removing overlay from GameScene and adding to DialogSubScene
12:07:20.844 [JavaFX Application Thread] DEBUG PrimaryStageWindow   - GameScene -> DialogSubScene
12:07:22.234 [JavaFX Application Thread] DEBUG FXGLApplication      - Exiting FXGL
12:07:22.234 [JavaFX Application Thread] DEBUG LoopRunner           - Stopping loop
12:07:22.234 [JavaFX Application Thread] DEBUG SystemBundleService  - Saving FXGL system data
12:07:22.236 [JavaFX Application Thread] DEBUG FileSystemAccess     - Writing to: D:\bombermango\system\fxgl.bundle
12:07:22.239 [JavaFX Application Thread] DEBUG Async                - Shutting down background threads
12:07:22.239 [JavaFX Application Thread] DEBUG PrimaryStageWindow   - Closing main window
12:07:22.254 [JavaFX Application Thread] DEBUG Logger               - Closing Logger
