21:34:17.270 [main                     ] DEBUG Logger               - Configured Logger
21:34:17.307 [main                     ] DEBUG GameApplication      - Logging settings
Title: Bomberman
Version: 0.0
Width: 800
Height: 672
Fullscreen: false
Intro: false
Profiling: false
Single step:false
App Mode: DEVELOPER
Menu Key: ESCAPE
Stage Style: DECORATED
Scene Factory: class com.almasb.fxgl.app.scene.SceneFactory

21:34:17.826 [JavaFX Application Thread] DEBUG FXGLApplication      - Initializing FXGL
21:34:17.835 [JavaFX Application Thread] INFO  Engine               - FXGL-17.1 (24.03.2022 17.34) on WINDOWS (J:18.0.2.1 FX:18.0.1)
21:34:17.835 [JavaFX Application Thread] DEBUG Engine               - JRE Vendor Name: Oracle Corporation
21:34:17.836 [JavaFX Application Thread] DEBUG Engine               - Running on OS: Windows 10 version 10.0
21:34:17.836 [JavaFX Application Thread] DEBUG Engine               - Architecture: amd64
21:34:17.836 [JavaFX Application Thread] INFO  Engine               - Source code and latest versions at: https://github.com/AlmasB/FXGL
21:34:17.836 [JavaFX Application Thread] INFO  Engine               -       Ask questions and discuss at: https://github.com/AlmasB/FXGL/discussions
21:34:17.836 [JavaFX Application Thread] INFO  Engine               -              Join the FXGL chat at: https://gitter.im/AlmasB/FXGL
21:34:18.005 [JavaFX Application Thread] DEBUG PrimaryStageWindow   - Creating a JavaFX scene
21:34:18.069 [JavaFX Application Thread] DEBUG PrimaryStageWindow   - Target settings size: 800.0 x 672.0
21:34:18.069 [JavaFX Application Thread] DEBUG PrimaryStageWindow   - Scaled scene size:    800.0 x 672.0
21:34:18.070 [JavaFX Application Thread] DEBUG PrimaryStageWindow   - Scaled ratio: (1.0, 1.0)
21:34:18.072 [JavaFX Application Thread] DEBUG PrimaryStageWindow   - Set initial scene to FXGLStartupScene
21:34:18.085 [JavaFX Application Thread] DEBUG PrimaryStageWindow   - Opening main window
21:34:18.222 [JavaFX Application Thread] DEBUG PrimaryStageWindow   - Window border size: (14.66668701171875, 37.33331298828125)
21:34:18.222 [JavaFX Application Thread] DEBUG PrimaryStageWindow   - Scaled size: 800.0 x 672.0
21:34:18.223 [JavaFX Application Thread] DEBUG PrimaryStageWindow   - Scaled ratio: (1.0, 1.0)
21:34:18.223 [JavaFX Application Thread] DEBUG PrimaryStageWindow   - Scene size: 800.0 x 672.0
21:34:18.223 [JavaFX Application Thread] DEBUG PrimaryStageWindow   - Stage size: 814.6666870117188 x 709.3333129882812
21:34:18.293 [FXGL Background Thread 1 ] DEBUG Engine               - Initializing environment variables
21:34:18.374 [FXGL Background Thread 1 ] DEBUG FXGLAssetLoaderServi - User app class for loading assets: class mangobomb.bombermango.HelloApplication
21:34:18.374 [FXGL Background Thread 1 ] DEBUG GameApplicationServi - Applying CSS: fxgl_dark.css
21:34:18.375 [FXGL Background Thread 1 ] DEBUG FXGLAssetLoaderServi - Loading from file system: jar:file:/C:/Users/Admin/.m2/repository/com/github/almasb/fxgl/17.1/fxgl-17.1.jar!/fxglassets/ui/css/fxgl_dark.css
21:34:18.475 [FXGL Background Thread 1 ] DEBUG GameApplicationServi - Initializing application scenes
21:34:18.588 [FXGL Background Thread 1 ] DEBUG GameWorld            - Game world initialized
21:34:18.675 [FXGL Background Thread 1 ] DEBUG PhysicsWorld         - Physics world initialized: appHeight=672, physics.ppm=50.0
21:34:18.676 [FXGL Background Thread 1 ] DEBUG PhysicsWorld         - Using strategy: BRUTE_FORCE
21:34:18.683 [FXGL Background Thread 1 ] DEBUG GameScene            - Game scene initialized: 800x672
21:34:18.704 [FXGL Background Thread 1 ] DEBUG FXGL.DefaultMenu     - createMenuBodyMainMenu()
21:34:18.735 [FXGL Background Thread 1 ] DEBUG FXGL.DefaultMenu     - createOptionsMenu()
21:34:18.753 [FXGL Background Thread 1 ] DEBUG FXGLAssetLoaderServi - Loading from file system: jar:file:/C:/Users/Admin/.m2/repository/com/github/almasb/fxgl/17.1/fxgl-17.1.jar!/fxglassets/textures/particles/smoke.png
21:34:18.908 [FXGL Background Thread 1 ] DEBUG FXGLAssetLoaderServi - Loading from file system: jar:file:/C:/Users/Admin/.m2/repository/com/github/almasb/fxgl/17.1/fxgl-17.1.jar!/fxglassets/textures/particles/trace_horizontal.png
21:34:18.962 [FXGL Background Thread 1 ] DEBUG FXGL.DefaultMenu     - createMenuBodyGameMenu()
21:34:18.964 [FXGL Background Thread 1 ] DEBUG FXGL.DefaultMenu     - createOptionsMenu()
21:34:18.989 [FXGL Background Thread 1 ] DEBUG GameApplicationServi - Application scenes initialized
21:34:19.014 [FXGL Background Thread 1 ] DEBUG SystemBundleService  - Loading FXGL system data
21:34:19.024 [FXGL Background Thread 1 ] DEBUG FileSystemAccess     - Reading from: D:\bombermango\system\fxgl.bundle
21:34:19.038 [FXGL Background Thread 1 ] DEBUG SystemBundleService  - Bundle FXGL: {}
21:34:19.038 [FXGL Background Thread 1 ] DEBUG UpdaterService       - Checking for updates
21:34:19.045 [FXGL Background Thread 1 ] DEBUG FXGLApplication      - Loading default localization
21:34:19.046 [FXGL Background Thread 1 ] DEBUG FXGLAssetLoaderServi - Loading from file system: jar:file:/C:/Users/Admin/.m2/repository/com/github/almasb/fxgl/17.1/fxgl-17.1.jar!/fxglassets/languages/english.lang
21:34:19.071 [FXGL Background Thread 1 ] INFO  FXGLApplication      - FXGL initialization took: 0.777 sec
21:34:19.088 [JavaFX Application Thread] DEBUG Input                - Registered new binding: moveUp - W
21:34:19.088 [JavaFX Application Thread] DEBUG Input                - Registered new binding: moveRight - D
21:34:19.089 [JavaFX Application Thread] DEBUG Input                - Registered new binding: moveLeft - A
21:34:19.089 [JavaFX Application Thread] DEBUG Input                - Registered new binding: moveDown - S
21:34:19.089 [JavaFX Application Thread] DEBUG Input                - Registered new binding: implantBomb - F
21:34:19.089 [JavaFX Application Thread] DEBUG Input                - Registered new binding: PlayMusic - M
21:34:19.090 [JavaFX Application Thread] DEBUG FXGLAssetLoaderServi - Loading from file system: jar:file:/C:/Users/Admin/.m2/repository/com/github/almasb/fxgl/17.1/fxgl-17.1.jar!/fxglassets/textures/fxgl_icon.png
21:34:19.121 [FXGL Background Thread 4 ] DEBUG FXGLApplication      - Loading fonts
21:34:19.122 [FXGL Background Thread 4 ] DEBUG FXGLAssetLoaderServi - Loading from file system: jar:file:/C:/Users/Admin/.m2/repository/com/github/almasb/fxgl/17.1/fxgl-17.1.jar!/fxglassets/ui/fonts/VarelaRound-Regular.ttf
21:34:19.124 [JavaFX Application Thread] DEBUG FXGLAssetLoaderServi - Loading from file system: jar:file:/C:/Users/Admin/.m2/repository/com/github/almasb/fxgl/17.1/fxgl-17.1.jar!/fxglassets/textures/fxgl_default_cursor.png
21:34:19.128 [JavaFX Application Thread] DEBUG Input                - Registered new binding: Screenshot - CTRL+8
21:34:19.128 [JavaFX Application Thread] DEBUG Input                - Registered new binding: System info dump - CTRL+9
21:34:19.129 [JavaFX Application Thread] DEBUG Input                - Registered new binding: Restart - CTRL+R
21:34:19.130 [JavaFX Application Thread] DEBUG Input                - Registered new binding: Toggle Debug Camera - CTRL+7
21:34:19.133 [JavaFX Application Thread] DEBUG LoopRunner           - Starting loop
21:34:19.133 [JavaFX Application Thread] DEBUG LoopRunner           - Initializing JavaFX AnimationTimerLoop
21:34:19.136 [JavaFX Application Thread] DEBUG Input                - Clearing active input actions
21:34:19.145 [JavaFX Application Thread] DEBUG GameApplicationServi - Removing overlay from FXGLStartupScene and adding to FXGLMainMenuDummyScene
21:34:19.145 [JavaFX Application Thread] DEBUG PrimaryStageWindow   - FXGLStartupScene -> FXGLMainMenuDummyScene
21:34:19.145 [JavaFX Application Thread] DEBUG PrimaryStageWindow   - Push state: FXGLDefaultMenu
21:34:19.152 [JavaFX Application Thread] DEBUG Input                - Clearing active input actions
21:34:19.185 [JavaFX Application Thread] DEBUG GameApplicationServi - Removing overlay from FXGLMainMenuDummyScene and adding to FXGLDefaultMenu
21:34:19.186 [JavaFX Application Thread] DEBUG PrimaryStageWindow   - FXGLMainMenuDummyScene -> FXGLDefaultMenu
21:34:19.421 [FXGL Background Thread 4 ] DEBUG FXGLAssetLoaderServi - Loading from file system: jar:file:/C:/Users/Admin/.m2/repository/com/github/almasb/fxgl/17.1/fxgl-17.1.jar!/fxglassets/ui/fonts/Abel-Regular.ttf
21:34:19.426 [FXGL Background Thread 4 ] DEBUG FXGLAssetLoaderServi - Loading from file system: jar:file:/C:/Users/Admin/.m2/repository/com/github/almasb/fxgl/17.1/fxgl-17.1.jar!/fxglassets/ui/fonts/TerminalLandMono-Regular.otf
21:34:19.430 [FXGL Background Thread 4 ] DEBUG FXGLAssetLoaderServi - Loading from file system: jar:file:/C:/Users/Admin/.m2/repository/com/github/almasb/fxgl/17.1/fxgl-17.1.jar!/fxglassets/ui/fonts/Courier-Prime.ttf
21:34:19.515 [JavaFX Application Thread] DEBUG FXGLApplication      - Registering font factories with UI factory
21:34:20.094 [FXGL Background Thread 2 ] INFO  UpdaterService       - Your current version:  17.1
21:34:20.095 [FXGL Background Thread 2 ] INFO  UpdaterService       - Latest stable version: 17.2
21:34:20.943 [JavaFX Application Thread] DEBUG Menu                 - fireNewGame()
21:34:20.943 [JavaFX Application Thread] DEBUG GameApplicationServi - Starting new game
21:34:20.946 [JavaFX Application Thread] DEBUG PrimaryStageWindow   - Pop state: FXGLDefaultMenu
21:34:20.946 [JavaFX Application Thread] DEBUG Input                - Clearing active input actions
21:34:20.947 [JavaFX Application Thread] DEBUG GameApplicationServi - Removing overlay from FXGLDefaultMenu and adding to FXGLMainMenuDummyScene
21:34:20.948 [JavaFX Application Thread] DEBUG PrimaryStageWindow   - FXGLMainMenuDummyScene <- FXGLDefaultMenu
21:34:20.948 [JavaFX Application Thread] DEBUG Input                - Clearing active input actions
21:34:20.981 [JavaFX Application Thread] DEBUG GameApplicationServi - Removing overlay from FXGLMainMenuDummyScene and adding to FXGLLoadingScene
21:34:20.984 [JavaFX Application Thread] DEBUG PrimaryStageWindow   - FXGLMainMenuDummyScene -> FXGLLoadingScene
21:34:20.984 [JavaFX Application Thread] DEBUG GameApplicationServi - Clearing previous game
21:34:20.984 [JavaFX Application Thread] DEBUG GameScene            - Clearing game scene
21:34:20.984 [JavaFX Application Thread] DEBUG GameWorld            - Clearing game world
21:34:20.985 [JavaFX Application Thread] DEBUG PhysicsWorld         - Clearing physics world
21:34:20.990 [FXGL Background Thread 2 ] DEBUG FXGLApplication      - Initializing game
21:34:21.028 [FXGL Background Thread 2 ] DEBUG FXGLAssetLoaderServi - Loading from file system: file:/D:/bombermango/target/classes/assets/textures/sprites/wall.png
21:34:21.071 [FXGL Background Thread 2 ] DEBUG FXGLAssetLoaderServi - Loading from file system: file:/D:/bombermango/target/classes/assets/textures/sprites/brick.png
21:34:21.075 [FXGL Background Thread 2 ] DEBUG FXGLAssetLoaderServi - Loading from file system: file:/D:/bombermango/target/classes/assets/textures/sprites/balloom_right1.png
21:34:21.077 [FXGL Background Thread 2 ] DEBUG FXGLAssetLoaderServi - Loading from file system: file:/D:/bombermango/target/classes/assets/textures/sprites/balloom_right2.png
21:34:21.078 [FXGL Background Thread 2 ] DEBUG FXGLAssetLoaderServi - Loading from file system: file:/D:/bombermango/target/classes/assets/textures/sprites/balloom_right3.png
21:34:21.095 [FXGL Background Thread 2 ] DEBUG FXGLAssetLoaderServi - Loading from file system: file:/D:/bombermango/target/classes/assets/textures/sprites/oneal_right1.png
21:34:21.096 [FXGL Background Thread 2 ] DEBUG FXGLAssetLoaderServi - Loading from file system: file:/D:/bombermango/target/classes/assets/textures/sprites/oneal_right2.png
21:34:21.098 [FXGL Background Thread 2 ] DEBUG FXGLAssetLoaderServi - Loading from file system: file:/D:/bombermango/target/classes/assets/textures/sprites/oneal_right3.png
21:34:21.268 [FXGL Background Thread 2 ] DEBUG FXGLAssetLoaderServi - Loading from file system: file:/D:/bombermango/target/classes/assets/textures/sprites/doll_right1.png
21:34:21.269 [FXGL Background Thread 2 ] DEBUG FXGLAssetLoaderServi - Loading from file system: file:/D:/bombermango/target/classes/assets/textures/sprites/doll_right2.png
21:34:21.271 [FXGL Background Thread 2 ] DEBUG FXGLAssetLoaderServi - Loading from file system: file:/D:/bombermango/target/classes/assets/textures/sprites/doll_right3.png
21:34:21.317 [FXGL Background Thread 2 ] DEBUG GameWorld            - Clearing removable entities
21:34:21.318 [FXGL Background Thread 2 ] DEBUG GameWorld            - Setting level: com.almasb.fxgl.entity.level.Level@4f5cef22
21:34:21.408 [FXGL Background Thread 2 ] DEBUG FXGLAssetLoaderServi - Loading from file system: file:/D:/bombermango/target/classes/assets/music/gameaudio.wav
21:34:21.691 [FXGL Background Thread 2 ] DEBUG FXGLAssetLoaderServi - Loading from file system: file:/D:/bombermango/target/classes/assets/textures/sprites/player_right.png
21:34:21.697 [FXGL Background Thread 2 ] DEBUG FXGLAssetLoaderServi - Loading from file system: file:/D:/bombermango/target/classes/assets/textures/sprites/player_right_1.png
21:34:21.699 [FXGL Background Thread 2 ] WARN  FXGLAssetLoaderServi - Asset "/assets/textures/sprites/player_right_2.png" was not found!
21:34:21.699 [FXGL Background Thread 2 ] WARN  FXGLAssetLoaderServi - Failed to load RESIZABLE_IMAGE
21:34:21.736 [FXGL Background Thread 2 ] DEBUG FXGLAssetLoaderServi - Loading from file system: file:/D:/bombermango/target/classes/assets/textures/sprites/player_down.png
21:34:21.739 [FXGL Background Thread 2 ] DEBUG FXGLAssetLoaderServi - Loading from file system: file:/D:/bombermango/target/classes/assets/textures/sprites/player_down_1.png
21:34:21.741 [FXGL Background Thread 2 ] DEBUG FXGLAssetLoaderServi - Loading from file system: file:/D:/bombermango/target/classes/assets/textures/sprites/player_down_2.png
21:34:21.743 [FXGL Background Thread 2 ] DEBUG FXGLAssetLoaderServi - Loading from file system: file:/D:/bombermango/target/classes/assets/textures/sprites/player_left.png
21:34:21.745 [FXGL Background Thread 2 ] DEBUG FXGLAssetLoaderServi - Loading from file system: file:/D:/bombermango/target/classes/assets/textures/sprites/player_left_1.png
21:34:21.747 [FXGL Background Thread 2 ] DEBUG FXGLAssetLoaderServi - Loading from file system: file:/D:/bombermango/target/classes/assets/textures/sprites/player_left_2.png
21:34:21.749 [FXGL Background Thread 2 ] DEBUG FXGLAssetLoaderServi - Loading from file system: file:/D:/bombermango/target/classes/assets/textures/sprites/portal.png
21:34:21.753 [FXGL Background Thread 2 ] DEBUG FXGLAssetLoaderServi - Loading from file system: file:/D:/bombermango/target/classes/assets/textures/sprites/powerup_bombs.png
21:34:21.757 [FXGL Background Thread 2 ] DEBUG FXGLAssetLoaderServi - Loading from file system: file:/D:/bombermango/target/classes/assets/textures/sprites/powerup_flames.png
21:34:21.766 [FXGL Background Thread 2 ] INFO  FXGLApplication      - Game initialization took: 0.776 sec
21:34:21.767 [JavaFX Application Thread] DEBUG Input                - Clearing active input actions
21:34:21.782 [JavaFX Application Thread] DEBUG GameApplicationServi - Removing overlay from FXGLLoadingScene and adding to GameScene
21:34:21.783 [JavaFX Application Thread] DEBUG PrimaryStageWindow   - FXGLLoadingScene -> GameScene
21:34:22.069 [FXGL Background Thread 3 ] DEBUG Engine               - Logging environment variables
21:34:22.070 [FXGL Background Thread 3 ] DEBUG Engine               - achievements: []
21:34:22.070 [FXGL Background Thread 3 ] DEBUG Engine               - actualHeight: 672.0
21:34:22.070 [FXGL Background Thread 3 ] DEBUG Engine               - actualHeightProperty: ReadOnlyDoubleProperty [value: 672.0]
21:34:22.070 [FXGL Background Thread 3 ] DEBUG Engine               - actualWidth: 800.0
21:34:22.071 [FXGL Background Thread 3 ] DEBUG Engine               - actualWidthProperty: ReadOnlyDoubleProperty [value: 800.0]
21:34:22.071 [FXGL Background Thread 3 ] DEBUG Engine               - appIcon: fxgl_icon.png
21:34:22.071 [FXGL Background Thread 3 ] DEBUG Engine               - applicationMode: DEVELOPER
21:34:22.071 [FXGL Background Thread 3 ] DEBUG Engine               - cSSList: [fxgl_dark.css]
21:34:22.071 [FXGL Background Thread 3 ] DEBUG Engine               - collisionDetectionStrategy: BRUTE_FORCE
21:34:22.071 [FXGL Background Thread 3 ] DEBUG Engine               - configClass: Optional.empty
21:34:22.071 [FXGL Background Thread 3 ] DEBUG Engine               - credits: []
21:34:22.071 [FXGL Background Thread 3 ] DEBUG Engine               - defaultCursor: CursorInfo(imageName=fxgl_default_cursor.png, hotspotX=7.0, hotspotY=6.0)
21:34:22.072 [FXGL Background Thread 3 ] DEBUG Engine               - devBBoxColorProperty: ObjectProperty [value: 0xff0000ff]
21:34:22.072 [FXGL Background Thread 3 ] DEBUG Engine               - devEnableDebugCameraProperty: BooleanProperty [value: false]
21:34:22.072 [FXGL Background Thread 3 ] DEBUG Engine               - devSensorColorProperty: ObjectProperty [value: 0xffff00ff]
21:34:22.072 [FXGL Background Thread 3 ] DEBUG Engine               - devShowBBoxProperty: BooleanProperty [value: false]
21:34:22.072 [FXGL Background Thread 3 ] DEBUG Engine               - devShowPositionProperty: BooleanProperty [value: false]
21:34:22.072 [FXGL Background Thread 3 ] DEBUG Engine               - enabledMenuItems: []
21:34:22.072 [FXGL Background Thread 3 ] DEBUG Engine               - engineServices: [class com.almasb.fxgl.app.services.FXGLAssetLoaderService, class com.almasb.fxgl.app.FXGLApplication$GameApplicationService, class com.almasb.fxgl.app.services.FXGLDialogService, class com.almasb.fxgl.app.services.IOTaskExecutorService, class com.almasb.fxgl.io.FileSystemService, class com.almasb.fxgl.localization.LocalizationService, class com.almasb.fxgl.app.services.SystemBundleService, class com.almasb.fxgl.profile.SaveLoadService, class com.almasb.fxgl.ui.FXGLUIFactoryServiceProvider, class com.almasb.fxgl.ui.FXGLDialogFactoryServiceProvider, class com.almasb.fxgl.audio.AudioPlayer, class com.almasb.fxgl.notification.impl.NotificationServiceProvider, class com.almasb.fxgl.achievement.AchievementService, class com.almasb.fxgl.cutscene.CutsceneService, class com.almasb.fxgl.minigames.MiniGameService, class com.almasb.fxgl.net.NetService, class com.almasb.fxgl.app.services.UpdaterService, class com.almasb.fxgl.dev.DevService]
21:34:22.072 [FXGL Background Thread 3 ] DEBUG Engine               - fontGame: Abel-Regular.ttf
21:34:22.072 [FXGL Background Thread 3 ] DEBUG Engine               - fontMono: TerminalLandMono-Regular.otf
21:34:22.072 [FXGL Background Thread 3 ] DEBUG Engine               - fontText: Courier-Prime.ttf
21:34:22.072 [FXGL Background Thread 3 ] DEBUG Engine               - fontUI: VarelaRound-Regular.ttf
21:34:22.072 [FXGL Background Thread 3 ] DEBUG Engine               - fullScreen: BooleanProperty [value: false]
21:34:22.072 [FXGL Background Thread 3 ] DEBUG Engine               - gameDifficulty: MEDIUM
21:34:22.072 [FXGL Background Thread 3 ] DEBUG Engine               - gameDifficultyProperty: ObjectProperty [value: MEDIUM]
21:34:22.073 [FXGL Background Thread 3 ] DEBUG Engine               - globalMusicVolume: 0.5
21:34:22.073 [FXGL Background Thread 3 ] DEBUG Engine               - globalMusicVolumeProperty: DoubleProperty [value: 0.5]
21:34:22.073 [FXGL Background Thread 3 ] DEBUG Engine               - globalSoundVolume: 0.5
21:34:22.073 [FXGL Background Thread 3 ] DEBUG Engine               - globalSoundVolumeProperty: DoubleProperty [value: 0.5]
21:34:22.073 [FXGL Background Thread 3 ] DEBUG Engine               - height: 672
21:34:22.073 [FXGL Background Thread 3 ] DEBUG Engine               - is3D: false
21:34:22.073 [FXGL Background Thread 3 ] DEBUG Engine               - isAndroid: false
21:34:22.073 [FXGL Background Thread 3 ] DEBUG Engine               - isBrowser: false
21:34:22.073 [FXGL Background Thread 3 ] DEBUG Engine               - isClickFeedbackEnabled: false
21:34:22.073 [FXGL Background Thread 3 ] DEBUG Engine               - isCloseConfirmation: false
21:34:22.073 [FXGL Background Thread 3 ] DEBUG Engine               - isDesktop: true
21:34:22.073 [FXGL Background Thread 3 ] DEBUG Engine               - isDeveloperMenuEnabled: false
21:34:22.073 [FXGL Background Thread 3 ] DEBUG Engine               - isEmbedded: false
21:34:22.074 [FXGL Background Thread 3 ] DEBUG Engine               - isEntityPreloadEnabled: true
21:34:22.074 [FXGL Background Thread 3 ] DEBUG Engine               - isExperimentalTiledLargeMap: false
21:34:22.074 [FXGL Background Thread 3 ] DEBUG Engine               - isFileSystemWriteAllowed: true
21:34:22.074 [FXGL Background Thread 3 ] DEBUG Engine               - isFullScreenAllowed: false
21:34:22.075 [FXGL Background Thread 3 ] DEBUG Engine               - isFullScreenFromStart: false
21:34:22.075 [FXGL Background Thread 3 ] DEBUG Engine               - isGameMenuEnabled: true
21:34:22.076 [FXGL Background Thread 3 ] DEBUG Engine               - isIOS: false
21:34:22.076 [FXGL Background Thread 3 ] DEBUG Engine               - isIntroEnabled: false
21:34:22.076 [FXGL Background Thread 3 ] DEBUG Engine               - isLinux: false
21:34:22.076 [FXGL Background Thread 3 ] DEBUG Engine               - isMac: false
21:34:22.076 [FXGL Background Thread 3 ] DEBUG Engine               - isMainMenuEnabled: true
21:34:22.076 [FXGL Background Thread 3 ] DEBUG Engine               - isManualResizeEnabled: false
21:34:22.076 [FXGL Background Thread 3 ] DEBUG Engine               - isMobile: false
21:34:22.076 [FXGL Background Thread 3 ] DEBUG Engine               - isNative: false
21:34:22.076 [FXGL Background Thread 3 ] DEBUG Engine               - isPauseMusicWhenMinimized: true
21:34:22.076 [FXGL Background Thread 3 ] DEBUG Engine               - isPreserveResizeRatio: false
21:34:22.076 [FXGL Background Thread 3 ] DEBUG Engine               - isProfilingEnabled: false
21:34:22.077 [FXGL Background Thread 3 ] DEBUG Engine               - isScaleAffectedOnResize: true
21:34:22.077 [FXGL Background Thread 3 ] DEBUG Engine               - isSingleStep: false
21:34:22.077 [FXGL Background Thread 3 ] DEBUG Engine               - isUserProfileEnabled: false
21:34:22.077 [FXGL Background Thread 3 ] DEBUG Engine               - isWindows: true
21:34:22.079 [FXGL Background Thread 3 ] DEBUG Engine               - language: ObjectProperty [value: ENGLISH]
21:34:22.079 [FXGL Background Thread 3 ] DEBUG Engine               - menuKey: ESCAPE
21:34:22.079 [FXGL Background Thread 3 ] DEBUG Engine               - mouseSensitivity: 0.2
21:34:22.079 [FXGL Background Thread 3 ] DEBUG Engine               - notificationViewClass: class com.almasb.fxgl.notification.view.XboxNotificationView
21:34:22.079 [FXGL Background Thread 3 ] DEBUG Engine               - pixelsPerMeter: 50.0
21:34:22.079 [FXGL Background Thread 3 ] DEBUG Engine               - platform: WINDOWS
21:34:22.080 [FXGL Background Thread 3 ] DEBUG Engine               - prefHeightProperty: ReadOnlyDoubleProperty [value: 672.0]
21:34:22.080 [FXGL Background Thread 3 ] DEBUG Engine               - prefWidthProperty: ReadOnlyDoubleProperty [value: 800.0]
21:34:22.080 [FXGL Background Thread 3 ] DEBUG Engine               - profileDir: profiles/
21:34:22.080 [FXGL Background Thread 3 ] DEBUG Engine               - profileName: StringProperty [value: DEFAULT]
21:34:22.080 [FXGL Background Thread 3 ] DEBUG Engine               - randomSeed: -1
21:34:22.080 [FXGL Background Thread 3 ] DEBUG Engine               - runtimeInfo: RuntimeInfo(platform=WINDOWS, version=17.1, build=24.03.2022 17.34)
21:34:22.081 [FXGL Background Thread 3 ] DEBUG Engine               - saveFileExt: sav
21:34:22.085 [FXGL Background Thread 3 ] DEBUG Engine               - scaledHeightProp$fxgl: DoubleProperty [bound, value: 672.0]
21:34:22.085 [FXGL Background Thread 3 ] DEBUG Engine               - scaledWidthProp$fxgl: DoubleProperty [bound, value: 800.0]
21:34:22.085 [FXGL Background Thread 3 ] DEBUG Engine               - sceneFactory: com.almasb.fxgl.app.scene.SceneFactory@5b748ba4
21:34:22.085 [FXGL Background Thread 3 ] DEBUG Engine               - secondsIn24h: 60
21:34:22.085 [FXGL Background Thread 3 ] DEBUG Engine               - soundMenuBack: menu/back.wav
21:34:22.085 [FXGL Background Thread 3 ] DEBUG Engine               - soundMenuPress: menu/press.wav
21:34:22.085 [FXGL Background Thread 3 ] DEBUG Engine               - soundMenuSelect: menu/select.wav
21:34:22.085 [FXGL Background Thread 3 ] DEBUG Engine               - soundNotification: core/notification.wav
21:34:22.085 [FXGL Background Thread 3 ] DEBUG Engine               - stageStyle: DECORATED
21:34:22.085 [FXGL Background Thread 3 ] DEBUG Engine               - supportedLanguages: [ENGLISH, FRENCH, GERMAN, HUNGARIAN, RUSSIAN]
21:34:22.085 [FXGL Background Thread 3 ] DEBUG Engine               - ticksPerSecond: -1
21:34:22.085 [FXGL Background Thread 3 ] DEBUG Engine               - title: Bomberman
21:34:22.085 [FXGL Background Thread 3 ] DEBUG Engine               - urlGithub: https://github.com/AlmasB/FXGL
21:34:22.085 [FXGL Background Thread 3 ] DEBUG Engine               - urlLeaderboard: http://fxgl-top.herokuapp.com/
21:34:22.085 [FXGL Background Thread 3 ] DEBUG Engine               - urlPOM: https://raw.githubusercontent.com/AlmasB/FXGL/release/README.md
21:34:22.085 [FXGL Background Thread 3 ] DEBUG Engine               - userAppClass: class mangobomb.bombermango.HelloApplication
21:34:22.085 [FXGL Background Thread 3 ] DEBUG Engine               - version: 0.0
21:34:22.086 [FXGL Background Thread 3 ] DEBUG Engine               - versionCheckDays: 7
21:34:22.086 [FXGL Background Thread 3 ] DEBUG Engine               - width: 800
21:34:22.086 [FXGL Background Thread 3 ] DEBUG Engine               - Logging services
21:34:22.086 [FXGL Background Thread 3 ] DEBUG Engine               - class com.almasb.fxgl.app.services.FXGLAssetLoaderService
21:34:22.086 [FXGL Background Thread 3 ] DEBUG Engine               - class com.almasb.fxgl.app.FXGLApplication$GameApplicationService
21:34:22.086 [FXGL Background Thread 3 ] DEBUG Engine               - class com.almasb.fxgl.app.services.FXGLDialogService
21:34:22.086 [FXGL Background Thread 3 ] DEBUG Engine               - class com.almasb.fxgl.app.services.IOTaskExecutorService
21:34:22.086 [FXGL Background Thread 3 ] DEBUG Engine               - class com.almasb.fxgl.io.FileSystemService
21:34:22.086 [FXGL Background Thread 3 ] DEBUG Engine               - class com.almasb.fxgl.localization.LocalizationService
21:34:22.086 [FXGL Background Thread 3 ] DEBUG Engine               - class com.almasb.fxgl.app.services.SystemBundleService
21:34:22.086 [FXGL Background Thread 3 ] DEBUG Engine               - class com.almasb.fxgl.profile.SaveLoadService
21:34:22.086 [FXGL Background Thread 3 ] DEBUG Engine               - class com.almasb.fxgl.ui.FXGLUIFactoryServiceProvider
21:34:22.086 [FXGL Background Thread 3 ] DEBUG Engine               - class com.almasb.fxgl.ui.FXGLDialogFactoryServiceProvider
21:34:22.086 [FXGL Background Thread 3 ] DEBUG Engine               - class com.almasb.fxgl.audio.AudioPlayer
21:34:22.086 [FXGL Background Thread 3 ] DEBUG Engine               - class com.almasb.fxgl.notification.impl.NotificationServiceProvider
21:34:22.086 [FXGL Background Thread 3 ] DEBUG Engine               - class com.almasb.fxgl.achievement.AchievementService
21:34:22.086 [FXGL Background Thread 3 ] DEBUG Engine               - class com.almasb.fxgl.cutscene.CutsceneService
21:34:22.086 [FXGL Background Thread 3 ] DEBUG Engine               - class com.almasb.fxgl.minigames.MiniGameService
21:34:22.086 [FXGL Background Thread 3 ] DEBUG Engine               - class com.almasb.fxgl.net.NetService
21:34:22.086 [FXGL Background Thread 3 ] DEBUG Engine               - class com.almasb.fxgl.app.services.UpdaterService
21:34:22.086 [FXGL Background Thread 3 ] DEBUG Engine               - class com.almasb.fxgl.dev.DevService
21:34:28.106 [JavaFX Application Thread] DEBUG FXGLApplication      - Exiting FXGL
21:34:28.106 [JavaFX Application Thread] DEBUG LoopRunner           - Stopping loop
21:34:28.106 [JavaFX Application Thread] DEBUG SystemBundleService  - Saving FXGL system data
21:34:28.108 [JavaFX Application Thread] DEBUG FileSystemAccess     - Writing to: D:\bombermango\system\fxgl.bundle
21:34:28.111 [JavaFX Application Thread] DEBUG Async                - Shutting down background threads
21:34:28.111 [JavaFX Application Thread] DEBUG PrimaryStageWindow   - Closing main window
21:34:28.127 [JavaFX Application Thread] DEBUG Logger               - Closing Logger
