16:49:40.471 [main                     ] DEBUG Logger               - Configured Logger
16:49:40.515 [main                     ] DEBUG GameApplication      - Logging settings
Title: Bomberman
Version: 0.0
Width: 800
Height: 672
Fullscreen: false
Intro: false
Profiling: false
Single step:false
App Mode: DEVELOPER
Menu Key: ESCAPE
Stage Style: DECORATED
Scene Factory: class com.almasb.fxgl.app.scene.SceneFactory

16:49:41.051 [JavaFX Application Thread] DEBUG FXGLApplication      - Initializing FXGL
16:49:41.060 [JavaFX Application Thread] INFO  Engine               - FXGL-17.1 (24.03.2022 17.34) on WINDOWS (J:18.0.2.1 FX:18.0.1)
16:49:41.061 [JavaFX Application Thread] DEBUG Engine               - JRE Vendor Name: Oracle Corporation
16:49:41.061 [JavaFX Application Thread] DEBUG Engine               - Running on OS: Windows 10 version 10.0
16:49:41.062 [JavaFX Application Thread] DEBUG Engine               - Architecture: amd64
16:49:41.062 [JavaFX Application Thread] INFO  Engine               - Source code and latest versions at: https://github.com/AlmasB/FXGL
16:49:41.062 [JavaFX Application Thread] INFO  Engine               -       Ask questions and discuss at: https://github.com/AlmasB/FXGL/discussions
16:49:41.062 [JavaFX Application Thread] INFO  Engine               -              Join the FXGL chat at: https://gitter.im/AlmasB/FXGL
16:49:41.247 [JavaFX Application Thread] DEBUG PrimaryStageWindow   - Creating a JavaFX scene
16:49:41.320 [JavaFX Application Thread] DEBUG PrimaryStageWindow   - Target settings size: 800.0 x 672.0
16:49:41.321 [JavaFX Application Thread] DEBUG PrimaryStageWindow   - Scaled scene size:    800.0 x 672.0
16:49:41.321 [JavaFX Application Thread] DEBUG PrimaryStageWindow   - Scaled ratio: (1.0, 1.0)
16:49:41.323 [JavaFX Application Thread] DEBUG PrimaryStageWindow   - Set initial scene to FXGLStartupScene
16:49:41.337 [JavaFX Application Thread] DEBUG PrimaryStageWindow   - Opening main window
16:49:41.476 [JavaFX Application Thread] DEBUG PrimaryStageWindow   - Window border size: (14.66668701171875, 37.33331298828125)
16:49:41.476 [JavaFX Application Thread] DEBUG PrimaryStageWindow   - Scaled size: 800.0 x 672.0
16:49:41.477 [JavaFX Application Thread] DEBUG PrimaryStageWindow   - Scaled ratio: (1.0, 1.0)
16:49:41.477 [JavaFX Application Thread] DEBUG PrimaryStageWindow   - Scene size: 800.0 x 672.0
16:49:41.477 [JavaFX Application Thread] DEBUG PrimaryStageWindow   - Stage size: 814.6666870117188 x 709.3333129882812
16:49:41.529 [FXGL Background Thread 1 ] DEBUG Engine               - Initializing environment variables
16:49:41.615 [FXGL Background Thread 1 ] DEBUG FXGLAssetLoaderServi - User app class for loading assets: class mangobomb.bombermango.HelloApplication
16:49:41.615 [FXGL Background Thread 1 ] DEBUG GameApplicationServi - Applying CSS: fxgl_dark.css
16:49:41.616 [FXGL Background Thread 1 ] DEBUG FXGLAssetLoaderServi - Loading from file system: jar:file:/C:/Users/Admin/.m2/repository/com/github/almasb/fxgl/17.1/fxgl-17.1.jar!/fxglassets/ui/css/fxgl_dark.css
16:49:41.709 [FXGL Background Thread 1 ] DEBUG GameApplicationServi - Initializing application scenes
16:49:41.815 [FXGL Background Thread 1 ] DEBUG GameWorld            - Game world initialized
16:49:41.914 [FXGL Background Thread 1 ] DEBUG PhysicsWorld         - Physics world initialized: appHeight=672, physics.ppm=50.0
16:49:41.915 [FXGL Background Thread 1 ] DEBUG PhysicsWorld         - Using strategy: BRUTE_FORCE
16:49:41.922 [FXGL Background Thread 1 ] DEBUG GameScene            - Game scene initialized: 800x672
16:49:41.944 [FXGL Background Thread 1 ] DEBUG FXGL.DefaultMenu     - createMenuBodyMainMenu()
16:49:41.970 [FXGL Background Thread 1 ] DEBUG FXGL.DefaultMenu     - createOptionsMenu()
16:49:41.989 [FXGL Background Thread 1 ] DEBUG FXGLAssetLoaderServi - Loading from file system: jar:file:/C:/Users/Admin/.m2/repository/com/github/almasb/fxgl/17.1/fxgl-17.1.jar!/fxglassets/textures/particles/smoke.png
16:49:42.158 [FXGL Background Thread 1 ] DEBUG FXGLAssetLoaderServi - Loading from file system: jar:file:/C:/Users/Admin/.m2/repository/com/github/almasb/fxgl/17.1/fxgl-17.1.jar!/fxglassets/textures/particles/trace_horizontal.png
16:49:42.228 [FXGL Background Thread 1 ] DEBUG FXGL.DefaultMenu     - createMenuBodyGameMenu()
16:49:42.230 [FXGL Background Thread 1 ] DEBUG FXGL.DefaultMenu     - createOptionsMenu()
16:49:42.253 [FXGL Background Thread 1 ] DEBUG GameApplicationServi - Application scenes initialized
16:49:42.273 [FXGL Background Thread 1 ] DEBUG SystemBundleService  - Loading FXGL system data
16:49:42.281 [FXGL Background Thread 1 ] DEBUG FileSystemAccess     - Reading from: D:\bombermango\system\fxgl.bundle
16:49:42.295 [FXGL Background Thread 1 ] DEBUG SystemBundleService  - Bundle FXGL: {}
16:49:42.295 [FXGL Background Thread 1 ] DEBUG UpdaterService       - Checking for updates
16:49:42.303 [FXGL Background Thread 1 ] DEBUG FXGLApplication      - Loading default localization
16:49:42.313 [FXGL Background Thread 4 ] DEBUG FXGLApplication      - Loading fonts
16:49:42.314 [FXGL Background Thread 4 ] DEBUG FXGLAssetLoaderServi - Loading from file system: jar:file:/C:/Users/Admin/.m2/repository/com/github/almasb/fxgl/17.1/fxgl-17.1.jar!/fxglassets/ui/fonts/VarelaRound-Regular.ttf
16:49:42.323 [FXGL Background Thread 1 ] DEBUG FXGLAssetLoaderServi - Loading from file system: jar:file:/C:/Users/Admin/.m2/repository/com/github/almasb/fxgl/17.1/fxgl-17.1.jar!/fxglassets/languages/english.lang
16:49:42.393 [FXGL Background Thread 1 ] INFO  FXGLApplication      - FXGL initialization took: 0.864 sec
16:49:42.417 [JavaFX Application Thread] DEBUG Input                - Registered new binding: moveUp - W
16:49:42.417 [JavaFX Application Thread] DEBUG Input                - Registered new binding: moveRight - D
16:49:42.417 [JavaFX Application Thread] DEBUG Input                - Registered new binding: moveLeft - A
16:49:42.418 [JavaFX Application Thread] DEBUG Input                - Registered new binding: moveDown - S
16:49:42.418 [JavaFX Application Thread] DEBUG Input                - Registered new binding: implantBomb - F
16:49:42.418 [JavaFX Application Thread] DEBUG Input                - Registered new binding: PlayMusic - M
16:49:42.418 [JavaFX Application Thread] DEBUG Input                - Registered new binding: Pause - P
16:49:42.419 [JavaFX Application Thread] DEBUG FXGLAssetLoaderServi - Loading from file system: jar:file:/C:/Users/Admin/.m2/repository/com/github/almasb/fxgl/17.1/fxgl-17.1.jar!/fxglassets/textures/fxgl_icon.png
16:49:42.448 [JavaFX Application Thread] DEBUG FXGLAssetLoaderServi - Loading from file system: jar:file:/C:/Users/Admin/.m2/repository/com/github/almasb/fxgl/17.1/fxgl-17.1.jar!/fxglassets/textures/fxgl_default_cursor.png
16:49:42.452 [JavaFX Application Thread] DEBUG Input                - Registered new binding: Screenshot - CTRL+8
16:49:42.453 [JavaFX Application Thread] DEBUG Input                - Registered new binding: System info dump - CTRL+9
16:49:42.453 [JavaFX Application Thread] DEBUG Input                - Registered new binding: Restart - CTRL+R
16:49:42.454 [JavaFX Application Thread] DEBUG Input                - Registered new binding: Toggle Debug Camera - CTRL+7
16:49:42.458 [JavaFX Application Thread] DEBUG LoopRunner           - Starting loop
16:49:42.458 [JavaFX Application Thread] DEBUG LoopRunner           - Initializing JavaFX AnimationTimerLoop
16:49:42.461 [JavaFX Application Thread] DEBUG Input                - Clearing active input actions
16:49:42.480 [JavaFX Application Thread] DEBUG GameApplicationServi - Removing overlay from FXGLStartupScene and adding to FXGLMainMenuDummyScene
16:49:42.480 [JavaFX Application Thread] DEBUG PrimaryStageWindow   - FXGLStartupScene -> FXGLMainMenuDummyScene
16:49:42.481 [JavaFX Application Thread] DEBUG PrimaryStageWindow   - Push state: FXGLDefaultMenu
16:49:42.488 [JavaFX Application Thread] DEBUG Input                - Clearing active input actions
16:49:42.507 [JavaFX Application Thread] DEBUG GameApplicationServi - Removing overlay from FXGLMainMenuDummyScene and adding to FXGLDefaultMenu
16:49:42.507 [JavaFX Application Thread] DEBUG PrimaryStageWindow   - FXGLMainMenuDummyScene -> FXGLDefaultMenu
16:49:42.638 [FXGL Background Thread 4 ] DEBUG FXGLAssetLoaderServi - Loading from file system: jar:file:/C:/Users/Admin/.m2/repository/com/github/almasb/fxgl/17.1/fxgl-17.1.jar!/fxglassets/ui/fonts/Abel-Regular.ttf
16:49:42.646 [FXGL Background Thread 4 ] DEBUG FXGLAssetLoaderServi - Loading from file system: jar:file:/C:/Users/Admin/.m2/repository/com/github/almasb/fxgl/17.1/fxgl-17.1.jar!/fxglassets/ui/fonts/TerminalLandMono-Regular.otf
16:49:42.651 [FXGL Background Thread 4 ] DEBUG FXGLAssetLoaderServi - Loading from file system: jar:file:/C:/Users/Admin/.m2/repository/com/github/almasb/fxgl/17.1/fxgl-17.1.jar!/fxglassets/ui/fonts/Courier-Prime.ttf
16:49:42.899 [JavaFX Application Thread] DEBUG FXGLApplication      - Registering font factories with UI factory
16:49:43.223 [FXGL Background Thread 2 ] INFO  UpdaterService       - Your current version:  17.1
16:49:43.224 [FXGL Background Thread 2 ] INFO  UpdaterService       - Latest stable version: 17.2
16:49:43.553 [JavaFX Application Thread] DEBUG Menu                 - fireNewGame()
16:49:43.553 [JavaFX Application Thread] DEBUG GameApplicationServi - Starting new game
16:49:43.556 [JavaFX Application Thread] DEBUG PrimaryStageWindow   - Pop state: FXGLDefaultMenu
16:49:43.556 [JavaFX Application Thread] DEBUG Input                - Clearing active input actions
16:49:43.557 [JavaFX Application Thread] DEBUG GameApplicationServi - Removing overlay from FXGLDefaultMenu and adding to FXGLMainMenuDummyScene
16:49:43.558 [JavaFX Application Thread] DEBUG PrimaryStageWindow   - FXGLMainMenuDummyScene <- FXGLDefaultMenu
16:49:43.558 [JavaFX Application Thread] DEBUG Input                - Clearing active input actions
16:49:43.575 [JavaFX Application Thread] DEBUG GameApplicationServi - Removing overlay from FXGLMainMenuDummyScene and adding to FXGLLoadingScene
16:49:43.575 [JavaFX Application Thread] DEBUG PrimaryStageWindow   - FXGLMainMenuDummyScene -> FXGLLoadingScene
16:49:43.575 [JavaFX Application Thread] DEBUG GameApplicationServi - Clearing previous game
16:49:43.575 [JavaFX Application Thread] DEBUG GameScene            - Clearing game scene
16:49:43.575 [JavaFX Application Thread] DEBUG GameWorld            - Clearing game world
16:49:43.576 [JavaFX Application Thread] DEBUG PhysicsWorld         - Clearing physics world
16:49:43.579 [FXGL Background Thread 2 ] DEBUG FXGLApplication      - Initializing game
16:49:43.659 [FXGL Background Thread 2 ] DEBUG FXGLAssetLoaderServi - Loading from file system: file:/D:/bombermango/target/classes/assets/textures/sprites/wall.png
16:49:43.722 [FXGL Background Thread 2 ] DEBUG FXGLAssetLoaderServi - Loading from file system: file:/D:/bombermango/target/classes/assets/textures/sprites/brick.png
16:49:43.726 [FXGL Background Thread 2 ] DEBUG FXGLAssetLoaderServi - Loading from file system: file:/D:/bombermango/target/classes/assets/textures/sprites/balloom_right1.png
16:49:43.728 [FXGL Background Thread 2 ] DEBUG FXGLAssetLoaderServi - Loading from file system: file:/D:/bombermango/target/classes/assets/textures/sprites/balloom_right2.png
16:49:43.730 [FXGL Background Thread 2 ] DEBUG FXGLAssetLoaderServi - Loading from file system: file:/D:/bombermango/target/classes/assets/textures/sprites/balloom_right3.png
16:49:43.752 [FXGL Background Thread 2 ] DEBUG FXGLAssetLoaderServi - Loading from file system: file:/D:/bombermango/target/classes/assets/textures/sprites/oneal_right1.png
16:49:43.755 [FXGL Background Thread 2 ] DEBUG FXGLAssetLoaderServi - Loading from file system: file:/D:/bombermango/target/classes/assets/textures/sprites/oneal_right2.png
16:49:43.758 [FXGL Background Thread 2 ] DEBUG FXGLAssetLoaderServi - Loading from file system: file:/D:/bombermango/target/classes/assets/textures/sprites/oneal_right3.png
16:49:43.920 [FXGL Background Thread 2 ] DEBUG FXGLAssetLoaderServi - Loading from file system: file:/D:/bombermango/target/classes/assets/textures/sprites/doll_right1.png
16:49:43.922 [FXGL Background Thread 2 ] DEBUG FXGLAssetLoaderServi - Loading from file system: file:/D:/bombermango/target/classes/assets/textures/sprites/doll_right2.png
16:49:43.923 [FXGL Background Thread 2 ] DEBUG FXGLAssetLoaderServi - Loading from file system: file:/D:/bombermango/target/classes/assets/textures/sprites/doll_right3.png
16:49:43.961 [FXGL Background Thread 2 ] DEBUG GameWorld            - Clearing removable entities
16:49:43.963 [FXGL Background Thread 2 ] DEBUG GameWorld            - Setting level: com.almasb.fxgl.entity.level.Level@19a0d543
16:49:44.124 [FXGL Background Thread 2 ] WARN  FXGLAssetLoaderServi - Asset "/assets/music/gameaudio.wav" was not found!
16:49:44.124 [FXGL Background Thread 2 ] WARN  FXGLAssetLoaderServi - Failed to load MUSIC
16:49:44.127 [FXGL Background Thread 2 ] DEBUG FXGLAssetLoaderServi - Loading from file system: file:/D:/bombermango/target/classes/assets/textures/sprites/player_right.png
16:49:44.129 [FXGL Background Thread 2 ] DEBUG FXGLAssetLoaderServi - Loading from file system: file:/D:/bombermango/target/classes/assets/textures/sprites/player_right_1.png
16:49:44.130 [FXGL Background Thread 2 ] WARN  FXGLAssetLoaderServi - Asset "/assets/textures/sprites/player_right_2.png" was not found!
16:49:44.131 [FXGL Background Thread 2 ] WARN  FXGLAssetLoaderServi - Failed to load RESIZABLE_IMAGE
16:49:44.165 [FXGL Background Thread 2 ] DEBUG FXGLAssetLoaderServi - Loading from file system: file:/D:/bombermango/target/classes/assets/textures/sprites/player_down.png
16:49:44.169 [FXGL Background Thread 2 ] DEBUG FXGLAssetLoaderServi - Loading from file system: file:/D:/bombermango/target/classes/assets/textures/sprites/player_down_1.png
16:49:44.173 [FXGL Background Thread 2 ] DEBUG FXGLAssetLoaderServi - Loading from file system: file:/D:/bombermango/target/classes/assets/textures/sprites/player_down_2.png
16:49:44.174 [FXGL Background Thread 2 ] DEBUG FXGLAssetLoaderServi - Loading from file system: file:/D:/bombermango/target/classes/assets/textures/sprites/player_left.png
16:49:44.176 [FXGL Background Thread 2 ] DEBUG FXGLAssetLoaderServi - Loading from file system: file:/D:/bombermango/target/classes/assets/textures/sprites/player_left_1.png
16:49:44.177 [FXGL Background Thread 2 ] DEBUG FXGLAssetLoaderServi - Loading from file system: file:/D:/bombermango/target/classes/assets/textures/sprites/player_left_2.png
16:49:44.180 [FXGL Background Thread 2 ] DEBUG FXGLAssetLoaderServi - Loading from file system: file:/D:/bombermango/target/classes/assets/textures/sprites/portal.png
16:49:44.185 [FXGL Background Thread 2 ] DEBUG FXGLAssetLoaderServi - Loading from file system: file:/D:/bombermango/target/classes/assets/textures/sprites/powerup_bombs.png
16:49:44.192 [FXGL Background Thread 2 ] DEBUG FXGLAssetLoaderServi - Loading from file system: file:/D:/bombermango/target/classes/assets/textures/sprites/powerup_flames.png
16:49:44.201 [FXGL Background Thread 2 ] INFO  FXGLApplication      - Game initialization took: 0.621 sec
16:49:44.202 [JavaFX Application Thread] DEBUG Input                - Clearing active input actions
16:49:44.225 [JavaFX Application Thread] DEBUG GameApplicationServi - Removing overlay from FXGLLoadingScene and adding to GameScene
16:49:44.225 [JavaFX Application Thread] DEBUG PrimaryStageWindow   - FXGLLoadingScene -> GameScene
16:49:45.300 [FXGL Background Thread 3 ] DEBUG Engine               - Logging environment variables
16:49:45.304 [FXGL Background Thread 3 ] DEBUG Engine               - achievements: []
16:49:45.305 [FXGL Background Thread 3 ] DEBUG Engine               - actualHeight: 672.0
16:49:45.306 [FXGL Background Thread 3 ] DEBUG Engine               - actualHeightProperty: ReadOnlyDoubleProperty [value: 672.0]
16:49:45.307 [FXGL Background Thread 3 ] DEBUG Engine               - actualWidth: 800.0
16:49:45.307 [FXGL Background Thread 3 ] DEBUG Engine               - actualWidthProperty: ReadOnlyDoubleProperty [value: 800.0]
16:49:45.308 [FXGL Background Thread 3 ] DEBUG Engine               - appIcon: fxgl_icon.png
16:49:45.308 [FXGL Background Thread 3 ] DEBUG Engine               - applicationMode: DEVELOPER
16:49:45.309 [FXGL Background Thread 3 ] DEBUG Engine               - cSSList: [fxgl_dark.css]
16:49:45.309 [FXGL Background Thread 3 ] DEBUG Engine               - collisionDetectionStrategy: BRUTE_FORCE
16:49:45.310 [FXGL Background Thread 3 ] DEBUG Engine               - configClass: Optional.empty
16:49:45.310 [FXGL Background Thread 3 ] DEBUG Engine               - credits: []
16:49:45.319 [FXGL Background Thread 3 ] DEBUG Engine               - defaultCursor: CursorInfo(imageName=fxgl_default_cursor.png, hotspotX=7.0, hotspotY=6.0)
16:49:45.320 [FXGL Background Thread 3 ] DEBUG Engine               - devBBoxColorProperty: ObjectProperty [value: 0xff0000ff]
16:49:45.321 [FXGL Background Thread 3 ] DEBUG Engine               - devEnableDebugCameraProperty: BooleanProperty [value: false]
16:49:45.321 [FXGL Background Thread 3 ] DEBUG Engine               - devSensorColorProperty: ObjectProperty [value: 0xffff00ff]
16:49:45.322 [FXGL Background Thread 3 ] DEBUG Engine               - devShowBBoxProperty: BooleanProperty [value: false]
16:49:45.322 [FXGL Background Thread 3 ] DEBUG Engine               - devShowPositionProperty: BooleanProperty [value: false]
16:49:45.323 [FXGL Background Thread 3 ] DEBUG Engine               - enabledMenuItems: []
16:49:45.324 [FXGL Background Thread 3 ] DEBUG Engine               - engineServices: [class com.almasb.fxgl.app.services.FXGLAssetLoaderService, class com.almasb.fxgl.app.FXGLApplication$GameApplicationService, class com.almasb.fxgl.app.services.FXGLDialogService, class com.almasb.fxgl.app.services.IOTaskExecutorService, class com.almasb.fxgl.io.FileSystemService, class com.almasb.fxgl.localization.LocalizationService, class com.almasb.fxgl.app.services.SystemBundleService, class com.almasb.fxgl.profile.SaveLoadService, class com.almasb.fxgl.ui.FXGLUIFactoryServiceProvider, class com.almasb.fxgl.ui.FXGLDialogFactoryServiceProvider, class com.almasb.fxgl.audio.AudioPlayer, class com.almasb.fxgl.notification.impl.NotificationServiceProvider, class com.almasb.fxgl.achievement.AchievementService, class com.almasb.fxgl.cutscene.CutsceneService, class com.almasb.fxgl.minigames.MiniGameService, class com.almasb.fxgl.net.NetService, class com.almasb.fxgl.app.services.UpdaterService, class com.almasb.fxgl.dev.DevService]
16:49:45.324 [FXGL Background Thread 3 ] DEBUG Engine               - fontGame: Abel-Regular.ttf
16:49:45.325 [FXGL Background Thread 3 ] DEBUG Engine               - fontMono: TerminalLandMono-Regular.otf
16:49:45.325 [FXGL Background Thread 3 ] DEBUG Engine               - fontText: Courier-Prime.ttf
16:49:45.325 [FXGL Background Thread 3 ] DEBUG Engine               - fontUI: VarelaRound-Regular.ttf
16:49:45.326 [FXGL Background Thread 3 ] DEBUG Engine               - fullScreen: BooleanProperty [value: false]
16:49:45.326 [FXGL Background Thread 3 ] DEBUG Engine               - gameDifficulty: MEDIUM
16:49:45.326 [FXGL Background Thread 3 ] DEBUG Engine               - gameDifficultyProperty: ObjectProperty [value: MEDIUM]
16:49:45.326 [FXGL Background Thread 3 ] DEBUG Engine               - globalMusicVolume: 0.5
16:49:45.327 [FXGL Background Thread 3 ] DEBUG Engine               - globalMusicVolumeProperty: DoubleProperty [value: 0.5]
16:49:45.327 [FXGL Background Thread 3 ] DEBUG Engine               - globalSoundVolume: 0.5
16:49:45.327 [FXGL Background Thread 3 ] DEBUG Engine               - globalSoundVolumeProperty: DoubleProperty [value: 0.5]
16:49:45.328 [FXGL Background Thread 3 ] DEBUG Engine               - height: 672
16:49:45.330 [FXGL Background Thread 3 ] DEBUG Engine               - is3D: false
16:49:45.332 [FXGL Background Thread 3 ] DEBUG Engine               - isAndroid: false
16:49:45.333 [FXGL Background Thread 3 ] DEBUG Engine               - isBrowser: false
16:49:45.333 [FXGL Background Thread 3 ] DEBUG Engine               - isClickFeedbackEnabled: false
16:49:45.333 [FXGL Background Thread 3 ] DEBUG Engine               - isCloseConfirmation: false
16:49:45.334 [FXGL Background Thread 3 ] DEBUG Engine               - isDesktop: true
16:49:45.334 [FXGL Background Thread 3 ] DEBUG Engine               - isDeveloperMenuEnabled: false
16:49:45.334 [FXGL Background Thread 3 ] DEBUG Engine               - isEmbedded: false
16:49:45.335 [FXGL Background Thread 3 ] DEBUG Engine               - isEntityPreloadEnabled: true
16:49:45.336 [FXGL Background Thread 3 ] DEBUG Engine               - isExperimentalTiledLargeMap: false
16:49:45.336 [FXGL Background Thread 3 ] DEBUG Engine               - isFileSystemWriteAllowed: true
16:49:45.336 [FXGL Background Thread 3 ] DEBUG Engine               - isFullScreenAllowed: false
16:49:45.337 [FXGL Background Thread 3 ] DEBUG Engine               - isFullScreenFromStart: false
16:49:45.337 [FXGL Background Thread 3 ] DEBUG Engine               - isGameMenuEnabled: true
16:49:45.338 [FXGL Background Thread 3 ] DEBUG Engine               - isIOS: false
16:49:45.339 [FXGL Background Thread 3 ] DEBUG Engine               - isIntroEnabled: false
16:49:45.340 [FXGL Background Thread 3 ] DEBUG Engine               - isLinux: false
16:49:45.340 [FXGL Background Thread 3 ] DEBUG Engine               - isMac: false
16:49:45.341 [FXGL Background Thread 3 ] DEBUG Engine               - isMainMenuEnabled: true
16:49:45.341 [FXGL Background Thread 3 ] DEBUG Engine               - isManualResizeEnabled: false
16:49:45.341 [FXGL Background Thread 3 ] DEBUG Engine               - isMobile: false
16:49:45.341 [FXGL Background Thread 3 ] DEBUG Engine               - isNative: false
16:49:45.342 [FXGL Background Thread 3 ] DEBUG Engine               - isPauseMusicWhenMinimized: true
16:49:45.342 [FXGL Background Thread 3 ] DEBUG Engine               - isPreserveResizeRatio: false
16:49:45.342 [FXGL Background Thread 3 ] DEBUG Engine               - isProfilingEnabled: false
16:49:45.342 [FXGL Background Thread 3 ] DEBUG Engine               - isScaleAffectedOnResize: true
16:49:45.342 [FXGL Background Thread 3 ] DEBUG Engine               - isSingleStep: false
16:49:45.343 [FXGL Background Thread 3 ] DEBUG Engine               - isUserProfileEnabled: false
16:49:45.343 [FXGL Background Thread 3 ] DEBUG Engine               - isWindows: true
16:49:45.343 [FXGL Background Thread 3 ] DEBUG Engine               - language: ObjectProperty [value: ENGLISH]
16:49:45.343 [FXGL Background Thread 3 ] DEBUG Engine               - menuKey: ESCAPE
16:49:45.343 [FXGL Background Thread 3 ] DEBUG Engine               - mouseSensitivity: 0.2
16:49:45.344 [FXGL Background Thread 3 ] DEBUG Engine               - notificationViewClass: class com.almasb.fxgl.notification.view.XboxNotificationView
16:49:45.344 [FXGL Background Thread 3 ] DEBUG Engine               - pixelsPerMeter: 50.0
16:49:45.344 [FXGL Background Thread 3 ] DEBUG Engine               - platform: WINDOWS
16:49:45.344 [FXGL Background Thread 3 ] DEBUG Engine               - prefHeightProperty: ReadOnlyDoubleProperty [value: 672.0]
16:49:45.344 [FXGL Background Thread 3 ] DEBUG Engine               - prefWidthProperty: ReadOnlyDoubleProperty [value: 800.0]
16:49:45.345 [FXGL Background Thread 3 ] DEBUG Engine               - profileDir: profiles/
16:49:45.345 [FXGL Background Thread 3 ] DEBUG Engine               - profileName: StringProperty [value: DEFAULT]
16:49:45.345 [FXGL Background Thread 3 ] DEBUG Engine               - randomSeed: -1
16:49:45.346 [FXGL Background Thread 3 ] DEBUG Engine               - runtimeInfo: RuntimeInfo(platform=WINDOWS, version=17.1, build=24.03.2022 17.34)
16:49:45.346 [FXGL Background Thread 3 ] DEBUG Engine               - saveFileExt: sav
16:49:45.347 [FXGL Background Thread 3 ] DEBUG Engine               - scaledHeightProp$fxgl: DoubleProperty [bound, value: 672.0]
16:49:45.348 [FXGL Background Thread 3 ] DEBUG Engine               - scaledWidthProp$fxgl: DoubleProperty [bound, value: 800.0]
16:49:45.348 [FXGL Background Thread 3 ] DEBUG Engine               - sceneFactory: com.almasb.fxgl.app.scene.SceneFactory@550f8ec8
16:49:45.348 [FXGL Background Thread 3 ] DEBUG Engine               - secondsIn24h: 60
16:49:45.348 [FXGL Background Thread 3 ] DEBUG Engine               - soundMenuBack: menu/back.wav
16:49:45.348 [FXGL Background Thread 3 ] DEBUG Engine               - soundMenuPress: menu/press.wav
16:49:45.349 [FXGL Background Thread 3 ] DEBUG Engine               - soundMenuSelect: menu/select.wav
16:49:45.349 [FXGL Background Thread 3 ] DEBUG Engine               - soundNotification: core/notification.wav
16:49:45.350 [FXGL Background Thread 3 ] DEBUG Engine               - stageStyle: DECORATED
16:49:45.350 [FXGL Background Thread 3 ] DEBUG Engine               - supportedLanguages: [ENGLISH, FRENCH, GERMAN, HUNGARIAN, RUSSIAN]
16:49:45.350 [FXGL Background Thread 3 ] DEBUG Engine               - ticksPerSecond: -1
16:49:45.351 [FXGL Background Thread 3 ] DEBUG Engine               - title: Bomberman
16:49:45.351 [FXGL Background Thread 3 ] DEBUG Engine               - urlGithub: https://github.com/AlmasB/FXGL
16:49:45.351 [FXGL Background Thread 3 ] DEBUG Engine               - urlLeaderboard: http://fxgl-top.herokuapp.com/
16:49:45.352 [FXGL Background Thread 3 ] DEBUG Engine               - urlPOM: https://raw.githubusercontent.com/AlmasB/FXGL/release/README.md
16:49:45.352 [FXGL Background Thread 3 ] DEBUG Engine               - userAppClass: class mangobomb.bombermango.HelloApplication
16:49:45.353 [FXGL Background Thread 3 ] DEBUG Engine               - version: 0.0
16:49:45.353 [FXGL Background Thread 3 ] DEBUG Engine               - versionCheckDays: 7
16:49:45.354 [FXGL Background Thread 3 ] DEBUG Engine               - width: 800
16:49:45.354 [FXGL Background Thread 3 ] DEBUG Engine               - Logging services
16:49:45.355 [FXGL Background Thread 3 ] DEBUG Engine               - class com.almasb.fxgl.app.services.FXGLAssetLoaderService
16:49:45.355 [FXGL Background Thread 3 ] DEBUG Engine               - class com.almasb.fxgl.app.FXGLApplication$GameApplicationService
16:49:45.355 [FXGL Background Thread 3 ] DEBUG Engine               - class com.almasb.fxgl.app.services.FXGLDialogService
16:49:45.356 [FXGL Background Thread 3 ] DEBUG Engine               - class com.almasb.fxgl.app.services.IOTaskExecutorService
16:49:45.356 [FXGL Background Thread 3 ] DEBUG Engine               - class com.almasb.fxgl.io.FileSystemService
16:49:45.356 [FXGL Background Thread 3 ] DEBUG Engine               - class com.almasb.fxgl.localization.LocalizationService
16:49:45.356 [FXGL Background Thread 3 ] DEBUG Engine               - class com.almasb.fxgl.app.services.SystemBundleService
16:49:45.356 [FXGL Background Thread 3 ] DEBUG Engine               - class com.almasb.fxgl.profile.SaveLoadService
16:49:45.357 [FXGL Background Thread 3 ] DEBUG Engine               - class com.almasb.fxgl.ui.FXGLUIFactoryServiceProvider
16:49:45.357 [FXGL Background Thread 3 ] DEBUG Engine               - class com.almasb.fxgl.ui.FXGLDialogFactoryServiceProvider
16:49:45.357 [FXGL Background Thread 3 ] DEBUG Engine               - class com.almasb.fxgl.audio.AudioPlayer
16:49:45.357 [FXGL Background Thread 3 ] DEBUG Engine               - class com.almasb.fxgl.notification.impl.NotificationServiceProvider
16:49:45.357 [FXGL Background Thread 3 ] DEBUG Engine               - class com.almasb.fxgl.achievement.AchievementService
16:49:45.357 [FXGL Background Thread 3 ] DEBUG Engine               - class com.almasb.fxgl.cutscene.CutsceneService
16:49:45.358 [FXGL Background Thread 3 ] DEBUG Engine               - class com.almasb.fxgl.minigames.MiniGameService
16:49:45.358 [FXGL Background Thread 3 ] DEBUG Engine               - class com.almasb.fxgl.net.NetService
16:49:45.358 [FXGL Background Thread 3 ] DEBUG Engine               - class com.almasb.fxgl.app.services.UpdaterService
16:49:45.358 [FXGL Background Thread 3 ] DEBUG Engine               - class com.almasb.fxgl.dev.DevService
16:49:48.438 [JavaFX Application Thread] DEBUG FXGLAssetLoaderServi - Loading from file system: file:/D:/bombermango/target/classes/assets/textures/sprites/bomb.png
16:49:48.442 [JavaFX Application Thread] DEBUG FXGLAssetLoaderServi - Loading from file system: file:/D:/bombermango/target/classes/assets/textures/sprites/bomb_1.png
16:49:48.445 [JavaFX Application Thread] DEBUG FXGLAssetLoaderServi - Loading from file system: file:/D:/bombermango/target/classes/assets/textures/sprites/bomb_2.png
16:49:50.424 [JavaFX Application Thread] DEBUG FXGLAssetLoaderServi - Loading from file system: file:/D:/bombermango/target/classes/assets/textures/sprites/bomb_exploded.png
16:49:50.427 [JavaFX Application Thread] DEBUG FXGLAssetLoaderServi - Loading from file system: file:/D:/bombermango/target/classes/assets/textures/sprites/bomb_exploded1.png
16:49:50.429 [JavaFX Application Thread] DEBUG FXGLAssetLoaderServi - Loading from file system: file:/D:/bombermango/target/classes/assets/textures/sprites/bomb_exploded2.png
16:49:54.620 [JavaFX Application Thread] DEBUG FXGLApplication      - Exiting FXGL
16:49:54.620 [JavaFX Application Thread] DEBUG LoopRunner           - Stopping loop
16:49:54.621 [JavaFX Application Thread] DEBUG SystemBundleService  - Saving FXGL system data
16:49:54.623 [JavaFX Application Thread] DEBUG FileSystemAccess     - Writing to: D:\bombermango\system\fxgl.bundle
16:49:54.625 [JavaFX Application Thread] DEBUG Async                - Shutting down background threads
16:49:54.625 [JavaFX Application Thread] DEBUG PrimaryStageWindow   - Closing main window
16:49:54.651 [JavaFX Application Thread] DEBUG Logger               - Closing Logger
