11:53:32.749 [main                     ] DEBUG Logger               - Configured Logger
11:53:32.787 [main                     ] DEBUG GameApplication      - Logging settings
Title: Bomberman
Version: 0.0
Width: 800
Height: 600
Fullscreen: false
Intro: false
Profiling: false
Single step:false
App Mode: DEVELOPER
Menu Key: ESCAPE
Stage Style: DECORATED
Scene Factory: class com.almasb.fxgl.app.scene.SceneFactory

11:53:33.274 [JavaFX Application Thread] DEBUG FXGLApplication      - Initializing FXGL
11:53:33.281 [JavaFX Application Thread] INFO  Engine               - FXGL-17.1 (24.03.2022 17.34) on WINDOWS (J:18.0.2.1 FX:18.0.1)
11:53:33.282 [JavaFX Application Thread] DEBUG Engine               - JRE Vendor Name: Oracle Corporation
11:53:33.282 [JavaFX Application Thread] DEBUG Engine               - Running on OS: Windows 10 version 10.0
11:53:33.282 [JavaFX Application Thread] DEBUG Engine               - Architecture: amd64
11:53:33.282 [JavaFX Application Thread] INFO  Engine               - Source code and latest versions at: https://github.com/AlmasB/FXGL
11:53:33.283 [JavaFX Application Thread] INFO  Engine               -       Ask questions and discuss at: https://github.com/AlmasB/FXGL/discussions
11:53:33.283 [JavaFX Application Thread] INFO  Engine               -              Join the FXGL chat at: https://gitter.im/AlmasB/FXGL
11:53:33.449 [JavaFX Application Thread] DEBUG PrimaryStageWindow   - Creating a JavaFX scene
11:53:33.514 [JavaFX Application Thread] DEBUG PrimaryStageWindow   - Target settings size: 800.0 x 600.0
11:53:33.515 [JavaFX Application Thread] DEBUG PrimaryStageWindow   - Scaled scene size:    800.0 x 600.0
11:53:33.515 [JavaFX Application Thread] DEBUG PrimaryStageWindow   - Scaled ratio: (1.0, 1.0)
11:53:33.516 [JavaFX Application Thread] DEBUG PrimaryStageWindow   - Set initial scene to FXGLStartupScene
11:53:33.528 [JavaFX Application Thread] DEBUG PrimaryStageWindow   - Opening main window
11:53:33.651 [JavaFX Application Thread] DEBUG PrimaryStageWindow   - Window border size: (14.66668701171875, 37.33331298828125)
11:53:33.652 [JavaFX Application Thread] DEBUG PrimaryStageWindow   - Scaled size: 800.0 x 600.0
11:53:33.652 [JavaFX Application Thread] DEBUG PrimaryStageWindow   - Scaled ratio: (1.0, 1.0)
11:53:33.652 [JavaFX Application Thread] DEBUG PrimaryStageWindow   - Scene size: 800.0 x 600.0
11:53:33.653 [JavaFX Application Thread] DEBUG PrimaryStageWindow   - Stage size: 814.6666870117188 x 637.3333129882812
11:53:33.689 [FXGL Background Thread 1 ] DEBUG Engine               - Initializing environment variables
11:53:33.794 [FXGL Background Thread 1 ] DEBUG FXGLAssetLoaderServi - User app class for loading assets: class mangobomb.bombermango.HelloApplication
11:53:33.795 [FXGL Background Thread 1 ] DEBUG GameApplicationServi - Applying CSS: fxgl_dark.css
11:53:33.796 [FXGL Background Thread 1 ] DEBUG FXGLAssetLoaderServi - Loading from file system: jar:file:/C:/Users/Admin/.m2/repository/com/github/almasb/fxgl/17.1/fxgl-17.1.jar!/fxglassets/ui/css/fxgl_dark.css
11:53:33.869 [FXGL Background Thread 1 ] DEBUG GameApplicationServi - Initializing application scenes
11:53:33.970 [FXGL Background Thread 1 ] DEBUG GameWorld            - Game world initialized
11:53:34.065 [FXGL Background Thread 1 ] DEBUG PhysicsWorld         - Physics world initialized: appHeight=600, physics.ppm=50.0
11:53:34.065 [FXGL Background Thread 1 ] DEBUG PhysicsWorld         - Using strategy: BRUTE_FORCE
11:53:34.071 [FXGL Background Thread 1 ] DEBUG GameScene            - Game scene initialized: 800x600
11:53:34.092 [FXGL Background Thread 1 ] DEBUG FXGL.DefaultMenu     - createMenuBodyMainMenu()
11:53:34.117 [FXGL Background Thread 1 ] DEBUG FXGL.DefaultMenu     - createOptionsMenu()
11:53:34.135 [FXGL Background Thread 1 ] DEBUG FXGLAssetLoaderServi - Loading from file system: jar:file:/C:/Users/Admin/.m2/repository/com/github/almasb/fxgl/17.1/fxgl-17.1.jar!/fxglassets/textures/particles/smoke.png
11:53:34.294 [FXGL Background Thread 1 ] DEBUG FXGLAssetLoaderServi - Loading from file system: jar:file:/C:/Users/Admin/.m2/repository/com/github/almasb/fxgl/17.1/fxgl-17.1.jar!/fxglassets/textures/particles/trace_horizontal.png
11:53:34.341 [FXGL Background Thread 1 ] DEBUG FXGL.DefaultMenu     - createMenuBodyGameMenu()
11:53:34.343 [FXGL Background Thread 1 ] DEBUG FXGL.DefaultMenu     - createOptionsMenu()
11:53:34.393 [FXGL Background Thread 1 ] DEBUG GameApplicationServi - Application scenes initialized
11:53:34.412 [FXGL Background Thread 1 ] DEBUG SystemBundleService  - Loading FXGL system data
11:53:34.419 [FXGL Background Thread 1 ] DEBUG FileSystemAccess     - Reading from: D:\bombermango\system\fxgl.bundle
11:53:34.431 [FXGL Background Thread 1 ] DEBUG SystemBundleService  - Bundle FXGL: {}
11:53:34.432 [FXGL Background Thread 1 ] DEBUG UpdaterService       - Checking for updates
11:53:34.439 [FXGL Background Thread 1 ] DEBUG FXGLApplication      - Loading default localization
11:53:34.440 [FXGL Background Thread 1 ] DEBUG FXGLAssetLoaderServi - Loading from file system: jar:file:/C:/Users/Admin/.m2/repository/com/github/almasb/fxgl/17.1/fxgl-17.1.jar!/fxglassets/languages/english.lang
11:53:34.458 [FXGL Background Thread 4 ] DEBUG FXGLApplication      - Loading fonts
11:53:34.486 [FXGL Background Thread 1 ] INFO  FXGLApplication      - FXGL initialization took: 0.797 sec
11:53:34.458 [FXGL Background Thread 4 ] DEBUG FXGLAssetLoaderServi - Loading from file system: jar:file:/C:/Users/Admin/.m2/repository/com/github/almasb/fxgl/17.1/fxgl-17.1.jar!/fxglassets/ui/fonts/VarelaRound-Regular.ttf
11:53:34.503 [JavaFX Application Thread] DEBUG Input                - Registered new binding: moveUp - W
11:53:34.503 [JavaFX Application Thread] DEBUG Input                - Registered new binding: moveRight - D
11:53:34.503 [JavaFX Application Thread] DEBUG Input                - Registered new binding: moveLeft - A
11:53:34.504 [JavaFX Application Thread] DEBUG Input                - Registered new binding: moveDown - S
11:53:34.504 [JavaFX Application Thread] DEBUG Input                - Registered new binding: implantBomb - F
11:53:34.504 [JavaFX Application Thread] DEBUG FXGLAssetLoaderServi - Loading from file system: jar:file:/C:/Users/Admin/.m2/repository/com/github/almasb/fxgl/17.1/fxgl-17.1.jar!/fxglassets/textures/fxgl_icon.png
11:53:34.533 [JavaFX Application Thread] DEBUG FXGLAssetLoaderServi - Loading from file system: jar:file:/C:/Users/Admin/.m2/repository/com/github/almasb/fxgl/17.1/fxgl-17.1.jar!/fxglassets/textures/fxgl_default_cursor.png
11:53:34.538 [JavaFX Application Thread] DEBUG Input                - Registered new binding: Screenshot - CTRL+8
11:53:34.538 [JavaFX Application Thread] DEBUG Input                - Registered new binding: System info dump - CTRL+9
11:53:34.539 [JavaFX Application Thread] DEBUG Input                - Registered new binding: Restart - CTRL+R
11:53:34.540 [JavaFX Application Thread] DEBUG Input                - Registered new binding: Toggle Debug Camera - CTRL+7
11:53:34.543 [JavaFX Application Thread] DEBUG LoopRunner           - Starting loop
11:53:34.543 [JavaFX Application Thread] DEBUG LoopRunner           - Initializing JavaFX AnimationTimerLoop
11:53:34.546 [JavaFX Application Thread] DEBUG Input                - Clearing active input actions
11:53:34.554 [JavaFX Application Thread] DEBUG GameApplicationServi - Removing overlay from FXGLStartupScene and adding to FXGLMainMenuDummyScene
11:53:34.555 [JavaFX Application Thread] DEBUG PrimaryStageWindow   - FXGLStartupScene -> FXGLMainMenuDummyScene
11:53:34.555 [JavaFX Application Thread] DEBUG PrimaryStageWindow   - Push state: FXGLDefaultMenu
11:53:34.560 [JavaFX Application Thread] DEBUG Input                - Clearing active input actions
11:53:34.572 [JavaFX Application Thread] DEBUG GameApplicationServi - Removing overlay from FXGLMainMenuDummyScene and adding to FXGLDefaultMenu
11:53:34.573 [JavaFX Application Thread] DEBUG PrimaryStageWindow   - FXGLMainMenuDummyScene -> FXGLDefaultMenu
11:53:34.858 [FXGL Background Thread 4 ] DEBUG FXGLAssetLoaderServi - Loading from file system: jar:file:/C:/Users/Admin/.m2/repository/com/github/almasb/fxgl/17.1/fxgl-17.1.jar!/fxglassets/ui/fonts/Abel-Regular.ttf
11:53:34.863 [FXGL Background Thread 4 ] DEBUG FXGLAssetLoaderServi - Loading from file system: jar:file:/C:/Users/Admin/.m2/repository/com/github/almasb/fxgl/17.1/fxgl-17.1.jar!/fxglassets/ui/fonts/TerminalLandMono-Regular.otf
11:53:34.876 [FXGL Background Thread 4 ] DEBUG FXGLAssetLoaderServi - Loading from file system: jar:file:/C:/Users/Admin/.m2/repository/com/github/almasb/fxgl/17.1/fxgl-17.1.jar!/fxglassets/ui/fonts/Courier-Prime.ttf
11:53:34.923 [JavaFX Application Thread] DEBUG FXGLApplication      - Registering font factories with UI factory
11:53:35.556 [FXGL Background Thread 2 ] INFO  UpdaterService       - Your current version:  17.1
11:53:35.556 [FXGL Background Thread 2 ] INFO  UpdaterService       - Latest stable version: 17.2
11:53:36.920 [JavaFX Application Thread] DEBUG Menu                 - fireNewGame()
11:53:36.920 [JavaFX Application Thread] DEBUG GameApplicationServi - Starting new game
11:53:36.924 [JavaFX Application Thread] DEBUG PrimaryStageWindow   - Pop state: FXGLDefaultMenu
11:53:36.924 [JavaFX Application Thread] DEBUG Input                - Clearing active input actions
11:53:36.925 [JavaFX Application Thread] DEBUG GameApplicationServi - Removing overlay from FXGLDefaultMenu and adding to FXGLMainMenuDummyScene
11:53:36.926 [JavaFX Application Thread] DEBUG PrimaryStageWindow   - FXGLMainMenuDummyScene <- FXGLDefaultMenu
11:53:36.927 [JavaFX Application Thread] DEBUG Input                - Clearing active input actions
11:53:36.943 [JavaFX Application Thread] DEBUG GameApplicationServi - Removing overlay from FXGLMainMenuDummyScene and adding to FXGLLoadingScene
11:53:36.943 [JavaFX Application Thread] DEBUG PrimaryStageWindow   - FXGLMainMenuDummyScene -> FXGLLoadingScene
11:53:36.943 [JavaFX Application Thread] DEBUG GameApplicationServi - Clearing previous game
11:53:36.943 [JavaFX Application Thread] DEBUG GameScene            - Clearing game scene
11:53:36.943 [JavaFX Application Thread] DEBUG GameWorld            - Clearing game world
11:53:36.943 [JavaFX Application Thread] DEBUG PhysicsWorld         - Clearing physics world
11:53:36.946 [FXGL Background Thread 2 ] DEBUG FXGLApplication      - Initializing game
11:53:36.965 [FXGL Background Thread 2 ] DEBUG FXGLAssetLoaderServi - Loading from file system: file:/D:/bombermango/target/classes/assets/textures/sprites/grass.png
11:53:36.995 [FXGL Background Thread 2 ] DEBUG FXGLAssetLoaderServi - Loading from file system: file:/D:/bombermango/target/classes/assets/textures/sprites/wall.png
11:53:37.089 [FXGL Background Thread 2 ] DEBUG GameWorld            - Clearing removable entities
11:53:37.099 [FXGL Background Thread 2 ] DEBUG GameWorld            - Setting level: com.almasb.fxgl.entity.level.Level@5001a28b
11:53:37.115 [FXGL Background Thread 2 ] DEBUG FXGLAssetLoaderServi - Loading from file system: file:/D:/bombermango/target/classes/assets/textures/sprites/player_left.png
11:53:37.116 [FXGL Background Thread 2 ] DEBUG FXGLAssetLoaderServi - Loading from file system: file:/D:/bombermango/target/classes/assets/textures/sprites/player_left_1.png
11:53:37.117 [FXGL Background Thread 2 ] DEBUG FXGLAssetLoaderServi - Loading from file system: file:/D:/bombermango/target/classes/assets/textures/sprites/player_left_2.png
11:53:37.128 [FXGL Background Thread 2 ] WARN  GameWorld            - Entity is already attached to world
11:53:37.129 [FXGL Background Thread 2 ] INFO  FXGLApplication      - Game initialization took: 0.183 sec
11:53:37.136 [JavaFX Application Thread] DEBUG Input                - Clearing active input actions
11:53:37.164 [JavaFX Application Thread] DEBUG GameApplicationServi - Removing overlay from FXGLLoadingScene and adding to GameScene
11:53:37.164 [JavaFX Application Thread] DEBUG PrimaryStageWindow   - FXGLLoadingScene -> GameScene
11:53:37.436 [FXGL Background Thread 3 ] DEBUG Engine               - Logging environment variables
11:53:37.436 [FXGL Background Thread 3 ] DEBUG Engine               - achievements: []
11:53:37.436 [FXGL Background Thread 3 ] DEBUG Engine               - actualHeight: 600.0
11:53:37.436 [FXGL Background Thread 3 ] DEBUG Engine               - actualHeightProperty: ReadOnlyDoubleProperty [value: 600.0]
11:53:37.437 [FXGL Background Thread 3 ] DEBUG Engine               - actualWidth: 800.0
11:53:37.437 [FXGL Background Thread 3 ] DEBUG Engine               - actualWidthProperty: ReadOnlyDoubleProperty [value: 800.0]
11:53:37.437 [FXGL Background Thread 3 ] DEBUG Engine               - appIcon: fxgl_icon.png
11:53:37.437 [FXGL Background Thread 3 ] DEBUG Engine               - applicationMode: DEVELOPER
11:53:37.437 [FXGL Background Thread 3 ] DEBUG Engine               - cSSList: [fxgl_dark.css]
11:53:37.437 [FXGL Background Thread 3 ] DEBUG Engine               - collisionDetectionStrategy: BRUTE_FORCE
11:53:37.437 [FXGL Background Thread 3 ] DEBUG Engine               - configClass: Optional.empty
11:53:37.437 [FXGL Background Thread 3 ] DEBUG Engine               - credits: []
11:53:37.437 [FXGL Background Thread 3 ] DEBUG Engine               - defaultCursor: CursorInfo(imageName=fxgl_default_cursor.png, hotspotX=7.0, hotspotY=6.0)
11:53:37.438 [FXGL Background Thread 3 ] DEBUG Engine               - devBBoxColorProperty: ObjectProperty [value: 0xff0000ff]
11:53:37.438 [FXGL Background Thread 3 ] DEBUG Engine               - devEnableDebugCameraProperty: BooleanProperty [value: false]
11:53:37.438 [FXGL Background Thread 3 ] DEBUG Engine               - devSensorColorProperty: ObjectProperty [value: 0xffff00ff]
11:53:37.438 [FXGL Background Thread 3 ] DEBUG Engine               - devShowBBoxProperty: BooleanProperty [value: false]
11:53:37.438 [FXGL Background Thread 3 ] DEBUG Engine               - devShowPositionProperty: BooleanProperty [value: false]
11:53:37.438 [FXGL Background Thread 3 ] DEBUG Engine               - enabledMenuItems: []
11:53:37.438 [FXGL Background Thread 3 ] DEBUG Engine               - engineServices: [class com.almasb.fxgl.app.services.FXGLAssetLoaderService, class com.almasb.fxgl.app.FXGLApplication$GameApplicationService, class com.almasb.fxgl.app.services.FXGLDialogService, class com.almasb.fxgl.app.services.IOTaskExecutorService, class com.almasb.fxgl.io.FileSystemService, class com.almasb.fxgl.localization.LocalizationService, class com.almasb.fxgl.app.services.SystemBundleService, class com.almasb.fxgl.profile.SaveLoadService, class com.almasb.fxgl.ui.FXGLUIFactoryServiceProvider, class com.almasb.fxgl.ui.FXGLDialogFactoryServiceProvider, class com.almasb.fxgl.audio.AudioPlayer, class com.almasb.fxgl.notification.impl.NotificationServiceProvider, class com.almasb.fxgl.achievement.AchievementService, class com.almasb.fxgl.cutscene.CutsceneService, class com.almasb.fxgl.minigames.MiniGameService, class com.almasb.fxgl.net.NetService, class com.almasb.fxgl.app.services.UpdaterService, class com.almasb.fxgl.dev.DevService]
11:53:37.438 [FXGL Background Thread 3 ] DEBUG Engine               - fontGame: Abel-Regular.ttf
11:53:37.439 [FXGL Background Thread 3 ] DEBUG Engine               - fontMono: TerminalLandMono-Regular.otf
11:53:37.439 [FXGL Background Thread 3 ] DEBUG Engine               - fontText: Courier-Prime.ttf
11:53:37.439 [FXGL Background Thread 3 ] DEBUG Engine               - fontUI: VarelaRound-Regular.ttf
11:53:37.439 [FXGL Background Thread 3 ] DEBUG Engine               - fullScreen: BooleanProperty [value: false]
11:53:37.439 [FXGL Background Thread 3 ] DEBUG Engine               - gameDifficulty: MEDIUM
11:53:37.440 [FXGL Background Thread 3 ] DEBUG Engine               - gameDifficultyProperty: ObjectProperty [value: MEDIUM]
11:53:37.440 [FXGL Background Thread 3 ] DEBUG Engine               - globalMusicVolume: 0.5
11:53:37.440 [FXGL Background Thread 3 ] DEBUG Engine               - globalMusicVolumeProperty: DoubleProperty [value: 0.5]
11:53:37.440 [FXGL Background Thread 3 ] DEBUG Engine               - globalSoundVolume: 0.5
11:53:37.440 [FXGL Background Thread 3 ] DEBUG Engine               - globalSoundVolumeProperty: DoubleProperty [value: 0.5]
11:53:37.440 [FXGL Background Thread 3 ] DEBUG Engine               - height: 600
11:53:37.440 [FXGL Background Thread 3 ] DEBUG Engine               - is3D: false
11:53:37.440 [FXGL Background Thread 3 ] DEBUG Engine               - isAndroid: false
11:53:37.440 [FXGL Background Thread 3 ] DEBUG Engine               - isBrowser: false
11:53:37.440 [FXGL Background Thread 3 ] DEBUG Engine               - isClickFeedbackEnabled: false
11:53:37.440 [FXGL Background Thread 3 ] DEBUG Engine               - isCloseConfirmation: false
11:53:37.440 [FXGL Background Thread 3 ] DEBUG Engine               - isDesktop: true
11:53:37.440 [FXGL Background Thread 3 ] DEBUG Engine               - isDeveloperMenuEnabled: false
11:53:37.440 [FXGL Background Thread 3 ] DEBUG Engine               - isEmbedded: false
11:53:37.441 [FXGL Background Thread 3 ] DEBUG Engine               - isEntityPreloadEnabled: true
11:53:37.441 [FXGL Background Thread 3 ] DEBUG Engine               - isExperimentalTiledLargeMap: false
11:53:37.441 [FXGL Background Thread 3 ] DEBUG Engine               - isFileSystemWriteAllowed: true
11:53:37.442 [FXGL Background Thread 3 ] DEBUG Engine               - isFullScreenAllowed: false
11:53:37.442 [FXGL Background Thread 3 ] DEBUG Engine               - isFullScreenFromStart: false
11:53:37.442 [FXGL Background Thread 3 ] DEBUG Engine               - isGameMenuEnabled: true
11:53:37.442 [FXGL Background Thread 3 ] DEBUG Engine               - isIOS: false
11:53:37.442 [FXGL Background Thread 3 ] DEBUG Engine               - isIntroEnabled: false
11:53:37.442 [FXGL Background Thread 3 ] DEBUG Engine               - isLinux: false
11:53:37.442 [FXGL Background Thread 3 ] DEBUG Engine               - isMac: false
11:53:37.442 [FXGL Background Thread 3 ] DEBUG Engine               - isMainMenuEnabled: true
11:53:37.442 [FXGL Background Thread 3 ] DEBUG Engine               - isManualResizeEnabled: false
11:53:37.442 [FXGL Background Thread 3 ] DEBUG Engine               - isMobile: false
11:53:37.442 [FXGL Background Thread 3 ] DEBUG Engine               - isNative: false
11:53:37.442 [FXGL Background Thread 3 ] DEBUG Engine               - isPauseMusicWhenMinimized: true
11:53:37.442 [FXGL Background Thread 3 ] DEBUG Engine               - isPreserveResizeRatio: false
11:53:37.442 [FXGL Background Thread 3 ] DEBUG Engine               - isProfilingEnabled: false
11:53:37.442 [FXGL Background Thread 3 ] DEBUG Engine               - isScaleAffectedOnResize: true
11:53:37.443 [FXGL Background Thread 3 ] DEBUG Engine               - isSingleStep: false
11:53:37.443 [FXGL Background Thread 3 ] DEBUG Engine               - isUserProfileEnabled: false
11:53:37.443 [FXGL Background Thread 3 ] DEBUG Engine               - isWindows: true
11:53:37.443 [FXGL Background Thread 3 ] DEBUG Engine               - language: ObjectProperty [value: ENGLISH]
11:53:37.443 [FXGL Background Thread 3 ] DEBUG Engine               - menuKey: ESCAPE
11:53:37.443 [FXGL Background Thread 3 ] DEBUG Engine               - mouseSensitivity: 0.2
11:53:37.443 [FXGL Background Thread 3 ] DEBUG Engine               - notificationViewClass: class com.almasb.fxgl.notification.view.XboxNotificationView
11:53:37.443 [FXGL Background Thread 3 ] DEBUG Engine               - pixelsPerMeter: 50.0
11:53:37.443 [FXGL Background Thread 3 ] DEBUG Engine               - platform: WINDOWS
11:53:37.443 [FXGL Background Thread 3 ] DEBUG Engine               - prefHeightProperty: ReadOnlyDoubleProperty [value: 600.0]
11:53:37.443 [FXGL Background Thread 3 ] DEBUG Engine               - prefWidthProperty: ReadOnlyDoubleProperty [value: 800.0]
11:53:37.443 [FXGL Background Thread 3 ] DEBUG Engine               - profileDir: profiles/
11:53:37.444 [FXGL Background Thread 3 ] DEBUG Engine               - profileName: StringProperty [value: DEFAULT]
11:53:37.444 [FXGL Background Thread 3 ] DEBUG Engine               - randomSeed: -1
11:53:37.444 [FXGL Background Thread 3 ] DEBUG Engine               - runtimeInfo: RuntimeInfo(platform=WINDOWS, version=17.1, build=24.03.2022 17.34)
11:53:37.444 [FXGL Background Thread 3 ] DEBUG Engine               - saveFileExt: sav
11:53:37.444 [FXGL Background Thread 3 ] DEBUG Engine               - scaledHeightProp$fxgl: DoubleProperty [bound, value: 600.0]
11:53:37.444 [FXGL Background Thread 3 ] DEBUG Engine               - scaledWidthProp$fxgl: DoubleProperty [bound, value: 800.0]
11:53:37.444 [FXGL Background Thread 3 ] DEBUG Engine               - sceneFactory: com.almasb.fxgl.app.scene.SceneFactory@4c5945e3
11:53:37.444 [FXGL Background Thread 3 ] DEBUG Engine               - secondsIn24h: 60
11:53:37.444 [FXGL Background Thread 3 ] DEBUG Engine               - soundMenuBack: menu/back.wav
11:53:37.445 [FXGL Background Thread 3 ] DEBUG Engine               - soundMenuPress: menu/press.wav
11:53:37.445 [FXGL Background Thread 3 ] DEBUG Engine               - soundMenuSelect: menu/select.wav
11:53:37.445 [FXGL Background Thread 3 ] DEBUG Engine               - soundNotification: core/notification.wav
11:53:37.445 [FXGL Background Thread 3 ] DEBUG Engine               - stageStyle: DECORATED
11:53:37.445 [FXGL Background Thread 3 ] DEBUG Engine               - supportedLanguages: [ENGLISH, FRENCH, GERMAN, HUNGARIAN, RUSSIAN]
11:53:37.445 [FXGL Background Thread 3 ] DEBUG Engine               - ticksPerSecond: -1
11:53:37.445 [FXGL Background Thread 3 ] DEBUG Engine               - title: Bomberman
11:53:37.445 [FXGL Background Thread 3 ] DEBUG Engine               - urlGithub: https://github.com/AlmasB/FXGL
11:53:37.445 [FXGL Background Thread 3 ] DEBUG Engine               - urlLeaderboard: http://fxgl-top.herokuapp.com/
11:53:37.445 [FXGL Background Thread 3 ] DEBUG Engine               - urlPOM: https://raw.githubusercontent.com/AlmasB/FXGL/release/README.md
11:53:37.445 [FXGL Background Thread 3 ] DEBUG Engine               - userAppClass: class mangobomb.bombermango.HelloApplication
11:53:37.445 [FXGL Background Thread 3 ] DEBUG Engine               - version: 0.0
11:53:37.445 [FXGL Background Thread 3 ] DEBUG Engine               - versionCheckDays: 7
11:53:37.446 [FXGL Background Thread 3 ] DEBUG Engine               - width: 800
11:53:37.446 [FXGL Background Thread 3 ] DEBUG Engine               - Logging services
11:53:37.446 [FXGL Background Thread 3 ] DEBUG Engine               - class com.almasb.fxgl.app.services.FXGLAssetLoaderService
11:53:37.446 [FXGL Background Thread 3 ] DEBUG Engine               - class com.almasb.fxgl.app.FXGLApplication$GameApplicationService
11:53:37.446 [FXGL Background Thread 3 ] DEBUG Engine               - class com.almasb.fxgl.app.services.FXGLDialogService
11:53:37.447 [FXGL Background Thread 3 ] DEBUG Engine               - class com.almasb.fxgl.app.services.IOTaskExecutorService
11:53:37.447 [FXGL Background Thread 3 ] DEBUG Engine               - class com.almasb.fxgl.io.FileSystemService
11:53:37.447 [FXGL Background Thread 3 ] DEBUG Engine               - class com.almasb.fxgl.localization.LocalizationService
11:53:37.447 [FXGL Background Thread 3 ] DEBUG Engine               - class com.almasb.fxgl.app.services.SystemBundleService
11:53:37.447 [FXGL Background Thread 3 ] DEBUG Engine               - class com.almasb.fxgl.profile.SaveLoadService
11:53:37.447 [FXGL Background Thread 3 ] DEBUG Engine               - class com.almasb.fxgl.ui.FXGLUIFactoryServiceProvider
11:53:37.447 [FXGL Background Thread 3 ] DEBUG Engine               - class com.almasb.fxgl.ui.FXGLDialogFactoryServiceProvider
11:53:37.447 [FXGL Background Thread 3 ] DEBUG Engine               - class com.almasb.fxgl.audio.AudioPlayer
11:53:37.447 [FXGL Background Thread 3 ] DEBUG Engine               - class com.almasb.fxgl.notification.impl.NotificationServiceProvider
11:53:37.447 [FXGL Background Thread 3 ] DEBUG Engine               - class com.almasb.fxgl.achievement.AchievementService
11:53:37.447 [FXGL Background Thread 3 ] DEBUG Engine               - class com.almasb.fxgl.cutscene.CutsceneService
11:53:37.447 [FXGL Background Thread 3 ] DEBUG Engine               - class com.almasb.fxgl.minigames.MiniGameService
11:53:37.447 [FXGL Background Thread 3 ] DEBUG Engine               - class com.almasb.fxgl.net.NetService
11:53:37.447 [FXGL Background Thread 3 ] DEBUG Engine               - class com.almasb.fxgl.app.services.UpdaterService
11:53:37.447 [FXGL Background Thread 3 ] DEBUG Engine               - class com.almasb.fxgl.dev.DevService
11:53:41.753 [JavaFX Application Thread] DEBUG FXGLApplication      - Exiting FXGL
11:53:41.753 [JavaFX Application Thread] DEBUG LoopRunner           - Stopping loop
11:53:41.753 [JavaFX Application Thread] DEBUG SystemBundleService  - Saving FXGL system data
11:53:41.755 [JavaFX Application Thread] DEBUG FileSystemAccess     - Writing to: D:\bombermango\system\fxgl.bundle
11:53:41.757 [JavaFX Application Thread] DEBUG Async                - Shutting down background threads
11:53:41.757 [JavaFX Application Thread] DEBUG PrimaryStageWindow   - Closing main window
11:53:41.772 [JavaFX Application Thread] DEBUG Logger               - Closing Logger
