10:13:47.363 [main                     ] DEBUG Logger               - Configured Logger
10:13:47.409 [main                     ] DEBUG GameApplication      - Logging settings
Title: Bomberman
Version: 0.0
Width: 800
Height: 600
Fullscreen: false
Intro: false
Profiling: false
Single step:false
App Mode: DEVELOPER
Menu Key: ESCAPE
Stage Style: DECORATED
Scene Factory: class com.almasb.fxgl.app.scene.SceneFactory

10:13:47.936 [JavaFX Application Thread] DEBUG FXGLApplication      - Initializing FXGL
10:13:47.946 [JavaFX Application Thread] INFO  Engine               - FXGL-17.1 (24.03.2022 17.34) on WINDOWS (J:18.0.2.1 FX:18.0.1)
10:13:47.947 [JavaFX Application Thread] DEBUG Engine               - JRE Vendor Name: Oracle Corporation
10:13:47.947 [JavaFX Application Thread] DEBUG Engine               - Running on OS: Windows 10 version 10.0
10:13:47.947 [JavaFX Application Thread] DEBUG Engine               - Architecture: amd64
10:13:47.947 [JavaFX Application Thread] INFO  Engine               - Source code and latest versions at: https://github.com/AlmasB/FXGL
10:13:47.948 [JavaFX Application Thread] INFO  Engine               -       Ask questions and discuss at: https://github.com/AlmasB/FXGL/discussions
10:13:47.948 [JavaFX Application Thread] INFO  Engine               -              Join the FXGL chat at: https://gitter.im/AlmasB/FXGL
10:13:48.134 [JavaFX Application Thread] DEBUG PrimaryStageWindow   - Creating a JavaFX scene
10:13:48.212 [JavaFX Application Thread] DEBUG PrimaryStageWindow   - Target settings size: 800.0 x 600.0
10:13:48.212 [JavaFX Application Thread] DEBUG PrimaryStageWindow   - Scaled scene size:    800.0 x 600.0
10:13:48.214 [JavaFX Application Thread] DEBUG PrimaryStageWindow   - Scaled ratio: (1.0, 1.0)
10:13:48.214 [JavaFX Application Thread] DEBUG PrimaryStageWindow   - Set initial scene to FXGLStartupScene
10:13:48.226 [JavaFX Application Thread] DEBUG PrimaryStageWindow   - Opening main window
10:13:48.361 [JavaFX Application Thread] DEBUG PrimaryStageWindow   - Window border size: (14.66668701171875, 37.33331298828125)
10:13:48.361 [JavaFX Application Thread] DEBUG PrimaryStageWindow   - Scaled size: 800.0 x 600.0
10:13:48.362 [JavaFX Application Thread] DEBUG PrimaryStageWindow   - Scaled ratio: (1.0, 1.0)
10:13:48.362 [JavaFX Application Thread] DEBUG PrimaryStageWindow   - Scene size: 800.0 x 600.0
10:13:48.363 [JavaFX Application Thread] DEBUG PrimaryStageWindow   - Stage size: 814.6666870117188 x 637.3333129882812
10:13:48.426 [FXGL Background Thread 1 ] DEBUG Engine               - Initializing environment variables
10:13:48.543 [FXGL Background Thread 1 ] DEBUG FXGLAssetLoaderServi - User app class for loading assets: class mangobomb.bombermango.HelloApplication
10:13:48.543 [FXGL Background Thread 1 ] DEBUG GameApplicationServi - Applying CSS: fxgl_dark.css
10:13:48.545 [FXGL Background Thread 1 ] DEBUG FXGLAssetLoaderServi - Loading from file system: jar:file:/C:/Users/Admin/.m2/repository/com/github/almasb/fxgl/17.1/fxgl-17.1.jar!/fxglassets/ui/css/fxgl_dark.css
10:13:48.662 [FXGL Background Thread 1 ] DEBUG GameApplicationServi - Initializing application scenes
10:13:48.790 [FXGL Background Thread 1 ] DEBUG GameWorld            - Game world initialized
10:13:48.901 [FXGL Background Thread 1 ] DEBUG PhysicsWorld         - Physics world initialized: appHeight=600, physics.ppm=50.0
10:13:48.901 [FXGL Background Thread 1 ] DEBUG PhysicsWorld         - Using strategy: BRUTE_FORCE
10:13:48.908 [FXGL Background Thread 1 ] DEBUG GameScene            - Game scene initialized: 800x600
10:13:48.932 [FXGL Background Thread 1 ] DEBUG FXGL.DefaultMenu     - createMenuBodyMainMenu()
10:13:48.961 [FXGL Background Thread 1 ] DEBUG FXGL.DefaultMenu     - createOptionsMenu()
10:13:48.984 [FXGL Background Thread 1 ] DEBUG FXGLAssetLoaderServi - Loading from file system: jar:file:/C:/Users/Admin/.m2/repository/com/github/almasb/fxgl/17.1/fxgl-17.1.jar!/fxglassets/textures/particles/smoke.png
10:13:49.178 [FXGL Background Thread 1 ] DEBUG FXGLAssetLoaderServi - Loading from file system: jar:file:/C:/Users/Admin/.m2/repository/com/github/almasb/fxgl/17.1/fxgl-17.1.jar!/fxglassets/textures/particles/trace_horizontal.png
10:13:49.234 [FXGL Background Thread 1 ] DEBUG FXGL.DefaultMenu     - createMenuBodyGameMenu()
10:13:49.235 [FXGL Background Thread 1 ] DEBUG FXGL.DefaultMenu     - createOptionsMenu()
10:13:49.260 [FXGL Background Thread 1 ] DEBUG GameApplicationServi - Application scenes initialized
10:13:49.283 [FXGL Background Thread 1 ] DEBUG SystemBundleService  - Loading FXGL system data
10:13:49.290 [FXGL Background Thread 1 ] DEBUG FileSystemAccess     - Reading from: D:\bombermango\system\fxgl.bundle
10:13:49.305 [FXGL Background Thread 1 ] DEBUG SystemBundleService  - Bundle FXGL: {}
10:13:49.310 [FXGL Background Thread 1 ] DEBUG UpdaterService       - Checking for updates
10:13:49.329 [FXGL Background Thread 1 ] DEBUG FXGLApplication      - Loading default localization
10:13:49.330 [FXGL Background Thread 1 ] DEBUG FXGLAssetLoaderServi - Loading from file system: jar:file:/C:/Users/Admin/.m2/repository/com/github/almasb/fxgl/17.1/fxgl-17.1.jar!/fxglassets/languages/english.lang
10:13:49.358 [FXGL Background Thread 1 ] INFO  FXGLApplication      - FXGL initialization took: 0.933 sec
10:13:49.379 [JavaFX Application Thread] DEBUG Input                - Registered new binding: moveUp - W
10:13:49.379 [JavaFX Application Thread] DEBUG Input                - Registered new binding: moveRight - D
10:13:49.379 [JavaFX Application Thread] DEBUG Input                - Registered new binding: moveLeft - A
10:13:49.380 [JavaFX Application Thread] DEBUG Input                - Registered new binding: moveDown - S
10:13:49.380 [JavaFX Application Thread] DEBUG Input                - Registered new binding: implantBomb - F
10:13:49.380 [JavaFX Application Thread] DEBUG Input                - Registered new binding: PlayMusic - M
10:13:49.381 [JavaFX Application Thread] DEBUG FXGLAssetLoaderServi - Loading from file system: jar:file:/C:/Users/Admin/.m2/repository/com/github/almasb/fxgl/17.1/fxgl-17.1.jar!/fxglassets/textures/fxgl_icon.png
10:13:49.397 [FXGL Background Thread 4 ] DEBUG FXGLApplication      - Loading fonts
10:13:49.398 [FXGL Background Thread 4 ] DEBUG FXGLAssetLoaderServi - Loading from file system: jar:file:/C:/Users/Admin/.m2/repository/com/github/almasb/fxgl/17.1/fxgl-17.1.jar!/fxglassets/ui/fonts/VarelaRound-Regular.ttf
10:13:49.443 [JavaFX Application Thread] DEBUG FXGLAssetLoaderServi - Loading from file system: jar:file:/C:/Users/Admin/.m2/repository/com/github/almasb/fxgl/17.1/fxgl-17.1.jar!/fxglassets/textures/fxgl_default_cursor.png
10:13:49.451 [JavaFX Application Thread] DEBUG Input                - Registered new binding: Screenshot - CTRL+8
10:13:49.453 [JavaFX Application Thread] DEBUG Input                - Registered new binding: System info dump - CTRL+9
10:13:49.454 [JavaFX Application Thread] DEBUG Input                - Registered new binding: Restart - CTRL+R
10:13:49.456 [JavaFX Application Thread] DEBUG Input                - Registered new binding: Toggle Debug Camera - CTRL+7
10:13:49.476 [JavaFX Application Thread] DEBUG LoopRunner           - Starting loop
10:13:49.476 [JavaFX Application Thread] DEBUG LoopRunner           - Initializing JavaFX AnimationTimerLoop
10:13:49.480 [JavaFX Application Thread] DEBUG Input                - Clearing active input actions
10:13:49.491 [JavaFX Application Thread] DEBUG GameApplicationServi - Removing overlay from FXGLStartupScene and adding to FXGLMainMenuDummyScene
10:13:49.492 [JavaFX Application Thread] DEBUG PrimaryStageWindow   - FXGLStartupScene -> FXGLMainMenuDummyScene
10:13:49.492 [JavaFX Application Thread] DEBUG PrimaryStageWindow   - Push state: FXGLDefaultMenu
10:13:49.502 [JavaFX Application Thread] DEBUG Input                - Clearing active input actions
10:13:49.520 [JavaFX Application Thread] DEBUG GameApplicationServi - Removing overlay from FXGLMainMenuDummyScene and adding to FXGLDefaultMenu
10:13:49.521 [JavaFX Application Thread] DEBUG PrimaryStageWindow   - FXGLMainMenuDummyScene -> FXGLDefaultMenu
10:13:49.848 [FXGL Background Thread 4 ] DEBUG FXGLAssetLoaderServi - Loading from file system: jar:file:/C:/Users/Admin/.m2/repository/com/github/almasb/fxgl/17.1/fxgl-17.1.jar!/fxglassets/ui/fonts/Abel-Regular.ttf
10:13:49.853 [FXGL Background Thread 4 ] DEBUG FXGLAssetLoaderServi - Loading from file system: jar:file:/C:/Users/Admin/.m2/repository/com/github/almasb/fxgl/17.1/fxgl-17.1.jar!/fxglassets/ui/fonts/TerminalLandMono-Regular.otf
10:13:49.859 [FXGL Background Thread 4 ] DEBUG FXGLAssetLoaderServi - Loading from file system: jar:file:/C:/Users/Admin/.m2/repository/com/github/almasb/fxgl/17.1/fxgl-17.1.jar!/fxglassets/ui/fonts/Courier-Prime.ttf
10:13:49.933 [JavaFX Application Thread] DEBUG FXGLApplication      - Registering font factories with UI factory
10:13:50.575 [JavaFX Application Thread] DEBUG Menu                 - fireNewGame()
10:13:50.575 [JavaFX Application Thread] DEBUG GameApplicationServi - Starting new game
10:13:50.578 [JavaFX Application Thread] DEBUG PrimaryStageWindow   - Pop state: FXGLDefaultMenu
10:13:50.578 [JavaFX Application Thread] DEBUG Input                - Clearing active input actions
10:13:50.582 [JavaFX Application Thread] DEBUG GameApplicationServi - Removing overlay from FXGLDefaultMenu and adding to FXGLMainMenuDummyScene
10:13:50.584 [JavaFX Application Thread] DEBUG PrimaryStageWindow   - FXGLMainMenuDummyScene <- FXGLDefaultMenu
10:13:50.584 [JavaFX Application Thread] DEBUG Input                - Clearing active input actions
10:13:50.596 [JavaFX Application Thread] DEBUG GameApplicationServi - Removing overlay from FXGLMainMenuDummyScene and adding to FXGLLoadingScene
10:13:50.598 [JavaFX Application Thread] DEBUG PrimaryStageWindow   - FXGLMainMenuDummyScene -> FXGLLoadingScene
10:13:50.598 [JavaFX Application Thread] DEBUG GameApplicationServi - Clearing previous game
10:13:50.598 [JavaFX Application Thread] DEBUG GameScene            - Clearing game scene
10:13:50.598 [JavaFX Application Thread] DEBUG GameWorld            - Clearing game world
10:13:50.598 [JavaFX Application Thread] DEBUG PhysicsWorld         - Clearing physics world
10:13:50.601 [FXGL Background Thread 4 ] DEBUG FXGLApplication      - Initializing game
10:13:50.649 [FXGL Background Thread 4 ] DEBUG FXGLAssetLoaderServi - Loading from file system: file:/D:/bombermango/target/classes/assets/textures/sprites/wall.png
10:13:50.712 [FXGL Background Thread 4 ] DEBUG FXGLAssetLoaderServi - Loading from file system: file:/D:/bombermango/target/classes/assets/textures/sprites/brick.png
10:13:50.725 [FXGL Background Thread 2 ] INFO  UpdaterService       - Your current version:  17.1
10:13:50.725 [FXGL Background Thread 2 ] INFO  UpdaterService       - Latest stable version: 17.2
10:13:50.808 [FXGL Background Thread 4 ] DEBUG GameWorld            - Clearing removable entities
10:13:50.809 [FXGL Background Thread 4 ] DEBUG GameWorld            - Setting level: com.almasb.fxgl.entity.level.Level@23898db2
10:13:50.987 [FXGL Background Thread 4 ] WARN  FXGLAssetLoaderServi - Asset "/assets/music/gameaudio.wav" was not found!
10:13:50.988 [FXGL Background Thread 4 ] WARN  FXGLAssetLoaderServi - Failed to load MUSIC
10:13:50.992 [FXGL Background Thread 4 ] DEBUG FXGLAssetLoaderServi - Loading from file system: file:/D:/bombermango/target/classes/assets/textures/sprites/player_right.png
10:13:50.994 [FXGL Background Thread 4 ] DEBUG FXGLAssetLoaderServi - Loading from file system: file:/D:/bombermango/target/classes/assets/textures/sprites/player_right_1.png
10:13:50.996 [FXGL Background Thread 4 ] WARN  FXGLAssetLoaderServi - Asset "/assets/textures/sprites/player_right_2.png" was not found!
10:13:50.997 [FXGL Background Thread 4 ] WARN  FXGLAssetLoaderServi - Failed to load RESIZABLE_IMAGE
10:13:51.046 [FXGL Background Thread 4 ] DEBUG FXGLAssetLoaderServi - Loading from file system: file:/D:/bombermango/target/classes/assets/textures/sprites/player_down.png
10:13:51.048 [FXGL Background Thread 4 ] DEBUG FXGLAssetLoaderServi - Loading from file system: file:/D:/bombermango/target/classes/assets/textures/sprites/player_down_1.png
10:13:51.052 [FXGL Background Thread 4 ] DEBUG FXGLAssetLoaderServi - Loading from file system: file:/D:/bombermango/target/classes/assets/textures/sprites/player_down_2.png
10:13:51.054 [FXGL Background Thread 4 ] DEBUG FXGLAssetLoaderServi - Loading from file system: file:/D:/bombermango/target/classes/assets/textures/sprites/player_left.png
10:13:51.056 [FXGL Background Thread 4 ] DEBUG FXGLAssetLoaderServi - Loading from file system: file:/D:/bombermango/target/classes/assets/textures/sprites/player_left_1.png
10:13:51.057 [FXGL Background Thread 4 ] DEBUG FXGLAssetLoaderServi - Loading from file system: file:/D:/bombermango/target/classes/assets/textures/sprites/player_left_2.png
10:13:51.066 [FXGL Background Thread 4 ] DEBUG FXGLAssetLoaderServi - Loading from file system: file:/D:/bombermango/target/classes/assets/textures/sprites/portal.png
10:13:51.074 [FXGL Background Thread 4 ] INFO  FXGLApplication      - Game initialization took: 0.473 sec
10:13:51.086 [JavaFX Application Thread] DEBUG Input                - Clearing active input actions
10:13:51.104 [JavaFX Application Thread] DEBUG GameApplicationServi - Removing overlay from FXGLLoadingScene and adding to GameScene
10:13:51.105 [JavaFX Application Thread] DEBUG PrimaryStageWindow   - FXGLLoadingScene -> GameScene
10:13:52.326 [FXGL Background Thread 3 ] DEBUG Engine               - Logging environment variables
10:13:52.327 [FXGL Background Thread 3 ] DEBUG Engine               - achievements: []
10:13:52.327 [FXGL Background Thread 3 ] DEBUG Engine               - actualHeight: 600.0
10:13:52.328 [FXGL Background Thread 3 ] DEBUG Engine               - actualHeightProperty: ReadOnlyDoubleProperty [value: 600.0]
10:13:52.328 [FXGL Background Thread 3 ] DEBUG Engine               - actualWidth: 800.0
10:13:52.328 [FXGL Background Thread 3 ] DEBUG Engine               - actualWidthProperty: ReadOnlyDoubleProperty [value: 800.0]
10:13:52.328 [FXGL Background Thread 3 ] DEBUG Engine               - appIcon: fxgl_icon.png
10:13:52.328 [FXGL Background Thread 3 ] DEBUG Engine               - applicationMode: DEVELOPER
10:13:52.328 [FXGL Background Thread 3 ] DEBUG Engine               - cSSList: [fxgl_dark.css]
10:13:52.329 [FXGL Background Thread 3 ] DEBUG Engine               - collisionDetectionStrategy: BRUTE_FORCE
10:13:52.331 [FXGL Background Thread 3 ] DEBUG Engine               - configClass: Optional.empty
10:13:52.331 [FXGL Background Thread 3 ] DEBUG Engine               - credits: []
10:13:52.334 [FXGL Background Thread 3 ] DEBUG Engine               - defaultCursor: CursorInfo(imageName=fxgl_default_cursor.png, hotspotX=7.0, hotspotY=6.0)
10:13:52.334 [FXGL Background Thread 3 ] DEBUG Engine               - devBBoxColorProperty: ObjectProperty [value: 0xff0000ff]
10:13:52.334 [FXGL Background Thread 3 ] DEBUG Engine               - devEnableDebugCameraProperty: BooleanProperty [value: false]
10:13:52.335 [FXGL Background Thread 3 ] DEBUG Engine               - devSensorColorProperty: ObjectProperty [value: 0xffff00ff]
10:13:52.335 [FXGL Background Thread 3 ] DEBUG Engine               - devShowBBoxProperty: BooleanProperty [value: false]
10:13:52.335 [FXGL Background Thread 3 ] DEBUG Engine               - devShowPositionProperty: BooleanProperty [value: false]
10:13:52.335 [FXGL Background Thread 3 ] DEBUG Engine               - enabledMenuItems: []
10:13:52.336 [FXGL Background Thread 3 ] DEBUG Engine               - engineServices: [class com.almasb.fxgl.app.services.FXGLAssetLoaderService, class com.almasb.fxgl.app.FXGLApplication$GameApplicationService, class com.almasb.fxgl.app.services.FXGLDialogService, class com.almasb.fxgl.app.services.IOTaskExecutorService, class com.almasb.fxgl.io.FileSystemService, class com.almasb.fxgl.localization.LocalizationService, class com.almasb.fxgl.app.services.SystemBundleService, class com.almasb.fxgl.profile.SaveLoadService, class com.almasb.fxgl.ui.FXGLUIFactoryServiceProvider, class com.almasb.fxgl.ui.FXGLDialogFactoryServiceProvider, class com.almasb.fxgl.audio.AudioPlayer, class com.almasb.fxgl.notification.impl.NotificationServiceProvider, class com.almasb.fxgl.achievement.AchievementService, class com.almasb.fxgl.cutscene.CutsceneService, class com.almasb.fxgl.minigames.MiniGameService, class com.almasb.fxgl.net.NetService, class com.almasb.fxgl.app.services.UpdaterService, class com.almasb.fxgl.dev.DevService]
10:13:52.336 [FXGL Background Thread 3 ] DEBUG Engine               - fontGame: Abel-Regular.ttf
10:13:52.336 [FXGL Background Thread 3 ] DEBUG Engine               - fontMono: TerminalLandMono-Regular.otf
10:13:52.336 [FXGL Background Thread 3 ] DEBUG Engine               - fontText: Courier-Prime.ttf
10:13:52.336 [FXGL Background Thread 3 ] DEBUG Engine               - fontUI: VarelaRound-Regular.ttf
10:13:52.336 [FXGL Background Thread 3 ] DEBUG Engine               - fullScreen: BooleanProperty [value: false]
10:13:52.336 [FXGL Background Thread 3 ] DEBUG Engine               - gameDifficulty: MEDIUM
10:13:52.337 [FXGL Background Thread 3 ] DEBUG Engine               - gameDifficultyProperty: ObjectProperty [value: MEDIUM]
10:13:52.337 [FXGL Background Thread 3 ] DEBUG Engine               - globalMusicVolume: 0.5
10:13:52.337 [FXGL Background Thread 3 ] DEBUG Engine               - globalMusicVolumeProperty: DoubleProperty [value: 0.5]
10:13:52.338 [FXGL Background Thread 3 ] DEBUG Engine               - globalSoundVolume: 0.5
10:13:52.338 [FXGL Background Thread 3 ] DEBUG Engine               - globalSoundVolumeProperty: DoubleProperty [value: 0.5]
10:13:52.338 [FXGL Background Thread 3 ] DEBUG Engine               - height: 600
10:13:52.338 [FXGL Background Thread 3 ] DEBUG Engine               - is3D: false
10:13:52.338 [FXGL Background Thread 3 ] DEBUG Engine               - isAndroid: false
10:13:52.338 [FXGL Background Thread 3 ] DEBUG Engine               - isBrowser: false
10:13:52.338 [FXGL Background Thread 3 ] DEBUG Engine               - isClickFeedbackEnabled: false
10:13:52.338 [FXGL Background Thread 3 ] DEBUG Engine               - isCloseConfirmation: false
10:13:52.338 [FXGL Background Thread 3 ] DEBUG Engine               - isDesktop: true
10:13:52.338 [FXGL Background Thread 3 ] DEBUG Engine               - isDeveloperMenuEnabled: false
10:13:52.338 [FXGL Background Thread 3 ] DEBUG Engine               - isEmbedded: false
10:13:52.338 [FXGL Background Thread 3 ] DEBUG Engine               - isEntityPreloadEnabled: true
10:13:52.339 [FXGL Background Thread 3 ] DEBUG Engine               - isExperimentalTiledLargeMap: false
10:13:52.339 [FXGL Background Thread 3 ] DEBUG Engine               - isFileSystemWriteAllowed: true
10:13:52.339 [FXGL Background Thread 3 ] DEBUG Engine               - isFullScreenAllowed: false
10:13:52.340 [FXGL Background Thread 3 ] DEBUG Engine               - isFullScreenFromStart: false
10:13:52.340 [FXGL Background Thread 3 ] DEBUG Engine               - isGameMenuEnabled: true
10:13:52.340 [FXGL Background Thread 3 ] DEBUG Engine               - isIOS: false
10:13:52.340 [FXGL Background Thread 3 ] DEBUG Engine               - isIntroEnabled: false
10:13:52.340 [FXGL Background Thread 3 ] DEBUG Engine               - isLinux: false
10:13:52.340 [FXGL Background Thread 3 ] DEBUG Engine               - isMac: false
10:13:52.340 [FXGL Background Thread 3 ] DEBUG Engine               - isMainMenuEnabled: true
10:13:52.340 [FXGL Background Thread 3 ] DEBUG Engine               - isManualResizeEnabled: false
10:13:52.340 [FXGL Background Thread 3 ] DEBUG Engine               - isMobile: false
10:13:52.340 [FXGL Background Thread 3 ] DEBUG Engine               - isNative: false
10:13:52.340 [FXGL Background Thread 3 ] DEBUG Engine               - isPauseMusicWhenMinimized: true
10:13:52.341 [FXGL Background Thread 3 ] DEBUG Engine               - isPreserveResizeRatio: false
10:13:52.341 [FXGL Background Thread 3 ] DEBUG Engine               - isProfilingEnabled: false
10:13:52.341 [FXGL Background Thread 3 ] DEBUG Engine               - isScaleAffectedOnResize: true
10:13:52.341 [FXGL Background Thread 3 ] DEBUG Engine               - isSingleStep: false
10:13:52.341 [FXGL Background Thread 3 ] DEBUG Engine               - isUserProfileEnabled: false
10:13:52.341 [FXGL Background Thread 3 ] DEBUG Engine               - isWindows: true
10:13:52.342 [FXGL Background Thread 3 ] DEBUG Engine               - language: ObjectProperty [value: ENGLISH]
10:13:52.342 [FXGL Background Thread 3 ] DEBUG Engine               - menuKey: ESCAPE
10:13:52.342 [FXGL Background Thread 3 ] DEBUG Engine               - mouseSensitivity: 0.2
10:13:52.342 [FXGL Background Thread 3 ] DEBUG Engine               - notificationViewClass: class com.almasb.fxgl.notification.view.XboxNotificationView
10:13:52.342 [FXGL Background Thread 3 ] DEBUG Engine               - pixelsPerMeter: 50.0
10:13:52.342 [FXGL Background Thread 3 ] DEBUG Engine               - platform: WINDOWS
10:13:52.343 [FXGL Background Thread 3 ] DEBUG Engine               - prefHeightProperty: ReadOnlyDoubleProperty [value: 600.0]
10:13:52.343 [FXGL Background Thread 3 ] DEBUG Engine               - prefWidthProperty: ReadOnlyDoubleProperty [value: 800.0]
10:13:52.343 [FXGL Background Thread 3 ] DEBUG Engine               - profileDir: profiles/
10:13:52.343 [FXGL Background Thread 3 ] DEBUG Engine               - profileName: StringProperty [value: DEFAULT]
10:13:52.343 [FXGL Background Thread 3 ] DEBUG Engine               - randomSeed: -1
10:13:52.344 [FXGL Background Thread 3 ] DEBUG Engine               - runtimeInfo: RuntimeInfo(platform=WINDOWS, version=17.1, build=24.03.2022 17.34)
10:13:52.344 [FXGL Background Thread 3 ] DEBUG Engine               - saveFileExt: sav
10:13:52.344 [FXGL Background Thread 3 ] DEBUG Engine               - scaledHeightProp$fxgl: DoubleProperty [bound, value: 600.0]
10:13:52.344 [FXGL Background Thread 3 ] DEBUG Engine               - scaledWidthProp$fxgl: DoubleProperty [bound, value: 800.0]
10:13:52.345 [FXGL Background Thread 3 ] DEBUG Engine               - sceneFactory: com.almasb.fxgl.app.scene.SceneFactory@591d61cb
10:13:52.345 [FXGL Background Thread 3 ] DEBUG Engine               - secondsIn24h: 60
10:13:52.345 [FXGL Background Thread 3 ] DEBUG Engine               - soundMenuBack: menu/back.wav
10:13:52.345 [FXGL Background Thread 3 ] DEBUG Engine               - soundMenuPress: menu/press.wav
10:13:52.345 [FXGL Background Thread 3 ] DEBUG Engine               - soundMenuSelect: menu/select.wav
10:13:52.345 [FXGL Background Thread 3 ] DEBUG Engine               - soundNotification: core/notification.wav
10:13:52.345 [FXGL Background Thread 3 ] DEBUG Engine               - stageStyle: DECORATED
10:13:52.346 [FXGL Background Thread 3 ] DEBUG Engine               - supportedLanguages: [ENGLISH, FRENCH, GERMAN, HUNGARIAN, RUSSIAN]
10:13:52.346 [FXGL Background Thread 3 ] DEBUG Engine               - ticksPerSecond: -1
10:13:52.346 [FXGL Background Thread 3 ] DEBUG Engine               - title: Bomberman
10:13:52.346 [FXGL Background Thread 3 ] DEBUG Engine               - urlGithub: https://github.com/AlmasB/FXGL
10:13:52.346 [FXGL Background Thread 3 ] DEBUG Engine               - urlLeaderboard: http://fxgl-top.herokuapp.com/
10:13:52.346 [FXGL Background Thread 3 ] DEBUG Engine               - urlPOM: https://raw.githubusercontent.com/AlmasB/FXGL/release/README.md
10:13:52.346 [FXGL Background Thread 3 ] DEBUG Engine               - userAppClass: class mangobomb.bombermango.HelloApplication
10:13:52.346 [FXGL Background Thread 3 ] DEBUG Engine               - version: 0.0
10:13:52.347 [FXGL Background Thread 3 ] DEBUG Engine               - versionCheckDays: 7
10:13:52.347 [FXGL Background Thread 3 ] DEBUG Engine               - width: 800
10:13:52.347 [FXGL Background Thread 3 ] DEBUG Engine               - Logging services
10:13:52.348 [FXGL Background Thread 3 ] DEBUG Engine               - class com.almasb.fxgl.app.services.FXGLAssetLoaderService
10:13:52.348 [FXGL Background Thread 3 ] DEBUG Engine               - class com.almasb.fxgl.app.FXGLApplication$GameApplicationService
10:13:52.348 [FXGL Background Thread 3 ] DEBUG Engine               - class com.almasb.fxgl.app.services.FXGLDialogService
10:13:52.348 [FXGL Background Thread 3 ] DEBUG Engine               - class com.almasb.fxgl.app.services.IOTaskExecutorService
10:13:52.348 [FXGL Background Thread 3 ] DEBUG Engine               - class com.almasb.fxgl.io.FileSystemService
10:13:52.349 [FXGL Background Thread 3 ] DEBUG Engine               - class com.almasb.fxgl.localization.LocalizationService
10:13:52.349 [FXGL Background Thread 3 ] DEBUG Engine               - class com.almasb.fxgl.app.services.SystemBundleService
10:13:52.350 [FXGL Background Thread 3 ] DEBUG Engine               - class com.almasb.fxgl.profile.SaveLoadService
10:13:52.350 [FXGL Background Thread 3 ] DEBUG Engine               - class com.almasb.fxgl.ui.FXGLUIFactoryServiceProvider
10:13:52.350 [FXGL Background Thread 3 ] DEBUG Engine               - class com.almasb.fxgl.ui.FXGLDialogFactoryServiceProvider
10:13:52.350 [FXGL Background Thread 3 ] DEBUG Engine               - class com.almasb.fxgl.audio.AudioPlayer
10:13:52.350 [FXGL Background Thread 3 ] DEBUG Engine               - class com.almasb.fxgl.notification.impl.NotificationServiceProvider
10:13:52.351 [FXGL Background Thread 3 ] DEBUG Engine               - class com.almasb.fxgl.achievement.AchievementService
10:13:52.351 [FXGL Background Thread 3 ] DEBUG Engine               - class com.almasb.fxgl.cutscene.CutsceneService
10:13:52.351 [FXGL Background Thread 3 ] DEBUG Engine               - class com.almasb.fxgl.minigames.MiniGameService
10:13:52.351 [FXGL Background Thread 3 ] DEBUG Engine               - class com.almasb.fxgl.net.NetService
10:13:52.351 [FXGL Background Thread 3 ] DEBUG Engine               - class com.almasb.fxgl.app.services.UpdaterService
10:13:52.352 [FXGL Background Thread 3 ] DEBUG Engine               - class com.almasb.fxgl.dev.DevService
10:13:55.174 [JavaFX Application Thread] DEBUG FXGLAssetLoaderServi - Loading from file system: file:/D:/bombermango/target/classes/assets/textures/sprites/bomb.png
10:13:55.179 [JavaFX Application Thread] DEBUG FXGLAssetLoaderServi - Loading from file system: file:/D:/bombermango/target/classes/assets/textures/sprites/bomb_1.png
10:13:55.185 [JavaFX Application Thread] DEBUG FXGLAssetLoaderServi - Loading from file system: file:/D:/bombermango/target/classes/assets/textures/sprites/bomb_2.png
10:13:55.195 [JavaFX Application Thread] WARN  GameWorld            - Entity is already attached to world
10:13:57.342 [JavaFX Application Thread] DEBUG FXGLAssetLoaderServi - Loading from file system: file:/D:/bombermango/target/classes/assets/textures/sprites/bomb_exploded.png
10:13:57.346 [JavaFX Application Thread] DEBUG FXGLAssetLoaderServi - Loading from file system: file:/D:/bombermango/target/classes/assets/textures/sprites/bomb_exploded1.png
10:13:57.349 [JavaFX Application Thread] DEBUG FXGLAssetLoaderServi - Loading from file system: file:/D:/bombermango/target/classes/assets/textures/sprites/bomb_exploded2.png
10:14:07.022 [JavaFX Application Thread] DEBUG GameWorld            - Clearing removable entities
10:14:07.061 [JavaFX Application Thread] DEBUG GameWorld            - Setting level: com.almasb.fxgl.entity.level.Level@2aba0372
10:14:07.079 [JavaFX Application Thread] WARN  FXGLAssetLoaderServi - Asset "/assets/music/gameaudio.wav" was not found!
10:14:07.079 [JavaFX Application Thread] WARN  FXGLAssetLoaderServi - Failed to load MUSIC
10:14:07.079 [JavaFX Application Thread] WARN  FXGLAssetLoaderServi - Asset "/assets/textures/sprites/player_right_2.png" was not found!
10:14:07.079 [JavaFX Application Thread] WARN  FXGLAssetLoaderServi - Failed to load RESIZABLE_IMAGE
10:14:08.270 [JavaFX Application Thread] WARN  GameWorld            - Entity is already attached to world
10:14:11.650 [JavaFX Application Thread] WARN  GameWorld            - Entity is already attached to world
10:14:15.648 [JavaFX Application Thread] WARN  GameWorld            - Entity is already attached to world
10:14:21.106 [JavaFX Application Thread] DEBUG FXGLApplication      - Exiting FXGL
10:14:21.106 [JavaFX Application Thread] DEBUG LoopRunner           - Stopping loop
10:14:21.106 [JavaFX Application Thread] DEBUG SystemBundleService  - Saving FXGL system data
10:14:21.107 [JavaFX Application Thread] DEBUG FileSystemAccess     - Writing to: D:\bombermango\system\fxgl.bundle
10:14:21.109 [JavaFX Application Thread] DEBUG Async                - Shutting down background threads
10:14:21.110 [JavaFX Application Thread] DEBUG PrimaryStageWindow   - Closing main window
10:14:21.132 [JavaFX Application Thread] DEBUG Logger               - Closing Logger
