08:38:06.760 [main                     ] DEBUG Logger               - Configured Logger
08:38:06.802 [main                     ] DEBUG GameApplication      - Logging settings
Title: Bomberman
Version: 0.0
Width: 800
Height: 600
Fullscreen: false
Intro: false
Profiling: false
Single step:false
App Mode: DEVELOPER
Menu Key: ESCAPE
Stage Style: DECORATED
Scene Factory: class com.almasb.fxgl.app.scene.SceneFactory

08:38:07.343 [JavaFX Application Thread] DEBUG FXGLApplication      - Initializing FXGL
08:38:07.353 [JavaFX Application Thread] INFO  Engine               - FXGL-17.1 (24.03.2022 17.34) on WINDOWS (J:18.0.2.1 FX:18.0.1)
08:38:07.353 [JavaFX Application Thread] DEBUG Engine               - JRE Vendor Name: Oracle Corporation
08:38:07.354 [JavaFX Application Thread] DEBUG Engine               - Running on OS: Windows 10 version 10.0
08:38:07.354 [JavaFX Application Thread] DEBUG Engine               - Architecture: amd64
08:38:07.354 [JavaFX Application Thread] INFO  Engine               - Source code and latest versions at: https://github.com/AlmasB/FXGL
08:38:07.355 [JavaFX Application Thread] INFO  Engine               -       Ask questions and discuss at: https://github.com/AlmasB/FXGL/discussions
08:38:07.355 [JavaFX Application Thread] INFO  Engine               -              Join the FXGL chat at: https://gitter.im/AlmasB/FXGL
08:38:07.561 [JavaFX Application Thread] DEBUG PrimaryStageWindow   - Creating a JavaFX scene
08:38:07.655 [JavaFX Application Thread] DEBUG PrimaryStageWindow   - Target settings size: 800.0 x 600.0
08:38:07.655 [JavaFX Application Thread] DEBUG PrimaryStageWindow   - Scaled scene size:    800.0 x 600.0
08:38:07.656 [JavaFX Application Thread] DEBUG PrimaryStageWindow   - Scaled ratio: (1.0, 1.0)
08:38:07.657 [JavaFX Application Thread] DEBUG PrimaryStageWindow   - Set initial scene to FXGLStartupScene
08:38:07.670 [JavaFX Application Thread] DEBUG PrimaryStageWindow   - Opening main window
08:38:07.818 [JavaFX Application Thread] DEBUG PrimaryStageWindow   - Window border size: (14.66668701171875, 37.33331298828125)
08:38:07.818 [JavaFX Application Thread] DEBUG PrimaryStageWindow   - Scaled size: 800.0 x 600.0
08:38:07.819 [JavaFX Application Thread] DEBUG PrimaryStageWindow   - Scaled ratio: (1.0, 1.0)
08:38:07.819 [JavaFX Application Thread] DEBUG PrimaryStageWindow   - Scene size: 800.0 x 600.0
08:38:07.820 [JavaFX Application Thread] DEBUG PrimaryStageWindow   - Stage size: 814.6666870117188 x 637.3333129882812
08:38:07.832 [FXGL Background Thread 1 ] DEBUG Engine               - Initializing environment variables
08:38:07.954 [FXGL Background Thread 1 ] DEBUG FXGLAssetLoaderServi - User app class for loading assets: class mangobomb.bombermango.HelloApplication
08:38:07.955 [FXGL Background Thread 1 ] DEBUG GameApplicationServi - Applying CSS: fxgl_dark.css
08:38:07.957 [FXGL Background Thread 1 ] DEBUG FXGLAssetLoaderServi - Loading from file system: jar:file:/C:/Users/Admin/.m2/repository/com/github/almasb/fxgl/17.1/fxgl-17.1.jar!/fxglassets/ui/css/fxgl_dark.css
08:38:08.053 [FXGL Background Thread 1 ] DEBUG GameApplicationServi - Initializing application scenes
08:38:08.159 [FXGL Background Thread 1 ] DEBUG GameWorld            - Game world initialized
08:38:08.255 [FXGL Background Thread 1 ] DEBUG PhysicsWorld         - Physics world initialized: appHeight=600, physics.ppm=50.0
08:38:08.256 [FXGL Background Thread 1 ] DEBUG PhysicsWorld         - Using strategy: BRUTE_FORCE
08:38:08.262 [FXGL Background Thread 1 ] DEBUG GameScene            - Game scene initialized: 800x600
08:38:08.280 [FXGL Background Thread 1 ] DEBUG FXGL.DefaultMenu     - createMenuBodyMainMenu()
08:38:08.311 [FXGL Background Thread 1 ] DEBUG FXGL.DefaultMenu     - createOptionsMenu()
08:38:08.329 [FXGL Background Thread 1 ] DEBUG FXGLAssetLoaderServi - Loading from file system: jar:file:/C:/Users/Admin/.m2/repository/com/github/almasb/fxgl/17.1/fxgl-17.1.jar!/fxglassets/textures/particles/smoke.png
08:38:08.523 [FXGL Background Thread 1 ] DEBUG FXGLAssetLoaderServi - Loading from file system: jar:file:/C:/Users/Admin/.m2/repository/com/github/almasb/fxgl/17.1/fxgl-17.1.jar!/fxglassets/textures/particles/trace_horizontal.png
08:38:08.573 [FXGL Background Thread 1 ] DEBUG FXGL.DefaultMenu     - createMenuBodyGameMenu()
08:38:08.575 [FXGL Background Thread 1 ] DEBUG FXGL.DefaultMenu     - createOptionsMenu()
08:38:08.600 [FXGL Background Thread 1 ] DEBUG GameApplicationServi - Application scenes initialized
08:38:08.622 [FXGL Background Thread 1 ] DEBUG SystemBundleService  - Loading FXGL system data
08:38:08.631 [FXGL Background Thread 1 ] DEBUG FileSystemAccess     - Reading from: D:\bombermango\system\fxgl.bundle
08:38:08.646 [FXGL Background Thread 1 ] DEBUG SystemBundleService  - Bundle FXGL: {}
08:38:08.647 [FXGL Background Thread 1 ] DEBUG UpdaterService       - Checking for updates
08:38:08.653 [FXGL Background Thread 4 ] DEBUG FXGLApplication      - Loading fonts
08:38:08.653 [FXGL Background Thread 1 ] DEBUG FXGLApplication      - Loading default localization
08:38:08.654 [FXGL Background Thread 1 ] DEBUG FXGLAssetLoaderServi - Loading from file system: jar:file:/C:/Users/Admin/.m2/repository/com/github/almasb/fxgl/17.1/fxgl-17.1.jar!/fxglassets/languages/english.lang
08:38:08.658 [FXGL Background Thread 4 ] DEBUG FXGLAssetLoaderServi - Loading from file system: jar:file:/C:/Users/Admin/.m2/repository/com/github/almasb/fxgl/17.1/fxgl-17.1.jar!/fxglassets/ui/fonts/VarelaRound-Regular.ttf
08:38:08.724 [FXGL Background Thread 1 ] INFO  FXGLApplication      - FXGL initialization took: 0.892 sec
08:38:08.746 [JavaFX Application Thread] DEBUG Input                - Registered new binding: moveUp - W
08:38:08.747 [JavaFX Application Thread] DEBUG Input                - Registered new binding: moveRight - D
08:38:08.747 [JavaFX Application Thread] DEBUG Input                - Registered new binding: moveLeft - A
08:38:08.747 [JavaFX Application Thread] DEBUG Input                - Registered new binding: moveDown - S
08:38:08.747 [JavaFX Application Thread] DEBUG Input                - Registered new binding: implantBomb - F
08:38:08.747 [JavaFX Application Thread] DEBUG FXGLAssetLoaderServi - Loading from file system: jar:file:/C:/Users/Admin/.m2/repository/com/github/almasb/fxgl/17.1/fxgl-17.1.jar!/fxglassets/textures/fxgl_icon.png
08:38:08.797 [FXGL Background Thread 4 ] DEBUG FXGLAssetLoaderServi - Loading from file system: jar:file:/C:/Users/Admin/.m2/repository/com/github/almasb/fxgl/17.1/fxgl-17.1.jar!/fxglassets/ui/fonts/Abel-Regular.ttf
08:38:08.805 [FXGL Background Thread 4 ] DEBUG FXGLAssetLoaderServi - Loading from file system: jar:file:/C:/Users/Admin/.m2/repository/com/github/almasb/fxgl/17.1/fxgl-17.1.jar!/fxglassets/ui/fonts/TerminalLandMono-Regular.otf
08:38:08.813 [FXGL Background Thread 4 ] DEBUG FXGLAssetLoaderServi - Loading from file system: jar:file:/C:/Users/Admin/.m2/repository/com/github/almasb/fxgl/17.1/fxgl-17.1.jar!/fxglassets/ui/fonts/Courier-Prime.ttf
08:38:08.828 [JavaFX Application Thread] DEBUG FXGLAssetLoaderServi - Loading from file system: jar:file:/C:/Users/Admin/.m2/repository/com/github/almasb/fxgl/17.1/fxgl-17.1.jar!/fxglassets/textures/fxgl_default_cursor.png
08:38:08.831 [JavaFX Application Thread] DEBUG Input                - Registered new binding: Screenshot - CTRL+8
08:38:08.837 [JavaFX Application Thread] DEBUG Input                - Registered new binding: System info dump - CTRL+9
08:38:08.839 [JavaFX Application Thread] DEBUG Input                - Registered new binding: Restart - CTRL+R
08:38:08.842 [JavaFX Application Thread] DEBUG Input                - Registered new binding: Toggle Debug Camera - CTRL+7
08:38:08.846 [JavaFX Application Thread] DEBUG LoopRunner           - Starting loop
08:38:08.846 [JavaFX Application Thread] DEBUG LoopRunner           - Initializing JavaFX AnimationTimerLoop
08:38:08.852 [JavaFX Application Thread] DEBUG Input                - Clearing active input actions
08:38:08.866 [JavaFX Application Thread] DEBUG GameApplicationServi - Removing overlay from FXGLStartupScene and adding to FXGLMainMenuDummyScene
08:38:08.868 [JavaFX Application Thread] DEBUG PrimaryStageWindow   - FXGLStartupScene -> FXGLMainMenuDummyScene
08:38:08.868 [JavaFX Application Thread] DEBUG PrimaryStageWindow   - Push state: FXGLDefaultMenu
08:38:08.878 [JavaFX Application Thread] DEBUG Input                - Clearing active input actions
08:38:08.895 [JavaFX Application Thread] DEBUG GameApplicationServi - Removing overlay from FXGLMainMenuDummyScene and adding to FXGLDefaultMenu
08:38:08.896 [JavaFX Application Thread] DEBUG PrimaryStageWindow   - FXGLMainMenuDummyScene -> FXGLDefaultMenu
08:38:08.908 [JavaFX Application Thread] DEBUG FXGLApplication      - Registering font factories with UI factory
08:38:09.542 [FXGL Background Thread 2 ] INFO  UpdaterService       - Your current version:  17.1
08:38:09.542 [FXGL Background Thread 2 ] INFO  UpdaterService       - Latest stable version: 17.2
08:38:10.107 [JavaFX Application Thread] DEBUG Menu                 - fireNewGame()
08:38:10.108 [JavaFX Application Thread] DEBUG GameApplicationServi - Starting new game
08:38:10.112 [JavaFX Application Thread] DEBUG PrimaryStageWindow   - Pop state: FXGLDefaultMenu
08:38:10.112 [JavaFX Application Thread] DEBUG Input                - Clearing active input actions
08:38:10.114 [JavaFX Application Thread] DEBUG GameApplicationServi - Removing overlay from FXGLDefaultMenu and adding to FXGLMainMenuDummyScene
08:38:10.114 [JavaFX Application Thread] DEBUG PrimaryStageWindow   - FXGLMainMenuDummyScene <- FXGLDefaultMenu
08:38:10.115 [JavaFX Application Thread] DEBUG Input                - Clearing active input actions
08:38:10.127 [JavaFX Application Thread] DEBUG GameApplicationServi - Removing overlay from FXGLMainMenuDummyScene and adding to FXGLLoadingScene
08:38:10.127 [JavaFX Application Thread] DEBUG PrimaryStageWindow   - FXGLMainMenuDummyScene -> FXGLLoadingScene
08:38:10.127 [JavaFX Application Thread] DEBUG GameApplicationServi - Clearing previous game
08:38:10.127 [JavaFX Application Thread] DEBUG GameScene            - Clearing game scene
08:38:10.127 [JavaFX Application Thread] DEBUG GameWorld            - Clearing game world
08:38:10.128 [JavaFX Application Thread] DEBUG PhysicsWorld         - Clearing physics world
08:38:10.134 [FXGL Background Thread 2 ] DEBUG FXGLApplication      - Initializing game
08:38:10.173 [FXGL Background Thread 2 ] DEBUG FXGLAssetLoaderServi - Loading from file system: file:/D:/bombermango/target/classes/assets/textures/sprites/wall.png
08:38:10.195 [FXGL Background Thread 2 ] DEBUG FXGLAssetLoaderServi - Loading from file system: file:/D:/bombermango/target/classes/assets/textures/sprites/grass.png
08:38:10.211 [FXGL Background Thread 2 ] DEBUG FXGLAssetLoaderServi - Loading from file system: file:/D:/bombermango/target/classes/assets/textures/sprites/brick.png
08:38:10.328 [FXGL Background Thread 2 ] DEBUG GameWorld            - Clearing removable entities
08:38:10.332 [FXGL Background Thread 2 ] DEBUG GameWorld            - Setting level: com.almasb.fxgl.entity.level.Level@11c546f3
08:38:10.464 [FXGL Background Thread 2 ] DEBUG FXGLAssetLoaderServi - Loading from file system: file:/D:/bombermango/target/classes/assets/textures/sprites/player_left.png
08:38:10.466 [FXGL Background Thread 2 ] DEBUG FXGLAssetLoaderServi - Loading from file system: file:/D:/bombermango/target/classes/assets/textures/sprites/player_left_1.png
08:38:10.467 [FXGL Background Thread 2 ] DEBUG FXGLAssetLoaderServi - Loading from file system: file:/D:/bombermango/target/classes/assets/textures/sprites/player_left_2.png
08:38:10.488 [FXGL Background Thread 2 ] WARN  GameWorld            - Entity is already attached to world
08:38:10.489 [FXGL Background Thread 2 ] INFO  FXGLApplication      - Game initialization took: 0.355 sec
08:38:10.489 [JavaFX Application Thread] DEBUG Input                - Clearing active input actions
08:38:10.511 [JavaFX Application Thread] DEBUG GameApplicationServi - Removing overlay from FXGLLoadingScene and adding to GameScene
08:38:10.511 [JavaFX Application Thread] DEBUG PrimaryStageWindow   - FXGLLoadingScene -> GameScene
08:38:11.652 [FXGL Background Thread 3 ] DEBUG Engine               - Logging environment variables
08:38:11.653 [FXGL Background Thread 3 ] DEBUG Engine               - achievements: []
08:38:11.654 [FXGL Background Thread 3 ] DEBUG Engine               - actualHeight: 600.0
08:38:11.654 [FXGL Background Thread 3 ] DEBUG Engine               - actualHeightProperty: ReadOnlyDoubleProperty [value: 600.0]
08:38:11.654 [FXGL Background Thread 3 ] DEBUG Engine               - actualWidth: 800.0
08:38:11.655 [FXGL Background Thread 3 ] DEBUG Engine               - actualWidthProperty: ReadOnlyDoubleProperty [value: 800.0]
08:38:11.655 [FXGL Background Thread 3 ] DEBUG Engine               - appIcon: fxgl_icon.png
08:38:11.655 [FXGL Background Thread 3 ] DEBUG Engine               - applicationMode: DEVELOPER
08:38:11.655 [FXGL Background Thread 3 ] DEBUG Engine               - cSSList: [fxgl_dark.css]
08:38:11.655 [FXGL Background Thread 3 ] DEBUG Engine               - collisionDetectionStrategy: BRUTE_FORCE
08:38:11.655 [FXGL Background Thread 3 ] DEBUG Engine               - configClass: Optional.empty
08:38:11.656 [FXGL Background Thread 3 ] DEBUG Engine               - credits: []
08:38:11.656 [FXGL Background Thread 3 ] DEBUG Engine               - defaultCursor: CursorInfo(imageName=fxgl_default_cursor.png, hotspotX=7.0, hotspotY=6.0)
08:38:11.657 [FXGL Background Thread 3 ] DEBUG Engine               - devBBoxColorProperty: ObjectProperty [value: 0xff0000ff]
08:38:11.658 [FXGL Background Thread 3 ] DEBUG Engine               - devEnableDebugCameraProperty: BooleanProperty [value: false]
08:38:11.658 [FXGL Background Thread 3 ] DEBUG Engine               - devSensorColorProperty: ObjectProperty [value: 0xffff00ff]
08:38:11.658 [FXGL Background Thread 3 ] DEBUG Engine               - devShowBBoxProperty: BooleanProperty [value: false]
08:38:11.659 [FXGL Background Thread 3 ] DEBUG Engine               - devShowPositionProperty: BooleanProperty [value: false]
08:38:11.659 [FXGL Background Thread 3 ] DEBUG Engine               - enabledMenuItems: []
08:38:11.659 [FXGL Background Thread 3 ] DEBUG Engine               - engineServices: [class com.almasb.fxgl.app.services.FXGLAssetLoaderService, class com.almasb.fxgl.app.FXGLApplication$GameApplicationService, class com.almasb.fxgl.app.services.FXGLDialogService, class com.almasb.fxgl.app.services.IOTaskExecutorService, class com.almasb.fxgl.io.FileSystemService, class com.almasb.fxgl.localization.LocalizationService, class com.almasb.fxgl.app.services.SystemBundleService, class com.almasb.fxgl.profile.SaveLoadService, class com.almasb.fxgl.ui.FXGLUIFactoryServiceProvider, class com.almasb.fxgl.ui.FXGLDialogFactoryServiceProvider, class com.almasb.fxgl.audio.AudioPlayer, class com.almasb.fxgl.notification.impl.NotificationServiceProvider, class com.almasb.fxgl.achievement.AchievementService, class com.almasb.fxgl.cutscene.CutsceneService, class com.almasb.fxgl.minigames.MiniGameService, class com.almasb.fxgl.net.NetService, class com.almasb.fxgl.app.services.UpdaterService, class com.almasb.fxgl.dev.DevService]
08:38:11.660 [FXGL Background Thread 3 ] DEBUG Engine               - fontGame: Abel-Regular.ttf
08:38:11.660 [FXGL Background Thread 3 ] DEBUG Engine               - fontMono: TerminalLandMono-Regular.otf
08:38:11.660 [FXGL Background Thread 3 ] DEBUG Engine               - fontText: Courier-Prime.ttf
08:38:11.660 [FXGL Background Thread 3 ] DEBUG Engine               - fontUI: VarelaRound-Regular.ttf
08:38:11.661 [FXGL Background Thread 3 ] DEBUG Engine               - fullScreen: BooleanProperty [value: false]
08:38:11.661 [FXGL Background Thread 3 ] DEBUG Engine               - gameDifficulty: MEDIUM
08:38:11.661 [FXGL Background Thread 3 ] DEBUG Engine               - gameDifficultyProperty: ObjectProperty [value: MEDIUM]
08:38:11.661 [FXGL Background Thread 3 ] DEBUG Engine               - globalMusicVolume: 0.5
08:38:11.662 [FXGL Background Thread 3 ] DEBUG Engine               - globalMusicVolumeProperty: DoubleProperty [value: 0.5]
08:38:11.662 [FXGL Background Thread 3 ] DEBUG Engine               - globalSoundVolume: 0.5
08:38:11.662 [FXGL Background Thread 3 ] DEBUG Engine               - globalSoundVolumeProperty: DoubleProperty [value: 0.5]
08:38:11.663 [FXGL Background Thread 3 ] DEBUG Engine               - height: 600
08:38:11.663 [FXGL Background Thread 3 ] DEBUG Engine               - is3D: false
08:38:11.663 [FXGL Background Thread 3 ] DEBUG Engine               - isAndroid: false
08:38:11.663 [FXGL Background Thread 3 ] DEBUG Engine               - isBrowser: false
08:38:11.664 [FXGL Background Thread 3 ] DEBUG Engine               - isClickFeedbackEnabled: false
08:38:11.664 [FXGL Background Thread 3 ] DEBUG Engine               - isCloseConfirmation: false
08:38:11.664 [FXGL Background Thread 3 ] DEBUG Engine               - isDesktop: true
08:38:11.665 [FXGL Background Thread 3 ] DEBUG Engine               - isDeveloperMenuEnabled: false
08:38:11.665 [FXGL Background Thread 3 ] DEBUG Engine               - isEmbedded: false
08:38:11.665 [FXGL Background Thread 3 ] DEBUG Engine               - isEntityPreloadEnabled: true
08:38:11.666 [FXGL Background Thread 3 ] DEBUG Engine               - isExperimentalTiledLargeMap: false
08:38:11.666 [FXGL Background Thread 3 ] DEBUG Engine               - isFileSystemWriteAllowed: true
08:38:11.666 [FXGL Background Thread 3 ] DEBUG Engine               - isFullScreenAllowed: false
08:38:11.666 [FXGL Background Thread 3 ] DEBUG Engine               - isFullScreenFromStart: false
08:38:11.667 [FXGL Background Thread 3 ] DEBUG Engine               - isGameMenuEnabled: true
08:38:11.667 [FXGL Background Thread 3 ] DEBUG Engine               - isIOS: false
08:38:11.667 [FXGL Background Thread 3 ] DEBUG Engine               - isIntroEnabled: false
08:38:11.667 [FXGL Background Thread 3 ] DEBUG Engine               - isLinux: false
08:38:11.667 [FXGL Background Thread 3 ] DEBUG Engine               - isMac: false
08:38:11.667 [FXGL Background Thread 3 ] DEBUG Engine               - isMainMenuEnabled: true
08:38:11.668 [FXGL Background Thread 3 ] DEBUG Engine               - isManualResizeEnabled: false
08:38:11.668 [FXGL Background Thread 3 ] DEBUG Engine               - isMobile: false
08:38:11.668 [FXGL Background Thread 3 ] DEBUG Engine               - isNative: false
08:38:11.668 [FXGL Background Thread 3 ] DEBUG Engine               - isPauseMusicWhenMinimized: true
08:38:11.668 [FXGL Background Thread 3 ] DEBUG Engine               - isPreserveResizeRatio: false
08:38:11.669 [FXGL Background Thread 3 ] DEBUG Engine               - isProfilingEnabled: false
08:38:11.669 [FXGL Background Thread 3 ] DEBUG Engine               - isScaleAffectedOnResize: true
08:38:11.669 [FXGL Background Thread 3 ] DEBUG Engine               - isSingleStep: false
08:38:11.670 [FXGL Background Thread 3 ] DEBUG Engine               - isUserProfileEnabled: false
08:38:11.670 [FXGL Background Thread 3 ] DEBUG Engine               - isWindows: true
08:38:11.670 [FXGL Background Thread 3 ] DEBUG Engine               - language: ObjectProperty [value: ENGLISH]
08:38:11.671 [FXGL Background Thread 3 ] DEBUG Engine               - menuKey: ESCAPE
08:38:11.671 [FXGL Background Thread 3 ] DEBUG Engine               - mouseSensitivity: 0.2
08:38:11.671 [FXGL Background Thread 3 ] DEBUG Engine               - notificationViewClass: class com.almasb.fxgl.notification.view.XboxNotificationView
08:38:11.672 [FXGL Background Thread 3 ] DEBUG Engine               - pixelsPerMeter: 50.0
08:38:11.672 [FXGL Background Thread 3 ] DEBUG Engine               - platform: WINDOWS
08:38:11.672 [FXGL Background Thread 3 ] DEBUG Engine               - prefHeightProperty: ReadOnlyDoubleProperty [value: 600.0]
08:38:11.673 [FXGL Background Thread 3 ] DEBUG Engine               - prefWidthProperty: ReadOnlyDoubleProperty [value: 800.0]
08:38:11.673 [FXGL Background Thread 3 ] DEBUG Engine               - profileDir: profiles/
08:38:11.673 [FXGL Background Thread 3 ] DEBUG Engine               - profileName: StringProperty [value: DEFAULT]
08:38:11.674 [FXGL Background Thread 3 ] DEBUG Engine               - randomSeed: -1
08:38:11.674 [FXGL Background Thread 3 ] DEBUG Engine               - runtimeInfo: RuntimeInfo(platform=WINDOWS, version=17.1, build=24.03.2022 17.34)
08:38:11.675 [FXGL Background Thread 3 ] DEBUG Engine               - saveFileExt: sav
08:38:11.675 [FXGL Background Thread 3 ] DEBUG Engine               - scaledHeightProp$fxgl: DoubleProperty [bound, value: 600.0]
08:38:11.675 [FXGL Background Thread 3 ] DEBUG Engine               - scaledWidthProp$fxgl: DoubleProperty [bound, value: 800.0]
08:38:11.675 [FXGL Background Thread 3 ] DEBUG Engine               - sceneFactory: com.almasb.fxgl.app.scene.SceneFactory@64e37e2c
08:38:11.676 [FXGL Background Thread 3 ] DEBUG Engine               - secondsIn24h: 60
08:38:11.676 [FXGL Background Thread 3 ] DEBUG Engine               - soundMenuBack: menu/back.wav
08:38:11.676 [FXGL Background Thread 3 ] DEBUG Engine               - soundMenuPress: menu/press.wav
08:38:11.676 [FXGL Background Thread 3 ] DEBUG Engine               - soundMenuSelect: menu/select.wav
08:38:11.676 [FXGL Background Thread 3 ] DEBUG Engine               - soundNotification: core/notification.wav
08:38:11.677 [FXGL Background Thread 3 ] DEBUG Engine               - stageStyle: DECORATED
08:38:11.677 [FXGL Background Thread 3 ] DEBUG Engine               - supportedLanguages: [ENGLISH, FRENCH, GERMAN, HUNGARIAN, RUSSIAN]
08:38:11.677 [FXGL Background Thread 3 ] DEBUG Engine               - ticksPerSecond: -1
08:38:11.677 [FXGL Background Thread 3 ] DEBUG Engine               - title: Bomberman
08:38:11.677 [FXGL Background Thread 3 ] DEBUG Engine               - urlGithub: https://github.com/AlmasB/FXGL
08:38:11.678 [FXGL Background Thread 3 ] DEBUG Engine               - urlLeaderboard: http://fxgl-top.herokuapp.com/
08:38:11.678 [FXGL Background Thread 3 ] DEBUG Engine               - urlPOM: https://raw.githubusercontent.com/AlmasB/FXGL/release/README.md
08:38:11.678 [FXGL Background Thread 3 ] DEBUG Engine               - userAppClass: class mangobomb.bombermango.HelloApplication
08:38:11.678 [FXGL Background Thread 3 ] DEBUG Engine               - version: 0.0
08:38:11.678 [FXGL Background Thread 3 ] DEBUG Engine               - versionCheckDays: 7
08:38:11.679 [FXGL Background Thread 3 ] DEBUG Engine               - width: 800
08:38:11.679 [FXGL Background Thread 3 ] DEBUG Engine               - Logging services
08:38:11.679 [FXGL Background Thread 3 ] DEBUG Engine               - class com.almasb.fxgl.app.services.FXGLAssetLoaderService
08:38:11.679 [FXGL Background Thread 3 ] DEBUG Engine               - class com.almasb.fxgl.app.FXGLApplication$GameApplicationService
08:38:11.679 [FXGL Background Thread 3 ] DEBUG Engine               - class com.almasb.fxgl.app.services.FXGLDialogService
08:38:11.679 [FXGL Background Thread 3 ] DEBUG Engine               - class com.almasb.fxgl.app.services.IOTaskExecutorService
08:38:11.680 [FXGL Background Thread 3 ] DEBUG Engine               - class com.almasb.fxgl.io.FileSystemService
08:38:11.680 [FXGL Background Thread 3 ] DEBUG Engine               - class com.almasb.fxgl.localization.LocalizationService
08:38:11.680 [FXGL Background Thread 3 ] DEBUG Engine               - class com.almasb.fxgl.app.services.SystemBundleService
08:38:11.680 [FXGL Background Thread 3 ] DEBUG Engine               - class com.almasb.fxgl.profile.SaveLoadService
08:38:11.680 [FXGL Background Thread 3 ] DEBUG Engine               - class com.almasb.fxgl.ui.FXGLUIFactoryServiceProvider
08:38:11.681 [FXGL Background Thread 3 ] DEBUG Engine               - class com.almasb.fxgl.ui.FXGLDialogFactoryServiceProvider
08:38:11.681 [FXGL Background Thread 3 ] DEBUG Engine               - class com.almasb.fxgl.audio.AudioPlayer
08:38:11.681 [FXGL Background Thread 3 ] DEBUG Engine               - class com.almasb.fxgl.notification.impl.NotificationServiceProvider
08:38:11.681 [FXGL Background Thread 3 ] DEBUG Engine               - class com.almasb.fxgl.achievement.AchievementService
08:38:11.681 [FXGL Background Thread 3 ] DEBUG Engine               - class com.almasb.fxgl.cutscene.CutsceneService
08:38:11.682 [FXGL Background Thread 3 ] DEBUG Engine               - class com.almasb.fxgl.minigames.MiniGameService
08:38:11.682 [FXGL Background Thread 3 ] DEBUG Engine               - class com.almasb.fxgl.net.NetService
08:38:11.682 [FXGL Background Thread 3 ] DEBUG Engine               - class com.almasb.fxgl.app.services.UpdaterService
08:38:11.682 [FXGL Background Thread 3 ] DEBUG Engine               - class com.almasb.fxgl.dev.DevService
08:38:16.938 [JavaFX Application Thread] DEBUG FXGLApplication      - Exiting FXGL
08:38:16.938 [JavaFX Application Thread] DEBUG LoopRunner           - Stopping loop
08:38:16.939 [JavaFX Application Thread] DEBUG SystemBundleService  - Saving FXGL system data
08:38:16.941 [JavaFX Application Thread] DEBUG FileSystemAccess     - Writing to: D:\bombermango\system\fxgl.bundle
08:38:16.944 [JavaFX Application Thread] DEBUG Async                - Shutting down background threads
08:38:16.944 [JavaFX Application Thread] DEBUG PrimaryStageWindow   - Closing main window
08:38:16.969 [JavaFX Application Thread] DEBUG Logger               - Closing Logger
