10:45:54.768 [main                     ] DEBUG Logger               - Configured Logger
10:45:54.812 [main                     ] DEBUG GameApplication      - Logging settings
Title: Bomberman
Version: 0.0
Width: 800
Height: 600
Fullscreen: false
Intro: false
Profiling: false
Single step:false
App Mode: DEVELOPER
Menu Key: ESCAPE
Stage Style: DECORATED
Scene Factory: class com.almasb.fxgl.app.scene.SceneFactory

10:45:55.349 [JavaFX Application Thread] DEBUG FXGLApplication      - Initializing FXGL
10:45:55.359 [JavaFX Application Thread] INFO  Engine               - FXGL-17.1 (24.03.2022 17.34) on WINDOWS (J:18.0.2.1 FX:18.0.1)
10:45:55.360 [JavaFX Application Thread] DEBUG Engine               - JRE Vendor Name: Oracle Corporation
10:45:55.360 [JavaFX Application Thread] DEBUG Engine               - Running on OS: Windows 10 version 10.0
10:45:55.360 [JavaFX Application Thread] DEBUG Engine               - Architecture: amd64
10:45:55.361 [JavaFX Application Thread] INFO  Engine               - Source code and latest versions at: https://github.com/AlmasB/FXGL
10:45:55.361 [JavaFX Application Thread] INFO  Engine               -       Ask questions and discuss at: https://github.com/AlmasB/FXGL/discussions
10:45:55.361 [JavaFX Application Thread] INFO  Engine               -              Join the FXGL chat at: https://gitter.im/AlmasB/FXGL
10:45:55.539 [JavaFX Application Thread] DEBUG PrimaryStageWindow   - Creating a JavaFX scene
10:45:55.612 [JavaFX Application Thread] DEBUG PrimaryStageWindow   - Target settings size: 800.0 x 600.0
10:45:55.613 [JavaFX Application Thread] DEBUG PrimaryStageWindow   - Scaled scene size:    800.0 x 600.0
10:45:55.613 [JavaFX Application Thread] DEBUG PrimaryStageWindow   - Scaled ratio: (1.0, 1.0)
10:45:55.615 [JavaFX Application Thread] DEBUG PrimaryStageWindow   - Set initial scene to FXGLStartupScene
10:45:55.628 [JavaFX Application Thread] DEBUG PrimaryStageWindow   - Opening main window
10:45:55.762 [JavaFX Application Thread] DEBUG PrimaryStageWindow   - Window border size: (14.66668701171875, 37.33331298828125)
10:45:55.762 [JavaFX Application Thread] DEBUG PrimaryStageWindow   - Scaled size: 800.0 x 600.0
10:45:55.762 [JavaFX Application Thread] DEBUG PrimaryStageWindow   - Scaled ratio: (1.0, 1.0)
10:45:55.763 [JavaFX Application Thread] DEBUG PrimaryStageWindow   - Scene size: 800.0 x 600.0
10:45:55.763 [JavaFX Application Thread] DEBUG PrimaryStageWindow   - Stage size: 814.6666870117188 x 637.3333129882812
10:45:55.776 [FXGL Background Thread 1 ] DEBUG Engine               - Initializing environment variables
10:45:55.902 [FXGL Background Thread 1 ] DEBUG FXGLAssetLoaderServi - User app class for loading assets: class mangobomb.bombermango.HelloApplication
10:45:55.903 [FXGL Background Thread 1 ] DEBUG GameApplicationServi - Applying CSS: fxgl_dark.css
10:45:55.904 [FXGL Background Thread 1 ] DEBUG FXGLAssetLoaderServi - Loading from file system: jar:file:/C:/Users/Admin/.m2/repository/com/github/almasb/fxgl/17.1/fxgl-17.1.jar!/fxglassets/ui/css/fxgl_dark.css
10:45:55.989 [FXGL Background Thread 1 ] DEBUG GameApplicationServi - Initializing application scenes
10:45:56.105 [FXGL Background Thread 1 ] DEBUG GameWorld            - Game world initialized
10:45:56.205 [FXGL Background Thread 1 ] DEBUG PhysicsWorld         - Physics world initialized: appHeight=600, physics.ppm=50.0
10:45:56.205 [FXGL Background Thread 1 ] DEBUG PhysicsWorld         - Using strategy: BRUTE_FORCE
10:45:56.212 [FXGL Background Thread 1 ] DEBUG GameScene            - Game scene initialized: 800x600
10:45:56.235 [FXGL Background Thread 1 ] DEBUG FXGL.DefaultMenu     - createMenuBodyMainMenu()
10:45:56.262 [FXGL Background Thread 1 ] DEBUG FXGL.DefaultMenu     - createOptionsMenu()
10:45:56.283 [FXGL Background Thread 1 ] DEBUG FXGLAssetLoaderServi - Loading from file system: jar:file:/C:/Users/Admin/.m2/repository/com/github/almasb/fxgl/17.1/fxgl-17.1.jar!/fxglassets/textures/particles/smoke.png
10:45:56.455 [FXGL Background Thread 1 ] DEBUG FXGLAssetLoaderServi - Loading from file system: jar:file:/C:/Users/Admin/.m2/repository/com/github/almasb/fxgl/17.1/fxgl-17.1.jar!/fxglassets/textures/particles/trace_horizontal.png
10:45:56.540 [FXGL Background Thread 1 ] DEBUG FXGL.DefaultMenu     - createMenuBodyGameMenu()
10:45:56.542 [FXGL Background Thread 1 ] DEBUG FXGL.DefaultMenu     - createOptionsMenu()
10:45:56.564 [FXGL Background Thread 1 ] DEBUG GameApplicationServi - Application scenes initialized
10:45:56.583 [FXGL Background Thread 1 ] DEBUG SystemBundleService  - Loading FXGL system data
10:45:56.593 [FXGL Background Thread 1 ] DEBUG FileSystemAccess     - Reading from: D:\bombermango\system\fxgl.bundle
10:45:56.608 [FXGL Background Thread 1 ] DEBUG SystemBundleService  - Bundle FXGL: {}
10:45:56.609 [FXGL Background Thread 1 ] DEBUG UpdaterService       - Checking for updates
10:45:56.616 [FXGL Background Thread 1 ] DEBUG FXGLApplication      - Loading default localization
10:45:56.617 [FXGL Background Thread 1 ] DEBUG FXGLAssetLoaderServi - Loading from file system: jar:file:/C:/Users/Admin/.m2/repository/com/github/almasb/fxgl/17.1/fxgl-17.1.jar!/fxglassets/languages/english.lang
10:45:56.633 [FXGL Background Thread 4 ] DEBUG FXGLApplication      - Loading fonts
10:45:56.658 [FXGL Background Thread 1 ] INFO  FXGLApplication      - FXGL initialization took: 0.882 sec
10:45:56.665 [FXGL Background Thread 4 ] DEBUG FXGLAssetLoaderServi - Loading from file system: jar:file:/C:/Users/Admin/.m2/repository/com/github/almasb/fxgl/17.1/fxgl-17.1.jar!/fxglassets/ui/fonts/VarelaRound-Regular.ttf
10:45:56.686 [JavaFX Application Thread] DEBUG Input                - Registered new binding: moveUp - W
10:45:56.686 [JavaFX Application Thread] DEBUG Input                - Registered new binding: moveRight - D
10:45:56.686 [JavaFX Application Thread] DEBUG Input                - Registered new binding: moveLeft - A
10:45:56.686 [JavaFX Application Thread] DEBUG Input                - Registered new binding: moveDown - S
10:45:56.687 [JavaFX Application Thread] DEBUG Input                - Registered new binding: implantBomb - F
10:45:56.687 [JavaFX Application Thread] DEBUG Input                - Registered new binding: PlayMusic - M
10:45:56.687 [JavaFX Application Thread] DEBUG FXGLAssetLoaderServi - Loading from file system: jar:file:/C:/Users/Admin/.m2/repository/com/github/almasb/fxgl/17.1/fxgl-17.1.jar!/fxglassets/textures/fxgl_icon.png
10:45:56.727 [JavaFX Application Thread] DEBUG FXGLAssetLoaderServi - Loading from file system: jar:file:/C:/Users/Admin/.m2/repository/com/github/almasb/fxgl/17.1/fxgl-17.1.jar!/fxglassets/textures/fxgl_default_cursor.png
10:45:56.730 [JavaFX Application Thread] DEBUG Input                - Registered new binding: Screenshot - CTRL+8
10:45:56.731 [JavaFX Application Thread] DEBUG Input                - Registered new binding: System info dump - CTRL+9
10:45:56.732 [JavaFX Application Thread] DEBUG Input                - Registered new binding: Restart - CTRL+R
10:45:56.733 [JavaFX Application Thread] DEBUG Input                - Registered new binding: Toggle Debug Camera - CTRL+7
10:45:56.736 [JavaFX Application Thread] DEBUG LoopRunner           - Starting loop
10:45:56.736 [JavaFX Application Thread] DEBUG LoopRunner           - Initializing JavaFX AnimationTimerLoop
10:45:56.742 [JavaFX Application Thread] DEBUG Input                - Clearing active input actions
10:45:56.751 [JavaFX Application Thread] DEBUG GameApplicationServi - Removing overlay from FXGLStartupScene and adding to FXGLMainMenuDummyScene
10:45:56.752 [JavaFX Application Thread] DEBUG PrimaryStageWindow   - FXGLStartupScene -> FXGLMainMenuDummyScene
10:45:56.752 [JavaFX Application Thread] DEBUG PrimaryStageWindow   - Push state: FXGLDefaultMenu
10:45:56.761 [JavaFX Application Thread] DEBUG Input                - Clearing active input actions
10:45:56.774 [JavaFX Application Thread] DEBUG GameApplicationServi - Removing overlay from FXGLMainMenuDummyScene and adding to FXGLDefaultMenu
10:45:56.775 [JavaFX Application Thread] DEBUG PrimaryStageWindow   - FXGLMainMenuDummyScene -> FXGLDefaultMenu
10:45:57.057 [FXGL Background Thread 4 ] DEBUG FXGLAssetLoaderServi - Loading from file system: jar:file:/C:/Users/Admin/.m2/repository/com/github/almasb/fxgl/17.1/fxgl-17.1.jar!/fxglassets/ui/fonts/Abel-Regular.ttf
10:45:57.075 [FXGL Background Thread 4 ] DEBUG FXGLAssetLoaderServi - Loading from file system: jar:file:/C:/Users/Admin/.m2/repository/com/github/almasb/fxgl/17.1/fxgl-17.1.jar!/fxglassets/ui/fonts/TerminalLandMono-Regular.otf
10:45:57.080 [FXGL Background Thread 4 ] DEBUG FXGLAssetLoaderServi - Loading from file system: jar:file:/C:/Users/Admin/.m2/repository/com/github/almasb/fxgl/17.1/fxgl-17.1.jar!/fxglassets/ui/fonts/Courier-Prime.ttf
10:45:57.172 [JavaFX Application Thread] DEBUG FXGLApplication      - Registering font factories with UI factory
10:45:57.904 [FXGL Background Thread 2 ] INFO  UpdaterService       - Your current version:  17.1
10:45:57.904 [FXGL Background Thread 2 ] INFO  UpdaterService       - Latest stable version: 17.2
10:45:58.137 [JavaFX Application Thread] DEBUG Menu                 - fireNewGame()
10:45:58.138 [JavaFX Application Thread] DEBUG GameApplicationServi - Starting new game
10:45:58.141 [JavaFX Application Thread] DEBUG PrimaryStageWindow   - Pop state: FXGLDefaultMenu
10:45:58.141 [JavaFX Application Thread] DEBUG Input                - Clearing active input actions
10:45:58.142 [JavaFX Application Thread] DEBUG GameApplicationServi - Removing overlay from FXGLDefaultMenu and adding to FXGLMainMenuDummyScene
10:45:58.143 [JavaFX Application Thread] DEBUG PrimaryStageWindow   - FXGLMainMenuDummyScene <- FXGLDefaultMenu
10:45:58.143 [JavaFX Application Thread] DEBUG Input                - Clearing active input actions
10:45:58.180 [JavaFX Application Thread] DEBUG GameApplicationServi - Removing overlay from FXGLMainMenuDummyScene and adding to FXGLLoadingScene
10:45:58.184 [JavaFX Application Thread] DEBUG PrimaryStageWindow   - FXGLMainMenuDummyScene -> FXGLLoadingScene
10:45:58.186 [JavaFX Application Thread] DEBUG GameApplicationServi - Clearing previous game
10:45:58.186 [JavaFX Application Thread] DEBUG GameScene            - Clearing game scene
10:45:58.186 [JavaFX Application Thread] DEBUG GameWorld            - Clearing game world
10:45:58.186 [JavaFX Application Thread] DEBUG PhysicsWorld         - Clearing physics world
10:45:58.188 [FXGL Background Thread 2 ] DEBUG FXGLApplication      - Initializing game
10:45:58.224 [FXGL Background Thread 2 ] DEBUG FXGLAssetLoaderServi - Loading from file system: file:/D:/bombermango/target/classes/assets/textures/sprites/wall.png
10:45:58.256 [FXGL Background Thread 2 ] DEBUG FXGLAssetLoaderServi - Loading from file system: file:/D:/bombermango/target/classes/assets/textures/sprites/brick.png
10:45:58.353 [FXGL Background Thread 2 ] DEBUG GameWorld            - Clearing removable entities
10:45:58.354 [FXGL Background Thread 2 ] DEBUG GameWorld            - Setting level: com.almasb.fxgl.entity.level.Level@1b5c2021
10:45:58.456 [FXGL Background Thread 2 ] WARN  FXGLAssetLoaderServi - Asset "/assets/music/gameaudio.wav" was not found!
10:45:58.457 [FXGL Background Thread 2 ] WARN  FXGLAssetLoaderServi - Failed to load MUSIC
10:45:58.461 [FXGL Background Thread 2 ] DEBUG FXGLAssetLoaderServi - Loading from file system: file:/D:/bombermango/target/classes/assets/textures/sprites/player_right.png
10:45:58.463 [FXGL Background Thread 2 ] DEBUG FXGLAssetLoaderServi - Loading from file system: file:/D:/bombermango/target/classes/assets/textures/sprites/player_right_1.png
10:45:58.465 [FXGL Background Thread 2 ] WARN  FXGLAssetLoaderServi - Asset "/assets/textures/sprites/player_right_2.png" was not found!
10:45:58.466 [FXGL Background Thread 2 ] WARN  FXGLAssetLoaderServi - Failed to load RESIZABLE_IMAGE
10:45:58.503 [FXGL Background Thread 2 ] DEBUG FXGLAssetLoaderServi - Loading from file system: file:/D:/bombermango/target/classes/assets/textures/sprites/player_down.png
10:45:58.506 [FXGL Background Thread 2 ] DEBUG FXGLAssetLoaderServi - Loading from file system: file:/D:/bombermango/target/classes/assets/textures/sprites/player_down_1.png
10:45:58.510 [FXGL Background Thread 2 ] DEBUG FXGLAssetLoaderServi - Loading from file system: file:/D:/bombermango/target/classes/assets/textures/sprites/player_down_2.png
10:45:58.512 [FXGL Background Thread 2 ] DEBUG FXGLAssetLoaderServi - Loading from file system: file:/D:/bombermango/target/classes/assets/textures/sprites/player_left.png
10:45:58.513 [FXGL Background Thread 2 ] DEBUG FXGLAssetLoaderServi - Loading from file system: file:/D:/bombermango/target/classes/assets/textures/sprites/player_left_1.png
10:45:58.515 [FXGL Background Thread 2 ] DEBUG FXGLAssetLoaderServi - Loading from file system: file:/D:/bombermango/target/classes/assets/textures/sprites/player_left_2.png
10:45:58.526 [FXGL Background Thread 2 ] DEBUG FXGLAssetLoaderServi - Loading from file system: file:/D:/bombermango/target/classes/assets/textures/sprites/portal.png
10:45:58.531 [FXGL Background Thread 2 ] DEBUG FXGLAssetLoaderServi - Loading from file system: file:/D:/bombermango/target/classes/assets/textures/sprites/balloom_right1.png
10:45:58.533 [FXGL Background Thread 2 ] DEBUG FXGLAssetLoaderServi - Loading from file system: file:/D:/bombermango/target/classes/assets/textures/sprites/balloom_right2.png
10:45:58.535 [FXGL Background Thread 2 ] DEBUG FXGLAssetLoaderServi - Loading from file system: file:/D:/bombermango/target/classes/assets/textures/sprites/balloom_right3.png
10:45:58.545 [FXGL Background Thread 2 ] INFO  FXGLApplication      - Game initialization took: 0.358 sec
10:45:58.554 [JavaFX Application Thread] DEBUG Input                - Clearing active input actions
10:45:58.569 [JavaFX Application Thread] DEBUG GameApplicationServi - Removing overlay from FXGLLoadingScene and adding to GameScene
10:45:58.570 [JavaFX Application Thread] DEBUG PrimaryStageWindow   - FXGLLoadingScene -> GameScene
10:45:59.615 [FXGL Background Thread 3 ] DEBUG Engine               - Logging environment variables
10:45:59.617 [FXGL Background Thread 3 ] DEBUG Engine               - achievements: []
10:45:59.618 [FXGL Background Thread 3 ] DEBUG Engine               - actualHeight: 600.0
10:45:59.620 [FXGL Background Thread 3 ] DEBUG Engine               - actualHeightProperty: ReadOnlyDoubleProperty [value: 600.0]
10:45:59.621 [FXGL Background Thread 3 ] DEBUG Engine               - actualWidth: 800.0
10:45:59.622 [FXGL Background Thread 3 ] DEBUG Engine               - actualWidthProperty: ReadOnlyDoubleProperty [value: 800.0]
10:45:59.622 [FXGL Background Thread 3 ] DEBUG Engine               - appIcon: fxgl_icon.png
10:45:59.623 [FXGL Background Thread 3 ] DEBUG Engine               - applicationMode: DEVELOPER
10:45:59.623 [FXGL Background Thread 3 ] DEBUG Engine               - cSSList: [fxgl_dark.css]
10:45:59.624 [FXGL Background Thread 3 ] DEBUG Engine               - collisionDetectionStrategy: BRUTE_FORCE
10:45:59.624 [FXGL Background Thread 3 ] DEBUG Engine               - configClass: Optional.empty
10:45:59.624 [FXGL Background Thread 3 ] DEBUG Engine               - credits: []
10:45:59.632 [FXGL Background Thread 3 ] DEBUG Engine               - defaultCursor: CursorInfo(imageName=fxgl_default_cursor.png, hotspotX=7.0, hotspotY=6.0)
10:45:59.637 [FXGL Background Thread 3 ] DEBUG Engine               - devBBoxColorProperty: ObjectProperty [value: 0xff0000ff]
10:45:59.637 [FXGL Background Thread 3 ] DEBUG Engine               - devEnableDebugCameraProperty: BooleanProperty [value: false]
10:45:59.644 [FXGL Background Thread 3 ] DEBUG Engine               - devSensorColorProperty: ObjectProperty [value: 0xffff00ff]
10:45:59.644 [FXGL Background Thread 3 ] DEBUG Engine               - devShowBBoxProperty: BooleanProperty [value: false]
10:45:59.645 [FXGL Background Thread 3 ] DEBUG Engine               - devShowPositionProperty: BooleanProperty [value: false]
10:45:59.645 [FXGL Background Thread 3 ] DEBUG Engine               - enabledMenuItems: []
10:45:59.645 [FXGL Background Thread 3 ] DEBUG Engine               - engineServices: [class com.almasb.fxgl.app.services.FXGLAssetLoaderService, class com.almasb.fxgl.app.FXGLApplication$GameApplicationService, class com.almasb.fxgl.app.services.FXGLDialogService, class com.almasb.fxgl.app.services.IOTaskExecutorService, class com.almasb.fxgl.io.FileSystemService, class com.almasb.fxgl.localization.LocalizationService, class com.almasb.fxgl.app.services.SystemBundleService, class com.almasb.fxgl.profile.SaveLoadService, class com.almasb.fxgl.ui.FXGLUIFactoryServiceProvider, class com.almasb.fxgl.ui.FXGLDialogFactoryServiceProvider, class com.almasb.fxgl.audio.AudioPlayer, class com.almasb.fxgl.notification.impl.NotificationServiceProvider, class com.almasb.fxgl.achievement.AchievementService, class com.almasb.fxgl.cutscene.CutsceneService, class com.almasb.fxgl.minigames.MiniGameService, class com.almasb.fxgl.net.NetService, class com.almasb.fxgl.app.services.UpdaterService, class com.almasb.fxgl.dev.DevService]
10:45:59.645 [FXGL Background Thread 3 ] DEBUG Engine               - fontGame: Abel-Regular.ttf
10:45:59.646 [FXGL Background Thread 3 ] DEBUG Engine               - fontMono: TerminalLandMono-Regular.otf
10:45:59.646 [FXGL Background Thread 3 ] DEBUG Engine               - fontText: Courier-Prime.ttf
10:45:59.646 [FXGL Background Thread 3 ] DEBUG Engine               - fontUI: VarelaRound-Regular.ttf
10:45:59.646 [FXGL Background Thread 3 ] DEBUG Engine               - fullScreen: BooleanProperty [value: false]
10:45:59.647 [FXGL Background Thread 3 ] DEBUG Engine               - gameDifficulty: MEDIUM
10:45:59.647 [FXGL Background Thread 3 ] DEBUG Engine               - gameDifficultyProperty: ObjectProperty [value: MEDIUM]
10:45:59.647 [FXGL Background Thread 3 ] DEBUG Engine               - globalMusicVolume: 0.5
10:45:59.647 [FXGL Background Thread 3 ] DEBUG Engine               - globalMusicVolumeProperty: DoubleProperty [value: 0.5]
10:45:59.648 [FXGL Background Thread 3 ] DEBUG Engine               - globalSoundVolume: 0.5
10:45:59.648 [FXGL Background Thread 3 ] DEBUG Engine               - globalSoundVolumeProperty: DoubleProperty [value: 0.5]
10:45:59.648 [FXGL Background Thread 3 ] DEBUG Engine               - height: 600
10:45:59.649 [FXGL Background Thread 3 ] DEBUG Engine               - is3D: false
10:45:59.649 [FXGL Background Thread 3 ] DEBUG Engine               - isAndroid: false
10:45:59.649 [FXGL Background Thread 3 ] DEBUG Engine               - isBrowser: false
10:45:59.649 [FXGL Background Thread 3 ] DEBUG Engine               - isClickFeedbackEnabled: false
10:45:59.650 [FXGL Background Thread 3 ] DEBUG Engine               - isCloseConfirmation: false
10:45:59.650 [FXGL Background Thread 3 ] DEBUG Engine               - isDesktop: true
10:45:59.651 [FXGL Background Thread 3 ] DEBUG Engine               - isDeveloperMenuEnabled: false
10:45:59.653 [FXGL Background Thread 3 ] DEBUG Engine               - isEmbedded: false
10:45:59.655 [FXGL Background Thread 3 ] DEBUG Engine               - isEntityPreloadEnabled: true
10:45:59.656 [FXGL Background Thread 3 ] DEBUG Engine               - isExperimentalTiledLargeMap: false
10:45:59.656 [FXGL Background Thread 3 ] DEBUG Engine               - isFileSystemWriteAllowed: true
10:45:59.656 [FXGL Background Thread 3 ] DEBUG Engine               - isFullScreenAllowed: false
10:45:59.657 [FXGL Background Thread 3 ] DEBUG Engine               - isFullScreenFromStart: false
10:45:59.657 [FXGL Background Thread 3 ] DEBUG Engine               - isGameMenuEnabled: true
10:45:59.657 [FXGL Background Thread 3 ] DEBUG Engine               - isIOS: false
10:45:59.657 [FXGL Background Thread 3 ] DEBUG Engine               - isIntroEnabled: false
10:45:59.657 [FXGL Background Thread 3 ] DEBUG Engine               - isLinux: false
10:45:59.658 [FXGL Background Thread 3 ] DEBUG Engine               - isMac: false
10:45:59.658 [FXGL Background Thread 3 ] DEBUG Engine               - isMainMenuEnabled: true
10:45:59.658 [FXGL Background Thread 3 ] DEBUG Engine               - isManualResizeEnabled: false
10:45:59.658 [FXGL Background Thread 3 ] DEBUG Engine               - isMobile: false
10:45:59.659 [FXGL Background Thread 3 ] DEBUG Engine               - isNative: false
10:45:59.659 [FXGL Background Thread 3 ] DEBUG Engine               - isPauseMusicWhenMinimized: true
10:45:59.659 [FXGL Background Thread 3 ] DEBUG Engine               - isPreserveResizeRatio: false
10:45:59.659 [FXGL Background Thread 3 ] DEBUG Engine               - isProfilingEnabled: false
10:45:59.659 [FXGL Background Thread 3 ] DEBUG Engine               - isScaleAffectedOnResize: true
10:45:59.660 [FXGL Background Thread 3 ] DEBUG Engine               - isSingleStep: false
10:45:59.660 [FXGL Background Thread 3 ] DEBUG Engine               - isUserProfileEnabled: false
10:45:59.660 [FXGL Background Thread 3 ] DEBUG Engine               - isWindows: true
10:45:59.660 [FXGL Background Thread 3 ] DEBUG Engine               - language: ObjectProperty [value: ENGLISH]
10:45:59.660 [FXGL Background Thread 3 ] DEBUG Engine               - menuKey: ESCAPE
10:45:59.661 [FXGL Background Thread 3 ] DEBUG Engine               - mouseSensitivity: 0.2
10:45:59.661 [FXGL Background Thread 3 ] DEBUG Engine               - notificationViewClass: class com.almasb.fxgl.notification.view.XboxNotificationView
10:45:59.661 [FXGL Background Thread 3 ] DEBUG Engine               - pixelsPerMeter: 50.0
10:45:59.661 [FXGL Background Thread 3 ] DEBUG Engine               - platform: WINDOWS
10:45:59.661 [FXGL Background Thread 3 ] DEBUG Engine               - prefHeightProperty: ReadOnlyDoubleProperty [value: 600.0]
10:45:59.662 [FXGL Background Thread 3 ] DEBUG Engine               - prefWidthProperty: ReadOnlyDoubleProperty [value: 800.0]
10:45:59.662 [FXGL Background Thread 3 ] DEBUG Engine               - profileDir: profiles/
10:45:59.662 [FXGL Background Thread 3 ] DEBUG Engine               - profileName: StringProperty [value: DEFAULT]
10:45:59.662 [FXGL Background Thread 3 ] DEBUG Engine               - randomSeed: -1
10:45:59.664 [FXGL Background Thread 3 ] DEBUG Engine               - runtimeInfo: RuntimeInfo(platform=WINDOWS, version=17.1, build=24.03.2022 17.34)
10:45:59.664 [FXGL Background Thread 3 ] DEBUG Engine               - saveFileExt: sav
10:45:59.664 [FXGL Background Thread 3 ] DEBUG Engine               - scaledHeightProp$fxgl: DoubleProperty [bound, value: 600.0]
10:45:59.664 [FXGL Background Thread 3 ] DEBUG Engine               - scaledWidthProp$fxgl: DoubleProperty [bound, value: 800.0]
10:45:59.665 [FXGL Background Thread 3 ] DEBUG Engine               - sceneFactory: com.almasb.fxgl.app.scene.SceneFactory@414bb389
10:45:59.665 [FXGL Background Thread 3 ] DEBUG Engine               - secondsIn24h: 60
10:45:59.665 [FXGL Background Thread 3 ] DEBUG Engine               - soundMenuBack: menu/back.wav
10:45:59.665 [FXGL Background Thread 3 ] DEBUG Engine               - soundMenuPress: menu/press.wav
10:45:59.665 [FXGL Background Thread 3 ] DEBUG Engine               - soundMenuSelect: menu/select.wav
10:45:59.666 [FXGL Background Thread 3 ] DEBUG Engine               - soundNotification: core/notification.wav
10:45:59.666 [FXGL Background Thread 3 ] DEBUG Engine               - stageStyle: DECORATED
10:45:59.666 [FXGL Background Thread 3 ] DEBUG Engine               - supportedLanguages: [ENGLISH, FRENCH, GERMAN, HUNGARIAN, RUSSIAN]
10:45:59.666 [FXGL Background Thread 3 ] DEBUG Engine               - ticksPerSecond: -1
10:45:59.672 [FXGL Background Thread 3 ] DEBUG Engine               - title: Bomberman
10:45:59.675 [FXGL Background Thread 3 ] DEBUG Engine               - urlGithub: https://github.com/AlmasB/FXGL
10:45:59.675 [FXGL Background Thread 3 ] DEBUG Engine               - urlLeaderboard: http://fxgl-top.herokuapp.com/
10:45:59.676 [FXGL Background Thread 3 ] DEBUG Engine               - urlPOM: https://raw.githubusercontent.com/AlmasB/FXGL/release/README.md
10:45:59.676 [FXGL Background Thread 3 ] DEBUG Engine               - userAppClass: class mangobomb.bombermango.HelloApplication
10:45:59.676 [FXGL Background Thread 3 ] DEBUG Engine               - version: 0.0
10:45:59.676 [FXGL Background Thread 3 ] DEBUG Engine               - versionCheckDays: 7
10:45:59.676 [FXGL Background Thread 3 ] DEBUG Engine               - width: 800
10:45:59.676 [FXGL Background Thread 3 ] DEBUG Engine               - Logging services
10:45:59.677 [FXGL Background Thread 3 ] DEBUG Engine               - class com.almasb.fxgl.app.services.FXGLAssetLoaderService
10:45:59.677 [FXGL Background Thread 3 ] DEBUG Engine               - class com.almasb.fxgl.app.FXGLApplication$GameApplicationService
10:45:59.677 [FXGL Background Thread 3 ] DEBUG Engine               - class com.almasb.fxgl.app.services.FXGLDialogService
10:45:59.677 [FXGL Background Thread 3 ] DEBUG Engine               - class com.almasb.fxgl.app.services.IOTaskExecutorService
10:45:59.677 [FXGL Background Thread 3 ] DEBUG Engine               - class com.almasb.fxgl.io.FileSystemService
10:45:59.677 [FXGL Background Thread 3 ] DEBUG Engine               - class com.almasb.fxgl.localization.LocalizationService
10:45:59.678 [FXGL Background Thread 3 ] DEBUG Engine               - class com.almasb.fxgl.app.services.SystemBundleService
10:45:59.678 [FXGL Background Thread 3 ] DEBUG Engine               - class com.almasb.fxgl.profile.SaveLoadService
10:45:59.678 [FXGL Background Thread 3 ] DEBUG Engine               - class com.almasb.fxgl.ui.FXGLUIFactoryServiceProvider
10:45:59.678 [FXGL Background Thread 3 ] DEBUG Engine               - class com.almasb.fxgl.ui.FXGLDialogFactoryServiceProvider
10:45:59.678 [FXGL Background Thread 3 ] DEBUG Engine               - class com.almasb.fxgl.audio.AudioPlayer
10:45:59.678 [FXGL Background Thread 3 ] DEBUG Engine               - class com.almasb.fxgl.notification.impl.NotificationServiceProvider
10:45:59.679 [FXGL Background Thread 3 ] DEBUG Engine               - class com.almasb.fxgl.achievement.AchievementService
10:45:59.679 [FXGL Background Thread 3 ] DEBUG Engine               - class com.almasb.fxgl.cutscene.CutsceneService
10:45:59.679 [FXGL Background Thread 3 ] DEBUG Engine               - class com.almasb.fxgl.minigames.MiniGameService
10:45:59.679 [FXGL Background Thread 3 ] DEBUG Engine               - class com.almasb.fxgl.net.NetService
10:45:59.679 [FXGL Background Thread 3 ] DEBUG Engine               - class com.almasb.fxgl.app.services.UpdaterService
10:45:59.680 [FXGL Background Thread 3 ] DEBUG Engine               - class com.almasb.fxgl.dev.DevService
10:45:59.756 [JavaFX Application Thread] DEBUG FXGLAssetLoaderServi - Loading from file system: file:/D:/bombermango/target/classes/assets/textures/sprites/bomb.png
10:45:59.759 [JavaFX Application Thread] DEBUG FXGLAssetLoaderServi - Loading from file system: file:/D:/bombermango/target/classes/assets/textures/sprites/bomb_1.png
10:45:59.762 [JavaFX Application Thread] DEBUG FXGLAssetLoaderServi - Loading from file system: file:/D:/bombermango/target/classes/assets/textures/sprites/bomb_2.png
10:46:01.005 [JavaFX Application Thread] DEBUG FXGLAssetLoaderServi - Loading from file system: file:/D:/bombermango/target/classes/assets/textures/sprites/bomb_exploded.png
10:46:01.007 [JavaFX Application Thread] DEBUG FXGLAssetLoaderServi - Loading from file system: file:/D:/bombermango/target/classes/assets/textures/sprites/bomb_exploded1.png
10:46:01.009 [JavaFX Application Thread] DEBUG FXGLAssetLoaderServi - Loading from file system: file:/D:/bombermango/target/classes/assets/textures/sprites/bomb_exploded2.png
10:46:46.594 [JavaFX Application Thread] DEBUG GameWorld            - Clearing removable entities
10:46:46.612 [JavaFX Application Thread] DEBUG GameWorld            - Setting level: com.almasb.fxgl.entity.level.Level@4b58e6d4
10:46:46.627 [JavaFX Application Thread] WARN  FXGLAssetLoaderServi - Asset "/assets/music/gameaudio.wav" was not found!
10:46:46.628 [JavaFX Application Thread] WARN  FXGLAssetLoaderServi - Failed to load MUSIC
10:46:46.628 [JavaFX Application Thread] WARN  FXGLAssetLoaderServi - Asset "/assets/textures/sprites/player_right_2.png" was not found!
10:46:46.629 [JavaFX Application Thread] WARN  FXGLAssetLoaderServi - Failed to load RESIZABLE_IMAGE
10:46:51.782 [JavaFX Application Thread] DEBUG FXGLApplication      - Exiting FXGL
10:46:51.782 [JavaFX Application Thread] DEBUG LoopRunner           - Stopping loop
10:46:51.782 [JavaFX Application Thread] DEBUG SystemBundleService  - Saving FXGL system data
10:46:51.784 [JavaFX Application Thread] DEBUG FileSystemAccess     - Writing to: D:\bombermango\system\fxgl.bundle
10:46:51.786 [JavaFX Application Thread] DEBUG Async                - Shutting down background threads
10:46:51.787 [JavaFX Application Thread] DEBUG PrimaryStageWindow   - Closing main window
10:46:51.806 [JavaFX Application Thread] DEBUG Logger               - Closing Logger
