16:37:49.289 [main                     ] DEBUG Logger               - Configured Logger
16:37:49.334 [main                     ] DEBUG GameApplication      - Logging settings
Title: Bomberman!
Version: 0.0
Width: 768
Height: 576
Fullscreen: false
Intro: false
Profiling: false
Single step:false
App Mode: DEVELOPER
Menu Key: ESCAPE
Stage Style: DECORATED
Scene Factory: class com.almasb.fxgl.app.scene.SceneFactory

16:37:49.872 [JavaFX Application Thread] DEBUG FXGLApplication      - Initializing FXGL
16:37:49.881 [JavaFX Application Thread] INFO  Engine               - FXGL-17.1 (24.03.2022 17.34) on WINDOWS (J:18.0.2.1 FX:18.0.1)
16:37:49.881 [JavaFX Application Thread] DEBUG Engine               - JRE Vendor Name: Oracle Corporation
16:37:49.881 [JavaFX Application Thread] DEBUG Engine               - Running on OS: Windows 10 version 10.0
16:37:49.882 [JavaFX Application Thread] DEBUG Engine               - Architecture: amd64
16:37:49.882 [JavaFX Application Thread] INFO  Engine               - Source code and latest versions at: https://github.com/AlmasB/FXGL
16:37:49.882 [JavaFX Application Thread] INFO  Engine               -       Ask questions and discuss at: https://github.com/AlmasB/FXGL/discussions
16:37:49.882 [JavaFX Application Thread] INFO  Engine               -              Join the FXGL chat at: https://gitter.im/AlmasB/FXGL
16:37:50.065 [JavaFX Application Thread] DEBUG PrimaryStageWindow   - Creating a JavaFX scene
16:37:50.136 [JavaFX Application Thread] DEBUG PrimaryStageWindow   - Target settings size: 768.0 x 576.0
16:37:50.136 [JavaFX Application Thread] DEBUG PrimaryStageWindow   - Scaled scene size:    768.0 x 576.0
16:37:50.137 [JavaFX Application Thread] DEBUG PrimaryStageWindow   - Scaled ratio: (1.0, 1.0)
16:37:50.138 [JavaFX Application Thread] DEBUG PrimaryStageWindow   - Set initial scene to FXGLStartupScene
16:37:50.149 [JavaFX Application Thread] DEBUG PrimaryStageWindow   - Opening main window
16:37:50.269 [JavaFX Application Thread] DEBUG PrimaryStageWindow   - Window border size: (14.66668701171875, 37.33331298828125)
16:37:50.269 [JavaFX Application Thread] DEBUG PrimaryStageWindow   - Scaled size: 768.0 x 576.0
16:37:50.270 [JavaFX Application Thread] DEBUG PrimaryStageWindow   - Scaled ratio: (1.0, 1.0)
16:37:50.270 [JavaFX Application Thread] DEBUG PrimaryStageWindow   - Scene size: 768.0 x 576.0
16:37:50.270 [JavaFX Application Thread] DEBUG PrimaryStageWindow   - Stage size: 782.6666870117188 x 613.3333129882812
16:37:50.283 [FXGL Background Thread 1 ] DEBUG Engine               - Initializing environment variables
16:37:50.367 [FXGL Background Thread 1 ] DEBUG FXGLAssetLoaderServi - User app class for loading assets: class mangobomb.bombermango.HelloApplication
16:37:50.367 [FXGL Background Thread 1 ] DEBUG GameApplicationServi - Applying CSS: fxgl_dark.css
16:37:50.369 [FXGL Background Thread 1 ] DEBUG FXGLAssetLoaderServi - Loading from file system: jar:file:/C:/Users/Admin/.m2/repository/com/github/almasb/fxgl/17.1/fxgl-17.1.jar!/fxglassets/ui/css/fxgl_dark.css
16:37:50.445 [FXGL Background Thread 1 ] DEBUG GameApplicationServi - Initializing application scenes
16:37:50.560 [FXGL Background Thread 1 ] DEBUG GameWorld            - Game world initialized
16:37:50.674 [FXGL Background Thread 1 ] DEBUG PhysicsWorld         - Physics world initialized: appHeight=576, physics.ppm=50.0
16:37:50.674 [FXGL Background Thread 1 ] DEBUG PhysicsWorld         - Using strategy: BRUTE_FORCE
16:37:50.684 [FXGL Background Thread 1 ] DEBUG GameScene            - Game scene initialized: 768x576
16:37:50.703 [FXGL Background Thread 1 ] WARN  FXGL.DefaultMenu     - FXGLDefaultMenu is not designed for resolutions < 800x600
16:37:50.703 [FXGL Background Thread 1 ] DEBUG FXGL.DefaultMenu     - createMenuBodyGameMenu()
16:37:50.722 [FXGL Background Thread 1 ] DEBUG FXGL.DefaultMenu     - createOptionsMenu()
16:37:50.739 [FXGL Background Thread 1 ] DEBUG FXGLAssetLoaderServi - Loading from file system: jar:file:/C:/Users/Admin/.m2/repository/com/github/almasb/fxgl/17.1/fxgl-17.1.jar!/fxglassets/textures/particles/smoke.png
16:37:50.906 [FXGL Background Thread 1 ] DEBUG FXGLAssetLoaderServi - Loading from file system: jar:file:/C:/Users/Admin/.m2/repository/com/github/almasb/fxgl/17.1/fxgl-17.1.jar!/fxglassets/textures/particles/trace_horizontal.png
16:37:50.946 [FXGL Background Thread 1 ] DEBUG GameApplicationServi - Application scenes initialized
16:37:50.962 [FXGL Background Thread 1 ] DEBUG SystemBundleService  - Loading FXGL system data
16:37:50.969 [FXGL Background Thread 1 ] DEBUG FileSystemAccess     - Reading from: D:\bombermango\system\fxgl.bundle
16:37:50.982 [FXGL Background Thread 1 ] DEBUG SystemBundleService  - Bundle FXGL: {}
16:37:50.982 [FXGL Background Thread 1 ] DEBUG UpdaterService       - Checking for updates
16:37:50.988 [FXGL Background Thread 1 ] DEBUG FXGLApplication      - Loading default localization
16:37:50.989 [FXGL Background Thread 1 ] DEBUG FXGLAssetLoaderServi - Loading from file system: jar:file:/C:/Users/Admin/.m2/repository/com/github/almasb/fxgl/17.1/fxgl-17.1.jar!/fxglassets/languages/english.lang
16:37:50.998 [FXGL Background Thread 4 ] DEBUG FXGLApplication      - Loading fonts
16:37:50.998 [FXGL Background Thread 4 ] DEBUG FXGLAssetLoaderServi - Loading from file system: jar:file:/C:/Users/Admin/.m2/repository/com/github/almasb/fxgl/17.1/fxgl-17.1.jar!/fxglassets/ui/fonts/VarelaRound-Regular.ttf
16:37:51.030 [FXGL Background Thread 1 ] INFO  FXGLApplication      - FXGL initialization took: 0.747 sec
16:37:51.050 [JavaFX Application Thread] DEBUG Input                - Registered new binding: moveUp - W
16:37:51.050 [JavaFX Application Thread] DEBUG Input                - Registered new binding: moveRight - D
16:37:51.050 [JavaFX Application Thread] DEBUG Input                - Registered new binding: moveLeft - A
16:37:51.050 [JavaFX Application Thread] DEBUG Input                - Registered new binding: moveDown - S
16:37:51.050 [JavaFX Application Thread] DEBUG Input                - Registered new binding: implantBomb - F
16:37:51.051 [JavaFX Application Thread] DEBUG FXGLAssetLoaderServi - Loading from file system: jar:file:/C:/Users/Admin/.m2/repository/com/github/almasb/fxgl/17.1/fxgl-17.1.jar!/fxglassets/textures/fxgl_icon.png
16:37:51.088 [JavaFX Application Thread] DEBUG FXGLAssetLoaderServi - Loading from file system: jar:file:/C:/Users/Admin/.m2/repository/com/github/almasb/fxgl/17.1/fxgl-17.1.jar!/fxglassets/textures/fxgl_default_cursor.png
16:37:51.090 [JavaFX Application Thread] DEBUG Input                - Registered new binding: Screenshot - CTRL+8
16:37:51.091 [JavaFX Application Thread] DEBUG Input                - Registered new binding: System info dump - CTRL+9
16:37:51.092 [JavaFX Application Thread] DEBUG Input                - Registered new binding: Restart - CTRL+R
16:37:51.092 [JavaFX Application Thread] DEBUG Input                - Registered new binding: Toggle Debug Camera - CTRL+7
16:37:51.095 [JavaFX Application Thread] DEBUG LoopRunner           - Starting loop
16:37:51.095 [JavaFX Application Thread] DEBUG LoopRunner           - Initializing JavaFX AnimationTimerLoop
16:37:51.097 [JavaFX Application Thread] DEBUG GameApplicationServi - Starting new game
16:37:51.098 [JavaFX Application Thread] DEBUG Input                - Clearing active input actions
16:37:51.114 [JavaFX Application Thread] DEBUG GameApplicationServi - Removing overlay from FXGLStartupScene and adding to FXGLLoadingScene
16:37:51.115 [JavaFX Application Thread] DEBUG PrimaryStageWindow   - FXGLStartupScene -> FXGLLoadingScene
16:37:51.115 [JavaFX Application Thread] DEBUG GameApplicationServi - Clearing previous game
16:37:51.115 [JavaFX Application Thread] DEBUG GameScene            - Clearing game scene
16:37:51.115 [JavaFX Application Thread] DEBUG GameWorld            - Clearing game world
16:37:51.115 [JavaFX Application Thread] DEBUG PhysicsWorld         - Clearing physics world
16:37:51.119 [FXGL Background Thread 1 ] DEBUG FXGLApplication      - Initializing game
16:37:51.169 [FXGL Background Thread 1 ] DEBUG FXGLAssetLoaderServi - Loading from file system: file:/D:/bombermango/target/classes/assets/textures/sprites/wall.png
16:37:51.223 [FXGL Background Thread 1 ] DEBUG GameWorld            - Clearing removable entities
16:37:51.226 [FXGL Background Thread 1 ] DEBUG GameWorld            - Setting level: com.almasb.fxgl.entity.level.Level@1de7eac
16:37:51.233 [FXGL Background Thread 1 ] DEBUG FXGLAssetLoaderServi - Loading from file system: file:/D:/bombermango/target/classes/assets/textures/sprites/player_left.png
16:37:51.234 [FXGL Background Thread 1 ] DEBUG FXGLAssetLoaderServi - Loading from file system: file:/D:/bombermango/target/classes/assets/textures/sprites/player_left_1.png
16:37:51.235 [FXGL Background Thread 1 ] DEBUG FXGLAssetLoaderServi - Loading from file system: file:/D:/bombermango/target/classes/assets/textures/sprites/player_left_2.png
16:37:51.256 [FXGL Background Thread 1 ] WARN  GameWorld            - Entity is already attached to world
16:37:51.257 [FXGL Background Thread 1 ] INFO  FXGLApplication      - Game initialization took: 0.137 sec
16:37:51.319 [FXGL Background Thread 4 ] DEBUG FXGLAssetLoaderServi - Loading from file system: jar:file:/C:/Users/Admin/.m2/repository/com/github/almasb/fxgl/17.1/fxgl-17.1.jar!/fxglassets/ui/fonts/Abel-Regular.ttf
16:37:51.322 [FXGL Background Thread 4 ] DEBUG FXGLAssetLoaderServi - Loading from file system: jar:file:/C:/Users/Admin/.m2/repository/com/github/almasb/fxgl/17.1/fxgl-17.1.jar!/fxglassets/ui/fonts/TerminalLandMono-Regular.otf
16:37:51.329 [FXGL Background Thread 4 ] DEBUG FXGLAssetLoaderServi - Loading from file system: jar:file:/C:/Users/Admin/.m2/repository/com/github/almasb/fxgl/17.1/fxgl-17.1.jar!/fxglassets/ui/fonts/Courier-Prime.ttf
16:37:51.338 [JavaFX Application Thread] DEBUG Input                - Clearing active input actions
16:37:51.353 [JavaFX Application Thread] DEBUG GameApplicationServi - Removing overlay from FXGLLoadingScene and adding to GameScene
16:37:51.354 [JavaFX Application Thread] DEBUG PrimaryStageWindow   - FXGLLoadingScene -> GameScene
16:37:51.358 [JavaFX Application Thread] DEBUG FXGLApplication      - Registering font factories with UI factory
16:37:51.850 [FXGL Background Thread 2 ] INFO  UpdaterService       - Your current version:  17.1
16:37:51.850 [FXGL Background Thread 2 ] INFO  UpdaterService       - Latest stable version: 17.2
16:37:53.987 [FXGL Background Thread 3 ] DEBUG Engine               - Logging environment variables
16:37:53.987 [FXGL Background Thread 3 ] DEBUG Engine               - achievements: []
16:37:53.988 [FXGL Background Thread 3 ] DEBUG Engine               - actualHeight: 576.0
16:37:53.988 [FXGL Background Thread 3 ] DEBUG Engine               - actualHeightProperty: ReadOnlyDoubleProperty [value: 576.0]
16:37:53.988 [FXGL Background Thread 3 ] DEBUG Engine               - actualWidth: 768.0
16:37:53.988 [FXGL Background Thread 3 ] DEBUG Engine               - actualWidthProperty: ReadOnlyDoubleProperty [value: 768.0]
16:37:53.988 [FXGL Background Thread 3 ] DEBUG Engine               - appIcon: fxgl_icon.png
16:37:53.988 [FXGL Background Thread 3 ] DEBUG Engine               - applicationMode: DEVELOPER
16:37:53.988 [FXGL Background Thread 3 ] DEBUG Engine               - cSSList: [fxgl_dark.css]
16:37:53.988 [FXGL Background Thread 3 ] DEBUG Engine               - collisionDetectionStrategy: BRUTE_FORCE
16:37:53.988 [FXGL Background Thread 3 ] DEBUG Engine               - configClass: Optional.empty
16:37:53.988 [FXGL Background Thread 3 ] DEBUG Engine               - credits: []
16:37:53.989 [FXGL Background Thread 3 ] DEBUG Engine               - defaultCursor: CursorInfo(imageName=fxgl_default_cursor.png, hotspotX=7.0, hotspotY=6.0)
16:37:53.989 [FXGL Background Thread 3 ] DEBUG Engine               - devBBoxColorProperty: ObjectProperty [value: 0xff0000ff]
16:37:53.989 [FXGL Background Thread 3 ] DEBUG Engine               - devEnableDebugCameraProperty: BooleanProperty [value: false]
16:37:53.989 [FXGL Background Thread 3 ] DEBUG Engine               - devSensorColorProperty: ObjectProperty [value: 0xffff00ff]
16:37:53.989 [FXGL Background Thread 3 ] DEBUG Engine               - devShowBBoxProperty: BooleanProperty [value: false]
16:37:53.989 [FXGL Background Thread 3 ] DEBUG Engine               - devShowPositionProperty: BooleanProperty [value: false]
16:37:53.989 [FXGL Background Thread 3 ] DEBUG Engine               - enabledMenuItems: []
16:37:53.989 [FXGL Background Thread 3 ] DEBUG Engine               - engineServices: [class com.almasb.fxgl.app.services.FXGLAssetLoaderService, class com.almasb.fxgl.app.FXGLApplication$GameApplicationService, class com.almasb.fxgl.app.services.FXGLDialogService, class com.almasb.fxgl.app.services.IOTaskExecutorService, class com.almasb.fxgl.io.FileSystemService, class com.almasb.fxgl.localization.LocalizationService, class com.almasb.fxgl.app.services.SystemBundleService, class com.almasb.fxgl.profile.SaveLoadService, class com.almasb.fxgl.ui.FXGLUIFactoryServiceProvider, class com.almasb.fxgl.ui.FXGLDialogFactoryServiceProvider, class com.almasb.fxgl.audio.AudioPlayer, class com.almasb.fxgl.notification.impl.NotificationServiceProvider, class com.almasb.fxgl.achievement.AchievementService, class com.almasb.fxgl.cutscene.CutsceneService, class com.almasb.fxgl.minigames.MiniGameService, class com.almasb.fxgl.net.NetService, class com.almasb.fxgl.app.services.UpdaterService, class com.almasb.fxgl.dev.DevService]
16:37:53.989 [FXGL Background Thread 3 ] DEBUG Engine               - fontGame: Abel-Regular.ttf
16:37:53.990 [FXGL Background Thread 3 ] DEBUG Engine               - fontMono: TerminalLandMono-Regular.otf
16:37:53.990 [FXGL Background Thread 3 ] DEBUG Engine               - fontText: Courier-Prime.ttf
16:37:53.990 [FXGL Background Thread 3 ] DEBUG Engine               - fontUI: VarelaRound-Regular.ttf
16:37:53.990 [FXGL Background Thread 3 ] DEBUG Engine               - fullScreen: BooleanProperty [value: false]
16:37:53.990 [FXGL Background Thread 3 ] DEBUG Engine               - gameDifficulty: MEDIUM
16:37:53.990 [FXGL Background Thread 3 ] DEBUG Engine               - gameDifficultyProperty: ObjectProperty [value: MEDIUM]
16:37:53.990 [FXGL Background Thread 3 ] DEBUG Engine               - globalMusicVolume: 0.5
16:37:53.990 [FXGL Background Thread 3 ] DEBUG Engine               - globalMusicVolumeProperty: DoubleProperty [value: 0.5]
16:37:53.990 [FXGL Background Thread 3 ] DEBUG Engine               - globalSoundVolume: 0.5
16:37:53.990 [FXGL Background Thread 3 ] DEBUG Engine               - globalSoundVolumeProperty: DoubleProperty [value: 0.5]
16:37:53.990 [FXGL Background Thread 3 ] DEBUG Engine               - height: 576
16:37:53.990 [FXGL Background Thread 3 ] DEBUG Engine               - is3D: false
16:37:53.991 [FXGL Background Thread 3 ] DEBUG Engine               - isAndroid: false
16:37:53.991 [FXGL Background Thread 3 ] DEBUG Engine               - isBrowser: false
16:37:53.991 [FXGL Background Thread 3 ] DEBUG Engine               - isClickFeedbackEnabled: false
16:37:53.991 [FXGL Background Thread 3 ] DEBUG Engine               - isCloseConfirmation: false
16:37:53.991 [FXGL Background Thread 3 ] DEBUG Engine               - isDesktop: true
16:37:53.991 [FXGL Background Thread 3 ] DEBUG Engine               - isDeveloperMenuEnabled: false
16:37:53.991 [FXGL Background Thread 3 ] DEBUG Engine               - isEmbedded: false
16:37:53.991 [FXGL Background Thread 3 ] DEBUG Engine               - isEntityPreloadEnabled: true
16:37:53.991 [FXGL Background Thread 3 ] DEBUG Engine               - isExperimentalTiledLargeMap: false
16:37:53.991 [FXGL Background Thread 3 ] DEBUG Engine               - isFileSystemWriteAllowed: true
16:37:53.991 [FXGL Background Thread 3 ] DEBUG Engine               - isFullScreenAllowed: false
16:37:53.992 [FXGL Background Thread 3 ] DEBUG Engine               - isFullScreenFromStart: false
16:37:53.992 [FXGL Background Thread 3 ] DEBUG Engine               - isGameMenuEnabled: true
16:37:53.992 [FXGL Background Thread 3 ] DEBUG Engine               - isIOS: false
16:37:53.992 [FXGL Background Thread 3 ] DEBUG Engine               - isIntroEnabled: false
16:37:53.992 [FXGL Background Thread 3 ] DEBUG Engine               - isLinux: false
16:37:53.992 [FXGL Background Thread 3 ] DEBUG Engine               - isMac: false
16:37:53.992 [FXGL Background Thread 3 ] DEBUG Engine               - isMainMenuEnabled: false
16:37:53.992 [FXGL Background Thread 3 ] DEBUG Engine               - isManualResizeEnabled: false
16:37:53.992 [FXGL Background Thread 3 ] DEBUG Engine               - isMobile: false
16:37:53.992 [FXGL Background Thread 3 ] DEBUG Engine               - isNative: false
16:37:53.992 [FXGL Background Thread 3 ] DEBUG Engine               - isPauseMusicWhenMinimized: true
16:37:53.992 [FXGL Background Thread 3 ] DEBUG Engine               - isPreserveResizeRatio: false
16:37:53.992 [FXGL Background Thread 3 ] DEBUG Engine               - isProfilingEnabled: false
16:37:53.992 [FXGL Background Thread 3 ] DEBUG Engine               - isScaleAffectedOnResize: true
16:37:53.993 [FXGL Background Thread 3 ] DEBUG Engine               - isSingleStep: false
16:37:53.993 [FXGL Background Thread 3 ] DEBUG Engine               - isUserProfileEnabled: false
16:37:53.993 [FXGL Background Thread 3 ] DEBUG Engine               - isWindows: true
16:37:53.993 [FXGL Background Thread 3 ] DEBUG Engine               - language: ObjectProperty [value: ENGLISH]
16:37:53.993 [FXGL Background Thread 3 ] DEBUG Engine               - menuKey: ESCAPE
16:37:53.993 [FXGL Background Thread 3 ] DEBUG Engine               - mouseSensitivity: 0.2
16:37:53.993 [FXGL Background Thread 3 ] DEBUG Engine               - notificationViewClass: class com.almasb.fxgl.notification.view.XboxNotificationView
16:37:53.993 [FXGL Background Thread 3 ] DEBUG Engine               - pixelsPerMeter: 50.0
16:37:53.993 [FXGL Background Thread 3 ] DEBUG Engine               - platform: WINDOWS
16:37:53.994 [FXGL Background Thread 3 ] DEBUG Engine               - prefHeightProperty: ReadOnlyDoubleProperty [value: 576.0]
16:37:53.994 [FXGL Background Thread 3 ] DEBUG Engine               - prefWidthProperty: ReadOnlyDoubleProperty [value: 768.0]
16:37:53.994 [FXGL Background Thread 3 ] DEBUG Engine               - profileDir: profiles/
16:37:53.994 [FXGL Background Thread 3 ] DEBUG Engine               - profileName: StringProperty [value: DEFAULT]
16:37:53.994 [FXGL Background Thread 3 ] DEBUG Engine               - randomSeed: -1
16:37:53.994 [FXGL Background Thread 3 ] DEBUG Engine               - runtimeInfo: RuntimeInfo(platform=WINDOWS, version=17.1, build=24.03.2022 17.34)
16:37:53.994 [FXGL Background Thread 3 ] DEBUG Engine               - saveFileExt: sav
16:37:53.995 [FXGL Background Thread 3 ] DEBUG Engine               - scaledHeightProp$fxgl: DoubleProperty [bound, value: 576.0]
16:37:53.995 [FXGL Background Thread 3 ] DEBUG Engine               - scaledWidthProp$fxgl: DoubleProperty [bound, value: 768.0]
16:37:53.995 [FXGL Background Thread 3 ] DEBUG Engine               - sceneFactory: com.almasb.fxgl.app.scene.SceneFactory@27fa7ccf
16:37:53.995 [FXGL Background Thread 3 ] DEBUG Engine               - secondsIn24h: 60
16:37:53.995 [FXGL Background Thread 3 ] DEBUG Engine               - soundMenuBack: menu/back.wav
16:37:53.995 [FXGL Background Thread 3 ] DEBUG Engine               - soundMenuPress: menu/press.wav
16:37:53.995 [FXGL Background Thread 3 ] DEBUG Engine               - soundMenuSelect: menu/select.wav
16:37:53.995 [FXGL Background Thread 3 ] DEBUG Engine               - soundNotification: core/notification.wav
16:37:53.995 [FXGL Background Thread 3 ] DEBUG Engine               - stageStyle: DECORATED
16:37:53.995 [FXGL Background Thread 3 ] DEBUG Engine               - supportedLanguages: [ENGLISH, FRENCH, GERMAN, HUNGARIAN, RUSSIAN]
16:37:53.995 [FXGL Background Thread 3 ] DEBUG Engine               - ticksPerSecond: -1
16:37:53.995 [FXGL Background Thread 3 ] DEBUG Engine               - title: Bomberman!
16:37:53.995 [FXGL Background Thread 3 ] DEBUG Engine               - urlGithub: https://github.com/AlmasB/FXGL
16:37:53.995 [FXGL Background Thread 3 ] DEBUG Engine               - urlLeaderboard: http://fxgl-top.herokuapp.com/
16:37:53.995 [FXGL Background Thread 3 ] DEBUG Engine               - urlPOM: https://raw.githubusercontent.com/AlmasB/FXGL/release/README.md
16:37:53.995 [FXGL Background Thread 3 ] DEBUG Engine               - userAppClass: class mangobomb.bombermango.HelloApplication
16:37:53.996 [FXGL Background Thread 3 ] DEBUG Engine               - version: 0.0
16:37:53.996 [FXGL Background Thread 3 ] DEBUG Engine               - versionCheckDays: 7
16:37:53.996 [FXGL Background Thread 3 ] DEBUG Engine               - width: 768
16:37:53.996 [FXGL Background Thread 3 ] DEBUG Engine               - Logging services
16:37:53.996 [FXGL Background Thread 3 ] DEBUG Engine               - class com.almasb.fxgl.app.services.FXGLAssetLoaderService
16:37:53.996 [FXGL Background Thread 3 ] DEBUG Engine               - class com.almasb.fxgl.app.FXGLApplication$GameApplicationService
16:37:53.996 [FXGL Background Thread 3 ] DEBUG Engine               - class com.almasb.fxgl.app.services.FXGLDialogService
16:37:53.996 [FXGL Background Thread 3 ] DEBUG Engine               - class com.almasb.fxgl.app.services.IOTaskExecutorService
16:37:53.996 [FXGL Background Thread 3 ] DEBUG Engine               - class com.almasb.fxgl.io.FileSystemService
16:37:53.996 [FXGL Background Thread 3 ] DEBUG Engine               - class com.almasb.fxgl.localization.LocalizationService
16:37:53.996 [FXGL Background Thread 3 ] DEBUG Engine               - class com.almasb.fxgl.app.services.SystemBundleService
16:37:53.996 [FXGL Background Thread 3 ] DEBUG Engine               - class com.almasb.fxgl.profile.SaveLoadService
16:37:53.998 [FXGL Background Thread 3 ] DEBUG Engine               - class com.almasb.fxgl.ui.FXGLUIFactoryServiceProvider
16:37:54.000 [FXGL Background Thread 3 ] DEBUG Engine               - class com.almasb.fxgl.ui.FXGLDialogFactoryServiceProvider
16:37:54.000 [FXGL Background Thread 3 ] DEBUG Engine               - class com.almasb.fxgl.audio.AudioPlayer
16:37:54.000 [FXGL Background Thread 3 ] DEBUG Engine               - class com.almasb.fxgl.notification.impl.NotificationServiceProvider
16:37:54.000 [FXGL Background Thread 3 ] DEBUG Engine               - class com.almasb.fxgl.achievement.AchievementService
16:37:54.000 [FXGL Background Thread 3 ] DEBUG Engine               - class com.almasb.fxgl.cutscene.CutsceneService
16:37:54.000 [FXGL Background Thread 3 ] DEBUG Engine               - class com.almasb.fxgl.minigames.MiniGameService
16:37:54.000 [FXGL Background Thread 3 ] DEBUG Engine               - class com.almasb.fxgl.net.NetService
16:37:54.000 [FXGL Background Thread 3 ] DEBUG Engine               - class com.almasb.fxgl.app.services.UpdaterService
16:37:54.001 [FXGL Background Thread 3 ] DEBUG Engine               - class com.almasb.fxgl.dev.DevService
16:38:04.085 [JavaFX Application Thread] DEBUG FXGLApplication      - Exiting FXGL
16:38:04.085 [JavaFX Application Thread] DEBUG LoopRunner           - Stopping loop
16:38:04.086 [JavaFX Application Thread] DEBUG SystemBundleService  - Saving FXGL system data
16:38:04.087 [JavaFX Application Thread] DEBUG FileSystemAccess     - Writing to: D:\bombermango\system\fxgl.bundle
16:38:04.091 [JavaFX Application Thread] DEBUG Async                - Shutting down background threads
16:38:04.091 [JavaFX Application Thread] DEBUG PrimaryStageWindow   - Closing main window
16:38:04.121 [JavaFX Application Thread] DEBUG Logger               - Closing Logger
