17:11:42.857 [main                     ] DEBUG Logger               - Configured Logger
17:11:42.903 [main                     ] DEBUG GameApplication      - Logging settings
Title: Untitled
Version: 0.0
Width: 1000
Height: 1000
Fullscreen: false
Intro: false
Profiling: false
Single step:false
App Mode: DEVELOPER
Menu Key: ESCAPE
Stage Style: DECORATED
Scene Factory: class com.almasb.fxgl.app.scene.SceneFactory

17:11:43.549 [JavaFX Application Thread] DEBUG FXGLApplication      - Initializing FXGL
17:11:43.559 [JavaFX Application Thread] INFO  Engine               - FXGL-17.1 (24.03.2022 17.34) on WINDOWS (J:18.0.2.1 FX:18.0.1)
17:11:43.559 [JavaFX Application Thread] DEBUG Engine               - JRE Vendor Name: Oracle Corporation
17:11:43.560 [JavaFX Application Thread] DEBUG Engine               - Running on OS: Windows 10 version 10.0
17:11:43.560 [JavaFX Application Thread] DEBUG Engine               - Architecture: amd64
17:11:43.560 [JavaFX Application Thread] INFO  Engine               - Source code and latest versions at: https://github.com/AlmasB/FXGL
17:11:43.560 [JavaFX Application Thread] INFO  Engine               -       Ask questions and discuss at: https://github.com/AlmasB/FXGL/discussions
17:11:43.560 [JavaFX Application Thread] INFO  Engine               -              Join the FXGL chat at: https://gitter.im/AlmasB/FXGL
17:11:43.735 [JavaFX Application Thread] DEBUG PrimaryStageWindow   - Creating a JavaFX scene
17:11:43.735 [JavaFX Application Thread] DEBUG PrimaryStageWindow   - Target size > screen size
17:11:43.815 [JavaFX Application Thread] DEBUG PrimaryStageWindow   - Target settings size: 1000.0 x 1000.0
17:11:43.816 [JavaFX Application Thread] DEBUG PrimaryStageWindow   - Scaled scene size:    655.0 x 680.0
17:11:43.816 [JavaFX Application Thread] DEBUG PrimaryStageWindow   - Scaled ratio: (0.655, 0.68)
17:11:43.818 [JavaFX Application Thread] DEBUG PrimaryStageWindow   - Set initial scene to FXGLStartupScene
17:11:43.828 [JavaFX Application Thread] DEBUG PrimaryStageWindow   - Opening main window
17:11:43.973 [JavaFX Application Thread] DEBUG PrimaryStageWindow   - Window border size: (15.0, 37.33331298828125)
17:11:43.974 [JavaFX Application Thread] DEBUG PrimaryStageWindow   - Scaled size: 655.0 x 680.0
17:11:43.975 [JavaFX Application Thread] DEBUG PrimaryStageWindow   - Scaled ratio: (0.655, 0.68)
17:11:43.976 [JavaFX Application Thread] DEBUG PrimaryStageWindow   - Scene size: 655.0 x 680.0
17:11:43.977 [JavaFX Application Thread] DEBUG PrimaryStageWindow   - Stage size: 670.0 x 717.3333129882812
17:11:43.992 [FXGL Background Thread 1 ] DEBUG Engine               - Initializing environment variables
17:11:44.094 [FXGL Background Thread 1 ] DEBUG FXGLAssetLoaderServi - User app class for loading assets: class mangobomb.bombermango.HelloApplication
17:11:44.094 [FXGL Background Thread 1 ] DEBUG GameApplicationServi - Applying CSS: fxgl_dark.css
17:11:44.096 [FXGL Background Thread 1 ] DEBUG FXGLAssetLoaderServi - Loading from file system: jar:file:/C:/Users/Admin/.m2/repository/com/github/almasb/fxgl/17.1/fxgl-17.1.jar!/fxglassets/ui/css/fxgl_dark.css
17:11:44.202 [FXGL Background Thread 1 ] DEBUG GameApplicationServi - Initializing application scenes
17:11:44.331 [FXGL Background Thread 1 ] DEBUG GameWorld            - Game world initialized
17:11:44.438 [FXGL Background Thread 1 ] DEBUG PhysicsWorld         - Physics world initialized: appHeight=1000, physics.ppm=50.0
17:11:44.439 [FXGL Background Thread 1 ] DEBUG PhysicsWorld         - Using strategy: BRUTE_FORCE
17:11:44.447 [FXGL Background Thread 1 ] DEBUG GameScene            - Game scene initialized: 1000x1000
17:11:44.471 [FXGL Background Thread 1 ] DEBUG FXGL.DefaultMenu     - createMenuBodyGameMenu()
17:11:44.502 [FXGL Background Thread 1 ] DEBUG FXGL.DefaultMenu     - createOptionsMenu()
17:11:44.535 [FXGL Background Thread 1 ] DEBUG FXGLAssetLoaderServi - Loading from file system: jar:file:/C:/Users/Admin/.m2/repository/com/github/almasb/fxgl/17.1/fxgl-17.1.jar!/fxglassets/textures/particles/smoke.png
17:11:44.717 [FXGL Background Thread 1 ] DEBUG FXGLAssetLoaderServi - Loading from file system: jar:file:/C:/Users/Admin/.m2/repository/com/github/almasb/fxgl/17.1/fxgl-17.1.jar!/fxglassets/textures/particles/trace_horizontal.png
17:11:44.787 [FXGL Background Thread 1 ] DEBUG GameApplicationServi - Application scenes initialized
17:11:44.809 [FXGL Background Thread 1 ] DEBUG SystemBundleService  - Loading FXGL system data
17:11:44.814 [FXGL Background Thread 1 ] WARN  SystemBundleService  - Failed to load: java.io.FileNotFoundException: D:\Coding\OOP\bombermango\system\fxgl.bundle (The system cannot find the file specified)
17:11:44.814 [FXGL Background Thread 1 ] DEBUG SystemBundleService  - Loading default FXGL system data
17:11:44.815 [FXGL Background Thread 1 ] DEBUG UpdaterService       - Checking for updates
17:11:44.823 [FXGL Background Thread 1 ] DEBUG FXGLApplication      - Loading default localization
17:11:44.824 [FXGL Background Thread 1 ] DEBUG FXGLAssetLoaderServi - Loading from file system: jar:file:/C:/Users/Admin/.m2/repository/com/github/almasb/fxgl/17.1/fxgl-17.1.jar!/fxglassets/languages/english.lang
17:11:44.851 [FXGL Background Thread 1 ] INFO  FXGLApplication      - FXGL initialization took: 0.858 sec
17:11:44.852 [JavaFX Application Thread] DEBUG FXGLAssetLoaderServi - Loading from file system: jar:file:/C:/Users/Admin/.m2/repository/com/github/almasb/fxgl/17.1/fxgl-17.1.jar!/fxglassets/textures/fxgl_icon.png
17:11:44.878 [FXGL Background Thread 4 ] DEBUG FXGLApplication      - Loading fonts
17:11:44.879 [FXGL Background Thread 4 ] DEBUG FXGLAssetLoaderServi - Loading from file system: jar:file:/C:/Users/Admin/.m2/repository/com/github/almasb/fxgl/17.1/fxgl-17.1.jar!/fxglassets/ui/fonts/VarelaRound-Regular.ttf
17:11:44.895 [JavaFX Application Thread] DEBUG FXGLAssetLoaderServi - Loading from file system: jar:file:/C:/Users/Admin/.m2/repository/com/github/almasb/fxgl/17.1/fxgl-17.1.jar!/fxglassets/textures/fxgl_default_cursor.png
17:11:44.924 [JavaFX Application Thread] DEBUG Input                - Registered new binding: Screenshot - CTRL+8
17:11:44.925 [JavaFX Application Thread] DEBUG Input                - Registered new binding: System info dump - CTRL+9
17:11:44.927 [JavaFX Application Thread] DEBUG Input                - Registered new binding: Restart - CTRL+R
17:11:44.947 [JavaFX Application Thread] DEBUG Input                - Registered new binding: Toggle Debug Camera - CTRL+7
17:11:44.953 [JavaFX Application Thread] DEBUG LoopRunner           - Starting loop
17:11:44.953 [JavaFX Application Thread] DEBUG LoopRunner           - Initializing JavaFX AnimationTimerLoop
17:11:44.955 [JavaFX Application Thread] DEBUG GameApplicationServi - Starting new game
17:11:44.956 [JavaFX Application Thread] DEBUG Input                - Clearing active input actions
17:11:44.973 [JavaFX Application Thread] DEBUG GameApplicationServi - Removing overlay from FXGLStartupScene and adding to FXGLLoadingScene
17:11:44.974 [JavaFX Application Thread] DEBUG PrimaryStageWindow   - FXGLStartupScene -> FXGLLoadingScene
17:11:44.974 [JavaFX Application Thread] DEBUG GameApplicationServi - Clearing previous game
17:11:44.974 [JavaFX Application Thread] DEBUG GameScene            - Clearing game scene
17:11:44.974 [JavaFX Application Thread] DEBUG GameWorld            - Clearing game world
17:11:44.974 [JavaFX Application Thread] DEBUG PhysicsWorld         - Clearing physics world
17:11:44.976 [FXGL Background Thread 1 ] DEBUG FXGLApplication      - Initializing game
17:11:45.047 [FXGL Background Thread 1 ] INFO  FXGLApplication      - Game initialization took: 0.071 sec
17:11:45.053 [JavaFX Application Thread] DEBUG Input                - Clearing active input actions
17:11:45.062 [JavaFX Application Thread] DEBUG GameApplicationServi - Removing overlay from FXGLLoadingScene and adding to GameScene
17:11:45.062 [JavaFX Application Thread] DEBUG PrimaryStageWindow   - FXGLLoadingScene -> GameScene
17:11:45.283 [FXGL Background Thread 4 ] DEBUG FXGLAssetLoaderServi - Loading from file system: jar:file:/C:/Users/Admin/.m2/repository/com/github/almasb/fxgl/17.1/fxgl-17.1.jar!/fxglassets/ui/fonts/Abel-Regular.ttf
17:11:45.290 [FXGL Background Thread 4 ] DEBUG FXGLAssetLoaderServi - Loading from file system: jar:file:/C:/Users/Admin/.m2/repository/com/github/almasb/fxgl/17.1/fxgl-17.1.jar!/fxglassets/ui/fonts/TerminalLandMono-Regular.otf
17:11:45.297 [FXGL Background Thread 4 ] DEBUG FXGLAssetLoaderServi - Loading from file system: jar:file:/C:/Users/Admin/.m2/repository/com/github/almasb/fxgl/17.1/fxgl-17.1.jar!/fxglassets/ui/fonts/Courier-Prime.ttf
17:11:45.326 [JavaFX Application Thread] DEBUG FXGLApplication      - Registering font factories with UI factory
17:11:45.836 [FXGL Background Thread 2 ] INFO  UpdaterService       - Your current version:  17.1
17:11:45.837 [FXGL Background Thread 2 ] INFO  UpdaterService       - Latest stable version: 17.2
17:11:47.833 [FXGL Background Thread 3 ] DEBUG Engine               - Logging environment variables
17:11:47.835 [FXGL Background Thread 3 ] DEBUG Engine               - achievements: []
17:11:47.836 [FXGL Background Thread 3 ] DEBUG Engine               - actualHeight: 680.0
17:11:47.836 [FXGL Background Thread 3 ] DEBUG Engine               - actualHeightProperty: ReadOnlyDoubleProperty [value: 680.0]
17:11:47.836 [FXGL Background Thread 3 ] DEBUG Engine               - actualWidth: 655.0
17:11:47.837 [FXGL Background Thread 3 ] DEBUG Engine               - actualWidthProperty: ReadOnlyDoubleProperty [value: 655.0]
17:11:47.838 [FXGL Background Thread 3 ] DEBUG Engine               - appIcon: fxgl_icon.png
17:11:47.838 [FXGL Background Thread 3 ] DEBUG Engine               - applicationMode: DEVELOPER
17:11:47.839 [FXGL Background Thread 3 ] DEBUG Engine               - cSSList: [fxgl_dark.css]
17:11:47.839 [FXGL Background Thread 3 ] DEBUG Engine               - collisionDetectionStrategy: BRUTE_FORCE
17:11:47.840 [FXGL Background Thread 3 ] DEBUG Engine               - configClass: Optional.empty
17:11:47.840 [FXGL Background Thread 3 ] DEBUG Engine               - credits: []
17:11:47.842 [FXGL Background Thread 3 ] DEBUG Engine               - defaultCursor: CursorInfo(imageName=fxgl_default_cursor.png, hotspotX=7.0, hotspotY=6.0)
17:11:47.843 [FXGL Background Thread 3 ] DEBUG Engine               - devBBoxColorProperty: ObjectProperty [value: 0xff0000ff]
17:11:47.844 [FXGL Background Thread 3 ] DEBUG Engine               - devEnableDebugCameraProperty: BooleanProperty [value: false]
17:11:47.844 [FXGL Background Thread 3 ] DEBUG Engine               - devSensorColorProperty: ObjectProperty [value: 0xffff00ff]
17:11:47.845 [FXGL Background Thread 3 ] DEBUG Engine               - devShowBBoxProperty: BooleanProperty [value: false]
17:11:47.845 [FXGL Background Thread 3 ] DEBUG Engine               - devShowPositionProperty: BooleanProperty [value: false]
17:11:47.845 [FXGL Background Thread 3 ] DEBUG Engine               - enabledMenuItems: []
17:11:47.846 [FXGL Background Thread 3 ] DEBUG Engine               - engineServices: [class com.almasb.fxgl.app.services.FXGLAssetLoaderService, class com.almasb.fxgl.app.FXGLApplication$GameApplicationService, class com.almasb.fxgl.app.services.FXGLDialogService, class com.almasb.fxgl.app.services.IOTaskExecutorService, class com.almasb.fxgl.io.FileSystemService, class com.almasb.fxgl.localization.LocalizationService, class com.almasb.fxgl.app.services.SystemBundleService, class com.almasb.fxgl.profile.SaveLoadService, class com.almasb.fxgl.ui.FXGLUIFactoryServiceProvider, class com.almasb.fxgl.ui.FXGLDialogFactoryServiceProvider, class com.almasb.fxgl.audio.AudioPlayer, class com.almasb.fxgl.notification.impl.NotificationServiceProvider, class com.almasb.fxgl.achievement.AchievementService, class com.almasb.fxgl.cutscene.CutsceneService, class com.almasb.fxgl.minigames.MiniGameService, class com.almasb.fxgl.net.NetService, class com.almasb.fxgl.app.services.UpdaterService, class com.almasb.fxgl.dev.DevService]
17:11:47.846 [FXGL Background Thread 3 ] DEBUG Engine               - fontGame: Abel-Regular.ttf
17:11:47.846 [FXGL Background Thread 3 ] DEBUG Engine               - fontMono: TerminalLandMono-Regular.otf
17:11:47.846 [FXGL Background Thread 3 ] DEBUG Engine               - fontText: Courier-Prime.ttf
17:11:47.847 [FXGL Background Thread 3 ] DEBUG Engine               - fontUI: VarelaRound-Regular.ttf
17:11:47.847 [FXGL Background Thread 3 ] DEBUG Engine               - fullScreen: BooleanProperty [value: false]
17:11:47.847 [FXGL Background Thread 3 ] DEBUG Engine               - gameDifficulty: MEDIUM
17:11:47.848 [FXGL Background Thread 3 ] DEBUG Engine               - gameDifficultyProperty: ObjectProperty [value: MEDIUM]
17:11:47.848 [FXGL Background Thread 3 ] DEBUG Engine               - globalMusicVolume: 0.5
17:11:47.849 [FXGL Background Thread 3 ] DEBUG Engine               - globalMusicVolumeProperty: DoubleProperty [value: 0.5]
17:11:47.849 [FXGL Background Thread 3 ] DEBUG Engine               - globalSoundVolume: 0.5
17:11:47.850 [FXGL Background Thread 3 ] DEBUG Engine               - globalSoundVolumeProperty: DoubleProperty [value: 0.5]
17:11:47.850 [FXGL Background Thread 3 ] DEBUG Engine               - height: 1000
17:11:47.851 [FXGL Background Thread 3 ] DEBUG Engine               - is3D: false
17:11:47.851 [FXGL Background Thread 3 ] DEBUG Engine               - isAndroid: false
17:11:47.851 [FXGL Background Thread 3 ] DEBUG Engine               - isBrowser: false
17:11:47.852 [FXGL Background Thread 3 ] DEBUG Engine               - isClickFeedbackEnabled: false
17:11:47.852 [FXGL Background Thread 3 ] DEBUG Engine               - isCloseConfirmation: false
17:11:47.852 [FXGL Background Thread 3 ] DEBUG Engine               - isDesktop: true
17:11:47.852 [FXGL Background Thread 3 ] DEBUG Engine               - isDeveloperMenuEnabled: false
17:11:47.853 [FXGL Background Thread 3 ] DEBUG Engine               - isEmbedded: false
17:11:47.853 [FXGL Background Thread 3 ] DEBUG Engine               - isEntityPreloadEnabled: true
17:11:47.853 [FXGL Background Thread 3 ] DEBUG Engine               - isExperimentalTiledLargeMap: false
17:11:47.854 [FXGL Background Thread 3 ] DEBUG Engine               - isFileSystemWriteAllowed: true
17:11:47.854 [FXGL Background Thread 3 ] DEBUG Engine               - isFullScreenAllowed: false
17:11:47.854 [FXGL Background Thread 3 ] DEBUG Engine               - isFullScreenFromStart: false
17:11:47.855 [FXGL Background Thread 3 ] DEBUG Engine               - isGameMenuEnabled: true
17:11:47.855 [FXGL Background Thread 3 ] DEBUG Engine               - isIOS: false
17:11:47.856 [FXGL Background Thread 3 ] DEBUG Engine               - isIntroEnabled: false
17:11:47.856 [FXGL Background Thread 3 ] DEBUG Engine               - isLinux: false
17:11:47.857 [FXGL Background Thread 3 ] DEBUG Engine               - isMac: false
17:11:47.858 [FXGL Background Thread 3 ] DEBUG Engine               - isMainMenuEnabled: false
17:11:47.858 [FXGL Background Thread 3 ] DEBUG Engine               - isManualResizeEnabled: false
17:11:47.859 [FXGL Background Thread 3 ] DEBUG Engine               - isMobile: false
17:11:47.859 [FXGL Background Thread 3 ] DEBUG Engine               - isNative: false
17:11:47.860 [FXGL Background Thread 3 ] DEBUG Engine               - isPauseMusicWhenMinimized: true
17:11:47.861 [FXGL Background Thread 3 ] DEBUG Engine               - isPreserveResizeRatio: false
17:11:47.861 [FXGL Background Thread 3 ] DEBUG Engine               - isProfilingEnabled: false
17:11:47.862 [FXGL Background Thread 3 ] DEBUG Engine               - isScaleAffectedOnResize: true
17:11:47.862 [FXGL Background Thread 3 ] DEBUG Engine               - isSingleStep: false
17:11:47.862 [FXGL Background Thread 3 ] DEBUG Engine               - isUserProfileEnabled: false
17:11:47.862 [FXGL Background Thread 3 ] DEBUG Engine               - isWindows: true
17:11:47.862 [FXGL Background Thread 3 ] DEBUG Engine               - language: ObjectProperty [value: ENGLISH]
17:11:47.863 [FXGL Background Thread 3 ] DEBUG Engine               - menuKey: ESCAPE
17:11:47.863 [FXGL Background Thread 3 ] DEBUG Engine               - mouseSensitivity: 0.2
17:11:47.863 [FXGL Background Thread 3 ] DEBUG Engine               - notificationViewClass: class com.almasb.fxgl.notification.view.XboxNotificationView
17:11:47.863 [FXGL Background Thread 3 ] DEBUG Engine               - pixelsPerMeter: 50.0
17:11:47.864 [FXGL Background Thread 3 ] DEBUG Engine               - platform: WINDOWS
17:11:47.864 [FXGL Background Thread 3 ] DEBUG Engine               - prefHeightProperty: ReadOnlyDoubleProperty [value: 1000.0]
17:11:47.864 [FXGL Background Thread 3 ] DEBUG Engine               - prefWidthProperty: ReadOnlyDoubleProperty [value: 1000.0]
17:11:47.865 [FXGL Background Thread 3 ] DEBUG Engine               - profileDir: profiles/
17:11:47.865 [FXGL Background Thread 3 ] DEBUG Engine               - profileName: StringProperty [value: DEFAULT]
17:11:47.865 [FXGL Background Thread 3 ] DEBUG Engine               - randomSeed: -1
17:11:47.867 [FXGL Background Thread 3 ] DEBUG Engine               - runtimeInfo: RuntimeInfo(platform=WINDOWS, version=17.1, build=24.03.2022 17.34)
17:11:47.867 [FXGL Background Thread 3 ] DEBUG Engine               - saveFileExt: sav
17:11:47.867 [FXGL Background Thread 3 ] DEBUG Engine               - scaledHeightProp$fxgl: DoubleProperty [bound, value: 680.0]
17:11:47.867 [FXGL Background Thread 3 ] DEBUG Engine               - scaledWidthProp$fxgl: DoubleProperty [bound, value: 655.0]
17:11:47.868 [FXGL Background Thread 3 ] DEBUG Engine               - sceneFactory: com.almasb.fxgl.app.scene.SceneFactory@170ee372
17:11:47.868 [FXGL Background Thread 3 ] DEBUG Engine               - secondsIn24h: 60
17:11:47.868 [FXGL Background Thread 3 ] DEBUG Engine               - soundMenuBack: menu/back.wav
17:11:47.869 [FXGL Background Thread 3 ] DEBUG Engine               - soundMenuPress: menu/press.wav
17:11:47.869 [FXGL Background Thread 3 ] DEBUG Engine               - soundMenuSelect: menu/select.wav
17:11:47.869 [FXGL Background Thread 3 ] DEBUG Engine               - soundNotification: core/notification.wav
17:11:47.870 [FXGL Background Thread 3 ] DEBUG Engine               - stageStyle: DECORATED
17:11:47.870 [FXGL Background Thread 3 ] DEBUG Engine               - supportedLanguages: [ENGLISH, FRENCH, GERMAN, HUNGARIAN, RUSSIAN]
17:11:47.871 [FXGL Background Thread 3 ] DEBUG Engine               - ticksPerSecond: -1
17:11:47.872 [FXGL Background Thread 3 ] DEBUG Engine               - title: Untitled
17:11:47.872 [FXGL Background Thread 3 ] DEBUG Engine               - urlGithub: https://github.com/AlmasB/FXGL
17:11:47.873 [FXGL Background Thread 3 ] DEBUG Engine               - urlLeaderboard: http://fxgl-top.herokuapp.com/
17:11:47.874 [FXGL Background Thread 3 ] DEBUG Engine               - urlPOM: https://raw.githubusercontent.com/AlmasB/FXGL/release/README.md
17:11:47.874 [FXGL Background Thread 3 ] DEBUG Engine               - userAppClass: class mangobomb.bombermango.HelloApplication
17:11:47.875 [FXGL Background Thread 3 ] DEBUG Engine               - version: 0.0
17:11:47.875 [FXGL Background Thread 3 ] DEBUG Engine               - versionCheckDays: 7
17:11:47.875 [FXGL Background Thread 3 ] DEBUG Engine               - width: 1000
17:11:47.875 [FXGL Background Thread 3 ] DEBUG Engine               - Logging services
17:11:47.876 [FXGL Background Thread 3 ] DEBUG Engine               - class com.almasb.fxgl.app.services.FXGLAssetLoaderService
17:11:47.876 [FXGL Background Thread 3 ] DEBUG Engine               - class com.almasb.fxgl.app.FXGLApplication$GameApplicationService
17:11:47.876 [FXGL Background Thread 3 ] DEBUG Engine               - class com.almasb.fxgl.app.services.FXGLDialogService
17:11:47.876 [FXGL Background Thread 3 ] DEBUG Engine               - class com.almasb.fxgl.app.services.IOTaskExecutorService
17:11:47.876 [FXGL Background Thread 3 ] DEBUG Engine               - class com.almasb.fxgl.io.FileSystemService
17:11:47.876 [FXGL Background Thread 3 ] DEBUG Engine               - class com.almasb.fxgl.localization.LocalizationService
17:11:47.876 [FXGL Background Thread 3 ] DEBUG Engine               - class com.almasb.fxgl.app.services.SystemBundleService
17:11:47.877 [FXGL Background Thread 3 ] DEBUG Engine               - class com.almasb.fxgl.profile.SaveLoadService
17:11:47.877 [FXGL Background Thread 3 ] DEBUG Engine               - class com.almasb.fxgl.ui.FXGLUIFactoryServiceProvider
17:11:47.877 [FXGL Background Thread 3 ] DEBUG Engine               - class com.almasb.fxgl.ui.FXGLDialogFactoryServiceProvider
17:11:47.877 [FXGL Background Thread 3 ] DEBUG Engine               - class com.almasb.fxgl.audio.AudioPlayer
17:11:47.877 [FXGL Background Thread 3 ] DEBUG Engine               - class com.almasb.fxgl.notification.impl.NotificationServiceProvider
17:11:47.877 [FXGL Background Thread 3 ] DEBUG Engine               - class com.almasb.fxgl.achievement.AchievementService
17:11:47.877 [FXGL Background Thread 3 ] DEBUG Engine               - class com.almasb.fxgl.cutscene.CutsceneService
17:11:47.878 [FXGL Background Thread 3 ] DEBUG Engine               - class com.almasb.fxgl.minigames.MiniGameService
17:11:47.878 [FXGL Background Thread 3 ] DEBUG Engine               - class com.almasb.fxgl.net.NetService
17:11:47.878 [FXGL Background Thread 3 ] DEBUG Engine               - class com.almasb.fxgl.app.services.UpdaterService
17:11:47.878 [FXGL Background Thread 3 ] DEBUG Engine               - class com.almasb.fxgl.dev.DevService
17:11:57.806 [JavaFX Application Thread] DEBUG FXGLApplication      - Exiting FXGL
17:11:57.806 [JavaFX Application Thread] DEBUG LoopRunner           - Stopping loop
17:11:57.806 [JavaFX Application Thread] DEBUG SystemBundleService  - Saving FXGL system data
17:11:57.808 [JavaFX Application Thread] DEBUG FileSystemAccess     - Writing to: D:\Coding\OOP\bombermango\system\fxgl.bundle
17:11:57.820 [JavaFX Application Thread] DEBUG Async                - Shutting down background threads
17:11:57.820 [JavaFX Application Thread] DEBUG PrimaryStageWindow   - Closing main window
17:11:57.844 [JavaFX Application Thread] DEBUG Logger               - Closing Logger
