21:33:42.002 [main                     ] DEBUG Logger               - Configured Logger
21:33:42.072 [main                     ] DEBUG GameApplication      - Logging settings
Title: Bomberman
Version: 0.0
Width: 800
Height: 672
Fullscreen: false
Intro: false
Profiling: false
Single step:false
App Mode: DEVELOPER
Menu Key: ESCAPE
Stage Style: DECORATED
Scene Factory: class com.almasb.fxgl.app.scene.SceneFactory

21:33:42.613 [JavaFX Application Thread] DEBUG FXGLApplication      - Initializing FXGL
21:33:42.621 [JavaFX Application Thread] INFO  Engine               - FXGL-17.1 (24.03.2022 17.34) on WINDOWS (J:18.0.2.1 FX:18.0.1)
21:33:42.621 [JavaFX Application Thread] DEBUG Engine               - JRE Vendor Name: Oracle Corporation
21:33:42.621 [JavaFX Application Thread] DEBUG Engine               - Running on OS: Windows 10 version 10.0
21:33:42.622 [JavaFX Application Thread] DEBUG Engine               - Architecture: amd64
21:33:42.622 [JavaFX Application Thread] INFO  Engine               - Source code and latest versions at: https://github.com/AlmasB/FXGL
21:33:42.622 [JavaFX Application Thread] INFO  Engine               -       Ask questions and discuss at: https://github.com/AlmasB/FXGL/discussions
21:33:42.622 [JavaFX Application Thread] INFO  Engine               -              Join the FXGL chat at: https://gitter.im/AlmasB/FXGL
21:33:42.793 [JavaFX Application Thread] DEBUG PrimaryStageWindow   - Creating a JavaFX scene
21:33:42.857 [JavaFX Application Thread] DEBUG PrimaryStageWindow   - Target settings size: 800.0 x 672.0
21:33:42.858 [JavaFX Application Thread] DEBUG PrimaryStageWindow   - Scaled scene size:    800.0 x 672.0
21:33:42.858 [JavaFX Application Thread] DEBUG PrimaryStageWindow   - Scaled ratio: (1.0, 1.0)
21:33:42.860 [JavaFX Application Thread] DEBUG PrimaryStageWindow   - Set initial scene to FXGLStartupScene
21:33:42.873 [JavaFX Application Thread] DEBUG PrimaryStageWindow   - Opening main window
21:33:43.021 [JavaFX Application Thread] DEBUG PrimaryStageWindow   - Window border size: (14.66668701171875, 37.33331298828125)
21:33:43.022 [JavaFX Application Thread] DEBUG PrimaryStageWindow   - Scaled size: 800.0 x 672.0
21:33:43.022 [JavaFX Application Thread] DEBUG PrimaryStageWindow   - Scaled ratio: (1.0, 1.0)
21:33:43.023 [JavaFX Application Thread] DEBUG PrimaryStageWindow   - Scene size: 800.0 x 672.0
21:33:43.023 [JavaFX Application Thread] DEBUG PrimaryStageWindow   - Stage size: 814.6666870117188 x 709.3333129882812
21:33:43.072 [FXGL Background Thread 1 ] DEBUG Engine               - Initializing environment variables
21:33:43.157 [FXGL Background Thread 1 ] DEBUG FXGLAssetLoaderServi - User app class for loading assets: class mangobomb.bombermango.HelloApplication
21:33:43.157 [FXGL Background Thread 1 ] DEBUG GameApplicationServi - Applying CSS: fxgl_dark.css
21:33:43.158 [FXGL Background Thread 1 ] DEBUG FXGLAssetLoaderServi - Loading from file system: jar:file:/C:/Users/Admin/.m2/repository/com/github/almasb/fxgl/17.1/fxgl-17.1.jar!/fxglassets/ui/css/fxgl_dark.css
21:33:43.236 [FXGL Background Thread 1 ] DEBUG GameApplicationServi - Initializing application scenes
21:33:43.371 [FXGL Background Thread 1 ] DEBUG GameWorld            - Game world initialized
21:33:43.477 [FXGL Background Thread 1 ] DEBUG PhysicsWorld         - Physics world initialized: appHeight=672, physics.ppm=50.0
21:33:43.479 [FXGL Background Thread 1 ] DEBUG PhysicsWorld         - Using strategy: BRUTE_FORCE
21:33:43.489 [FXGL Background Thread 1 ] DEBUG GameScene            - Game scene initialized: 800x672
21:33:43.509 [FXGL Background Thread 1 ] DEBUG FXGL.DefaultMenu     - createMenuBodyMainMenu()
21:33:43.535 [FXGL Background Thread 1 ] DEBUG FXGL.DefaultMenu     - createOptionsMenu()
21:33:43.554 [FXGL Background Thread 1 ] DEBUG FXGLAssetLoaderServi - Loading from file system: jar:file:/C:/Users/Admin/.m2/repository/com/github/almasb/fxgl/17.1/fxgl-17.1.jar!/fxglassets/textures/particles/smoke.png
21:33:43.738 [FXGL Background Thread 1 ] DEBUG FXGLAssetLoaderServi - Loading from file system: jar:file:/C:/Users/Admin/.m2/repository/com/github/almasb/fxgl/17.1/fxgl-17.1.jar!/fxglassets/textures/particles/trace_horizontal.png
21:33:43.806 [FXGL Background Thread 1 ] DEBUG FXGL.DefaultMenu     - createMenuBodyGameMenu()
21:33:43.808 [FXGL Background Thread 1 ] DEBUG FXGL.DefaultMenu     - createOptionsMenu()
21:33:43.837 [FXGL Background Thread 1 ] DEBUG GameApplicationServi - Application scenes initialized
21:33:43.857 [FXGL Background Thread 1 ] DEBUG SystemBundleService  - Loading FXGL system data
21:33:43.863 [FXGL Background Thread 1 ] DEBUG FileSystemAccess     - Reading from: D:\bombermango\system\fxgl.bundle
21:33:43.878 [FXGL Background Thread 1 ] DEBUG SystemBundleService  - Bundle FXGL: {}
21:33:43.878 [FXGL Background Thread 1 ] DEBUG UpdaterService       - Checking for updates
21:33:43.886 [FXGL Background Thread 1 ] DEBUG FXGLApplication      - Loading default localization
21:33:43.887 [FXGL Background Thread 1 ] DEBUG FXGLAssetLoaderServi - Loading from file system: jar:file:/C:/Users/Admin/.m2/repository/com/github/almasb/fxgl/17.1/fxgl-17.1.jar!/fxglassets/languages/english.lang
21:33:43.895 [FXGL Background Thread 4 ] DEBUG FXGLApplication      - Loading fonts
21:33:43.895 [FXGL Background Thread 4 ] DEBUG FXGLAssetLoaderServi - Loading from file system: jar:file:/C:/Users/Admin/.m2/repository/com/github/almasb/fxgl/17.1/fxgl-17.1.jar!/fxglassets/ui/fonts/VarelaRound-Regular.ttf
21:33:43.917 [FXGL Background Thread 1 ] INFO  FXGLApplication      - FXGL initialization took: 0.846 sec
21:33:43.936 [JavaFX Application Thread] DEBUG Input                - Registered new binding: moveUp - W
21:33:43.936 [JavaFX Application Thread] DEBUG Input                - Registered new binding: moveRight - D
21:33:43.936 [JavaFX Application Thread] DEBUG Input                - Registered new binding: moveLeft - A
21:33:43.936 [JavaFX Application Thread] DEBUG Input                - Registered new binding: moveDown - S
21:33:43.936 [JavaFX Application Thread] DEBUG Input                - Registered new binding: implantBomb - F
21:33:43.937 [JavaFX Application Thread] DEBUG Input                - Registered new binding: PlayMusic - M
21:33:43.937 [JavaFX Application Thread] DEBUG FXGLAssetLoaderServi - Loading from file system: jar:file:/C:/Users/Admin/.m2/repository/com/github/almasb/fxgl/17.1/fxgl-17.1.jar!/fxglassets/textures/fxgl_icon.png
21:33:43.970 [JavaFX Application Thread] DEBUG FXGLAssetLoaderServi - Loading from file system: jar:file:/C:/Users/Admin/.m2/repository/com/github/almasb/fxgl/17.1/fxgl-17.1.jar!/fxglassets/textures/fxgl_default_cursor.png
21:33:43.972 [JavaFX Application Thread] DEBUG Input                - Registered new binding: Screenshot - CTRL+8
21:33:43.973 [JavaFX Application Thread] DEBUG Input                - Registered new binding: System info dump - CTRL+9
21:33:43.974 [JavaFX Application Thread] DEBUG Input                - Registered new binding: Restart - CTRL+R
21:33:43.975 [JavaFX Application Thread] DEBUG Input                - Registered new binding: Toggle Debug Camera - CTRL+7
21:33:43.978 [JavaFX Application Thread] DEBUG LoopRunner           - Starting loop
21:33:43.978 [JavaFX Application Thread] DEBUG LoopRunner           - Initializing JavaFX AnimationTimerLoop
21:33:43.982 [JavaFX Application Thread] DEBUG Input                - Clearing active input actions
21:33:44.023 [JavaFX Application Thread] DEBUG GameApplicationServi - Removing overlay from FXGLStartupScene and adding to FXGLMainMenuDummyScene
21:33:44.023 [JavaFX Application Thread] DEBUG PrimaryStageWindow   - FXGLStartupScene -> FXGLMainMenuDummyScene
21:33:44.024 [JavaFX Application Thread] DEBUG PrimaryStageWindow   - Push state: FXGLDefaultMenu
21:33:44.031 [JavaFX Application Thread] DEBUG Input                - Clearing active input actions
21:33:44.050 [JavaFX Application Thread] DEBUG GameApplicationServi - Removing overlay from FXGLMainMenuDummyScene and adding to FXGLDefaultMenu
21:33:44.051 [JavaFX Application Thread] DEBUG PrimaryStageWindow   - FXGLMainMenuDummyScene -> FXGLDefaultMenu
21:33:44.271 [FXGL Background Thread 4 ] DEBUG FXGLAssetLoaderServi - Loading from file system: jar:file:/C:/Users/Admin/.m2/repository/com/github/almasb/fxgl/17.1/fxgl-17.1.jar!/fxglassets/ui/fonts/Abel-Regular.ttf
21:33:44.275 [FXGL Background Thread 4 ] DEBUG FXGLAssetLoaderServi - Loading from file system: jar:file:/C:/Users/Admin/.m2/repository/com/github/almasb/fxgl/17.1/fxgl-17.1.jar!/fxglassets/ui/fonts/TerminalLandMono-Regular.otf
21:33:44.280 [FXGL Background Thread 4 ] DEBUG FXGLAssetLoaderServi - Loading from file system: jar:file:/C:/Users/Admin/.m2/repository/com/github/almasb/fxgl/17.1/fxgl-17.1.jar!/fxglassets/ui/fonts/Courier-Prime.ttf
21:33:44.400 [JavaFX Application Thread] DEBUG FXGLApplication      - Registering font factories with UI factory
21:33:45.027 [FXGL Background Thread 2 ] INFO  UpdaterService       - Your current version:  17.1
21:33:45.028 [FXGL Background Thread 2 ] INFO  UpdaterService       - Latest stable version: 17.2
21:33:45.034 [JavaFX Application Thread] DEBUG Menu                 - fireNewGame()
21:33:45.034 [JavaFX Application Thread] DEBUG GameApplicationServi - Starting new game
21:33:45.037 [JavaFX Application Thread] DEBUG PrimaryStageWindow   - Pop state: FXGLDefaultMenu
21:33:45.037 [JavaFX Application Thread] DEBUG Input                - Clearing active input actions
21:33:45.039 [JavaFX Application Thread] DEBUG GameApplicationServi - Removing overlay from FXGLDefaultMenu and adding to FXGLMainMenuDummyScene
21:33:45.039 [JavaFX Application Thread] DEBUG PrimaryStageWindow   - FXGLMainMenuDummyScene <- FXGLDefaultMenu
21:33:45.040 [JavaFX Application Thread] DEBUG Input                - Clearing active input actions
21:33:45.056 [JavaFX Application Thread] DEBUG GameApplicationServi - Removing overlay from FXGLMainMenuDummyScene and adding to FXGLLoadingScene
21:33:45.057 [JavaFX Application Thread] DEBUG PrimaryStageWindow   - FXGLMainMenuDummyScene -> FXGLLoadingScene
21:33:45.057 [JavaFX Application Thread] DEBUG GameApplicationServi - Clearing previous game
21:33:45.057 [JavaFX Application Thread] DEBUG GameScene            - Clearing game scene
21:33:45.057 [JavaFX Application Thread] DEBUG GameWorld            - Clearing game world
21:33:45.057 [JavaFX Application Thread] DEBUG PhysicsWorld         - Clearing physics world
21:33:45.064 [FXGL Background Thread 2 ] DEBUG FXGLApplication      - Initializing game
21:33:45.108 [FXGL Background Thread 2 ] DEBUG FXGLAssetLoaderServi - Loading from file system: file:/D:/bombermango/target/classes/assets/textures/sprites/wall.png
21:33:45.153 [FXGL Background Thread 2 ] DEBUG FXGLAssetLoaderServi - Loading from file system: file:/D:/bombermango/target/classes/assets/textures/sprites/brick.png
21:33:45.163 [FXGL Background Thread 2 ] DEBUG FXGLAssetLoaderServi - Loading from file system: file:/D:/bombermango/target/classes/assets/textures/sprites/balloom_right1.png
21:33:45.165 [FXGL Background Thread 2 ] DEBUG FXGLAssetLoaderServi - Loading from file system: file:/D:/bombermango/target/classes/assets/textures/sprites/balloom_right2.png
21:33:45.167 [FXGL Background Thread 2 ] DEBUG FXGLAssetLoaderServi - Loading from file system: file:/D:/bombermango/target/classes/assets/textures/sprites/balloom_right3.png
21:33:45.183 [FXGL Background Thread 2 ] DEBUG FXGLAssetLoaderServi - Loading from file system: file:/D:/bombermango/target/classes/assets/textures/sprites/oneal_right1.png
21:33:45.185 [FXGL Background Thread 2 ] DEBUG FXGLAssetLoaderServi - Loading from file system: file:/D:/bombermango/target/classes/assets/textures/sprites/oneal_right2.png
21:33:45.187 [FXGL Background Thread 2 ] DEBUG FXGLAssetLoaderServi - Loading from file system: file:/D:/bombermango/target/classes/assets/textures/sprites/oneal_right3.png
21:33:45.357 [FXGL Background Thread 2 ] DEBUG FXGLAssetLoaderServi - Loading from file system: file:/D:/bombermango/target/classes/assets/textures/sprites/doll_right1.png
21:33:45.359 [FXGL Background Thread 2 ] DEBUG FXGLAssetLoaderServi - Loading from file system: file:/D:/bombermango/target/classes/assets/textures/sprites/doll_right2.png
21:33:45.360 [FXGL Background Thread 2 ] DEBUG FXGLAssetLoaderServi - Loading from file system: file:/D:/bombermango/target/classes/assets/textures/sprites/doll_right3.png
21:33:45.408 [FXGL Background Thread 2 ] DEBUG GameWorld            - Clearing removable entities
21:33:45.408 [FXGL Background Thread 2 ] DEBUG GameWorld            - Setting level: com.almasb.fxgl.entity.level.Level@484deb8e
21:33:45.549 [FXGL Background Thread 2 ] DEBUG FXGLAssetLoaderServi - Loading from file system: file:/D:/bombermango/target/classes/assets/music/gameaudio.wav
21:33:45.861 [FXGL Background Thread 2 ] DEBUG FXGLAssetLoaderServi - Loading from file system: file:/D:/bombermango/target/classes/assets/textures/sprites/player_right.png
21:33:45.863 [FXGL Background Thread 2 ] DEBUG FXGLAssetLoaderServi - Loading from file system: file:/D:/bombermango/target/classes/assets/textures/sprites/player_right_1.png
21:33:45.867 [FXGL Background Thread 2 ] WARN  FXGLAssetLoaderServi - Asset "/assets/textures/sprites/player_right_2.png" was not found!
21:33:45.867 [FXGL Background Thread 2 ] WARN  FXGLAssetLoaderServi - Failed to load RESIZABLE_IMAGE
21:33:45.890 [FXGL Background Thread 2 ] DEBUG FXGLAssetLoaderServi - Loading from file system: file:/D:/bombermango/target/classes/assets/textures/sprites/player_down.png
21:33:45.894 [FXGL Background Thread 2 ] DEBUG FXGLAssetLoaderServi - Loading from file system: file:/D:/bombermango/target/classes/assets/textures/sprites/player_down_1.png
21:33:45.897 [FXGL Background Thread 2 ] DEBUG FXGLAssetLoaderServi - Loading from file system: file:/D:/bombermango/target/classes/assets/textures/sprites/player_down_2.png
21:33:45.900 [FXGL Background Thread 2 ] DEBUG FXGLAssetLoaderServi - Loading from file system: file:/D:/bombermango/target/classes/assets/textures/sprites/player_left.png
21:33:45.902 [FXGL Background Thread 2 ] DEBUG FXGLAssetLoaderServi - Loading from file system: file:/D:/bombermango/target/classes/assets/textures/sprites/player_left_1.png
21:33:45.904 [FXGL Background Thread 2 ] DEBUG FXGLAssetLoaderServi - Loading from file system: file:/D:/bombermango/target/classes/assets/textures/sprites/player_left_2.png
21:33:45.906 [FXGL Background Thread 2 ] DEBUG FXGLAssetLoaderServi - Loading from file system: file:/D:/bombermango/target/classes/assets/textures/sprites/portal.png
21:33:45.910 [FXGL Background Thread 2 ] DEBUG FXGLAssetLoaderServi - Loading from file system: file:/D:/bombermango/target/classes/assets/textures/sprites/powerup_bombs.png
21:33:45.917 [FXGL Background Thread 2 ] DEBUG FXGLAssetLoaderServi - Loading from file system: file:/D:/bombermango/target/classes/assets/textures/sprites/powerup_flames.png
21:33:45.965 [FXGL Background Thread 2 ] INFO  FXGLApplication      - Game initialization took: 0.900 sec
21:33:45.966 [JavaFX Application Thread] DEBUG Input                - Clearing active input actions
21:33:46.004 [JavaFX Application Thread] DEBUG GameApplicationServi - Removing overlay from FXGLLoadingScene and adding to GameScene
21:33:46.005 [JavaFX Application Thread] DEBUG PrimaryStageWindow   - FXGLLoadingScene -> GameScene
21:33:46.891 [FXGL Background Thread 3 ] DEBUG Engine               - Logging environment variables
21:33:46.891 [FXGL Background Thread 3 ] DEBUG Engine               - achievements: []
21:33:46.892 [FXGL Background Thread 3 ] DEBUG Engine               - actualHeight: 672.0
21:33:46.892 [FXGL Background Thread 3 ] DEBUG Engine               - actualHeightProperty: ReadOnlyDoubleProperty [value: 672.0]
21:33:46.892 [FXGL Background Thread 3 ] DEBUG Engine               - actualWidth: 800.0
21:33:46.892 [FXGL Background Thread 3 ] DEBUG Engine               - actualWidthProperty: ReadOnlyDoubleProperty [value: 800.0]
21:33:46.892 [FXGL Background Thread 3 ] DEBUG Engine               - appIcon: fxgl_icon.png
21:33:46.892 [FXGL Background Thread 3 ] DEBUG Engine               - applicationMode: DEVELOPER
21:33:46.892 [FXGL Background Thread 3 ] DEBUG Engine               - cSSList: [fxgl_dark.css]
21:33:46.893 [FXGL Background Thread 3 ] DEBUG Engine               - collisionDetectionStrategy: BRUTE_FORCE
21:33:46.893 [FXGL Background Thread 3 ] DEBUG Engine               - configClass: Optional.empty
21:33:46.893 [FXGL Background Thread 3 ] DEBUG Engine               - credits: []
21:33:46.894 [FXGL Background Thread 3 ] DEBUG Engine               - defaultCursor: CursorInfo(imageName=fxgl_default_cursor.png, hotspotX=7.0, hotspotY=6.0)
21:33:46.895 [FXGL Background Thread 3 ] DEBUG Engine               - devBBoxColorProperty: ObjectProperty [value: 0xff0000ff]
21:33:46.895 [FXGL Background Thread 3 ] DEBUG Engine               - devEnableDebugCameraProperty: BooleanProperty [value: false]
21:33:46.898 [FXGL Background Thread 3 ] DEBUG Engine               - devSensorColorProperty: ObjectProperty [value: 0xffff00ff]
21:33:46.898 [FXGL Background Thread 3 ] DEBUG Engine               - devShowBBoxProperty: BooleanProperty [value: false]
21:33:46.899 [FXGL Background Thread 3 ] DEBUG Engine               - devShowPositionProperty: BooleanProperty [value: false]
21:33:46.899 [FXGL Background Thread 3 ] DEBUG Engine               - enabledMenuItems: []
21:33:46.899 [FXGL Background Thread 3 ] DEBUG Engine               - engineServices: [class com.almasb.fxgl.app.services.FXGLAssetLoaderService, class com.almasb.fxgl.app.FXGLApplication$GameApplicationService, class com.almasb.fxgl.app.services.FXGLDialogService, class com.almasb.fxgl.app.services.IOTaskExecutorService, class com.almasb.fxgl.io.FileSystemService, class com.almasb.fxgl.localization.LocalizationService, class com.almasb.fxgl.app.services.SystemBundleService, class com.almasb.fxgl.profile.SaveLoadService, class com.almasb.fxgl.ui.FXGLUIFactoryServiceProvider, class com.almasb.fxgl.ui.FXGLDialogFactoryServiceProvider, class com.almasb.fxgl.audio.AudioPlayer, class com.almasb.fxgl.notification.impl.NotificationServiceProvider, class com.almasb.fxgl.achievement.AchievementService, class com.almasb.fxgl.cutscene.CutsceneService, class com.almasb.fxgl.minigames.MiniGameService, class com.almasb.fxgl.net.NetService, class com.almasb.fxgl.app.services.UpdaterService, class com.almasb.fxgl.dev.DevService]
21:33:46.899 [FXGL Background Thread 3 ] DEBUG Engine               - fontGame: Abel-Regular.ttf
21:33:46.899 [FXGL Background Thread 3 ] DEBUG Engine               - fontMono: TerminalLandMono-Regular.otf
21:33:46.899 [FXGL Background Thread 3 ] DEBUG Engine               - fontText: Courier-Prime.ttf
21:33:46.899 [FXGL Background Thread 3 ] DEBUG Engine               - fontUI: VarelaRound-Regular.ttf
21:33:46.899 [FXGL Background Thread 3 ] DEBUG Engine               - fullScreen: BooleanProperty [value: false]
21:33:46.899 [FXGL Background Thread 3 ] DEBUG Engine               - gameDifficulty: MEDIUM
21:33:46.899 [FXGL Background Thread 3 ] DEBUG Engine               - gameDifficultyProperty: ObjectProperty [value: MEDIUM]
21:33:46.899 [FXGL Background Thread 3 ] DEBUG Engine               - globalMusicVolume: 0.5
21:33:46.899 [FXGL Background Thread 3 ] DEBUG Engine               - globalMusicVolumeProperty: DoubleProperty [value: 0.5]
21:33:46.900 [FXGL Background Thread 3 ] DEBUG Engine               - globalSoundVolume: 0.5
21:33:46.900 [FXGL Background Thread 3 ] DEBUG Engine               - globalSoundVolumeProperty: DoubleProperty [value: 0.5]
21:33:46.900 [FXGL Background Thread 3 ] DEBUG Engine               - height: 672
21:33:46.900 [FXGL Background Thread 3 ] DEBUG Engine               - is3D: false
21:33:46.900 [FXGL Background Thread 3 ] DEBUG Engine               - isAndroid: false
21:33:46.900 [FXGL Background Thread 3 ] DEBUG Engine               - isBrowser: false
21:33:46.900 [FXGL Background Thread 3 ] DEBUG Engine               - isClickFeedbackEnabled: false
21:33:46.900 [FXGL Background Thread 3 ] DEBUG Engine               - isCloseConfirmation: false
21:33:46.901 [FXGL Background Thread 3 ] DEBUG Engine               - isDesktop: true
21:33:46.901 [FXGL Background Thread 3 ] DEBUG Engine               - isDeveloperMenuEnabled: false
21:33:46.901 [FXGL Background Thread 3 ] DEBUG Engine               - isEmbedded: false
21:33:46.901 [FXGL Background Thread 3 ] DEBUG Engine               - isEntityPreloadEnabled: true
21:33:46.901 [FXGL Background Thread 3 ] DEBUG Engine               - isExperimentalTiledLargeMap: false
21:33:46.901 [FXGL Background Thread 3 ] DEBUG Engine               - isFileSystemWriteAllowed: true
21:33:46.901 [FXGL Background Thread 3 ] DEBUG Engine               - isFullScreenAllowed: false
21:33:46.901 [FXGL Background Thread 3 ] DEBUG Engine               - isFullScreenFromStart: false
21:33:46.901 [FXGL Background Thread 3 ] DEBUG Engine               - isGameMenuEnabled: true
21:33:46.901 [FXGL Background Thread 3 ] DEBUG Engine               - isIOS: false
21:33:46.901 [FXGL Background Thread 3 ] DEBUG Engine               - isIntroEnabled: false
21:33:46.901 [FXGL Background Thread 3 ] DEBUG Engine               - isLinux: false
21:33:46.901 [FXGL Background Thread 3 ] DEBUG Engine               - isMac: false
21:33:46.901 [FXGL Background Thread 3 ] DEBUG Engine               - isMainMenuEnabled: true
21:33:46.902 [FXGL Background Thread 3 ] DEBUG Engine               - isManualResizeEnabled: false
21:33:46.902 [FXGL Background Thread 3 ] DEBUG Engine               - isMobile: false
21:33:46.902 [FXGL Background Thread 3 ] DEBUG Engine               - isNative: false
21:33:46.902 [FXGL Background Thread 3 ] DEBUG Engine               - isPauseMusicWhenMinimized: true
21:33:46.902 [FXGL Background Thread 3 ] DEBUG Engine               - isPreserveResizeRatio: false
21:33:46.902 [FXGL Background Thread 3 ] DEBUG Engine               - isProfilingEnabled: false
21:33:46.902 [FXGL Background Thread 3 ] DEBUG Engine               - isScaleAffectedOnResize: true
21:33:46.902 [FXGL Background Thread 3 ] DEBUG Engine               - isSingleStep: false
21:33:46.902 [FXGL Background Thread 3 ] DEBUG Engine               - isUserProfileEnabled: false
21:33:46.902 [FXGL Background Thread 3 ] DEBUG Engine               - isWindows: true
21:33:46.902 [FXGL Background Thread 3 ] DEBUG Engine               - language: ObjectProperty [value: ENGLISH]
21:33:46.902 [FXGL Background Thread 3 ] DEBUG Engine               - menuKey: ESCAPE
21:33:46.902 [FXGL Background Thread 3 ] DEBUG Engine               - mouseSensitivity: 0.2
21:33:46.902 [FXGL Background Thread 3 ] DEBUG Engine               - notificationViewClass: class com.almasb.fxgl.notification.view.XboxNotificationView
21:33:46.902 [FXGL Background Thread 3 ] DEBUG Engine               - pixelsPerMeter: 50.0
21:33:46.902 [FXGL Background Thread 3 ] DEBUG Engine               - platform: WINDOWS
21:33:46.902 [FXGL Background Thread 3 ] DEBUG Engine               - prefHeightProperty: ReadOnlyDoubleProperty [value: 672.0]
21:33:46.903 [FXGL Background Thread 3 ] DEBUG Engine               - prefWidthProperty: ReadOnlyDoubleProperty [value: 800.0]
21:33:46.903 [FXGL Background Thread 3 ] DEBUG Engine               - profileDir: profiles/
21:33:46.903 [FXGL Background Thread 3 ] DEBUG Engine               - profileName: StringProperty [value: DEFAULT]
21:33:46.903 [FXGL Background Thread 3 ] DEBUG Engine               - randomSeed: -1
21:33:46.903 [FXGL Background Thread 3 ] DEBUG Engine               - runtimeInfo: RuntimeInfo(platform=WINDOWS, version=17.1, build=24.03.2022 17.34)
21:33:46.903 [FXGL Background Thread 3 ] DEBUG Engine               - saveFileExt: sav
21:33:46.903 [FXGL Background Thread 3 ] DEBUG Engine               - scaledHeightProp$fxgl: DoubleProperty [bound, value: 672.0]
21:33:46.904 [FXGL Background Thread 3 ] DEBUG Engine               - scaledWidthProp$fxgl: DoubleProperty [bound, value: 800.0]
21:33:46.904 [FXGL Background Thread 3 ] DEBUG Engine               - sceneFactory: com.almasb.fxgl.app.scene.SceneFactory@54a2a671
21:33:46.904 [FXGL Background Thread 3 ] DEBUG Engine               - secondsIn24h: 60
21:33:46.904 [FXGL Background Thread 3 ] DEBUG Engine               - soundMenuBack: menu/back.wav
21:33:46.904 [FXGL Background Thread 3 ] DEBUG Engine               - soundMenuPress: menu/press.wav
21:33:46.904 [FXGL Background Thread 3 ] DEBUG Engine               - soundMenuSelect: menu/select.wav
21:33:46.904 [FXGL Background Thread 3 ] DEBUG Engine               - soundNotification: core/notification.wav
21:33:46.904 [FXGL Background Thread 3 ] DEBUG Engine               - stageStyle: DECORATED
21:33:46.904 [FXGL Background Thread 3 ] DEBUG Engine               - supportedLanguages: [ENGLISH, FRENCH, GERMAN, HUNGARIAN, RUSSIAN]
21:33:46.904 [FXGL Background Thread 3 ] DEBUG Engine               - ticksPerSecond: -1
21:33:46.904 [FXGL Background Thread 3 ] DEBUG Engine               - title: Bomberman
21:33:46.904 [FXGL Background Thread 3 ] DEBUG Engine               - urlGithub: https://github.com/AlmasB/FXGL
21:33:46.904 [FXGL Background Thread 3 ] DEBUG Engine               - urlLeaderboard: http://fxgl-top.herokuapp.com/
21:33:46.904 [FXGL Background Thread 3 ] DEBUG Engine               - urlPOM: https://raw.githubusercontent.com/AlmasB/FXGL/release/README.md
21:33:46.904 [FXGL Background Thread 3 ] DEBUG Engine               - userAppClass: class mangobomb.bombermango.HelloApplication
21:33:46.904 [FXGL Background Thread 3 ] DEBUG Engine               - version: 0.0
21:33:46.904 [FXGL Background Thread 3 ] DEBUG Engine               - versionCheckDays: 7
21:33:46.904 [FXGL Background Thread 3 ] DEBUG Engine               - width: 800
21:33:46.904 [FXGL Background Thread 3 ] DEBUG Engine               - Logging services
21:33:46.904 [FXGL Background Thread 3 ] DEBUG Engine               - class com.almasb.fxgl.app.services.FXGLAssetLoaderService
21:33:46.904 [FXGL Background Thread 3 ] DEBUG Engine               - class com.almasb.fxgl.app.FXGLApplication$GameApplicationService
21:33:46.904 [FXGL Background Thread 3 ] DEBUG Engine               - class com.almasb.fxgl.app.services.FXGLDialogService
21:33:46.904 [FXGL Background Thread 3 ] DEBUG Engine               - class com.almasb.fxgl.app.services.IOTaskExecutorService
21:33:46.904 [FXGL Background Thread 3 ] DEBUG Engine               - class com.almasb.fxgl.io.FileSystemService
21:33:46.904 [FXGL Background Thread 3 ] DEBUG Engine               - class com.almasb.fxgl.localization.LocalizationService
21:33:46.904 [FXGL Background Thread 3 ] DEBUG Engine               - class com.almasb.fxgl.app.services.SystemBundleService
21:33:46.904 [FXGL Background Thread 3 ] DEBUG Engine               - class com.almasb.fxgl.profile.SaveLoadService
21:33:46.904 [FXGL Background Thread 3 ] DEBUG Engine               - class com.almasb.fxgl.ui.FXGLUIFactoryServiceProvider
21:33:46.904 [FXGL Background Thread 3 ] DEBUG Engine               - class com.almasb.fxgl.ui.FXGLDialogFactoryServiceProvider
21:33:46.904 [FXGL Background Thread 3 ] DEBUG Engine               - class com.almasb.fxgl.audio.AudioPlayer
21:33:46.904 [FXGL Background Thread 3 ] DEBUG Engine               - class com.almasb.fxgl.notification.impl.NotificationServiceProvider
21:33:46.905 [FXGL Background Thread 3 ] DEBUG Engine               - class com.almasb.fxgl.achievement.AchievementService
21:33:46.905 [FXGL Background Thread 3 ] DEBUG Engine               - class com.almasb.fxgl.cutscene.CutsceneService
21:33:46.905 [FXGL Background Thread 3 ] DEBUG Engine               - class com.almasb.fxgl.minigames.MiniGameService
21:33:46.905 [FXGL Background Thread 3 ] DEBUG Engine               - class com.almasb.fxgl.net.NetService
21:33:46.905 [FXGL Background Thread 3 ] DEBUG Engine               - class com.almasb.fxgl.app.services.UpdaterService
21:33:46.905 [FXGL Background Thread 3 ] DEBUG Engine               - class com.almasb.fxgl.dev.DevService
21:33:50.289 [JavaFX Application Thread] DEBUG FXGLApplication      - Exiting FXGL
21:33:50.289 [JavaFX Application Thread] DEBUG LoopRunner           - Stopping loop
21:33:50.289 [JavaFX Application Thread] DEBUG SystemBundleService  - Saving FXGL system data
21:33:50.291 [JavaFX Application Thread] DEBUG FileSystemAccess     - Writing to: D:\bombermango\system\fxgl.bundle
21:33:50.294 [JavaFX Application Thread] DEBUG Async                - Shutting down background threads
21:33:50.294 [JavaFX Application Thread] DEBUG PrimaryStageWindow   - Closing main window
21:33:50.319 [JavaFX Application Thread] DEBUG Logger               - Closing Logger
