17:13:40.220 [main                     ] DEBUG Logger               - Configured Logger
17:13:40.265 [main                     ] DEBUG GameApplication      - Logging settings
Title: Untitled
Version: 0.0
Width: 700
Height: 700
Fullscreen: false
Intro: false
Profiling: false
Single step:false
App Mode: DEVELOPER
Menu Key: ESCAPE
Stage Style: DECORATED
Scene Factory: class com.almasb.fxgl.app.scene.SceneFactory

17:13:40.841 [JavaFX Application Thread] DEBUG FXGLApplication      - Initializing FXGL
17:13:40.852 [JavaFX Application Thread] INFO  Engine               - FXGL-17.1 (24.03.2022 17.34) on WINDOWS (J:18.0.2.1 FX:18.0.1)
17:13:40.852 [JavaFX Application Thread] DEBUG Engine               - JRE Vendor Name: Oracle Corporation
17:13:40.853 [JavaFX Application Thread] DEBUG Engine               - Running on OS: Windows 10 version 10.0
17:13:40.853 [JavaFX Application Thread] DEBUG Engine               - Architecture: amd64
17:13:40.853 [JavaFX Application Thread] INFO  Engine               - Source code and latest versions at: https://github.com/AlmasB/FXGL
17:13:40.854 [JavaFX Application Thread] INFO  Engine               -       Ask questions and discuss at: https://github.com/AlmasB/FXGL/discussions
17:13:40.854 [JavaFX Application Thread] INFO  Engine               -              Join the FXGL chat at: https://gitter.im/AlmasB/FXGL
17:13:41.028 [JavaFX Application Thread] DEBUG PrimaryStageWindow   - Creating a JavaFX scene
17:13:41.028 [JavaFX Application Thread] DEBUG PrimaryStageWindow   - Target size > screen size
17:13:41.099 [JavaFX Application Thread] DEBUG PrimaryStageWindow   - Target settings size: 700.0 x 700.0
17:13:41.100 [JavaFX Application Thread] DEBUG PrimaryStageWindow   - Scaled scene size:    655.0 x 680.0
17:13:41.100 [JavaFX Application Thread] DEBUG PrimaryStageWindow   - Scaled ratio: (0.9357142857142857, 0.9714285714285714)
17:13:41.102 [JavaFX Application Thread] DEBUG PrimaryStageWindow   - Set initial scene to FXGLStartupScene
17:13:41.115 [JavaFX Application Thread] DEBUG PrimaryStageWindow   - Opening main window
17:13:41.247 [JavaFX Application Thread] DEBUG PrimaryStageWindow   - Window border size: (15.0, 37.33331298828125)
17:13:41.248 [JavaFX Application Thread] DEBUG PrimaryStageWindow   - Scaled size: 655.0 x 680.0
17:13:41.248 [JavaFX Application Thread] DEBUG PrimaryStageWindow   - Scaled ratio: (0.9357142857142857, 0.9714285714285714)
17:13:41.249 [JavaFX Application Thread] DEBUG PrimaryStageWindow   - Scene size: 655.0 x 680.0
17:13:41.250 [JavaFX Application Thread] DEBUG PrimaryStageWindow   - Stage size: 670.0 x 717.3333129882812
17:13:41.268 [FXGL Background Thread 1 ] DEBUG Engine               - Initializing environment variables
17:13:41.367 [FXGL Background Thread 1 ] DEBUG FXGLAssetLoaderServi - User app class for loading assets: class mangobomb.bombermango.HelloApplication
17:13:41.368 [FXGL Background Thread 1 ] DEBUG GameApplicationServi - Applying CSS: fxgl_dark.css
17:13:41.369 [FXGL Background Thread 1 ] DEBUG FXGLAssetLoaderServi - Loading from file system: jar:file:/C:/Users/Admin/.m2/repository/com/github/almasb/fxgl/17.1/fxgl-17.1.jar!/fxglassets/ui/css/fxgl_dark.css
17:13:41.460 [FXGL Background Thread 1 ] DEBUG GameApplicationServi - Initializing application scenes
17:13:41.567 [FXGL Background Thread 1 ] DEBUG GameWorld            - Game world initialized
17:13:41.663 [FXGL Background Thread 1 ] DEBUG PhysicsWorld         - Physics world initialized: appHeight=700, physics.ppm=50.0
17:13:41.664 [FXGL Background Thread 1 ] DEBUG PhysicsWorld         - Using strategy: BRUTE_FORCE
17:13:41.670 [FXGL Background Thread 1 ] DEBUG GameScene            - Game scene initialized: 700x700
17:13:41.693 [FXGL Background Thread 1 ] WARN  FXGL.DefaultMenu     - FXGLDefaultMenu is not designed for resolutions < 800x600
17:13:41.694 [FXGL Background Thread 1 ] DEBUG FXGL.DefaultMenu     - createMenuBodyGameMenu()
17:13:41.722 [FXGL Background Thread 1 ] DEBUG FXGL.DefaultMenu     - createOptionsMenu()
17:13:41.743 [FXGL Background Thread 1 ] DEBUG FXGLAssetLoaderServi - Loading from file system: jar:file:/C:/Users/Admin/.m2/repository/com/github/almasb/fxgl/17.1/fxgl-17.1.jar!/fxglassets/textures/particles/smoke.png
17:13:41.908 [FXGL Background Thread 1 ] DEBUG FXGLAssetLoaderServi - Loading from file system: jar:file:/C:/Users/Admin/.m2/repository/com/github/almasb/fxgl/17.1/fxgl-17.1.jar!/fxglassets/textures/particles/trace_horizontal.png
17:13:41.990 [FXGL Background Thread 1 ] DEBUG GameApplicationServi - Application scenes initialized
17:13:42.016 [FXGL Background Thread 1 ] DEBUG SystemBundleService  - Loading FXGL system data
17:13:42.025 [FXGL Background Thread 1 ] DEBUG FileSystemAccess     - Reading from: D:\Coding\OOP\bombermango\system\fxgl.bundle
17:13:42.042 [FXGL Background Thread 1 ] DEBUG SystemBundleService  - Bundle FXGL: {}
17:13:42.043 [FXGL Background Thread 1 ] DEBUG UpdaterService       - Checking for updates
17:13:42.052 [FXGL Background Thread 1 ] DEBUG FXGLApplication      - Loading default localization
17:13:42.053 [FXGL Background Thread 1 ] DEBUG FXGLAssetLoaderServi - Loading from file system: jar:file:/C:/Users/Admin/.m2/repository/com/github/almasb/fxgl/17.1/fxgl-17.1.jar!/fxglassets/languages/english.lang
17:13:42.081 [FXGL Background Thread 4 ] DEBUG FXGLApplication      - Loading fonts
17:13:42.082 [FXGL Background Thread 4 ] DEBUG FXGLAssetLoaderServi - Loading from file system: jar:file:/C:/Users/Admin/.m2/repository/com/github/almasb/fxgl/17.1/fxgl-17.1.jar!/fxglassets/ui/fonts/VarelaRound-Regular.ttf
17:13:42.098 [FXGL Background Thread 1 ] INFO  FXGLApplication      - FXGL initialization took: 0.830 sec
17:13:42.101 [JavaFX Application Thread] DEBUG FXGLAssetLoaderServi - Loading from file system: jar:file:/C:/Users/Admin/.m2/repository/com/github/almasb/fxgl/17.1/fxgl-17.1.jar!/fxglassets/textures/fxgl_icon.png
17:13:42.129 [JavaFX Application Thread] DEBUG FXGLAssetLoaderServi - Loading from file system: jar:file:/C:/Users/Admin/.m2/repository/com/github/almasb/fxgl/17.1/fxgl-17.1.jar!/fxglassets/textures/fxgl_default_cursor.png
17:13:42.149 [JavaFX Application Thread] DEBUG Input                - Registered new binding: Screenshot - CTRL+8
17:13:42.151 [JavaFX Application Thread] DEBUG Input                - Registered new binding: System info dump - CTRL+9
17:13:42.152 [JavaFX Application Thread] DEBUG Input                - Registered new binding: Restart - CTRL+R
17:13:42.153 [JavaFX Application Thread] DEBUG Input                - Registered new binding: Toggle Debug Camera - CTRL+7
17:13:42.156 [JavaFX Application Thread] DEBUG LoopRunner           - Starting loop
17:13:42.157 [JavaFX Application Thread] DEBUG LoopRunner           - Initializing JavaFX AnimationTimerLoop
17:13:42.163 [JavaFX Application Thread] DEBUG GameApplicationServi - Starting new game
17:13:42.163 [JavaFX Application Thread] DEBUG Input                - Clearing active input actions
17:13:42.189 [JavaFX Application Thread] DEBUG GameApplicationServi - Removing overlay from FXGLStartupScene and adding to FXGLLoadingScene
17:13:42.190 [JavaFX Application Thread] DEBUG PrimaryStageWindow   - FXGLStartupScene -> FXGLLoadingScene
17:13:42.191 [JavaFX Application Thread] DEBUG GameApplicationServi - Clearing previous game
17:13:42.191 [JavaFX Application Thread] DEBUG GameScene            - Clearing game scene
17:13:42.191 [JavaFX Application Thread] DEBUG GameWorld            - Clearing game world
17:13:42.191 [JavaFX Application Thread] DEBUG PhysicsWorld         - Clearing physics world
17:13:42.194 [FXGL Background Thread 1 ] DEBUG FXGLApplication      - Initializing game
17:13:42.225 [FXGL Background Thread 1 ] INFO  FXGLApplication      - Game initialization took: 0.032 sec
17:13:42.302 [JavaFX Application Thread] DEBUG Input                - Clearing active input actions
17:13:42.310 [JavaFX Application Thread] DEBUG GameApplicationServi - Removing overlay from FXGLLoadingScene and adding to GameScene
17:13:42.310 [JavaFX Application Thread] DEBUG PrimaryStageWindow   - FXGLLoadingScene -> GameScene
17:13:42.418 [FXGL Background Thread 4 ] DEBUG FXGLAssetLoaderServi - Loading from file system: jar:file:/C:/Users/Admin/.m2/repository/com/github/almasb/fxgl/17.1/fxgl-17.1.jar!/fxglassets/ui/fonts/Abel-Regular.ttf
17:13:42.429 [FXGL Background Thread 4 ] DEBUG FXGLAssetLoaderServi - Loading from file system: jar:file:/C:/Users/Admin/.m2/repository/com/github/almasb/fxgl/17.1/fxgl-17.1.jar!/fxglassets/ui/fonts/TerminalLandMono-Regular.otf
17:13:42.435 [FXGL Background Thread 4 ] DEBUG FXGLAssetLoaderServi - Loading from file system: jar:file:/C:/Users/Admin/.m2/repository/com/github/almasb/fxgl/17.1/fxgl-17.1.jar!/fxglassets/ui/fonts/Courier-Prime.ttf
17:13:42.493 [JavaFX Application Thread] DEBUG FXGLApplication      - Registering font factories with UI factory
17:13:42.959 [FXGL Background Thread 2 ] INFO  UpdaterService       - Your current version:  17.1
17:13:42.959 [FXGL Background Thread 2 ] INFO  UpdaterService       - Latest stable version: 17.2
17:13:43.713 [JavaFX Application Thread] DEBUG FXGLApplication      - Exiting FXGL
17:13:43.713 [JavaFX Application Thread] DEBUG LoopRunner           - Stopping loop
17:13:43.713 [JavaFX Application Thread] DEBUG SystemBundleService  - Saving FXGL system data
17:13:43.716 [JavaFX Application Thread] DEBUG FileSystemAccess     - Writing to: D:\Coding\OOP\bombermango\system\fxgl.bundle
17:13:43.718 [JavaFX Application Thread] DEBUG Async                - Shutting down background threads
17:13:43.719 [JavaFX Application Thread] DEBUG PrimaryStageWindow   - Closing main window
17:13:43.748 [JavaFX Application Thread] DEBUG Logger               - Closing Logger
