11:56:55.706 [main                     ] DEBUG Logger               - Configured Logger
11:56:55.805 [main                     ] DEBUG GameApplication      - Logging settings
Title: Bomberman
Version: 0.0
Width: 800
Height: 600
Fullscreen: false
Intro: false
Profiling: false
Single step:false
App Mode: DEVELOPER
Menu Key: ESCAPE
Stage Style: DECORATED
Scene Factory: class com.almasb.fxgl.app.scene.SceneFactory

11:56:56.472 [JavaFX Application Thread] DEBUG FXGLApplication      - Initializing FXGL
11:56:56.483 [JavaFX Application Thread] INFO  Engine               - FXGL-17.1 (24.03.2022 17.34) on WINDOWS (J:18.0.2.1 FX:18.0.1)
11:56:56.483 [JavaFX Application Thread] DEBUG Engine               - JRE Vendor Name: Oracle Corporation
11:56:56.486 [JavaFX Application Thread] DEBUG Engine               - Running on OS: Windows 10 version 10.0
11:56:56.486 [JavaFX Application Thread] DEBUG Engine               - Architecture: amd64
11:56:56.486 [JavaFX Application Thread] INFO  Engine               - Source code and latest versions at: https://github.com/AlmasB/FXGL
11:56:56.486 [JavaFX Application Thread] INFO  Engine               -       Ask questions and discuss at: https://github.com/AlmasB/FXGL/discussions
11:56:56.486 [JavaFX Application Thread] INFO  Engine               -              Join the FXGL chat at: https://gitter.im/AlmasB/FXGL
11:56:56.649 [JavaFX Application Thread] DEBUG PrimaryStageWindow   - Creating a JavaFX scene
11:56:56.739 [JavaFX Application Thread] DEBUG PrimaryStageWindow   - Target settings size: 800.0 x 600.0
11:56:56.740 [JavaFX Application Thread] DEBUG PrimaryStageWindow   - Scaled scene size:    800.0 x 600.0
11:56:56.740 [JavaFX Application Thread] DEBUG PrimaryStageWindow   - Scaled ratio: (1.0, 1.0)
11:56:56.742 [JavaFX Application Thread] DEBUG PrimaryStageWindow   - Set initial scene to FXGLStartupScene
11:56:56.753 [JavaFX Application Thread] DEBUG PrimaryStageWindow   - Opening main window
11:56:56.875 [JavaFX Application Thread] DEBUG PrimaryStageWindow   - Window border size: (14.66668701171875, 37.33331298828125)
11:56:56.875 [JavaFX Application Thread] DEBUG PrimaryStageWindow   - Scaled size: 800.0 x 600.0
11:56:56.875 [JavaFX Application Thread] DEBUG PrimaryStageWindow   - Scaled ratio: (1.0, 1.0)
11:56:56.876 [JavaFX Application Thread] DEBUG PrimaryStageWindow   - Scene size: 800.0 x 600.0
11:56:56.876 [JavaFX Application Thread] DEBUG PrimaryStageWindow   - Stage size: 814.6666870117188 x 637.3333129882812
11:56:56.936 [FXGL Background Thread 1 ] DEBUG Engine               - Initializing environment variables
11:56:57.026 [FXGL Background Thread 1 ] DEBUG FXGLAssetLoaderServi - User app class for loading assets: class mangobomb.bombermango.HelloApplication
11:56:57.026 [FXGL Background Thread 1 ] DEBUG GameApplicationServi - Applying CSS: fxgl_dark.css
11:56:57.027 [FXGL Background Thread 1 ] DEBUG FXGLAssetLoaderServi - Loading from file system: jar:file:/C:/Users/Admin/.m2/repository/com/github/almasb/fxgl/17.1/fxgl-17.1.jar!/fxglassets/ui/css/fxgl_dark.css
11:56:57.109 [FXGL Background Thread 1 ] DEBUG GameApplicationServi - Initializing application scenes
11:56:57.205 [FXGL Background Thread 1 ] DEBUG GameWorld            - Game world initialized
11:56:57.304 [FXGL Background Thread 1 ] DEBUG PhysicsWorld         - Physics world initialized: appHeight=600, physics.ppm=50.0
11:56:57.304 [FXGL Background Thread 1 ] DEBUG PhysicsWorld         - Using strategy: BRUTE_FORCE
11:56:57.310 [FXGL Background Thread 1 ] DEBUG GameScene            - Game scene initialized: 800x600
11:56:57.328 [FXGL Background Thread 1 ] DEBUG FXGL.DefaultMenu     - createMenuBodyMainMenu()
11:56:57.368 [FXGL Background Thread 1 ] DEBUG FXGL.DefaultMenu     - createOptionsMenu()
11:56:57.403 [FXGL Background Thread 1 ] DEBUG FXGLAssetLoaderServi - Loading from file system: jar:file:/C:/Users/Admin/.m2/repository/com/github/almasb/fxgl/17.1/fxgl-17.1.jar!/fxglassets/textures/particles/smoke.png
11:56:57.616 [FXGL Background Thread 1 ] DEBUG FXGLAssetLoaderServi - Loading from file system: jar:file:/C:/Users/Admin/.m2/repository/com/github/almasb/fxgl/17.1/fxgl-17.1.jar!/fxglassets/textures/particles/trace_horizontal.png
11:56:57.698 [FXGL Background Thread 1 ] DEBUG FXGL.DefaultMenu     - createMenuBodyGameMenu()
11:56:57.700 [FXGL Background Thread 1 ] DEBUG FXGL.DefaultMenu     - createOptionsMenu()
11:56:57.724 [FXGL Background Thread 1 ] DEBUG GameApplicationServi - Application scenes initialized
11:56:57.746 [FXGL Background Thread 1 ] DEBUG SystemBundleService  - Loading FXGL system data
11:56:57.754 [FXGL Background Thread 1 ] DEBUG FileSystemAccess     - Reading from: D:\bombermango\system\fxgl.bundle
11:56:57.772 [FXGL Background Thread 1 ] DEBUG SystemBundleService  - Bundle FXGL: {}
11:56:57.773 [FXGL Background Thread 1 ] DEBUG UpdaterService       - Checking for updates
11:56:57.781 [FXGL Background Thread 1 ] DEBUG FXGLApplication      - Loading default localization
11:56:57.782 [FXGL Background Thread 1 ] DEBUG FXGLAssetLoaderServi - Loading from file system: jar:file:/C:/Users/Admin/.m2/repository/com/github/almasb/fxgl/17.1/fxgl-17.1.jar!/fxglassets/languages/english.lang
11:56:57.785 [FXGL Background Thread 4 ] DEBUG FXGLApplication      - Loading fonts
11:56:57.786 [FXGL Background Thread 4 ] DEBUG FXGLAssetLoaderServi - Loading from file system: jar:file:/C:/Users/Admin/.m2/repository/com/github/almasb/fxgl/17.1/fxgl-17.1.jar!/fxglassets/ui/fonts/VarelaRound-Regular.ttf
11:56:57.816 [FXGL Background Thread 1 ] INFO  FXGLApplication      - FXGL initialization took: 0.881 sec
11:56:57.835 [JavaFX Application Thread] DEBUG Input                - Registered new binding: moveUp - W
11:56:57.835 [JavaFX Application Thread] DEBUG Input                - Registered new binding: moveRight - D
11:56:57.835 [JavaFX Application Thread] DEBUG Input                - Registered new binding: moveLeft - A
11:56:57.835 [JavaFX Application Thread] DEBUG Input                - Registered new binding: moveDown - S
11:56:57.835 [JavaFX Application Thread] DEBUG Input                - Registered new binding: implantBomb - F
11:56:57.836 [JavaFX Application Thread] DEBUG FXGLAssetLoaderServi - Loading from file system: jar:file:/C:/Users/Admin/.m2/repository/com/github/almasb/fxgl/17.1/fxgl-17.1.jar!/fxglassets/textures/fxgl_icon.png
11:56:57.870 [JavaFX Application Thread] DEBUG FXGLAssetLoaderServi - Loading from file system: jar:file:/C:/Users/Admin/.m2/repository/com/github/almasb/fxgl/17.1/fxgl-17.1.jar!/fxglassets/textures/fxgl_default_cursor.png
11:56:57.873 [JavaFX Application Thread] DEBUG Input                - Registered new binding: Screenshot - CTRL+8
11:56:57.874 [JavaFX Application Thread] DEBUG Input                - Registered new binding: System info dump - CTRL+9
11:56:57.874 [JavaFX Application Thread] DEBUG Input                - Registered new binding: Restart - CTRL+R
11:56:57.875 [JavaFX Application Thread] DEBUG Input                - Registered new binding: Toggle Debug Camera - CTRL+7
11:56:57.878 [JavaFX Application Thread] DEBUG LoopRunner           - Starting loop
11:56:57.878 [JavaFX Application Thread] DEBUG LoopRunner           - Initializing JavaFX AnimationTimerLoop
11:56:57.883 [JavaFX Application Thread] DEBUG Input                - Clearing active input actions
11:56:57.892 [JavaFX Application Thread] DEBUG GameApplicationServi - Removing overlay from FXGLStartupScene and adding to FXGLMainMenuDummyScene
11:56:57.893 [JavaFX Application Thread] DEBUG PrimaryStageWindow   - FXGLStartupScene -> FXGLMainMenuDummyScene
11:56:57.893 [JavaFX Application Thread] DEBUG PrimaryStageWindow   - Push state: FXGLDefaultMenu
11:56:57.909 [JavaFX Application Thread] DEBUG Input                - Clearing active input actions
11:56:57.923 [JavaFX Application Thread] DEBUG GameApplicationServi - Removing overlay from FXGLMainMenuDummyScene and adding to FXGLDefaultMenu
11:56:57.923 [JavaFX Application Thread] DEBUG PrimaryStageWindow   - FXGLMainMenuDummyScene -> FXGLDefaultMenu
11:56:58.077 [FXGL Background Thread 4 ] DEBUG FXGLAssetLoaderServi - Loading from file system: jar:file:/C:/Users/Admin/.m2/repository/com/github/almasb/fxgl/17.1/fxgl-17.1.jar!/fxglassets/ui/fonts/Abel-Regular.ttf
11:56:58.083 [FXGL Background Thread 4 ] DEBUG FXGLAssetLoaderServi - Loading from file system: jar:file:/C:/Users/Admin/.m2/repository/com/github/almasb/fxgl/17.1/fxgl-17.1.jar!/fxglassets/ui/fonts/TerminalLandMono-Regular.otf
11:56:58.089 [FXGL Background Thread 4 ] DEBUG FXGLAssetLoaderServi - Loading from file system: jar:file:/C:/Users/Admin/.m2/repository/com/github/almasb/fxgl/17.1/fxgl-17.1.jar!/fxglassets/ui/fonts/Courier-Prime.ttf
11:56:58.337 [JavaFX Application Thread] DEBUG FXGLApplication      - Exiting FXGL
11:56:58.338 [JavaFX Application Thread] DEBUG LoopRunner           - Stopping loop
11:56:58.338 [JavaFX Application Thread] DEBUG SystemBundleService  - Saving FXGL system data
11:56:58.340 [JavaFX Application Thread] DEBUG FileSystemAccess     - Writing to: D:\bombermango\system\fxgl.bundle
11:56:58.343 [JavaFX Application Thread] DEBUG Async                - Shutting down background threads
11:56:58.343 [JavaFX Application Thread] DEBUG PrimaryStageWindow   - Closing main window
11:56:58.394 [JavaFX Application Thread] DEBUG Logger               - Closing Logger
