08:34:35.411 [main                     ] DEBUG Logger               - Configured Logger
08:34:35.457 [main                     ] DEBUG GameApplication      - Logging settings
Title: Bomberman!
Version: 0.0
Width: 700
Height: 700
Fullscreen: false
Intro: false
Profiling: false
Single step:false
App Mode: DEVELOPER
Menu Key: ESCAPE
Stage Style: DECORATED
Scene Factory: class com.almasb.fxgl.app.scene.SceneFactory

08:34:36.032 [JavaFX Application Thread] DEBUG FXGLApplication      - Initializing FXGL
08:34:36.044 [JavaFX Application Thread] INFO  Engine               - FXGL-17.1 (24.03.2022 17.34) on WINDOWS (J:18.0.2.1 FX:18.0.1)
08:34:36.044 [JavaFX Application Thread] DEBUG Engine               - JRE Vendor Name: Oracle Corporation
08:34:36.045 [JavaFX Application Thread] DEBUG Engine               - Running on OS: Windows 10 version 10.0
08:34:36.045 [JavaFX Application Thread] DEBUG Engine               - Architecture: amd64
08:34:36.045 [JavaFX Application Thread] INFO  Engine               - Source code and latest versions at: https://github.com/AlmasB/FXGL
08:34:36.045 [JavaFX Application Thread] INFO  Engine               -       Ask questions and discuss at: https://github.com/AlmasB/FXGL/discussions
08:34:36.046 [JavaFX Application Thread] INFO  Engine               -              Join the FXGL chat at: https://gitter.im/AlmasB/FXGL
08:34:36.229 [JavaFX Application Thread] DEBUG PrimaryStageWindow   - Creating a JavaFX scene
08:34:36.229 [JavaFX Application Thread] DEBUG PrimaryStageWindow   - Target size > screen size
08:34:36.307 [JavaFX Application Thread] DEBUG PrimaryStageWindow   - Target settings size: 700.0 x 700.0
08:34:36.307 [JavaFX Application Thread] DEBUG PrimaryStageWindow   - Scaled scene size:    655.0 x 680.0
08:34:36.308 [JavaFX Application Thread] DEBUG PrimaryStageWindow   - Scaled ratio: (0.9357142857142857, 0.9714285714285714)
08:34:36.309 [JavaFX Application Thread] DEBUG PrimaryStageWindow   - Set initial scene to FXGLStartupScene
08:34:36.323 [JavaFX Application Thread] DEBUG PrimaryStageWindow   - Opening main window
08:34:36.476 [JavaFX Application Thread] DEBUG PrimaryStageWindow   - Window border size: (15.0, 37.33331298828125)
08:34:36.477 [JavaFX Application Thread] DEBUG PrimaryStageWindow   - Scaled size: 655.0 x 680.0
08:34:36.477 [JavaFX Application Thread] DEBUG PrimaryStageWindow   - Scaled ratio: (0.9357142857142857, 0.9714285714285714)
08:34:36.478 [JavaFX Application Thread] DEBUG PrimaryStageWindow   - Scene size: 655.0 x 680.0
08:34:36.478 [JavaFX Application Thread] DEBUG PrimaryStageWindow   - Stage size: 670.0 x 717.3333129882812
08:34:36.563 [FXGL Background Thread 1 ] DEBUG Engine               - Initializing environment variables
08:34:36.658 [FXGL Background Thread 1 ] DEBUG FXGLAssetLoaderServi - User app class for loading assets: class mangobomb.bombermango.HelloApplication
08:34:36.659 [FXGL Background Thread 1 ] DEBUG GameApplicationServi - Applying CSS: fxgl_dark.css
08:34:36.660 [FXGL Background Thread 1 ] DEBUG FXGLAssetLoaderServi - Loading from file system: jar:file:/C:/Users/Admin/.m2/repository/com/github/almasb/fxgl/17.1/fxgl-17.1.jar!/fxglassets/ui/css/fxgl_dark.css
08:34:36.751 [FXGL Background Thread 1 ] DEBUG GameApplicationServi - Initializing application scenes
08:34:36.862 [FXGL Background Thread 1 ] DEBUG GameWorld            - Game world initialized
08:34:36.983 [FXGL Background Thread 1 ] DEBUG PhysicsWorld         - Physics world initialized: appHeight=700, physics.ppm=50.0
08:34:36.983 [FXGL Background Thread 1 ] DEBUG PhysicsWorld         - Using strategy: BRUTE_FORCE
08:34:36.990 [FXGL Background Thread 1 ] DEBUG GameScene            - Game scene initialized: 700x700
08:34:37.012 [FXGL Background Thread 1 ] WARN  FXGL.DefaultMenu     - FXGLDefaultMenu is not designed for resolutions < 800x600
08:34:37.012 [FXGL Background Thread 1 ] DEBUG FXGL.DefaultMenu     - createMenuBodyGameMenu()
08:34:37.039 [FXGL Background Thread 1 ] DEBUG FXGL.DefaultMenu     - createOptionsMenu()
08:34:37.060 [FXGL Background Thread 1 ] DEBUG FXGLAssetLoaderServi - Loading from file system: jar:file:/C:/Users/Admin/.m2/repository/com/github/almasb/fxgl/17.1/fxgl-17.1.jar!/fxglassets/textures/particles/smoke.png
08:34:37.246 [FXGL Background Thread 1 ] DEBUG FXGLAssetLoaderServi - Loading from file system: jar:file:/C:/Users/Admin/.m2/repository/com/github/almasb/fxgl/17.1/fxgl-17.1.jar!/fxglassets/textures/particles/trace_horizontal.png
08:34:37.330 [FXGL Background Thread 1 ] DEBUG GameApplicationServi - Application scenes initialized
08:34:37.354 [FXGL Background Thread 1 ] DEBUG SystemBundleService  - Loading FXGL system data
08:34:37.363 [FXGL Background Thread 1 ] DEBUG FileSystemAccess     - Reading from: D:\bombermango\system\fxgl.bundle
08:34:37.381 [FXGL Background Thread 1 ] DEBUG SystemBundleService  - Bundle FXGL: {}
08:34:37.381 [FXGL Background Thread 1 ] DEBUG UpdaterService       - Checking for updates
08:34:37.391 [FXGL Background Thread 1 ] DEBUG FXGLApplication      - Loading default localization
08:34:37.392 [FXGL Background Thread 1 ] DEBUG FXGLAssetLoaderServi - Loading from file system: jar:file:/C:/Users/Admin/.m2/repository/com/github/almasb/fxgl/17.1/fxgl-17.1.jar!/fxglassets/languages/english.lang
08:34:37.438 [FXGL Background Thread 1 ] INFO  FXGLApplication      - FXGL initialization took: 0.874 sec
08:34:37.453 [JavaFX Application Thread] DEBUG Input                - Registered new binding: Up 1 - W
08:34:37.453 [JavaFX Application Thread] DEBUG Input                - Registered new binding: Left 1 - A
08:34:37.454 [JavaFX Application Thread] DEBUG Input                - Registered new binding: Down 1 - S
08:34:37.455 [JavaFX Application Thread] DEBUG Input                - Registered new binding: Right 1 - D
08:34:37.455 [JavaFX Application Thread] DEBUG FXGLAssetLoaderServi - Loading from file system: jar:file:/C:/Users/Admin/.m2/repository/com/github/almasb/fxgl/17.1/fxgl-17.1.jar!/fxglassets/textures/fxgl_icon.png
08:34:37.468 [FXGL Background Thread 4 ] DEBUG FXGLApplication      - Loading fonts
08:34:37.470 [FXGL Background Thread 4 ] DEBUG FXGLAssetLoaderServi - Loading from file system: jar:file:/C:/Users/Admin/.m2/repository/com/github/almasb/fxgl/17.1/fxgl-17.1.jar!/fxglassets/ui/fonts/VarelaRound-Regular.ttf
08:34:37.506 [JavaFX Application Thread] DEBUG FXGLAssetLoaderServi - Loading from file system: jar:file:/C:/Users/Admin/.m2/repository/com/github/almasb/fxgl/17.1/fxgl-17.1.jar!/fxglassets/textures/fxgl_default_cursor.png
08:34:37.510 [JavaFX Application Thread] DEBUG Input                - Registered new binding: Screenshot - CTRL+8
08:34:37.511 [JavaFX Application Thread] DEBUG Input                - Registered new binding: System info dump - CTRL+9
08:34:37.511 [JavaFX Application Thread] DEBUG Input                - Registered new binding: Restart - CTRL+R
08:34:37.512 [JavaFX Application Thread] DEBUG Input                - Registered new binding: Toggle Debug Camera - CTRL+7
08:34:37.515 [JavaFX Application Thread] DEBUG LoopRunner           - Starting loop
08:34:37.515 [JavaFX Application Thread] DEBUG LoopRunner           - Initializing JavaFX AnimationTimerLoop
08:34:37.520 [JavaFX Application Thread] DEBUG GameApplicationServi - Starting new game
08:34:37.521 [JavaFX Application Thread] DEBUG Input                - Clearing active input actions
08:34:37.537 [JavaFX Application Thread] DEBUG GameApplicationServi - Removing overlay from FXGLStartupScene and adding to FXGLLoadingScene
08:34:37.538 [JavaFX Application Thread] DEBUG PrimaryStageWindow   - FXGLStartupScene -> FXGLLoadingScene
08:34:37.538 [JavaFX Application Thread] DEBUG GameApplicationServi - Clearing previous game
08:34:37.538 [JavaFX Application Thread] DEBUG GameScene            - Clearing game scene
08:34:37.538 [JavaFX Application Thread] DEBUG GameWorld            - Clearing game world
08:34:37.539 [JavaFX Application Thread] DEBUG PhysicsWorld         - Clearing physics world
08:34:37.541 [FXGL Background Thread 1 ] DEBUG FXGLApplication      - Initializing game
08:34:37.563 [FXGL Background Thread 1 ] DEBUG FXGLAssetLoaderServi - Loading from file system: file:/D:/bombermango/target/classes/assets/textures/sprites/player_left.png
08:34:37.564 [FXGL Background Thread 1 ] DEBUG FXGLAssetLoaderServi - Loading from file system: file:/D:/bombermango/target/classes/assets/textures/sprites/player_left_1.png
08:34:37.565 [FXGL Background Thread 1 ] DEBUG FXGLAssetLoaderServi - Loading from file system: file:/D:/bombermango/target/classes/assets/textures/sprites/player_left_2.png
08:34:37.623 [FXGL Background Thread 1 ] INFO  FXGLApplication      - Game initialization took: 0.083 sec
08:34:37.748 [FXGL Background Thread 4 ] DEBUG FXGLAssetLoaderServi - Loading from file system: jar:file:/C:/Users/Admin/.m2/repository/com/github/almasb/fxgl/17.1/fxgl-17.1.jar!/fxglassets/ui/fonts/Abel-Regular.ttf
08:34:37.754 [FXGL Background Thread 4 ] DEBUG FXGLAssetLoaderServi - Loading from file system: jar:file:/C:/Users/Admin/.m2/repository/com/github/almasb/fxgl/17.1/fxgl-17.1.jar!/fxglassets/ui/fonts/TerminalLandMono-Regular.otf
08:34:37.780 [FXGL Background Thread 4 ] DEBUG FXGLAssetLoaderServi - Loading from file system: jar:file:/C:/Users/Admin/.m2/repository/com/github/almasb/fxgl/17.1/fxgl-17.1.jar!/fxglassets/ui/fonts/Courier-Prime.ttf
08:34:37.804 [JavaFX Application Thread] DEBUG Input                - Clearing active input actions
08:34:37.818 [JavaFX Application Thread] DEBUG GameApplicationServi - Removing overlay from FXGLLoadingScene and adding to GameScene
08:34:37.818 [JavaFX Application Thread] DEBUG PrimaryStageWindow   - FXGLLoadingScene -> GameScene
08:34:37.879 [JavaFX Application Thread] DEBUG FXGLApplication      - Registering font factories with UI factory
08:34:38.368 [FXGL Background Thread 2 ] INFO  UpdaterService       - Your current version:  17.1
08:34:38.369 [FXGL Background Thread 2 ] INFO  UpdaterService       - Latest stable version: 17.2
08:34:40.393 [FXGL Background Thread 3 ] DEBUG Engine               - Logging environment variables
08:34:40.396 [FXGL Background Thread 3 ] DEBUG Engine               - achievements: []
08:34:40.397 [FXGL Background Thread 3 ] DEBUG Engine               - actualHeight: 680.0
08:34:40.397 [FXGL Background Thread 3 ] DEBUG Engine               - actualHeightProperty: ReadOnlyDoubleProperty [value: 680.0]
08:34:40.398 [FXGL Background Thread 3 ] DEBUG Engine               - actualWidth: 655.0
08:34:40.398 [FXGL Background Thread 3 ] DEBUG Engine               - actualWidthProperty: ReadOnlyDoubleProperty [value: 655.0]
08:34:40.399 [FXGL Background Thread 3 ] DEBUG Engine               - appIcon: fxgl_icon.png
08:34:40.399 [FXGL Background Thread 3 ] DEBUG Engine               - applicationMode: DEVELOPER
08:34:40.399 [FXGL Background Thread 3 ] DEBUG Engine               - cSSList: [fxgl_dark.css]
08:34:40.400 [FXGL Background Thread 3 ] DEBUG Engine               - collisionDetectionStrategy: BRUTE_FORCE
08:34:40.400 [FXGL Background Thread 3 ] DEBUG Engine               - configClass: Optional.empty
08:34:40.401 [FXGL Background Thread 3 ] DEBUG Engine               - credits: []
08:34:40.406 [FXGL Background Thread 3 ] DEBUG Engine               - defaultCursor: CursorInfo(imageName=fxgl_default_cursor.png, hotspotX=7.0, hotspotY=6.0)
08:34:40.407 [FXGL Background Thread 3 ] DEBUG Engine               - devBBoxColorProperty: ObjectProperty [value: 0xff0000ff]
08:34:40.407 [FXGL Background Thread 3 ] DEBUG Engine               - devEnableDebugCameraProperty: BooleanProperty [value: false]
08:34:40.409 [FXGL Background Thread 3 ] DEBUG Engine               - devSensorColorProperty: ObjectProperty [value: 0xffff00ff]
08:34:40.410 [FXGL Background Thread 3 ] DEBUG Engine               - devShowBBoxProperty: BooleanProperty [value: false]
08:34:40.411 [FXGL Background Thread 3 ] DEBUG Engine               - devShowPositionProperty: BooleanProperty [value: false]
08:34:40.412 [FXGL Background Thread 3 ] DEBUG Engine               - enabledMenuItems: []
08:34:40.412 [FXGL Background Thread 3 ] DEBUG Engine               - engineServices: [class com.almasb.fxgl.app.services.FXGLAssetLoaderService, class com.almasb.fxgl.app.FXGLApplication$GameApplicationService, class com.almasb.fxgl.app.services.FXGLDialogService, class com.almasb.fxgl.app.services.IOTaskExecutorService, class com.almasb.fxgl.io.FileSystemService, class com.almasb.fxgl.localization.LocalizationService, class com.almasb.fxgl.app.services.SystemBundleService, class com.almasb.fxgl.profile.SaveLoadService, class com.almasb.fxgl.ui.FXGLUIFactoryServiceProvider, class com.almasb.fxgl.ui.FXGLDialogFactoryServiceProvider, class com.almasb.fxgl.audio.AudioPlayer, class com.almasb.fxgl.notification.impl.NotificationServiceProvider, class com.almasb.fxgl.achievement.AchievementService, class com.almasb.fxgl.cutscene.CutsceneService, class com.almasb.fxgl.minigames.MiniGameService, class com.almasb.fxgl.net.NetService, class com.almasb.fxgl.app.services.UpdaterService, class com.almasb.fxgl.dev.DevService]
08:34:40.412 [FXGL Background Thread 3 ] DEBUG Engine               - fontGame: Abel-Regular.ttf
08:34:40.413 [FXGL Background Thread 3 ] DEBUG Engine               - fontMono: TerminalLandMono-Regular.otf
08:34:40.413 [FXGL Background Thread 3 ] DEBUG Engine               - fontText: Courier-Prime.ttf
08:34:40.413 [FXGL Background Thread 3 ] DEBUG Engine               - fontUI: VarelaRound-Regular.ttf
08:34:40.413 [FXGL Background Thread 3 ] DEBUG Engine               - fullScreen: BooleanProperty [value: false]
08:34:40.414 [FXGL Background Thread 3 ] DEBUG Engine               - gameDifficulty: MEDIUM
08:34:40.414 [FXGL Background Thread 3 ] DEBUG Engine               - gameDifficultyProperty: ObjectProperty [value: MEDIUM]
08:34:40.414 [FXGL Background Thread 3 ] DEBUG Engine               - globalMusicVolume: 0.5
08:34:40.415 [FXGL Background Thread 3 ] DEBUG Engine               - globalMusicVolumeProperty: DoubleProperty [value: 0.5]
08:34:40.415 [FXGL Background Thread 3 ] DEBUG Engine               - globalSoundVolume: 0.5
08:34:40.416 [FXGL Background Thread 3 ] DEBUG Engine               - globalSoundVolumeProperty: DoubleProperty [value: 0.5]
08:34:40.417 [FXGL Background Thread 3 ] DEBUG Engine               - height: 700
08:34:40.418 [FXGL Background Thread 3 ] DEBUG Engine               - is3D: false
08:34:40.418 [FXGL Background Thread 3 ] DEBUG Engine               - isAndroid: false
08:34:40.418 [FXGL Background Thread 3 ] DEBUG Engine               - isBrowser: false
08:34:40.418 [FXGL Background Thread 3 ] DEBUG Engine               - isClickFeedbackEnabled: false
08:34:40.419 [FXGL Background Thread 3 ] DEBUG Engine               - isCloseConfirmation: false
08:34:40.419 [FXGL Background Thread 3 ] DEBUG Engine               - isDesktop: true
08:34:40.420 [FXGL Background Thread 3 ] DEBUG Engine               - isDeveloperMenuEnabled: false
08:34:40.421 [FXGL Background Thread 3 ] DEBUG Engine               - isEmbedded: false
08:34:40.421 [FXGL Background Thread 3 ] DEBUG Engine               - isEntityPreloadEnabled: true
08:34:40.421 [FXGL Background Thread 3 ] DEBUG Engine               - isExperimentalTiledLargeMap: false
08:34:40.422 [FXGL Background Thread 3 ] DEBUG Engine               - isFileSystemWriteAllowed: true
08:34:40.422 [FXGL Background Thread 3 ] DEBUG Engine               - isFullScreenAllowed: false
08:34:40.422 [FXGL Background Thread 3 ] DEBUG Engine               - isFullScreenFromStart: false
08:34:40.422 [FXGL Background Thread 3 ] DEBUG Engine               - isGameMenuEnabled: true
08:34:40.422 [FXGL Background Thread 3 ] DEBUG Engine               - isIOS: false
08:34:40.423 [FXGL Background Thread 3 ] DEBUG Engine               - isIntroEnabled: false
08:34:40.425 [FXGL Background Thread 3 ] DEBUG Engine               - isLinux: false
08:34:40.425 [FXGL Background Thread 3 ] DEBUG Engine               - isMac: false
08:34:40.427 [FXGL Background Thread 3 ] DEBUG Engine               - isMainMenuEnabled: false
08:34:40.427 [FXGL Background Thread 3 ] DEBUG Engine               - isManualResizeEnabled: false
08:34:40.427 [FXGL Background Thread 3 ] DEBUG Engine               - isMobile: false
08:34:40.427 [FXGL Background Thread 3 ] DEBUG Engine               - isNative: false
08:34:40.427 [FXGL Background Thread 3 ] DEBUG Engine               - isPauseMusicWhenMinimized: true
08:34:40.427 [FXGL Background Thread 3 ] DEBUG Engine               - isPreserveResizeRatio: false
08:34:40.427 [FXGL Background Thread 3 ] DEBUG Engine               - isProfilingEnabled: false
08:34:40.427 [FXGL Background Thread 3 ] DEBUG Engine               - isScaleAffectedOnResize: true
08:34:40.428 [FXGL Background Thread 3 ] DEBUG Engine               - isSingleStep: false
08:34:40.428 [FXGL Background Thread 3 ] DEBUG Engine               - isUserProfileEnabled: false
08:34:40.428 [FXGL Background Thread 3 ] DEBUG Engine               - isWindows: true
08:34:40.428 [FXGL Background Thread 3 ] DEBUG Engine               - language: ObjectProperty [value: ENGLISH]
08:34:40.428 [FXGL Background Thread 3 ] DEBUG Engine               - menuKey: ESCAPE
08:34:40.429 [FXGL Background Thread 3 ] DEBUG Engine               - mouseSensitivity: 0.2
08:34:40.429 [FXGL Background Thread 3 ] DEBUG Engine               - notificationViewClass: class com.almasb.fxgl.notification.view.XboxNotificationView
08:34:40.429 [FXGL Background Thread 3 ] DEBUG Engine               - pixelsPerMeter: 50.0
08:34:40.429 [FXGL Background Thread 3 ] DEBUG Engine               - platform: WINDOWS
08:34:40.429 [FXGL Background Thread 3 ] DEBUG Engine               - prefHeightProperty: ReadOnlyDoubleProperty [value: 700.0]
08:34:40.430 [FXGL Background Thread 3 ] DEBUG Engine               - prefWidthProperty: ReadOnlyDoubleProperty [value: 700.0]
08:34:40.430 [FXGL Background Thread 3 ] DEBUG Engine               - profileDir: profiles/
08:34:40.430 [FXGL Background Thread 3 ] DEBUG Engine               - profileName: StringProperty [value: DEFAULT]
08:34:40.430 [FXGL Background Thread 3 ] DEBUG Engine               - randomSeed: -1
08:34:40.432 [FXGL Background Thread 3 ] DEBUG Engine               - runtimeInfo: RuntimeInfo(platform=WINDOWS, version=17.1, build=24.03.2022 17.34)
08:34:40.432 [FXGL Background Thread 3 ] DEBUG Engine               - saveFileExt: sav
08:34:40.433 [FXGL Background Thread 3 ] DEBUG Engine               - scaledHeightProp$fxgl: DoubleProperty [bound, value: 680.0]
08:34:40.433 [FXGL Background Thread 3 ] DEBUG Engine               - scaledWidthProp$fxgl: DoubleProperty [bound, value: 655.0]
08:34:40.434 [FXGL Background Thread 3 ] DEBUG Engine               - sceneFactory: com.almasb.fxgl.app.scene.SceneFactory@7435ebec
08:34:40.434 [FXGL Background Thread 3 ] DEBUG Engine               - secondsIn24h: 60
08:34:40.434 [FXGL Background Thread 3 ] DEBUG Engine               - soundMenuBack: menu/back.wav
08:34:40.436 [FXGL Background Thread 3 ] DEBUG Engine               - soundMenuPress: menu/press.wav
08:34:40.436 [FXGL Background Thread 3 ] DEBUG Engine               - soundMenuSelect: menu/select.wav
08:34:40.436 [FXGL Background Thread 3 ] DEBUG Engine               - soundNotification: core/notification.wav
08:34:40.436 [FXGL Background Thread 3 ] DEBUG Engine               - stageStyle: DECORATED
08:34:40.436 [FXGL Background Thread 3 ] DEBUG Engine               - supportedLanguages: [ENGLISH, FRENCH, GERMAN, HUNGARIAN, RUSSIAN]
08:34:40.436 [FXGL Background Thread 3 ] DEBUG Engine               - ticksPerSecond: -1
08:34:40.437 [FXGL Background Thread 3 ] DEBUG Engine               - title: Bomberman!
08:34:40.437 [FXGL Background Thread 3 ] DEBUG Engine               - urlGithub: https://github.com/AlmasB/FXGL
08:34:40.437 [FXGL Background Thread 3 ] DEBUG Engine               - urlLeaderboard: http://fxgl-top.herokuapp.com/
08:34:40.437 [FXGL Background Thread 3 ] DEBUG Engine               - urlPOM: https://raw.githubusercontent.com/AlmasB/FXGL/release/README.md
08:34:40.437 [FXGL Background Thread 3 ] DEBUG Engine               - userAppClass: class mangobomb.bombermango.HelloApplication
08:34:40.438 [FXGL Background Thread 3 ] DEBUG Engine               - version: 0.0
08:34:40.438 [FXGL Background Thread 3 ] DEBUG Engine               - versionCheckDays: 7
08:34:40.438 [FXGL Background Thread 3 ] DEBUG Engine               - width: 700
08:34:40.438 [FXGL Background Thread 3 ] DEBUG Engine               - Logging services
08:34:40.438 [FXGL Background Thread 3 ] DEBUG Engine               - class com.almasb.fxgl.app.services.FXGLAssetLoaderService
08:34:40.439 [FXGL Background Thread 3 ] DEBUG Engine               - class com.almasb.fxgl.app.FXGLApplication$GameApplicationService
08:34:40.440 [FXGL Background Thread 3 ] DEBUG Engine               - class com.almasb.fxgl.app.services.FXGLDialogService
08:34:40.440 [FXGL Background Thread 3 ] DEBUG Engine               - class com.almasb.fxgl.app.services.IOTaskExecutorService
08:34:40.441 [FXGL Background Thread 3 ] DEBUG Engine               - class com.almasb.fxgl.io.FileSystemService
08:34:40.441 [FXGL Background Thread 3 ] DEBUG Engine               - class com.almasb.fxgl.localization.LocalizationService
08:34:40.442 [FXGL Background Thread 3 ] DEBUG Engine               - class com.almasb.fxgl.app.services.SystemBundleService
08:34:40.442 [FXGL Background Thread 3 ] DEBUG Engine               - class com.almasb.fxgl.profile.SaveLoadService
08:34:40.442 [FXGL Background Thread 3 ] DEBUG Engine               - class com.almasb.fxgl.ui.FXGLUIFactoryServiceProvider
08:34:40.442 [FXGL Background Thread 3 ] DEBUG Engine               - class com.almasb.fxgl.ui.FXGLDialogFactoryServiceProvider
08:34:40.442 [FXGL Background Thread 3 ] DEBUG Engine               - class com.almasb.fxgl.audio.AudioPlayer
08:34:40.442 [FXGL Background Thread 3 ] DEBUG Engine               - class com.almasb.fxgl.notification.impl.NotificationServiceProvider
08:34:40.442 [FXGL Background Thread 3 ] DEBUG Engine               - class com.almasb.fxgl.achievement.AchievementService
08:34:40.442 [FXGL Background Thread 3 ] DEBUG Engine               - class com.almasb.fxgl.cutscene.CutsceneService
08:34:40.442 [FXGL Background Thread 3 ] DEBUG Engine               - class com.almasb.fxgl.minigames.MiniGameService
08:34:40.443 [FXGL Background Thread 3 ] DEBUG Engine               - class com.almasb.fxgl.net.NetService
08:34:40.443 [FXGL Background Thread 3 ] DEBUG Engine               - class com.almasb.fxgl.app.services.UpdaterService
08:34:40.444 [FXGL Background Thread 3 ] DEBUG Engine               - class com.almasb.fxgl.dev.DevService
08:34:46.152 [JavaFX Application Thread] DEBUG FXGLApplication      - Exiting FXGL
08:34:46.152 [JavaFX Application Thread] DEBUG LoopRunner           - Stopping loop
08:34:46.152 [JavaFX Application Thread] DEBUG SystemBundleService  - Saving FXGL system data
08:34:46.154 [JavaFX Application Thread] DEBUG FileSystemAccess     - Writing to: D:\bombermango\system\fxgl.bundle
08:34:46.156 [JavaFX Application Thread] DEBUG Async                - Shutting down background threads
08:34:46.156 [JavaFX Application Thread] DEBUG PrimaryStageWindow   - Closing main window
08:34:46.173 [JavaFX Application Thread] DEBUG Logger               - Closing Logger
