16:35:54.926 [main                     ] DEBUG Logger               - Configured Logger
16:35:54.967 [main                     ] DEBUG GameApplication      - Logging settings
Title: Bomberman!
Version: 0.0
Width: 1008
Height: 624
Fullscreen: false
Intro: false
Profiling: false
Single step:false
App Mode: DEVELOPER
Menu Key: ESCAPE
Stage Style: DECORATED
Scene Factory: class com.almasb.fxgl.app.scene.SceneFactory

16:35:55.493 [JavaFX Application Thread] DEBUG FXGLApplication      - Initializing FXGL
16:35:55.501 [JavaFX Application Thread] INFO  Engine               - FXGL-17.1 (24.03.2022 17.34) on WINDOWS (J:18.0.2.1 FX:18.0.1)
16:35:55.502 [JavaFX Application Thread] DEBUG Engine               - JRE Vendor Name: Oracle Corporation
16:35:55.503 [JavaFX Application Thread] DEBUG Engine               - Running on OS: Windows 10 version 10.0
16:35:55.503 [JavaFX Application Thread] DEBUG Engine               - Architecture: amd64
16:35:55.504 [JavaFX Application Thread] INFO  Engine               - Source code and latest versions at: https://github.com/AlmasB/FXGL
16:35:55.504 [JavaFX Application Thread] INFO  Engine               -       Ask questions and discuss at: https://github.com/AlmasB/FXGL/discussions
16:35:55.504 [JavaFX Application Thread] INFO  Engine               -              Join the FXGL chat at: https://gitter.im/AlmasB/FXGL
16:35:55.696 [JavaFX Application Thread] DEBUG PrimaryStageWindow   - Creating a JavaFX scene
16:35:55.772 [JavaFX Application Thread] DEBUG PrimaryStageWindow   - Target settings size: 1008.0 x 624.0
16:35:55.773 [JavaFX Application Thread] DEBUG PrimaryStageWindow   - Scaled scene size:    1008.0 x 624.0
16:35:55.773 [JavaFX Application Thread] DEBUG PrimaryStageWindow   - Scaled ratio: (1.0, 1.0)
16:35:55.774 [JavaFX Application Thread] DEBUG PrimaryStageWindow   - Set initial scene to FXGLStartupScene
16:35:55.787 [JavaFX Application Thread] DEBUG PrimaryStageWindow   - Opening main window
16:35:55.916 [JavaFX Application Thread] DEBUG PrimaryStageWindow   - Window border size: (14.66668701171875, 37.33331298828125)
16:35:55.917 [JavaFX Application Thread] DEBUG PrimaryStageWindow   - Scaled size: 1008.0 x 624.0
16:35:55.917 [JavaFX Application Thread] DEBUG PrimaryStageWindow   - Scaled ratio: (1.0, 1.0)
16:35:55.917 [JavaFX Application Thread] DEBUG PrimaryStageWindow   - Scene size: 1008.0 x 624.0
16:35:55.918 [JavaFX Application Thread] DEBUG PrimaryStageWindow   - Stage size: 1022.6666870117188 x 661.3333129882812
16:35:55.928 [FXGL Background Thread 1 ] DEBUG Engine               - Initializing environment variables
16:35:56.020 [FXGL Background Thread 1 ] DEBUG FXGLAssetLoaderServi - User app class for loading assets: class mangobomb.bombermango.HelloApplication
16:35:56.020 [FXGL Background Thread 1 ] DEBUG GameApplicationServi - Applying CSS: fxgl_dark.css
16:35:56.021 [FXGL Background Thread 1 ] DEBUG FXGLAssetLoaderServi - Loading from file system: jar:file:/C:/Users/Admin/.m2/repository/com/github/almasb/fxgl/17.1/fxgl-17.1.jar!/fxglassets/ui/css/fxgl_dark.css
16:35:56.092 [FXGL Background Thread 1 ] DEBUG GameApplicationServi - Initializing application scenes
16:35:56.199 [FXGL Background Thread 1 ] DEBUG GameWorld            - Game world initialized
16:35:56.291 [FXGL Background Thread 1 ] DEBUG PhysicsWorld         - Physics world initialized: appHeight=624, physics.ppm=50.0
16:35:56.291 [FXGL Background Thread 1 ] DEBUG PhysicsWorld         - Using strategy: BRUTE_FORCE
16:35:56.298 [FXGL Background Thread 1 ] DEBUG GameScene            - Game scene initialized: 1008x624
16:35:56.319 [FXGL Background Thread 1 ] DEBUG FXGL.DefaultMenu     - createMenuBodyGameMenu()
16:35:56.346 [FXGL Background Thread 1 ] DEBUG FXGL.DefaultMenu     - createOptionsMenu()
16:35:56.366 [FXGL Background Thread 1 ] DEBUG FXGLAssetLoaderServi - Loading from file system: jar:file:/C:/Users/Admin/.m2/repository/com/github/almasb/fxgl/17.1/fxgl-17.1.jar!/fxglassets/textures/particles/smoke.png
16:35:56.517 [FXGL Background Thread 1 ] DEBUG FXGLAssetLoaderServi - Loading from file system: jar:file:/C:/Users/Admin/.m2/repository/com/github/almasb/fxgl/17.1/fxgl-17.1.jar!/fxglassets/textures/particles/trace_horizontal.png
16:35:56.556 [FXGL Background Thread 1 ] DEBUG GameApplicationServi - Application scenes initialized
16:35:56.573 [FXGL Background Thread 1 ] DEBUG SystemBundleService  - Loading FXGL system data
16:35:56.580 [FXGL Background Thread 1 ] DEBUG FileSystemAccess     - Reading from: D:\bombermango\system\fxgl.bundle
16:35:56.603 [FXGL Background Thread 1 ] DEBUG SystemBundleService  - Bundle FXGL: {}
16:35:56.604 [FXGL Background Thread 1 ] DEBUG UpdaterService       - Checking for updates
16:35:56.611 [FXGL Background Thread 1 ] DEBUG FXGLApplication      - Loading default localization
16:35:56.612 [FXGL Background Thread 1 ] DEBUG FXGLAssetLoaderServi - Loading from file system: jar:file:/C:/Users/Admin/.m2/repository/com/github/almasb/fxgl/17.1/fxgl-17.1.jar!/fxglassets/languages/english.lang
16:35:56.635 [FXGL Background Thread 1 ] INFO  FXGLApplication      - FXGL initialization took: 0.707 sec
16:35:56.653 [JavaFX Application Thread] DEBUG Input                - Registered new binding: moveUp - W
16:35:56.653 [JavaFX Application Thread] DEBUG Input                - Registered new binding: moveRight - D
16:35:56.654 [JavaFX Application Thread] DEBUG Input                - Registered new binding: moveLeft - A
16:35:56.654 [JavaFX Application Thread] DEBUG Input                - Registered new binding: moveDown - S
16:35:56.654 [JavaFX Application Thread] DEBUG Input                - Registered new binding: implantBomb - F
16:35:56.654 [JavaFX Application Thread] DEBUG FXGLAssetLoaderServi - Loading from file system: jar:file:/C:/Users/Admin/.m2/repository/com/github/almasb/fxgl/17.1/fxgl-17.1.jar!/fxglassets/textures/fxgl_icon.png
16:35:56.689 [FXGL Background Thread 4 ] DEBUG FXGLApplication      - Loading fonts
16:35:56.690 [FXGL Background Thread 4 ] DEBUG FXGLAssetLoaderServi - Loading from file system: jar:file:/C:/Users/Admin/.m2/repository/com/github/almasb/fxgl/17.1/fxgl-17.1.jar!/fxglassets/ui/fonts/VarelaRound-Regular.ttf
16:35:56.692 [JavaFX Application Thread] DEBUG FXGLAssetLoaderServi - Loading from file system: jar:file:/C:/Users/Admin/.m2/repository/com/github/almasb/fxgl/17.1/fxgl-17.1.jar!/fxglassets/textures/fxgl_default_cursor.png
16:35:56.695 [JavaFX Application Thread] DEBUG Input                - Registered new binding: Screenshot - CTRL+8
16:35:56.696 [JavaFX Application Thread] DEBUG Input                - Registered new binding: System info dump - CTRL+9
16:35:56.696 [JavaFX Application Thread] DEBUG Input                - Registered new binding: Restart - CTRL+R
16:35:56.697 [JavaFX Application Thread] DEBUG Input                - Registered new binding: Toggle Debug Camera - CTRL+7
16:35:56.701 [JavaFX Application Thread] DEBUG LoopRunner           - Starting loop
16:35:56.701 [JavaFX Application Thread] DEBUG LoopRunner           - Initializing JavaFX AnimationTimerLoop
16:35:56.702 [JavaFX Application Thread] DEBUG GameApplicationServi - Starting new game
16:35:56.703 [JavaFX Application Thread] DEBUG Input                - Clearing active input actions
16:35:56.731 [JavaFX Application Thread] DEBUG GameApplicationServi - Removing overlay from FXGLStartupScene and adding to FXGLLoadingScene
16:35:56.731 [JavaFX Application Thread] DEBUG PrimaryStageWindow   - FXGLStartupScene -> FXGLLoadingScene
16:35:56.732 [JavaFX Application Thread] DEBUG GameApplicationServi - Clearing previous game
16:35:56.732 [JavaFX Application Thread] DEBUG GameScene            - Clearing game scene
16:35:56.732 [JavaFX Application Thread] DEBUG GameWorld            - Clearing game world
16:35:56.733 [JavaFX Application Thread] DEBUG PhysicsWorld         - Clearing physics world
16:35:56.735 [FXGL Background Thread 1 ] DEBUG FXGLApplication      - Initializing game
16:35:56.793 [FXGL Background Thread 1 ] DEBUG FXGLAssetLoaderServi - Loading from file system: file:/D:/bombermango/target/classes/assets/textures/sprites/wall.png
16:35:56.864 [FXGL Background Thread 1 ] DEBUG GameWorld            - Clearing removable entities
16:35:56.869 [FXGL Background Thread 1 ] DEBUG GameWorld            - Setting level: com.almasb.fxgl.entity.level.Level@2e6bd329
16:35:56.875 [FXGL Background Thread 1 ] DEBUG FXGLAssetLoaderServi - Loading from file system: file:/D:/bombermango/target/classes/assets/textures/sprites/player_left.png
16:35:56.876 [FXGL Background Thread 1 ] DEBUG FXGLAssetLoaderServi - Loading from file system: file:/D:/bombermango/target/classes/assets/textures/sprites/player_left_1.png
16:35:56.877 [FXGL Background Thread 1 ] DEBUG FXGLAssetLoaderServi - Loading from file system: file:/D:/bombermango/target/classes/assets/textures/sprites/player_left_2.png
16:35:56.895 [FXGL Background Thread 1 ] WARN  GameWorld            - Entity is already attached to world
16:35:56.896 [FXGL Background Thread 1 ] INFO  FXGLApplication      - Game initialization took: 0.160 sec
16:35:56.964 [JavaFX Application Thread] DEBUG Input                - Clearing active input actions
16:35:56.981 [JavaFX Application Thread] DEBUG GameApplicationServi - Removing overlay from FXGLLoadingScene and adding to GameScene
16:35:56.981 [JavaFX Application Thread] DEBUG PrimaryStageWindow   - FXGLLoadingScene -> GameScene
16:35:57.127 [FXGL Background Thread 4 ] DEBUG FXGLAssetLoaderServi - Loading from file system: jar:file:/C:/Users/Admin/.m2/repository/com/github/almasb/fxgl/17.1/fxgl-17.1.jar!/fxglassets/ui/fonts/Abel-Regular.ttf
16:35:57.134 [FXGL Background Thread 4 ] DEBUG FXGLAssetLoaderServi - Loading from file system: jar:file:/C:/Users/Admin/.m2/repository/com/github/almasb/fxgl/17.1/fxgl-17.1.jar!/fxglassets/ui/fonts/TerminalLandMono-Regular.otf
16:35:57.139 [FXGL Background Thread 4 ] DEBUG FXGLAssetLoaderServi - Loading from file system: jar:file:/C:/Users/Admin/.m2/repository/com/github/almasb/fxgl/17.1/fxgl-17.1.jar!/fxglassets/ui/fonts/Courier-Prime.ttf
16:35:57.148 [JavaFX Application Thread] DEBUG FXGLApplication      - Registering font factories with UI factory
16:35:57.890 [FXGL Background Thread 2 ] INFO  UpdaterService       - Your current version:  17.1
16:35:57.890 [FXGL Background Thread 2 ] INFO  UpdaterService       - Latest stable version: 17.2
16:35:59.610 [FXGL Background Thread 3 ] DEBUG Engine               - Logging environment variables
16:35:59.610 [FXGL Background Thread 3 ] DEBUG Engine               - achievements: []
16:35:59.610 [FXGL Background Thread 3 ] DEBUG Engine               - actualHeight: 624.0
16:35:59.611 [FXGL Background Thread 3 ] DEBUG Engine               - actualHeightProperty: ReadOnlyDoubleProperty [value: 624.0]
16:35:59.611 [FXGL Background Thread 3 ] DEBUG Engine               - actualWidth: 1008.0
16:35:59.611 [FXGL Background Thread 3 ] DEBUG Engine               - actualWidthProperty: ReadOnlyDoubleProperty [value: 1008.0]
16:35:59.611 [FXGL Background Thread 3 ] DEBUG Engine               - appIcon: fxgl_icon.png
16:35:59.611 [FXGL Background Thread 3 ] DEBUG Engine               - applicationMode: DEVELOPER
16:35:59.611 [FXGL Background Thread 3 ] DEBUG Engine               - cSSList: [fxgl_dark.css]
16:35:59.611 [FXGL Background Thread 3 ] DEBUG Engine               - collisionDetectionStrategy: BRUTE_FORCE
16:35:59.611 [FXGL Background Thread 3 ] DEBUG Engine               - configClass: Optional.empty
16:35:59.611 [FXGL Background Thread 3 ] DEBUG Engine               - credits: []
16:35:59.611 [FXGL Background Thread 3 ] DEBUG Engine               - defaultCursor: CursorInfo(imageName=fxgl_default_cursor.png, hotspotX=7.0, hotspotY=6.0)
16:35:59.612 [FXGL Background Thread 3 ] DEBUG Engine               - devBBoxColorProperty: ObjectProperty [value: 0xff0000ff]
16:35:59.612 [FXGL Background Thread 3 ] DEBUG Engine               - devEnableDebugCameraProperty: BooleanProperty [value: false]
16:35:59.612 [FXGL Background Thread 3 ] DEBUG Engine               - devSensorColorProperty: ObjectProperty [value: 0xffff00ff]
16:35:59.612 [FXGL Background Thread 3 ] DEBUG Engine               - devShowBBoxProperty: BooleanProperty [value: false]
16:35:59.612 [FXGL Background Thread 3 ] DEBUG Engine               - devShowPositionProperty: BooleanProperty [value: false]
16:35:59.612 [FXGL Background Thread 3 ] DEBUG Engine               - enabledMenuItems: []
16:35:59.612 [FXGL Background Thread 3 ] DEBUG Engine               - engineServices: [class com.almasb.fxgl.app.services.FXGLAssetLoaderService, class com.almasb.fxgl.app.FXGLApplication$GameApplicationService, class com.almasb.fxgl.app.services.FXGLDialogService, class com.almasb.fxgl.app.services.IOTaskExecutorService, class com.almasb.fxgl.io.FileSystemService, class com.almasb.fxgl.localization.LocalizationService, class com.almasb.fxgl.app.services.SystemBundleService, class com.almasb.fxgl.profile.SaveLoadService, class com.almasb.fxgl.ui.FXGLUIFactoryServiceProvider, class com.almasb.fxgl.ui.FXGLDialogFactoryServiceProvider, class com.almasb.fxgl.audio.AudioPlayer, class com.almasb.fxgl.notification.impl.NotificationServiceProvider, class com.almasb.fxgl.achievement.AchievementService, class com.almasb.fxgl.cutscene.CutsceneService, class com.almasb.fxgl.minigames.MiniGameService, class com.almasb.fxgl.net.NetService, class com.almasb.fxgl.app.services.UpdaterService, class com.almasb.fxgl.dev.DevService]
16:35:59.612 [FXGL Background Thread 3 ] DEBUG Engine               - fontGame: Abel-Regular.ttf
16:35:59.612 [FXGL Background Thread 3 ] DEBUG Engine               - fontMono: TerminalLandMono-Regular.otf
16:35:59.612 [FXGL Background Thread 3 ] DEBUG Engine               - fontText: Courier-Prime.ttf
16:35:59.612 [FXGL Background Thread 3 ] DEBUG Engine               - fontUI: VarelaRound-Regular.ttf
16:35:59.612 [FXGL Background Thread 3 ] DEBUG Engine               - fullScreen: BooleanProperty [value: false]
16:35:59.613 [FXGL Background Thread 3 ] DEBUG Engine               - gameDifficulty: MEDIUM
16:35:59.613 [FXGL Background Thread 3 ] DEBUG Engine               - gameDifficultyProperty: ObjectProperty [value: MEDIUM]
16:35:59.613 [FXGL Background Thread 3 ] DEBUG Engine               - globalMusicVolume: 0.5
16:35:59.613 [FXGL Background Thread 3 ] DEBUG Engine               - globalMusicVolumeProperty: DoubleProperty [value: 0.5]
16:35:59.613 [FXGL Background Thread 3 ] DEBUG Engine               - globalSoundVolume: 0.5
16:35:59.613 [FXGL Background Thread 3 ] DEBUG Engine               - globalSoundVolumeProperty: DoubleProperty [value: 0.5]
16:35:59.613 [FXGL Background Thread 3 ] DEBUG Engine               - height: 624
16:35:59.613 [FXGL Background Thread 3 ] DEBUG Engine               - is3D: false
16:35:59.613 [FXGL Background Thread 3 ] DEBUG Engine               - isAndroid: false
16:35:59.613 [FXGL Background Thread 3 ] DEBUG Engine               - isBrowser: false
16:35:59.613 [FXGL Background Thread 3 ] DEBUG Engine               - isClickFeedbackEnabled: false
16:35:59.614 [FXGL Background Thread 3 ] DEBUG Engine               - isCloseConfirmation: false
16:35:59.614 [FXGL Background Thread 3 ] DEBUG Engine               - isDesktop: true
16:35:59.614 [FXGL Background Thread 3 ] DEBUG Engine               - isDeveloperMenuEnabled: false
16:35:59.614 [FXGL Background Thread 3 ] DEBUG Engine               - isEmbedded: false
16:35:59.614 [FXGL Background Thread 3 ] DEBUG Engine               - isEntityPreloadEnabled: true
16:35:59.614 [FXGL Background Thread 3 ] DEBUG Engine               - isExperimentalTiledLargeMap: false
16:35:59.614 [FXGL Background Thread 3 ] DEBUG Engine               - isFileSystemWriteAllowed: true
16:35:59.614 [FXGL Background Thread 3 ] DEBUG Engine               - isFullScreenAllowed: false
16:35:59.614 [FXGL Background Thread 3 ] DEBUG Engine               - isFullScreenFromStart: false
16:35:59.614 [FXGL Background Thread 3 ] DEBUG Engine               - isGameMenuEnabled: true
16:35:59.614 [FXGL Background Thread 3 ] DEBUG Engine               - isIOS: false
16:35:59.614 [FXGL Background Thread 3 ] DEBUG Engine               - isIntroEnabled: false
16:35:59.615 [FXGL Background Thread 3 ] DEBUG Engine               - isLinux: false
16:35:59.615 [FXGL Background Thread 3 ] DEBUG Engine               - isMac: false
16:35:59.615 [FXGL Background Thread 3 ] DEBUG Engine               - isMainMenuEnabled: false
16:35:59.615 [FXGL Background Thread 3 ] DEBUG Engine               - isManualResizeEnabled: false
16:35:59.615 [FXGL Background Thread 3 ] DEBUG Engine               - isMobile: false
16:35:59.615 [FXGL Background Thread 3 ] DEBUG Engine               - isNative: false
16:35:59.615 [FXGL Background Thread 3 ] DEBUG Engine               - isPauseMusicWhenMinimized: true
16:35:59.615 [FXGL Background Thread 3 ] DEBUG Engine               - isPreserveResizeRatio: false
16:35:59.616 [FXGL Background Thread 3 ] DEBUG Engine               - isProfilingEnabled: false
16:35:59.616 [FXGL Background Thread 3 ] DEBUG Engine               - isScaleAffectedOnResize: true
16:35:59.616 [FXGL Background Thread 3 ] DEBUG Engine               - isSingleStep: false
16:35:59.617 [FXGL Background Thread 3 ] DEBUG Engine               - isUserProfileEnabled: false
16:35:59.617 [FXGL Background Thread 3 ] DEBUG Engine               - isWindows: true
16:35:59.617 [FXGL Background Thread 3 ] DEBUG Engine               - language: ObjectProperty [value: ENGLISH]
16:35:59.617 [FXGL Background Thread 3 ] DEBUG Engine               - menuKey: ESCAPE
16:35:59.617 [FXGL Background Thread 3 ] DEBUG Engine               - mouseSensitivity: 0.2
16:35:59.617 [FXGL Background Thread 3 ] DEBUG Engine               - notificationViewClass: class com.almasb.fxgl.notification.view.XboxNotificationView
16:35:59.617 [FXGL Background Thread 3 ] DEBUG Engine               - pixelsPerMeter: 50.0
16:35:59.617 [FXGL Background Thread 3 ] DEBUG Engine               - platform: WINDOWS
16:35:59.617 [FXGL Background Thread 3 ] DEBUG Engine               - prefHeightProperty: ReadOnlyDoubleProperty [value: 624.0]
16:35:59.618 [FXGL Background Thread 3 ] DEBUG Engine               - prefWidthProperty: ReadOnlyDoubleProperty [value: 1008.0]
16:35:59.618 [FXGL Background Thread 3 ] DEBUG Engine               - profileDir: profiles/
16:35:59.618 [FXGL Background Thread 3 ] DEBUG Engine               - profileName: StringProperty [value: DEFAULT]
16:35:59.618 [FXGL Background Thread 3 ] DEBUG Engine               - randomSeed: -1
16:35:59.618 [FXGL Background Thread 3 ] DEBUG Engine               - runtimeInfo: RuntimeInfo(platform=WINDOWS, version=17.1, build=24.03.2022 17.34)
16:35:59.618 [FXGL Background Thread 3 ] DEBUG Engine               - saveFileExt: sav
16:35:59.618 [FXGL Background Thread 3 ] DEBUG Engine               - scaledHeightProp$fxgl: DoubleProperty [bound, value: 624.0]
16:35:59.618 [FXGL Background Thread 3 ] DEBUG Engine               - scaledWidthProp$fxgl: DoubleProperty [bound, value: 1008.0]
16:35:59.618 [FXGL Background Thread 3 ] DEBUG Engine               - sceneFactory: com.almasb.fxgl.app.scene.SceneFactory@27fa7ccf
16:35:59.619 [FXGL Background Thread 3 ] DEBUG Engine               - secondsIn24h: 60
16:35:59.619 [FXGL Background Thread 3 ] DEBUG Engine               - soundMenuBack: menu/back.wav
16:35:59.619 [FXGL Background Thread 3 ] DEBUG Engine               - soundMenuPress: menu/press.wav
16:35:59.619 [FXGL Background Thread 3 ] DEBUG Engine               - soundMenuSelect: menu/select.wav
16:35:59.619 [FXGL Background Thread 3 ] DEBUG Engine               - soundNotification: core/notification.wav
16:35:59.619 [FXGL Background Thread 3 ] DEBUG Engine               - stageStyle: DECORATED
16:35:59.619 [FXGL Background Thread 3 ] DEBUG Engine               - supportedLanguages: [ENGLISH, FRENCH, GERMAN, HUNGARIAN, RUSSIAN]
16:35:59.619 [FXGL Background Thread 3 ] DEBUG Engine               - ticksPerSecond: -1
16:35:59.619 [FXGL Background Thread 3 ] DEBUG Engine               - title: Bomberman!
16:35:59.619 [FXGL Background Thread 3 ] DEBUG Engine               - urlGithub: https://github.com/AlmasB/FXGL
16:35:59.619 [FXGL Background Thread 3 ] DEBUG Engine               - urlLeaderboard: http://fxgl-top.herokuapp.com/
16:35:59.619 [FXGL Background Thread 3 ] DEBUG Engine               - urlPOM: https://raw.githubusercontent.com/AlmasB/FXGL/release/README.md
16:35:59.619 [FXGL Background Thread 3 ] DEBUG Engine               - userAppClass: class mangobomb.bombermango.HelloApplication
16:35:59.619 [FXGL Background Thread 3 ] DEBUG Engine               - version: 0.0
16:35:59.619 [FXGL Background Thread 3 ] DEBUG Engine               - versionCheckDays: 7
16:35:59.619 [FXGL Background Thread 3 ] DEBUG Engine               - width: 1008
16:35:59.620 [FXGL Background Thread 3 ] DEBUG Engine               - Logging services
16:35:59.620 [FXGL Background Thread 3 ] DEBUG Engine               - class com.almasb.fxgl.app.services.FXGLAssetLoaderService
16:35:59.620 [FXGL Background Thread 3 ] DEBUG Engine               - class com.almasb.fxgl.app.FXGLApplication$GameApplicationService
16:35:59.620 [FXGL Background Thread 3 ] DEBUG Engine               - class com.almasb.fxgl.app.services.FXGLDialogService
16:35:59.620 [FXGL Background Thread 3 ] DEBUG Engine               - class com.almasb.fxgl.app.services.IOTaskExecutorService
16:35:59.620 [FXGL Background Thread 3 ] DEBUG Engine               - class com.almasb.fxgl.io.FileSystemService
16:35:59.620 [FXGL Background Thread 3 ] DEBUG Engine               - class com.almasb.fxgl.localization.LocalizationService
16:35:59.620 [FXGL Background Thread 3 ] DEBUG Engine               - class com.almasb.fxgl.app.services.SystemBundleService
16:35:59.620 [FXGL Background Thread 3 ] DEBUG Engine               - class com.almasb.fxgl.profile.SaveLoadService
16:35:59.620 [FXGL Background Thread 3 ] DEBUG Engine               - class com.almasb.fxgl.ui.FXGLUIFactoryServiceProvider
16:35:59.620 [FXGL Background Thread 3 ] DEBUG Engine               - class com.almasb.fxgl.ui.FXGLDialogFactoryServiceProvider
16:35:59.620 [FXGL Background Thread 3 ] DEBUG Engine               - class com.almasb.fxgl.audio.AudioPlayer
16:35:59.620 [FXGL Background Thread 3 ] DEBUG Engine               - class com.almasb.fxgl.notification.impl.NotificationServiceProvider
16:35:59.620 [FXGL Background Thread 3 ] DEBUG Engine               - class com.almasb.fxgl.achievement.AchievementService
16:35:59.620 [FXGL Background Thread 3 ] DEBUG Engine               - class com.almasb.fxgl.cutscene.CutsceneService
16:35:59.620 [FXGL Background Thread 3 ] DEBUG Engine               - class com.almasb.fxgl.minigames.MiniGameService
16:35:59.620 [FXGL Background Thread 3 ] DEBUG Engine               - class com.almasb.fxgl.net.NetService
16:35:59.621 [FXGL Background Thread 3 ] DEBUG Engine               - class com.almasb.fxgl.app.services.UpdaterService
16:35:59.621 [FXGL Background Thread 3 ] DEBUG Engine               - class com.almasb.fxgl.dev.DevService
16:36:06.454 [JavaFX Application Thread] DEBUG FXGLApplication      - Exiting FXGL
16:36:06.454 [JavaFX Application Thread] DEBUG LoopRunner           - Stopping loop
16:36:06.454 [JavaFX Application Thread] DEBUG SystemBundleService  - Saving FXGL system data
16:36:06.456 [JavaFX Application Thread] DEBUG FileSystemAccess     - Writing to: D:\bombermango\system\fxgl.bundle
16:36:06.458 [JavaFX Application Thread] DEBUG Async                - Shutting down background threads
16:36:06.458 [JavaFX Application Thread] DEBUG PrimaryStageWindow   - Closing main window
16:36:06.479 [JavaFX Application Thread] DEBUG Logger               - Closing Logger
