18:58:25.014 [main                     ] DEBUG Logger               - Configured Logger
18:58:25.057 [main                     ] DEBUG GameApplication      - Logging settings
Title: Bomberman
Version: 0.0
Width: 800
Height: 672
Fullscreen: false
Intro: false
Profiling: false
Single step:false
App Mode: DEVELOPER
Menu Key: ESCAPE
Stage Style: DECORATED
Scene Factory: class com.almasb.fxgl.app.scene.SceneFactory

18:58:25.618 [JavaFX Application Thread] DEBUG FXGLApplication      - Initializing FXGL
18:58:25.628 [JavaFX Application Thread] INFO  Engine               - FXGL-17.1 (24.03.2022 17.34) on WINDOWS (J:18.0.2.1 FX:18.0.1)
18:58:25.629 [JavaFX Application Thread] DEBUG Engine               - JRE Vendor Name: Oracle Corporation
18:58:25.629 [JavaFX Application Thread] DEBUG Engine               - Running on OS: Windows 10 version 10.0
18:58:25.629 [JavaFX Application Thread] DEBUG Engine               - Architecture: amd64
18:58:25.630 [JavaFX Application Thread] INFO  Engine               - Source code and latest versions at: https://github.com/AlmasB/FXGL
18:58:25.630 [JavaFX Application Thread] INFO  Engine               -       Ask questions and discuss at: https://github.com/AlmasB/FXGL/discussions
18:58:25.630 [JavaFX Application Thread] INFO  Engine               -              Join the FXGL chat at: https://gitter.im/AlmasB/FXGL
18:58:25.814 [JavaFX Application Thread] DEBUG PrimaryStageWindow   - Creating a JavaFX scene
18:58:25.892 [JavaFX Application Thread] DEBUG PrimaryStageWindow   - Target settings size: 800.0 x 672.0
18:58:25.893 [JavaFX Application Thread] DEBUG PrimaryStageWindow   - Scaled scene size:    800.0 x 672.0
18:58:25.893 [JavaFX Application Thread] DEBUG PrimaryStageWindow   - Scaled ratio: (1.0, 1.0)
18:58:25.895 [JavaFX Application Thread] DEBUG PrimaryStageWindow   - Set initial scene to FXGLStartupScene
18:58:25.909 [JavaFX Application Thread] DEBUG PrimaryStageWindow   - Opening main window
18:58:26.043 [JavaFX Application Thread] DEBUG PrimaryStageWindow   - Window border size: (14.66668701171875, 37.33331298828125)
18:58:26.044 [JavaFX Application Thread] DEBUG PrimaryStageWindow   - Scaled size: 800.0 x 672.0
18:58:26.044 [JavaFX Application Thread] DEBUG PrimaryStageWindow   - Scaled ratio: (1.0, 1.0)
18:58:26.045 [JavaFX Application Thread] DEBUG PrimaryStageWindow   - Scene size: 800.0 x 672.0
18:58:26.045 [JavaFX Application Thread] DEBUG PrimaryStageWindow   - Stage size: 814.6666870117188 x 709.3333129882812
18:58:26.056 [FXGL Background Thread 1 ] DEBUG Engine               - Initializing environment variables
18:58:26.165 [FXGL Background Thread 1 ] DEBUG FXGLAssetLoaderServi - User app class for loading assets: class mangobomb.bombermango.HelloApplication
18:58:26.166 [FXGL Background Thread 1 ] DEBUG GameApplicationServi - Applying CSS: fxgl_dark.css
18:58:26.167 [FXGL Background Thread 1 ] DEBUG FXGLAssetLoaderServi - Loading from file system: jar:file:/C:/Users/Admin/.m2/repository/com/github/almasb/fxgl/17.1/fxgl-17.1.jar!/fxglassets/ui/css/fxgl_dark.css
18:58:26.279 [FXGL Background Thread 1 ] DEBUG GameApplicationServi - Initializing application scenes
18:58:26.409 [FXGL Background Thread 1 ] DEBUG GameWorld            - Game world initialized
18:58:26.510 [FXGL Background Thread 1 ] DEBUG PhysicsWorld         - Physics world initialized: appHeight=672, physics.ppm=50.0
18:58:26.511 [FXGL Background Thread 1 ] DEBUG PhysicsWorld         - Using strategy: BRUTE_FORCE
18:58:26.518 [FXGL Background Thread 1 ] DEBUG GameScene            - Game scene initialized: 800x672
18:58:26.537 [FXGL Background Thread 1 ] DEBUG FXGL.DefaultMenu     - createMenuBodyMainMenu()
18:58:26.560 [FXGL Background Thread 1 ] DEBUG FXGL.DefaultMenu     - createOptionsMenu()
18:58:26.581 [FXGL Background Thread 1 ] DEBUG FXGLAssetLoaderServi - Loading from file system: jar:file:/C:/Users/Admin/.m2/repository/com/github/almasb/fxgl/17.1/fxgl-17.1.jar!/fxglassets/textures/particles/smoke.png
18:58:26.739 [FXGL Background Thread 1 ] DEBUG FXGLAssetLoaderServi - Loading from file system: jar:file:/C:/Users/Admin/.m2/repository/com/github/almasb/fxgl/17.1/fxgl-17.1.jar!/fxglassets/textures/particles/trace_horizontal.png
18:58:26.817 [FXGL Background Thread 1 ] DEBUG FXGL.DefaultMenu     - createMenuBodyGameMenu()
18:58:26.818 [FXGL Background Thread 1 ] DEBUG FXGL.DefaultMenu     - createOptionsMenu()
18:58:26.841 [FXGL Background Thread 1 ] DEBUG GameApplicationServi - Application scenes initialized
18:58:26.862 [FXGL Background Thread 1 ] DEBUG SystemBundleService  - Loading FXGL system data
18:58:26.870 [FXGL Background Thread 1 ] DEBUG FileSystemAccess     - Reading from: D:\bombermango\system\fxgl.bundle
18:58:26.884 [FXGL Background Thread 1 ] DEBUG SystemBundleService  - Bundle FXGL: {}
18:58:26.885 [FXGL Background Thread 1 ] DEBUG UpdaterService       - Checking for updates
18:58:26.893 [FXGL Background Thread 1 ] DEBUG FXGLApplication      - Loading default localization
18:58:26.894 [FXGL Background Thread 1 ] DEBUG FXGLAssetLoaderServi - Loading from file system: jar:file:/C:/Users/Admin/.m2/repository/com/github/almasb/fxgl/17.1/fxgl-17.1.jar!/fxglassets/languages/english.lang
18:58:26.895 [FXGL Background Thread 4 ] DEBUG FXGLApplication      - Loading fonts
18:58:26.898 [FXGL Background Thread 4 ] DEBUG FXGLAssetLoaderServi - Loading from file system: jar:file:/C:/Users/Admin/.m2/repository/com/github/almasb/fxgl/17.1/fxgl-17.1.jar!/fxglassets/ui/fonts/VarelaRound-Regular.ttf
18:58:26.958 [FXGL Background Thread 1 ] INFO  FXGLApplication      - FXGL initialization took: 0.901 sec
18:58:26.979 [JavaFX Application Thread] DEBUG Input                - Registered new binding: moveUp - W
18:58:26.979 [JavaFX Application Thread] DEBUG Input                - Registered new binding: moveRight - D
18:58:26.979 [JavaFX Application Thread] DEBUG Input                - Registered new binding: moveLeft - A
18:58:26.980 [JavaFX Application Thread] DEBUG Input                - Registered new binding: moveDown - S
18:58:26.980 [JavaFX Application Thread] DEBUG Input                - Registered new binding: implantBomb - F
18:58:26.980 [JavaFX Application Thread] DEBUG Input                - Registered new binding: PlayMusic - M
18:58:26.980 [JavaFX Application Thread] DEBUG Input                - Registered new binding: Pause - P
18:58:26.981 [JavaFX Application Thread] DEBUG FXGLAssetLoaderServi - Loading from file system: jar:file:/C:/Users/Admin/.m2/repository/com/github/almasb/fxgl/17.1/fxgl-17.1.jar!/fxglassets/textures/fxgl_icon.png
18:58:27.010 [JavaFX Application Thread] DEBUG FXGLAssetLoaderServi - Loading from file system: jar:file:/C:/Users/Admin/.m2/repository/com/github/almasb/fxgl/17.1/fxgl-17.1.jar!/fxglassets/textures/fxgl_default_cursor.png
18:58:27.013 [JavaFX Application Thread] DEBUG Input                - Registered new binding: Screenshot - CTRL+8
18:58:27.013 [JavaFX Application Thread] DEBUG Input                - Registered new binding: System info dump - CTRL+9
18:58:27.014 [JavaFX Application Thread] DEBUG Input                - Registered new binding: Restart - CTRL+R
18:58:27.015 [JavaFX Application Thread] DEBUG Input                - Registered new binding: Toggle Debug Camera - CTRL+7
18:58:27.018 [JavaFX Application Thread] DEBUG LoopRunner           - Starting loop
18:58:27.018 [JavaFX Application Thread] DEBUG LoopRunner           - Initializing JavaFX AnimationTimerLoop
18:58:27.022 [JavaFX Application Thread] DEBUG Input                - Clearing active input actions
18:58:27.049 [FXGL Background Thread 4 ] DEBUG FXGLAssetLoaderServi - Loading from file system: jar:file:/C:/Users/Admin/.m2/repository/com/github/almasb/fxgl/17.1/fxgl-17.1.jar!/fxglassets/ui/fonts/Abel-Regular.ttf
18:58:27.054 [FXGL Background Thread 4 ] DEBUG FXGLAssetLoaderServi - Loading from file system: jar:file:/C:/Users/Admin/.m2/repository/com/github/almasb/fxgl/17.1/fxgl-17.1.jar!/fxglassets/ui/fonts/TerminalLandMono-Regular.otf
18:58:27.059 [FXGL Background Thread 4 ] DEBUG FXGLAssetLoaderServi - Loading from file system: jar:file:/C:/Users/Admin/.m2/repository/com/github/almasb/fxgl/17.1/fxgl-17.1.jar!/fxglassets/ui/fonts/Courier-Prime.ttf
18:58:27.073 [JavaFX Application Thread] DEBUG GameApplicationServi - Removing overlay from FXGLStartupScene and adding to FXGLMainMenuDummyScene
18:58:27.074 [JavaFX Application Thread] DEBUG PrimaryStageWindow   - FXGLStartupScene -> FXGLMainMenuDummyScene
18:58:27.074 [JavaFX Application Thread] DEBUG PrimaryStageWindow   - Push state: FXGLDefaultMenu
18:58:27.087 [JavaFX Application Thread] DEBUG Input                - Clearing active input actions
18:58:27.101 [JavaFX Application Thread] DEBUG GameApplicationServi - Removing overlay from FXGLMainMenuDummyScene and adding to FXGLDefaultMenu
18:58:27.101 [JavaFX Application Thread] DEBUG PrimaryStageWindow   - FXGLMainMenuDummyScene -> FXGLDefaultMenu
18:58:27.202 [JavaFX Application Thread] DEBUG FXGLApplication      - Registering font factories with UI factory
18:58:27.693 [FXGL Background Thread 2 ] INFO  UpdaterService       - Your current version:  17.1
18:58:27.694 [FXGL Background Thread 2 ] INFO  UpdaterService       - Latest stable version: 17.2
18:58:29.396 [JavaFX Application Thread] DEBUG Menu                 - fireNewGame()
18:58:29.396 [JavaFX Application Thread] DEBUG GameApplicationServi - Starting new game
18:58:29.399 [JavaFX Application Thread] DEBUG PrimaryStageWindow   - Pop state: FXGLDefaultMenu
18:58:29.399 [JavaFX Application Thread] DEBUG Input                - Clearing active input actions
18:58:29.400 [JavaFX Application Thread] DEBUG GameApplicationServi - Removing overlay from FXGLDefaultMenu and adding to FXGLMainMenuDummyScene
18:58:29.401 [JavaFX Application Thread] DEBUG PrimaryStageWindow   - FXGLMainMenuDummyScene <- FXGLDefaultMenu
18:58:29.402 [JavaFX Application Thread] DEBUG Input                - Clearing active input actions
18:58:29.420 [JavaFX Application Thread] DEBUG GameApplicationServi - Removing overlay from FXGLMainMenuDummyScene and adding to FXGLLoadingScene
18:58:29.421 [JavaFX Application Thread] DEBUG PrimaryStageWindow   - FXGLMainMenuDummyScene -> FXGLLoadingScene
18:58:29.421 [JavaFX Application Thread] DEBUG GameApplicationServi - Clearing previous game
18:58:29.421 [JavaFX Application Thread] DEBUG GameScene            - Clearing game scene
18:58:29.421 [JavaFX Application Thread] DEBUG GameWorld            - Clearing game world
18:58:29.421 [JavaFX Application Thread] DEBUG PhysicsWorld         - Clearing physics world
18:58:29.425 [FXGL Background Thread 2 ] DEBUG FXGLApplication      - Initializing game
18:58:29.470 [FXGL Background Thread 2 ] DEBUG FXGLAssetLoaderServi - Loading from file system: file:/D:/bombermango/target/classes/assets/textures/sprites/wall.png
18:58:29.517 [FXGL Background Thread 2 ] DEBUG FXGLAssetLoaderServi - Loading from file system: file:/D:/bombermango/target/classes/assets/textures/sprites/brick.png
18:58:29.711 [FXGL Background Thread 2 ] DEBUG GameWorld            - Clearing removable entities
18:58:29.713 [FXGL Background Thread 2 ] DEBUG GameWorld            - Setting level: com.almasb.fxgl.entity.level.Level@58986fb8
18:58:29.801 [FXGL Background Thread 2 ] WARN  FXGLAssetLoaderServi - Asset "/assets/music/gameaudio.wav" was not found!
18:58:29.803 [FXGL Background Thread 2 ] WARN  FXGLAssetLoaderServi - Failed to load MUSIC
18:58:29.812 [FXGL Background Thread 2 ] DEBUG FXGLAssetLoaderServi - Loading from file system: file:/D:/bombermango/target/classes/assets/textures/sprites/player_right.png
18:58:29.813 [FXGL Background Thread 2 ] DEBUG FXGLAssetLoaderServi - Loading from file system: file:/D:/bombermango/target/classes/assets/textures/sprites/player_right_1.png
18:58:29.815 [FXGL Background Thread 2 ] WARN  FXGLAssetLoaderServi - Asset "/assets/textures/sprites/player_right_2.png" was not found!
18:58:29.815 [FXGL Background Thread 2 ] WARN  FXGLAssetLoaderServi - Failed to load RESIZABLE_IMAGE
18:58:29.841 [FXGL Background Thread 2 ] DEBUG FXGLAssetLoaderServi - Loading from file system: file:/D:/bombermango/target/classes/assets/textures/sprites/player_down.png
18:58:29.844 [FXGL Background Thread 2 ] DEBUG FXGLAssetLoaderServi - Loading from file system: file:/D:/bombermango/target/classes/assets/textures/sprites/player_down_1.png
18:58:29.846 [FXGL Background Thread 2 ] DEBUG FXGLAssetLoaderServi - Loading from file system: file:/D:/bombermango/target/classes/assets/textures/sprites/player_down_2.png
18:58:29.849 [FXGL Background Thread 2 ] DEBUG FXGLAssetLoaderServi - Loading from file system: file:/D:/bombermango/target/classes/assets/textures/sprites/player_left.png
18:58:29.849 [FXGL Background Thread 2 ] DEBUG FXGLAssetLoaderServi - Loading from file system: file:/D:/bombermango/target/classes/assets/textures/sprites/player_left_1.png
18:58:29.851 [FXGL Background Thread 2 ] DEBUG FXGLAssetLoaderServi - Loading from file system: file:/D:/bombermango/target/classes/assets/textures/sprites/player_left_2.png
18:58:29.863 [FXGL Background Thread 2 ] DEBUG FXGLAssetLoaderServi - Loading from file system: file:/D:/bombermango/target/classes/assets/textures/sprites/portal.png
18:58:29.869 [FXGL Background Thread 2 ] DEBUG FXGLAssetLoaderServi - Loading from file system: file:/D:/bombermango/target/classes/assets/textures/sprites/powerup_bombs.png
18:58:29.878 [FXGL Background Thread 2 ] DEBUG FXGLAssetLoaderServi - Loading from file system: file:/D:/bombermango/target/classes/assets/textures/sprites/powerup_flames.png
18:58:29.888 [FXGL Background Thread 2 ] INFO  FXGLApplication      - Game initialization took: 0.463 sec
18:58:29.891 [JavaFX Application Thread] DEBUG Input                - Clearing active input actions
18:58:29.891 [FXGL Background Thread 3 ] DEBUG Engine               - Logging environment variables
18:58:29.908 [JavaFX Application Thread] DEBUG GameApplicationServi - Removing overlay from FXGLLoadingScene and adding to GameScene
18:58:29.909 [JavaFX Application Thread] DEBUG PrimaryStageWindow   - FXGLLoadingScene -> GameScene
18:58:29.910 [FXGL Background Thread 3 ] DEBUG Engine               - achievements: []
18:58:29.911 [FXGL Background Thread 3 ] DEBUG Engine               - actualHeight: 672.0
18:58:29.911 [FXGL Background Thread 3 ] DEBUG Engine               - actualHeightProperty: ReadOnlyDoubleProperty [value: 672.0]
18:58:29.912 [FXGL Background Thread 3 ] DEBUG Engine               - actualWidth: 800.0
18:58:29.912 [FXGL Background Thread 3 ] DEBUG Engine               - actualWidthProperty: ReadOnlyDoubleProperty [value: 800.0]
18:58:29.912 [FXGL Background Thread 3 ] DEBUG Engine               - appIcon: fxgl_icon.png
18:58:29.912 [FXGL Background Thread 3 ] DEBUG Engine               - applicationMode: DEVELOPER
18:58:29.912 [FXGL Background Thread 3 ] DEBUG Engine               - cSSList: [fxgl_dark.css]
18:58:29.912 [FXGL Background Thread 3 ] DEBUG Engine               - collisionDetectionStrategy: BRUTE_FORCE
18:58:29.913 [FXGL Background Thread 3 ] DEBUG Engine               - configClass: Optional.empty
18:58:29.913 [FXGL Background Thread 3 ] DEBUG Engine               - credits: []
18:58:29.913 [FXGL Background Thread 3 ] DEBUG Engine               - defaultCursor: CursorInfo(imageName=fxgl_default_cursor.png, hotspotX=7.0, hotspotY=6.0)
18:58:29.913 [FXGL Background Thread 3 ] DEBUG Engine               - devBBoxColorProperty: ObjectProperty [value: 0xff0000ff]
18:58:29.914 [FXGL Background Thread 3 ] DEBUG Engine               - devEnableDebugCameraProperty: BooleanProperty [value: false]
18:58:29.914 [FXGL Background Thread 3 ] DEBUG Engine               - devSensorColorProperty: ObjectProperty [value: 0xffff00ff]
18:58:29.914 [FXGL Background Thread 3 ] DEBUG Engine               - devShowBBoxProperty: BooleanProperty [value: false]
18:58:29.914 [FXGL Background Thread 3 ] DEBUG Engine               - devShowPositionProperty: BooleanProperty [value: false]
18:58:29.914 [FXGL Background Thread 3 ] DEBUG Engine               - enabledMenuItems: []
18:58:29.914 [FXGL Background Thread 3 ] DEBUG Engine               - engineServices: [class com.almasb.fxgl.app.services.FXGLAssetLoaderService, class com.almasb.fxgl.app.FXGLApplication$GameApplicationService, class com.almasb.fxgl.app.services.FXGLDialogService, class com.almasb.fxgl.app.services.IOTaskExecutorService, class com.almasb.fxgl.io.FileSystemService, class com.almasb.fxgl.localization.LocalizationService, class com.almasb.fxgl.app.services.SystemBundleService, class com.almasb.fxgl.profile.SaveLoadService, class com.almasb.fxgl.ui.FXGLUIFactoryServiceProvider, class com.almasb.fxgl.ui.FXGLDialogFactoryServiceProvider, class com.almasb.fxgl.audio.AudioPlayer, class com.almasb.fxgl.notification.impl.NotificationServiceProvider, class com.almasb.fxgl.achievement.AchievementService, class com.almasb.fxgl.cutscene.CutsceneService, class com.almasb.fxgl.minigames.MiniGameService, class com.almasb.fxgl.net.NetService, class com.almasb.fxgl.app.services.UpdaterService, class com.almasb.fxgl.dev.DevService]
18:58:29.914 [FXGL Background Thread 3 ] DEBUG Engine               - fontGame: Abel-Regular.ttf
18:58:29.914 [FXGL Background Thread 3 ] DEBUG Engine               - fontMono: TerminalLandMono-Regular.otf
18:58:29.914 [FXGL Background Thread 3 ] DEBUG Engine               - fontText: Courier-Prime.ttf
18:58:29.914 [FXGL Background Thread 3 ] DEBUG Engine               - fontUI: VarelaRound-Regular.ttf
18:58:29.914 [FXGL Background Thread 3 ] DEBUG Engine               - fullScreen: BooleanProperty [value: false]
18:58:29.914 [FXGL Background Thread 3 ] DEBUG Engine               - gameDifficulty: MEDIUM
18:58:29.915 [FXGL Background Thread 3 ] DEBUG Engine               - gameDifficultyProperty: ObjectProperty [value: MEDIUM]
18:58:29.915 [FXGL Background Thread 3 ] DEBUG Engine               - globalMusicVolume: 0.5
18:58:29.915 [FXGL Background Thread 3 ] DEBUG Engine               - globalMusicVolumeProperty: DoubleProperty [value: 0.5]
18:58:29.915 [FXGL Background Thread 3 ] DEBUG Engine               - globalSoundVolume: 0.5
18:58:29.915 [FXGL Background Thread 3 ] DEBUG Engine               - globalSoundVolumeProperty: DoubleProperty [value: 0.5]
18:58:29.915 [FXGL Background Thread 3 ] DEBUG Engine               - height: 672
18:58:29.915 [FXGL Background Thread 3 ] DEBUG Engine               - is3D: false
18:58:29.915 [FXGL Background Thread 3 ] DEBUG Engine               - isAndroid: false
18:58:29.915 [FXGL Background Thread 3 ] DEBUG Engine               - isBrowser: false
18:58:29.915 [FXGL Background Thread 3 ] DEBUG Engine               - isClickFeedbackEnabled: false
18:58:29.915 [FXGL Background Thread 3 ] DEBUG Engine               - isCloseConfirmation: false
18:58:29.915 [FXGL Background Thread 3 ] DEBUG Engine               - isDesktop: true
18:58:29.916 [FXGL Background Thread 3 ] DEBUG Engine               - isDeveloperMenuEnabled: false
18:58:29.916 [FXGL Background Thread 3 ] DEBUG Engine               - isEmbedded: false
18:58:29.916 [FXGL Background Thread 3 ] DEBUG Engine               - isEntityPreloadEnabled: true
18:58:29.919 [FXGL Background Thread 3 ] DEBUG Engine               - isExperimentalTiledLargeMap: false
18:58:29.919 [FXGL Background Thread 3 ] DEBUG Engine               - isFileSystemWriteAllowed: true
18:58:29.925 [FXGL Background Thread 3 ] DEBUG Engine               - isFullScreenAllowed: false
18:58:29.925 [FXGL Background Thread 3 ] DEBUG Engine               - isFullScreenFromStart: false
18:58:29.925 [FXGL Background Thread 3 ] DEBUG Engine               - isGameMenuEnabled: true
18:58:29.925 [FXGL Background Thread 3 ] DEBUG Engine               - isIOS: false
18:58:29.925 [FXGL Background Thread 3 ] DEBUG Engine               - isIntroEnabled: false
18:58:29.925 [FXGL Background Thread 3 ] DEBUG Engine               - isLinux: false
18:58:29.925 [FXGL Background Thread 3 ] DEBUG Engine               - isMac: false
18:58:29.925 [FXGL Background Thread 3 ] DEBUG Engine               - isMainMenuEnabled: true
18:58:29.925 [FXGL Background Thread 3 ] DEBUG Engine               - isManualResizeEnabled: false
18:58:29.925 [FXGL Background Thread 3 ] DEBUG Engine               - isMobile: false
18:58:29.925 [FXGL Background Thread 3 ] DEBUG Engine               - isNative: false
18:58:29.925 [FXGL Background Thread 3 ] DEBUG Engine               - isPauseMusicWhenMinimized: true
18:58:29.925 [FXGL Background Thread 3 ] DEBUG Engine               - isPreserveResizeRatio: false
18:58:29.926 [FXGL Background Thread 3 ] DEBUG Engine               - isProfilingEnabled: false
18:58:29.926 [FXGL Background Thread 3 ] DEBUG Engine               - isScaleAffectedOnResize: true
18:58:29.926 [FXGL Background Thread 3 ] DEBUG Engine               - isSingleStep: false
18:58:29.926 [FXGL Background Thread 3 ] DEBUG Engine               - isUserProfileEnabled: false
18:58:29.926 [FXGL Background Thread 3 ] DEBUG Engine               - isWindows: true
18:58:29.926 [FXGL Background Thread 3 ] DEBUG Engine               - language: ObjectProperty [value: ENGLISH]
18:58:29.926 [FXGL Background Thread 3 ] DEBUG Engine               - menuKey: ESCAPE
18:58:29.926 [FXGL Background Thread 3 ] DEBUG Engine               - mouseSensitivity: 0.2
18:58:29.926 [FXGL Background Thread 3 ] DEBUG Engine               - notificationViewClass: class com.almasb.fxgl.notification.view.XboxNotificationView
18:58:29.927 [FXGL Background Thread 3 ] DEBUG Engine               - pixelsPerMeter: 50.0
18:58:29.927 [FXGL Background Thread 3 ] DEBUG Engine               - platform: WINDOWS
18:58:29.927 [FXGL Background Thread 3 ] DEBUG Engine               - prefHeightProperty: ReadOnlyDoubleProperty [value: 672.0]
18:58:29.927 [FXGL Background Thread 3 ] DEBUG Engine               - prefWidthProperty: ReadOnlyDoubleProperty [value: 800.0]
18:58:29.927 [FXGL Background Thread 3 ] DEBUG Engine               - profileDir: profiles/
18:58:29.927 [FXGL Background Thread 3 ] DEBUG Engine               - profileName: StringProperty [value: DEFAULT]
18:58:29.927 [FXGL Background Thread 3 ] DEBUG Engine               - randomSeed: -1
18:58:29.928 [FXGL Background Thread 3 ] DEBUG Engine               - runtimeInfo: RuntimeInfo(platform=WINDOWS, version=17.1, build=24.03.2022 17.34)
18:58:29.928 [FXGL Background Thread 3 ] DEBUG Engine               - saveFileExt: sav
18:58:29.928 [FXGL Background Thread 3 ] DEBUG Engine               - scaledHeightProp$fxgl: DoubleProperty [bound, value: 672.0]
18:58:29.928 [FXGL Background Thread 3 ] DEBUG Engine               - scaledWidthProp$fxgl: DoubleProperty [bound, value: 800.0]
18:58:29.928 [FXGL Background Thread 3 ] DEBUG Engine               - sceneFactory: com.almasb.fxgl.app.scene.SceneFactory@5622b143
18:58:29.928 [FXGL Background Thread 3 ] DEBUG Engine               - secondsIn24h: 60
18:58:29.928 [FXGL Background Thread 3 ] DEBUG Engine               - soundMenuBack: menu/back.wav
18:58:29.928 [FXGL Background Thread 3 ] DEBUG Engine               - soundMenuPress: menu/press.wav
18:58:29.929 [FXGL Background Thread 3 ] DEBUG Engine               - soundMenuSelect: menu/select.wav
18:58:29.929 [FXGL Background Thread 3 ] DEBUG Engine               - soundNotification: core/notification.wav
18:58:29.929 [FXGL Background Thread 3 ] DEBUG Engine               - stageStyle: DECORATED
18:58:29.929 [FXGL Background Thread 3 ] DEBUG Engine               - supportedLanguages: [ENGLISH, FRENCH, GERMAN, HUNGARIAN, RUSSIAN]
18:58:29.929 [FXGL Background Thread 3 ] DEBUG Engine               - ticksPerSecond: -1
18:58:29.929 [FXGL Background Thread 3 ] DEBUG Engine               - title: Bomberman
18:58:29.929 [FXGL Background Thread 3 ] DEBUG Engine               - urlGithub: https://github.com/AlmasB/FXGL
18:58:29.929 [FXGL Background Thread 3 ] DEBUG Engine               - urlLeaderboard: http://fxgl-top.herokuapp.com/
18:58:29.929 [FXGL Background Thread 3 ] DEBUG Engine               - urlPOM: https://raw.githubusercontent.com/AlmasB/FXGL/release/README.md
18:58:29.929 [FXGL Background Thread 3 ] DEBUG Engine               - userAppClass: class mangobomb.bombermango.HelloApplication
18:58:29.929 [FXGL Background Thread 3 ] DEBUG Engine               - version: 0.0
18:58:29.929 [FXGL Background Thread 3 ] DEBUG Engine               - versionCheckDays: 7
18:58:29.929 [FXGL Background Thread 3 ] DEBUG Engine               - width: 800
18:58:29.930 [FXGL Background Thread 3 ] DEBUG Engine               - Logging services
18:58:29.930 [FXGL Background Thread 3 ] DEBUG Engine               - class com.almasb.fxgl.app.services.FXGLAssetLoaderService
18:58:29.930 [FXGL Background Thread 3 ] DEBUG Engine               - class com.almasb.fxgl.app.FXGLApplication$GameApplicationService
18:58:29.930 [FXGL Background Thread 3 ] DEBUG Engine               - class com.almasb.fxgl.app.services.FXGLDialogService
18:58:29.930 [FXGL Background Thread 3 ] DEBUG Engine               - class com.almasb.fxgl.app.services.IOTaskExecutorService
18:58:29.930 [FXGL Background Thread 3 ] DEBUG Engine               - class com.almasb.fxgl.io.FileSystemService
18:58:29.930 [FXGL Background Thread 3 ] DEBUG Engine               - class com.almasb.fxgl.localization.LocalizationService
18:58:29.930 [FXGL Background Thread 3 ] DEBUG Engine               - class com.almasb.fxgl.app.services.SystemBundleService
18:58:29.930 [FXGL Background Thread 3 ] DEBUG Engine               - class com.almasb.fxgl.profile.SaveLoadService
18:58:29.930 [FXGL Background Thread 3 ] DEBUG Engine               - class com.almasb.fxgl.ui.FXGLUIFactoryServiceProvider
18:58:29.930 [FXGL Background Thread 3 ] DEBUG Engine               - class com.almasb.fxgl.ui.FXGLDialogFactoryServiceProvider
18:58:29.930 [FXGL Background Thread 3 ] DEBUG Engine               - class com.almasb.fxgl.audio.AudioPlayer
18:58:29.930 [FXGL Background Thread 3 ] DEBUG Engine               - class com.almasb.fxgl.notification.impl.NotificationServiceProvider
18:58:29.930 [FXGL Background Thread 3 ] DEBUG Engine               - class com.almasb.fxgl.achievement.AchievementService
18:58:29.931 [FXGL Background Thread 3 ] DEBUG Engine               - class com.almasb.fxgl.cutscene.CutsceneService
18:58:29.931 [FXGL Background Thread 3 ] DEBUG Engine               - class com.almasb.fxgl.minigames.MiniGameService
18:58:29.931 [FXGL Background Thread 3 ] DEBUG Engine               - class com.almasb.fxgl.net.NetService
18:58:29.931 [FXGL Background Thread 3 ] DEBUG Engine               - class com.almasb.fxgl.app.services.UpdaterService
18:58:29.931 [FXGL Background Thread 3 ] DEBUG Engine               - class com.almasb.fxgl.dev.DevService
18:58:34.331 [JavaFX Application Thread] DEBUG FXGLAssetLoaderServi - Loading from file system: file:/D:/bombermango/target/classes/assets/textures/sprites/bomb.png
18:58:34.334 [JavaFX Application Thread] DEBUG FXGLAssetLoaderServi - Loading from file system: file:/D:/bombermango/target/classes/assets/textures/sprites/bomb_1.png
18:58:34.340 [JavaFX Application Thread] DEBUG FXGLAssetLoaderServi - Loading from file system: file:/D:/bombermango/target/classes/assets/textures/sprites/bomb_2.png
18:58:36.316 [JavaFX Application Thread] DEBUG FXGLAssetLoaderServi - Loading from file system: file:/D:/bombermango/target/classes/assets/textures/sprites/bomb_exploded.png
18:58:36.319 [JavaFX Application Thread] DEBUG FXGLAssetLoaderServi - Loading from file system: file:/D:/bombermango/target/classes/assets/textures/sprites/bomb_exploded1.png
18:58:36.322 [JavaFX Application Thread] DEBUG FXGLAssetLoaderServi - Loading from file system: file:/D:/bombermango/target/classes/assets/textures/sprites/bomb_exploded2.png
18:59:10.256 [JavaFX Application Thread] DEBUG GameWorld            - Clearing removable entities
18:59:10.275 [JavaFX Application Thread] DEBUG GameWorld            - Setting level: com.almasb.fxgl.entity.level.Level@5ed0131a
18:59:10.292 [JavaFX Application Thread] WARN  FXGLAssetLoaderServi - Asset "/assets/music/gameaudio.wav" was not found!
18:59:10.292 [JavaFX Application Thread] WARN  FXGLAssetLoaderServi - Failed to load MUSIC
18:59:10.293 [JavaFX Application Thread] WARN  FXGLAssetLoaderServi - Asset "/assets/textures/sprites/player_right_2.png" was not found!
18:59:10.294 [JavaFX Application Thread] WARN  FXGLAssetLoaderServi - Failed to load RESIZABLE_IMAGE
19:00:25.909 [JavaFX Application Thread] DEBUG PrimaryStageWindow   - Push state: DialogSubScene
19:00:25.910 [JavaFX Application Thread] DEBUG Input                - Clearing active input actions
19:00:25.912 [JavaFX Application Thread] DEBUG GameApplicationServi - Removing overlay from GameScene and adding to DialogSubScene
19:00:25.912 [JavaFX Application Thread] DEBUG PrimaryStageWindow   - GameScene -> DialogSubScene
19:00:29.439 [JavaFX Application Thread] DEBUG PrimaryStageWindow   - Pop state: DialogSubScene
19:00:29.439 [JavaFX Application Thread] DEBUG Input                - Clearing active input actions
19:00:29.440 [JavaFX Application Thread] DEBUG GameApplicationServi - Removing overlay from DialogSubScene and adding to GameScene
19:00:29.440 [JavaFX Application Thread] DEBUG PrimaryStageWindow   - GameScene <- DialogSubScene
19:00:29.440 [JavaFX Application Thread] DEBUG Input                - Clearing active input actions
19:00:29.446 [JavaFX Application Thread] DEBUG GameApplicationServi - Removing overlay from GameScene and adding to FXGLMainMenuDummyScene
19:00:29.446 [JavaFX Application Thread] DEBUG PrimaryStageWindow   - GameScene -> FXGLMainMenuDummyScene
19:00:29.446 [JavaFX Application Thread] DEBUG PrimaryStageWindow   - Push state: FXGLDefaultMenu
19:00:29.446 [JavaFX Application Thread] DEBUG Input                - Clearing active input actions
19:00:29.449 [JavaFX Application Thread] DEBUG GameApplicationServi - Removing overlay from FXGLMainMenuDummyScene and adding to FXGLDefaultMenu
19:00:29.449 [JavaFX Application Thread] DEBUG PrimaryStageWindow   - FXGLMainMenuDummyScene -> FXGLDefaultMenu
19:00:31.173 [JavaFX Application Thread] DEBUG Menu                 - fireNewGame()
19:00:31.173 [JavaFX Application Thread] DEBUG GameApplicationServi - Starting new game
19:00:31.173 [JavaFX Application Thread] DEBUG PrimaryStageWindow   - Pop state: FXGLDefaultMenu
19:00:31.173 [JavaFX Application Thread] DEBUG Input                - Clearing active input actions
19:00:31.174 [JavaFX Application Thread] DEBUG GameApplicationServi - Removing overlay from FXGLDefaultMenu and adding to FXGLMainMenuDummyScene
19:00:31.175 [JavaFX Application Thread] DEBUG PrimaryStageWindow   - FXGLMainMenuDummyScene <- FXGLDefaultMenu
19:00:31.175 [JavaFX Application Thread] DEBUG Input                - Clearing active input actions
19:00:31.182 [JavaFX Application Thread] DEBUG GameApplicationServi - Removing overlay from FXGLMainMenuDummyScene and adding to FXGLLoadingScene
19:00:31.182 [JavaFX Application Thread] DEBUG PrimaryStageWindow   - FXGLMainMenuDummyScene -> FXGLLoadingScene
19:00:31.183 [JavaFX Application Thread] DEBUG GameApplicationServi - Clearing previous game
19:00:31.183 [JavaFX Application Thread] DEBUG GameScene            - Clearing game scene
19:00:31.183 [JavaFX Application Thread] DEBUG GameWorld            - Clearing game world
19:00:31.195 [JavaFX Application Thread] DEBUG PhysicsWorld         - Clearing physics world
19:00:31.206 [FXGL Background Thread 5 ] DEBUG FXGLApplication      - Initializing game
19:00:31.268 [FXGL Background Thread 5 ] DEBUG GameWorld            - Clearing removable entities
19:00:31.268 [FXGL Background Thread 5 ] DEBUG GameWorld            - Setting level: com.almasb.fxgl.entity.level.Level@60a29880
19:00:31.293 [FXGL Background Thread 5 ] WARN  FXGLAssetLoaderServi - Asset "/assets/music/gameaudio.wav" was not found!
19:00:31.293 [FXGL Background Thread 5 ] WARN  FXGLAssetLoaderServi - Failed to load MUSIC
19:00:31.294 [FXGL Background Thread 5 ] WARN  FXGLAssetLoaderServi - Asset "/assets/textures/sprites/player_right_2.png" was not found!
19:00:31.294 [FXGL Background Thread 5 ] WARN  FXGLAssetLoaderServi - Failed to load RESIZABLE_IMAGE
19:00:31.300 [FXGL Background Thread 5 ] INFO  FXGLApplication      - Game initialization took: 0.093 sec
19:00:31.305 [JavaFX Application Thread] DEBUG Input                - Clearing active input actions
19:00:31.314 [JavaFX Application Thread] DEBUG GameApplicationServi - Removing overlay from FXGLLoadingScene and adding to GameScene
19:00:31.315 [JavaFX Application Thread] DEBUG PrimaryStageWindow   - FXGLLoadingScene -> GameScene
19:01:04.299 [JavaFX Application Thread] DEBUG GameWorld            - Clearing removable entities
19:01:04.311 [JavaFX Application Thread] DEBUG GameWorld            - Setting level: com.almasb.fxgl.entity.level.Level@3c9e80c8
19:01:04.320 [JavaFX Application Thread] WARN  FXGLAssetLoaderServi - Asset "/assets/music/gameaudio.wav" was not found!
19:01:04.320 [JavaFX Application Thread] WARN  FXGLAssetLoaderServi - Failed to load MUSIC
19:01:04.320 [JavaFX Application Thread] WARN  FXGLAssetLoaderServi - Asset "/assets/textures/sprites/player_right_2.png" was not found!
19:01:04.321 [JavaFX Application Thread] WARN  FXGLAssetLoaderServi - Failed to load RESIZABLE_IMAGE
19:01:17.731 [JavaFX Application Thread] DEBUG PrimaryStageWindow   - Push state: DialogSubScene
19:01:17.731 [JavaFX Application Thread] DEBUG Input                - Clearing active input actions
19:01:17.733 [JavaFX Application Thread] DEBUG GameApplicationServi - Removing overlay from GameScene and adding to DialogSubScene
19:01:17.734 [JavaFX Application Thread] DEBUG PrimaryStageWindow   - GameScene -> DialogSubScene
19:01:20.105 [JavaFX Application Thread] DEBUG PrimaryStageWindow   - Pop state: DialogSubScene
19:01:20.105 [JavaFX Application Thread] DEBUG Input                - Clearing active input actions
19:01:20.105 [JavaFX Application Thread] DEBUG GameApplicationServi - Removing overlay from DialogSubScene and adding to GameScene
19:01:20.105 [JavaFX Application Thread] DEBUG PrimaryStageWindow   - GameScene <- DialogSubScene
19:01:20.105 [JavaFX Application Thread] DEBUG Input                - Clearing active input actions
19:01:20.110 [JavaFX Application Thread] DEBUG GameApplicationServi - Removing overlay from GameScene and adding to FXGLMainMenuDummyScene
19:01:20.110 [JavaFX Application Thread] DEBUG PrimaryStageWindow   - GameScene -> FXGLMainMenuDummyScene
19:01:20.110 [JavaFX Application Thread] DEBUG PrimaryStageWindow   - Push state: FXGLDefaultMenu
19:01:20.110 [JavaFX Application Thread] DEBUG Input                - Clearing active input actions
19:01:20.112 [JavaFX Application Thread] DEBUG GameApplicationServi - Removing overlay from FXGLMainMenuDummyScene and adding to FXGLDefaultMenu
19:01:20.112 [JavaFX Application Thread] DEBUG PrimaryStageWindow   - FXGLMainMenuDummyScene -> FXGLDefaultMenu
19:01:20.981 [JavaFX Application Thread] DEBUG Menu                 - fireNewGame()
19:01:20.981 [JavaFX Application Thread] DEBUG GameApplicationServi - Starting new game
19:01:20.981 [JavaFX Application Thread] DEBUG PrimaryStageWindow   - Pop state: FXGLDefaultMenu
19:01:20.981 [JavaFX Application Thread] DEBUG Input                - Clearing active input actions
19:01:20.982 [JavaFX Application Thread] DEBUG GameApplicationServi - Removing overlay from FXGLDefaultMenu and adding to FXGLMainMenuDummyScene
19:01:20.982 [JavaFX Application Thread] DEBUG PrimaryStageWindow   - FXGLMainMenuDummyScene <- FXGLDefaultMenu
19:01:20.982 [JavaFX Application Thread] DEBUG Input                - Clearing active input actions
19:01:20.987 [JavaFX Application Thread] DEBUG GameApplicationServi - Removing overlay from FXGLMainMenuDummyScene and adding to FXGLLoadingScene
19:01:20.988 [JavaFX Application Thread] DEBUG PrimaryStageWindow   - FXGLMainMenuDummyScene -> FXGLLoadingScene
19:01:20.988 [JavaFX Application Thread] DEBUG GameApplicationServi - Clearing previous game
19:01:20.988 [JavaFX Application Thread] DEBUG GameScene            - Clearing game scene
19:01:20.988 [JavaFX Application Thread] DEBUG GameWorld            - Clearing game world
19:01:20.991 [JavaFX Application Thread] DEBUG PhysicsWorld         - Clearing physics world
19:01:20.992 [FXGL Background Thread 5 ] DEBUG FXGLApplication      - Initializing game
19:01:21.034 [FXGL Background Thread 5 ] DEBUG GameWorld            - Clearing removable entities
19:01:21.034 [FXGL Background Thread 5 ] DEBUG GameWorld            - Setting level: com.almasb.fxgl.entity.level.Level@24ba1708
19:01:21.054 [FXGL Background Thread 5 ] WARN  FXGLAssetLoaderServi - Asset "/assets/music/gameaudio.wav" was not found!
19:01:21.054 [FXGL Background Thread 5 ] WARN  FXGLAssetLoaderServi - Failed to load MUSIC
19:01:21.055 [FXGL Background Thread 5 ] WARN  FXGLAssetLoaderServi - Asset "/assets/textures/sprites/player_right_2.png" was not found!
19:01:21.055 [FXGL Background Thread 5 ] WARN  FXGLAssetLoaderServi - Failed to load RESIZABLE_IMAGE
19:01:21.063 [FXGL Background Thread 5 ] INFO  FXGLApplication      - Game initialization took: 0.072 sec
19:01:21.063 [JavaFX Application Thread] DEBUG Input                - Clearing active input actions
19:01:21.071 [JavaFX Application Thread] DEBUG GameApplicationServi - Removing overlay from FXGLLoadingScene and adding to GameScene
19:01:21.071 [JavaFX Application Thread] DEBUG PrimaryStageWindow   - FXGLLoadingScene -> GameScene
19:01:43.344 [JavaFX Application Thread] DEBUG GameWorld            - Clearing removable entities
19:01:43.356 [JavaFX Application Thread] DEBUG GameWorld            - Setting level: com.almasb.fxgl.entity.level.Level@2d480039
19:01:43.391 [JavaFX Application Thread] WARN  FXGLAssetLoaderServi - Asset "/assets/music/gameaudio.wav" was not found!
19:01:43.391 [JavaFX Application Thread] WARN  FXGLAssetLoaderServi - Failed to load MUSIC
19:01:43.393 [JavaFX Application Thread] WARN  FXGLAssetLoaderServi - Asset "/assets/textures/sprites/player_right_2.png" was not found!
19:01:43.393 [JavaFX Application Thread] WARN  FXGLAssetLoaderServi - Failed to load RESIZABLE_IMAGE
19:01:54.783 [JavaFX Application Thread] DEBUG PrimaryStageWindow   - Push state: FXGLDefaultMenu
19:01:54.784 [JavaFX Application Thread] DEBUG Input                - Clearing active input actions
19:01:54.785 [JavaFX Application Thread] DEBUG GameApplicationServi - Removing overlay from GameScene and adding to FXGLDefaultMenu
19:01:54.786 [JavaFX Application Thread] DEBUG PrimaryStageWindow   - GameScene -> FXGLDefaultMenu
19:01:56.193 [JavaFX Application Thread] DEBUG Menu                 - fireExitToMainMenu()
19:01:56.195 [JavaFX Application Thread] DEBUG PrimaryStageWindow   - Push state: DialogSubScene
19:01:56.195 [JavaFX Application Thread] DEBUG Input                - Clearing active input actions
19:01:56.197 [JavaFX Application Thread] DEBUG GameApplicationServi - Removing overlay from FXGLDefaultMenu and adding to DialogSubScene
19:01:56.197 [JavaFX Application Thread] DEBUG PrimaryStageWindow   - FXGLDefaultMenu -> DialogSubScene
19:01:56.835 [JavaFX Application Thread] DEBUG PrimaryStageWindow   - Pop state: DialogSubScene
19:01:56.835 [JavaFX Application Thread] DEBUG Input                - Clearing active input actions
19:01:56.835 [JavaFX Application Thread] DEBUG GameApplicationServi - Removing overlay from DialogSubScene and adding to FXGLDefaultMenu
19:01:56.835 [JavaFX Application Thread] DEBUG PrimaryStageWindow   - FXGLDefaultMenu <- DialogSubScene
19:01:56.835 [JavaFX Application Thread] DEBUG PrimaryStageWindow   - Pop state: FXGLDefaultMenu
19:01:56.835 [JavaFX Application Thread] DEBUG Input                - Clearing active input actions
19:01:56.836 [JavaFX Application Thread] DEBUG GameApplicationServi - Removing overlay from FXGLDefaultMenu and adding to GameScene
19:01:56.836 [JavaFX Application Thread] DEBUG PrimaryStageWindow   - GameScene <- FXGLDefaultMenu
19:01:56.836 [JavaFX Application Thread] DEBUG Input                - Clearing active input actions
19:01:56.840 [JavaFX Application Thread] DEBUG GameApplicationServi - Removing overlay from GameScene and adding to FXGLMainMenuDummyScene
19:01:56.840 [JavaFX Application Thread] DEBUG PrimaryStageWindow   - GameScene -> FXGLMainMenuDummyScene
19:01:56.840 [JavaFX Application Thread] DEBUG PrimaryStageWindow   - Push state: FXGLDefaultMenu
19:01:56.840 [JavaFX Application Thread] DEBUG Input                - Clearing active input actions
19:01:56.842 [JavaFX Application Thread] DEBUG GameApplicationServi - Removing overlay from FXGLMainMenuDummyScene and adding to FXGLDefaultMenu
19:01:56.842 [JavaFX Application Thread] DEBUG PrimaryStageWindow   - FXGLMainMenuDummyScene -> FXGLDefaultMenu
19:01:57.525 [JavaFX Application Thread] DEBUG Menu                 - fireNewGame()
19:01:57.525 [JavaFX Application Thread] DEBUG GameApplicationServi - Starting new game
19:01:57.526 [JavaFX Application Thread] DEBUG PrimaryStageWindow   - Pop state: FXGLDefaultMenu
19:01:57.526 [JavaFX Application Thread] DEBUG Input                - Clearing active input actions
19:01:57.527 [JavaFX Application Thread] DEBUG GameApplicationServi - Removing overlay from FXGLDefaultMenu and adding to FXGLMainMenuDummyScene
19:01:57.527 [JavaFX Application Thread] DEBUG PrimaryStageWindow   - FXGLMainMenuDummyScene <- FXGLDefaultMenu
19:01:57.528 [JavaFX Application Thread] DEBUG Input                - Clearing active input actions
19:01:57.533 [JavaFX Application Thread] DEBUG GameApplicationServi - Removing overlay from FXGLMainMenuDummyScene and adding to FXGLLoadingScene
19:01:57.533 [JavaFX Application Thread] DEBUG PrimaryStageWindow   - FXGLMainMenuDummyScene -> FXGLLoadingScene
19:01:57.533 [JavaFX Application Thread] DEBUG GameApplicationServi - Clearing previous game
19:01:57.533 [JavaFX Application Thread] DEBUG GameScene            - Clearing game scene
19:01:57.533 [JavaFX Application Thread] DEBUG GameWorld            - Clearing game world
19:01:57.537 [JavaFX Application Thread] DEBUG PhysicsWorld         - Clearing physics world
19:01:57.538 [FXGL Background Thread 5 ] DEBUG FXGLApplication      - Initializing game
19:01:57.566 [FXGL Background Thread 5 ] DEBUG GameWorld            - Clearing removable entities
19:01:57.566 [FXGL Background Thread 5 ] DEBUG GameWorld            - Setting level: com.almasb.fxgl.entity.level.Level@18e5a9ce
19:01:57.575 [FXGL Background Thread 5 ] WARN  FXGLAssetLoaderServi - Asset "/assets/music/gameaudio.wav" was not found!
19:01:57.576 [FXGL Background Thread 5 ] WARN  FXGLAssetLoaderServi - Failed to load MUSIC
19:01:57.579 [FXGL Background Thread 5 ] WARN  FXGLAssetLoaderServi - Asset "/assets/textures/sprites/player_right_2.png" was not found!
19:01:57.579 [FXGL Background Thread 5 ] WARN  FXGLAssetLoaderServi - Failed to load RESIZABLE_IMAGE
19:01:57.582 [FXGL Background Thread 5 ] INFO  FXGLApplication      - Game initialization took: 0.044 sec
19:01:57.590 [JavaFX Application Thread] DEBUG Input                - Clearing active input actions
19:01:57.596 [JavaFX Application Thread] DEBUG GameApplicationServi - Removing overlay from FXGLLoadingScene and adding to GameScene
19:01:57.596 [JavaFX Application Thread] DEBUG PrimaryStageWindow   - FXGLLoadingScene -> GameScene
19:02:01.969 [JavaFX Application Thread] DEBUG FXGLApplication      - Exiting FXGL
19:02:01.969 [JavaFX Application Thread] DEBUG LoopRunner           - Stopping loop
19:02:01.969 [JavaFX Application Thread] DEBUG SystemBundleService  - Saving FXGL system data
19:02:01.971 [JavaFX Application Thread] DEBUG FileSystemAccess     - Writing to: D:\bombermango\system\fxgl.bundle
19:02:01.973 [JavaFX Application Thread] DEBUG Async                - Shutting down background threads
19:02:01.973 [JavaFX Application Thread] DEBUG PrimaryStageWindow   - Closing main window
19:02:01.986 [JavaFX Application Thread] DEBUG Logger               - Closing Logger
