15:23:46.453 [main                     ] DEBUG Logger               - Configured Logger
15:23:46.495 [main                     ] DEBUG GameApplication      - Logging settings
Title: Bomberman
Version: 0.0
Width: 800
Height: 600
Fullscreen: false
Intro: false
Profiling: false
Single step:false
App Mode: DEVELOPER
Menu Key: ESCAPE
Stage Style: DECORATED
Scene Factory: class com.almasb.fxgl.app.scene.SceneFactory

15:23:47.036 [JavaFX Application Thread] DEBUG FXGLApplication      - Initializing FXGL
15:23:47.045 [JavaFX Application Thread] INFO  Engine               - FXGL-17.1 (24.03.2022 17.34) on WINDOWS (J:18.0.2.1 FX:18.0.1)
15:23:47.046 [JavaFX Application Thread] DEBUG Engine               - JRE Vendor Name: Oracle Corporation
15:23:47.046 [JavaFX Application Thread] DEBUG Engine               - Running on OS: Windows 10 version 10.0
15:23:47.046 [JavaFX Application Thread] DEBUG Engine               - Architecture: amd64
15:23:47.047 [JavaFX Application Thread] INFO  Engine               - Source code and latest versions at: https://github.com/AlmasB/FXGL
15:23:47.047 [JavaFX Application Thread] INFO  Engine               -       Ask questions and discuss at: https://github.com/AlmasB/FXGL/discussions
15:23:47.047 [JavaFX Application Thread] INFO  Engine               -              Join the FXGL chat at: https://gitter.im/AlmasB/FXGL
15:23:47.225 [JavaFX Application Thread] DEBUG PrimaryStageWindow   - Creating a JavaFX scene
15:23:47.321 [JavaFX Application Thread] DEBUG PrimaryStageWindow   - Target settings size: 800.0 x 600.0
15:23:47.321 [JavaFX Application Thread] DEBUG PrimaryStageWindow   - Scaled scene size:    800.0 x 600.0
15:23:47.322 [JavaFX Application Thread] DEBUG PrimaryStageWindow   - Scaled ratio: (1.0, 1.0)
15:23:47.324 [JavaFX Application Thread] DEBUG PrimaryStageWindow   - Set initial scene to FXGLStartupScene
15:23:47.338 [JavaFX Application Thread] DEBUG PrimaryStageWindow   - Opening main window
15:23:47.481 [JavaFX Application Thread] DEBUG PrimaryStageWindow   - Window border size: (14.66668701171875, 37.33331298828125)
15:23:47.481 [JavaFX Application Thread] DEBUG PrimaryStageWindow   - Scaled size: 800.0 x 600.0
15:23:47.482 [JavaFX Application Thread] DEBUG PrimaryStageWindow   - Scaled ratio: (1.0, 1.0)
15:23:47.482 [JavaFX Application Thread] DEBUG PrimaryStageWindow   - Scene size: 800.0 x 600.0
15:23:47.482 [JavaFX Application Thread] DEBUG PrimaryStageWindow   - Stage size: 814.6666870117188 x 637.3333129882812
15:23:47.494 [FXGL Background Thread 1 ] DEBUG Engine               - Initializing environment variables
15:23:47.602 [FXGL Background Thread 1 ] DEBUG FXGLAssetLoaderServi - User app class for loading assets: class mangobomb.bombermango.HelloApplication
15:23:47.603 [FXGL Background Thread 1 ] DEBUG GameApplicationServi - Applying CSS: fxgl_dark.css
15:23:47.607 [FXGL Background Thread 1 ] DEBUG FXGLAssetLoaderServi - Loading from file system: jar:file:/C:/Users/Admin/.m2/repository/com/github/almasb/fxgl/17.1/fxgl-17.1.jar!/fxglassets/ui/css/fxgl_dark.css
15:23:47.702 [FXGL Background Thread 1 ] DEBUG GameApplicationServi - Initializing application scenes
15:23:47.858 [FXGL Background Thread 1 ] DEBUG GameWorld            - Game world initialized
15:23:47.955 [FXGL Background Thread 1 ] DEBUG PhysicsWorld         - Physics world initialized: appHeight=600, physics.ppm=50.0
15:23:47.955 [FXGL Background Thread 1 ] DEBUG PhysicsWorld         - Using strategy: BRUTE_FORCE
15:23:47.962 [FXGL Background Thread 1 ] DEBUG GameScene            - Game scene initialized: 800x600
15:23:47.984 [FXGL Background Thread 1 ] DEBUG FXGL.DefaultMenu     - createMenuBodyMainMenu()
15:23:48.013 [FXGL Background Thread 1 ] DEBUG FXGL.DefaultMenu     - createOptionsMenu()
15:23:48.035 [FXGL Background Thread 1 ] DEBUG FXGLAssetLoaderServi - Loading from file system: jar:file:/C:/Users/Admin/.m2/repository/com/github/almasb/fxgl/17.1/fxgl-17.1.jar!/fxglassets/textures/particles/smoke.png
15:23:48.222 [FXGL Background Thread 1 ] DEBUG FXGLAssetLoaderServi - Loading from file system: jar:file:/C:/Users/Admin/.m2/repository/com/github/almasb/fxgl/17.1/fxgl-17.1.jar!/fxglassets/textures/particles/trace_horizontal.png
15:23:48.312 [FXGL Background Thread 1 ] DEBUG FXGL.DefaultMenu     - createMenuBodyGameMenu()
15:23:48.315 [FXGL Background Thread 1 ] DEBUG FXGL.DefaultMenu     - createOptionsMenu()
15:23:48.340 [FXGL Background Thread 1 ] DEBUG GameApplicationServi - Application scenes initialized
15:23:48.364 [FXGL Background Thread 1 ] DEBUG SystemBundleService  - Loading FXGL system data
15:23:48.374 [FXGL Background Thread 1 ] DEBUG FileSystemAccess     - Reading from: D:\bombermango\system\fxgl.bundle
15:23:48.392 [FXGL Background Thread 1 ] DEBUG SystemBundleService  - Bundle FXGL: {}
15:23:48.392 [FXGL Background Thread 1 ] DEBUG UpdaterService       - Checking for updates
15:23:48.401 [FXGL Background Thread 1 ] DEBUG FXGLApplication      - Loading default localization
15:23:48.402 [FXGL Background Thread 1 ] DEBUG FXGLAssetLoaderServi - Loading from file system: jar:file:/C:/Users/Admin/.m2/repository/com/github/almasb/fxgl/17.1/fxgl-17.1.jar!/fxglassets/languages/english.lang
15:23:48.405 [FXGL Background Thread 4 ] DEBUG FXGLApplication      - Loading fonts
15:23:48.405 [FXGL Background Thread 4 ] DEBUG FXGLAssetLoaderServi - Loading from file system: jar:file:/C:/Users/Admin/.m2/repository/com/github/almasb/fxgl/17.1/fxgl-17.1.jar!/fxglassets/ui/fonts/VarelaRound-Regular.ttf
15:23:48.454 [FXGL Background Thread 1 ] INFO  FXGLApplication      - FXGL initialization took: 0.959 sec
15:23:48.474 [JavaFX Application Thread] DEBUG Input                - Registered new binding: moveUp - W
15:23:48.474 [JavaFX Application Thread] DEBUG Input                - Registered new binding: moveRight - D
15:23:48.474 [JavaFX Application Thread] DEBUG Input                - Registered new binding: moveLeft - A
15:23:48.475 [JavaFX Application Thread] DEBUG Input                - Registered new binding: moveDown - S
15:23:48.475 [JavaFX Application Thread] DEBUG Input                - Registered new binding: implantBomb - F
15:23:48.475 [JavaFX Application Thread] DEBUG FXGLAssetLoaderServi - Loading from file system: jar:file:/C:/Users/Admin/.m2/repository/com/github/almasb/fxgl/17.1/fxgl-17.1.jar!/fxglassets/textures/fxgl_icon.png
15:23:48.512 [JavaFX Application Thread] DEBUG FXGLAssetLoaderServi - Loading from file system: jar:file:/C:/Users/Admin/.m2/repository/com/github/almasb/fxgl/17.1/fxgl-17.1.jar!/fxglassets/textures/fxgl_default_cursor.png
15:23:48.515 [JavaFX Application Thread] DEBUG Input                - Registered new binding: Screenshot - CTRL+8
15:23:48.516 [JavaFX Application Thread] DEBUG Input                - Registered new binding: System info dump - CTRL+9
15:23:48.518 [JavaFX Application Thread] DEBUG Input                - Registered new binding: Restart - CTRL+R
15:23:48.518 [JavaFX Application Thread] DEBUG Input                - Registered new binding: Toggle Debug Camera - CTRL+7
15:23:48.522 [JavaFX Application Thread] DEBUG LoopRunner           - Starting loop
15:23:48.522 [JavaFX Application Thread] DEBUG LoopRunner           - Initializing JavaFX AnimationTimerLoop
15:23:48.525 [JavaFX Application Thread] DEBUG Input                - Clearing active input actions
15:23:48.584 [JavaFX Application Thread] DEBUG GameApplicationServi - Removing overlay from FXGLStartupScene and adding to FXGLMainMenuDummyScene
15:23:48.585 [JavaFX Application Thread] DEBUG PrimaryStageWindow   - FXGLStartupScene -> FXGLMainMenuDummyScene
15:23:48.585 [JavaFX Application Thread] DEBUG PrimaryStageWindow   - Push state: FXGLDefaultMenu
15:23:48.614 [JavaFX Application Thread] DEBUG Input                - Clearing active input actions
15:23:48.629 [JavaFX Application Thread] DEBUG GameApplicationServi - Removing overlay from FXGLMainMenuDummyScene and adding to FXGLDefaultMenu
15:23:48.630 [JavaFX Application Thread] DEBUG PrimaryStageWindow   - FXGLMainMenuDummyScene -> FXGLDefaultMenu
15:23:48.693 [FXGL Background Thread 4 ] DEBUG FXGLAssetLoaderServi - Loading from file system: jar:file:/C:/Users/Admin/.m2/repository/com/github/almasb/fxgl/17.1/fxgl-17.1.jar!/fxglassets/ui/fonts/Abel-Regular.ttf
15:23:48.698 [FXGL Background Thread 4 ] DEBUG FXGLAssetLoaderServi - Loading from file system: jar:file:/C:/Users/Admin/.m2/repository/com/github/almasb/fxgl/17.1/fxgl-17.1.jar!/fxglassets/ui/fonts/TerminalLandMono-Regular.otf
15:23:48.705 [FXGL Background Thread 4 ] DEBUG FXGLAssetLoaderServi - Loading from file system: jar:file:/C:/Users/Admin/.m2/repository/com/github/almasb/fxgl/17.1/fxgl-17.1.jar!/fxglassets/ui/fonts/Courier-Prime.ttf
15:23:48.779 [JavaFX Application Thread] DEBUG FXGLApplication      - Registering font factories with UI factory
15:23:49.667 [JavaFX Application Thread] DEBUG Menu                 - fireNewGame()
15:23:49.668 [JavaFX Application Thread] DEBUG GameApplicationServi - Starting new game
15:23:49.671 [JavaFX Application Thread] DEBUG PrimaryStageWindow   - Pop state: FXGLDefaultMenu
15:23:49.671 [JavaFX Application Thread] DEBUG Input                - Clearing active input actions
15:23:49.672 [JavaFX Application Thread] DEBUG GameApplicationServi - Removing overlay from FXGLDefaultMenu and adding to FXGLMainMenuDummyScene
15:23:49.673 [JavaFX Application Thread] DEBUG PrimaryStageWindow   - FXGLMainMenuDummyScene <- FXGLDefaultMenu
15:23:49.674 [JavaFX Application Thread] DEBUG Input                - Clearing active input actions
15:23:49.687 [JavaFX Application Thread] DEBUG GameApplicationServi - Removing overlay from FXGLMainMenuDummyScene and adding to FXGLLoadingScene
15:23:49.687 [JavaFX Application Thread] DEBUG PrimaryStageWindow   - FXGLMainMenuDummyScene -> FXGLLoadingScene
15:23:49.688 [JavaFX Application Thread] DEBUG GameApplicationServi - Clearing previous game
15:23:49.688 [JavaFX Application Thread] DEBUG GameScene            - Clearing game scene
15:23:49.688 [JavaFX Application Thread] DEBUG GameWorld            - Clearing game world
15:23:49.688 [JavaFX Application Thread] DEBUG PhysicsWorld         - Clearing physics world
15:23:49.695 [FXGL Background Thread 4 ] DEBUG FXGLApplication      - Initializing game
15:23:49.737 [FXGL Background Thread 4 ] DEBUG FXGLAssetLoaderServi - Loading from file system: file:/D:/bombermango/target/classes/assets/textures/sprites/wall.png
15:23:49.812 [FXGL Background Thread 4 ] DEBUG FXGLAssetLoaderServi - Loading from file system: file:/D:/bombermango/target/classes/assets/textures/sprites/brick.png
15:23:49.888 [FXGL Background Thread 4 ] DEBUG GameWorld            - Clearing removable entities
15:23:49.889 [FXGL Background Thread 4 ] DEBUG GameWorld            - Setting level: com.almasb.fxgl.entity.level.Level@5f9d74e5
15:23:49.976 [FXGL Background Thread 4 ] DEBUG FXGLAssetLoaderServi - Loading from file system: file:/D:/bombermango/target/classes/assets/textures/sprites/portal.png
15:23:49.988 [FXGL Background Thread 4 ] DEBUG FXGLAssetLoaderServi - Loading from file system: file:/D:/bombermango/target/classes/assets/textures/sprites/player_down.png
15:23:49.990 [FXGL Background Thread 4 ] DEBUG FXGLAssetLoaderServi - Loading from file system: file:/D:/bombermango/target/classes/assets/textures/sprites/player_down_1.png
15:23:49.992 [FXGL Background Thread 4 ] DEBUG FXGLAssetLoaderServi - Loading from file system: file:/D:/bombermango/target/classes/assets/textures/sprites/player_down_2.png
15:23:50.016 [FXGL Background Thread 4 ] WARN  GameWorld            - Entity is already attached to world
15:23:50.018 [FXGL Background Thread 4 ] DEBUG FXGLAssetLoaderServi - Loading from file system: file:/D:/bombermango/target/classes/assets/textures/sprites/balloom_right1.png
15:23:50.021 [FXGL Background Thread 4 ] DEBUG FXGLAssetLoaderServi - Loading from file system: file:/D:/bombermango/target/classes/assets/textures/sprites/balloom_right2.png
15:23:50.023 [FXGL Background Thread 4 ] DEBUG FXGLAssetLoaderServi - Loading from file system: file:/D:/bombermango/target/classes/assets/textures/sprites/balloom_right3.png
15:23:50.035 [FXGL Background Thread 4 ] INFO  FXGLApplication      - Game initialization took: 0.340 sec
15:23:50.036 [JavaFX Application Thread] DEBUG Input                - Clearing active input actions
15:23:50.053 [JavaFX Application Thread] DEBUG GameApplicationServi - Removing overlay from FXGLLoadingScene and adding to GameScene
15:23:50.053 [JavaFX Application Thread] DEBUG PrimaryStageWindow   - FXGLLoadingScene -> GameScene
15:23:50.789 [FXGL Background Thread 2 ] INFO  UpdaterService       - Your current version:  17.1
15:23:50.790 [FXGL Background Thread 2 ] INFO  UpdaterService       - Latest stable version: 17.2
15:23:50.983 [JavaFX Application Thread] DEBUG FXGLAssetLoaderServi - Loading from file system: file:/D:/bombermango/target/classes/assets/textures/sprites/bomb.png
15:23:50.984 [JavaFX Application Thread] DEBUG FXGLAssetLoaderServi - Loading from file system: file:/D:/bombermango/target/classes/assets/textures/sprites/bomb_1.png
15:23:50.986 [JavaFX Application Thread] DEBUG FXGLAssetLoaderServi - Loading from file system: file:/D:/bombermango/target/classes/assets/textures/sprites/bomb_2.png
15:23:50.990 [JavaFX Application Thread] WARN  GameWorld            - Entity is already attached to world
15:23:51.398 [FXGL Background Thread 3 ] DEBUG Engine               - Logging environment variables
15:23:51.401 [FXGL Background Thread 3 ] DEBUG Engine               - achievements: []
15:23:51.401 [FXGL Background Thread 3 ] DEBUG Engine               - actualHeight: 600.0
15:23:51.402 [FXGL Background Thread 3 ] DEBUG Engine               - actualHeightProperty: ReadOnlyDoubleProperty [value: 600.0]
15:23:51.402 [FXGL Background Thread 3 ] DEBUG Engine               - actualWidth: 800.0
15:23:51.402 [FXGL Background Thread 3 ] DEBUG Engine               - actualWidthProperty: ReadOnlyDoubleProperty [value: 800.0]
15:23:51.402 [FXGL Background Thread 3 ] DEBUG Engine               - appIcon: fxgl_icon.png
15:23:51.402 [FXGL Background Thread 3 ] DEBUG Engine               - applicationMode: DEVELOPER
15:23:51.402 [FXGL Background Thread 3 ] DEBUG Engine               - cSSList: [fxgl_dark.css]
15:23:51.402 [FXGL Background Thread 3 ] DEBUG Engine               - collisionDetectionStrategy: BRUTE_FORCE
15:23:51.402 [FXGL Background Thread 3 ] DEBUG Engine               - configClass: Optional.empty
15:23:51.402 [FXGL Background Thread 3 ] DEBUG Engine               - credits: []
15:23:51.404 [FXGL Background Thread 3 ] DEBUG Engine               - defaultCursor: CursorInfo(imageName=fxgl_default_cursor.png, hotspotX=7.0, hotspotY=6.0)
15:23:51.404 [FXGL Background Thread 3 ] DEBUG Engine               - devBBoxColorProperty: ObjectProperty [value: 0xff0000ff]
15:23:51.404 [FXGL Background Thread 3 ] DEBUG Engine               - devEnableDebugCameraProperty: BooleanProperty [value: false]
15:23:51.404 [FXGL Background Thread 3 ] DEBUG Engine               - devSensorColorProperty: ObjectProperty [value: 0xffff00ff]
15:23:51.404 [FXGL Background Thread 3 ] DEBUG Engine               - devShowBBoxProperty: BooleanProperty [value: false]
15:23:51.404 [FXGL Background Thread 3 ] DEBUG Engine               - devShowPositionProperty: BooleanProperty [value: false]
15:23:51.404 [FXGL Background Thread 3 ] DEBUG Engine               - enabledMenuItems: []
15:23:51.404 [FXGL Background Thread 3 ] DEBUG Engine               - engineServices: [class com.almasb.fxgl.app.services.FXGLAssetLoaderService, class com.almasb.fxgl.app.FXGLApplication$GameApplicationService, class com.almasb.fxgl.app.services.FXGLDialogService, class com.almasb.fxgl.app.services.IOTaskExecutorService, class com.almasb.fxgl.io.FileSystemService, class com.almasb.fxgl.localization.LocalizationService, class com.almasb.fxgl.app.services.SystemBundleService, class com.almasb.fxgl.profile.SaveLoadService, class com.almasb.fxgl.ui.FXGLUIFactoryServiceProvider, class com.almasb.fxgl.ui.FXGLDialogFactoryServiceProvider, class com.almasb.fxgl.audio.AudioPlayer, class com.almasb.fxgl.notification.impl.NotificationServiceProvider, class com.almasb.fxgl.achievement.AchievementService, class com.almasb.fxgl.cutscene.CutsceneService, class com.almasb.fxgl.minigames.MiniGameService, class com.almasb.fxgl.net.NetService, class com.almasb.fxgl.app.services.UpdaterService, class com.almasb.fxgl.dev.DevService]
15:23:51.405 [FXGL Background Thread 3 ] DEBUG Engine               - fontGame: Abel-Regular.ttf
15:23:51.405 [FXGL Background Thread 3 ] DEBUG Engine               - fontMono: TerminalLandMono-Regular.otf
15:23:51.405 [FXGL Background Thread 3 ] DEBUG Engine               - fontText: Courier-Prime.ttf
15:23:51.405 [FXGL Background Thread 3 ] DEBUG Engine               - fontUI: VarelaRound-Regular.ttf
15:23:51.405 [FXGL Background Thread 3 ] DEBUG Engine               - fullScreen: BooleanProperty [value: false]
15:23:51.405 [FXGL Background Thread 3 ] DEBUG Engine               - gameDifficulty: MEDIUM
15:23:51.406 [FXGL Background Thread 3 ] DEBUG Engine               - gameDifficultyProperty: ObjectProperty [value: MEDIUM]
15:23:51.406 [FXGL Background Thread 3 ] DEBUG Engine               - globalMusicVolume: 0.5
15:23:51.406 [FXGL Background Thread 3 ] DEBUG Engine               - globalMusicVolumeProperty: DoubleProperty [value: 0.5]
15:23:51.406 [FXGL Background Thread 3 ] DEBUG Engine               - globalSoundVolume: 0.5
15:23:51.406 [FXGL Background Thread 3 ] DEBUG Engine               - globalSoundVolumeProperty: DoubleProperty [value: 0.5]
15:23:51.406 [FXGL Background Thread 3 ] DEBUG Engine               - height: 600
15:23:51.406 [FXGL Background Thread 3 ] DEBUG Engine               - is3D: false
15:23:51.406 [FXGL Background Thread 3 ] DEBUG Engine               - isAndroid: false
15:23:51.406 [FXGL Background Thread 3 ] DEBUG Engine               - isBrowser: false
15:23:51.406 [FXGL Background Thread 3 ] DEBUG Engine               - isClickFeedbackEnabled: false
15:23:51.406 [FXGL Background Thread 3 ] DEBUG Engine               - isCloseConfirmation: false
15:23:51.406 [FXGL Background Thread 3 ] DEBUG Engine               - isDesktop: true
15:23:51.406 [FXGL Background Thread 3 ] DEBUG Engine               - isDeveloperMenuEnabled: false
15:23:51.406 [FXGL Background Thread 3 ] DEBUG Engine               - isEmbedded: false
15:23:51.407 [FXGL Background Thread 3 ] DEBUG Engine               - isEntityPreloadEnabled: true
15:23:51.407 [FXGL Background Thread 3 ] DEBUG Engine               - isExperimentalTiledLargeMap: false
15:23:51.407 [FXGL Background Thread 3 ] DEBUG Engine               - isFileSystemWriteAllowed: true
15:23:51.407 [FXGL Background Thread 3 ] DEBUG Engine               - isFullScreenAllowed: false
15:23:51.407 [FXGL Background Thread 3 ] DEBUG Engine               - isFullScreenFromStart: false
15:23:51.407 [FXGL Background Thread 3 ] DEBUG Engine               - isGameMenuEnabled: true
15:23:51.407 [FXGL Background Thread 3 ] DEBUG Engine               - isIOS: false
15:23:51.407 [FXGL Background Thread 3 ] DEBUG Engine               - isIntroEnabled: false
15:23:51.407 [FXGL Background Thread 3 ] DEBUG Engine               - isLinux: false
15:23:51.407 [FXGL Background Thread 3 ] DEBUG Engine               - isMac: false
15:23:51.407 [FXGL Background Thread 3 ] DEBUG Engine               - isMainMenuEnabled: true
15:23:51.408 [FXGL Background Thread 3 ] DEBUG Engine               - isManualResizeEnabled: false
15:23:51.408 [FXGL Background Thread 3 ] DEBUG Engine               - isMobile: false
15:23:51.408 [FXGL Background Thread 3 ] DEBUG Engine               - isNative: false
15:23:51.408 [FXGL Background Thread 3 ] DEBUG Engine               - isPauseMusicWhenMinimized: true
15:23:51.408 [FXGL Background Thread 3 ] DEBUG Engine               - isPreserveResizeRatio: false
15:23:51.408 [FXGL Background Thread 3 ] DEBUG Engine               - isProfilingEnabled: false
15:23:51.408 [FXGL Background Thread 3 ] DEBUG Engine               - isScaleAffectedOnResize: true
15:23:51.408 [FXGL Background Thread 3 ] DEBUG Engine               - isSingleStep: false
15:23:51.408 [FXGL Background Thread 3 ] DEBUG Engine               - isUserProfileEnabled: false
15:23:51.409 [FXGL Background Thread 3 ] DEBUG Engine               - isWindows: true
15:23:51.409 [FXGL Background Thread 3 ] DEBUG Engine               - language: ObjectProperty [value: ENGLISH]
15:23:51.409 [FXGL Background Thread 3 ] DEBUG Engine               - menuKey: ESCAPE
15:23:51.409 [FXGL Background Thread 3 ] DEBUG Engine               - mouseSensitivity: 0.2
15:23:51.409 [FXGL Background Thread 3 ] DEBUG Engine               - notificationViewClass: class com.almasb.fxgl.notification.view.XboxNotificationView
15:23:51.409 [FXGL Background Thread 3 ] DEBUG Engine               - pixelsPerMeter: 50.0
15:23:51.410 [FXGL Background Thread 3 ] DEBUG Engine               - platform: WINDOWS
15:23:51.410 [FXGL Background Thread 3 ] DEBUG Engine               - prefHeightProperty: ReadOnlyDoubleProperty [value: 600.0]
15:23:51.410 [FXGL Background Thread 3 ] DEBUG Engine               - prefWidthProperty: ReadOnlyDoubleProperty [value: 800.0]
15:23:51.410 [FXGL Background Thread 3 ] DEBUG Engine               - profileDir: profiles/
15:23:51.410 [FXGL Background Thread 3 ] DEBUG Engine               - profileName: StringProperty [value: DEFAULT]
15:23:51.410 [FXGL Background Thread 3 ] DEBUG Engine               - randomSeed: -1
15:23:51.410 [FXGL Background Thread 3 ] DEBUG Engine               - runtimeInfo: RuntimeInfo(platform=WINDOWS, version=17.1, build=24.03.2022 17.34)
15:23:51.410 [FXGL Background Thread 3 ] DEBUG Engine               - saveFileExt: sav
15:23:51.411 [FXGL Background Thread 3 ] DEBUG Engine               - scaledHeightProp$fxgl: DoubleProperty [bound, value: 600.0]
15:23:51.411 [FXGL Background Thread 3 ] DEBUG Engine               - scaledWidthProp$fxgl: DoubleProperty [bound, value: 800.0]
15:23:51.411 [FXGL Background Thread 3 ] DEBUG Engine               - sceneFactory: com.almasb.fxgl.app.scene.SceneFactory@6ae23862
15:23:51.411 [FXGL Background Thread 3 ] DEBUG Engine               - secondsIn24h: 60
15:23:51.411 [FXGL Background Thread 3 ] DEBUG Engine               - soundMenuBack: menu/back.wav
15:23:51.411 [FXGL Background Thread 3 ] DEBUG Engine               - soundMenuPress: menu/press.wav
15:23:51.411 [FXGL Background Thread 3 ] DEBUG Engine               - soundMenuSelect: menu/select.wav
15:23:51.411 [FXGL Background Thread 3 ] DEBUG Engine               - soundNotification: core/notification.wav
15:23:51.411 [FXGL Background Thread 3 ] DEBUG Engine               - stageStyle: DECORATED
15:23:51.411 [FXGL Background Thread 3 ] DEBUG Engine               - supportedLanguages: [ENGLISH, FRENCH, GERMAN, HUNGARIAN, RUSSIAN]
15:23:51.411 [FXGL Background Thread 3 ] DEBUG Engine               - ticksPerSecond: -1
15:23:51.411 [FXGL Background Thread 3 ] DEBUG Engine               - title: Bomberman
15:23:51.412 [FXGL Background Thread 3 ] DEBUG Engine               - urlGithub: https://github.com/AlmasB/FXGL
15:23:51.412 [FXGL Background Thread 3 ] DEBUG Engine               - urlLeaderboard: http://fxgl-top.herokuapp.com/
15:23:51.412 [FXGL Background Thread 3 ] DEBUG Engine               - urlPOM: https://raw.githubusercontent.com/AlmasB/FXGL/release/README.md
15:23:51.412 [FXGL Background Thread 3 ] DEBUG Engine               - userAppClass: class mangobomb.bombermango.HelloApplication
15:23:51.412 [FXGL Background Thread 3 ] DEBUG Engine               - version: 0.0
15:23:51.412 [FXGL Background Thread 3 ] DEBUG Engine               - versionCheckDays: 7
15:23:51.412 [FXGL Background Thread 3 ] DEBUG Engine               - width: 800
15:23:51.412 [FXGL Background Thread 3 ] DEBUG Engine               - Logging services
15:23:51.412 [FXGL Background Thread 3 ] DEBUG Engine               - class com.almasb.fxgl.app.services.FXGLAssetLoaderService
15:23:51.412 [FXGL Background Thread 3 ] DEBUG Engine               - class com.almasb.fxgl.app.FXGLApplication$GameApplicationService
15:23:51.412 [FXGL Background Thread 3 ] DEBUG Engine               - class com.almasb.fxgl.app.services.FXGLDialogService
15:23:51.412 [FXGL Background Thread 3 ] DEBUG Engine               - class com.almasb.fxgl.app.services.IOTaskExecutorService
15:23:51.412 [FXGL Background Thread 3 ] DEBUG Engine               - class com.almasb.fxgl.io.FileSystemService
15:23:51.413 [FXGL Background Thread 3 ] DEBUG Engine               - class com.almasb.fxgl.localization.LocalizationService
15:23:51.413 [FXGL Background Thread 3 ] DEBUG Engine               - class com.almasb.fxgl.app.services.SystemBundleService
15:23:51.413 [FXGL Background Thread 3 ] DEBUG Engine               - class com.almasb.fxgl.profile.SaveLoadService
15:23:51.414 [FXGL Background Thread 3 ] DEBUG Engine               - class com.almasb.fxgl.ui.FXGLUIFactoryServiceProvider
15:23:51.414 [FXGL Background Thread 3 ] DEBUG Engine               - class com.almasb.fxgl.ui.FXGLDialogFactoryServiceProvider
15:23:51.414 [FXGL Background Thread 3 ] DEBUG Engine               - class com.almasb.fxgl.audio.AudioPlayer
15:23:51.414 [FXGL Background Thread 3 ] DEBUG Engine               - class com.almasb.fxgl.notification.impl.NotificationServiceProvider
15:23:51.414 [FXGL Background Thread 3 ] DEBUG Engine               - class com.almasb.fxgl.achievement.AchievementService
15:23:51.414 [FXGL Background Thread 3 ] DEBUG Engine               - class com.almasb.fxgl.cutscene.CutsceneService
15:23:51.414 [FXGL Background Thread 3 ] DEBUG Engine               - class com.almasb.fxgl.minigames.MiniGameService
15:23:51.415 [FXGL Background Thread 3 ] DEBUG Engine               - class com.almasb.fxgl.net.NetService
15:23:51.416 [FXGL Background Thread 3 ] DEBUG Engine               - class com.almasb.fxgl.app.services.UpdaterService
15:23:51.416 [FXGL Background Thread 3 ] DEBUG Engine               - class com.almasb.fxgl.dev.DevService
15:23:52.313 [JavaFX Application Thread] DEBUG FXGLAssetLoaderServi - Loading from file system: file:/D:/bombermango/target/classes/assets/textures/sprites/bomb_exploded.png
15:23:52.316 [JavaFX Application Thread] DEBUG FXGLAssetLoaderServi - Loading from file system: file:/D:/bombermango/target/classes/assets/textures/sprites/bomb_exploded1.png
15:23:52.318 [JavaFX Application Thread] DEBUG FXGLAssetLoaderServi - Loading from file system: file:/D:/bombermango/target/classes/assets/textures/sprites/bomb_exploded2.png
15:23:58.580 [JavaFX Application Thread] WARN  GameWorld            - Entity is already attached to world
15:24:02.417 [JavaFX Application Thread] DEBUG PrimaryStageWindow   - Push state: DialogSubScene
15:24:02.418 [JavaFX Application Thread] DEBUG Input                - Clearing active input actions
15:24:02.420 [JavaFX Application Thread] DEBUG GameApplicationServi - Removing overlay from GameScene and adding to DialogSubScene
15:24:02.421 [JavaFX Application Thread] DEBUG PrimaryStageWindow   - GameScene -> DialogSubScene
15:24:05.961 [JavaFX Application Thread] DEBUG PrimaryStageWindow   - Pop state: DialogSubScene
15:24:05.962 [JavaFX Application Thread] DEBUG Input                - Clearing active input actions
15:24:05.962 [JavaFX Application Thread] DEBUG GameApplicationServi - Removing overlay from DialogSubScene and adding to GameScene
15:24:05.962 [JavaFX Application Thread] DEBUG PrimaryStageWindow   - GameScene <- DialogSubScene
15:24:05.977 [JavaFX Application Thread] DEBUG PrimaryStageWindow   - Push state: DialogSubScene
15:24:05.977 [JavaFX Application Thread] DEBUG Input                - Clearing active input actions
15:24:05.977 [JavaFX Application Thread] DEBUG GameApplicationServi - Removing overlay from GameScene and adding to DialogSubScene
15:24:05.978 [JavaFX Application Thread] DEBUG PrimaryStageWindow   - GameScene -> DialogSubScene
15:24:07.652 [JavaFX Application Thread] DEBUG FXGLApplication      - Exiting FXGL
15:24:07.652 [JavaFX Application Thread] DEBUG LoopRunner           - Stopping loop
15:24:07.652 [JavaFX Application Thread] DEBUG SystemBundleService  - Saving FXGL system data
15:24:07.654 [JavaFX Application Thread] DEBUG FileSystemAccess     - Writing to: D:\bombermango\system\fxgl.bundle
15:24:07.657 [JavaFX Application Thread] DEBUG Async                - Shutting down background threads
15:24:07.657 [JavaFX Application Thread] DEBUG PrimaryStageWindow   - Closing main window
15:24:07.683 [JavaFX Application Thread] DEBUG Logger               - Closing Logger
