19:04:29.101 [main                     ] DEBUG Logger               - Configured Logger
19:04:29.145 [main                     ] DEBUG GameApplication      - Logging settings
Title: Bomberman
Version: 0.0
Width: 800
Height: 672
Fullscreen: false
Intro: false
Profiling: false
Single step:false
App Mode: DEVELOPER
Menu Key: ESCAPE
Stage Style: DECORATED
Scene Factory: class com.almasb.fxgl.app.scene.SceneFactory

19:04:29.731 [JavaFX Application Thread] DEBUG FXGLApplication      - Initializing FXGL
19:04:29.742 [JavaFX Application Thread] INFO  Engine               - FXGL-17.1 (24.03.2022 17.34) on WINDOWS (J:18.0.2.1 FX:18.0.1)
19:04:29.743 [JavaFX Application Thread] DEBUG Engine               - JRE Vendor Name: Oracle Corporation
19:04:29.744 [JavaFX Application Thread] DEBUG Engine               - Running on OS: Windows 10 version 10.0
19:04:29.744 [JavaFX Application Thread] DEBUG Engine               - Architecture: amd64
19:04:29.744 [JavaFX Application Thread] INFO  Engine               - Source code and latest versions at: https://github.com/AlmasB/FXGL
19:04:29.744 [JavaFX Application Thread] INFO  Engine               -       Ask questions and discuss at: https://github.com/AlmasB/FXGL/discussions
19:04:29.744 [JavaFX Application Thread] INFO  Engine               -              Join the FXGL chat at: https://gitter.im/AlmasB/FXGL
19:04:29.931 [JavaFX Application Thread] DEBUG PrimaryStageWindow   - Creating a JavaFX scene
19:04:30.016 [JavaFX Application Thread] DEBUG PrimaryStageWindow   - Target settings size: 800.0 x 672.0
19:04:30.017 [JavaFX Application Thread] DEBUG PrimaryStageWindow   - Scaled scene size:    800.0 x 672.0
19:04:30.017 [JavaFX Application Thread] DEBUG PrimaryStageWindow   - Scaled ratio: (1.0, 1.0)
19:04:30.019 [JavaFX Application Thread] DEBUG PrimaryStageWindow   - Set initial scene to FXGLStartupScene
19:04:30.034 [JavaFX Application Thread] DEBUG PrimaryStageWindow   - Opening main window
19:04:30.169 [JavaFX Application Thread] DEBUG PrimaryStageWindow   - Window border size: (14.66668701171875, 37.33331298828125)
19:04:30.169 [JavaFX Application Thread] DEBUG PrimaryStageWindow   - Scaled size: 800.0 x 672.0
19:04:30.169 [JavaFX Application Thread] DEBUG PrimaryStageWindow   - Scaled ratio: (1.0, 1.0)
19:04:30.172 [JavaFX Application Thread] DEBUG PrimaryStageWindow   - Scene size: 800.0 x 672.0
19:04:30.172 [JavaFX Application Thread] DEBUG PrimaryStageWindow   - Stage size: 814.6666870117188 x 709.3333129882812
19:04:30.184 [FXGL Background Thread 1 ] DEBUG Engine               - Initializing environment variables
19:04:30.298 [FXGL Background Thread 1 ] DEBUG FXGLAssetLoaderServi - User app class for loading assets: class mangobomb.bombermango.HelloApplication
19:04:30.299 [FXGL Background Thread 1 ] DEBUG GameApplicationServi - Applying CSS: fxgl_dark.css
19:04:30.301 [FXGL Background Thread 1 ] DEBUG FXGLAssetLoaderServi - Loading from file system: jar:file:/C:/Users/Admin/.m2/repository/com/github/almasb/fxgl/17.1/fxgl-17.1.jar!/fxglassets/ui/css/fxgl_dark.css
19:04:30.411 [FXGL Background Thread 1 ] DEBUG GameApplicationServi - Initializing application scenes
19:04:30.533 [FXGL Background Thread 1 ] DEBUG GameWorld            - Game world initialized
19:04:30.637 [FXGL Background Thread 1 ] DEBUG PhysicsWorld         - Physics world initialized: appHeight=672, physics.ppm=50.0
19:04:30.637 [FXGL Background Thread 1 ] DEBUG PhysicsWorld         - Using strategy: BRUTE_FORCE
19:04:30.645 [FXGL Background Thread 1 ] DEBUG GameScene            - Game scene initialized: 800x672
19:04:30.666 [FXGL Background Thread 1 ] DEBUG FXGL.DefaultMenu     - createMenuBodyMainMenu()
19:04:30.690 [FXGL Background Thread 1 ] DEBUG FXGL.DefaultMenu     - createOptionsMenu()
19:04:30.708 [FXGL Background Thread 1 ] DEBUG FXGLAssetLoaderServi - Loading from file system: jar:file:/C:/Users/Admin/.m2/repository/com/github/almasb/fxgl/17.1/fxgl-17.1.jar!/fxglassets/textures/particles/smoke.png
19:04:30.882 [FXGL Background Thread 1 ] DEBUG FXGLAssetLoaderServi - Loading from file system: jar:file:/C:/Users/Admin/.m2/repository/com/github/almasb/fxgl/17.1/fxgl-17.1.jar!/fxglassets/textures/particles/trace_horizontal.png
19:04:30.963 [FXGL Background Thread 1 ] DEBUG FXGL.DefaultMenu     - createMenuBodyGameMenu()
19:04:30.965 [FXGL Background Thread 1 ] DEBUG FXGL.DefaultMenu     - createOptionsMenu()
19:04:30.992 [FXGL Background Thread 1 ] DEBUG GameApplicationServi - Application scenes initialized
19:04:31.011 [FXGL Background Thread 1 ] DEBUG SystemBundleService  - Loading FXGL system data
19:04:31.019 [FXGL Background Thread 1 ] DEBUG FileSystemAccess     - Reading from: D:\bombermango\system\fxgl.bundle
19:04:31.046 [FXGL Background Thread 1 ] DEBUG SystemBundleService  - Bundle FXGL: {}
19:04:31.046 [FXGL Background Thread 1 ] DEBUG UpdaterService       - Checking for updates
19:04:31.053 [FXGL Background Thread 1 ] DEBUG FXGLApplication      - Loading default localization
19:04:31.054 [FXGL Background Thread 1 ] DEBUG FXGLAssetLoaderServi - Loading from file system: jar:file:/C:/Users/Admin/.m2/repository/com/github/almasb/fxgl/17.1/fxgl-17.1.jar!/fxglassets/languages/english.lang
19:04:31.063 [FXGL Background Thread 4 ] DEBUG FXGLApplication      - Loading fonts
19:04:31.064 [FXGL Background Thread 4 ] DEBUG FXGLAssetLoaderServi - Loading from file system: jar:file:/C:/Users/Admin/.m2/repository/com/github/almasb/fxgl/17.1/fxgl-17.1.jar!/fxglassets/ui/fonts/VarelaRound-Regular.ttf
19:04:31.119 [FXGL Background Thread 1 ] INFO  FXGLApplication      - FXGL initialization took: 0.934 sec
19:04:31.141 [JavaFX Application Thread] DEBUG Input                - Registered new binding: moveUp - W
19:04:31.141 [JavaFX Application Thread] DEBUG Input                - Registered new binding: moveRight - D
19:04:31.141 [JavaFX Application Thread] DEBUG Input                - Registered new binding: moveLeft - A
19:04:31.141 [JavaFX Application Thread] DEBUG Input                - Registered new binding: moveDown - S
19:04:31.141 [JavaFX Application Thread] DEBUG Input                - Registered new binding: implantBomb - F
19:04:31.142 [JavaFX Application Thread] DEBUG Input                - Registered new binding: PlayMusic - M
19:04:31.142 [JavaFX Application Thread] DEBUG Input                - Registered new binding: Pause - P
19:04:31.142 [JavaFX Application Thread] DEBUG FXGLAssetLoaderServi - Loading from file system: jar:file:/C:/Users/Admin/.m2/repository/com/github/almasb/fxgl/17.1/fxgl-17.1.jar!/fxglassets/textures/fxgl_icon.png
19:04:31.204 [JavaFX Application Thread] DEBUG FXGLAssetLoaderServi - Loading from file system: jar:file:/C:/Users/Admin/.m2/repository/com/github/almasb/fxgl/17.1/fxgl-17.1.jar!/fxglassets/textures/fxgl_default_cursor.png
19:04:31.209 [JavaFX Application Thread] DEBUG Input                - Registered new binding: Screenshot - CTRL+8
19:04:31.212 [JavaFX Application Thread] DEBUG Input                - Registered new binding: System info dump - CTRL+9
19:04:31.213 [JavaFX Application Thread] DEBUG Input                - Registered new binding: Restart - CTRL+R
19:04:31.215 [JavaFX Application Thread] DEBUG Input                - Registered new binding: Toggle Debug Camera - CTRL+7
19:04:31.228 [JavaFX Application Thread] DEBUG LoopRunner           - Starting loop
19:04:31.228 [JavaFX Application Thread] DEBUG LoopRunner           - Initializing JavaFX AnimationTimerLoop
19:04:31.231 [JavaFX Application Thread] DEBUG Input                - Clearing active input actions
19:04:31.243 [JavaFX Application Thread] DEBUG GameApplicationServi - Removing overlay from FXGLStartupScene and adding to FXGLMainMenuDummyScene
19:04:31.243 [JavaFX Application Thread] DEBUG PrimaryStageWindow   - FXGLStartupScene -> FXGLMainMenuDummyScene
19:04:31.244 [JavaFX Application Thread] DEBUG PrimaryStageWindow   - Push state: FXGLDefaultMenu
19:04:31.253 [JavaFX Application Thread] DEBUG Input                - Clearing active input actions
19:04:31.271 [JavaFX Application Thread] DEBUG GameApplicationServi - Removing overlay from FXGLMainMenuDummyScene and adding to FXGLDefaultMenu
19:04:31.272 [JavaFX Application Thread] DEBUG PrimaryStageWindow   - FXGLMainMenuDummyScene -> FXGLDefaultMenu
19:04:31.463 [FXGL Background Thread 4 ] DEBUG FXGLAssetLoaderServi - Loading from file system: jar:file:/C:/Users/Admin/.m2/repository/com/github/almasb/fxgl/17.1/fxgl-17.1.jar!/fxglassets/ui/fonts/Abel-Regular.ttf
19:04:31.486 [FXGL Background Thread 4 ] DEBUG FXGLAssetLoaderServi - Loading from file system: jar:file:/C:/Users/Admin/.m2/repository/com/github/almasb/fxgl/17.1/fxgl-17.1.jar!/fxglassets/ui/fonts/TerminalLandMono-Regular.otf
19:04:31.492 [FXGL Background Thread 4 ] DEBUG FXGLAssetLoaderServi - Loading from file system: jar:file:/C:/Users/Admin/.m2/repository/com/github/almasb/fxgl/17.1/fxgl-17.1.jar!/fxglassets/ui/fonts/Courier-Prime.ttf
19:04:31.655 [JavaFX Application Thread] DEBUG FXGLApplication      - Registering font factories with UI factory
19:04:32.098 [FXGL Background Thread 2 ] INFO  UpdaterService       - Your current version:  17.1
19:04:32.099 [FXGL Background Thread 2 ] INFO  UpdaterService       - Latest stable version: 17.2
19:04:32.371 [JavaFX Application Thread] DEBUG Menu                 - fireNewGame()
19:04:32.372 [JavaFX Application Thread] DEBUG GameApplicationServi - Starting new game
19:04:32.375 [JavaFX Application Thread] DEBUG PrimaryStageWindow   - Pop state: FXGLDefaultMenu
19:04:32.375 [JavaFX Application Thread] DEBUG Input                - Clearing active input actions
19:04:32.376 [JavaFX Application Thread] DEBUG GameApplicationServi - Removing overlay from FXGLDefaultMenu and adding to FXGLMainMenuDummyScene
19:04:32.377 [JavaFX Application Thread] DEBUG PrimaryStageWindow   - FXGLMainMenuDummyScene <- FXGLDefaultMenu
19:04:32.377 [JavaFX Application Thread] DEBUG Input                - Clearing active input actions
19:04:32.399 [JavaFX Application Thread] DEBUG GameApplicationServi - Removing overlay from FXGLMainMenuDummyScene and adding to FXGLLoadingScene
19:04:32.400 [JavaFX Application Thread] DEBUG PrimaryStageWindow   - FXGLMainMenuDummyScene -> FXGLLoadingScene
19:04:32.400 [JavaFX Application Thread] DEBUG GameApplicationServi - Clearing previous game
19:04:32.400 [JavaFX Application Thread] DEBUG GameScene            - Clearing game scene
19:04:32.400 [JavaFX Application Thread] DEBUG GameWorld            - Clearing game world
19:04:32.400 [JavaFX Application Thread] DEBUG PhysicsWorld         - Clearing physics world
19:04:32.404 [FXGL Background Thread 2 ] DEBUG FXGLApplication      - Initializing game
19:04:32.440 [FXGL Background Thread 2 ] DEBUG FXGLAssetLoaderServi - Loading from file system: file:/D:/bombermango/target/classes/assets/textures/sprites/wall.png
19:04:32.494 [FXGL Background Thread 2 ] DEBUG FXGLAssetLoaderServi - Loading from file system: file:/D:/bombermango/target/classes/assets/textures/sprites/brick.png
19:04:32.676 [FXGL Background Thread 2 ] DEBUG GameWorld            - Clearing removable entities
19:04:32.677 [FXGL Background Thread 2 ] DEBUG GameWorld            - Setting level: com.almasb.fxgl.entity.level.Level@268904d7
19:04:32.816 [FXGL Background Thread 2 ] WARN  FXGLAssetLoaderServi - Asset "/assets/music/gameaudio.wav" was not found!
19:04:32.817 [FXGL Background Thread 2 ] WARN  FXGLAssetLoaderServi - Failed to load MUSIC
19:04:32.824 [FXGL Background Thread 2 ] DEBUG FXGLAssetLoaderServi - Loading from file system: file:/D:/bombermango/target/classes/assets/textures/sprites/player_right.png
19:04:32.826 [FXGL Background Thread 2 ] DEBUG FXGLAssetLoaderServi - Loading from file system: file:/D:/bombermango/target/classes/assets/textures/sprites/player_right_1.png
19:04:32.828 [FXGL Background Thread 2 ] WARN  FXGLAssetLoaderServi - Asset "/assets/textures/sprites/player_right_2.png" was not found!
19:04:32.828 [FXGL Background Thread 2 ] WARN  FXGLAssetLoaderServi - Failed to load RESIZABLE_IMAGE
19:04:32.874 [FXGL Background Thread 2 ] DEBUG FXGLAssetLoaderServi - Loading from file system: file:/D:/bombermango/target/classes/assets/textures/sprites/player_down.png
19:04:32.878 [FXGL Background Thread 2 ] DEBUG FXGLAssetLoaderServi - Loading from file system: file:/D:/bombermango/target/classes/assets/textures/sprites/player_down_1.png
19:04:32.880 [FXGL Background Thread 2 ] DEBUG FXGLAssetLoaderServi - Loading from file system: file:/D:/bombermango/target/classes/assets/textures/sprites/player_down_2.png
19:04:32.885 [FXGL Background Thread 2 ] DEBUG FXGLAssetLoaderServi - Loading from file system: file:/D:/bombermango/target/classes/assets/textures/sprites/player_left.png
19:04:32.887 [FXGL Background Thread 2 ] DEBUG FXGLAssetLoaderServi - Loading from file system: file:/D:/bombermango/target/classes/assets/textures/sprites/player_left_1.png
19:04:32.889 [FXGL Background Thread 2 ] DEBUG FXGLAssetLoaderServi - Loading from file system: file:/D:/bombermango/target/classes/assets/textures/sprites/player_left_2.png
19:04:32.896 [FXGL Background Thread 2 ] DEBUG FXGLAssetLoaderServi - Loading from file system: file:/D:/bombermango/target/classes/assets/textures/sprites/portal.png
19:04:32.902 [FXGL Background Thread 2 ] DEBUG FXGLAssetLoaderServi - Loading from file system: file:/D:/bombermango/target/classes/assets/textures/sprites/powerup_bombs.png
19:04:32.909 [FXGL Background Thread 2 ] DEBUG FXGLAssetLoaderServi - Loading from file system: file:/D:/bombermango/target/classes/assets/textures/sprites/powerup_flames.png
19:04:32.921 [FXGL Background Thread 2 ] INFO  FXGLApplication      - Game initialization took: 0.518 sec
19:04:32.922 [JavaFX Application Thread] DEBUG Input                - Clearing active input actions
19:04:32.941 [JavaFX Application Thread] DEBUG GameApplicationServi - Removing overlay from FXGLLoadingScene and adding to GameScene
19:04:32.941 [JavaFX Application Thread] DEBUG PrimaryStageWindow   - FXGLLoadingScene -> GameScene
19:04:34.052 [FXGL Background Thread 3 ] DEBUG Engine               - Logging environment variables
19:04:34.053 [FXGL Background Thread 3 ] DEBUG Engine               - achievements: []
19:04:34.053 [FXGL Background Thread 3 ] DEBUG Engine               - actualHeight: 672.0
19:04:34.054 [FXGL Background Thread 3 ] DEBUG Engine               - actualHeightProperty: ReadOnlyDoubleProperty [value: 672.0]
19:04:34.054 [FXGL Background Thread 3 ] DEBUG Engine               - actualWidth: 800.0
19:04:34.054 [FXGL Background Thread 3 ] DEBUG Engine               - actualWidthProperty: ReadOnlyDoubleProperty [value: 800.0]
19:04:34.054 [FXGL Background Thread 3 ] DEBUG Engine               - appIcon: fxgl_icon.png
19:04:34.054 [FXGL Background Thread 3 ] DEBUG Engine               - applicationMode: DEVELOPER
19:04:34.054 [FXGL Background Thread 3 ] DEBUG Engine               - cSSList: [fxgl_dark.css]
19:04:34.054 [FXGL Background Thread 3 ] DEBUG Engine               - collisionDetectionStrategy: BRUTE_FORCE
19:04:34.054 [FXGL Background Thread 3 ] DEBUG Engine               - configClass: Optional.empty
19:04:34.054 [FXGL Background Thread 3 ] DEBUG Engine               - credits: []
19:04:34.055 [FXGL Background Thread 3 ] DEBUG Engine               - defaultCursor: CursorInfo(imageName=fxgl_default_cursor.png, hotspotX=7.0, hotspotY=6.0)
19:04:34.055 [FXGL Background Thread 3 ] DEBUG Engine               - devBBoxColorProperty: ObjectProperty [value: 0xff0000ff]
19:04:34.055 [FXGL Background Thread 3 ] DEBUG Engine               - devEnableDebugCameraProperty: BooleanProperty [value: false]
19:04:34.055 [FXGL Background Thread 3 ] DEBUG Engine               - devSensorColorProperty: ObjectProperty [value: 0xffff00ff]
19:04:34.055 [FXGL Background Thread 3 ] DEBUG Engine               - devShowBBoxProperty: BooleanProperty [value: false]
19:04:34.056 [FXGL Background Thread 3 ] DEBUG Engine               - devShowPositionProperty: BooleanProperty [value: false]
19:04:34.056 [FXGL Background Thread 3 ] DEBUG Engine               - enabledMenuItems: []
19:04:34.056 [FXGL Background Thread 3 ] DEBUG Engine               - engineServices: [class com.almasb.fxgl.app.services.FXGLAssetLoaderService, class com.almasb.fxgl.app.FXGLApplication$GameApplicationService, class com.almasb.fxgl.app.services.FXGLDialogService, class com.almasb.fxgl.app.services.IOTaskExecutorService, class com.almasb.fxgl.io.FileSystemService, class com.almasb.fxgl.localization.LocalizationService, class com.almasb.fxgl.app.services.SystemBundleService, class com.almasb.fxgl.profile.SaveLoadService, class com.almasb.fxgl.ui.FXGLUIFactoryServiceProvider, class com.almasb.fxgl.ui.FXGLDialogFactoryServiceProvider, class com.almasb.fxgl.audio.AudioPlayer, class com.almasb.fxgl.notification.impl.NotificationServiceProvider, class com.almasb.fxgl.achievement.AchievementService, class com.almasb.fxgl.cutscene.CutsceneService, class com.almasb.fxgl.minigames.MiniGameService, class com.almasb.fxgl.net.NetService, class com.almasb.fxgl.app.services.UpdaterService, class com.almasb.fxgl.dev.DevService]
19:04:34.056 [FXGL Background Thread 3 ] DEBUG Engine               - fontGame: Abel-Regular.ttf
19:04:34.056 [FXGL Background Thread 3 ] DEBUG Engine               - fontMono: TerminalLandMono-Regular.otf
19:04:34.056 [FXGL Background Thread 3 ] DEBUG Engine               - fontText: Courier-Prime.ttf
19:04:34.056 [FXGL Background Thread 3 ] DEBUG Engine               - fontUI: VarelaRound-Regular.ttf
19:04:34.056 [FXGL Background Thread 3 ] DEBUG Engine               - fullScreen: BooleanProperty [value: false]
19:04:34.056 [FXGL Background Thread 3 ] DEBUG Engine               - gameDifficulty: MEDIUM
19:04:34.056 [FXGL Background Thread 3 ] DEBUG Engine               - gameDifficultyProperty: ObjectProperty [value: MEDIUM]
19:04:34.057 [FXGL Background Thread 3 ] DEBUG Engine               - globalMusicVolume: 0.5
19:04:34.057 [FXGL Background Thread 3 ] DEBUG Engine               - globalMusicVolumeProperty: DoubleProperty [value: 0.5]
19:04:34.057 [FXGL Background Thread 3 ] DEBUG Engine               - globalSoundVolume: 0.5
19:04:34.057 [FXGL Background Thread 3 ] DEBUG Engine               - globalSoundVolumeProperty: DoubleProperty [value: 0.5]
19:04:34.057 [FXGL Background Thread 3 ] DEBUG Engine               - height: 672
19:04:34.058 [FXGL Background Thread 3 ] DEBUG Engine               - is3D: false
19:04:34.058 [FXGL Background Thread 3 ] DEBUG Engine               - isAndroid: false
19:04:34.058 [FXGL Background Thread 3 ] DEBUG Engine               - isBrowser: false
19:04:34.058 [FXGL Background Thread 3 ] DEBUG Engine               - isClickFeedbackEnabled: false
19:04:34.058 [FXGL Background Thread 3 ] DEBUG Engine               - isCloseConfirmation: false
19:04:34.058 [FXGL Background Thread 3 ] DEBUG Engine               - isDesktop: true
19:04:34.058 [FXGL Background Thread 3 ] DEBUG Engine               - isDeveloperMenuEnabled: false
19:04:34.058 [FXGL Background Thread 3 ] DEBUG Engine               - isEmbedded: false
19:04:34.058 [FXGL Background Thread 3 ] DEBUG Engine               - isEntityPreloadEnabled: true
19:04:34.058 [FXGL Background Thread 3 ] DEBUG Engine               - isExperimentalTiledLargeMap: false
19:04:34.058 [FXGL Background Thread 3 ] DEBUG Engine               - isFileSystemWriteAllowed: true
19:04:34.059 [FXGL Background Thread 3 ] DEBUG Engine               - isFullScreenAllowed: false
19:04:34.059 [FXGL Background Thread 3 ] DEBUG Engine               - isFullScreenFromStart: false
19:04:34.059 [FXGL Background Thread 3 ] DEBUG Engine               - isGameMenuEnabled: true
19:04:34.059 [FXGL Background Thread 3 ] DEBUG Engine               - isIOS: false
19:04:34.059 [FXGL Background Thread 3 ] DEBUG Engine               - isIntroEnabled: false
19:04:34.059 [FXGL Background Thread 3 ] DEBUG Engine               - isLinux: false
19:04:34.059 [FXGL Background Thread 3 ] DEBUG Engine               - isMac: false
19:04:34.059 [FXGL Background Thread 3 ] DEBUG Engine               - isMainMenuEnabled: true
19:04:34.059 [FXGL Background Thread 3 ] DEBUG Engine               - isManualResizeEnabled: false
19:04:34.059 [FXGL Background Thread 3 ] DEBUG Engine               - isMobile: false
19:04:34.060 [FXGL Background Thread 3 ] DEBUG Engine               - isNative: false
19:04:34.060 [FXGL Background Thread 3 ] DEBUG Engine               - isPauseMusicWhenMinimized: true
19:04:34.060 [FXGL Background Thread 3 ] DEBUG Engine               - isPreserveResizeRatio: false
19:04:34.060 [FXGL Background Thread 3 ] DEBUG Engine               - isProfilingEnabled: false
19:04:34.060 [FXGL Background Thread 3 ] DEBUG Engine               - isScaleAffectedOnResize: true
19:04:34.060 [FXGL Background Thread 3 ] DEBUG Engine               - isSingleStep: false
19:04:34.060 [FXGL Background Thread 3 ] DEBUG Engine               - isUserProfileEnabled: false
19:04:34.060 [FXGL Background Thread 3 ] DEBUG Engine               - isWindows: true
19:04:34.060 [FXGL Background Thread 3 ] DEBUG Engine               - language: ObjectProperty [value: ENGLISH]
19:04:34.060 [FXGL Background Thread 3 ] DEBUG Engine               - menuKey: ESCAPE
19:04:34.061 [FXGL Background Thread 3 ] DEBUG Engine               - mouseSensitivity: 0.2
19:04:34.061 [FXGL Background Thread 3 ] DEBUG Engine               - notificationViewClass: class com.almasb.fxgl.notification.view.XboxNotificationView
19:04:34.061 [FXGL Background Thread 3 ] DEBUG Engine               - pixelsPerMeter: 50.0
19:04:34.061 [FXGL Background Thread 3 ] DEBUG Engine               - platform: WINDOWS
19:04:34.061 [FXGL Background Thread 3 ] DEBUG Engine               - prefHeightProperty: ReadOnlyDoubleProperty [value: 672.0]
19:04:34.061 [FXGL Background Thread 3 ] DEBUG Engine               - prefWidthProperty: ReadOnlyDoubleProperty [value: 800.0]
19:04:34.061 [FXGL Background Thread 3 ] DEBUG Engine               - profileDir: profiles/
19:04:34.061 [FXGL Background Thread 3 ] DEBUG Engine               - profileName: StringProperty [value: DEFAULT]
19:04:34.061 [FXGL Background Thread 3 ] DEBUG Engine               - randomSeed: -1
19:04:34.062 [FXGL Background Thread 3 ] DEBUG Engine               - runtimeInfo: RuntimeInfo(platform=WINDOWS, version=17.1, build=24.03.2022 17.34)
19:04:34.062 [FXGL Background Thread 3 ] DEBUG Engine               - saveFileExt: sav
19:04:34.062 [FXGL Background Thread 3 ] DEBUG Engine               - scaledHeightProp$fxgl: DoubleProperty [bound, value: 672.0]
19:04:34.062 [FXGL Background Thread 3 ] DEBUG Engine               - scaledWidthProp$fxgl: DoubleProperty [bound, value: 800.0]
19:04:34.062 [FXGL Background Thread 3 ] DEBUG Engine               - sceneFactory: com.almasb.fxgl.app.scene.SceneFactory@54a2a671
19:04:34.062 [FXGL Background Thread 3 ] DEBUG Engine               - secondsIn24h: 60
19:04:34.062 [FXGL Background Thread 3 ] DEBUG Engine               - soundMenuBack: menu/back.wav
19:04:34.062 [FXGL Background Thread 3 ] DEBUG Engine               - soundMenuPress: menu/press.wav
19:04:34.062 [FXGL Background Thread 3 ] DEBUG Engine               - soundMenuSelect: menu/select.wav
19:04:34.063 [FXGL Background Thread 3 ] DEBUG Engine               - soundNotification: core/notification.wav
19:04:34.063 [FXGL Background Thread 3 ] DEBUG Engine               - stageStyle: DECORATED
19:04:34.063 [FXGL Background Thread 3 ] DEBUG Engine               - supportedLanguages: [ENGLISH, FRENCH, GERMAN, HUNGARIAN, RUSSIAN]
19:04:34.063 [FXGL Background Thread 3 ] DEBUG Engine               - ticksPerSecond: -1
19:04:34.063 [FXGL Background Thread 3 ] DEBUG Engine               - title: Bomberman
19:04:34.063 [FXGL Background Thread 3 ] DEBUG Engine               - urlGithub: https://github.com/AlmasB/FXGL
19:04:34.063 [FXGL Background Thread 3 ] DEBUG Engine               - urlLeaderboard: http://fxgl-top.herokuapp.com/
19:04:34.063 [FXGL Background Thread 3 ] DEBUG Engine               - urlPOM: https://raw.githubusercontent.com/AlmasB/FXGL/release/README.md
19:04:34.063 [FXGL Background Thread 3 ] DEBUG Engine               - userAppClass: class mangobomb.bombermango.HelloApplication
19:04:34.064 [FXGL Background Thread 3 ] DEBUG Engine               - version: 0.0
19:04:34.064 [FXGL Background Thread 3 ] DEBUG Engine               - versionCheckDays: 7
19:04:34.064 [FXGL Background Thread 3 ] DEBUG Engine               - width: 800
19:04:34.064 [FXGL Background Thread 3 ] DEBUG Engine               - Logging services
19:04:34.064 [FXGL Background Thread 3 ] DEBUG Engine               - class com.almasb.fxgl.app.services.FXGLAssetLoaderService
19:04:34.064 [FXGL Background Thread 3 ] DEBUG Engine               - class com.almasb.fxgl.app.FXGLApplication$GameApplicationService
19:04:34.064 [FXGL Background Thread 3 ] DEBUG Engine               - class com.almasb.fxgl.app.services.FXGLDialogService
19:04:34.064 [FXGL Background Thread 3 ] DEBUG Engine               - class com.almasb.fxgl.app.services.IOTaskExecutorService
19:04:34.064 [FXGL Background Thread 3 ] DEBUG Engine               - class com.almasb.fxgl.io.FileSystemService
19:04:34.064 [FXGL Background Thread 3 ] DEBUG Engine               - class com.almasb.fxgl.localization.LocalizationService
19:04:34.064 [FXGL Background Thread 3 ] DEBUG Engine               - class com.almasb.fxgl.app.services.SystemBundleService
19:04:34.065 [FXGL Background Thread 3 ] DEBUG Engine               - class com.almasb.fxgl.profile.SaveLoadService
19:04:34.065 [FXGL Background Thread 3 ] DEBUG Engine               - class com.almasb.fxgl.ui.FXGLUIFactoryServiceProvider
19:04:34.065 [FXGL Background Thread 3 ] DEBUG Engine               - class com.almasb.fxgl.ui.FXGLDialogFactoryServiceProvider
19:04:34.065 [FXGL Background Thread 3 ] DEBUG Engine               - class com.almasb.fxgl.audio.AudioPlayer
19:04:34.065 [FXGL Background Thread 3 ] DEBUG Engine               - class com.almasb.fxgl.notification.impl.NotificationServiceProvider
19:04:34.065 [FXGL Background Thread 3 ] DEBUG Engine               - class com.almasb.fxgl.achievement.AchievementService
19:04:34.065 [FXGL Background Thread 3 ] DEBUG Engine               - class com.almasb.fxgl.cutscene.CutsceneService
19:04:34.065 [FXGL Background Thread 3 ] DEBUG Engine               - class com.almasb.fxgl.minigames.MiniGameService
19:04:34.065 [FXGL Background Thread 3 ] DEBUG Engine               - class com.almasb.fxgl.net.NetService
19:04:34.065 [FXGL Background Thread 3 ] DEBUG Engine               - class com.almasb.fxgl.app.services.UpdaterService
19:04:34.065 [FXGL Background Thread 3 ] DEBUG Engine               - class com.almasb.fxgl.dev.DevService
19:04:34.352 [JavaFX Application Thread] DEBUG FXGLAssetLoaderServi - Loading from file system: file:/D:/bombermango/target/classes/assets/textures/sprites/bomb.png
19:04:34.355 [JavaFX Application Thread] DEBUG FXGLAssetLoaderServi - Loading from file system: file:/D:/bombermango/target/classes/assets/textures/sprites/bomb_1.png
19:04:34.358 [JavaFX Application Thread] DEBUG FXGLAssetLoaderServi - Loading from file system: file:/D:/bombermango/target/classes/assets/textures/sprites/bomb_2.png
19:04:35.645 [JavaFX Application Thread] DEBUG FXGLAssetLoaderServi - Loading from file system: file:/D:/bombermango/target/classes/assets/textures/sprites/bomb_exploded.png
19:04:35.646 [JavaFX Application Thread] DEBUG FXGLAssetLoaderServi - Loading from file system: file:/D:/bombermango/target/classes/assets/textures/sprites/bomb_exploded1.png
19:04:35.649 [JavaFX Application Thread] DEBUG FXGLAssetLoaderServi - Loading from file system: file:/D:/bombermango/target/classes/assets/textures/sprites/bomb_exploded2.png
19:04:55.858 [JavaFX Application Thread] DEBUG GameWorld            - Clearing removable entities
19:04:55.876 [JavaFX Application Thread] DEBUG GameWorld            - Setting level: com.almasb.fxgl.entity.level.Level@63e739e
19:04:55.899 [JavaFX Application Thread] WARN  FXGLAssetLoaderServi - Asset "/assets/music/gameaudio.wav" was not found!
19:04:55.899 [JavaFX Application Thread] WARN  FXGLAssetLoaderServi - Failed to load MUSIC
19:04:55.900 [JavaFX Application Thread] WARN  FXGLAssetLoaderServi - Asset "/assets/textures/sprites/player_right_2.png" was not found!
19:04:55.900 [JavaFX Application Thread] WARN  FXGLAssetLoaderServi - Failed to load RESIZABLE_IMAGE
19:04:58.637 [JavaFX Application Thread] DEBUG FXGLApplication      - Exiting FXGL
19:04:58.637 [JavaFX Application Thread] DEBUG LoopRunner           - Stopping loop
19:04:58.637 [JavaFX Application Thread] DEBUG SystemBundleService  - Saving FXGL system data
19:04:58.639 [JavaFX Application Thread] DEBUG FileSystemAccess     - Writing to: D:\bombermango\system\fxgl.bundle
19:04:58.641 [JavaFX Application Thread] DEBUG Async                - Shutting down background threads
19:04:58.642 [JavaFX Application Thread] DEBUG PrimaryStageWindow   - Closing main window
19:04:58.690 [JavaFX Application Thread] DEBUG Logger               - Closing Logger
