11:56:47.561 [main                     ] DEBUG Logger               - Configured Logger
11:56:47.747 [main                     ] DEBUG GameApplication      - Logging settings
Title: Bomberman
Version: 0.0
Width: 800
Height: 600
Fullscreen: false
Intro: false
Profiling: false
Single step:false
App Mode: DEVELOPER
Menu Key: ESCAPE
Stage Style: DECORATED
Scene Factory: class com.almasb.fxgl.app.scene.SceneFactory

11:56:49.114 [JavaFX Application Thread] DEBUG FXGLApplication      - Initializing FXGL
11:56:49.126 [JavaFX Application Thread] INFO  Engine               - FXGL-17.1 (24.03.2022 17.34) on WINDOWS (J:18.0.2.1 FX:18.0.1)
11:56:49.127 [JavaFX Application Thread] DEBUG Engine               - JRE Vendor Name: Oracle Corporation
11:56:49.127 [JavaFX Application Thread] DEBUG Engine               - Running on OS: Windows 10 version 10.0
11:56:49.128 [JavaFX Application Thread] DEBUG Engine               - Architecture: amd64
11:56:49.128 [JavaFX Application Thread] INFO  Engine               - Source code and latest versions at: https://github.com/AlmasB/FXGL
11:56:49.128 [JavaFX Application Thread] INFO  Engine               -       Ask questions and discuss at: https://github.com/AlmasB/FXGL/discussions
11:56:49.128 [JavaFX Application Thread] INFO  Engine               -              Join the FXGL chat at: https://gitter.im/AlmasB/FXGL
11:56:49.306 [JavaFX Application Thread] DEBUG PrimaryStageWindow   - Creating a JavaFX scene
11:56:49.385 [JavaFX Application Thread] DEBUG PrimaryStageWindow   - Target settings size: 800.0 x 600.0
11:56:49.386 [JavaFX Application Thread] DEBUG PrimaryStageWindow   - Scaled scene size:    800.0 x 600.0
11:56:49.386 [JavaFX Application Thread] DEBUG PrimaryStageWindow   - Scaled ratio: (1.0, 1.0)
11:56:49.388 [JavaFX Application Thread] DEBUG PrimaryStageWindow   - Set initial scene to FXGLStartupScene
11:56:49.402 [JavaFX Application Thread] DEBUG PrimaryStageWindow   - Opening main window
11:56:49.534 [JavaFX Application Thread] DEBUG PrimaryStageWindow   - Window border size: (14.66668701171875, 37.33331298828125)
11:56:49.535 [JavaFX Application Thread] DEBUG PrimaryStageWindow   - Scaled size: 800.0 x 600.0
11:56:49.535 [JavaFX Application Thread] DEBUG PrimaryStageWindow   - Scaled ratio: (1.0, 1.0)
11:56:49.536 [JavaFX Application Thread] DEBUG PrimaryStageWindow   - Scene size: 800.0 x 600.0
11:56:49.536 [JavaFX Application Thread] DEBUG PrimaryStageWindow   - Stage size: 814.6666870117188 x 637.3333129882812
11:56:49.549 [FXGL Background Thread 1 ] DEBUG Engine               - Initializing environment variables
11:56:49.641 [FXGL Background Thread 1 ] DEBUG FXGLAssetLoaderServi - User app class for loading assets: class mangobomb.bombermango.HelloApplication
11:56:49.642 [FXGL Background Thread 1 ] DEBUG GameApplicationServi - Applying CSS: fxgl_dark.css
11:56:49.643 [FXGL Background Thread 1 ] DEBUG FXGLAssetLoaderServi - Loading from file system: jar:file:/C:/Users/Admin/.m2/repository/com/github/almasb/fxgl/17.1/fxgl-17.1.jar!/fxglassets/ui/css/fxgl_dark.css
11:56:49.744 [FXGL Background Thread 1 ] DEBUG GameApplicationServi - Initializing application scenes
11:56:49.856 [FXGL Background Thread 1 ] DEBUG GameWorld            - Game world initialized
11:56:49.964 [FXGL Background Thread 1 ] DEBUG PhysicsWorld         - Physics world initialized: appHeight=600, physics.ppm=50.0
11:56:49.964 [FXGL Background Thread 1 ] DEBUG PhysicsWorld         - Using strategy: BRUTE_FORCE
11:56:49.972 [FXGL Background Thread 1 ] DEBUG GameScene            - Game scene initialized: 800x600
11:56:49.995 [FXGL Background Thread 1 ] DEBUG FXGL.DefaultMenu     - createMenuBodyMainMenu()
11:56:50.025 [FXGL Background Thread 1 ] DEBUG FXGL.DefaultMenu     - createOptionsMenu()
11:56:50.053 [FXGL Background Thread 1 ] DEBUG FXGLAssetLoaderServi - Loading from file system: jar:file:/C:/Users/Admin/.m2/repository/com/github/almasb/fxgl/17.1/fxgl-17.1.jar!/fxglassets/textures/particles/smoke.png
11:56:50.239 [FXGL Background Thread 1 ] DEBUG FXGLAssetLoaderServi - Loading from file system: jar:file:/C:/Users/Admin/.m2/repository/com/github/almasb/fxgl/17.1/fxgl-17.1.jar!/fxglassets/textures/particles/trace_horizontal.png
11:56:50.295 [FXGL Background Thread 1 ] DEBUG FXGL.DefaultMenu     - createMenuBodyGameMenu()
11:56:50.299 [FXGL Background Thread 1 ] DEBUG FXGL.DefaultMenu     - createOptionsMenu()
11:56:50.328 [FXGL Background Thread 1 ] DEBUG GameApplicationServi - Application scenes initialized
11:56:50.351 [FXGL Background Thread 1 ] DEBUG SystemBundleService  - Loading FXGL system data
11:56:50.359 [FXGL Background Thread 1 ] DEBUG FileSystemAccess     - Reading from: D:\bombermango\system\fxgl.bundle
11:56:50.375 [FXGL Background Thread 1 ] DEBUG SystemBundleService  - Bundle FXGL: {}
11:56:50.375 [FXGL Background Thread 1 ] DEBUG UpdaterService       - Checking for updates
11:56:50.410 [FXGL Background Thread 1 ] DEBUG FXGLApplication      - Loading default localization
11:56:50.411 [FXGL Background Thread 1 ] DEBUG FXGLAssetLoaderServi - Loading from file system: jar:file:/C:/Users/Admin/.m2/repository/com/github/almasb/fxgl/17.1/fxgl-17.1.jar!/fxglassets/languages/english.lang
11:56:50.438 [FXGL Background Thread 1 ] INFO  FXGLApplication      - FXGL initialization took: 0.888 sec
11:56:50.453 [FXGL Background Thread 4 ] DEBUG FXGLApplication      - Loading fonts
11:56:50.454 [FXGL Background Thread 4 ] DEBUG FXGLAssetLoaderServi - Loading from file system: jar:file:/C:/Users/Admin/.m2/repository/com/github/almasb/fxgl/17.1/fxgl-17.1.jar!/fxglassets/ui/fonts/VarelaRound-Regular.ttf
11:56:50.457 [JavaFX Application Thread] DEBUG Input                - Registered new binding: moveUp - W
11:56:50.458 [JavaFX Application Thread] DEBUG Input                - Registered new binding: moveRight - D
11:56:50.458 [JavaFX Application Thread] DEBUG Input                - Registered new binding: moveLeft - A
11:56:50.458 [JavaFX Application Thread] DEBUG Input                - Registered new binding: moveDown - S
11:56:50.458 [JavaFX Application Thread] DEBUG Input                - Registered new binding: implantBomb - F
11:56:50.458 [JavaFX Application Thread] DEBUG FXGLAssetLoaderServi - Loading from file system: jar:file:/C:/Users/Admin/.m2/repository/com/github/almasb/fxgl/17.1/fxgl-17.1.jar!/fxglassets/textures/fxgl_icon.png
11:56:50.500 [JavaFX Application Thread] DEBUG FXGLAssetLoaderServi - Loading from file system: jar:file:/C:/Users/Admin/.m2/repository/com/github/almasb/fxgl/17.1/fxgl-17.1.jar!/fxglassets/textures/fxgl_default_cursor.png
11:56:50.507 [JavaFX Application Thread] DEBUG Input                - Registered new binding: Screenshot - CTRL+8
11:56:50.507 [JavaFX Application Thread] DEBUG Input                - Registered new binding: System info dump - CTRL+9
11:56:50.511 [JavaFX Application Thread] DEBUG Input                - Registered new binding: Restart - CTRL+R
11:56:50.516 [JavaFX Application Thread] DEBUG Input                - Registered new binding: Toggle Debug Camera - CTRL+7
11:56:50.525 [JavaFX Application Thread] DEBUG LoopRunner           - Starting loop
11:56:50.525 [JavaFX Application Thread] DEBUG LoopRunner           - Initializing JavaFX AnimationTimerLoop
11:56:50.529 [JavaFX Application Thread] DEBUG Input                - Clearing active input actions
11:56:50.538 [JavaFX Application Thread] DEBUG GameApplicationServi - Removing overlay from FXGLStartupScene and adding to FXGLMainMenuDummyScene
11:56:50.538 [JavaFX Application Thread] DEBUG PrimaryStageWindow   - FXGLStartupScene -> FXGLMainMenuDummyScene
11:56:50.538 [JavaFX Application Thread] DEBUG PrimaryStageWindow   - Push state: FXGLDefaultMenu
11:56:50.544 [JavaFX Application Thread] DEBUG Input                - Clearing active input actions
11:56:50.556 [JavaFX Application Thread] DEBUG GameApplicationServi - Removing overlay from FXGLMainMenuDummyScene and adding to FXGLDefaultMenu
11:56:50.557 [JavaFX Application Thread] DEBUG PrimaryStageWindow   - FXGLMainMenuDummyScene -> FXGLDefaultMenu
11:56:50.767 [FXGL Background Thread 4 ] DEBUG FXGLAssetLoaderServi - Loading from file system: jar:file:/C:/Users/Admin/.m2/repository/com/github/almasb/fxgl/17.1/fxgl-17.1.jar!/fxglassets/ui/fonts/Abel-Regular.ttf
11:56:50.771 [FXGL Background Thread 4 ] DEBUG FXGLAssetLoaderServi - Loading from file system: jar:file:/C:/Users/Admin/.m2/repository/com/github/almasb/fxgl/17.1/fxgl-17.1.jar!/fxglassets/ui/fonts/TerminalLandMono-Regular.otf
11:56:50.776 [FXGL Background Thread 4 ] DEBUG FXGLAssetLoaderServi - Loading from file system: jar:file:/C:/Users/Admin/.m2/repository/com/github/almasb/fxgl/17.1/fxgl-17.1.jar!/fxglassets/ui/fonts/Courier-Prime.ttf
11:56:50.922 [JavaFX Application Thread] DEBUG FXGLApplication      - Registering font factories with UI factory
11:56:51.636 [FXGL Background Thread 2 ] INFO  UpdaterService       - Your current version:  17.1
11:56:51.637 [FXGL Background Thread 2 ] INFO  UpdaterService       - Latest stable version: 17.2
11:56:51.988 [JavaFX Application Thread] DEBUG Menu                 - fireNewGame()
11:56:51.989 [JavaFX Application Thread] DEBUG GameApplicationServi - Starting new game
11:56:51.991 [JavaFX Application Thread] DEBUG PrimaryStageWindow   - Pop state: FXGLDefaultMenu
11:56:51.992 [JavaFX Application Thread] DEBUG Input                - Clearing active input actions
11:56:51.993 [JavaFX Application Thread] DEBUG GameApplicationServi - Removing overlay from FXGLDefaultMenu and adding to FXGLMainMenuDummyScene
11:56:51.993 [JavaFX Application Thread] DEBUG PrimaryStageWindow   - FXGLMainMenuDummyScene <- FXGLDefaultMenu
11:56:51.994 [JavaFX Application Thread] DEBUG Input                - Clearing active input actions
11:56:52.007 [JavaFX Application Thread] DEBUG GameApplicationServi - Removing overlay from FXGLMainMenuDummyScene and adding to FXGLLoadingScene
11:56:52.007 [JavaFX Application Thread] DEBUG PrimaryStageWindow   - FXGLMainMenuDummyScene -> FXGLLoadingScene
11:56:52.007 [JavaFX Application Thread] DEBUG GameApplicationServi - Clearing previous game
11:56:52.008 [JavaFX Application Thread] DEBUG GameScene            - Clearing game scene
11:56:52.008 [JavaFX Application Thread] DEBUG GameWorld            - Clearing game world
11:56:52.008 [JavaFX Application Thread] DEBUG PhysicsWorld         - Clearing physics world
11:56:52.010 [FXGL Background Thread 2 ] DEBUG FXGLApplication      - Initializing game
11:56:52.023 [FXGL Background Thread 2 ] DEBUG FXGLAssetLoaderServi - Loading from file system: file:/D:/bombermango/target/classes/assets/textures/sprites/grass.png
11:56:52.040 [FXGL Background Thread 2 ] DEBUG FXGLAssetLoaderServi - Loading from file system: file:/D:/bombermango/target/classes/assets/textures/sprites/wall.png
11:56:52.136 [FXGL Background Thread 2 ] DEBUG GameWorld            - Clearing removable entities
11:56:52.139 [FXGL Background Thread 2 ] DEBUG GameWorld            - Setting level: com.almasb.fxgl.entity.level.Level@7532dace
11:56:52.148 [FXGL Background Thread 2 ] DEBUG FXGLAssetLoaderServi - Loading from file system: file:/D:/bombermango/target/classes/assets/textures/sprites/player_left.png
11:56:52.149 [FXGL Background Thread 2 ] DEBUG FXGLAssetLoaderServi - Loading from file system: file:/D:/bombermango/target/classes/assets/textures/sprites/player_left_1.png
11:56:52.151 [FXGL Background Thread 2 ] DEBUG FXGLAssetLoaderServi - Loading from file system: file:/D:/bombermango/target/classes/assets/textures/sprites/player_left_2.png
11:56:52.160 [FXGL Background Thread 2 ] WARN  GameWorld            - Entity is already attached to world
11:56:52.161 [FXGL Background Thread 2 ] INFO  FXGLApplication      - Game initialization took: 0.151 sec
11:56:52.164 [JavaFX Application Thread] DEBUG Input                - Clearing active input actions
11:56:52.181 [JavaFX Application Thread] DEBUG GameApplicationServi - Removing overlay from FXGLLoadingScene and adding to GameScene
11:56:52.182 [JavaFX Application Thread] DEBUG PrimaryStageWindow   - FXGLLoadingScene -> GameScene
11:56:53.381 [FXGL Background Thread 3 ] DEBUG Engine               - Logging environment variables
11:56:53.381 [FXGL Background Thread 3 ] DEBUG Engine               - achievements: []
11:56:53.382 [FXGL Background Thread 3 ] DEBUG Engine               - actualHeight: 600.0
11:56:53.382 [FXGL Background Thread 3 ] DEBUG Engine               - actualHeightProperty: ReadOnlyDoubleProperty [value: 600.0]
11:56:53.382 [FXGL Background Thread 3 ] DEBUG Engine               - actualWidth: 800.0
11:56:53.382 [FXGL Background Thread 3 ] DEBUG Engine               - actualWidthProperty: ReadOnlyDoubleProperty [value: 800.0]
11:56:53.382 [FXGL Background Thread 3 ] DEBUG Engine               - appIcon: fxgl_icon.png
11:56:53.382 [FXGL Background Thread 3 ] DEBUG Engine               - applicationMode: DEVELOPER
11:56:53.382 [FXGL Background Thread 3 ] DEBUG Engine               - cSSList: [fxgl_dark.css]
11:56:53.382 [FXGL Background Thread 3 ] DEBUG Engine               - collisionDetectionStrategy: BRUTE_FORCE
11:56:53.382 [FXGL Background Thread 3 ] DEBUG Engine               - configClass: Optional.empty
11:56:53.382 [FXGL Background Thread 3 ] DEBUG Engine               - credits: []
11:56:53.383 [FXGL Background Thread 3 ] DEBUG Engine               - defaultCursor: CursorInfo(imageName=fxgl_default_cursor.png, hotspotX=7.0, hotspotY=6.0)
11:56:53.383 [FXGL Background Thread 3 ] DEBUG Engine               - devBBoxColorProperty: ObjectProperty [value: 0xff0000ff]
11:56:53.383 [FXGL Background Thread 3 ] DEBUG Engine               - devEnableDebugCameraProperty: BooleanProperty [value: false]
11:56:53.384 [FXGL Background Thread 3 ] DEBUG Engine               - devSensorColorProperty: ObjectProperty [value: 0xffff00ff]
11:56:53.384 [FXGL Background Thread 3 ] DEBUG Engine               - devShowBBoxProperty: BooleanProperty [value: false]
11:56:53.384 [FXGL Background Thread 3 ] DEBUG Engine               - devShowPositionProperty: BooleanProperty [value: false]
11:56:53.384 [FXGL Background Thread 3 ] DEBUG Engine               - enabledMenuItems: []
11:56:53.384 [FXGL Background Thread 3 ] DEBUG Engine               - engineServices: [class com.almasb.fxgl.app.services.FXGLAssetLoaderService, class com.almasb.fxgl.app.FXGLApplication$GameApplicationService, class com.almasb.fxgl.app.services.FXGLDialogService, class com.almasb.fxgl.app.services.IOTaskExecutorService, class com.almasb.fxgl.io.FileSystemService, class com.almasb.fxgl.localization.LocalizationService, class com.almasb.fxgl.app.services.SystemBundleService, class com.almasb.fxgl.profile.SaveLoadService, class com.almasb.fxgl.ui.FXGLUIFactoryServiceProvider, class com.almasb.fxgl.ui.FXGLDialogFactoryServiceProvider, class com.almasb.fxgl.audio.AudioPlayer, class com.almasb.fxgl.notification.impl.NotificationServiceProvider, class com.almasb.fxgl.achievement.AchievementService, class com.almasb.fxgl.cutscene.CutsceneService, class com.almasb.fxgl.minigames.MiniGameService, class com.almasb.fxgl.net.NetService, class com.almasb.fxgl.app.services.UpdaterService, class com.almasb.fxgl.dev.DevService]
11:56:53.384 [FXGL Background Thread 3 ] DEBUG Engine               - fontGame: Abel-Regular.ttf
11:56:53.384 [FXGL Background Thread 3 ] DEBUG Engine               - fontMono: TerminalLandMono-Regular.otf
11:56:53.384 [FXGL Background Thread 3 ] DEBUG Engine               - fontText: Courier-Prime.ttf
11:56:53.384 [FXGL Background Thread 3 ] DEBUG Engine               - fontUI: VarelaRound-Regular.ttf
11:56:53.385 [FXGL Background Thread 3 ] DEBUG Engine               - fullScreen: BooleanProperty [value: false]
11:56:53.385 [FXGL Background Thread 3 ] DEBUG Engine               - gameDifficulty: MEDIUM
11:56:53.385 [FXGL Background Thread 3 ] DEBUG Engine               - gameDifficultyProperty: ObjectProperty [value: MEDIUM]
11:56:53.385 [FXGL Background Thread 3 ] DEBUG Engine               - globalMusicVolume: 0.5
11:56:53.385 [FXGL Background Thread 3 ] DEBUG Engine               - globalMusicVolumeProperty: DoubleProperty [value: 0.5]
11:56:53.385 [FXGL Background Thread 3 ] DEBUG Engine               - globalSoundVolume: 0.5
11:56:53.385 [FXGL Background Thread 3 ] DEBUG Engine               - globalSoundVolumeProperty: DoubleProperty [value: 0.5]
11:56:53.385 [FXGL Background Thread 3 ] DEBUG Engine               - height: 600
11:56:53.385 [FXGL Background Thread 3 ] DEBUG Engine               - is3D: false
11:56:53.385 [FXGL Background Thread 3 ] DEBUG Engine               - isAndroid: false
11:56:53.386 [FXGL Background Thread 3 ] DEBUG Engine               - isBrowser: false
11:56:53.386 [FXGL Background Thread 3 ] DEBUG Engine               - isClickFeedbackEnabled: false
11:56:53.386 [FXGL Background Thread 3 ] DEBUG Engine               - isCloseConfirmation: false
11:56:53.386 [FXGL Background Thread 3 ] DEBUG Engine               - isDesktop: true
11:56:53.386 [FXGL Background Thread 3 ] DEBUG Engine               - isDeveloperMenuEnabled: false
11:56:53.386 [FXGL Background Thread 3 ] DEBUG Engine               - isEmbedded: false
11:56:53.386 [FXGL Background Thread 3 ] DEBUG Engine               - isEntityPreloadEnabled: true
11:56:53.386 [FXGL Background Thread 3 ] DEBUG Engine               - isExperimentalTiledLargeMap: false
11:56:53.386 [FXGL Background Thread 3 ] DEBUG Engine               - isFileSystemWriteAllowed: true
11:56:53.386 [FXGL Background Thread 3 ] DEBUG Engine               - isFullScreenAllowed: false
11:56:53.386 [FXGL Background Thread 3 ] DEBUG Engine               - isFullScreenFromStart: false
11:56:53.386 [FXGL Background Thread 3 ] DEBUG Engine               - isGameMenuEnabled: true
11:56:53.386 [FXGL Background Thread 3 ] DEBUG Engine               - isIOS: false
11:56:53.387 [FXGL Background Thread 3 ] DEBUG Engine               - isIntroEnabled: false
11:56:53.387 [FXGL Background Thread 3 ] DEBUG Engine               - isLinux: false
11:56:53.387 [FXGL Background Thread 3 ] DEBUG Engine               - isMac: false
11:56:53.387 [FXGL Background Thread 3 ] DEBUG Engine               - isMainMenuEnabled: true
11:56:53.387 [FXGL Background Thread 3 ] DEBUG Engine               - isManualResizeEnabled: false
11:56:53.387 [FXGL Background Thread 3 ] DEBUG Engine               - isMobile: false
11:56:53.387 [FXGL Background Thread 3 ] DEBUG Engine               - isNative: false
11:56:53.387 [FXGL Background Thread 3 ] DEBUG Engine               - isPauseMusicWhenMinimized: true
11:56:53.387 [FXGL Background Thread 3 ] DEBUG Engine               - isPreserveResizeRatio: false
11:56:53.387 [FXGL Background Thread 3 ] DEBUG Engine               - isProfilingEnabled: false
11:56:53.387 [FXGL Background Thread 3 ] DEBUG Engine               - isScaleAffectedOnResize: true
11:56:53.387 [FXGL Background Thread 3 ] DEBUG Engine               - isSingleStep: false
11:56:53.387 [FXGL Background Thread 3 ] DEBUG Engine               - isUserProfileEnabled: false
11:56:53.387 [FXGL Background Thread 3 ] DEBUG Engine               - isWindows: true
11:56:53.388 [FXGL Background Thread 3 ] DEBUG Engine               - language: ObjectProperty [value: ENGLISH]
11:56:53.388 [FXGL Background Thread 3 ] DEBUG Engine               - menuKey: ESCAPE
11:56:53.388 [FXGL Background Thread 3 ] DEBUG Engine               - mouseSensitivity: 0.2
11:56:53.388 [FXGL Background Thread 3 ] DEBUG Engine               - notificationViewClass: class com.almasb.fxgl.notification.view.XboxNotificationView
11:56:53.388 [FXGL Background Thread 3 ] DEBUG Engine               - pixelsPerMeter: 50.0
11:56:53.388 [FXGL Background Thread 3 ] DEBUG Engine               - platform: WINDOWS
11:56:53.388 [FXGL Background Thread 3 ] DEBUG Engine               - prefHeightProperty: ReadOnlyDoubleProperty [value: 600.0]
11:56:53.388 [FXGL Background Thread 3 ] DEBUG Engine               - prefWidthProperty: ReadOnlyDoubleProperty [value: 800.0]
11:56:53.388 [FXGL Background Thread 3 ] DEBUG Engine               - profileDir: profiles/
11:56:53.388 [FXGL Background Thread 3 ] DEBUG Engine               - profileName: StringProperty [value: DEFAULT]
11:56:53.388 [FXGL Background Thread 3 ] DEBUG Engine               - randomSeed: -1
11:56:53.389 [FXGL Background Thread 3 ] DEBUG Engine               - runtimeInfo: RuntimeInfo(platform=WINDOWS, version=17.1, build=24.03.2022 17.34)
11:56:53.389 [FXGL Background Thread 3 ] DEBUG Engine               - saveFileExt: sav
11:56:53.389 [FXGL Background Thread 3 ] DEBUG Engine               - scaledHeightProp$fxgl: DoubleProperty [bound, value: 600.0]
11:56:53.389 [FXGL Background Thread 3 ] DEBUG Engine               - scaledWidthProp$fxgl: DoubleProperty [bound, value: 800.0]
11:56:53.389 [FXGL Background Thread 3 ] DEBUG Engine               - sceneFactory: com.almasb.fxgl.app.scene.SceneFactory@25cf275a
11:56:53.389 [FXGL Background Thread 3 ] DEBUG Engine               - secondsIn24h: 60
11:56:53.389 [FXGL Background Thread 3 ] DEBUG Engine               - soundMenuBack: menu/back.wav
11:56:53.390 [FXGL Background Thread 3 ] DEBUG Engine               - soundMenuPress: menu/press.wav
11:56:53.390 [FXGL Background Thread 3 ] DEBUG Engine               - soundMenuSelect: menu/select.wav
11:56:53.390 [FXGL Background Thread 3 ] DEBUG Engine               - soundNotification: core/notification.wav
11:56:53.390 [FXGL Background Thread 3 ] DEBUG Engine               - stageStyle: DECORATED
11:56:53.390 [FXGL Background Thread 3 ] DEBUG Engine               - supportedLanguages: [ENGLISH, FRENCH, GERMAN, HUNGARIAN, RUSSIAN]
11:56:53.390 [FXGL Background Thread 3 ] DEBUG Engine               - ticksPerSecond: -1
11:56:53.390 [FXGL Background Thread 3 ] DEBUG Engine               - title: Bomberman
11:56:53.390 [FXGL Background Thread 3 ] DEBUG Engine               - urlGithub: https://github.com/AlmasB/FXGL
11:56:53.390 [FXGL Background Thread 3 ] DEBUG Engine               - urlLeaderboard: http://fxgl-top.herokuapp.com/
11:56:53.390 [FXGL Background Thread 3 ] DEBUG Engine               - urlPOM: https://raw.githubusercontent.com/AlmasB/FXGL/release/README.md
11:56:53.390 [FXGL Background Thread 3 ] DEBUG Engine               - userAppClass: class mangobomb.bombermango.HelloApplication
11:56:53.390 [FXGL Background Thread 3 ] DEBUG Engine               - version: 0.0
11:56:53.390 [FXGL Background Thread 3 ] DEBUG Engine               - versionCheckDays: 7
11:56:53.390 [FXGL Background Thread 3 ] DEBUG Engine               - width: 800
11:56:53.390 [FXGL Background Thread 3 ] DEBUG Engine               - Logging services
11:56:53.391 [FXGL Background Thread 3 ] DEBUG Engine               - class com.almasb.fxgl.app.services.FXGLAssetLoaderService
11:56:53.391 [FXGL Background Thread 3 ] DEBUG Engine               - class com.almasb.fxgl.app.FXGLApplication$GameApplicationService
11:56:53.391 [FXGL Background Thread 3 ] DEBUG Engine               - class com.almasb.fxgl.app.services.FXGLDialogService
11:56:53.391 [FXGL Background Thread 3 ] DEBUG Engine               - class com.almasb.fxgl.app.services.IOTaskExecutorService
11:56:53.391 [FXGL Background Thread 3 ] DEBUG Engine               - class com.almasb.fxgl.io.FileSystemService
11:56:53.391 [FXGL Background Thread 3 ] DEBUG Engine               - class com.almasb.fxgl.localization.LocalizationService
11:56:53.391 [FXGL Background Thread 3 ] DEBUG Engine               - class com.almasb.fxgl.app.services.SystemBundleService
11:56:53.391 [FXGL Background Thread 3 ] DEBUG Engine               - class com.almasb.fxgl.profile.SaveLoadService
11:56:53.391 [FXGL Background Thread 3 ] DEBUG Engine               - class com.almasb.fxgl.ui.FXGLUIFactoryServiceProvider
11:56:53.391 [FXGL Background Thread 3 ] DEBUG Engine               - class com.almasb.fxgl.ui.FXGLDialogFactoryServiceProvider
11:56:53.391 [FXGL Background Thread 3 ] DEBUG Engine               - class com.almasb.fxgl.audio.AudioPlayer
11:56:53.391 [FXGL Background Thread 3 ] DEBUG Engine               - class com.almasb.fxgl.notification.impl.NotificationServiceProvider
11:56:53.391 [FXGL Background Thread 3 ] DEBUG Engine               - class com.almasb.fxgl.achievement.AchievementService
11:56:53.391 [FXGL Background Thread 3 ] DEBUG Engine               - class com.almasb.fxgl.cutscene.CutsceneService
11:56:53.391 [FXGL Background Thread 3 ] DEBUG Engine               - class com.almasb.fxgl.minigames.MiniGameService
11:56:53.391 [FXGL Background Thread 3 ] DEBUG Engine               - class com.almasb.fxgl.net.NetService
11:56:53.392 [FXGL Background Thread 3 ] DEBUG Engine               - class com.almasb.fxgl.app.services.UpdaterService
11:56:53.392 [FXGL Background Thread 3 ] DEBUG Engine               - class com.almasb.fxgl.dev.DevService
11:57:01.695 [JavaFX Application Thread] DEBUG FXGLApplication      - Exiting FXGL
11:57:01.696 [JavaFX Application Thread] DEBUG LoopRunner           - Stopping loop
11:57:01.696 [JavaFX Application Thread] DEBUG SystemBundleService  - Saving FXGL system data
11:57:01.698 [JavaFX Application Thread] DEBUG FileSystemAccess     - Writing to: D:\bombermango\system\fxgl.bundle
11:57:01.701 [JavaFX Application Thread] DEBUG Async                - Shutting down background threads
11:57:01.701 [JavaFX Application Thread] DEBUG PrimaryStageWindow   - Closing main window
11:57:01.718 [JavaFX Application Thread] DEBUG Logger               - Closing Logger
