10:41:23.398 [main                     ] DEBUG Logger               - Configured Logger
10:41:23.460 [main                     ] DEBUG GameApplication      - Logging settings
Title: Bomberman
Version: 0.0
Width: 800
Height: 600
Fullscreen: false
Intro: false
Profiling: false
Single step:false
App Mode: DEVELOPER
Menu Key: ESCAPE
Stage Style: DECORATED
Scene Factory: class com.almasb.fxgl.app.scene.SceneFactory

10:41:24.044 [JavaFX Application Thread] DEBUG FXGLApplication      - Initializing FXGL
10:41:24.053 [JavaFX Application Thread] INFO  Engine               - FXGL-17.1 (24.03.2022 17.34) on WINDOWS (J:18.0.2.1 FX:18.0.1)
10:41:24.053 [JavaFX Application Thread] DEBUG Engine               - JRE Vendor Name: Oracle Corporation
10:41:24.054 [JavaFX Application Thread] DEBUG Engine               - Running on OS: Windows 10 version 10.0
10:41:24.054 [JavaFX Application Thread] DEBUG Engine               - Architecture: amd64
10:41:24.054 [JavaFX Application Thread] INFO  Engine               - Source code and latest versions at: https://github.com/AlmasB/FXGL
10:41:24.054 [JavaFX Application Thread] INFO  Engine               -       Ask questions and discuss at: https://github.com/AlmasB/FXGL/discussions
10:41:24.054 [JavaFX Application Thread] INFO  Engine               -              Join the FXGL chat at: https://gitter.im/AlmasB/FXGL
10:41:24.248 [JavaFX Application Thread] DEBUG PrimaryStageWindow   - Creating a JavaFX scene
10:41:24.333 [JavaFX Application Thread] DEBUG PrimaryStageWindow   - Target settings size: 800.0 x 600.0
10:41:24.333 [JavaFX Application Thread] DEBUG PrimaryStageWindow   - Scaled scene size:    800.0 x 600.0
10:41:24.334 [JavaFX Application Thread] DEBUG PrimaryStageWindow   - Scaled ratio: (1.0, 1.0)
10:41:24.336 [JavaFX Application Thread] DEBUG PrimaryStageWindow   - Set initial scene to FXGLStartupScene
10:41:24.352 [JavaFX Application Thread] DEBUG PrimaryStageWindow   - Opening main window
10:41:24.504 [JavaFX Application Thread] DEBUG PrimaryStageWindow   - Window border size: (14.66668701171875, 37.33331298828125)
10:41:24.505 [JavaFX Application Thread] DEBUG PrimaryStageWindow   - Scaled size: 800.0 x 600.0
10:41:24.505 [JavaFX Application Thread] DEBUG PrimaryStageWindow   - Scaled ratio: (1.0, 1.0)
10:41:24.506 [JavaFX Application Thread] DEBUG PrimaryStageWindow   - Scene size: 800.0 x 600.0
10:41:24.506 [JavaFX Application Thread] DEBUG PrimaryStageWindow   - Stage size: 814.6666870117188 x 637.3333129882812
10:41:24.537 [FXGL Background Thread 1 ] DEBUG Engine               - Initializing environment variables
10:41:24.677 [FXGL Background Thread 1 ] DEBUG FXGLAssetLoaderServi - User app class for loading assets: class mangobomb.bombermango.HelloApplication
10:41:24.678 [FXGL Background Thread 1 ] DEBUG GameApplicationServi - Applying CSS: fxgl_dark.css
10:41:24.681 [FXGL Background Thread 1 ] DEBUG FXGLAssetLoaderServi - Loading from file system: jar:file:/C:/Users/Admin/.m2/repository/com/github/almasb/fxgl/17.1/fxgl-17.1.jar!/fxglassets/ui/css/fxgl_dark.css
10:41:24.787 [FXGL Background Thread 1 ] DEBUG GameApplicationServi - Initializing application scenes
10:41:24.918 [FXGL Background Thread 1 ] DEBUG GameWorld            - Game world initialized
10:41:25.022 [FXGL Background Thread 1 ] DEBUG PhysicsWorld         - Physics world initialized: appHeight=600, physics.ppm=50.0
10:41:25.023 [FXGL Background Thread 1 ] DEBUG PhysicsWorld         - Using strategy: BRUTE_FORCE
10:41:25.029 [FXGL Background Thread 1 ] DEBUG GameScene            - Game scene initialized: 800x600
10:41:25.051 [FXGL Background Thread 1 ] DEBUG FXGL.DefaultMenu     - createMenuBodyMainMenu()
10:41:25.081 [FXGL Background Thread 1 ] DEBUG FXGL.DefaultMenu     - createOptionsMenu()
10:41:25.101 [FXGL Background Thread 1 ] DEBUG FXGLAssetLoaderServi - Loading from file system: jar:file:/C:/Users/Admin/.m2/repository/com/github/almasb/fxgl/17.1/fxgl-17.1.jar!/fxglassets/textures/particles/smoke.png
10:41:25.286 [FXGL Background Thread 1 ] DEBUG FXGLAssetLoaderServi - Loading from file system: jar:file:/C:/Users/Admin/.m2/repository/com/github/almasb/fxgl/17.1/fxgl-17.1.jar!/fxglassets/textures/particles/trace_horizontal.png
10:41:25.361 [FXGL Background Thread 1 ] DEBUG FXGL.DefaultMenu     - createMenuBodyGameMenu()
10:41:25.363 [FXGL Background Thread 1 ] DEBUG FXGL.DefaultMenu     - createOptionsMenu()
10:41:25.385 [FXGL Background Thread 1 ] DEBUG GameApplicationServi - Application scenes initialized
10:41:25.406 [FXGL Background Thread 1 ] DEBUG SystemBundleService  - Loading FXGL system data
10:41:25.414 [FXGL Background Thread 1 ] DEBUG FileSystemAccess     - Reading from: D:\bombermango\system\fxgl.bundle
10:41:25.429 [FXGL Background Thread 1 ] DEBUG SystemBundleService  - Bundle FXGL: {}
10:41:25.430 [FXGL Background Thread 1 ] DEBUG UpdaterService       - Checking for updates
10:41:25.438 [FXGL Background Thread 1 ] DEBUG FXGLApplication      - Loading default localization
10:41:25.439 [FXGL Background Thread 1 ] DEBUG FXGLAssetLoaderServi - Loading from file system: jar:file:/C:/Users/Admin/.m2/repository/com/github/almasb/fxgl/17.1/fxgl-17.1.jar!/fxglassets/languages/english.lang
10:41:25.440 [FXGL Background Thread 4 ] DEBUG FXGLApplication      - Loading fonts
10:41:25.441 [FXGL Background Thread 4 ] DEBUG FXGLAssetLoaderServi - Loading from file system: jar:file:/C:/Users/Admin/.m2/repository/com/github/almasb/fxgl/17.1/fxgl-17.1.jar!/fxglassets/ui/fonts/VarelaRound-Regular.ttf
10:41:25.483 [FXGL Background Thread 1 ] INFO  FXGLApplication      - FXGL initialization took: 0.946 sec
10:41:25.504 [JavaFX Application Thread] DEBUG Input                - Registered new binding: moveUp - W
10:41:25.505 [JavaFX Application Thread] DEBUG Input                - Registered new binding: moveRight - D
10:41:25.505 [JavaFX Application Thread] DEBUG Input                - Registered new binding: moveLeft - A
10:41:25.505 [JavaFX Application Thread] DEBUG Input                - Registered new binding: moveDown - S
10:41:25.505 [JavaFX Application Thread] DEBUG Input                - Registered new binding: implantBomb - F
10:41:25.505 [JavaFX Application Thread] DEBUG Input                - Registered new binding: PlayMusic - M
10:41:25.506 [JavaFX Application Thread] DEBUG FXGLAssetLoaderServi - Loading from file system: jar:file:/C:/Users/Admin/.m2/repository/com/github/almasb/fxgl/17.1/fxgl-17.1.jar!/fxglassets/textures/fxgl_icon.png
10:41:25.558 [JavaFX Application Thread] DEBUG FXGLAssetLoaderServi - Loading from file system: jar:file:/C:/Users/Admin/.m2/repository/com/github/almasb/fxgl/17.1/fxgl-17.1.jar!/fxglassets/textures/fxgl_default_cursor.png
10:41:25.563 [JavaFX Application Thread] DEBUG Input                - Registered new binding: Screenshot - CTRL+8
10:41:25.563 [JavaFX Application Thread] DEBUG Input                - Registered new binding: System info dump - CTRL+9
10:41:25.564 [JavaFX Application Thread] DEBUG Input                - Registered new binding: Restart - CTRL+R
10:41:25.565 [JavaFX Application Thread] DEBUG Input                - Registered new binding: Toggle Debug Camera - CTRL+7
10:41:25.569 [JavaFX Application Thread] DEBUG LoopRunner           - Starting loop
10:41:25.569 [JavaFX Application Thread] DEBUG LoopRunner           - Initializing JavaFX AnimationTimerLoop
10:41:25.573 [JavaFX Application Thread] DEBUG Input                - Clearing active input actions
10:41:25.585 [JavaFX Application Thread] DEBUG GameApplicationServi - Removing overlay from FXGLStartupScene and adding to FXGLMainMenuDummyScene
10:41:25.585 [JavaFX Application Thread] DEBUG PrimaryStageWindow   - FXGLStartupScene -> FXGLMainMenuDummyScene
10:41:25.586 [JavaFX Application Thread] DEBUG PrimaryStageWindow   - Push state: FXGLDefaultMenu
10:41:25.593 [JavaFX Application Thread] DEBUG Input                - Clearing active input actions
10:41:25.620 [JavaFX Application Thread] DEBUG GameApplicationServi - Removing overlay from FXGLMainMenuDummyScene and adding to FXGLDefaultMenu
10:41:25.621 [JavaFX Application Thread] DEBUG PrimaryStageWindow   - FXGLMainMenuDummyScene -> FXGLDefaultMenu
10:41:25.716 [FXGL Background Thread 4 ] DEBUG FXGLAssetLoaderServi - Loading from file system: jar:file:/C:/Users/Admin/.m2/repository/com/github/almasb/fxgl/17.1/fxgl-17.1.jar!/fxglassets/ui/fonts/Abel-Regular.ttf
10:41:25.721 [FXGL Background Thread 4 ] DEBUG FXGLAssetLoaderServi - Loading from file system: jar:file:/C:/Users/Admin/.m2/repository/com/github/almasb/fxgl/17.1/fxgl-17.1.jar!/fxglassets/ui/fonts/TerminalLandMono-Regular.otf
10:41:25.727 [FXGL Background Thread 4 ] DEBUG FXGLAssetLoaderServi - Loading from file system: jar:file:/C:/Users/Admin/.m2/repository/com/github/almasb/fxgl/17.1/fxgl-17.1.jar!/fxglassets/ui/fonts/Courier-Prime.ttf
10:41:25.790 [JavaFX Application Thread] DEBUG FXGLApplication      - Registering font factories with UI factory
10:41:26.637 [FXGL Background Thread 2 ] INFO  UpdaterService       - Your current version:  17.1
10:41:26.638 [FXGL Background Thread 2 ] INFO  UpdaterService       - Latest stable version: 17.2
10:41:26.727 [JavaFX Application Thread] DEBUG Menu                 - fireNewGame()
10:41:26.727 [JavaFX Application Thread] DEBUG GameApplicationServi - Starting new game
10:41:26.731 [JavaFX Application Thread] DEBUG PrimaryStageWindow   - Pop state: FXGLDefaultMenu
10:41:26.731 [JavaFX Application Thread] DEBUG Input                - Clearing active input actions
10:41:26.732 [JavaFX Application Thread] DEBUG GameApplicationServi - Removing overlay from FXGLDefaultMenu and adding to FXGLMainMenuDummyScene
10:41:26.733 [JavaFX Application Thread] DEBUG PrimaryStageWindow   - FXGLMainMenuDummyScene <- FXGLDefaultMenu
10:41:26.733 [JavaFX Application Thread] DEBUG Input                - Clearing active input actions
10:41:26.748 [JavaFX Application Thread] DEBUG GameApplicationServi - Removing overlay from FXGLMainMenuDummyScene and adding to FXGLLoadingScene
10:41:26.748 [JavaFX Application Thread] DEBUG PrimaryStageWindow   - FXGLMainMenuDummyScene -> FXGLLoadingScene
10:41:26.748 [JavaFX Application Thread] DEBUG GameApplicationServi - Clearing previous game
10:41:26.748 [JavaFX Application Thread] DEBUG GameScene            - Clearing game scene
10:41:26.748 [JavaFX Application Thread] DEBUG GameWorld            - Clearing game world
10:41:26.748 [JavaFX Application Thread] DEBUG PhysicsWorld         - Clearing physics world
10:41:26.751 [FXGL Background Thread 2 ] DEBUG FXGLApplication      - Initializing game
10:41:26.798 [FXGL Background Thread 2 ] DEBUG FXGLAssetLoaderServi - Loading from file system: file:/D:/bombermango/target/classes/assets/textures/sprites/wall.png
10:41:26.839 [FXGL Background Thread 2 ] DEBUG FXGLAssetLoaderServi - Loading from file system: file:/D:/bombermango/target/classes/assets/textures/sprites/brick.png
10:41:26.909 [FXGL Background Thread 2 ] DEBUG GameWorld            - Clearing removable entities
10:41:26.910 [FXGL Background Thread 2 ] DEBUG GameWorld            - Setting level: com.almasb.fxgl.entity.level.Level@59710304
10:41:27.004 [FXGL Background Thread 2 ] WARN  FXGLAssetLoaderServi - Asset "/assets/music/gameaudio.wav" was not found!
10:41:27.004 [FXGL Background Thread 2 ] WARN  FXGLAssetLoaderServi - Failed to load MUSIC
10:41:27.010 [FXGL Background Thread 2 ] DEBUG FXGLAssetLoaderServi - Loading from file system: file:/D:/bombermango/target/classes/assets/textures/sprites/player_right.png
10:41:27.013 [FXGL Background Thread 2 ] DEBUG FXGLAssetLoaderServi - Loading from file system: file:/D:/bombermango/target/classes/assets/textures/sprites/player_right_1.png
10:41:27.016 [FXGL Background Thread 2 ] WARN  FXGLAssetLoaderServi - Asset "/assets/textures/sprites/player_right_2.png" was not found!
10:41:27.016 [FXGL Background Thread 2 ] WARN  FXGLAssetLoaderServi - Failed to load RESIZABLE_IMAGE
10:41:27.056 [FXGL Background Thread 2 ] DEBUG FXGLAssetLoaderServi - Loading from file system: file:/D:/bombermango/target/classes/assets/textures/sprites/player_down.png
10:41:27.059 [FXGL Background Thread 2 ] DEBUG FXGLAssetLoaderServi - Loading from file system: file:/D:/bombermango/target/classes/assets/textures/sprites/player_down_1.png
10:41:27.063 [FXGL Background Thread 2 ] DEBUG FXGLAssetLoaderServi - Loading from file system: file:/D:/bombermango/target/classes/assets/textures/sprites/player_down_2.png
10:41:27.065 [FXGL Background Thread 2 ] DEBUG FXGLAssetLoaderServi - Loading from file system: file:/D:/bombermango/target/classes/assets/textures/sprites/player_left.png
10:41:27.067 [FXGL Background Thread 2 ] DEBUG FXGLAssetLoaderServi - Loading from file system: file:/D:/bombermango/target/classes/assets/textures/sprites/player_left_1.png
10:41:27.068 [FXGL Background Thread 2 ] DEBUG FXGLAssetLoaderServi - Loading from file system: file:/D:/bombermango/target/classes/assets/textures/sprites/player_left_2.png
10:41:27.077 [FXGL Background Thread 2 ] DEBUG FXGLAssetLoaderServi - Loading from file system: file:/D:/bombermango/target/classes/assets/textures/sprites/portal.png
10:41:27.109 [FXGL Background Thread 2 ] DEBUG FXGLAssetLoaderServi - Loading from file system: file:/D:/bombermango/target/classes/assets/textures/sprites/balloom_right1.png
10:41:27.111 [FXGL Background Thread 2 ] DEBUG FXGLAssetLoaderServi - Loading from file system: file:/D:/bombermango/target/classes/assets/textures/sprites/balloom_right2.png
10:41:27.114 [FXGL Background Thread 2 ] DEBUG FXGLAssetLoaderServi - Loading from file system: file:/D:/bombermango/target/classes/assets/textures/sprites/balloom_right3.png
10:41:27.127 [FXGL Background Thread 2 ] INFO  FXGLApplication      - Game initialization took: 0.376 sec
10:41:27.129 [JavaFX Application Thread] DEBUG Input                - Clearing active input actions
10:41:27.145 [JavaFX Application Thread] DEBUG GameApplicationServi - Removing overlay from FXGLLoadingScene and adding to GameScene
10:41:27.145 [JavaFX Application Thread] DEBUG PrimaryStageWindow   - FXGLLoadingScene -> GameScene
10:41:28.051 [JavaFX Application Thread] DEBUG FXGLAssetLoaderServi - Loading from file system: file:/D:/bombermango/target/classes/assets/textures/sprites/bomb.png
10:41:28.055 [JavaFX Application Thread] DEBUG FXGLAssetLoaderServi - Loading from file system: file:/D:/bombermango/target/classes/assets/textures/sprites/bomb_1.png
10:41:28.059 [JavaFX Application Thread] DEBUG FXGLAssetLoaderServi - Loading from file system: file:/D:/bombermango/target/classes/assets/textures/sprites/bomb_2.png
10:41:28.434 [FXGL Background Thread 3 ] DEBUG Engine               - Logging environment variables
10:41:28.437 [FXGL Background Thread 3 ] DEBUG Engine               - achievements: []
10:41:28.437 [FXGL Background Thread 3 ] DEBUG Engine               - actualHeight: 600.0
10:41:28.438 [FXGL Background Thread 3 ] DEBUG Engine               - actualHeightProperty: ReadOnlyDoubleProperty [value: 600.0]
10:41:28.441 [FXGL Background Thread 3 ] DEBUG Engine               - actualWidth: 800.0
10:41:28.442 [FXGL Background Thread 3 ] DEBUG Engine               - actualWidthProperty: ReadOnlyDoubleProperty [value: 800.0]
10:41:28.442 [FXGL Background Thread 3 ] DEBUG Engine               - appIcon: fxgl_icon.png
10:41:28.442 [FXGL Background Thread 3 ] DEBUG Engine               - applicationMode: DEVELOPER
10:41:28.443 [FXGL Background Thread 3 ] DEBUG Engine               - cSSList: [fxgl_dark.css]
10:41:28.443 [FXGL Background Thread 3 ] DEBUG Engine               - collisionDetectionStrategy: BRUTE_FORCE
10:41:28.443 [FXGL Background Thread 3 ] DEBUG Engine               - configClass: Optional.empty
10:41:28.444 [FXGL Background Thread 3 ] DEBUG Engine               - credits: []
10:41:28.447 [FXGL Background Thread 3 ] DEBUG Engine               - defaultCursor: CursorInfo(imageName=fxgl_default_cursor.png, hotspotX=7.0, hotspotY=6.0)
10:41:28.449 [FXGL Background Thread 3 ] DEBUG Engine               - devBBoxColorProperty: ObjectProperty [value: 0xff0000ff]
10:41:28.450 [FXGL Background Thread 3 ] DEBUG Engine               - devEnableDebugCameraProperty: BooleanProperty [value: false]
10:41:28.451 [FXGL Background Thread 3 ] DEBUG Engine               - devSensorColorProperty: ObjectProperty [value: 0xffff00ff]
10:41:28.451 [FXGL Background Thread 3 ] DEBUG Engine               - devShowBBoxProperty: BooleanProperty [value: false]
10:41:28.451 [FXGL Background Thread 3 ] DEBUG Engine               - devShowPositionProperty: BooleanProperty [value: false]
10:41:28.451 [FXGL Background Thread 3 ] DEBUG Engine               - enabledMenuItems: []
10:41:28.452 [FXGL Background Thread 3 ] DEBUG Engine               - engineServices: [class com.almasb.fxgl.app.services.FXGLAssetLoaderService, class com.almasb.fxgl.app.FXGLApplication$GameApplicationService, class com.almasb.fxgl.app.services.FXGLDialogService, class com.almasb.fxgl.app.services.IOTaskExecutorService, class com.almasb.fxgl.io.FileSystemService, class com.almasb.fxgl.localization.LocalizationService, class com.almasb.fxgl.app.services.SystemBundleService, class com.almasb.fxgl.profile.SaveLoadService, class com.almasb.fxgl.ui.FXGLUIFactoryServiceProvider, class com.almasb.fxgl.ui.FXGLDialogFactoryServiceProvider, class com.almasb.fxgl.audio.AudioPlayer, class com.almasb.fxgl.notification.impl.NotificationServiceProvider, class com.almasb.fxgl.achievement.AchievementService, class com.almasb.fxgl.cutscene.CutsceneService, class com.almasb.fxgl.minigames.MiniGameService, class com.almasb.fxgl.net.NetService, class com.almasb.fxgl.app.services.UpdaterService, class com.almasb.fxgl.dev.DevService]
10:41:28.452 [FXGL Background Thread 3 ] DEBUG Engine               - fontGame: Abel-Regular.ttf
10:41:28.452 [FXGL Background Thread 3 ] DEBUG Engine               - fontMono: TerminalLandMono-Regular.otf
10:41:28.452 [FXGL Background Thread 3 ] DEBUG Engine               - fontText: Courier-Prime.ttf
10:41:28.453 [FXGL Background Thread 3 ] DEBUG Engine               - fontUI: VarelaRound-Regular.ttf
10:41:28.453 [FXGL Background Thread 3 ] DEBUG Engine               - fullScreen: BooleanProperty [value: false]
10:41:28.453 [FXGL Background Thread 3 ] DEBUG Engine               - gameDifficulty: MEDIUM
10:41:28.453 [FXGL Background Thread 3 ] DEBUG Engine               - gameDifficultyProperty: ObjectProperty [value: MEDIUM]
10:41:28.454 [FXGL Background Thread 3 ] DEBUG Engine               - globalMusicVolume: 0.5
10:41:28.454 [FXGL Background Thread 3 ] DEBUG Engine               - globalMusicVolumeProperty: DoubleProperty [value: 0.5]
10:41:28.455 [FXGL Background Thread 3 ] DEBUG Engine               - globalSoundVolume: 0.5
10:41:28.455 [FXGL Background Thread 3 ] DEBUG Engine               - globalSoundVolumeProperty: DoubleProperty [value: 0.5]
10:41:28.456 [FXGL Background Thread 3 ] DEBUG Engine               - height: 600
10:41:28.456 [FXGL Background Thread 3 ] DEBUG Engine               - is3D: false
10:41:28.456 [FXGL Background Thread 3 ] DEBUG Engine               - isAndroid: false
10:41:28.456 [FXGL Background Thread 3 ] DEBUG Engine               - isBrowser: false
10:41:28.457 [FXGL Background Thread 3 ] DEBUG Engine               - isClickFeedbackEnabled: false
10:41:28.457 [FXGL Background Thread 3 ] DEBUG Engine               - isCloseConfirmation: false
10:41:28.458 [FXGL Background Thread 3 ] DEBUG Engine               - isDesktop: true
10:41:28.458 [FXGL Background Thread 3 ] DEBUG Engine               - isDeveloperMenuEnabled: false
10:41:28.459 [FXGL Background Thread 3 ] DEBUG Engine               - isEmbedded: false
10:41:28.459 [FXGL Background Thread 3 ] DEBUG Engine               - isEntityPreloadEnabled: true
10:41:28.460 [FXGL Background Thread 3 ] DEBUG Engine               - isExperimentalTiledLargeMap: false
10:41:28.460 [FXGL Background Thread 3 ] DEBUG Engine               - isFileSystemWriteAllowed: true
10:41:28.460 [FXGL Background Thread 3 ] DEBUG Engine               - isFullScreenAllowed: false
10:41:28.460 [FXGL Background Thread 3 ] DEBUG Engine               - isFullScreenFromStart: false
10:41:28.460 [FXGL Background Thread 3 ] DEBUG Engine               - isGameMenuEnabled: true
10:41:28.461 [FXGL Background Thread 3 ] DEBUG Engine               - isIOS: false
10:41:28.461 [FXGL Background Thread 3 ] DEBUG Engine               - isIntroEnabled: false
10:41:28.461 [FXGL Background Thread 3 ] DEBUG Engine               - isLinux: false
10:41:28.461 [FXGL Background Thread 3 ] DEBUG Engine               - isMac: false
10:41:28.462 [FXGL Background Thread 3 ] DEBUG Engine               - isMainMenuEnabled: true
10:41:28.462 [FXGL Background Thread 3 ] DEBUG Engine               - isManualResizeEnabled: false
10:41:28.463 [FXGL Background Thread 3 ] DEBUG Engine               - isMobile: false
10:41:28.464 [FXGL Background Thread 3 ] DEBUG Engine               - isNative: false
10:41:28.465 [FXGL Background Thread 3 ] DEBUG Engine               - isPauseMusicWhenMinimized: true
10:41:28.465 [FXGL Background Thread 3 ] DEBUG Engine               - isPreserveResizeRatio: false
10:41:28.465 [FXGL Background Thread 3 ] DEBUG Engine               - isProfilingEnabled: false
10:41:28.466 [FXGL Background Thread 3 ] DEBUG Engine               - isScaleAffectedOnResize: true
10:41:28.467 [FXGL Background Thread 3 ] DEBUG Engine               - isSingleStep: false
10:41:28.467 [FXGL Background Thread 3 ] DEBUG Engine               - isUserProfileEnabled: false
10:41:28.467 [FXGL Background Thread 3 ] DEBUG Engine               - isWindows: true
10:41:28.467 [FXGL Background Thread 3 ] DEBUG Engine               - language: ObjectProperty [value: ENGLISH]
10:41:28.467 [FXGL Background Thread 3 ] DEBUG Engine               - menuKey: ESCAPE
10:41:28.467 [FXGL Background Thread 3 ] DEBUG Engine               - mouseSensitivity: 0.2
10:41:28.467 [FXGL Background Thread 3 ] DEBUG Engine               - notificationViewClass: class com.almasb.fxgl.notification.view.XboxNotificationView
10:41:28.468 [FXGL Background Thread 3 ] DEBUG Engine               - pixelsPerMeter: 50.0
10:41:28.468 [FXGL Background Thread 3 ] DEBUG Engine               - platform: WINDOWS
10:41:28.468 [FXGL Background Thread 3 ] DEBUG Engine               - prefHeightProperty: ReadOnlyDoubleProperty [value: 600.0]
10:41:28.469 [FXGL Background Thread 3 ] DEBUG Engine               - prefWidthProperty: ReadOnlyDoubleProperty [value: 800.0]
10:41:28.469 [FXGL Background Thread 3 ] DEBUG Engine               - profileDir: profiles/
10:41:28.469 [FXGL Background Thread 3 ] DEBUG Engine               - profileName: StringProperty [value: DEFAULT]
10:41:28.470 [FXGL Background Thread 3 ] DEBUG Engine               - randomSeed: -1
10:41:28.471 [FXGL Background Thread 3 ] DEBUG Engine               - runtimeInfo: RuntimeInfo(platform=WINDOWS, version=17.1, build=24.03.2022 17.34)
10:41:28.471 [FXGL Background Thread 3 ] DEBUG Engine               - saveFileExt: sav
10:41:28.471 [FXGL Background Thread 3 ] DEBUG Engine               - scaledHeightProp$fxgl: DoubleProperty [bound, value: 600.0]
10:41:28.472 [FXGL Background Thread 3 ] DEBUG Engine               - scaledWidthProp$fxgl: DoubleProperty [bound, value: 800.0]
10:41:28.472 [FXGL Background Thread 3 ] DEBUG Engine               - sceneFactory: com.almasb.fxgl.app.scene.SceneFactory@5fbee074
10:41:28.472 [FXGL Background Thread 3 ] DEBUG Engine               - secondsIn24h: 60
10:41:28.472 [FXGL Background Thread 3 ] DEBUG Engine               - soundMenuBack: menu/back.wav
10:41:28.473 [FXGL Background Thread 3 ] DEBUG Engine               - soundMenuPress: menu/press.wav
10:41:28.473 [FXGL Background Thread 3 ] DEBUG Engine               - soundMenuSelect: menu/select.wav
10:41:28.473 [FXGL Background Thread 3 ] DEBUG Engine               - soundNotification: core/notification.wav
10:41:28.473 [FXGL Background Thread 3 ] DEBUG Engine               - stageStyle: DECORATED
10:41:28.474 [FXGL Background Thread 3 ] DEBUG Engine               - supportedLanguages: [ENGLISH, FRENCH, GERMAN, HUNGARIAN, RUSSIAN]
10:41:28.474 [FXGL Background Thread 3 ] DEBUG Engine               - ticksPerSecond: -1
10:41:28.475 [FXGL Background Thread 3 ] DEBUG Engine               - title: Bomberman
10:41:28.476 [FXGL Background Thread 3 ] DEBUG Engine               - urlGithub: https://github.com/AlmasB/FXGL
10:41:28.476 [FXGL Background Thread 3 ] DEBUG Engine               - urlLeaderboard: http://fxgl-top.herokuapp.com/
10:41:28.476 [FXGL Background Thread 3 ] DEBUG Engine               - urlPOM: https://raw.githubusercontent.com/AlmasB/FXGL/release/README.md
10:41:28.477 [FXGL Background Thread 3 ] DEBUG Engine               - userAppClass: class mangobomb.bombermango.HelloApplication
10:41:28.477 [FXGL Background Thread 3 ] DEBUG Engine               - version: 0.0
10:41:28.477 [FXGL Background Thread 3 ] DEBUG Engine               - versionCheckDays: 7
10:41:28.477 [FXGL Background Thread 3 ] DEBUG Engine               - width: 800
10:41:28.478 [FXGL Background Thread 3 ] DEBUG Engine               - Logging services
10:41:28.478 [FXGL Background Thread 3 ] DEBUG Engine               - class com.almasb.fxgl.app.services.FXGLAssetLoaderService
10:41:28.478 [FXGL Background Thread 3 ] DEBUG Engine               - class com.almasb.fxgl.app.FXGLApplication$GameApplicationService
10:41:28.478 [FXGL Background Thread 3 ] DEBUG Engine               - class com.almasb.fxgl.app.services.FXGLDialogService
10:41:28.479 [FXGL Background Thread 3 ] DEBUG Engine               - class com.almasb.fxgl.app.services.IOTaskExecutorService
10:41:28.479 [FXGL Background Thread 3 ] DEBUG Engine               - class com.almasb.fxgl.io.FileSystemService
10:41:28.479 [FXGL Background Thread 3 ] DEBUG Engine               - class com.almasb.fxgl.localization.LocalizationService
10:41:28.479 [FXGL Background Thread 3 ] DEBUG Engine               - class com.almasb.fxgl.app.services.SystemBundleService
10:41:28.480 [FXGL Background Thread 3 ] DEBUG Engine               - class com.almasb.fxgl.profile.SaveLoadService
10:41:28.480 [FXGL Background Thread 3 ] DEBUG Engine               - class com.almasb.fxgl.ui.FXGLUIFactoryServiceProvider
10:41:28.480 [FXGL Background Thread 3 ] DEBUG Engine               - class com.almasb.fxgl.ui.FXGLDialogFactoryServiceProvider
10:41:28.480 [FXGL Background Thread 3 ] DEBUG Engine               - class com.almasb.fxgl.audio.AudioPlayer
10:41:28.480 [FXGL Background Thread 3 ] DEBUG Engine               - class com.almasb.fxgl.notification.impl.NotificationServiceProvider
10:41:28.481 [FXGL Background Thread 3 ] DEBUG Engine               - class com.almasb.fxgl.achievement.AchievementService
10:41:28.481 [FXGL Background Thread 3 ] DEBUG Engine               - class com.almasb.fxgl.cutscene.CutsceneService
10:41:28.481 [FXGL Background Thread 3 ] DEBUG Engine               - class com.almasb.fxgl.minigames.MiniGameService
10:41:28.482 [FXGL Background Thread 3 ] DEBUG Engine               - class com.almasb.fxgl.net.NetService
10:41:28.482 [FXGL Background Thread 3 ] DEBUG Engine               - class com.almasb.fxgl.app.services.UpdaterService
10:41:28.482 [FXGL Background Thread 3 ] DEBUG Engine               - class com.almasb.fxgl.dev.DevService
10:41:29.351 [JavaFX Application Thread] DEBUG FXGLAssetLoaderServi - Loading from file system: file:/D:/bombermango/target/classes/assets/textures/sprites/bomb_exploded.png
10:41:29.354 [JavaFX Application Thread] DEBUG FXGLAssetLoaderServi - Loading from file system: file:/D:/bombermango/target/classes/assets/textures/sprites/bomb_exploded1.png
10:41:29.356 [JavaFX Application Thread] DEBUG FXGLAssetLoaderServi - Loading from file system: file:/D:/bombermango/target/classes/assets/textures/sprites/bomb_exploded2.png
10:41:57.872 [JavaFX Application Thread] DEBUG PrimaryStageWindow   - Push state: DialogSubScene
10:41:57.872 [JavaFX Application Thread] DEBUG Input                - Clearing active input actions
10:41:57.875 [JavaFX Application Thread] DEBUG GameApplicationServi - Removing overlay from GameScene and adding to DialogSubScene
10:41:57.875 [JavaFX Application Thread] DEBUG PrimaryStageWindow   - GameScene -> DialogSubScene
10:41:59.842 [JavaFX Application Thread] DEBUG PrimaryStageWindow   - Pop state: DialogSubScene
10:41:59.842 [JavaFX Application Thread] DEBUG Input                - Clearing active input actions
10:41:59.842 [JavaFX Application Thread] DEBUG GameApplicationServi - Removing overlay from DialogSubScene and adding to GameScene
10:41:59.843 [JavaFX Application Thread] DEBUG PrimaryStageWindow   - GameScene <- DialogSubScene
10:42:05.598 [JavaFX Application Thread] DEBUG FXGLApplication      - Exiting FXGL
10:42:05.598 [JavaFX Application Thread] DEBUG LoopRunner           - Stopping loop
10:42:05.598 [JavaFX Application Thread] DEBUG SystemBundleService  - Saving FXGL system data
10:42:05.599 [JavaFX Application Thread] DEBUG FileSystemAccess     - Writing to: D:\bombermango\system\fxgl.bundle
10:42:05.602 [JavaFX Application Thread] DEBUG Async                - Shutting down background threads
10:42:05.602 [JavaFX Application Thread] DEBUG PrimaryStageWindow   - Closing main window
10:42:05.632 [JavaFX Application Thread] DEBUG Logger               - Closing Logger
