20:12:24.378 [main                     ] DEBUG Logger               - Configured Logger
20:12:24.419 [main                     ] DEBUG GameApplication      - Logging settings
Title: Bomberman
Version: 0.0
Width: 800
Height: 672
Fullscreen: false
Intro: false
Profiling: false
Single step:false
App Mode: DEVELOPER
Menu Key: ESCAPE
Stage Style: DECORATED
Scene Factory: class com.almasb.fxgl.app.scene.SceneFactory

20:12:24.953 [JavaFX Application Thread] DEBUG FXGLApplication      - Initializing FXGL
20:12:24.963 [JavaFX Application Thread] INFO  Engine               - FXGL-17.1 (24.03.2022 17.34) on WINDOWS (J:18.0.2.1 FX:18.0.1)
20:12:24.964 [JavaFX Application Thread] DEBUG Engine               - JRE Vendor Name: Oracle Corporation
20:12:24.964 [JavaFX Application Thread] DEBUG Engine               - Running on OS: Windows 10 version 10.0
20:12:24.964 [JavaFX Application Thread] DEBUG Engine               - Architecture: amd64
20:12:24.964 [JavaFX Application Thread] INFO  Engine               - Source code and latest versions at: https://github.com/AlmasB/FXGL
20:12:24.964 [JavaFX Application Thread] INFO  Engine               -       Ask questions and discuss at: https://github.com/AlmasB/FXGL/discussions
20:12:24.964 [JavaFX Application Thread] INFO  Engine               -              Join the FXGL chat at: https://gitter.im/AlmasB/FXGL
20:12:25.155 [JavaFX Application Thread] DEBUG PrimaryStageWindow   - Creating a JavaFX scene
20:12:25.227 [JavaFX Application Thread] DEBUG PrimaryStageWindow   - Target settings size: 800.0 x 672.0
20:12:25.228 [JavaFX Application Thread] DEBUG PrimaryStageWindow   - Scaled scene size:    800.0 x 672.0
20:12:25.228 [JavaFX Application Thread] DEBUG PrimaryStageWindow   - Scaled ratio: (1.0, 1.0)
20:12:25.230 [JavaFX Application Thread] DEBUG PrimaryStageWindow   - Set initial scene to FXGLStartupScene
20:12:25.240 [JavaFX Application Thread] DEBUG PrimaryStageWindow   - Opening main window
20:12:25.379 [JavaFX Application Thread] DEBUG PrimaryStageWindow   - Window border size: (14.66668701171875, 37.33331298828125)
20:12:25.380 [JavaFX Application Thread] DEBUG PrimaryStageWindow   - Scaled size: 800.0 x 672.0
20:12:25.381 [JavaFX Application Thread] DEBUG PrimaryStageWindow   - Scaled ratio: (1.0, 1.0)
20:12:25.382 [JavaFX Application Thread] DEBUG PrimaryStageWindow   - Scene size: 800.0 x 672.0
20:12:25.382 [JavaFX Application Thread] DEBUG PrimaryStageWindow   - Stage size: 814.6666870117188 x 709.3333129882812
20:12:25.405 [FXGL Background Thread 1 ] DEBUG Engine               - Initializing environment variables
20:12:25.515 [FXGL Background Thread 1 ] DEBUG FXGLAssetLoaderServi - User app class for loading assets: class mangobomb.bombermango.HelloApplication
20:12:25.517 [FXGL Background Thread 1 ] DEBUG GameApplicationServi - Applying CSS: fxgl_dark.css
20:12:25.517 [FXGL Background Thread 1 ] DEBUG FXGLAssetLoaderServi - Loading from file system: jar:file:/C:/Users/Admin/.m2/repository/com/github/almasb/fxgl/17.1/fxgl-17.1.jar!/fxglassets/ui/css/fxgl_dark.css
20:12:25.607 [FXGL Background Thread 1 ] DEBUG GameApplicationServi - Initializing application scenes
20:12:25.733 [FXGL Background Thread 1 ] DEBUG GameWorld            - Game world initialized
20:12:25.828 [FXGL Background Thread 1 ] DEBUG PhysicsWorld         - Physics world initialized: appHeight=672, physics.ppm=50.0
20:12:25.828 [FXGL Background Thread 1 ] DEBUG PhysicsWorld         - Using strategy: BRUTE_FORCE
20:12:25.834 [FXGL Background Thread 1 ] DEBUG GameScene            - Game scene initialized: 800x672
20:12:25.853 [FXGL Background Thread 1 ] DEBUG FXGL.DefaultMenu     - createMenuBodyMainMenu()
20:12:25.880 [FXGL Background Thread 1 ] DEBUG FXGL.DefaultMenu     - createOptionsMenu()
20:12:25.900 [FXGL Background Thread 1 ] DEBUG FXGLAssetLoaderServi - Loading from file system: jar:file:/C:/Users/Admin/.m2/repository/com/github/almasb/fxgl/17.1/fxgl-17.1.jar!/fxglassets/textures/particles/smoke.png
20:12:26.084 [FXGL Background Thread 1 ] DEBUG FXGLAssetLoaderServi - Loading from file system: jar:file:/C:/Users/Admin/.m2/repository/com/github/almasb/fxgl/17.1/fxgl-17.1.jar!/fxglassets/textures/particles/trace_horizontal.png
20:12:26.158 [FXGL Background Thread 1 ] DEBUG FXGL.DefaultMenu     - createMenuBodyGameMenu()
20:12:26.159 [FXGL Background Thread 1 ] DEBUG FXGL.DefaultMenu     - createOptionsMenu()
20:12:26.184 [FXGL Background Thread 1 ] DEBUG GameApplicationServi - Application scenes initialized
20:12:26.208 [FXGL Background Thread 1 ] DEBUG SystemBundleService  - Loading FXGL system data
20:12:26.217 [FXGL Background Thread 1 ] DEBUG FileSystemAccess     - Reading from: D:\bombermango\system\fxgl.bundle
20:12:26.234 [FXGL Background Thread 1 ] DEBUG SystemBundleService  - Bundle FXGL: {}
20:12:26.234 [FXGL Background Thread 1 ] DEBUG UpdaterService       - Checking for updates
20:12:26.242 [FXGL Background Thread 1 ] DEBUG FXGLApplication      - Loading default localization
20:12:26.243 [FXGL Background Thread 1 ] DEBUG FXGLAssetLoaderServi - Loading from file system: jar:file:/C:/Users/Admin/.m2/repository/com/github/almasb/fxgl/17.1/fxgl-17.1.jar!/fxglassets/languages/english.lang
20:12:26.289 [FXGL Background Thread 1 ] INFO  FXGLApplication      - FXGL initialization took: 0.883 sec
20:12:26.281 [FXGL Background Thread 4 ] DEBUG FXGLApplication      - Loading fonts
20:12:26.292 [FXGL Background Thread 4 ] DEBUG FXGLAssetLoaderServi - Loading from file system: jar:file:/C:/Users/Admin/.m2/repository/com/github/almasb/fxgl/17.1/fxgl-17.1.jar!/fxglassets/ui/fonts/VarelaRound-Regular.ttf
20:12:26.311 [JavaFX Application Thread] DEBUG Input                - Registered new binding: moveUp - W
20:12:26.312 [JavaFX Application Thread] DEBUG Input                - Registered new binding: moveRight - D
20:12:26.312 [JavaFX Application Thread] DEBUG Input                - Registered new binding: moveLeft - A
20:12:26.312 [JavaFX Application Thread] DEBUG Input                - Registered new binding: moveDown - S
20:12:26.312 [JavaFX Application Thread] DEBUG Input                - Registered new binding: implantBomb - F
20:12:26.312 [JavaFX Application Thread] DEBUG Input                - Registered new binding: PlayMusic - M
20:12:26.313 [JavaFX Application Thread] DEBUG FXGLAssetLoaderServi - Loading from file system: jar:file:/C:/Users/Admin/.m2/repository/com/github/almasb/fxgl/17.1/fxgl-17.1.jar!/fxglassets/textures/fxgl_icon.png
20:12:26.365 [JavaFX Application Thread] DEBUG FXGLAssetLoaderServi - Loading from file system: jar:file:/C:/Users/Admin/.m2/repository/com/github/almasb/fxgl/17.1/fxgl-17.1.jar!/fxglassets/textures/fxgl_default_cursor.png
20:12:26.367 [JavaFX Application Thread] DEBUG Input                - Registered new binding: Screenshot - CTRL+8
20:12:26.369 [JavaFX Application Thread] DEBUG Input                - Registered new binding: System info dump - CTRL+9
20:12:26.370 [JavaFX Application Thread] DEBUG Input                - Registered new binding: Restart - CTRL+R
20:12:26.370 [JavaFX Application Thread] DEBUG Input                - Registered new binding: Toggle Debug Camera - CTRL+7
20:12:26.381 [JavaFX Application Thread] DEBUG LoopRunner           - Starting loop
20:12:26.382 [JavaFX Application Thread] DEBUG LoopRunner           - Initializing JavaFX AnimationTimerLoop
20:12:26.398 [JavaFX Application Thread] DEBUG Input                - Clearing active input actions
20:12:26.408 [JavaFX Application Thread] DEBUG GameApplicationServi - Removing overlay from FXGLStartupScene and adding to FXGLMainMenuDummyScene
20:12:26.409 [JavaFX Application Thread] DEBUG PrimaryStageWindow   - FXGLStartupScene -> FXGLMainMenuDummyScene
20:12:26.409 [JavaFX Application Thread] DEBUG PrimaryStageWindow   - Push state: FXGLDefaultMenu
20:12:26.417 [JavaFX Application Thread] DEBUG Input                - Clearing active input actions
20:12:26.435 [JavaFX Application Thread] DEBUG GameApplicationServi - Removing overlay from FXGLMainMenuDummyScene and adding to FXGLDefaultMenu
20:12:26.436 [JavaFX Application Thread] DEBUG PrimaryStageWindow   - FXGLMainMenuDummyScene -> FXGLDefaultMenu
20:12:26.600 [FXGL Background Thread 4 ] DEBUG FXGLAssetLoaderServi - Loading from file system: jar:file:/C:/Users/Admin/.m2/repository/com/github/almasb/fxgl/17.1/fxgl-17.1.jar!/fxglassets/ui/fonts/Abel-Regular.ttf
20:12:26.606 [FXGL Background Thread 4 ] DEBUG FXGLAssetLoaderServi - Loading from file system: jar:file:/C:/Users/Admin/.m2/repository/com/github/almasb/fxgl/17.1/fxgl-17.1.jar!/fxglassets/ui/fonts/TerminalLandMono-Regular.otf
20:12:26.613 [FXGL Background Thread 4 ] DEBUG FXGLAssetLoaderServi - Loading from file system: jar:file:/C:/Users/Admin/.m2/repository/com/github/almasb/fxgl/17.1/fxgl-17.1.jar!/fxglassets/ui/fonts/Courier-Prime.ttf
20:12:26.813 [JavaFX Application Thread] DEBUG FXGLApplication      - Registering font factories with UI factory
20:12:27.267 [FXGL Background Thread 2 ] INFO  UpdaterService       - Your current version:  17.1
20:12:27.267 [FXGL Background Thread 2 ] INFO  UpdaterService       - Latest stable version: 17.2
20:12:27.448 [JavaFX Application Thread] DEBUG Menu                 - fireNewGame()
20:12:27.448 [JavaFX Application Thread] DEBUG GameApplicationServi - Starting new game
20:12:27.452 [JavaFX Application Thread] DEBUG PrimaryStageWindow   - Pop state: FXGLDefaultMenu
20:12:27.452 [JavaFX Application Thread] DEBUG Input                - Clearing active input actions
20:12:27.453 [JavaFX Application Thread] DEBUG GameApplicationServi - Removing overlay from FXGLDefaultMenu and adding to FXGLMainMenuDummyScene
20:12:27.454 [JavaFX Application Thread] DEBUG PrimaryStageWindow   - FXGLMainMenuDummyScene <- FXGLDefaultMenu
20:12:27.455 [JavaFX Application Thread] DEBUG Input                - Clearing active input actions
20:12:27.475 [JavaFX Application Thread] DEBUG GameApplicationServi - Removing overlay from FXGLMainMenuDummyScene and adding to FXGLLoadingScene
20:12:27.475 [JavaFX Application Thread] DEBUG PrimaryStageWindow   - FXGLMainMenuDummyScene -> FXGLLoadingScene
20:12:27.475 [JavaFX Application Thread] DEBUG GameApplicationServi - Clearing previous game
20:12:27.475 [JavaFX Application Thread] DEBUG GameScene            - Clearing game scene
20:12:27.478 [JavaFX Application Thread] DEBUG GameWorld            - Clearing game world
20:12:27.478 [JavaFX Application Thread] DEBUG PhysicsWorld         - Clearing physics world
20:12:27.481 [FXGL Background Thread 2 ] DEBUG FXGLApplication      - Initializing game
20:12:27.529 [FXGL Background Thread 2 ] DEBUG FXGLAssetLoaderServi - Loading from file system: file:/D:/bombermango/target/classes/assets/textures/sprites/wall.png
20:12:27.598 [FXGL Background Thread 2 ] DEBUG FXGLAssetLoaderServi - Loading from file system: file:/D:/bombermango/target/classes/assets/textures/sprites/brick.png
20:12:27.602 [FXGL Background Thread 2 ] DEBUG FXGLAssetLoaderServi - Loading from file system: file:/D:/bombermango/target/classes/assets/textures/sprites/balloom_right1.png
20:12:27.604 [FXGL Background Thread 2 ] DEBUG FXGLAssetLoaderServi - Loading from file system: file:/D:/bombermango/target/classes/assets/textures/sprites/balloom_right2.png
20:12:27.606 [FXGL Background Thread 2 ] DEBUG FXGLAssetLoaderServi - Loading from file system: file:/D:/bombermango/target/classes/assets/textures/sprites/balloom_right3.png
20:12:27.631 [FXGL Background Thread 2 ] DEBUG FXGLAssetLoaderServi - Loading from file system: file:/D:/bombermango/target/classes/assets/textures/sprites/oneal_right1.png
20:12:27.633 [FXGL Background Thread 2 ] DEBUG FXGLAssetLoaderServi - Loading from file system: file:/D:/bombermango/target/classes/assets/textures/sprites/oneal_right2.png
20:12:27.636 [FXGL Background Thread 2 ] DEBUG FXGLAssetLoaderServi - Loading from file system: file:/D:/bombermango/target/classes/assets/textures/sprites/oneal_right3.png
20:12:27.772 [FXGL Background Thread 2 ] DEBUG FXGLAssetLoaderServi - Loading from file system: file:/D:/bombermango/target/classes/assets/textures/sprites/doll_right1.png
20:12:27.774 [FXGL Background Thread 2 ] DEBUG FXGLAssetLoaderServi - Loading from file system: file:/D:/bombermango/target/classes/assets/textures/sprites/doll_right2.png
20:12:27.775 [FXGL Background Thread 2 ] DEBUG FXGLAssetLoaderServi - Loading from file system: file:/D:/bombermango/target/classes/assets/textures/sprites/doll_right3.png
20:12:27.809 [FXGL Background Thread 2 ] DEBUG GameWorld            - Clearing removable entities
20:12:27.810 [FXGL Background Thread 2 ] DEBUG GameWorld            - Setting level: com.almasb.fxgl.entity.level.Level@646fd463
20:12:27.889 [FXGL Background Thread 2 ] DEBUG FXGLAssetLoaderServi - Loading from file system: file:/D:/bombermango/target/classes/assets/music/gameaudio.wav
20:12:28.139 [FXGL Background Thread 2 ] DEBUG FXGLAssetLoaderServi - Loading from file system: file:/D:/bombermango/target/classes/assets/textures/sprites/player_right.png
20:12:28.164 [FXGL Background Thread 2 ] DEBUG FXGLAssetLoaderServi - Loading from file system: file:/D:/bombermango/target/classes/assets/textures/sprites/player_right_1.png
20:12:28.169 [FXGL Background Thread 2 ] WARN  FXGLAssetLoaderServi - Asset "/assets/textures/sprites/player_right_2.png" was not found!
20:12:28.169 [FXGL Background Thread 2 ] WARN  FXGLAssetLoaderServi - Failed to load RESIZABLE_IMAGE
20:12:28.206 [FXGL Background Thread 2 ] DEBUG FXGLAssetLoaderServi - Loading from file system: file:/D:/bombermango/target/classes/assets/textures/sprites/player_down.png
20:12:28.211 [FXGL Background Thread 2 ] DEBUG FXGLAssetLoaderServi - Loading from file system: file:/D:/bombermango/target/classes/assets/textures/sprites/player_down_1.png
20:12:28.213 [FXGL Background Thread 2 ] DEBUG FXGLAssetLoaderServi - Loading from file system: file:/D:/bombermango/target/classes/assets/textures/sprites/player_down_2.png
20:12:28.217 [FXGL Background Thread 2 ] DEBUG FXGLAssetLoaderServi - Loading from file system: file:/D:/bombermango/target/classes/assets/textures/sprites/player_left.png
20:12:28.218 [FXGL Background Thread 2 ] DEBUG FXGLAssetLoaderServi - Loading from file system: file:/D:/bombermango/target/classes/assets/textures/sprites/player_left_1.png
20:12:28.220 [FXGL Background Thread 2 ] DEBUG FXGLAssetLoaderServi - Loading from file system: file:/D:/bombermango/target/classes/assets/textures/sprites/player_left_2.png
20:12:28.223 [FXGL Background Thread 2 ] DEBUG FXGLAssetLoaderServi - Loading from file system: file:/D:/bombermango/target/classes/assets/textures/sprites/portal.png
20:12:28.229 [FXGL Background Thread 2 ] DEBUG FXGLAssetLoaderServi - Loading from file system: file:/D:/bombermango/target/classes/assets/textures/sprites/powerup_bombs.png
20:12:28.235 [FXGL Background Thread 2 ] DEBUG FXGLAssetLoaderServi - Loading from file system: file:/D:/bombermango/target/classes/assets/textures/sprites/powerup_flames.png
20:12:28.246 [FXGL Background Thread 2 ] INFO  FXGLApplication      - Game initialization took: 0.764 sec
20:12:28.248 [JavaFX Application Thread] DEBUG Input                - Clearing active input actions
20:12:28.269 [JavaFX Application Thread] DEBUG GameApplicationServi - Removing overlay from FXGLLoadingScene and adding to GameScene
20:12:28.269 [JavaFX Application Thread] DEBUG PrimaryStageWindow   - FXGLLoadingScene -> GameScene
20:12:29.239 [FXGL Background Thread 3 ] DEBUG Engine               - Logging environment variables
20:12:29.247 [FXGL Background Thread 3 ] DEBUG Engine               - achievements: []
20:12:29.248 [FXGL Background Thread 3 ] DEBUG Engine               - actualHeight: 672.0
20:12:29.248 [FXGL Background Thread 3 ] DEBUG Engine               - actualHeightProperty: ReadOnlyDoubleProperty [value: 672.0]
20:12:29.248 [FXGL Background Thread 3 ] DEBUG Engine               - actualWidth: 800.0
20:12:29.248 [FXGL Background Thread 3 ] DEBUG Engine               - actualWidthProperty: ReadOnlyDoubleProperty [value: 800.0]
20:12:29.251 [FXGL Background Thread 3 ] DEBUG Engine               - appIcon: fxgl_icon.png
20:12:29.251 [FXGL Background Thread 3 ] DEBUG Engine               - applicationMode: DEVELOPER
20:12:29.251 [FXGL Background Thread 3 ] DEBUG Engine               - cSSList: [fxgl_dark.css]
20:12:29.252 [FXGL Background Thread 3 ] DEBUG Engine               - collisionDetectionStrategy: BRUTE_FORCE
20:12:29.252 [FXGL Background Thread 3 ] DEBUG Engine               - configClass: Optional.empty
20:12:29.252 [FXGL Background Thread 3 ] DEBUG Engine               - credits: []
20:12:29.252 [FXGL Background Thread 3 ] DEBUG Engine               - defaultCursor: CursorInfo(imageName=fxgl_default_cursor.png, hotspotX=7.0, hotspotY=6.0)
20:12:29.253 [FXGL Background Thread 3 ] DEBUG Engine               - devBBoxColorProperty: ObjectProperty [value: 0xff0000ff]
20:12:29.253 [FXGL Background Thread 3 ] DEBUG Engine               - devEnableDebugCameraProperty: BooleanProperty [value: false]
20:12:29.253 [FXGL Background Thread 3 ] DEBUG Engine               - devSensorColorProperty: ObjectProperty [value: 0xffff00ff]
20:12:29.253 [FXGL Background Thread 3 ] DEBUG Engine               - devShowBBoxProperty: BooleanProperty [value: false]
20:12:29.253 [FXGL Background Thread 3 ] DEBUG Engine               - devShowPositionProperty: BooleanProperty [value: false]
20:12:29.253 [FXGL Background Thread 3 ] DEBUG Engine               - enabledMenuItems: []
20:12:29.253 [FXGL Background Thread 3 ] DEBUG Engine               - engineServices: [class com.almasb.fxgl.app.services.FXGLAssetLoaderService, class com.almasb.fxgl.app.FXGLApplication$GameApplicationService, class com.almasb.fxgl.app.services.FXGLDialogService, class com.almasb.fxgl.app.services.IOTaskExecutorService, class com.almasb.fxgl.io.FileSystemService, class com.almasb.fxgl.localization.LocalizationService, class com.almasb.fxgl.app.services.SystemBundleService, class com.almasb.fxgl.profile.SaveLoadService, class com.almasb.fxgl.ui.FXGLUIFactoryServiceProvider, class com.almasb.fxgl.ui.FXGLDialogFactoryServiceProvider, class com.almasb.fxgl.audio.AudioPlayer, class com.almasb.fxgl.notification.impl.NotificationServiceProvider, class com.almasb.fxgl.achievement.AchievementService, class com.almasb.fxgl.cutscene.CutsceneService, class com.almasb.fxgl.minigames.MiniGameService, class com.almasb.fxgl.net.NetService, class com.almasb.fxgl.app.services.UpdaterService, class com.almasb.fxgl.dev.DevService]
20:12:29.253 [FXGL Background Thread 3 ] DEBUG Engine               - fontGame: Abel-Regular.ttf
20:12:29.253 [FXGL Background Thread 3 ] DEBUG Engine               - fontMono: TerminalLandMono-Regular.otf
20:12:29.253 [FXGL Background Thread 3 ] DEBUG Engine               - fontText: Courier-Prime.ttf
20:12:29.253 [FXGL Background Thread 3 ] DEBUG Engine               - fontUI: VarelaRound-Regular.ttf
20:12:29.254 [FXGL Background Thread 3 ] DEBUG Engine               - fullScreen: BooleanProperty [value: false]
20:12:29.254 [FXGL Background Thread 3 ] DEBUG Engine               - gameDifficulty: MEDIUM
20:12:29.254 [FXGL Background Thread 3 ] DEBUG Engine               - gameDifficultyProperty: ObjectProperty [value: MEDIUM]
20:12:29.254 [FXGL Background Thread 3 ] DEBUG Engine               - globalMusicVolume: 0.5
20:12:29.255 [FXGL Background Thread 3 ] DEBUG Engine               - globalMusicVolumeProperty: DoubleProperty [value: 0.5]
20:12:29.255 [FXGL Background Thread 3 ] DEBUG Engine               - globalSoundVolume: 0.5
20:12:29.255 [FXGL Background Thread 3 ] DEBUG Engine               - globalSoundVolumeProperty: DoubleProperty [value: 0.5]
20:12:29.255 [FXGL Background Thread 3 ] DEBUG Engine               - height: 672
20:12:29.255 [FXGL Background Thread 3 ] DEBUG Engine               - is3D: false
20:12:29.255 [FXGL Background Thread 3 ] DEBUG Engine               - isAndroid: false
20:12:29.255 [FXGL Background Thread 3 ] DEBUG Engine               - isBrowser: false
20:12:29.255 [FXGL Background Thread 3 ] DEBUG Engine               - isClickFeedbackEnabled: false
20:12:29.255 [FXGL Background Thread 3 ] DEBUG Engine               - isCloseConfirmation: false
20:12:29.256 [FXGL Background Thread 3 ] DEBUG Engine               - isDesktop: true
20:12:29.256 [FXGL Background Thread 3 ] DEBUG Engine               - isDeveloperMenuEnabled: false
20:12:29.256 [FXGL Background Thread 3 ] DEBUG Engine               - isEmbedded: false
20:12:29.256 [FXGL Background Thread 3 ] DEBUG Engine               - isEntityPreloadEnabled: true
20:12:29.256 [FXGL Background Thread 3 ] DEBUG Engine               - isExperimentalTiledLargeMap: false
20:12:29.256 [FXGL Background Thread 3 ] DEBUG Engine               - isFileSystemWriteAllowed: true
20:12:29.256 [FXGL Background Thread 3 ] DEBUG Engine               - isFullScreenAllowed: false
20:12:29.256 [FXGL Background Thread 3 ] DEBUG Engine               - isFullScreenFromStart: false
20:12:29.261 [FXGL Background Thread 3 ] DEBUG Engine               - isGameMenuEnabled: true
20:12:29.261 [FXGL Background Thread 3 ] DEBUG Engine               - isIOS: false
20:12:29.261 [FXGL Background Thread 3 ] DEBUG Engine               - isIntroEnabled: false
20:12:29.261 [FXGL Background Thread 3 ] DEBUG Engine               - isLinux: false
20:12:29.261 [FXGL Background Thread 3 ] DEBUG Engine               - isMac: false
20:12:29.261 [FXGL Background Thread 3 ] DEBUG Engine               - isMainMenuEnabled: true
20:12:29.261 [FXGL Background Thread 3 ] DEBUG Engine               - isManualResizeEnabled: false
20:12:29.261 [FXGL Background Thread 3 ] DEBUG Engine               - isMobile: false
20:12:29.262 [FXGL Background Thread 3 ] DEBUG Engine               - isNative: false
20:12:29.262 [FXGL Background Thread 3 ] DEBUG Engine               - isPauseMusicWhenMinimized: true
20:12:29.263 [FXGL Background Thread 3 ] DEBUG Engine               - isPreserveResizeRatio: false
20:12:29.263 [FXGL Background Thread 3 ] DEBUG Engine               - isProfilingEnabled: false
20:12:29.263 [FXGL Background Thread 3 ] DEBUG Engine               - isScaleAffectedOnResize: true
20:12:29.263 [FXGL Background Thread 3 ] DEBUG Engine               - isSingleStep: false
20:12:29.263 [FXGL Background Thread 3 ] DEBUG Engine               - isUserProfileEnabled: false
20:12:29.263 [FXGL Background Thread 3 ] DEBUG Engine               - isWindows: true
20:12:29.264 [FXGL Background Thread 3 ] DEBUG Engine               - language: ObjectProperty [value: ENGLISH]
20:12:29.264 [FXGL Background Thread 3 ] DEBUG Engine               - menuKey: ESCAPE
20:12:29.265 [FXGL Background Thread 3 ] DEBUG Engine               - mouseSensitivity: 0.2
20:12:29.265 [FXGL Background Thread 3 ] DEBUG Engine               - notificationViewClass: class com.almasb.fxgl.notification.view.XboxNotificationView
20:12:29.265 [FXGL Background Thread 3 ] DEBUG Engine               - pixelsPerMeter: 50.0
20:12:29.265 [FXGL Background Thread 3 ] DEBUG Engine               - platform: WINDOWS
20:12:29.265 [FXGL Background Thread 3 ] DEBUG Engine               - prefHeightProperty: ReadOnlyDoubleProperty [value: 672.0]
20:12:29.265 [FXGL Background Thread 3 ] DEBUG Engine               - prefWidthProperty: ReadOnlyDoubleProperty [value: 800.0]
20:12:29.265 [FXGL Background Thread 3 ] DEBUG Engine               - profileDir: profiles/
20:12:29.265 [FXGL Background Thread 3 ] DEBUG Engine               - profileName: StringProperty [value: DEFAULT]
20:12:29.265 [FXGL Background Thread 3 ] DEBUG Engine               - randomSeed: -1
20:12:29.266 [FXGL Background Thread 3 ] DEBUG Engine               - runtimeInfo: RuntimeInfo(platform=WINDOWS, version=17.1, build=24.03.2022 17.34)
20:12:29.266 [FXGL Background Thread 3 ] DEBUG Engine               - saveFileExt: sav
20:12:29.266 [FXGL Background Thread 3 ] DEBUG Engine               - scaledHeightProp$fxgl: DoubleProperty [bound, value: 672.0]
20:12:29.266 [FXGL Background Thread 3 ] DEBUG Engine               - scaledWidthProp$fxgl: DoubleProperty [bound, value: 800.0]
20:12:29.266 [FXGL Background Thread 3 ] DEBUG Engine               - sceneFactory: com.almasb.fxgl.app.scene.SceneFactory@10ee9a17
20:12:29.266 [FXGL Background Thread 3 ] DEBUG Engine               - secondsIn24h: 60
20:12:29.266 [FXGL Background Thread 3 ] DEBUG Engine               - soundMenuBack: menu/back.wav
20:12:29.266 [FXGL Background Thread 3 ] DEBUG Engine               - soundMenuPress: menu/press.wav
20:12:29.267 [FXGL Background Thread 3 ] DEBUG Engine               - soundMenuSelect: menu/select.wav
20:12:29.267 [FXGL Background Thread 3 ] DEBUG Engine               - soundNotification: core/notification.wav
20:12:29.267 [FXGL Background Thread 3 ] DEBUG Engine               - stageStyle: DECORATED
20:12:29.267 [FXGL Background Thread 3 ] DEBUG Engine               - supportedLanguages: [ENGLISH, FRENCH, GERMAN, HUNGARIAN, RUSSIAN]
20:12:29.267 [FXGL Background Thread 3 ] DEBUG Engine               - ticksPerSecond: -1
20:12:29.267 [FXGL Background Thread 3 ] DEBUG Engine               - title: Bomberman
20:12:29.267 [FXGL Background Thread 3 ] DEBUG Engine               - urlGithub: https://github.com/AlmasB/FXGL
20:12:29.267 [FXGL Background Thread 3 ] DEBUG Engine               - urlLeaderboard: http://fxgl-top.herokuapp.com/
20:12:29.267 [FXGL Background Thread 3 ] DEBUG Engine               - urlPOM: https://raw.githubusercontent.com/AlmasB/FXGL/release/README.md
20:12:29.267 [FXGL Background Thread 3 ] DEBUG Engine               - userAppClass: class mangobomb.bombermango.HelloApplication
20:12:29.267 [FXGL Background Thread 3 ] DEBUG Engine               - version: 0.0
20:12:29.267 [FXGL Background Thread 3 ] DEBUG Engine               - versionCheckDays: 7
20:12:29.267 [FXGL Background Thread 3 ] DEBUG Engine               - width: 800
20:12:29.267 [FXGL Background Thread 3 ] DEBUG Engine               - Logging services
20:12:29.267 [FXGL Background Thread 3 ] DEBUG Engine               - class com.almasb.fxgl.app.services.FXGLAssetLoaderService
20:12:29.267 [FXGL Background Thread 3 ] DEBUG Engine               - class com.almasb.fxgl.app.FXGLApplication$GameApplicationService
20:12:29.268 [FXGL Background Thread 3 ] DEBUG Engine               - class com.almasb.fxgl.app.services.FXGLDialogService
20:12:29.268 [FXGL Background Thread 3 ] DEBUG Engine               - class com.almasb.fxgl.app.services.IOTaskExecutorService
20:12:29.268 [FXGL Background Thread 3 ] DEBUG Engine               - class com.almasb.fxgl.io.FileSystemService
20:12:29.268 [FXGL Background Thread 3 ] DEBUG Engine               - class com.almasb.fxgl.localization.LocalizationService
20:12:29.268 [FXGL Background Thread 3 ] DEBUG Engine               - class com.almasb.fxgl.app.services.SystemBundleService
20:12:29.268 [FXGL Background Thread 3 ] DEBUG Engine               - class com.almasb.fxgl.profile.SaveLoadService
20:12:29.268 [FXGL Background Thread 3 ] DEBUG Engine               - class com.almasb.fxgl.ui.FXGLUIFactoryServiceProvider
20:12:29.268 [FXGL Background Thread 3 ] DEBUG Engine               - class com.almasb.fxgl.ui.FXGLDialogFactoryServiceProvider
20:12:29.268 [FXGL Background Thread 3 ] DEBUG Engine               - class com.almasb.fxgl.audio.AudioPlayer
20:12:29.268 [FXGL Background Thread 3 ] DEBUG Engine               - class com.almasb.fxgl.notification.impl.NotificationServiceProvider
20:12:29.268 [FXGL Background Thread 3 ] DEBUG Engine               - class com.almasb.fxgl.achievement.AchievementService
20:12:29.269 [FXGL Background Thread 3 ] DEBUG Engine               - class com.almasb.fxgl.cutscene.CutsceneService
20:12:29.269 [FXGL Background Thread 3 ] DEBUG Engine               - class com.almasb.fxgl.minigames.MiniGameService
20:12:29.269 [FXGL Background Thread 3 ] DEBUG Engine               - class com.almasb.fxgl.net.NetService
20:12:29.269 [FXGL Background Thread 3 ] DEBUG Engine               - class com.almasb.fxgl.app.services.UpdaterService
20:12:29.271 [FXGL Background Thread 3 ] DEBUG Engine               - class com.almasb.fxgl.dev.DevService
20:12:31.668 [JavaFX Application Thread] DEBUG FXGLAssetLoaderServi - Loading from file system: file:/D:/bombermango/target/classes/assets/textures/sprites/bomb.png
20:12:31.673 [JavaFX Application Thread] DEBUG FXGLAssetLoaderServi - Loading from file system: file:/D:/bombermango/target/classes/assets/textures/sprites/bomb_1.png
20:12:31.678 [JavaFX Application Thread] DEBUG FXGLAssetLoaderServi - Loading from file system: file:/D:/bombermango/target/classes/assets/textures/sprites/bomb_2.png
20:12:33.654 [JavaFX Application Thread] DEBUG FXGLAssetLoaderServi - Loading from file system: file:/D:/bombermango/target/classes/assets/textures/sprites/bomb_exploded.png
20:12:33.656 [JavaFX Application Thread] DEBUG FXGLAssetLoaderServi - Loading from file system: file:/D:/bombermango/target/classes/assets/textures/sprites/bomb_exploded1.png
20:12:33.659 [JavaFX Application Thread] DEBUG FXGLAssetLoaderServi - Loading from file system: file:/D:/bombermango/target/classes/assets/textures/sprites/bomb_exploded2.png
20:12:58.956 [JavaFX Application Thread] DEBUG FXGLAssetLoaderServi - Loading from file system: file:/D:/bombermango/target/classes/assets/textures/sprites/doll_dead.png
20:13:19.657 [JavaFX Application Thread] DEBUG FXGLAssetLoaderServi - Loading from file system: file:/D:/bombermango/target/classes/assets/textures/sprites/balloom_dead.png
20:13:30.105 [JavaFX Application Thread] DEBUG FXGLAssetLoaderServi - Loading from file system: file:/D:/bombermango/target/classes/assets/textures/sprites/oneal_dead.png
20:13:33.857 [JavaFX Application Thread] DEBUG PrimaryStageWindow   - Push state: DialogSubScene
20:13:33.857 [JavaFX Application Thread] DEBUG Input                - Clearing active input actions
20:13:33.860 [JavaFX Application Thread] DEBUG GameApplicationServi - Removing overlay from GameScene and adding to DialogSubScene
20:13:33.861 [JavaFX Application Thread] DEBUG PrimaryStageWindow   - GameScene -> DialogSubScene
20:13:35.388 [JavaFX Application Thread] DEBUG PrimaryStageWindow   - Pop state: DialogSubScene
20:13:35.388 [JavaFX Application Thread] DEBUG Input                - Clearing active input actions
20:13:35.388 [JavaFX Application Thread] DEBUG GameApplicationServi - Removing overlay from DialogSubScene and adding to GameScene
20:13:35.389 [JavaFX Application Thread] DEBUG PrimaryStageWindow   - GameScene <- DialogSubScene
20:13:35.389 [JavaFX Application Thread] DEBUG Input                - Clearing active input actions
20:13:35.396 [JavaFX Application Thread] DEBUG GameApplicationServi - Removing overlay from GameScene and adding to FXGLMainMenuDummyScene
20:13:35.396 [JavaFX Application Thread] DEBUG PrimaryStageWindow   - GameScene -> FXGLMainMenuDummyScene
20:13:35.396 [JavaFX Application Thread] DEBUG PrimaryStageWindow   - Push state: FXGLDefaultMenu
20:13:35.397 [JavaFX Application Thread] DEBUG Input                - Clearing active input actions
20:13:35.400 [JavaFX Application Thread] DEBUG GameApplicationServi - Removing overlay from FXGLMainMenuDummyScene and adding to FXGLDefaultMenu
20:13:35.400 [JavaFX Application Thread] DEBUG PrimaryStageWindow   - FXGLMainMenuDummyScene -> FXGLDefaultMenu
20:13:36.088 [JavaFX Application Thread] DEBUG Menu                 - fireNewGame()
20:13:36.089 [JavaFX Application Thread] DEBUG GameApplicationServi - Starting new game
20:13:36.089 [JavaFX Application Thread] DEBUG PrimaryStageWindow   - Pop state: FXGLDefaultMenu
20:13:36.089 [JavaFX Application Thread] DEBUG Input                - Clearing active input actions
20:13:36.090 [JavaFX Application Thread] DEBUG GameApplicationServi - Removing overlay from FXGLDefaultMenu and adding to FXGLMainMenuDummyScene
20:13:36.091 [JavaFX Application Thread] DEBUG PrimaryStageWindow   - FXGLMainMenuDummyScene <- FXGLDefaultMenu
20:13:36.091 [JavaFX Application Thread] DEBUG Input                - Clearing active input actions
20:13:36.097 [JavaFX Application Thread] DEBUG GameApplicationServi - Removing overlay from FXGLMainMenuDummyScene and adding to FXGLLoadingScene
20:13:36.098 [JavaFX Application Thread] DEBUG PrimaryStageWindow   - FXGLMainMenuDummyScene -> FXGLLoadingScene
20:13:36.098 [JavaFX Application Thread] DEBUG GameApplicationServi - Clearing previous game
20:13:36.098 [JavaFX Application Thread] DEBUG GameScene            - Clearing game scene
20:13:36.098 [JavaFX Application Thread] DEBUG GameWorld            - Clearing game world
20:13:36.117 [JavaFX Application Thread] DEBUG PhysicsWorld         - Clearing physics world
20:13:36.119 [FXGL Background Thread 5 ] DEBUG FXGLApplication      - Initializing game
20:13:36.223 [FXGL Background Thread 5 ] DEBUG GameWorld            - Clearing removable entities
20:13:36.224 [FXGL Background Thread 5 ] DEBUG GameWorld            - Setting level: com.almasb.fxgl.entity.level.Level@67b42b5c
20:13:36.245 [FXGL Background Thread 5 ] WARN  FXGLAssetLoaderServi - Asset "/assets/textures/sprites/player_right_2.png" was not found!
20:13:36.246 [FXGL Background Thread 5 ] WARN  FXGLAssetLoaderServi - Failed to load RESIZABLE_IMAGE
20:13:36.254 [FXGL Background Thread 5 ] INFO  FXGLApplication      - Game initialization took: 0.136 sec
20:13:36.255 [JavaFX Application Thread] DEBUG Input                - Clearing active input actions
20:13:36.262 [JavaFX Application Thread] DEBUG GameApplicationServi - Removing overlay from FXGLLoadingScene and adding to GameScene
20:13:36.263 [JavaFX Application Thread] DEBUG PrimaryStageWindow   - FXGLLoadingScene -> GameScene
20:15:03.628 [JavaFX Application Thread] DEBUG GameWorld            - Clearing removable entities
20:15:03.656 [JavaFX Application Thread] DEBUG GameWorld            - Setting level: com.almasb.fxgl.entity.level.Level@2b4ca80b
20:15:03.675 [JavaFX Application Thread] WARN  FXGLAssetLoaderServi - Asset "/assets/textures/sprites/player_right_2.png" was not found!
20:15:03.675 [JavaFX Application Thread] WARN  FXGLAssetLoaderServi - Failed to load RESIZABLE_IMAGE
20:15:43.119 [JavaFX Application Thread] DEBUG PrimaryStageWindow   - Push state: DialogSubScene
20:15:43.119 [JavaFX Application Thread] DEBUG Input                - Clearing active input actions
20:15:43.121 [JavaFX Application Thread] DEBUG GameApplicationServi - Removing overlay from GameScene and adding to DialogSubScene
20:15:43.121 [JavaFX Application Thread] DEBUG PrimaryStageWindow   - GameScene -> DialogSubScene
20:15:45.491 [JavaFX Application Thread] DEBUG PrimaryStageWindow   - Pop state: DialogSubScene
20:15:45.491 [JavaFX Application Thread] DEBUG Input                - Clearing active input actions
20:15:45.491 [JavaFX Application Thread] DEBUG GameApplicationServi - Removing overlay from DialogSubScene and adding to GameScene
20:15:45.491 [JavaFX Application Thread] DEBUG PrimaryStageWindow   - GameScene <- DialogSubScene
20:15:45.491 [JavaFX Application Thread] DEBUG Input                - Clearing active input actions
20:15:45.495 [JavaFX Application Thread] DEBUG GameApplicationServi - Removing overlay from GameScene and adding to FXGLMainMenuDummyScene
20:15:45.495 [JavaFX Application Thread] DEBUG PrimaryStageWindow   - GameScene -> FXGLMainMenuDummyScene
20:15:45.495 [JavaFX Application Thread] DEBUG PrimaryStageWindow   - Push state: FXGLDefaultMenu
20:15:45.495 [JavaFX Application Thread] DEBUG Input                - Clearing active input actions
20:15:45.497 [JavaFX Application Thread] DEBUG GameApplicationServi - Removing overlay from FXGLMainMenuDummyScene and adding to FXGLDefaultMenu
20:15:45.497 [JavaFX Application Thread] DEBUG PrimaryStageWindow   - FXGLMainMenuDummyScene -> FXGLDefaultMenu
20:15:46.322 [JavaFX Application Thread] DEBUG Menu                 - fireNewGame()
20:15:46.322 [JavaFX Application Thread] DEBUG GameApplicationServi - Starting new game
20:15:46.322 [JavaFX Application Thread] DEBUG PrimaryStageWindow   - Pop state: FXGLDefaultMenu
20:15:46.322 [JavaFX Application Thread] DEBUG Input                - Clearing active input actions
20:15:46.323 [JavaFX Application Thread] DEBUG GameApplicationServi - Removing overlay from FXGLDefaultMenu and adding to FXGLMainMenuDummyScene
20:15:46.323 [JavaFX Application Thread] DEBUG PrimaryStageWindow   - FXGLMainMenuDummyScene <- FXGLDefaultMenu
20:15:46.323 [JavaFX Application Thread] DEBUG Input                - Clearing active input actions
20:15:46.328 [JavaFX Application Thread] DEBUG GameApplicationServi - Removing overlay from FXGLMainMenuDummyScene and adding to FXGLLoadingScene
20:15:46.329 [JavaFX Application Thread] DEBUG PrimaryStageWindow   - FXGLMainMenuDummyScene -> FXGLLoadingScene
20:15:46.329 [JavaFX Application Thread] DEBUG GameApplicationServi - Clearing previous game
20:15:46.329 [JavaFX Application Thread] DEBUG GameScene            - Clearing game scene
20:15:46.329 [JavaFX Application Thread] DEBUG GameWorld            - Clearing game world
20:15:46.336 [JavaFX Application Thread] DEBUG PhysicsWorld         - Clearing physics world
20:15:46.345 [FXGL Background Thread 6 ] DEBUG FXGLApplication      - Initializing game
20:15:46.386 [FXGL Background Thread 6 ] DEBUG GameWorld            - Clearing removable entities
20:15:46.386 [FXGL Background Thread 6 ] DEBUG GameWorld            - Setting level: com.almasb.fxgl.entity.level.Level@6d88f42c
20:15:46.400 [FXGL Background Thread 6 ] WARN  FXGLAssetLoaderServi - Asset "/assets/textures/sprites/player_right_2.png" was not found!
20:15:46.400 [FXGL Background Thread 6 ] WARN  FXGLAssetLoaderServi - Failed to load RESIZABLE_IMAGE
20:15:46.404 [FXGL Background Thread 6 ] INFO  FXGLApplication      - Game initialization took: 0.059 sec
20:15:46.406 [JavaFX Application Thread] DEBUG Input                - Clearing active input actions
20:15:46.414 [JavaFX Application Thread] DEBUG GameApplicationServi - Removing overlay from FXGLLoadingScene and adding to GameScene
20:15:46.414 [JavaFX Application Thread] DEBUG PrimaryStageWindow   - FXGLLoadingScene -> GameScene
20:17:05.612 [JavaFX Application Thread] DEBUG GameWorld            - Clearing removable entities
20:17:05.625 [JavaFX Application Thread] DEBUG GameWorld            - Setting level: com.almasb.fxgl.entity.level.Level@3f722435
20:17:05.649 [JavaFX Application Thread] WARN  FXGLAssetLoaderServi - Asset "/assets/textures/sprites/player_right_2.png" was not found!
20:17:05.650 [JavaFX Application Thread] WARN  FXGLAssetLoaderServi - Failed to load RESIZABLE_IMAGE
20:18:52.889 [JavaFX Application Thread] DEBUG PrimaryStageWindow   - Push state: DialogSubScene
20:18:52.889 [JavaFX Application Thread] DEBUG Input                - Clearing active input actions
20:18:52.891 [JavaFX Application Thread] DEBUG GameApplicationServi - Removing overlay from GameScene and adding to DialogSubScene
20:18:52.891 [JavaFX Application Thread] DEBUG PrimaryStageWindow   - GameScene -> DialogSubScene
20:18:54.017 [JavaFX Application Thread] DEBUG PrimaryStageWindow   - Pop state: DialogSubScene
20:18:54.017 [JavaFX Application Thread] DEBUG Input                - Clearing active input actions
20:18:54.017 [JavaFX Application Thread] DEBUG GameApplicationServi - Removing overlay from DialogSubScene and adding to GameScene
20:18:54.017 [JavaFX Application Thread] DEBUG PrimaryStageWindow   - GameScene <- DialogSubScene
20:18:54.017 [JavaFX Application Thread] DEBUG Input                - Clearing active input actions
20:18:54.021 [JavaFX Application Thread] DEBUG GameApplicationServi - Removing overlay from GameScene and adding to FXGLMainMenuDummyScene
20:18:54.022 [JavaFX Application Thread] DEBUG PrimaryStageWindow   - GameScene -> FXGLMainMenuDummyScene
20:18:54.022 [JavaFX Application Thread] DEBUG PrimaryStageWindow   - Push state: FXGLDefaultMenu
20:18:54.022 [JavaFX Application Thread] DEBUG Input                - Clearing active input actions
20:18:54.023 [JavaFX Application Thread] DEBUG GameApplicationServi - Removing overlay from FXGLMainMenuDummyScene and adding to FXGLDefaultMenu
20:18:54.023 [JavaFX Application Thread] DEBUG PrimaryStageWindow   - FXGLMainMenuDummyScene -> FXGLDefaultMenu
20:18:54.634 [JavaFX Application Thread] DEBUG Menu                 - fireNewGame()
20:18:54.634 [JavaFX Application Thread] DEBUG GameApplicationServi - Starting new game
20:18:54.634 [JavaFX Application Thread] DEBUG PrimaryStageWindow   - Pop state: FXGLDefaultMenu
20:18:54.634 [JavaFX Application Thread] DEBUG Input                - Clearing active input actions
20:18:54.635 [JavaFX Application Thread] DEBUG GameApplicationServi - Removing overlay from FXGLDefaultMenu and adding to FXGLMainMenuDummyScene
20:18:54.635 [JavaFX Application Thread] DEBUG PrimaryStageWindow   - FXGLMainMenuDummyScene <- FXGLDefaultMenu
20:18:54.635 [JavaFX Application Thread] DEBUG Input                - Clearing active input actions
20:18:54.640 [JavaFX Application Thread] DEBUG GameApplicationServi - Removing overlay from FXGLMainMenuDummyScene and adding to FXGLLoadingScene
20:18:54.640 [JavaFX Application Thread] DEBUG PrimaryStageWindow   - FXGLMainMenuDummyScene -> FXGLLoadingScene
20:18:54.640 [JavaFX Application Thread] DEBUG GameApplicationServi - Clearing previous game
20:18:54.640 [JavaFX Application Thread] DEBUG GameScene            - Clearing game scene
20:18:54.640 [JavaFX Application Thread] DEBUG GameWorld            - Clearing game world
20:18:54.645 [JavaFX Application Thread] DEBUG PhysicsWorld         - Clearing physics world
20:18:54.648 [FXGL Background Thread 7 ] DEBUG FXGLApplication      - Initializing game
20:18:54.694 [FXGL Background Thread 7 ] DEBUG GameWorld            - Clearing removable entities
20:18:54.694 [FXGL Background Thread 7 ] DEBUG GameWorld            - Setting level: com.almasb.fxgl.entity.level.Level@1b692ee8
20:18:54.706 [FXGL Background Thread 7 ] WARN  FXGLAssetLoaderServi - Asset "/assets/textures/sprites/player_right_2.png" was not found!
20:18:54.706 [FXGL Background Thread 7 ] WARN  FXGLAssetLoaderServi - Failed to load RESIZABLE_IMAGE
20:18:54.710 [FXGL Background Thread 7 ] INFO  FXGLApplication      - Game initialization took: 0.062 sec
20:18:54.713 [JavaFX Application Thread] DEBUG Input                - Clearing active input actions
20:18:54.721 [JavaFX Application Thread] DEBUG GameApplicationServi - Removing overlay from FXGLLoadingScene and adding to GameScene
20:18:54.721 [JavaFX Application Thread] DEBUG PrimaryStageWindow   - FXGLLoadingScene -> GameScene
20:19:00.171 [JavaFX Application Thread] DEBUG FXGLApplication      - Exiting FXGL
20:19:00.171 [JavaFX Application Thread] DEBUG LoopRunner           - Stopping loop
20:19:00.171 [JavaFX Application Thread] DEBUG SystemBundleService  - Saving FXGL system data
20:19:00.173 [JavaFX Application Thread] DEBUG FileSystemAccess     - Writing to: D:\bombermango\system\fxgl.bundle
20:19:00.176 [JavaFX Application Thread] DEBUG Async                - Shutting down background threads
20:19:00.176 [JavaFX Application Thread] DEBUG PrimaryStageWindow   - Closing main window
20:19:00.197 [JavaFX Application Thread] DEBUG Logger               - Closing Logger
