23:39:22.261 [main                     ] DEBUG Logger               - Configured Logger
23:39:22.297 [main                     ] DEBUG GameApplication      - Logging settings
Title: Bomberman
Version: 0.0
Width: 800
Height: 600
Fullscreen: false
Intro: false
Profiling: false
Single step:false
App Mode: DEVELOPER
Menu Key: ESCAPE
Stage Style: DECORATED
Scene Factory: class com.almasb.fxgl.app.scene.SceneFactory

23:39:22.742 [JavaFX Application Thread] DEBUG FXGLApplication      - Initializing FXGL
23:39:22.751 [JavaFX Application Thread] INFO  Engine               - FXGL-17.1 (24.03.2022 17.34) on WINDOWS (J:18.0.2.1 FX:18.0.1)
23:39:22.752 [JavaFX Application Thread] DEBUG Engine               - JRE Vendor Name: Oracle Corporation
23:39:22.752 [JavaFX Application Thread] DEBUG Engine               - Running on OS: Windows 10 version 10.0
23:39:22.752 [JavaFX Application Thread] DEBUG Engine               - Architecture: amd64
23:39:22.752 [JavaFX Application Thread] INFO  Engine               - Source code and latest versions at: https://github.com/AlmasB/FXGL
23:39:22.753 [JavaFX Application Thread] INFO  Engine               -       Ask questions and discuss at: https://github.com/AlmasB/FXGL/discussions
23:39:22.753 [JavaFX Application Thread] INFO  Engine               -              Join the FXGL chat at: https://gitter.im/AlmasB/FXGL
23:39:22.907 [JavaFX Application Thread] DEBUG PrimaryStageWindow   - Creating a JavaFX scene
23:39:22.978 [JavaFX Application Thread] DEBUG PrimaryStageWindow   - Target settings size: 800.0 x 600.0
23:39:22.979 [JavaFX Application Thread] DEBUG PrimaryStageWindow   - Scaled scene size:    800.0 x 600.0
23:39:22.979 [JavaFX Application Thread] DEBUG PrimaryStageWindow   - Scaled ratio: (1.0, 1.0)
23:39:22.980 [JavaFX Application Thread] DEBUG PrimaryStageWindow   - Set initial scene to FXGLStartupScene
23:39:22.997 [JavaFX Application Thread] DEBUG PrimaryStageWindow   - Opening main window
23:39:23.113 [JavaFX Application Thread] DEBUG PrimaryStageWindow   - Window border size: (14.66668701171875, 37.33331298828125)
23:39:23.114 [JavaFX Application Thread] DEBUG PrimaryStageWindow   - Scaled size: 800.0 x 600.0
23:39:23.115 [JavaFX Application Thread] DEBUG PrimaryStageWindow   - Scaled ratio: (1.0, 1.0)
23:39:23.116 [JavaFX Application Thread] DEBUG PrimaryStageWindow   - Scene size: 800.0 x 600.0
23:39:23.116 [JavaFX Application Thread] DEBUG PrimaryStageWindow   - Stage size: 814.6666870117188 x 637.3333129882812
23:39:23.125 [FXGL Background Thread 1 ] DEBUG Engine               - Initializing environment variables
23:39:23.234 [FXGL Background Thread 1 ] DEBUG FXGLAssetLoaderServi - User app class for loading assets: class mangobomb.bombermango.HelloApplication
23:39:23.235 [FXGL Background Thread 1 ] DEBUG GameApplicationServi - Applying CSS: fxgl_dark.css
23:39:23.236 [FXGL Background Thread 1 ] DEBUG FXGLAssetLoaderServi - Loading from file system: jar:file:/C:/Users/Admin/.m2/repository/com/github/almasb/fxgl/17.1/fxgl-17.1.jar!/fxglassets/ui/css/fxgl_dark.css
23:39:23.304 [FXGL Background Thread 1 ] DEBUG GameApplicationServi - Initializing application scenes
23:39:23.396 [FXGL Background Thread 1 ] DEBUG GameWorld            - Game world initialized
23:39:23.477 [FXGL Background Thread 1 ] DEBUG PhysicsWorld         - Physics world initialized: appHeight=600, physics.ppm=50.0
23:39:23.478 [FXGL Background Thread 1 ] DEBUG PhysicsWorld         - Using strategy: BRUTE_FORCE
23:39:23.483 [FXGL Background Thread 1 ] DEBUG GameScene            - Game scene initialized: 800x600
23:39:23.501 [FXGL Background Thread 1 ] DEBUG FXGL.DefaultMenu     - createMenuBodyMainMenu()
23:39:23.518 [FXGL Background Thread 1 ] DEBUG FXGL.DefaultMenu     - createOptionsMenu()
23:39:23.532 [FXGL Background Thread 1 ] DEBUG FXGLAssetLoaderServi - Loading from file system: jar:file:/C:/Users/Admin/.m2/repository/com/github/almasb/fxgl/17.1/fxgl-17.1.jar!/fxglassets/textures/particles/smoke.png
23:39:23.669 [FXGL Background Thread 1 ] DEBUG FXGLAssetLoaderServi - Loading from file system: jar:file:/C:/Users/Admin/.m2/repository/com/github/almasb/fxgl/17.1/fxgl-17.1.jar!/fxglassets/textures/particles/trace_horizontal.png
23:39:23.706 [FXGL Background Thread 1 ] DEBUG FXGL.DefaultMenu     - createMenuBodyGameMenu()
23:39:23.708 [FXGL Background Thread 1 ] DEBUG FXGL.DefaultMenu     - createOptionsMenu()
23:39:23.741 [FXGL Background Thread 1 ] DEBUG GameApplicationServi - Application scenes initialized
23:39:23.768 [FXGL Background Thread 1 ] DEBUG SystemBundleService  - Loading FXGL system data
23:39:23.775 [FXGL Background Thread 1 ] DEBUG FileSystemAccess     - Reading from: D:\bombermango\system\fxgl.bundle
23:39:23.788 [FXGL Background Thread 1 ] DEBUG SystemBundleService  - Bundle FXGL: {}
23:39:23.788 [FXGL Background Thread 1 ] DEBUG UpdaterService       - Checking for updates
23:39:23.796 [FXGL Background Thread 1 ] DEBUG FXGLApplication      - Loading default localization
23:39:23.796 [FXGL Background Thread 1 ] DEBUG FXGLAssetLoaderServi - Loading from file system: jar:file:/C:/Users/Admin/.m2/repository/com/github/almasb/fxgl/17.1/fxgl-17.1.jar!/fxglassets/languages/english.lang
23:39:23.813 [FXGL Background Thread 4 ] DEBUG FXGLApplication      - Loading fonts
23:39:23.813 [FXGL Background Thread 4 ] DEBUG FXGLAssetLoaderServi - Loading from file system: jar:file:/C:/Users/Admin/.m2/repository/com/github/almasb/fxgl/17.1/fxgl-17.1.jar!/fxglassets/ui/fonts/VarelaRound-Regular.ttf
23:39:23.819 [FXGL Background Thread 1 ] INFO  FXGLApplication      - FXGL initialization took: 0.694 sec
23:39:23.838 [JavaFX Application Thread] DEBUG Input                - Registered new binding: moveUp - W
23:39:23.838 [JavaFX Application Thread] DEBUG Input                - Registered new binding: moveRight - D
23:39:23.838 [JavaFX Application Thread] DEBUG Input                - Registered new binding: moveLeft - A
23:39:23.838 [JavaFX Application Thread] DEBUG Input                - Registered new binding: moveDown - S
23:39:23.838 [JavaFX Application Thread] DEBUG Input                - Registered new binding: implantBomb - F
23:39:23.839 [JavaFX Application Thread] DEBUG FXGLAssetLoaderServi - Loading from file system: jar:file:/C:/Users/Admin/.m2/repository/com/github/almasb/fxgl/17.1/fxgl-17.1.jar!/fxglassets/textures/fxgl_icon.png
23:39:23.874 [JavaFX Application Thread] DEBUG FXGLAssetLoaderServi - Loading from file system: jar:file:/C:/Users/Admin/.m2/repository/com/github/almasb/fxgl/17.1/fxgl-17.1.jar!/fxglassets/textures/fxgl_default_cursor.png
23:39:23.877 [JavaFX Application Thread] DEBUG Input                - Registered new binding: Screenshot - CTRL+8
23:39:23.877 [JavaFX Application Thread] DEBUG Input                - Registered new binding: System info dump - CTRL+9
23:39:23.878 [JavaFX Application Thread] DEBUG Input                - Registered new binding: Restart - CTRL+R
23:39:23.879 [JavaFX Application Thread] DEBUG Input                - Registered new binding: Toggle Debug Camera - CTRL+7
23:39:23.881 [JavaFX Application Thread] DEBUG LoopRunner           - Starting loop
23:39:23.881 [JavaFX Application Thread] DEBUG LoopRunner           - Initializing JavaFX AnimationTimerLoop
23:39:23.884 [JavaFX Application Thread] DEBUG Input                - Clearing active input actions
23:39:23.892 [JavaFX Application Thread] DEBUG GameApplicationServi - Removing overlay from FXGLStartupScene and adding to FXGLMainMenuDummyScene
23:39:23.893 [JavaFX Application Thread] DEBUG PrimaryStageWindow   - FXGLStartupScene -> FXGLMainMenuDummyScene
23:39:23.893 [JavaFX Application Thread] DEBUG PrimaryStageWindow   - Push state: FXGLDefaultMenu
23:39:23.898 [JavaFX Application Thread] DEBUG Input                - Clearing active input actions
23:39:23.908 [JavaFX Application Thread] DEBUG GameApplicationServi - Removing overlay from FXGLMainMenuDummyScene and adding to FXGLDefaultMenu
23:39:23.909 [JavaFX Application Thread] DEBUG PrimaryStageWindow   - FXGLMainMenuDummyScene -> FXGLDefaultMenu
23:39:24.034 [FXGL Background Thread 4 ] DEBUG FXGLAssetLoaderServi - Loading from file system: jar:file:/C:/Users/Admin/.m2/repository/com/github/almasb/fxgl/17.1/fxgl-17.1.jar!/fxglassets/ui/fonts/Abel-Regular.ttf
23:39:24.041 [FXGL Background Thread 4 ] DEBUG FXGLAssetLoaderServi - Loading from file system: jar:file:/C:/Users/Admin/.m2/repository/com/github/almasb/fxgl/17.1/fxgl-17.1.jar!/fxglassets/ui/fonts/TerminalLandMono-Regular.otf
23:39:24.046 [FXGL Background Thread 4 ] DEBUG FXGLAssetLoaderServi - Loading from file system: jar:file:/C:/Users/Admin/.m2/repository/com/github/almasb/fxgl/17.1/fxgl-17.1.jar!/fxglassets/ui/fonts/Courier-Prime.ttf
23:39:24.053 [JavaFX Application Thread] DEBUG FXGLApplication      - Registering font factories with UI factory
23:39:24.801 [FXGL Background Thread 2 ] INFO  UpdaterService       - Your current version:  17.1
23:39:24.802 [FXGL Background Thread 2 ] INFO  UpdaterService       - Latest stable version: 17.2
23:39:25.677 [JavaFX Application Thread] DEBUG Menu                 - fireNewGame()
23:39:25.677 [JavaFX Application Thread] DEBUG GameApplicationServi - Starting new game
23:39:25.680 [JavaFX Application Thread] DEBUG PrimaryStageWindow   - Pop state: FXGLDefaultMenu
23:39:25.680 [JavaFX Application Thread] DEBUG Input                - Clearing active input actions
23:39:25.681 [JavaFX Application Thread] DEBUG GameApplicationServi - Removing overlay from FXGLDefaultMenu and adding to FXGLMainMenuDummyScene
23:39:25.682 [JavaFX Application Thread] DEBUG PrimaryStageWindow   - FXGLMainMenuDummyScene <- FXGLDefaultMenu
23:39:25.682 [JavaFX Application Thread] DEBUG Input                - Clearing active input actions
23:39:25.696 [JavaFX Application Thread] DEBUG GameApplicationServi - Removing overlay from FXGLMainMenuDummyScene and adding to FXGLLoadingScene
23:39:25.697 [JavaFX Application Thread] DEBUG PrimaryStageWindow   - FXGLMainMenuDummyScene -> FXGLLoadingScene
23:39:25.698 [JavaFX Application Thread] DEBUG GameApplicationServi - Clearing previous game
23:39:25.698 [JavaFX Application Thread] DEBUG GameScene            - Clearing game scene
23:39:25.698 [JavaFX Application Thread] DEBUG GameWorld            - Clearing game world
23:39:25.698 [JavaFX Application Thread] DEBUG PhysicsWorld         - Clearing physics world
23:39:25.700 [FXGL Background Thread 2 ] DEBUG FXGLApplication      - Initializing game
23:39:25.734 [FXGL Background Thread 2 ] DEBUG FXGLAssetLoaderServi - Loading from file system: file:/D:/bombermango/target/classes/assets/textures/sprites/wall.png
23:39:25.753 [FXGL Background Thread 2 ] DEBUG FXGLAssetLoaderServi - Loading from file system: file:/D:/bombermango/target/classes/assets/textures/sprites/grass.png
23:39:25.767 [FXGL Background Thread 2 ] DEBUG FXGLAssetLoaderServi - Loading from file system: file:/D:/bombermango/target/classes/assets/textures/sprites/brick.png
23:39:25.862 [FXGL Background Thread 2 ] DEBUG GameWorld            - Clearing removable entities
23:39:25.863 [FXGL Background Thread 2 ] DEBUG GameWorld            - Setting level: com.almasb.fxgl.entity.level.Level@28a5d7db
23:39:25.946 [FXGL Background Thread 2 ] DEBUG FXGLAssetLoaderServi - Loading from file system: file:/D:/bombermango/target/classes/assets/textures/sprites/player_down.png
23:39:25.947 [FXGL Background Thread 2 ] DEBUG FXGLAssetLoaderServi - Loading from file system: file:/D:/bombermango/target/classes/assets/textures/sprites/player_down_1.png
23:39:25.948 [FXGL Background Thread 2 ] DEBUG FXGLAssetLoaderServi - Loading from file system: file:/D:/bombermango/target/classes/assets/textures/sprites/player_down_2.png
23:39:25.971 [FXGL Background Thread 2 ] WARN  GameWorld            - Entity is already attached to world
23:39:25.971 [FXGL Background Thread 2 ] INFO  FXGLApplication      - Game initialization took: 0.271 sec
23:39:25.972 [JavaFX Application Thread] DEBUG Input                - Clearing active input actions
23:39:26.002 [JavaFX Application Thread] DEBUG GameApplicationServi - Removing overlay from FXGLLoadingScene and adding to GameScene
23:39:26.002 [JavaFX Application Thread] DEBUG PrimaryStageWindow   - FXGLLoadingScene -> GameScene
23:39:26.793 [FXGL Background Thread 3 ] DEBUG Engine               - Logging environment variables
23:39:26.795 [FXGL Background Thread 3 ] DEBUG Engine               - achievements: []
23:39:26.796 [FXGL Background Thread 3 ] DEBUG Engine               - actualHeight: 600.0
23:39:26.796 [FXGL Background Thread 3 ] DEBUG Engine               - actualHeightProperty: ReadOnlyDoubleProperty [value: 600.0]
23:39:26.796 [FXGL Background Thread 3 ] DEBUG Engine               - actualWidth: 800.0
23:39:26.797 [FXGL Background Thread 3 ] DEBUG Engine               - actualWidthProperty: ReadOnlyDoubleProperty [value: 800.0]
23:39:26.797 [FXGL Background Thread 3 ] DEBUG Engine               - appIcon: fxgl_icon.png
23:39:26.798 [FXGL Background Thread 3 ] DEBUG Engine               - applicationMode: DEVELOPER
23:39:26.798 [FXGL Background Thread 3 ] DEBUG Engine               - cSSList: [fxgl_dark.css]
23:39:26.798 [FXGL Background Thread 3 ] DEBUG Engine               - collisionDetectionStrategy: BRUTE_FORCE
23:39:26.799 [FXGL Background Thread 3 ] DEBUG Engine               - configClass: Optional.empty
23:39:26.799 [FXGL Background Thread 3 ] DEBUG Engine               - credits: []
23:39:26.800 [FXGL Background Thread 3 ] DEBUG Engine               - defaultCursor: CursorInfo(imageName=fxgl_default_cursor.png, hotspotX=7.0, hotspotY=6.0)
23:39:26.801 [FXGL Background Thread 3 ] DEBUG Engine               - devBBoxColorProperty: ObjectProperty [value: 0xff0000ff]
23:39:26.801 [FXGL Background Thread 3 ] DEBUG Engine               - devEnableDebugCameraProperty: BooleanProperty [value: false]
23:39:26.801 [FXGL Background Thread 3 ] DEBUG Engine               - devSensorColorProperty: ObjectProperty [value: 0xffff00ff]
23:39:26.802 [FXGL Background Thread 3 ] DEBUG Engine               - devShowBBoxProperty: BooleanProperty [value: false]
23:39:26.802 [FXGL Background Thread 3 ] DEBUG Engine               - devShowPositionProperty: BooleanProperty [value: false]
23:39:26.803 [FXGL Background Thread 3 ] DEBUG Engine               - enabledMenuItems: []
23:39:26.803 [FXGL Background Thread 3 ] DEBUG Engine               - engineServices: [class com.almasb.fxgl.app.services.FXGLAssetLoaderService, class com.almasb.fxgl.app.FXGLApplication$GameApplicationService, class com.almasb.fxgl.app.services.FXGLDialogService, class com.almasb.fxgl.app.services.IOTaskExecutorService, class com.almasb.fxgl.io.FileSystemService, class com.almasb.fxgl.localization.LocalizationService, class com.almasb.fxgl.app.services.SystemBundleService, class com.almasb.fxgl.profile.SaveLoadService, class com.almasb.fxgl.ui.FXGLUIFactoryServiceProvider, class com.almasb.fxgl.ui.FXGLDialogFactoryServiceProvider, class com.almasb.fxgl.audio.AudioPlayer, class com.almasb.fxgl.notification.impl.NotificationServiceProvider, class com.almasb.fxgl.achievement.AchievementService, class com.almasb.fxgl.cutscene.CutsceneService, class com.almasb.fxgl.minigames.MiniGameService, class com.almasb.fxgl.net.NetService, class com.almasb.fxgl.app.services.UpdaterService, class com.almasb.fxgl.dev.DevService]
23:39:26.804 [FXGL Background Thread 3 ] DEBUG Engine               - fontGame: Abel-Regular.ttf
23:39:26.804 [FXGL Background Thread 3 ] DEBUG Engine               - fontMono: TerminalLandMono-Regular.otf
23:39:26.804 [FXGL Background Thread 3 ] DEBUG Engine               - fontText: Courier-Prime.ttf
23:39:26.804 [FXGL Background Thread 3 ] DEBUG Engine               - fontUI: VarelaRound-Regular.ttf
23:39:26.805 [FXGL Background Thread 3 ] DEBUG Engine               - fullScreen: BooleanProperty [value: false]
23:39:26.805 [FXGL Background Thread 3 ] DEBUG Engine               - gameDifficulty: MEDIUM
23:39:26.806 [FXGL Background Thread 3 ] DEBUG Engine               - gameDifficultyProperty: ObjectProperty [value: MEDIUM]
23:39:26.806 [FXGL Background Thread 3 ] DEBUG Engine               - globalMusicVolume: 0.5
23:39:26.806 [FXGL Background Thread 3 ] DEBUG Engine               - globalMusicVolumeProperty: DoubleProperty [value: 0.5]
23:39:26.807 [FXGL Background Thread 3 ] DEBUG Engine               - globalSoundVolume: 0.5
23:39:26.808 [FXGL Background Thread 3 ] DEBUG Engine               - globalSoundVolumeProperty: DoubleProperty [value: 0.5]
23:39:26.808 [FXGL Background Thread 3 ] DEBUG Engine               - height: 600
23:39:26.808 [FXGL Background Thread 3 ] DEBUG Engine               - is3D: false
23:39:26.809 [FXGL Background Thread 3 ] DEBUG Engine               - isAndroid: false
23:39:26.809 [FXGL Background Thread 3 ] DEBUG Engine               - isBrowser: false
23:39:26.809 [FXGL Background Thread 3 ] DEBUG Engine               - isClickFeedbackEnabled: false
23:39:26.809 [FXGL Background Thread 3 ] DEBUG Engine               - isCloseConfirmation: false
23:39:26.809 [FXGL Background Thread 3 ] DEBUG Engine               - isDesktop: true
23:39:26.810 [FXGL Background Thread 3 ] DEBUG Engine               - isDeveloperMenuEnabled: false
23:39:26.810 [FXGL Background Thread 3 ] DEBUG Engine               - isEmbedded: false
23:39:26.810 [FXGL Background Thread 3 ] DEBUG Engine               - isEntityPreloadEnabled: true
23:39:26.810 [FXGL Background Thread 3 ] DEBUG Engine               - isExperimentalTiledLargeMap: false
23:39:26.811 [FXGL Background Thread 3 ] DEBUG Engine               - isFileSystemWriteAllowed: true
23:39:26.811 [FXGL Background Thread 3 ] DEBUG Engine               - isFullScreenAllowed: false
23:39:26.811 [FXGL Background Thread 3 ] DEBUG Engine               - isFullScreenFromStart: false
23:39:26.811 [FXGL Background Thread 3 ] DEBUG Engine               - isGameMenuEnabled: true
23:39:26.811 [FXGL Background Thread 3 ] DEBUG Engine               - isIOS: false
23:39:26.812 [FXGL Background Thread 3 ] DEBUG Engine               - isIntroEnabled: false
23:39:26.812 [FXGL Background Thread 3 ] DEBUG Engine               - isLinux: false
23:39:26.812 [FXGL Background Thread 3 ] DEBUG Engine               - isMac: false
23:39:26.813 [FXGL Background Thread 3 ] DEBUG Engine               - isMainMenuEnabled: true
23:39:26.814 [FXGL Background Thread 3 ] DEBUG Engine               - isManualResizeEnabled: false
23:39:26.815 [FXGL Background Thread 3 ] DEBUG Engine               - isMobile: false
23:39:26.815 [FXGL Background Thread 3 ] DEBUG Engine               - isNative: false
23:39:26.815 [FXGL Background Thread 3 ] DEBUG Engine               - isPauseMusicWhenMinimized: true
23:39:26.815 [FXGL Background Thread 3 ] DEBUG Engine               - isPreserveResizeRatio: false
23:39:26.816 [FXGL Background Thread 3 ] DEBUG Engine               - isProfilingEnabled: false
23:39:26.816 [FXGL Background Thread 3 ] DEBUG Engine               - isScaleAffectedOnResize: true
23:39:26.816 [FXGL Background Thread 3 ] DEBUG Engine               - isSingleStep: false
23:39:26.816 [FXGL Background Thread 3 ] DEBUG Engine               - isUserProfileEnabled: false
23:39:26.816 [FXGL Background Thread 3 ] DEBUG Engine               - isWindows: true
23:39:26.816 [FXGL Background Thread 3 ] DEBUG Engine               - language: ObjectProperty [value: ENGLISH]
23:39:26.817 [FXGL Background Thread 3 ] DEBUG Engine               - menuKey: ESCAPE
23:39:26.817 [FXGL Background Thread 3 ] DEBUG Engine               - mouseSensitivity: 0.2
23:39:26.817 [FXGL Background Thread 3 ] DEBUG Engine               - notificationViewClass: class com.almasb.fxgl.notification.view.XboxNotificationView
23:39:26.817 [FXGL Background Thread 3 ] DEBUG Engine               - pixelsPerMeter: 50.0
23:39:26.817 [FXGL Background Thread 3 ] DEBUG Engine               - platform: WINDOWS
23:39:26.818 [FXGL Background Thread 3 ] DEBUG Engine               - prefHeightProperty: ReadOnlyDoubleProperty [value: 600.0]
23:39:26.818 [FXGL Background Thread 3 ] DEBUG Engine               - prefWidthProperty: ReadOnlyDoubleProperty [value: 800.0]
23:39:26.818 [FXGL Background Thread 3 ] DEBUG Engine               - profileDir: profiles/
23:39:26.818 [FXGL Background Thread 3 ] DEBUG Engine               - profileName: StringProperty [value: DEFAULT]
23:39:26.818 [FXGL Background Thread 3 ] DEBUG Engine               - randomSeed: -1
23:39:26.819 [FXGL Background Thread 3 ] DEBUG Engine               - runtimeInfo: RuntimeInfo(platform=WINDOWS, version=17.1, build=24.03.2022 17.34)
23:39:26.819 [FXGL Background Thread 3 ] DEBUG Engine               - saveFileExt: sav
23:39:26.819 [FXGL Background Thread 3 ] DEBUG Engine               - scaledHeightProp$fxgl: DoubleProperty [bound, value: 600.0]
23:39:26.819 [FXGL Background Thread 3 ] DEBUG Engine               - scaledWidthProp$fxgl: DoubleProperty [bound, value: 800.0]
23:39:26.820 [FXGL Background Thread 3 ] DEBUG Engine               - sceneFactory: com.almasb.fxgl.app.scene.SceneFactory@19b36bf6
23:39:26.820 [FXGL Background Thread 3 ] DEBUG Engine               - secondsIn24h: 60
23:39:26.820 [FXGL Background Thread 3 ] DEBUG Engine               - soundMenuBack: menu/back.wav
23:39:26.820 [FXGL Background Thread 3 ] DEBUG Engine               - soundMenuPress: menu/press.wav
23:39:26.820 [FXGL Background Thread 3 ] DEBUG Engine               - soundMenuSelect: menu/select.wav
23:39:26.820 [FXGL Background Thread 3 ] DEBUG Engine               - soundNotification: core/notification.wav
23:39:26.820 [FXGL Background Thread 3 ] DEBUG Engine               - stageStyle: DECORATED
23:39:26.820 [FXGL Background Thread 3 ] DEBUG Engine               - supportedLanguages: [ENGLISH, FRENCH, GERMAN, HUNGARIAN, RUSSIAN]
23:39:26.820 [FXGL Background Thread 3 ] DEBUG Engine               - ticksPerSecond: -1
23:39:26.821 [FXGL Background Thread 3 ] DEBUG Engine               - title: Bomberman
23:39:26.821 [FXGL Background Thread 3 ] DEBUG Engine               - urlGithub: https://github.com/AlmasB/FXGL
23:39:26.821 [FXGL Background Thread 3 ] DEBUG Engine               - urlLeaderboard: http://fxgl-top.herokuapp.com/
23:39:26.821 [FXGL Background Thread 3 ] DEBUG Engine               - urlPOM: https://raw.githubusercontent.com/AlmasB/FXGL/release/README.md
23:39:26.821 [FXGL Background Thread 3 ] DEBUG Engine               - userAppClass: class mangobomb.bombermango.HelloApplication
23:39:26.821 [FXGL Background Thread 3 ] DEBUG Engine               - version: 0.0
23:39:26.821 [FXGL Background Thread 3 ] DEBUG Engine               - versionCheckDays: 7
23:39:26.821 [FXGL Background Thread 3 ] DEBUG Engine               - width: 800
23:39:26.821 [FXGL Background Thread 3 ] DEBUG Engine               - Logging services
23:39:26.822 [FXGL Background Thread 3 ] DEBUG Engine               - class com.almasb.fxgl.app.services.FXGLAssetLoaderService
23:39:26.822 [FXGL Background Thread 3 ] DEBUG Engine               - class com.almasb.fxgl.app.FXGLApplication$GameApplicationService
23:39:26.822 [FXGL Background Thread 3 ] DEBUG Engine               - class com.almasb.fxgl.app.services.FXGLDialogService
23:39:26.822 [FXGL Background Thread 3 ] DEBUG Engine               - class com.almasb.fxgl.app.services.IOTaskExecutorService
23:39:26.822 [FXGL Background Thread 3 ] DEBUG Engine               - class com.almasb.fxgl.io.FileSystemService
23:39:26.822 [FXGL Background Thread 3 ] DEBUG Engine               - class com.almasb.fxgl.localization.LocalizationService
23:39:26.822 [FXGL Background Thread 3 ] DEBUG Engine               - class com.almasb.fxgl.app.services.SystemBundleService
23:39:26.822 [FXGL Background Thread 3 ] DEBUG Engine               - class com.almasb.fxgl.profile.SaveLoadService
23:39:26.822 [FXGL Background Thread 3 ] DEBUG Engine               - class com.almasb.fxgl.ui.FXGLUIFactoryServiceProvider
23:39:26.822 [FXGL Background Thread 3 ] DEBUG Engine               - class com.almasb.fxgl.ui.FXGLDialogFactoryServiceProvider
23:39:26.823 [FXGL Background Thread 3 ] DEBUG Engine               - class com.almasb.fxgl.audio.AudioPlayer
23:39:26.823 [FXGL Background Thread 3 ] DEBUG Engine               - class com.almasb.fxgl.notification.impl.NotificationServiceProvider
23:39:26.823 [FXGL Background Thread 3 ] DEBUG Engine               - class com.almasb.fxgl.achievement.AchievementService
23:39:26.823 [FXGL Background Thread 3 ] DEBUG Engine               - class com.almasb.fxgl.cutscene.CutsceneService
23:39:26.823 [FXGL Background Thread 3 ] DEBUG Engine               - class com.almasb.fxgl.minigames.MiniGameService
23:39:26.823 [FXGL Background Thread 3 ] DEBUG Engine               - class com.almasb.fxgl.net.NetService
23:39:26.823 [FXGL Background Thread 3 ] DEBUG Engine               - class com.almasb.fxgl.app.services.UpdaterService
23:39:26.823 [FXGL Background Thread 3 ] DEBUG Engine               - class com.almasb.fxgl.dev.DevService
23:39:31.056 [JavaFX Application Thread] DEBUG FXGLAssetLoaderServi - Loading from file system: file:/D:/bombermango/target/classes/assets/textures/sprites/bomb.png
23:39:31.057 [JavaFX Application Thread] DEBUG FXGLAssetLoaderServi - Loading from file system: file:/D:/bombermango/target/classes/assets/textures/sprites/bomb_1.png
23:39:31.058 [JavaFX Application Thread] DEBUG FXGLAssetLoaderServi - Loading from file system: file:/D:/bombermango/target/classes/assets/textures/sprites/bomb_2.png
23:39:31.060 [JavaFX Application Thread] WARN  GameWorld            - Entity is already attached to world
23:39:39.355 [JavaFX Application Thread] WARN  GameWorld            - Entity is already attached to world
23:39:42.213 [JavaFX Application Thread] WARN  GameWorld            - Entity is already attached to world
23:39:45.311 [JavaFX Application Thread] WARN  GameWorld            - Entity is already attached to world
23:39:51.043 [JavaFX Application Thread] WARN  GameWorld            - Entity is already attached to world
23:39:53.760 [JavaFX Application Thread] DEBUG FXGLApplication      - Exiting FXGL
23:39:53.760 [JavaFX Application Thread] DEBUG LoopRunner           - Stopping loop
23:39:53.760 [JavaFX Application Thread] DEBUG SystemBundleService  - Saving FXGL system data
23:39:53.762 [JavaFX Application Thread] DEBUG FileSystemAccess     - Writing to: D:\bombermango\system\fxgl.bundle
23:39:53.765 [JavaFX Application Thread] DEBUG Async                - Shutting down background threads
23:39:53.765 [JavaFX Application Thread] DEBUG PrimaryStageWindow   - Closing main window
23:39:53.797 [JavaFX Application Thread] DEBUG Logger               - Closing Logger
