19:21:28.267 [main                     ] DEBUG Logger               - Configured Logger
19:21:28.311 [main                     ] DEBUG GameApplication      - Logging settings
Title: Bomberman
Version: 0.0
Width: 800
Height: 672
Fullscreen: false
Intro: false
Profiling: false
Single step:false
App Mode: DEVELOPER
Menu Key: ESCAPE
Stage Style: DECORATED
Scene Factory: class com.almasb.fxgl.app.scene.SceneFactory

19:21:28.889 [JavaFX Application Thread] DEBUG FXGLApplication      - Initializing FXGL
19:21:28.900 [JavaFX Application Thread] INFO  Engine               - FXGL-17.1 (24.03.2022 17.34) on WINDOWS (J:18.0.2.1 FX:18.0.1)
19:21:28.900 [JavaFX Application Thread] DEBUG Engine               - JRE Vendor Name: Oracle Corporation
19:21:28.901 [JavaFX Application Thread] DEBUG Engine               - Running on OS: Windows 10 version 10.0
19:21:28.901 [JavaFX Application Thread] DEBUG Engine               - Architecture: amd64
19:21:28.901 [JavaFX Application Thread] INFO  Engine               - Source code and latest versions at: https://github.com/AlmasB/FXGL
19:21:28.901 [JavaFX Application Thread] INFO  Engine               -       Ask questions and discuss at: https://github.com/AlmasB/FXGL/discussions
19:21:28.901 [JavaFX Application Thread] INFO  Engine               -              Join the FXGL chat at: https://gitter.im/AlmasB/FXGL
19:21:29.101 [JavaFX Application Thread] DEBUG PrimaryStageWindow   - Creating a JavaFX scene
19:21:29.177 [JavaFX Application Thread] DEBUG PrimaryStageWindow   - Target settings size: 800.0 x 672.0
19:21:29.178 [JavaFX Application Thread] DEBUG PrimaryStageWindow   - Scaled scene size:    800.0 x 672.0
19:21:29.178 [JavaFX Application Thread] DEBUG PrimaryStageWindow   - Scaled ratio: (1.0, 1.0)
19:21:29.180 [JavaFX Application Thread] DEBUG PrimaryStageWindow   - Set initial scene to FXGLStartupScene
19:21:29.195 [JavaFX Application Thread] DEBUG PrimaryStageWindow   - Opening main window
19:21:29.336 [JavaFX Application Thread] DEBUG PrimaryStageWindow   - Window border size: (14.66668701171875, 37.33331298828125)
19:21:29.336 [JavaFX Application Thread] DEBUG PrimaryStageWindow   - Scaled size: 800.0 x 672.0
19:21:29.337 [JavaFX Application Thread] DEBUG PrimaryStageWindow   - Scaled ratio: (1.0, 1.0)
19:21:29.337 [JavaFX Application Thread] DEBUG PrimaryStageWindow   - Scene size: 800.0 x 672.0
19:21:29.337 [JavaFX Application Thread] DEBUG PrimaryStageWindow   - Stage size: 814.6666870117188 x 709.3333129882812
19:21:29.382 [FXGL Background Thread 1 ] DEBUG Engine               - Initializing environment variables
19:21:29.502 [FXGL Background Thread 1 ] DEBUG FXGLAssetLoaderServi - User app class for loading assets: class mangobomb.bombermango.HelloApplication
19:21:29.502 [FXGL Background Thread 1 ] DEBUG GameApplicationServi - Applying CSS: fxgl_dark.css
19:21:29.505 [FXGL Background Thread 1 ] DEBUG FXGLAssetLoaderServi - Loading from file system: jar:file:/C:/Users/Admin/.m2/repository/com/github/almasb/fxgl/17.1/fxgl-17.1.jar!/fxglassets/ui/css/fxgl_dark.css
19:21:29.594 [FXGL Background Thread 1 ] DEBUG GameApplicationServi - Initializing application scenes
19:21:29.719 [FXGL Background Thread 1 ] DEBUG GameWorld            - Game world initialized
19:21:29.813 [FXGL Background Thread 1 ] DEBUG PhysicsWorld         - Physics world initialized: appHeight=672, physics.ppm=50.0
19:21:29.813 [FXGL Background Thread 1 ] DEBUG PhysicsWorld         - Using strategy: BRUTE_FORCE
19:21:29.820 [FXGL Background Thread 1 ] DEBUG GameScene            - Game scene initialized: 800x672
19:21:29.840 [FXGL Background Thread 1 ] DEBUG FXGL.DefaultMenu     - createMenuBodyMainMenu()
19:21:29.873 [FXGL Background Thread 1 ] DEBUG FXGL.DefaultMenu     - createOptionsMenu()
19:21:29.900 [FXGL Background Thread 1 ] DEBUG FXGLAssetLoaderServi - Loading from file system: jar:file:/C:/Users/Admin/.m2/repository/com/github/almasb/fxgl/17.1/fxgl-17.1.jar!/fxglassets/textures/particles/smoke.png
19:21:30.105 [FXGL Background Thread 1 ] DEBUG FXGLAssetLoaderServi - Loading from file system: jar:file:/C:/Users/Admin/.m2/repository/com/github/almasb/fxgl/17.1/fxgl-17.1.jar!/fxglassets/textures/particles/trace_horizontal.png
19:21:30.162 [FXGL Background Thread 1 ] DEBUG FXGL.DefaultMenu     - createMenuBodyGameMenu()
19:21:30.164 [FXGL Background Thread 1 ] DEBUG FXGL.DefaultMenu     - createOptionsMenu()
19:21:30.188 [FXGL Background Thread 1 ] DEBUG GameApplicationServi - Application scenes initialized
19:21:30.208 [FXGL Background Thread 1 ] DEBUG SystemBundleService  - Loading FXGL system data
19:21:30.215 [FXGL Background Thread 1 ] DEBUG FileSystemAccess     - Reading from: D:\bombermango\system\fxgl.bundle
19:21:30.229 [FXGL Background Thread 1 ] DEBUG SystemBundleService  - Bundle FXGL: {}
19:21:30.229 [FXGL Background Thread 1 ] DEBUG UpdaterService       - Checking for updates
19:21:30.236 [FXGL Background Thread 1 ] DEBUG FXGLApplication      - Loading default localization
19:21:30.238 [FXGL Background Thread 1 ] DEBUG FXGLAssetLoaderServi - Loading from file system: jar:file:/C:/Users/Admin/.m2/repository/com/github/almasb/fxgl/17.1/fxgl-17.1.jar!/fxglassets/languages/english.lang
19:21:30.235 [FXGL Background Thread 4 ] DEBUG FXGLApplication      - Loading fonts
19:21:30.243 [FXGL Background Thread 4 ] DEBUG FXGLAssetLoaderServi - Loading from file system: jar:file:/C:/Users/Admin/.m2/repository/com/github/almasb/fxgl/17.1/fxgl-17.1.jar!/fxglassets/ui/fonts/VarelaRound-Regular.ttf
19:21:30.296 [FXGL Background Thread 1 ] INFO  FXGLApplication      - FXGL initialization took: 0.914 sec
19:21:30.317 [JavaFX Application Thread] DEBUG Input                - Registered new binding: moveUp - W
19:21:30.317 [JavaFX Application Thread] DEBUG Input                - Registered new binding: moveRight - D
19:21:30.317 [JavaFX Application Thread] DEBUG Input                - Registered new binding: moveLeft - A
19:21:30.318 [JavaFX Application Thread] DEBUG Input                - Registered new binding: moveDown - S
19:21:30.318 [JavaFX Application Thread] DEBUG Input                - Registered new binding: implantBomb - F
19:21:30.318 [JavaFX Application Thread] DEBUG Input                - Registered new binding: PlayMusic - M
19:21:30.319 [JavaFX Application Thread] DEBUG FXGLAssetLoaderServi - Loading from file system: jar:file:/C:/Users/Admin/.m2/repository/com/github/almasb/fxgl/17.1/fxgl-17.1.jar!/fxglassets/textures/fxgl_icon.png
19:21:30.364 [JavaFX Application Thread] DEBUG FXGLAssetLoaderServi - Loading from file system: jar:file:/C:/Users/Admin/.m2/repository/com/github/almasb/fxgl/17.1/fxgl-17.1.jar!/fxglassets/textures/fxgl_default_cursor.png
19:21:30.369 [JavaFX Application Thread] DEBUG Input                - Registered new binding: Screenshot - CTRL+8
19:21:30.371 [JavaFX Application Thread] DEBUG Input                - Registered new binding: System info dump - CTRL+9
19:21:30.372 [JavaFX Application Thread] DEBUG Input                - Registered new binding: Restart - CTRL+R
19:21:30.373 [JavaFX Application Thread] DEBUG Input                - Registered new binding: Toggle Debug Camera - CTRL+7
19:21:30.378 [JavaFX Application Thread] DEBUG LoopRunner           - Starting loop
19:21:30.378 [JavaFX Application Thread] DEBUG LoopRunner           - Initializing JavaFX AnimationTimerLoop
19:21:30.383 [JavaFX Application Thread] DEBUG Input                - Clearing active input actions
19:21:30.396 [JavaFX Application Thread] DEBUG GameApplicationServi - Removing overlay from FXGLStartupScene and adding to FXGLMainMenuDummyScene
19:21:30.397 [JavaFX Application Thread] DEBUG PrimaryStageWindow   - FXGLStartupScene -> FXGLMainMenuDummyScene
19:21:30.397 [JavaFX Application Thread] DEBUG PrimaryStageWindow   - Push state: FXGLDefaultMenu
19:21:30.404 [JavaFX Application Thread] DEBUG Input                - Clearing active input actions
19:21:30.428 [JavaFX Application Thread] DEBUG GameApplicationServi - Removing overlay from FXGLMainMenuDummyScene and adding to FXGLDefaultMenu
19:21:30.429 [JavaFX Application Thread] DEBUG PrimaryStageWindow   - FXGLMainMenuDummyScene -> FXGLDefaultMenu
19:21:30.516 [FXGL Background Thread 4 ] DEBUG FXGLAssetLoaderServi - Loading from file system: jar:file:/C:/Users/Admin/.m2/repository/com/github/almasb/fxgl/17.1/fxgl-17.1.jar!/fxglassets/ui/fonts/Abel-Regular.ttf
19:21:30.522 [FXGL Background Thread 4 ] DEBUG FXGLAssetLoaderServi - Loading from file system: jar:file:/C:/Users/Admin/.m2/repository/com/github/almasb/fxgl/17.1/fxgl-17.1.jar!/fxglassets/ui/fonts/TerminalLandMono-Regular.otf
19:21:30.528 [FXGL Background Thread 4 ] DEBUG FXGLAssetLoaderServi - Loading from file system: jar:file:/C:/Users/Admin/.m2/repository/com/github/almasb/fxgl/17.1/fxgl-17.1.jar!/fxglassets/ui/fonts/Courier-Prime.ttf
19:21:30.604 [JavaFX Application Thread] DEBUG FXGLApplication      - Registering font factories with UI factory
19:21:31.379 [JavaFX Application Thread] DEBUG Menu                 - fireNewGame()
19:21:31.379 [JavaFX Application Thread] DEBUG GameApplicationServi - Starting new game
19:21:31.383 [JavaFX Application Thread] DEBUG PrimaryStageWindow   - Pop state: FXGLDefaultMenu
19:21:31.383 [JavaFX Application Thread] DEBUG Input                - Clearing active input actions
19:21:31.384 [JavaFX Application Thread] DEBUG GameApplicationServi - Removing overlay from FXGLDefaultMenu and adding to FXGLMainMenuDummyScene
19:21:31.384 [JavaFX Application Thread] DEBUG PrimaryStageWindow   - FXGLMainMenuDummyScene <- FXGLDefaultMenu
19:21:31.385 [JavaFX Application Thread] DEBUG Input                - Clearing active input actions
19:21:31.405 [JavaFX Application Thread] DEBUG GameApplicationServi - Removing overlay from FXGLMainMenuDummyScene and adding to FXGLLoadingScene
19:21:31.406 [JavaFX Application Thread] DEBUG PrimaryStageWindow   - FXGLMainMenuDummyScene -> FXGLLoadingScene
19:21:31.406 [JavaFX Application Thread] DEBUG GameApplicationServi - Clearing previous game
19:21:31.406 [JavaFX Application Thread] DEBUG GameScene            - Clearing game scene
19:21:31.407 [JavaFX Application Thread] DEBUG GameWorld            - Clearing game world
19:21:31.407 [JavaFX Application Thread] DEBUG PhysicsWorld         - Clearing physics world
19:21:31.410 [FXGL Background Thread 4 ] DEBUG FXGLApplication      - Initializing game
19:21:31.453 [FXGL Background Thread 2 ] INFO  UpdaterService       - Your current version:  17.1
19:21:31.454 [FXGL Background Thread 2 ] INFO  UpdaterService       - Latest stable version: 17.2
19:21:31.463 [FXGL Background Thread 4 ] DEBUG FXGLAssetLoaderServi - Loading from file system: file:/D:/bombermango/target/classes/assets/textures/sprites/wall.png
19:21:31.515 [FXGL Background Thread 4 ] DEBUG FXGLAssetLoaderServi - Loading from file system: file:/D:/bombermango/target/classes/assets/textures/sprites/brick.png
19:21:31.733 [FXGL Background Thread 4 ] DEBUG GameWorld            - Clearing removable entities
19:21:31.734 [FXGL Background Thread 4 ] DEBUG GameWorld            - Setting level: com.almasb.fxgl.entity.level.Level@7b25a51e
19:21:31.914 [FXGL Background Thread 4 ] DEBUG FXGLAssetLoaderServi - Loading from file system: file:/D:/bombermango/target/classes/assets/music/gameaudio.wav
19:21:32.174 [FXGL Background Thread 4 ] DEBUG FXGLAssetLoaderServi - Loading from file system: file:/D:/bombermango/target/classes/assets/textures/sprites/player_right.png
19:21:32.177 [FXGL Background Thread 4 ] DEBUG FXGLAssetLoaderServi - Loading from file system: file:/D:/bombermango/target/classes/assets/textures/sprites/player_right_1.png
19:21:32.186 [FXGL Background Thread 4 ] WARN  FXGLAssetLoaderServi - Asset "/assets/textures/sprites/player_right_2.png" was not found!
19:21:32.187 [FXGL Background Thread 4 ] WARN  FXGLAssetLoaderServi - Failed to load RESIZABLE_IMAGE
19:21:32.238 [FXGL Background Thread 4 ] DEBUG FXGLAssetLoaderServi - Loading from file system: file:/D:/bombermango/target/classes/assets/textures/sprites/player_down.png
19:21:32.243 [FXGL Background Thread 4 ] DEBUG FXGLAssetLoaderServi - Loading from file system: file:/D:/bombermango/target/classes/assets/textures/sprites/player_down_1.png
19:21:32.247 [FXGL Background Thread 4 ] DEBUG FXGLAssetLoaderServi - Loading from file system: file:/D:/bombermango/target/classes/assets/textures/sprites/player_down_2.png
19:21:32.250 [FXGL Background Thread 4 ] DEBUG FXGLAssetLoaderServi - Loading from file system: file:/D:/bombermango/target/classes/assets/textures/sprites/player_left.png
19:21:32.251 [FXGL Background Thread 4 ] DEBUG FXGLAssetLoaderServi - Loading from file system: file:/D:/bombermango/target/classes/assets/textures/sprites/player_left_1.png
19:21:32.253 [FXGL Background Thread 4 ] DEBUG FXGLAssetLoaderServi - Loading from file system: file:/D:/bombermango/target/classes/assets/textures/sprites/player_left_2.png
19:21:32.260 [FXGL Background Thread 4 ] DEBUG FXGLAssetLoaderServi - Loading from file system: file:/D:/bombermango/target/classes/assets/textures/sprites/portal.png
19:21:32.267 [FXGL Background Thread 4 ] DEBUG FXGLAssetLoaderServi - Loading from file system: file:/D:/bombermango/target/classes/assets/textures/sprites/powerup_bombs.png
19:21:32.272 [FXGL Background Thread 4 ] DEBUG FXGLAssetLoaderServi - Loading from file system: file:/D:/bombermango/target/classes/assets/textures/sprites/powerup_flames.png
19:21:32.292 [FXGL Background Thread 4 ] INFO  FXGLApplication      - Game initialization took: 0.882 sec
19:21:32.295 [JavaFX Application Thread] DEBUG Input                - Clearing active input actions
19:21:32.319 [JavaFX Application Thread] DEBUG GameApplicationServi - Removing overlay from FXGLLoadingScene and adding to GameScene
19:21:32.319 [JavaFX Application Thread] DEBUG PrimaryStageWindow   - FXGLLoadingScene -> GameScene
19:21:32.729 [JavaFX Application Thread] DEBUG AudioPlayer          - Playing music com.almasb.fxgl.audio.Music@3662bbcc
19:21:32.743 [JavaFX Application Thread] DEBUG AudioPlayer          - Stopping music com.almasb.fxgl.audio.Music@3662bbcc
19:21:32.852 [JavaFX Application Thread] DEBUG AudioPlayer          - Playing music com.almasb.fxgl.audio.Music@3662bbcc
19:21:32.868 [JavaFX Application Thread] DEBUG AudioPlayer          - Stopping music com.almasb.fxgl.audio.Music@3662bbcc
19:21:32.872 [JavaFX Application Thread] DEBUG AudioPlayer          - Playing music com.almasb.fxgl.audio.Music@3662bbcc
19:21:32.884 [JavaFX Application Thread] DEBUG AudioPlayer          - Stopping music com.almasb.fxgl.audio.Music@3662bbcc
19:21:33.235 [FXGL Background Thread 3 ] DEBUG Engine               - Logging environment variables
19:21:33.236 [FXGL Background Thread 3 ] DEBUG Engine               - achievements: []
19:21:33.237 [FXGL Background Thread 3 ] DEBUG Engine               - actualHeight: 672.0
19:21:33.237 [FXGL Background Thread 3 ] DEBUG Engine               - actualHeightProperty: ReadOnlyDoubleProperty [value: 672.0]
19:21:33.238 [FXGL Background Thread 3 ] DEBUG Engine               - actualWidth: 800.0
19:21:33.239 [FXGL Background Thread 3 ] DEBUG Engine               - actualWidthProperty: ReadOnlyDoubleProperty [value: 800.0]
19:21:33.239 [FXGL Background Thread 3 ] DEBUG Engine               - appIcon: fxgl_icon.png
19:21:33.239 [FXGL Background Thread 3 ] DEBUG Engine               - applicationMode: DEVELOPER
19:21:33.239 [FXGL Background Thread 3 ] DEBUG Engine               - cSSList: [fxgl_dark.css]
19:21:33.239 [FXGL Background Thread 3 ] DEBUG Engine               - collisionDetectionStrategy: BRUTE_FORCE
19:21:33.240 [FXGL Background Thread 3 ] DEBUG Engine               - configClass: Optional.empty
19:21:33.240 [FXGL Background Thread 3 ] DEBUG Engine               - credits: []
19:21:33.242 [FXGL Background Thread 3 ] DEBUG Engine               - defaultCursor: CursorInfo(imageName=fxgl_default_cursor.png, hotspotX=7.0, hotspotY=6.0)
19:21:33.244 [FXGL Background Thread 3 ] DEBUG Engine               - devBBoxColorProperty: ObjectProperty [value: 0xff0000ff]
19:21:33.245 [FXGL Background Thread 3 ] DEBUG Engine               - devEnableDebugCameraProperty: BooleanProperty [value: false]
19:21:33.246 [FXGL Background Thread 3 ] DEBUG Engine               - devSensorColorProperty: ObjectProperty [value: 0xffff00ff]
19:21:33.247 [FXGL Background Thread 3 ] DEBUG Engine               - devShowBBoxProperty: BooleanProperty [value: false]
19:21:33.247 [FXGL Background Thread 3 ] DEBUG Engine               - devShowPositionProperty: BooleanProperty [value: false]
19:21:33.247 [FXGL Background Thread 3 ] DEBUG Engine               - enabledMenuItems: []
19:21:33.249 [FXGL Background Thread 3 ] DEBUG Engine               - engineServices: [class com.almasb.fxgl.app.services.FXGLAssetLoaderService, class com.almasb.fxgl.app.FXGLApplication$GameApplicationService, class com.almasb.fxgl.app.services.FXGLDialogService, class com.almasb.fxgl.app.services.IOTaskExecutorService, class com.almasb.fxgl.io.FileSystemService, class com.almasb.fxgl.localization.LocalizationService, class com.almasb.fxgl.app.services.SystemBundleService, class com.almasb.fxgl.profile.SaveLoadService, class com.almasb.fxgl.ui.FXGLUIFactoryServiceProvider, class com.almasb.fxgl.ui.FXGLDialogFactoryServiceProvider, class com.almasb.fxgl.audio.AudioPlayer, class com.almasb.fxgl.notification.impl.NotificationServiceProvider, class com.almasb.fxgl.achievement.AchievementService, class com.almasb.fxgl.cutscene.CutsceneService, class com.almasb.fxgl.minigames.MiniGameService, class com.almasb.fxgl.net.NetService, class com.almasb.fxgl.app.services.UpdaterService, class com.almasb.fxgl.dev.DevService]
19:21:33.249 [FXGL Background Thread 3 ] DEBUG Engine               - fontGame: Abel-Regular.ttf
19:21:33.249 [FXGL Background Thread 3 ] DEBUG Engine               - fontMono: TerminalLandMono-Regular.otf
19:21:33.250 [FXGL Background Thread 3 ] DEBUG Engine               - fontText: Courier-Prime.ttf
19:21:33.250 [FXGL Background Thread 3 ] DEBUG Engine               - fontUI: VarelaRound-Regular.ttf
19:21:33.250 [FXGL Background Thread 3 ] DEBUG Engine               - fullScreen: BooleanProperty [value: false]
19:21:33.250 [FXGL Background Thread 3 ] DEBUG Engine               - gameDifficulty: MEDIUM
19:21:33.251 [FXGL Background Thread 3 ] DEBUG Engine               - gameDifficultyProperty: ObjectProperty [value: MEDIUM]
19:21:33.251 [FXGL Background Thread 3 ] DEBUG Engine               - globalMusicVolume: 0.5
19:21:33.252 [FXGL Background Thread 3 ] DEBUG Engine               - globalMusicVolumeProperty: DoubleProperty [value: 0.5]
19:21:33.252 [FXGL Background Thread 3 ] DEBUG Engine               - globalSoundVolume: 0.5
19:21:33.253 [FXGL Background Thread 3 ] DEBUG Engine               - globalSoundVolumeProperty: DoubleProperty [value: 0.5]
19:21:33.253 [FXGL Background Thread 3 ] DEBUG Engine               - height: 672
19:21:33.253 [FXGL Background Thread 3 ] DEBUG Engine               - is3D: false
19:21:33.253 [FXGL Background Thread 3 ] DEBUG Engine               - isAndroid: false
19:21:33.254 [FXGL Background Thread 3 ] DEBUG Engine               - isBrowser: false
19:21:33.254 [FXGL Background Thread 3 ] DEBUG Engine               - isClickFeedbackEnabled: false
19:21:33.254 [FXGL Background Thread 3 ] DEBUG Engine               - isCloseConfirmation: false
19:21:33.254 [FXGL Background Thread 3 ] DEBUG Engine               - isDesktop: true
19:21:33.255 [FXGL Background Thread 3 ] DEBUG Engine               - isDeveloperMenuEnabled: false
19:21:33.255 [FXGL Background Thread 3 ] DEBUG Engine               - isEmbedded: false
19:21:33.255 [FXGL Background Thread 3 ] DEBUG Engine               - isEntityPreloadEnabled: true
19:21:33.255 [FXGL Background Thread 3 ] DEBUG Engine               - isExperimentalTiledLargeMap: false
19:21:33.256 [FXGL Background Thread 3 ] DEBUG Engine               - isFileSystemWriteAllowed: true
19:21:33.256 [FXGL Background Thread 3 ] DEBUG Engine               - isFullScreenAllowed: false
19:21:33.256 [FXGL Background Thread 3 ] DEBUG Engine               - isFullScreenFromStart: false
19:21:33.257 [FXGL Background Thread 3 ] DEBUG Engine               - isGameMenuEnabled: true
19:21:33.257 [FXGL Background Thread 3 ] DEBUG Engine               - isIOS: false
19:21:33.257 [FXGL Background Thread 3 ] DEBUG Engine               - isIntroEnabled: false
19:21:33.257 [FXGL Background Thread 3 ] DEBUG Engine               - isLinux: false
19:21:33.259 [FXGL Background Thread 3 ] DEBUG Engine               - isMac: false
19:21:33.260 [FXGL Background Thread 3 ] DEBUG Engine               - isMainMenuEnabled: true
19:21:33.260 [FXGL Background Thread 3 ] DEBUG Engine               - isManualResizeEnabled: false
19:21:33.260 [FXGL Background Thread 3 ] DEBUG Engine               - isMobile: false
19:21:33.261 [FXGL Background Thread 3 ] DEBUG Engine               - isNative: false
19:21:33.261 [FXGL Background Thread 3 ] DEBUG Engine               - isPauseMusicWhenMinimized: true
19:21:33.261 [FXGL Background Thread 3 ] DEBUG Engine               - isPreserveResizeRatio: false
19:21:33.262 [FXGL Background Thread 3 ] DEBUG Engine               - isProfilingEnabled: false
19:21:33.262 [FXGL Background Thread 3 ] DEBUG Engine               - isScaleAffectedOnResize: true
19:21:33.262 [FXGL Background Thread 3 ] DEBUG Engine               - isSingleStep: false
19:21:33.263 [FXGL Background Thread 3 ] DEBUG Engine               - isUserProfileEnabled: false
19:21:33.263 [FXGL Background Thread 3 ] DEBUG Engine               - isWindows: true
19:21:33.263 [FXGL Background Thread 3 ] DEBUG Engine               - language: ObjectProperty [value: ENGLISH]
19:21:33.264 [FXGL Background Thread 3 ] DEBUG Engine               - menuKey: ESCAPE
19:21:33.264 [FXGL Background Thread 3 ] DEBUG Engine               - mouseSensitivity: 0.2
19:21:33.265 [FXGL Background Thread 3 ] DEBUG Engine               - notificationViewClass: class com.almasb.fxgl.notification.view.XboxNotificationView
19:21:33.265 [FXGL Background Thread 3 ] DEBUG Engine               - pixelsPerMeter: 50.0
19:21:33.266 [FXGL Background Thread 3 ] DEBUG Engine               - platform: WINDOWS
19:21:33.266 [FXGL Background Thread 3 ] DEBUG Engine               - prefHeightProperty: ReadOnlyDoubleProperty [value: 672.0]
19:21:33.266 [FXGL Background Thread 3 ] DEBUG Engine               - prefWidthProperty: ReadOnlyDoubleProperty [value: 800.0]
19:21:33.267 [FXGL Background Thread 3 ] DEBUG Engine               - profileDir: profiles/
19:21:33.267 [FXGL Background Thread 3 ] DEBUG Engine               - profileName: StringProperty [value: DEFAULT]
19:21:33.267 [FXGL Background Thread 3 ] DEBUG Engine               - randomSeed: -1
19:21:33.270 [FXGL Background Thread 3 ] DEBUG Engine               - runtimeInfo: RuntimeInfo(platform=WINDOWS, version=17.1, build=24.03.2022 17.34)
19:21:33.270 [FXGL Background Thread 3 ] DEBUG Engine               - saveFileExt: sav
19:21:33.270 [FXGL Background Thread 3 ] DEBUG Engine               - scaledHeightProp$fxgl: DoubleProperty [bound, value: 672.0]
19:21:33.270 [FXGL Background Thread 3 ] DEBUG Engine               - scaledWidthProp$fxgl: DoubleProperty [bound, value: 800.0]
19:21:33.272 [FXGL Background Thread 3 ] DEBUG Engine               - sceneFactory: com.almasb.fxgl.app.scene.SceneFactory@780337a9
19:21:33.273 [FXGL Background Thread 3 ] DEBUG Engine               - secondsIn24h: 60
19:21:33.273 [FXGL Background Thread 3 ] DEBUG Engine               - soundMenuBack: menu/back.wav
19:21:33.273 [FXGL Background Thread 3 ] DEBUG Engine               - soundMenuPress: menu/press.wav
19:21:33.273 [FXGL Background Thread 3 ] DEBUG Engine               - soundMenuSelect: menu/select.wav
19:21:33.274 [FXGL Background Thread 3 ] DEBUG Engine               - soundNotification: core/notification.wav
19:21:33.274 [FXGL Background Thread 3 ] DEBUG Engine               - stageStyle: DECORATED
19:21:33.274 [FXGL Background Thread 3 ] DEBUG Engine               - supportedLanguages: [ENGLISH, FRENCH, GERMAN, HUNGARIAN, RUSSIAN]
19:21:33.274 [FXGL Background Thread 3 ] DEBUG Engine               - ticksPerSecond: -1
19:21:33.275 [FXGL Background Thread 3 ] DEBUG Engine               - title: Bomberman
19:21:33.275 [FXGL Background Thread 3 ] DEBUG Engine               - urlGithub: https://github.com/AlmasB/FXGL
19:21:33.275 [FXGL Background Thread 3 ] DEBUG Engine               - urlLeaderboard: http://fxgl-top.herokuapp.com/
19:21:33.275 [FXGL Background Thread 3 ] DEBUG Engine               - urlPOM: https://raw.githubusercontent.com/AlmasB/FXGL/release/README.md
19:21:33.276 [FXGL Background Thread 3 ] DEBUG Engine               - userAppClass: class mangobomb.bombermango.HelloApplication
19:21:33.276 [FXGL Background Thread 3 ] DEBUG Engine               - version: 0.0
19:21:33.276 [FXGL Background Thread 3 ] DEBUG Engine               - versionCheckDays: 7
19:21:33.276 [FXGL Background Thread 3 ] DEBUG Engine               - width: 800
19:21:33.276 [FXGL Background Thread 3 ] DEBUG Engine               - Logging services
19:21:33.277 [FXGL Background Thread 3 ] DEBUG Engine               - class com.almasb.fxgl.app.services.FXGLAssetLoaderService
19:21:33.277 [FXGL Background Thread 3 ] DEBUG Engine               - class com.almasb.fxgl.app.FXGLApplication$GameApplicationService
19:21:33.279 [FXGL Background Thread 3 ] DEBUG Engine               - class com.almasb.fxgl.app.services.FXGLDialogService
19:21:33.280 [FXGL Background Thread 3 ] DEBUG Engine               - class com.almasb.fxgl.app.services.IOTaskExecutorService
19:21:33.280 [FXGL Background Thread 3 ] DEBUG Engine               - class com.almasb.fxgl.io.FileSystemService
19:21:33.280 [FXGL Background Thread 3 ] DEBUG Engine               - class com.almasb.fxgl.localization.LocalizationService
19:21:33.280 [FXGL Background Thread 3 ] DEBUG Engine               - class com.almasb.fxgl.app.services.SystemBundleService
19:21:33.280 [FXGL Background Thread 3 ] DEBUG Engine               - class com.almasb.fxgl.profile.SaveLoadService
19:21:33.281 [FXGL Background Thread 3 ] DEBUG Engine               - class com.almasb.fxgl.ui.FXGLUIFactoryServiceProvider
19:21:33.281 [FXGL Background Thread 3 ] DEBUG Engine               - class com.almasb.fxgl.ui.FXGLDialogFactoryServiceProvider
19:21:33.281 [FXGL Background Thread 3 ] DEBUG Engine               - class com.almasb.fxgl.audio.AudioPlayer
19:21:33.281 [FXGL Background Thread 3 ] DEBUG Engine               - class com.almasb.fxgl.notification.impl.NotificationServiceProvider
19:21:33.281 [FXGL Background Thread 3 ] DEBUG Engine               - class com.almasb.fxgl.achievement.AchievementService
19:21:33.282 [FXGL Background Thread 3 ] DEBUG Engine               - class com.almasb.fxgl.cutscene.CutsceneService
19:21:33.282 [FXGL Background Thread 3 ] DEBUG Engine               - class com.almasb.fxgl.minigames.MiniGameService
19:21:33.282 [FXGL Background Thread 3 ] DEBUG Engine               - class com.almasb.fxgl.net.NetService
19:21:33.282 [FXGL Background Thread 3 ] DEBUG Engine               - class com.almasb.fxgl.app.services.UpdaterService
19:21:33.282 [FXGL Background Thread 3 ] DEBUG Engine               - class com.almasb.fxgl.dev.DevService
19:21:34.805 [JavaFX Application Thread] DEBUG AudioPlayer          - Playing music com.almasb.fxgl.audio.Music@3662bbcc
19:21:34.820 [JavaFX Application Thread] DEBUG AudioPlayer          - Stopping music com.almasb.fxgl.audio.Music@3662bbcc
19:21:34.836 [JavaFX Application Thread] DEBUG AudioPlayer          - Playing music com.almasb.fxgl.audio.Music@3662bbcc
19:21:34.847 [JavaFX Application Thread] DEBUG AudioPlayer          - Stopping music com.almasb.fxgl.audio.Music@3662bbcc
19:21:34.868 [JavaFX Application Thread] DEBUG AudioPlayer          - Playing music com.almasb.fxgl.audio.Music@3662bbcc
19:21:34.884 [JavaFX Application Thread] DEBUG AudioPlayer          - Stopping music com.almasb.fxgl.audio.Music@3662bbcc
19:21:34.900 [JavaFX Application Thread] DEBUG AudioPlayer          - Playing music com.almasb.fxgl.audio.Music@3662bbcc
19:21:43.652 [JavaFX Application Thread] DEBUG FXGLApplication      - Exiting FXGL
19:21:43.652 [JavaFX Application Thread] DEBUG LoopRunner           - Stopping loop
19:21:43.652 [JavaFX Application Thread] DEBUG SystemBundleService  - Saving FXGL system data
19:21:43.654 [JavaFX Application Thread] DEBUG FileSystemAccess     - Writing to: D:\bombermango\system\fxgl.bundle
19:21:43.656 [JavaFX Application Thread] DEBUG Async                - Shutting down background threads
19:21:43.656 [JavaFX Application Thread] DEBUG PrimaryStageWindow   - Closing main window
19:21:43.682 [JavaFX Application Thread] DEBUG Logger               - Closing Logger
