16:42:37.138 [main                     ] DEBUG Logger               - Configured Logger
16:42:37.186 [main                     ] DEBUG GameApplication      - Logging settings
Title: Bomberman
Version: 0.0
Width: 800
Height: 672
Fullscreen: false
Intro: false
Profiling: false
Single step:false
App Mode: DEVELOPER
Menu Key: ESCAPE
Stage Style: DECORATED
Scene Factory: class com.almasb.fxgl.app.scene.SceneFactory

16:42:37.763 [JavaFX Application Thread] DEBUG FXGLApplication      - Initializing FXGL
16:42:37.779 [JavaFX Application Thread] INFO  Engine               - FXGL-17.1 (24.03.2022 17.34) on WINDOWS (J:18.0.2.1 FX:18.0.1)
16:42:37.779 [JavaFX Application Thread] DEBUG Engine               - JRE Vendor Name: Oracle Corporation
16:42:37.779 [JavaFX Application Thread] DEBUG Engine               - Running on OS: Windows 10 version 10.0
16:42:37.781 [JavaFX Application Thread] DEBUG Engine               - Architecture: amd64
16:42:37.781 [JavaFX Application Thread] INFO  Engine               - Source code and latest versions at: https://github.com/AlmasB/FXGL
16:42:37.781 [JavaFX Application Thread] INFO  Engine               -       Ask questions and discuss at: https://github.com/AlmasB/FXGL/discussions
16:42:37.782 [JavaFX Application Thread] INFO  Engine               -              Join the FXGL chat at: https://gitter.im/AlmasB/FXGL
16:42:37.990 [JavaFX Application Thread] DEBUG PrimaryStageWindow   - Creating a JavaFX scene
16:42:38.078 [JavaFX Application Thread] DEBUG PrimaryStageWindow   - Target settings size: 800.0 x 672.0
16:42:38.079 [JavaFX Application Thread] DEBUG PrimaryStageWindow   - Scaled scene size:    800.0 x 672.0
16:42:38.079 [JavaFX Application Thread] DEBUG PrimaryStageWindow   - Scaled ratio: (1.0, 1.0)
16:42:38.081 [JavaFX Application Thread] DEBUG PrimaryStageWindow   - Set initial scene to FXGLStartupScene
16:42:38.096 [JavaFX Application Thread] DEBUG PrimaryStageWindow   - Opening main window
16:42:38.255 [JavaFX Application Thread] DEBUG PrimaryStageWindow   - Window border size: (14.66668701171875, 37.33331298828125)
16:42:38.256 [JavaFX Application Thread] DEBUG PrimaryStageWindow   - Scaled size: 800.0 x 672.0
16:42:38.257 [JavaFX Application Thread] DEBUG PrimaryStageWindow   - Scaled ratio: (1.0, 1.0)
16:42:38.257 [JavaFX Application Thread] DEBUG PrimaryStageWindow   - Scene size: 800.0 x 672.0
16:42:38.257 [JavaFX Application Thread] DEBUG PrimaryStageWindow   - Stage size: 814.6666870117188 x 709.3333129882812
16:42:38.376 [FXGL Background Thread 1 ] DEBUG Engine               - Initializing environment variables
16:42:38.474 [FXGL Background Thread 1 ] DEBUG FXGLAssetLoaderServi - User app class for loading assets: class mangobomb.bombermango.HelloApplication
16:42:38.475 [FXGL Background Thread 1 ] DEBUG GameApplicationServi - Applying CSS: fxgl_dark.css
16:42:38.477 [FXGL Background Thread 1 ] DEBUG FXGLAssetLoaderServi - Loading from file system: jar:file:/C:/Users/Admin/.m2/repository/com/github/almasb/fxgl/17.1/fxgl-17.1.jar!/fxglassets/ui/css/fxgl_dark.css
16:42:38.578 [FXGL Background Thread 1 ] DEBUG GameApplicationServi - Initializing application scenes
16:42:38.768 [FXGL Background Thread 1 ] DEBUG GameWorld            - Game world initialized
16:42:38.855 [FXGL Background Thread 1 ] DEBUG PhysicsWorld         - Physics world initialized: appHeight=672, physics.ppm=50.0
16:42:38.856 [FXGL Background Thread 1 ] DEBUG PhysicsWorld         - Using strategy: BRUTE_FORCE
16:42:38.863 [FXGL Background Thread 1 ] DEBUG GameScene            - Game scene initialized: 800x672
16:42:38.884 [FXGL Background Thread 1 ] DEBUG FXGL.DefaultMenu     - createMenuBodyMainMenu()
16:42:38.913 [FXGL Background Thread 1 ] DEBUG FXGL.DefaultMenu     - createOptionsMenu()
16:42:38.962 [FXGL Background Thread 1 ] DEBUG FXGLAssetLoaderServi - Loading from file system: jar:file:/C:/Users/Admin/.m2/repository/com/github/almasb/fxgl/17.1/fxgl-17.1.jar!/fxglassets/textures/particles/smoke.png
16:42:39.132 [FXGL Background Thread 1 ] DEBUG FXGLAssetLoaderServi - Loading from file system: jar:file:/C:/Users/Admin/.m2/repository/com/github/almasb/fxgl/17.1/fxgl-17.1.jar!/fxglassets/textures/particles/trace_horizontal.png
16:42:39.196 [FXGL Background Thread 1 ] DEBUG FXGL.DefaultMenu     - createMenuBodyGameMenu()
16:42:39.197 [FXGL Background Thread 1 ] DEBUG FXGL.DefaultMenu     - createOptionsMenu()
16:42:39.221 [FXGL Background Thread 1 ] DEBUG GameApplicationServi - Application scenes initialized
16:42:39.242 [FXGL Background Thread 1 ] DEBUG SystemBundleService  - Loading FXGL system data
16:42:39.252 [FXGL Background Thread 1 ] DEBUG FileSystemAccess     - Reading from: D:\bombermango\system\fxgl.bundle
16:42:39.269 [FXGL Background Thread 1 ] DEBUG SystemBundleService  - Bundle FXGL: {}
16:42:39.270 [FXGL Background Thread 1 ] DEBUG UpdaterService       - Checking for updates
16:42:39.280 [FXGL Background Thread 1 ] DEBUG FXGLApplication      - Loading default localization
16:42:39.282 [FXGL Background Thread 1 ] DEBUG FXGLAssetLoaderServi - Loading from file system: jar:file:/C:/Users/Admin/.m2/repository/com/github/almasb/fxgl/17.1/fxgl-17.1.jar!/fxglassets/languages/english.lang
16:42:39.312 [FXGL Background Thread 4 ] DEBUG FXGLApplication      - Loading fonts
16:42:39.312 [FXGL Background Thread 4 ] DEBUG FXGLAssetLoaderServi - Loading from file system: jar:file:/C:/Users/Admin/.m2/repository/com/github/almasb/fxgl/17.1/fxgl-17.1.jar!/fxglassets/ui/fonts/VarelaRound-Regular.ttf
16:42:39.319 [FXGL Background Thread 1 ] INFO  FXGLApplication      - FXGL initialization took: 0.942 sec
16:42:39.345 [JavaFX Application Thread] DEBUG Input                - Registered new binding: moveUp - W
16:42:39.345 [JavaFX Application Thread] DEBUG Input                - Registered new binding: moveRight - D
16:42:39.345 [JavaFX Application Thread] DEBUG Input                - Registered new binding: moveLeft - A
16:42:39.345 [JavaFX Application Thread] DEBUG Input                - Registered new binding: moveDown - S
16:42:39.345 [JavaFX Application Thread] DEBUG Input                - Registered new binding: implantBomb - F
16:42:39.345 [JavaFX Application Thread] DEBUG Input                - Registered new binding: PlayMusic - M
16:42:39.345 [JavaFX Application Thread] DEBUG Input                - Registered new binding: Pause - P
16:42:39.346 [JavaFX Application Thread] DEBUG FXGLAssetLoaderServi - Loading from file system: jar:file:/C:/Users/Admin/.m2/repository/com/github/almasb/fxgl/17.1/fxgl-17.1.jar!/fxglassets/textures/fxgl_icon.png
16:42:39.385 [JavaFX Application Thread] DEBUG FXGLAssetLoaderServi - Loading from file system: jar:file:/C:/Users/Admin/.m2/repository/com/github/almasb/fxgl/17.1/fxgl-17.1.jar!/fxglassets/textures/fxgl_default_cursor.png
16:42:39.389 [JavaFX Application Thread] DEBUG Input                - Registered new binding: Screenshot - CTRL+8
16:42:39.390 [JavaFX Application Thread] DEBUG Input                - Registered new binding: System info dump - CTRL+9
16:42:39.391 [JavaFX Application Thread] DEBUG Input                - Registered new binding: Restart - CTRL+R
16:42:39.392 [JavaFX Application Thread] DEBUG Input                - Registered new binding: Toggle Debug Camera - CTRL+7
16:42:39.396 [JavaFX Application Thread] DEBUG LoopRunner           - Starting loop
16:42:39.396 [JavaFX Application Thread] DEBUG LoopRunner           - Initializing JavaFX AnimationTimerLoop
16:42:39.400 [JavaFX Application Thread] DEBUG Input                - Clearing active input actions
16:42:39.421 [JavaFX Application Thread] DEBUG GameApplicationServi - Removing overlay from FXGLStartupScene and adding to FXGLMainMenuDummyScene
16:42:39.421 [JavaFX Application Thread] DEBUG PrimaryStageWindow   - FXGLStartupScene -> FXGLMainMenuDummyScene
16:42:39.422 [JavaFX Application Thread] DEBUG PrimaryStageWindow   - Push state: FXGLDefaultMenu
16:42:39.429 [JavaFX Application Thread] DEBUG Input                - Clearing active input actions
16:42:39.448 [JavaFX Application Thread] DEBUG GameApplicationServi - Removing overlay from FXGLMainMenuDummyScene and adding to FXGLDefaultMenu
16:42:39.449 [JavaFX Application Thread] DEBUG PrimaryStageWindow   - FXGLMainMenuDummyScene -> FXGLDefaultMenu
16:42:39.692 [FXGL Background Thread 4 ] DEBUG FXGLAssetLoaderServi - Loading from file system: jar:file:/C:/Users/Admin/.m2/repository/com/github/almasb/fxgl/17.1/fxgl-17.1.jar!/fxglassets/ui/fonts/Abel-Regular.ttf
16:42:39.700 [FXGL Background Thread 4 ] DEBUG FXGLAssetLoaderServi - Loading from file system: jar:file:/C:/Users/Admin/.m2/repository/com/github/almasb/fxgl/17.1/fxgl-17.1.jar!/fxglassets/ui/fonts/TerminalLandMono-Regular.otf
16:42:39.707 [FXGL Background Thread 4 ] DEBUG FXGLAssetLoaderServi - Loading from file system: jar:file:/C:/Users/Admin/.m2/repository/com/github/almasb/fxgl/17.1/fxgl-17.1.jar!/fxglassets/ui/fonts/Courier-Prime.ttf
16:42:39.832 [JavaFX Application Thread] DEBUG FXGLApplication      - Registering font factories with UI factory
16:42:40.725 [FXGL Background Thread 2 ] INFO  UpdaterService       - Your current version:  17.1
16:42:40.726 [FXGL Background Thread 2 ] INFO  UpdaterService       - Latest stable version: 17.2
16:42:40.995 [JavaFX Application Thread] DEBUG Menu                 - fireNewGame()
16:42:40.995 [JavaFX Application Thread] DEBUG GameApplicationServi - Starting new game
16:42:41.000 [JavaFX Application Thread] DEBUG PrimaryStageWindow   - Pop state: FXGLDefaultMenu
16:42:41.000 [JavaFX Application Thread] DEBUG Input                - Clearing active input actions
16:42:41.002 [JavaFX Application Thread] DEBUG GameApplicationServi - Removing overlay from FXGLDefaultMenu and adding to FXGLMainMenuDummyScene
16:42:41.003 [JavaFX Application Thread] DEBUG PrimaryStageWindow   - FXGLMainMenuDummyScene <- FXGLDefaultMenu
16:42:41.003 [JavaFX Application Thread] DEBUG Input                - Clearing active input actions
16:42:41.016 [JavaFX Application Thread] DEBUG GameApplicationServi - Removing overlay from FXGLMainMenuDummyScene and adding to FXGLLoadingScene
16:42:41.016 [JavaFX Application Thread] DEBUG PrimaryStageWindow   - FXGLMainMenuDummyScene -> FXGLLoadingScene
16:42:41.017 [JavaFX Application Thread] DEBUG GameApplicationServi - Clearing previous game
16:42:41.017 [JavaFX Application Thread] DEBUG GameScene            - Clearing game scene
16:42:41.017 [JavaFX Application Thread] DEBUG GameWorld            - Clearing game world
16:42:41.017 [JavaFX Application Thread] DEBUG PhysicsWorld         - Clearing physics world
16:42:41.020 [FXGL Background Thread 2 ] DEBUG FXGLApplication      - Initializing game
16:42:41.064 [FXGL Background Thread 2 ] DEBUG FXGLAssetLoaderServi - Loading from file system: file:/D:/bombermango/target/classes/assets/textures/sprites/wall.png
16:42:41.118 [FXGL Background Thread 2 ] DEBUG FXGLAssetLoaderServi - Loading from file system: file:/D:/bombermango/target/classes/assets/textures/sprites/brick.png
16:42:41.123 [FXGL Background Thread 2 ] DEBUG FXGLAssetLoaderServi - Loading from file system: file:/D:/bombermango/target/classes/assets/textures/sprites/balloom_right1.png
16:42:41.126 [FXGL Background Thread 2 ] DEBUG FXGLAssetLoaderServi - Loading from file system: file:/D:/bombermango/target/classes/assets/textures/sprites/balloom_right2.png
16:42:41.128 [FXGL Background Thread 2 ] DEBUG FXGLAssetLoaderServi - Loading from file system: file:/D:/bombermango/target/classes/assets/textures/sprites/balloom_right3.png
16:42:41.150 [FXGL Background Thread 2 ] DEBUG FXGLAssetLoaderServi - Loading from file system: file:/D:/bombermango/target/classes/assets/textures/sprites/oneal_right1.png
16:42:41.152 [FXGL Background Thread 2 ] DEBUG FXGLAssetLoaderServi - Loading from file system: file:/D:/bombermango/target/classes/assets/textures/sprites/oneal_right2.png
16:42:41.156 [FXGL Background Thread 2 ] DEBUG FXGLAssetLoaderServi - Loading from file system: file:/D:/bombermango/target/classes/assets/textures/sprites/oneal_right3.png
16:42:41.312 [FXGL Background Thread 2 ] DEBUG FXGLAssetLoaderServi - Loading from file system: file:/D:/bombermango/target/classes/assets/textures/sprites/doll_right1.png
16:42:41.314 [FXGL Background Thread 2 ] DEBUG FXGLAssetLoaderServi - Loading from file system: file:/D:/bombermango/target/classes/assets/textures/sprites/doll_right2.png
16:42:41.318 [FXGL Background Thread 2 ] DEBUG FXGLAssetLoaderServi - Loading from file system: file:/D:/bombermango/target/classes/assets/textures/sprites/doll_right3.png
16:42:41.369 [FXGL Background Thread 2 ] DEBUG GameWorld            - Clearing removable entities
16:42:41.370 [FXGL Background Thread 2 ] DEBUG GameWorld            - Setting level: com.almasb.fxgl.entity.level.Level@7138caf6
16:42:41.523 [FXGL Background Thread 2 ] WARN  FXGLAssetLoaderServi - Asset "/assets/music/gameaudio.wav" was not found!
16:42:41.523 [FXGL Background Thread 2 ] WARN  FXGLAssetLoaderServi - Failed to load MUSIC
16:42:41.533 [FXGL Background Thread 2 ] DEBUG FXGLAssetLoaderServi - Loading from file system: file:/D:/bombermango/target/classes/assets/textures/sprites/player_right.png
16:42:41.535 [FXGL Background Thread 2 ] DEBUG FXGLAssetLoaderServi - Loading from file system: file:/D:/bombermango/target/classes/assets/textures/sprites/player_right_1.png
16:42:41.537 [FXGL Background Thread 2 ] WARN  FXGLAssetLoaderServi - Asset "/assets/textures/sprites/player_right_2.png" was not found!
16:42:41.537 [FXGL Background Thread 2 ] WARN  FXGLAssetLoaderServi - Failed to load RESIZABLE_IMAGE
16:42:41.577 [FXGL Background Thread 2 ] DEBUG FXGLAssetLoaderServi - Loading from file system: file:/D:/bombermango/target/classes/assets/textures/sprites/player_down.png
16:42:41.582 [FXGL Background Thread 2 ] DEBUG FXGLAssetLoaderServi - Loading from file system: file:/D:/bombermango/target/classes/assets/textures/sprites/player_down_1.png
16:42:41.584 [FXGL Background Thread 2 ] DEBUG FXGLAssetLoaderServi - Loading from file system: file:/D:/bombermango/target/classes/assets/textures/sprites/player_down_2.png
16:42:41.585 [FXGL Background Thread 2 ] DEBUG FXGLAssetLoaderServi - Loading from file system: file:/D:/bombermango/target/classes/assets/textures/sprites/player_left.png
16:42:41.587 [FXGL Background Thread 2 ] DEBUG FXGLAssetLoaderServi - Loading from file system: file:/D:/bombermango/target/classes/assets/textures/sprites/player_left_1.png
16:42:41.588 [FXGL Background Thread 2 ] DEBUG FXGLAssetLoaderServi - Loading from file system: file:/D:/bombermango/target/classes/assets/textures/sprites/player_left_2.png
16:42:41.591 [FXGL Background Thread 2 ] DEBUG FXGLAssetLoaderServi - Loading from file system: file:/D:/bombermango/target/classes/assets/textures/sprites/portal.png
16:42:41.596 [FXGL Background Thread 2 ] DEBUG FXGLAssetLoaderServi - Loading from file system: file:/D:/bombermango/target/classes/assets/textures/sprites/powerup_bombs.png
16:42:41.601 [FXGL Background Thread 2 ] DEBUG FXGLAssetLoaderServi - Loading from file system: file:/D:/bombermango/target/classes/assets/textures/sprites/powerup_flames.png
16:42:41.613 [FXGL Background Thread 2 ] INFO  FXGLApplication      - Game initialization took: 0.594 sec
16:42:41.627 [JavaFX Application Thread] DEBUG Input                - Clearing active input actions
16:42:41.661 [JavaFX Application Thread] DEBUG GameApplicationServi - Removing overlay from FXGLLoadingScene and adding to GameScene
16:42:41.662 [JavaFX Application Thread] DEBUG PrimaryStageWindow   - FXGLLoadingScene -> GameScene
16:42:42.276 [FXGL Background Thread 3 ] DEBUG Engine               - Logging environment variables
16:42:42.277 [FXGL Background Thread 3 ] DEBUG Engine               - achievements: []
16:42:42.278 [FXGL Background Thread 3 ] DEBUG Engine               - actualHeight: 672.0
16:42:42.278 [FXGL Background Thread 3 ] DEBUG Engine               - actualHeightProperty: ReadOnlyDoubleProperty [value: 672.0]
16:42:42.279 [FXGL Background Thread 3 ] DEBUG Engine               - actualWidth: 800.0
16:42:42.279 [FXGL Background Thread 3 ] DEBUG Engine               - actualWidthProperty: ReadOnlyDoubleProperty [value: 800.0]
16:42:42.280 [FXGL Background Thread 3 ] DEBUG Engine               - appIcon: fxgl_icon.png
16:42:42.280 [FXGL Background Thread 3 ] DEBUG Engine               - applicationMode: DEVELOPER
16:42:42.280 [FXGL Background Thread 3 ] DEBUG Engine               - cSSList: [fxgl_dark.css]
16:42:42.280 [FXGL Background Thread 3 ] DEBUG Engine               - collisionDetectionStrategy: BRUTE_FORCE
16:42:42.280 [FXGL Background Thread 3 ] DEBUG Engine               - configClass: Optional.empty
16:42:42.280 [FXGL Background Thread 3 ] DEBUG Engine               - credits: []
16:42:42.280 [FXGL Background Thread 3 ] DEBUG Engine               - defaultCursor: CursorInfo(imageName=fxgl_default_cursor.png, hotspotX=7.0, hotspotY=6.0)
16:42:42.281 [FXGL Background Thread 3 ] DEBUG Engine               - devBBoxColorProperty: ObjectProperty [value: 0xff0000ff]
16:42:42.281 [FXGL Background Thread 3 ] DEBUG Engine               - devEnableDebugCameraProperty: BooleanProperty [value: false]
16:42:42.281 [FXGL Background Thread 3 ] DEBUG Engine               - devSensorColorProperty: ObjectProperty [value: 0xffff00ff]
16:42:42.281 [FXGL Background Thread 3 ] DEBUG Engine               - devShowBBoxProperty: BooleanProperty [value: false]
16:42:42.281 [FXGL Background Thread 3 ] DEBUG Engine               - devShowPositionProperty: BooleanProperty [value: false]
16:42:42.281 [FXGL Background Thread 3 ] DEBUG Engine               - enabledMenuItems: []
16:42:42.281 [FXGL Background Thread 3 ] DEBUG Engine               - engineServices: [class com.almasb.fxgl.app.services.FXGLAssetLoaderService, class com.almasb.fxgl.app.FXGLApplication$GameApplicationService, class com.almasb.fxgl.app.services.FXGLDialogService, class com.almasb.fxgl.app.services.IOTaskExecutorService, class com.almasb.fxgl.io.FileSystemService, class com.almasb.fxgl.localization.LocalizationService, class com.almasb.fxgl.app.services.SystemBundleService, class com.almasb.fxgl.profile.SaveLoadService, class com.almasb.fxgl.ui.FXGLUIFactoryServiceProvider, class com.almasb.fxgl.ui.FXGLDialogFactoryServiceProvider, class com.almasb.fxgl.audio.AudioPlayer, class com.almasb.fxgl.notification.impl.NotificationServiceProvider, class com.almasb.fxgl.achievement.AchievementService, class com.almasb.fxgl.cutscene.CutsceneService, class com.almasb.fxgl.minigames.MiniGameService, class com.almasb.fxgl.net.NetService, class com.almasb.fxgl.app.services.UpdaterService, class com.almasb.fxgl.dev.DevService]
16:42:42.281 [FXGL Background Thread 3 ] DEBUG Engine               - fontGame: Abel-Regular.ttf
16:42:42.281 [FXGL Background Thread 3 ] DEBUG Engine               - fontMono: TerminalLandMono-Regular.otf
16:42:42.282 [FXGL Background Thread 3 ] DEBUG Engine               - fontText: Courier-Prime.ttf
16:42:42.282 [FXGL Background Thread 3 ] DEBUG Engine               - fontUI: VarelaRound-Regular.ttf
16:42:42.282 [FXGL Background Thread 3 ] DEBUG Engine               - fullScreen: BooleanProperty [value: false]
16:42:42.282 [FXGL Background Thread 3 ] DEBUG Engine               - gameDifficulty: MEDIUM
16:42:42.282 [FXGL Background Thread 3 ] DEBUG Engine               - gameDifficultyProperty: ObjectProperty [value: MEDIUM]
16:42:42.282 [FXGL Background Thread 3 ] DEBUG Engine               - globalMusicVolume: 0.5
16:42:42.282 [FXGL Background Thread 3 ] DEBUG Engine               - globalMusicVolumeProperty: DoubleProperty [value: 0.5]
16:42:42.282 [FXGL Background Thread 3 ] DEBUG Engine               - globalSoundVolume: 0.5
16:42:42.282 [FXGL Background Thread 3 ] DEBUG Engine               - globalSoundVolumeProperty: DoubleProperty [value: 0.5]
16:42:42.282 [FXGL Background Thread 3 ] DEBUG Engine               - height: 672
16:42:42.282 [FXGL Background Thread 3 ] DEBUG Engine               - is3D: false
16:42:42.283 [FXGL Background Thread 3 ] DEBUG Engine               - isAndroid: false
16:42:42.283 [FXGL Background Thread 3 ] DEBUG Engine               - isBrowser: false
16:42:42.283 [FXGL Background Thread 3 ] DEBUG Engine               - isClickFeedbackEnabled: false
16:42:42.283 [FXGL Background Thread 3 ] DEBUG Engine               - isCloseConfirmation: false
16:42:42.283 [FXGL Background Thread 3 ] DEBUG Engine               - isDesktop: true
16:42:42.283 [FXGL Background Thread 3 ] DEBUG Engine               - isDeveloperMenuEnabled: false
16:42:42.283 [FXGL Background Thread 3 ] DEBUG Engine               - isEmbedded: false
16:42:42.283 [FXGL Background Thread 3 ] DEBUG Engine               - isEntityPreloadEnabled: true
16:42:42.283 [FXGL Background Thread 3 ] DEBUG Engine               - isExperimentalTiledLargeMap: false
16:42:42.283 [FXGL Background Thread 3 ] DEBUG Engine               - isFileSystemWriteAllowed: true
16:42:42.283 [FXGL Background Thread 3 ] DEBUG Engine               - isFullScreenAllowed: false
16:42:42.285 [FXGL Background Thread 3 ] DEBUG Engine               - isFullScreenFromStart: false
16:42:42.286 [FXGL Background Thread 3 ] DEBUG Engine               - isGameMenuEnabled: true
16:42:42.286 [FXGL Background Thread 3 ] DEBUG Engine               - isIOS: false
16:42:42.286 [FXGL Background Thread 3 ] DEBUG Engine               - isIntroEnabled: false
16:42:42.286 [FXGL Background Thread 3 ] DEBUG Engine               - isLinux: false
16:42:42.286 [FXGL Background Thread 3 ] DEBUG Engine               - isMac: false
16:42:42.286 [FXGL Background Thread 3 ] DEBUG Engine               - isMainMenuEnabled: true
16:42:42.289 [FXGL Background Thread 3 ] DEBUG Engine               - isManualResizeEnabled: false
16:42:42.289 [FXGL Background Thread 3 ] DEBUG Engine               - isMobile: false
16:42:42.289 [FXGL Background Thread 3 ] DEBUG Engine               - isNative: false
16:42:42.289 [FXGL Background Thread 3 ] DEBUG Engine               - isPauseMusicWhenMinimized: true
16:42:42.289 [FXGL Background Thread 3 ] DEBUG Engine               - isPreserveResizeRatio: false
16:42:42.289 [FXGL Background Thread 3 ] DEBUG Engine               - isProfilingEnabled: false
16:42:42.290 [FXGL Background Thread 3 ] DEBUG Engine               - isScaleAffectedOnResize: true
16:42:42.290 [FXGL Background Thread 3 ] DEBUG Engine               - isSingleStep: false
16:42:42.290 [FXGL Background Thread 3 ] DEBUG Engine               - isUserProfileEnabled: false
16:42:42.290 [FXGL Background Thread 3 ] DEBUG Engine               - isWindows: true
16:42:42.290 [FXGL Background Thread 3 ] DEBUG Engine               - language: ObjectProperty [value: ENGLISH]
16:42:42.291 [FXGL Background Thread 3 ] DEBUG Engine               - menuKey: ESCAPE
16:42:42.291 [FXGL Background Thread 3 ] DEBUG Engine               - mouseSensitivity: 0.2
16:42:42.291 [FXGL Background Thread 3 ] DEBUG Engine               - notificationViewClass: class com.almasb.fxgl.notification.view.XboxNotificationView
16:42:42.291 [FXGL Background Thread 3 ] DEBUG Engine               - pixelsPerMeter: 50.0
16:42:42.291 [FXGL Background Thread 3 ] DEBUG Engine               - platform: WINDOWS
16:42:42.291 [FXGL Background Thread 3 ] DEBUG Engine               - prefHeightProperty: ReadOnlyDoubleProperty [value: 672.0]
16:42:42.291 [FXGL Background Thread 3 ] DEBUG Engine               - prefWidthProperty: ReadOnlyDoubleProperty [value: 800.0]
16:42:42.291 [FXGL Background Thread 3 ] DEBUG Engine               - profileDir: profiles/
16:42:42.292 [FXGL Background Thread 3 ] DEBUG Engine               - profileName: StringProperty [value: DEFAULT]
16:42:42.294 [FXGL Background Thread 3 ] DEBUG Engine               - randomSeed: -1
16:42:42.295 [FXGL Background Thread 3 ] DEBUG Engine               - runtimeInfo: RuntimeInfo(platform=WINDOWS, version=17.1, build=24.03.2022 17.34)
16:42:42.295 [FXGL Background Thread 3 ] DEBUG Engine               - saveFileExt: sav
16:42:42.295 [FXGL Background Thread 3 ] DEBUG Engine               - scaledHeightProp$fxgl: DoubleProperty [bound, value: 672.0]
16:42:42.296 [FXGL Background Thread 3 ] DEBUG Engine               - scaledWidthProp$fxgl: DoubleProperty [bound, value: 800.0]
16:42:42.296 [FXGL Background Thread 3 ] DEBUG Engine               - sceneFactory: com.almasb.fxgl.app.scene.SceneFactory@426ee0b5
16:42:42.296 [FXGL Background Thread 3 ] DEBUG Engine               - secondsIn24h: 60
16:42:42.296 [FXGL Background Thread 3 ] DEBUG Engine               - soundMenuBack: menu/back.wav
16:42:42.296 [FXGL Background Thread 3 ] DEBUG Engine               - soundMenuPress: menu/press.wav
16:42:42.296 [FXGL Background Thread 3 ] DEBUG Engine               - soundMenuSelect: menu/select.wav
16:42:42.296 [FXGL Background Thread 3 ] DEBUG Engine               - soundNotification: core/notification.wav
16:42:42.296 [FXGL Background Thread 3 ] DEBUG Engine               - stageStyle: DECORATED
16:42:42.296 [FXGL Background Thread 3 ] DEBUG Engine               - supportedLanguages: [ENGLISH, FRENCH, GERMAN, HUNGARIAN, RUSSIAN]
16:42:42.296 [FXGL Background Thread 3 ] DEBUG Engine               - ticksPerSecond: -1
16:42:42.296 [FXGL Background Thread 3 ] DEBUG Engine               - title: Bomberman
16:42:42.296 [FXGL Background Thread 3 ] DEBUG Engine               - urlGithub: https://github.com/AlmasB/FXGL
16:42:42.296 [FXGL Background Thread 3 ] DEBUG Engine               - urlLeaderboard: http://fxgl-top.herokuapp.com/
16:42:42.296 [FXGL Background Thread 3 ] DEBUG Engine               - urlPOM: https://raw.githubusercontent.com/AlmasB/FXGL/release/README.md
16:42:42.296 [FXGL Background Thread 3 ] DEBUG Engine               - userAppClass: class mangobomb.bombermango.HelloApplication
16:42:42.296 [FXGL Background Thread 3 ] DEBUG Engine               - version: 0.0
16:42:42.296 [FXGL Background Thread 3 ] DEBUG Engine               - versionCheckDays: 7
16:42:42.297 [FXGL Background Thread 3 ] DEBUG Engine               - width: 800
16:42:42.297 [FXGL Background Thread 3 ] DEBUG Engine               - Logging services
16:42:42.297 [FXGL Background Thread 3 ] DEBUG Engine               - class com.almasb.fxgl.app.services.FXGLAssetLoaderService
16:42:42.297 [FXGL Background Thread 3 ] DEBUG Engine               - class com.almasb.fxgl.app.FXGLApplication$GameApplicationService
16:42:42.297 [FXGL Background Thread 3 ] DEBUG Engine               - class com.almasb.fxgl.app.services.FXGLDialogService
16:42:42.297 [FXGL Background Thread 3 ] DEBUG Engine               - class com.almasb.fxgl.app.services.IOTaskExecutorService
16:42:42.297 [FXGL Background Thread 3 ] DEBUG Engine               - class com.almasb.fxgl.io.FileSystemService
16:42:42.297 [FXGL Background Thread 3 ] DEBUG Engine               - class com.almasb.fxgl.localization.LocalizationService
16:42:42.297 [FXGL Background Thread 3 ] DEBUG Engine               - class com.almasb.fxgl.app.services.SystemBundleService
16:42:42.297 [FXGL Background Thread 3 ] DEBUG Engine               - class com.almasb.fxgl.profile.SaveLoadService
16:42:42.297 [FXGL Background Thread 3 ] DEBUG Engine               - class com.almasb.fxgl.ui.FXGLUIFactoryServiceProvider
16:42:42.297 [FXGL Background Thread 3 ] DEBUG Engine               - class com.almasb.fxgl.ui.FXGLDialogFactoryServiceProvider
16:42:42.297 [FXGL Background Thread 3 ] DEBUG Engine               - class com.almasb.fxgl.audio.AudioPlayer
16:42:42.297 [FXGL Background Thread 3 ] DEBUG Engine               - class com.almasb.fxgl.notification.impl.NotificationServiceProvider
16:42:42.297 [FXGL Background Thread 3 ] DEBUG Engine               - class com.almasb.fxgl.achievement.AchievementService
16:42:42.297 [FXGL Background Thread 3 ] DEBUG Engine               - class com.almasb.fxgl.cutscene.CutsceneService
16:42:42.297 [FXGL Background Thread 3 ] DEBUG Engine               - class com.almasb.fxgl.minigames.MiniGameService
16:42:42.297 [FXGL Background Thread 3 ] DEBUG Engine               - class com.almasb.fxgl.net.NetService
16:42:42.298 [FXGL Background Thread 3 ] DEBUG Engine               - class com.almasb.fxgl.app.services.UpdaterService
16:42:42.298 [FXGL Background Thread 3 ] DEBUG Engine               - class com.almasb.fxgl.dev.DevService
16:42:45.544 [JavaFX Application Thread] DEBUG FXGLAssetLoaderServi - Loading from file system: file:/D:/bombermango/target/classes/assets/textures/sprites/bomb.png
16:42:45.548 [JavaFX Application Thread] DEBUG FXGLAssetLoaderServi - Loading from file system: file:/D:/bombermango/target/classes/assets/textures/sprites/bomb_1.png
16:42:45.551 [JavaFX Application Thread] DEBUG FXGLAssetLoaderServi - Loading from file system: file:/D:/bombermango/target/classes/assets/textures/sprites/bomb_2.png
16:42:47.548 [JavaFX Application Thread] DEBUG FXGLAssetLoaderServi - Loading from file system: file:/D:/bombermango/target/classes/assets/textures/sprites/bomb_exploded.png
16:42:47.551 [JavaFX Application Thread] DEBUG FXGLAssetLoaderServi - Loading from file system: file:/D:/bombermango/target/classes/assets/textures/sprites/bomb_exploded1.png
16:42:47.553 [JavaFX Application Thread] DEBUG FXGLAssetLoaderServi - Loading from file system: file:/D:/bombermango/target/classes/assets/textures/sprites/bomb_exploded2.png
16:42:59.294 [JavaFX Application Thread] DEBUG FXGLAssetLoaderServi - Loading from file system: file:/D:/bombermango/target/classes/assets/textures/sprites/balloom_dead.png
16:43:12.463 [JavaFX Application Thread] DEBUG FXGLAssetLoaderServi - Loading from file system: file:/D:/bombermango/target/classes/assets/textures/sprites/doll_dead.png
16:43:23.662 [JavaFX Application Thread] DEBUG FXGLAssetLoaderServi - Loading from file system: file:/D:/bombermango/target/classes/assets/textures/sprites/oneal_dead.png
16:44:29.705 [JavaFX Application Thread] DEBUG GameWorld            - Clearing removable entities
16:44:29.730 [JavaFX Application Thread] DEBUG GameWorld            - Setting level: com.almasb.fxgl.entity.level.Level@6d03071b
16:44:29.747 [JavaFX Application Thread] WARN  FXGLAssetLoaderServi - Asset "/assets/music/gameaudio.wav" was not found!
16:44:29.747 [JavaFX Application Thread] WARN  FXGLAssetLoaderServi - Failed to load MUSIC
16:44:29.747 [JavaFX Application Thread] WARN  FXGLAssetLoaderServi - Asset "/assets/textures/sprites/player_right_2.png" was not found!
16:44:29.748 [JavaFX Application Thread] WARN  FXGLAssetLoaderServi - Failed to load RESIZABLE_IMAGE
16:44:31.847 [JavaFX Application Thread] DEBUG FXGLApplication      - Exiting FXGL
16:44:31.847 [JavaFX Application Thread] DEBUG LoopRunner           - Stopping loop
16:44:31.847 [JavaFX Application Thread] DEBUG SystemBundleService  - Saving FXGL system data
16:44:31.850 [JavaFX Application Thread] DEBUG FileSystemAccess     - Writing to: D:\bombermango\system\fxgl.bundle
16:44:31.853 [JavaFX Application Thread] DEBUG Async                - Shutting down background threads
16:44:31.853 [JavaFX Application Thread] DEBUG PrimaryStageWindow   - Closing main window
16:44:31.879 [JavaFX Application Thread] DEBUG Logger               - Closing Logger
