17:02:32.102 [main                     ] DEBUG Logger               - Configured Logger
17:02:32.139 [main                     ] DEBUG GameApplication      - Logging settings
Title: Bomberman!
Version: 0.0
Width: 912
Height: 624
Fullscreen: false
Intro: false
Profiling: false
Single step:false
App Mode: DEVELOPER
Menu Key: ESCAPE
Stage Style: DECORATED
Scene Factory: class com.almasb.fxgl.app.scene.SceneFactory

17:02:32.621 [JavaFX Application Thread] DEBUG FXGLApplication      - Initializing FXGL
17:02:32.630 [JavaFX Application Thread] INFO  Engine               - FXGL-17.1 (24.03.2022 17.34) on WINDOWS (J:18.0.2.1 FX:18.0.1)
17:02:32.630 [JavaFX Application Thread] DEBUG Engine               - JRE Vendor Name: Oracle Corporation
17:02:32.631 [JavaFX Application Thread] DEBUG Engine               - Running on OS: Windows 10 version 10.0
17:02:32.631 [JavaFX Application Thread] DEBUG Engine               - Architecture: amd64
17:02:32.631 [JavaFX Application Thread] INFO  Engine               - Source code and latest versions at: https://github.com/AlmasB/FXGL
17:02:32.631 [JavaFX Application Thread] INFO  Engine               -       Ask questions and discuss at: https://github.com/AlmasB/FXGL/discussions
17:02:32.632 [JavaFX Application Thread] INFO  Engine               -              Join the FXGL chat at: https://gitter.im/AlmasB/FXGL
17:02:32.795 [JavaFX Application Thread] DEBUG PrimaryStageWindow   - Creating a JavaFX scene
17:02:32.871 [JavaFX Application Thread] DEBUG PrimaryStageWindow   - Target settings size: 912.0 x 624.0
17:02:32.871 [JavaFX Application Thread] DEBUG PrimaryStageWindow   - Scaled scene size:    912.0 x 624.0
17:02:32.872 [JavaFX Application Thread] DEBUG PrimaryStageWindow   - Scaled ratio: (1.0, 1.0)
17:02:32.873 [JavaFX Application Thread] DEBUG PrimaryStageWindow   - Set initial scene to FXGLStartupScene
17:02:32.884 [JavaFX Application Thread] DEBUG PrimaryStageWindow   - Opening main window
17:02:32.998 [JavaFX Application Thread] DEBUG PrimaryStageWindow   - Window border size: (14.66668701171875, 37.33331298828125)
17:02:32.999 [JavaFX Application Thread] DEBUG PrimaryStageWindow   - Scaled size: 912.0 x 624.0
17:02:32.999 [JavaFX Application Thread] DEBUG PrimaryStageWindow   - Scaled ratio: (1.0, 1.0)
17:02:32.999 [JavaFX Application Thread] DEBUG PrimaryStageWindow   - Scene size: 912.0 x 624.0
17:02:33.000 [JavaFX Application Thread] DEBUG PrimaryStageWindow   - Stage size: 926.6666870117188 x 661.3333129882812
17:02:33.010 [FXGL Background Thread 1 ] DEBUG Engine               - Initializing environment variables
17:02:33.106 [FXGL Background Thread 1 ] DEBUG FXGLAssetLoaderServi - User app class for loading assets: class mangobomb.bombermango.HelloApplication
17:02:33.106 [FXGL Background Thread 1 ] DEBUG GameApplicationServi - Applying CSS: fxgl_dark.css
17:02:33.107 [FXGL Background Thread 1 ] DEBUG FXGLAssetLoaderServi - Loading from file system: jar:file:/C:/Users/Admin/.m2/repository/com/github/almasb/fxgl/17.1/fxgl-17.1.jar!/fxglassets/ui/css/fxgl_dark.css
17:02:33.172 [FXGL Background Thread 1 ] DEBUG GameApplicationServi - Initializing application scenes
17:02:33.269 [FXGL Background Thread 1 ] DEBUG GameWorld            - Game world initialized
17:02:33.347 [FXGL Background Thread 1 ] DEBUG PhysicsWorld         - Physics world initialized: appHeight=624, physics.ppm=50.0
17:02:33.348 [FXGL Background Thread 1 ] DEBUG PhysicsWorld         - Using strategy: BRUTE_FORCE
17:02:33.353 [FXGL Background Thread 1 ] DEBUG GameScene            - Game scene initialized: 912x624
17:02:33.371 [FXGL Background Thread 1 ] DEBUG FXGL.DefaultMenu     - createMenuBodyGameMenu()
17:02:33.394 [FXGL Background Thread 1 ] DEBUG FXGL.DefaultMenu     - createOptionsMenu()
17:02:33.409 [FXGL Background Thread 1 ] DEBUG FXGLAssetLoaderServi - Loading from file system: jar:file:/C:/Users/Admin/.m2/repository/com/github/almasb/fxgl/17.1/fxgl-17.1.jar!/fxglassets/textures/particles/smoke.png
17:02:33.544 [FXGL Background Thread 1 ] DEBUG FXGLAssetLoaderServi - Loading from file system: jar:file:/C:/Users/Admin/.m2/repository/com/github/almasb/fxgl/17.1/fxgl-17.1.jar!/fxglassets/textures/particles/trace_horizontal.png
17:02:33.580 [FXGL Background Thread 1 ] DEBUG GameApplicationServi - Application scenes initialized
17:02:33.598 [FXGL Background Thread 1 ] DEBUG SystemBundleService  - Loading FXGL system data
17:02:33.604 [FXGL Background Thread 1 ] DEBUG FileSystemAccess     - Reading from: D:\bombermango\system\fxgl.bundle
17:02:33.617 [FXGL Background Thread 1 ] DEBUG SystemBundleService  - Bundle FXGL: {}
17:02:33.617 [FXGL Background Thread 1 ] DEBUG UpdaterService       - Checking for updates
17:02:33.623 [FXGL Background Thread 1 ] DEBUG FXGLApplication      - Loading default localization
17:02:33.624 [FXGL Background Thread 1 ] DEBUG FXGLAssetLoaderServi - Loading from file system: jar:file:/C:/Users/Admin/.m2/repository/com/github/almasb/fxgl/17.1/fxgl-17.1.jar!/fxglassets/languages/english.lang
17:02:33.647 [FXGL Background Thread 1 ] INFO  FXGLApplication      - FXGL initialization took: 0.637 sec
17:02:33.659 [JavaFX Application Thread] DEBUG Input                - Registered new binding: Up 1 - W
17:02:33.660 [JavaFX Application Thread] DEBUG Input                - Registered new binding: Left 1 - A
17:02:33.660 [JavaFX Application Thread] DEBUG Input                - Registered new binding: Down 1 - S
17:02:33.660 [JavaFX Application Thread] DEBUG Input                - Registered new binding: Right 1 - D
17:02:33.660 [JavaFX Application Thread] DEBUG FXGLAssetLoaderServi - Loading from file system: jar:file:/C:/Users/Admin/.m2/repository/com/github/almasb/fxgl/17.1/fxgl-17.1.jar!/fxglassets/textures/fxgl_icon.png
17:02:33.704 [FXGL Background Thread 4 ] DEBUG FXGLApplication      - Loading fonts
17:02:33.705 [FXGL Background Thread 4 ] DEBUG FXGLAssetLoaderServi - Loading from file system: jar:file:/C:/Users/Admin/.m2/repository/com/github/almasb/fxgl/17.1/fxgl-17.1.jar!/fxglassets/ui/fonts/VarelaRound-Regular.ttf
17:02:33.707 [JavaFX Application Thread] DEBUG FXGLAssetLoaderServi - Loading from file system: jar:file:/C:/Users/Admin/.m2/repository/com/github/almasb/fxgl/17.1/fxgl-17.1.jar!/fxglassets/textures/fxgl_default_cursor.png
17:02:33.710 [JavaFX Application Thread] DEBUG Input                - Registered new binding: Screenshot - CTRL+8
17:02:33.710 [JavaFX Application Thread] DEBUG Input                - Registered new binding: System info dump - CTRL+9
17:02:33.711 [JavaFX Application Thread] DEBUG Input                - Registered new binding: Restart - CTRL+R
17:02:33.712 [JavaFX Application Thread] DEBUG Input                - Registered new binding: Toggle Debug Camera - CTRL+7
17:02:33.715 [JavaFX Application Thread] DEBUG LoopRunner           - Starting loop
17:02:33.715 [JavaFX Application Thread] DEBUG LoopRunner           - Initializing JavaFX AnimationTimerLoop
17:02:33.717 [JavaFX Application Thread] DEBUG GameApplicationServi - Starting new game
17:02:33.717 [JavaFX Application Thread] DEBUG Input                - Clearing active input actions
17:02:33.732 [JavaFX Application Thread] DEBUG GameApplicationServi - Removing overlay from FXGLStartupScene and adding to FXGLLoadingScene
17:02:33.733 [JavaFX Application Thread] DEBUG PrimaryStageWindow   - FXGLStartupScene -> FXGLLoadingScene
17:02:33.733 [JavaFX Application Thread] DEBUG GameApplicationServi - Clearing previous game
17:02:33.733 [JavaFX Application Thread] DEBUG GameScene            - Clearing game scene
17:02:33.733 [JavaFX Application Thread] DEBUG GameWorld            - Clearing game world
17:02:33.733 [JavaFX Application Thread] DEBUG PhysicsWorld         - Clearing physics world
17:02:33.735 [FXGL Background Thread 1 ] DEBUG FXGLApplication      - Initializing game
17:02:33.765 [FXGL Background Thread 1 ] DEBUG FXGLAssetLoaderServi - Loading from file system: file:/D:/bombermango/target/classes/assets/textures/sprites/player_left.png
17:02:33.767 [FXGL Background Thread 1 ] DEBUG FXGLAssetLoaderServi - Loading from file system: file:/D:/bombermango/target/classes/assets/textures/sprites/player_left_1.png
17:02:33.768 [FXGL Background Thread 1 ] DEBUG FXGLAssetLoaderServi - Loading from file system: file:/D:/bombermango/target/classes/assets/textures/sprites/player_left_2.png
17:02:33.825 [FXGL Background Thread 1 ] WARN  GameWorld            - Entity is already attached to world
17:02:33.826 [FXGL Background Thread 1 ] DEBUG FXGLAssetLoaderServi - Loading from file system: file:/D:/bombermango/target/classes/assets/textures/sprites/wall.png
17:02:33.909 [FXGL Background Thread 1 ] DEBUG FXGLAssetLoaderServi - Loading from file system: file:/D:/bombermango/target/classes/assets/textures/sprites/bomb.png
17:02:33.910 [FXGL Background Thread 1 ] DEBUG FXGLAssetLoaderServi - Loading from file system: file:/D:/bombermango/target/classes/assets/textures/sprites/bomb_1.png
17:02:33.911 [FXGL Background Thread 1 ] DEBUG FXGLAssetLoaderServi - Loading from file system: file:/D:/bombermango/target/classes/assets/textures/sprites/bomb_2.png
17:02:33.913 [FXGL Background Thread 1 ] WARN  GameWorld            - Entity is already attached to world
17:02:33.925 [FXGL Background Thread 1 ] INFO  FXGLApplication      - Game initialization took: 0.179 sec
17:02:33.995 [JavaFX Application Thread] DEBUG Input                - Clearing active input actions
17:02:34.016 [JavaFX Application Thread] DEBUG GameApplicationServi - Removing overlay from FXGLLoadingScene and adding to GameScene
17:02:34.016 [JavaFX Application Thread] DEBUG PrimaryStageWindow   - FXGLLoadingScene -> GameScene
17:02:34.157 [FXGL Background Thread 4 ] DEBUG FXGLAssetLoaderServi - Loading from file system: jar:file:/C:/Users/Admin/.m2/repository/com/github/almasb/fxgl/17.1/fxgl-17.1.jar!/fxglassets/ui/fonts/Abel-Regular.ttf
17:02:34.176 [FXGL Background Thread 4 ] DEBUG FXGLAssetLoaderServi - Loading from file system: jar:file:/C:/Users/Admin/.m2/repository/com/github/almasb/fxgl/17.1/fxgl-17.1.jar!/fxglassets/ui/fonts/TerminalLandMono-Regular.otf
17:02:34.181 [FXGL Background Thread 4 ] DEBUG FXGLAssetLoaderServi - Loading from file system: jar:file:/C:/Users/Admin/.m2/repository/com/github/almasb/fxgl/17.1/fxgl-17.1.jar!/fxglassets/ui/fonts/Courier-Prime.ttf
17:02:34.190 [JavaFX Application Thread] DEBUG FXGLApplication      - Registering font factories with UI factory
17:02:34.720 [FXGL Background Thread 2 ] INFO  UpdaterService       - Your current version:  17.1
17:02:34.721 [FXGL Background Thread 2 ] INFO  UpdaterService       - Latest stable version: 17.2
17:02:36.623 [FXGL Background Thread 3 ] DEBUG Engine               - Logging environment variables
17:02:36.624 [FXGL Background Thread 3 ] DEBUG Engine               - achievements: []
17:02:36.625 [FXGL Background Thread 3 ] DEBUG Engine               - actualHeight: 624.0
17:02:36.625 [FXGL Background Thread 3 ] DEBUG Engine               - actualHeightProperty: ReadOnlyDoubleProperty [value: 624.0]
17:02:36.625 [FXGL Background Thread 3 ] DEBUG Engine               - actualWidth: 912.0
17:02:36.626 [FXGL Background Thread 3 ] DEBUG Engine               - actualWidthProperty: ReadOnlyDoubleProperty [value: 912.0]
17:02:36.626 [FXGL Background Thread 3 ] DEBUG Engine               - appIcon: fxgl_icon.png
17:02:36.626 [FXGL Background Thread 3 ] DEBUG Engine               - applicationMode: DEVELOPER
17:02:36.626 [FXGL Background Thread 3 ] DEBUG Engine               - cSSList: [fxgl_dark.css]
17:02:36.626 [FXGL Background Thread 3 ] DEBUG Engine               - collisionDetectionStrategy: BRUTE_FORCE
17:02:36.627 [FXGL Background Thread 3 ] DEBUG Engine               - configClass: Optional.empty
17:02:36.627 [FXGL Background Thread 3 ] DEBUG Engine               - credits: []
17:02:36.628 [FXGL Background Thread 3 ] DEBUG Engine               - defaultCursor: CursorInfo(imageName=fxgl_default_cursor.png, hotspotX=7.0, hotspotY=6.0)
17:02:36.629 [FXGL Background Thread 3 ] DEBUG Engine               - devBBoxColorProperty: ObjectProperty [value: 0xff0000ff]
17:02:36.629 [FXGL Background Thread 3 ] DEBUG Engine               - devEnableDebugCameraProperty: BooleanProperty [value: false]
17:02:36.630 [FXGL Background Thread 3 ] DEBUG Engine               - devSensorColorProperty: ObjectProperty [value: 0xffff00ff]
17:02:36.630 [FXGL Background Thread 3 ] DEBUG Engine               - devShowBBoxProperty: BooleanProperty [value: false]
17:02:36.630 [FXGL Background Thread 3 ] DEBUG Engine               - devShowPositionProperty: BooleanProperty [value: false]
17:02:36.630 [FXGL Background Thread 3 ] DEBUG Engine               - enabledMenuItems: []
17:02:36.630 [FXGL Background Thread 3 ] DEBUG Engine               - engineServices: [class com.almasb.fxgl.app.services.FXGLAssetLoaderService, class com.almasb.fxgl.app.FXGLApplication$GameApplicationService, class com.almasb.fxgl.app.services.FXGLDialogService, class com.almasb.fxgl.app.services.IOTaskExecutorService, class com.almasb.fxgl.io.FileSystemService, class com.almasb.fxgl.localization.LocalizationService, class com.almasb.fxgl.app.services.SystemBundleService, class com.almasb.fxgl.profile.SaveLoadService, class com.almasb.fxgl.ui.FXGLUIFactoryServiceProvider, class com.almasb.fxgl.ui.FXGLDialogFactoryServiceProvider, class com.almasb.fxgl.audio.AudioPlayer, class com.almasb.fxgl.notification.impl.NotificationServiceProvider, class com.almasb.fxgl.achievement.AchievementService, class com.almasb.fxgl.cutscene.CutsceneService, class com.almasb.fxgl.minigames.MiniGameService, class com.almasb.fxgl.net.NetService, class com.almasb.fxgl.app.services.UpdaterService, class com.almasb.fxgl.dev.DevService]
17:02:36.631 [FXGL Background Thread 3 ] DEBUG Engine               - fontGame: Abel-Regular.ttf
17:02:36.631 [FXGL Background Thread 3 ] DEBUG Engine               - fontMono: TerminalLandMono-Regular.otf
17:02:36.631 [FXGL Background Thread 3 ] DEBUG Engine               - fontText: Courier-Prime.ttf
17:02:36.631 [FXGL Background Thread 3 ] DEBUG Engine               - fontUI: VarelaRound-Regular.ttf
17:02:36.631 [FXGL Background Thread 3 ] DEBUG Engine               - fullScreen: BooleanProperty [value: false]
17:02:36.632 [FXGL Background Thread 3 ] DEBUG Engine               - gameDifficulty: MEDIUM
17:02:36.632 [FXGL Background Thread 3 ] DEBUG Engine               - gameDifficultyProperty: ObjectProperty [value: MEDIUM]
17:02:36.632 [FXGL Background Thread 3 ] DEBUG Engine               - globalMusicVolume: 0.5
17:02:36.632 [FXGL Background Thread 3 ] DEBUG Engine               - globalMusicVolumeProperty: DoubleProperty [value: 0.5]
17:02:36.633 [FXGL Background Thread 3 ] DEBUG Engine               - globalSoundVolume: 0.5
17:02:36.633 [FXGL Background Thread 3 ] DEBUG Engine               - globalSoundVolumeProperty: DoubleProperty [value: 0.5]
17:02:36.633 [FXGL Background Thread 3 ] DEBUG Engine               - height: 624
17:02:36.633 [FXGL Background Thread 3 ] DEBUG Engine               - is3D: false
17:02:36.634 [FXGL Background Thread 3 ] DEBUG Engine               - isAndroid: false
17:02:36.634 [FXGL Background Thread 3 ] DEBUG Engine               - isBrowser: false
17:02:36.634 [FXGL Background Thread 3 ] DEBUG Engine               - isClickFeedbackEnabled: false
17:02:36.634 [FXGL Background Thread 3 ] DEBUG Engine               - isCloseConfirmation: false
17:02:36.635 [FXGL Background Thread 3 ] DEBUG Engine               - isDesktop: true
17:02:36.635 [FXGL Background Thread 3 ] DEBUG Engine               - isDeveloperMenuEnabled: false
17:02:36.635 [FXGL Background Thread 3 ] DEBUG Engine               - isEmbedded: false
17:02:36.635 [FXGL Background Thread 3 ] DEBUG Engine               - isEntityPreloadEnabled: true
17:02:36.635 [FXGL Background Thread 3 ] DEBUG Engine               - isExperimentalTiledLargeMap: false
17:02:36.636 [FXGL Background Thread 3 ] DEBUG Engine               - isFileSystemWriteAllowed: true
17:02:36.636 [FXGL Background Thread 3 ] DEBUG Engine               - isFullScreenAllowed: false
17:02:36.636 [FXGL Background Thread 3 ] DEBUG Engine               - isFullScreenFromStart: false
17:02:36.636 [FXGL Background Thread 3 ] DEBUG Engine               - isGameMenuEnabled: true
17:02:36.636 [FXGL Background Thread 3 ] DEBUG Engine               - isIOS: false
17:02:36.637 [FXGL Background Thread 3 ] DEBUG Engine               - isIntroEnabled: false
17:02:36.637 [FXGL Background Thread 3 ] DEBUG Engine               - isLinux: false
17:02:36.637 [FXGL Background Thread 3 ] DEBUG Engine               - isMac: false
17:02:36.637 [FXGL Background Thread 3 ] DEBUG Engine               - isMainMenuEnabled: false
17:02:36.637 [FXGL Background Thread 3 ] DEBUG Engine               - isManualResizeEnabled: false
17:02:36.638 [FXGL Background Thread 3 ] DEBUG Engine               - isMobile: false
17:02:36.638 [FXGL Background Thread 3 ] DEBUG Engine               - isNative: false
17:02:36.638 [FXGL Background Thread 3 ] DEBUG Engine               - isPauseMusicWhenMinimized: true
17:02:36.638 [FXGL Background Thread 3 ] DEBUG Engine               - isPreserveResizeRatio: false
17:02:36.638 [FXGL Background Thread 3 ] DEBUG Engine               - isProfilingEnabled: false
17:02:36.638 [FXGL Background Thread 3 ] DEBUG Engine               - isScaleAffectedOnResize: true
17:02:36.638 [FXGL Background Thread 3 ] DEBUG Engine               - isSingleStep: false
17:02:36.638 [FXGL Background Thread 3 ] DEBUG Engine               - isUserProfileEnabled: false
17:02:36.639 [FXGL Background Thread 3 ] DEBUG Engine               - isWindows: true
17:02:36.639 [FXGL Background Thread 3 ] DEBUG Engine               - language: ObjectProperty [value: ENGLISH]
17:02:36.639 [FXGL Background Thread 3 ] DEBUG Engine               - menuKey: ESCAPE
17:02:36.639 [FXGL Background Thread 3 ] DEBUG Engine               - mouseSensitivity: 0.2
17:02:36.639 [FXGL Background Thread 3 ] DEBUG Engine               - notificationViewClass: class com.almasb.fxgl.notification.view.XboxNotificationView
17:02:36.640 [FXGL Background Thread 3 ] DEBUG Engine               - pixelsPerMeter: 50.0
17:02:36.640 [FXGL Background Thread 3 ] DEBUG Engine               - platform: WINDOWS
17:02:36.640 [FXGL Background Thread 3 ] DEBUG Engine               - prefHeightProperty: ReadOnlyDoubleProperty [value: 624.0]
17:02:36.640 [FXGL Background Thread 3 ] DEBUG Engine               - prefWidthProperty: ReadOnlyDoubleProperty [value: 912.0]
17:02:36.640 [FXGL Background Thread 3 ] DEBUG Engine               - profileDir: profiles/
17:02:36.641 [FXGL Background Thread 3 ] DEBUG Engine               - profileName: StringProperty [value: DEFAULT]
17:02:36.641 [FXGL Background Thread 3 ] DEBUG Engine               - randomSeed: -1
17:02:36.642 [FXGL Background Thread 3 ] DEBUG Engine               - runtimeInfo: RuntimeInfo(platform=WINDOWS, version=17.1, build=24.03.2022 17.34)
17:02:36.642 [FXGL Background Thread 3 ] DEBUG Engine               - saveFileExt: sav
17:02:36.642 [FXGL Background Thread 3 ] DEBUG Engine               - scaledHeightProp$fxgl: DoubleProperty [bound, value: 624.0]
17:02:36.643 [FXGL Background Thread 3 ] DEBUG Engine               - scaledWidthProp$fxgl: DoubleProperty [bound, value: 912.0]
17:02:36.643 [FXGL Background Thread 3 ] DEBUG Engine               - sceneFactory: com.almasb.fxgl.app.scene.SceneFactory@122a9a45
17:02:36.643 [FXGL Background Thread 3 ] DEBUG Engine               - secondsIn24h: 60
17:02:36.643 [FXGL Background Thread 3 ] DEBUG Engine               - soundMenuBack: menu/back.wav
17:02:36.643 [FXGL Background Thread 3 ] DEBUG Engine               - soundMenuPress: menu/press.wav
17:02:36.643 [FXGL Background Thread 3 ] DEBUG Engine               - soundMenuSelect: menu/select.wav
17:02:36.644 [FXGL Background Thread 3 ] DEBUG Engine               - soundNotification: core/notification.wav
17:02:36.644 [FXGL Background Thread 3 ] DEBUG Engine               - stageStyle: DECORATED
17:02:36.644 [FXGL Background Thread 3 ] DEBUG Engine               - supportedLanguages: [ENGLISH, FRENCH, GERMAN, HUNGARIAN, RUSSIAN]
17:02:36.644 [FXGL Background Thread 3 ] DEBUG Engine               - ticksPerSecond: -1
17:02:36.644 [FXGL Background Thread 3 ] DEBUG Engine               - title: Bomberman!
17:02:36.644 [FXGL Background Thread 3 ] DEBUG Engine               - urlGithub: https://github.com/AlmasB/FXGL
17:02:36.644 [FXGL Background Thread 3 ] DEBUG Engine               - urlLeaderboard: http://fxgl-top.herokuapp.com/
17:02:36.645 [FXGL Background Thread 3 ] DEBUG Engine               - urlPOM: https://raw.githubusercontent.com/AlmasB/FXGL/release/README.md
17:02:36.645 [FXGL Background Thread 3 ] DEBUG Engine               - userAppClass: class mangobomb.bombermango.HelloApplication
17:02:36.645 [FXGL Background Thread 3 ] DEBUG Engine               - version: 0.0
17:02:36.645 [FXGL Background Thread 3 ] DEBUG Engine               - versionCheckDays: 7
17:02:36.645 [FXGL Background Thread 3 ] DEBUG Engine               - width: 912
17:02:36.645 [FXGL Background Thread 3 ] DEBUG Engine               - Logging services
17:02:36.645 [FXGL Background Thread 3 ] DEBUG Engine               - class com.almasb.fxgl.app.services.FXGLAssetLoaderService
17:02:36.645 [FXGL Background Thread 3 ] DEBUG Engine               - class com.almasb.fxgl.app.FXGLApplication$GameApplicationService
17:02:36.645 [FXGL Background Thread 3 ] DEBUG Engine               - class com.almasb.fxgl.app.services.FXGLDialogService
17:02:36.646 [FXGL Background Thread 3 ] DEBUG Engine               - class com.almasb.fxgl.app.services.IOTaskExecutorService
17:02:36.646 [FXGL Background Thread 3 ] DEBUG Engine               - class com.almasb.fxgl.io.FileSystemService
17:02:36.646 [FXGL Background Thread 3 ] DEBUG Engine               - class com.almasb.fxgl.localization.LocalizationService
17:02:36.646 [FXGL Background Thread 3 ] DEBUG Engine               - class com.almasb.fxgl.app.services.SystemBundleService
17:02:36.646 [FXGL Background Thread 3 ] DEBUG Engine               - class com.almasb.fxgl.profile.SaveLoadService
17:02:36.646 [FXGL Background Thread 3 ] DEBUG Engine               - class com.almasb.fxgl.ui.FXGLUIFactoryServiceProvider
17:02:36.646 [FXGL Background Thread 3 ] DEBUG Engine               - class com.almasb.fxgl.ui.FXGLDialogFactoryServiceProvider
17:02:36.646 [FXGL Background Thread 3 ] DEBUG Engine               - class com.almasb.fxgl.audio.AudioPlayer
17:02:36.646 [FXGL Background Thread 3 ] DEBUG Engine               - class com.almasb.fxgl.notification.impl.NotificationServiceProvider
17:02:36.646 [FXGL Background Thread 3 ] DEBUG Engine               - class com.almasb.fxgl.achievement.AchievementService
17:02:36.646 [FXGL Background Thread 3 ] DEBUG Engine               - class com.almasb.fxgl.cutscene.CutsceneService
17:02:36.646 [FXGL Background Thread 3 ] DEBUG Engine               - class com.almasb.fxgl.minigames.MiniGameService
17:02:36.647 [FXGL Background Thread 3 ] DEBUG Engine               - class com.almasb.fxgl.net.NetService
17:02:36.647 [FXGL Background Thread 3 ] DEBUG Engine               - class com.almasb.fxgl.app.services.UpdaterService
17:02:36.647 [FXGL Background Thread 3 ] DEBUG Engine               - class com.almasb.fxgl.dev.DevService
17:02:54.536 [JavaFX Application Thread] DEBUG FXGLApplication      - Exiting FXGL
17:02:54.536 [JavaFX Application Thread] DEBUG LoopRunner           - Stopping loop
17:02:54.536 [JavaFX Application Thread] DEBUG SystemBundleService  - Saving FXGL system data
17:02:54.538 [JavaFX Application Thread] DEBUG FileSystemAccess     - Writing to: D:\bombermango\system\fxgl.bundle
17:02:54.540 [JavaFX Application Thread] DEBUG Async                - Shutting down background threads
17:02:54.541 [JavaFX Application Thread] DEBUG PrimaryStageWindow   - Closing main window
17:02:54.560 [JavaFX Application Thread] DEBUG Logger               - Closing Logger
