16:54:02.141 [main                     ] DEBUG Logger               - Configured Logger
16:54:02.188 [main                     ] DEBUG GameApplication      - Logging settings
Title: Bomberman
Version: 0.0
Width: 800
Height: 672
Fullscreen: false
Intro: false
Profiling: false
Single step:false
App Mode: DEVELOPER
Menu Key: ESCAPE
Stage Style: DECORATED
Scene Factory: class com.almasb.fxgl.app.scene.SceneFactory

16:54:02.719 [JavaFX Application Thread] DEBUG FXGLApplication      - Initializing FXGL
16:54:02.728 [JavaFX Application Thread] INFO  Engine               - FXGL-17.1 (24.03.2022 17.34) on WINDOWS (J:18.0.2.1 FX:18.0.1)
16:54:02.729 [JavaFX Application Thread] DEBUG Engine               - JRE Vendor Name: Oracle Corporation
16:54:02.729 [JavaFX Application Thread] DEBUG Engine               - Running on OS: Windows 10 version 10.0
16:54:02.729 [JavaFX Application Thread] DEBUG Engine               - Architecture: amd64
16:54:02.729 [JavaFX Application Thread] INFO  Engine               - Source code and latest versions at: https://github.com/AlmasB/FXGL
16:54:02.730 [JavaFX Application Thread] INFO  Engine               -       Ask questions and discuss at: https://github.com/AlmasB/FXGL/discussions
16:54:02.731 [JavaFX Application Thread] INFO  Engine               -              Join the FXGL chat at: https://gitter.im/AlmasB/FXGL
16:54:02.917 [JavaFX Application Thread] DEBUG PrimaryStageWindow   - Creating a JavaFX scene
16:54:02.997 [JavaFX Application Thread] DEBUG PrimaryStageWindow   - Target settings size: 800.0 x 672.0
16:54:02.997 [JavaFX Application Thread] DEBUG PrimaryStageWindow   - Scaled scene size:    800.0 x 672.0
16:54:02.997 [JavaFX Application Thread] DEBUG PrimaryStageWindow   - Scaled ratio: (1.0, 1.0)
16:54:02.999 [JavaFX Application Thread] DEBUG PrimaryStageWindow   - Set initial scene to FXGLStartupScene
16:54:03.013 [JavaFX Application Thread] DEBUG PrimaryStageWindow   - Opening main window
16:54:03.145 [JavaFX Application Thread] DEBUG PrimaryStageWindow   - Window border size: (14.66668701171875, 37.33331298828125)
16:54:03.145 [JavaFX Application Thread] DEBUG PrimaryStageWindow   - Scaled size: 800.0 x 672.0
16:54:03.146 [JavaFX Application Thread] DEBUG PrimaryStageWindow   - Scaled ratio: (1.0, 1.0)
16:54:03.147 [JavaFX Application Thread] DEBUG PrimaryStageWindow   - Scene size: 800.0 x 672.0
16:54:03.147 [JavaFX Application Thread] DEBUG PrimaryStageWindow   - Stage size: 814.6666870117188 x 709.3333129882812
16:54:03.161 [FXGL Background Thread 1 ] DEBUG Engine               - Initializing environment variables
16:54:03.265 [FXGL Background Thread 1 ] DEBUG FXGLAssetLoaderServi - User app class for loading assets: class mangobomb.bombermango.HelloApplication
16:54:03.266 [FXGL Background Thread 1 ] DEBUG GameApplicationServi - Applying CSS: fxgl_dark.css
16:54:03.267 [FXGL Background Thread 1 ] DEBUG FXGLAssetLoaderServi - Loading from file system: jar:file:/C:/Users/Admin/.m2/repository/com/github/almasb/fxgl/17.1/fxgl-17.1.jar!/fxglassets/ui/css/fxgl_dark.css
16:54:03.367 [FXGL Background Thread 1 ] DEBUG GameApplicationServi - Initializing application scenes
16:54:03.486 [FXGL Background Thread 1 ] DEBUG GameWorld            - Game world initialized
16:54:03.577 [FXGL Background Thread 1 ] DEBUG PhysicsWorld         - Physics world initialized: appHeight=672, physics.ppm=50.0
16:54:03.577 [FXGL Background Thread 1 ] DEBUG PhysicsWorld         - Using strategy: BRUTE_FORCE
16:54:03.583 [FXGL Background Thread 1 ] DEBUG GameScene            - Game scene initialized: 800x672
16:54:03.605 [FXGL Background Thread 1 ] DEBUG FXGL.DefaultMenu     - createMenuBodyMainMenu()
16:54:03.628 [FXGL Background Thread 1 ] DEBUG FXGL.DefaultMenu     - createOptionsMenu()
16:54:03.645 [FXGL Background Thread 1 ] DEBUG FXGLAssetLoaderServi - Loading from file system: jar:file:/C:/Users/Admin/.m2/repository/com/github/almasb/fxgl/17.1/fxgl-17.1.jar!/fxglassets/textures/particles/smoke.png
16:54:03.801 [FXGL Background Thread 1 ] DEBUG FXGLAssetLoaderServi - Loading from file system: jar:file:/C:/Users/Admin/.m2/repository/com/github/almasb/fxgl/17.1/fxgl-17.1.jar!/fxglassets/textures/particles/trace_horizontal.png
16:54:03.871 [FXGL Background Thread 1 ] DEBUG FXGL.DefaultMenu     - createMenuBodyGameMenu()
16:54:03.874 [FXGL Background Thread 1 ] DEBUG FXGL.DefaultMenu     - createOptionsMenu()
16:54:03.899 [FXGL Background Thread 1 ] DEBUG GameApplicationServi - Application scenes initialized
16:54:03.919 [FXGL Background Thread 1 ] DEBUG SystemBundleService  - Loading FXGL system data
16:54:03.927 [FXGL Background Thread 1 ] DEBUG FileSystemAccess     - Reading from: D:\bombermango\system\fxgl.bundle
16:54:03.942 [FXGL Background Thread 1 ] DEBUG SystemBundleService  - Bundle FXGL: {}
16:54:03.943 [FXGL Background Thread 1 ] DEBUG UpdaterService       - Checking for updates
16:54:03.951 [FXGL Background Thread 1 ] DEBUG FXGLApplication      - Loading default localization
16:54:03.952 [FXGL Background Thread 1 ] DEBUG FXGLAssetLoaderServi - Loading from file system: jar:file:/C:/Users/Admin/.m2/repository/com/github/almasb/fxgl/17.1/fxgl-17.1.jar!/fxglassets/languages/english.lang
16:54:03.995 [FXGL Background Thread 4 ] DEBUG FXGLApplication      - Loading fonts
16:54:03.997 [FXGL Background Thread 4 ] DEBUG FXGLAssetLoaderServi - Loading from file system: jar:file:/C:/Users/Admin/.m2/repository/com/github/almasb/fxgl/17.1/fxgl-17.1.jar!/fxglassets/ui/fonts/VarelaRound-Regular.ttf
16:54:04.010 [FXGL Background Thread 1 ] INFO  FXGLApplication      - FXGL initialization took: 0.849 sec
16:54:04.032 [JavaFX Application Thread] DEBUG Input                - Registered new binding: moveUp - W
16:54:04.032 [JavaFX Application Thread] DEBUG Input                - Registered new binding: moveRight - D
16:54:04.032 [JavaFX Application Thread] DEBUG Input                - Registered new binding: moveLeft - A
16:54:04.032 [JavaFX Application Thread] DEBUG Input                - Registered new binding: moveDown - S
16:54:04.032 [JavaFX Application Thread] DEBUG Input                - Registered new binding: implantBomb - F
16:54:04.033 [JavaFX Application Thread] DEBUG Input                - Registered new binding: PlayMusic - M
16:54:04.033 [JavaFX Application Thread] DEBUG Input                - Registered new binding: Pause - P
16:54:04.033 [JavaFX Application Thread] DEBUG FXGLAssetLoaderServi - Loading from file system: jar:file:/C:/Users/Admin/.m2/repository/com/github/almasb/fxgl/17.1/fxgl-17.1.jar!/fxglassets/textures/fxgl_icon.png
16:54:04.059 [JavaFX Application Thread] DEBUG FXGLAssetLoaderServi - Loading from file system: jar:file:/C:/Users/Admin/.m2/repository/com/github/almasb/fxgl/17.1/fxgl-17.1.jar!/fxglassets/textures/fxgl_default_cursor.png
16:54:04.063 [JavaFX Application Thread] DEBUG Input                - Registered new binding: Screenshot - CTRL+8
16:54:04.064 [JavaFX Application Thread] DEBUG Input                - Registered new binding: System info dump - CTRL+9
16:54:04.065 [JavaFX Application Thread] DEBUG Input                - Registered new binding: Restart - CTRL+R
16:54:04.066 [JavaFX Application Thread] DEBUG Input                - Registered new binding: Toggle Debug Camera - CTRL+7
16:54:04.069 [JavaFX Application Thread] DEBUG LoopRunner           - Starting loop
16:54:04.070 [JavaFX Application Thread] DEBUG LoopRunner           - Initializing JavaFX AnimationTimerLoop
16:54:04.073 [JavaFX Application Thread] DEBUG Input                - Clearing active input actions
16:54:04.119 [JavaFX Application Thread] DEBUG GameApplicationServi - Removing overlay from FXGLStartupScene and adding to FXGLMainMenuDummyScene
16:54:04.119 [JavaFX Application Thread] DEBUG PrimaryStageWindow   - FXGLStartupScene -> FXGLMainMenuDummyScene
16:54:04.120 [JavaFX Application Thread] DEBUG PrimaryStageWindow   - Push state: FXGLDefaultMenu
16:54:04.131 [JavaFX Application Thread] DEBUG Input                - Clearing active input actions
16:54:04.147 [JavaFX Application Thread] DEBUG GameApplicationServi - Removing overlay from FXGLMainMenuDummyScene and adding to FXGLDefaultMenu
16:54:04.148 [JavaFX Application Thread] DEBUG PrimaryStageWindow   - FXGLMainMenuDummyScene -> FXGLDefaultMenu
16:54:04.208 [FXGL Background Thread 4 ] DEBUG FXGLAssetLoaderServi - Loading from file system: jar:file:/C:/Users/Admin/.m2/repository/com/github/almasb/fxgl/17.1/fxgl-17.1.jar!/fxglassets/ui/fonts/Abel-Regular.ttf
16:54:04.216 [FXGL Background Thread 4 ] DEBUG FXGLAssetLoaderServi - Loading from file system: jar:file:/C:/Users/Admin/.m2/repository/com/github/almasb/fxgl/17.1/fxgl-17.1.jar!/fxglassets/ui/fonts/TerminalLandMono-Regular.otf
16:54:04.222 [FXGL Background Thread 4 ] DEBUG FXGLAssetLoaderServi - Loading from file system: jar:file:/C:/Users/Admin/.m2/repository/com/github/almasb/fxgl/17.1/fxgl-17.1.jar!/fxglassets/ui/fonts/Courier-Prime.ttf
16:54:04.306 [JavaFX Application Thread] DEBUG FXGLApplication      - Registering font factories with UI factory
16:54:04.934 [FXGL Background Thread 2 ] INFO  UpdaterService       - Your current version:  17.1
16:54:04.935 [FXGL Background Thread 2 ] INFO  UpdaterService       - Latest stable version: 17.2
16:54:05.097 [JavaFX Application Thread] DEBUG Menu                 - fireNewGame()
16:54:05.098 [JavaFX Application Thread] DEBUG GameApplicationServi - Starting new game
16:54:05.101 [JavaFX Application Thread] DEBUG PrimaryStageWindow   - Pop state: FXGLDefaultMenu
16:54:05.101 [JavaFX Application Thread] DEBUG Input                - Clearing active input actions
16:54:05.102 [JavaFX Application Thread] DEBUG GameApplicationServi - Removing overlay from FXGLDefaultMenu and adding to FXGLMainMenuDummyScene
16:54:05.103 [JavaFX Application Thread] DEBUG PrimaryStageWindow   - FXGLMainMenuDummyScene <- FXGLDefaultMenu
16:54:05.103 [JavaFX Application Thread] DEBUG Input                - Clearing active input actions
16:54:05.121 [JavaFX Application Thread] DEBUG GameApplicationServi - Removing overlay from FXGLMainMenuDummyScene and adding to FXGLLoadingScene
16:54:05.121 [JavaFX Application Thread] DEBUG PrimaryStageWindow   - FXGLMainMenuDummyScene -> FXGLLoadingScene
16:54:05.121 [JavaFX Application Thread] DEBUG GameApplicationServi - Clearing previous game
16:54:05.121 [JavaFX Application Thread] DEBUG GameScene            - Clearing game scene
16:54:05.121 [JavaFX Application Thread] DEBUG GameWorld            - Clearing game world
16:54:05.122 [JavaFX Application Thread] DEBUG PhysicsWorld         - Clearing physics world
16:54:05.125 [FXGL Background Thread 2 ] DEBUG FXGLApplication      - Initializing game
16:54:05.158 [FXGL Background Thread 2 ] DEBUG FXGLAssetLoaderServi - Loading from file system: file:/D:/bombermango/target/classes/assets/textures/sprites/wall.png
16:54:05.213 [FXGL Background Thread 2 ] DEBUG FXGLAssetLoaderServi - Loading from file system: file:/D:/bombermango/target/classes/assets/textures/sprites/brick.png
16:54:05.219 [FXGL Background Thread 2 ] DEBUG FXGLAssetLoaderServi - Loading from file system: file:/D:/bombermango/target/classes/assets/textures/sprites/balloom_right1.png
16:54:05.221 [FXGL Background Thread 2 ] DEBUG FXGLAssetLoaderServi - Loading from file system: file:/D:/bombermango/target/classes/assets/textures/sprites/balloom_right2.png
16:54:05.223 [FXGL Background Thread 2 ] DEBUG FXGLAssetLoaderServi - Loading from file system: file:/D:/bombermango/target/classes/assets/textures/sprites/balloom_right3.png
16:54:05.242 [FXGL Background Thread 2 ] DEBUG FXGLAssetLoaderServi - Loading from file system: file:/D:/bombermango/target/classes/assets/textures/sprites/oneal_right1.png
16:54:05.243 [FXGL Background Thread 2 ] DEBUG FXGLAssetLoaderServi - Loading from file system: file:/D:/bombermango/target/classes/assets/textures/sprites/oneal_right2.png
16:54:05.246 [FXGL Background Thread 2 ] DEBUG FXGLAssetLoaderServi - Loading from file system: file:/D:/bombermango/target/classes/assets/textures/sprites/oneal_right3.png
16:54:05.418 [FXGL Background Thread 2 ] DEBUG FXGLAssetLoaderServi - Loading from file system: file:/D:/bombermango/target/classes/assets/textures/sprites/doll_right1.png
16:54:05.423 [FXGL Background Thread 2 ] DEBUG FXGLAssetLoaderServi - Loading from file system: file:/D:/bombermango/target/classes/assets/textures/sprites/doll_right2.png
16:54:05.424 [FXGL Background Thread 2 ] DEBUG FXGLAssetLoaderServi - Loading from file system: file:/D:/bombermango/target/classes/assets/textures/sprites/doll_right3.png
16:54:05.452 [FXGL Background Thread 2 ] DEBUG GameWorld            - Clearing removable entities
16:54:05.453 [FXGL Background Thread 2 ] DEBUG GameWorld            - Setting level: com.almasb.fxgl.entity.level.Level@2c2a2ddc
16:54:05.571 [FXGL Background Thread 2 ] WARN  FXGLAssetLoaderServi - Asset "/assets/music/gameaudio.wav" was not found!
16:54:05.572 [FXGL Background Thread 2 ] WARN  FXGLAssetLoaderServi - Failed to load MUSIC
16:54:05.575 [FXGL Background Thread 2 ] DEBUG FXGLAssetLoaderServi - Loading from file system: file:/D:/bombermango/target/classes/assets/textures/sprites/player_right.png
16:54:05.576 [FXGL Background Thread 2 ] DEBUG FXGLAssetLoaderServi - Loading from file system: file:/D:/bombermango/target/classes/assets/textures/sprites/player_right_1.png
16:54:05.578 [FXGL Background Thread 2 ] WARN  FXGLAssetLoaderServi - Asset "/assets/textures/sprites/player_right_2.png" was not found!
16:54:05.579 [FXGL Background Thread 2 ] WARN  FXGLAssetLoaderServi - Failed to load RESIZABLE_IMAGE
16:54:05.628 [FXGL Background Thread 2 ] DEBUG FXGLAssetLoaderServi - Loading from file system: file:/D:/bombermango/target/classes/assets/textures/sprites/player_down.png
16:54:05.631 [FXGL Background Thread 2 ] DEBUG FXGLAssetLoaderServi - Loading from file system: file:/D:/bombermango/target/classes/assets/textures/sprites/player_down_1.png
16:54:05.633 [FXGL Background Thread 2 ] DEBUG FXGLAssetLoaderServi - Loading from file system: file:/D:/bombermango/target/classes/assets/textures/sprites/player_down_2.png
16:54:05.635 [FXGL Background Thread 2 ] DEBUG FXGLAssetLoaderServi - Loading from file system: file:/D:/bombermango/target/classes/assets/textures/sprites/player_left.png
16:54:05.637 [FXGL Background Thread 2 ] DEBUG FXGLAssetLoaderServi - Loading from file system: file:/D:/bombermango/target/classes/assets/textures/sprites/player_left_1.png
16:54:05.638 [FXGL Background Thread 2 ] DEBUG FXGLAssetLoaderServi - Loading from file system: file:/D:/bombermango/target/classes/assets/textures/sprites/player_left_2.png
16:54:05.641 [FXGL Background Thread 2 ] DEBUG FXGLAssetLoaderServi - Loading from file system: file:/D:/bombermango/target/classes/assets/textures/sprites/portal.png
16:54:05.645 [FXGL Background Thread 2 ] DEBUG FXGLAssetLoaderServi - Loading from file system: file:/D:/bombermango/target/classes/assets/textures/sprites/powerup_bombs.png
16:54:05.651 [FXGL Background Thread 2 ] DEBUG FXGLAssetLoaderServi - Loading from file system: file:/D:/bombermango/target/classes/assets/textures/sprites/powerup_flames.png
16:54:05.660 [FXGL Background Thread 2 ] INFO  FXGLApplication      - Game initialization took: 0.534 sec
16:54:05.662 [JavaFX Application Thread] DEBUG Input                - Clearing active input actions
16:54:05.688 [JavaFX Application Thread] DEBUG GameApplicationServi - Removing overlay from FXGLLoadingScene and adding to GameScene
16:54:05.688 [JavaFX Application Thread] DEBUG PrimaryStageWindow   - FXGLLoadingScene -> GameScene
16:54:06.950 [FXGL Background Thread 3 ] DEBUG Engine               - Logging environment variables
16:54:06.950 [FXGL Background Thread 3 ] DEBUG Engine               - achievements: []
16:54:06.950 [FXGL Background Thread 3 ] DEBUG Engine               - actualHeight: 672.0
16:54:06.950 [FXGL Background Thread 3 ] DEBUG Engine               - actualHeightProperty: ReadOnlyDoubleProperty [value: 672.0]
16:54:06.951 [FXGL Background Thread 3 ] DEBUG Engine               - actualWidth: 800.0
16:54:06.951 [FXGL Background Thread 3 ] DEBUG Engine               - actualWidthProperty: ReadOnlyDoubleProperty [value: 800.0]
16:54:06.951 [FXGL Background Thread 3 ] DEBUG Engine               - appIcon: fxgl_icon.png
16:54:06.951 [FXGL Background Thread 3 ] DEBUG Engine               - applicationMode: DEVELOPER
16:54:06.951 [FXGL Background Thread 3 ] DEBUG Engine               - cSSList: [fxgl_dark.css]
16:54:06.951 [FXGL Background Thread 3 ] DEBUG Engine               - collisionDetectionStrategy: BRUTE_FORCE
16:54:06.952 [FXGL Background Thread 3 ] DEBUG Engine               - configClass: Optional.empty
16:54:06.952 [FXGL Background Thread 3 ] DEBUG Engine               - credits: []
16:54:06.953 [FXGL Background Thread 3 ] DEBUG Engine               - defaultCursor: CursorInfo(imageName=fxgl_default_cursor.png, hotspotX=7.0, hotspotY=6.0)
16:54:06.953 [FXGL Background Thread 3 ] DEBUG Engine               - devBBoxColorProperty: ObjectProperty [value: 0xff0000ff]
16:54:06.953 [FXGL Background Thread 3 ] DEBUG Engine               - devEnableDebugCameraProperty: BooleanProperty [value: false]
16:54:06.953 [FXGL Background Thread 3 ] DEBUG Engine               - devSensorColorProperty: ObjectProperty [value: 0xffff00ff]
16:54:06.953 [FXGL Background Thread 3 ] DEBUG Engine               - devShowBBoxProperty: BooleanProperty [value: false]
16:54:06.953 [FXGL Background Thread 3 ] DEBUG Engine               - devShowPositionProperty: BooleanProperty [value: false]
16:54:06.953 [FXGL Background Thread 3 ] DEBUG Engine               - enabledMenuItems: []
16:54:06.954 [FXGL Background Thread 3 ] DEBUG Engine               - engineServices: [class com.almasb.fxgl.app.services.FXGLAssetLoaderService, class com.almasb.fxgl.app.FXGLApplication$GameApplicationService, class com.almasb.fxgl.app.services.FXGLDialogService, class com.almasb.fxgl.app.services.IOTaskExecutorService, class com.almasb.fxgl.io.FileSystemService, class com.almasb.fxgl.localization.LocalizationService, class com.almasb.fxgl.app.services.SystemBundleService, class com.almasb.fxgl.profile.SaveLoadService, class com.almasb.fxgl.ui.FXGLUIFactoryServiceProvider, class com.almasb.fxgl.ui.FXGLDialogFactoryServiceProvider, class com.almasb.fxgl.audio.AudioPlayer, class com.almasb.fxgl.notification.impl.NotificationServiceProvider, class com.almasb.fxgl.achievement.AchievementService, class com.almasb.fxgl.cutscene.CutsceneService, class com.almasb.fxgl.minigames.MiniGameService, class com.almasb.fxgl.net.NetService, class com.almasb.fxgl.app.services.UpdaterService, class com.almasb.fxgl.dev.DevService]
16:54:06.954 [FXGL Background Thread 3 ] DEBUG Engine               - fontGame: Abel-Regular.ttf
16:54:06.954 [FXGL Background Thread 3 ] DEBUG Engine               - fontMono: TerminalLandMono-Regular.otf
16:54:06.954 [FXGL Background Thread 3 ] DEBUG Engine               - fontText: Courier-Prime.ttf
16:54:06.954 [FXGL Background Thread 3 ] DEBUG Engine               - fontUI: VarelaRound-Regular.ttf
16:54:06.954 [FXGL Background Thread 3 ] DEBUG Engine               - fullScreen: BooleanProperty [value: false]
16:54:06.954 [FXGL Background Thread 3 ] DEBUG Engine               - gameDifficulty: MEDIUM
16:54:06.954 [FXGL Background Thread 3 ] DEBUG Engine               - gameDifficultyProperty: ObjectProperty [value: MEDIUM]
16:54:06.954 [FXGL Background Thread 3 ] DEBUG Engine               - globalMusicVolume: 0.5
16:54:06.955 [FXGL Background Thread 3 ] DEBUG Engine               - globalMusicVolumeProperty: DoubleProperty [value: 0.5]
16:54:06.955 [FXGL Background Thread 3 ] DEBUG Engine               - globalSoundVolume: 0.5
16:54:06.955 [FXGL Background Thread 3 ] DEBUG Engine               - globalSoundVolumeProperty: DoubleProperty [value: 0.5]
16:54:06.955 [FXGL Background Thread 3 ] DEBUG Engine               - height: 672
16:54:06.955 [FXGL Background Thread 3 ] DEBUG Engine               - is3D: false
16:54:06.955 [FXGL Background Thread 3 ] DEBUG Engine               - isAndroid: false
16:54:06.955 [FXGL Background Thread 3 ] DEBUG Engine               - isBrowser: false
16:54:06.955 [FXGL Background Thread 3 ] DEBUG Engine               - isClickFeedbackEnabled: false
16:54:06.955 [FXGL Background Thread 3 ] DEBUG Engine               - isCloseConfirmation: false
16:54:06.956 [FXGL Background Thread 3 ] DEBUG Engine               - isDesktop: true
16:54:06.956 [FXGL Background Thread 3 ] DEBUG Engine               - isDeveloperMenuEnabled: false
16:54:06.956 [FXGL Background Thread 3 ] DEBUG Engine               - isEmbedded: false
16:54:06.956 [FXGL Background Thread 3 ] DEBUG Engine               - isEntityPreloadEnabled: true
16:54:06.956 [FXGL Background Thread 3 ] DEBUG Engine               - isExperimentalTiledLargeMap: false
16:54:06.956 [FXGL Background Thread 3 ] DEBUG Engine               - isFileSystemWriteAllowed: true
16:54:06.956 [FXGL Background Thread 3 ] DEBUG Engine               - isFullScreenAllowed: false
16:54:06.956 [FXGL Background Thread 3 ] DEBUG Engine               - isFullScreenFromStart: false
16:54:06.956 [FXGL Background Thread 3 ] DEBUG Engine               - isGameMenuEnabled: true
16:54:06.956 [FXGL Background Thread 3 ] DEBUG Engine               - isIOS: false
16:54:06.956 [FXGL Background Thread 3 ] DEBUG Engine               - isIntroEnabled: false
16:54:06.956 [FXGL Background Thread 3 ] DEBUG Engine               - isLinux: false
16:54:06.957 [FXGL Background Thread 3 ] DEBUG Engine               - isMac: false
16:54:06.957 [FXGL Background Thread 3 ] DEBUG Engine               - isMainMenuEnabled: true
16:54:06.957 [FXGL Background Thread 3 ] DEBUG Engine               - isManualResizeEnabled: false
16:54:06.957 [FXGL Background Thread 3 ] DEBUG Engine               - isMobile: false
16:54:06.957 [FXGL Background Thread 3 ] DEBUG Engine               - isNative: false
16:54:06.959 [FXGL Background Thread 3 ] DEBUG Engine               - isPauseMusicWhenMinimized: true
16:54:06.960 [FXGL Background Thread 3 ] DEBUG Engine               - isPreserveResizeRatio: false
16:54:06.960 [FXGL Background Thread 3 ] DEBUG Engine               - isProfilingEnabled: false
16:54:06.960 [FXGL Background Thread 3 ] DEBUG Engine               - isScaleAffectedOnResize: true
16:54:06.960 [FXGL Background Thread 3 ] DEBUG Engine               - isSingleStep: false
16:54:06.960 [FXGL Background Thread 3 ] DEBUG Engine               - isUserProfileEnabled: false
16:54:06.961 [FXGL Background Thread 3 ] DEBUG Engine               - isWindows: true
16:54:06.961 [FXGL Background Thread 3 ] DEBUG Engine               - language: ObjectProperty [value: ENGLISH]
16:54:06.961 [FXGL Background Thread 3 ] DEBUG Engine               - menuKey: ESCAPE
16:54:06.961 [FXGL Background Thread 3 ] DEBUG Engine               - mouseSensitivity: 0.2
16:54:06.961 [FXGL Background Thread 3 ] DEBUG Engine               - notificationViewClass: class com.almasb.fxgl.notification.view.XboxNotificationView
16:54:06.961 [FXGL Background Thread 3 ] DEBUG Engine               - pixelsPerMeter: 50.0
16:54:06.961 [FXGL Background Thread 3 ] DEBUG Engine               - platform: WINDOWS
16:54:06.961 [FXGL Background Thread 3 ] DEBUG Engine               - prefHeightProperty: ReadOnlyDoubleProperty [value: 672.0]
16:54:06.961 [FXGL Background Thread 3 ] DEBUG Engine               - prefWidthProperty: ReadOnlyDoubleProperty [value: 800.0]
16:54:06.962 [FXGL Background Thread 3 ] DEBUG Engine               - profileDir: profiles/
16:54:06.962 [FXGL Background Thread 3 ] DEBUG Engine               - profileName: StringProperty [value: DEFAULT]
16:54:06.962 [FXGL Background Thread 3 ] DEBUG Engine               - randomSeed: -1
16:54:06.963 [FXGL Background Thread 3 ] DEBUG Engine               - runtimeInfo: RuntimeInfo(platform=WINDOWS, version=17.1, build=24.03.2022 17.34)
16:54:06.963 [FXGL Background Thread 3 ] DEBUG Engine               - saveFileExt: sav
16:54:06.963 [FXGL Background Thread 3 ] DEBUG Engine               - scaledHeightProp$fxgl: DoubleProperty [bound, value: 672.0]
16:54:06.964 [FXGL Background Thread 3 ] DEBUG Engine               - scaledWidthProp$fxgl: DoubleProperty [bound, value: 800.0]
16:54:06.964 [FXGL Background Thread 3 ] DEBUG Engine               - sceneFactory: com.almasb.fxgl.app.scene.SceneFactory@3fb750a7
16:54:06.964 [FXGL Background Thread 3 ] DEBUG Engine               - secondsIn24h: 60
16:54:06.964 [FXGL Background Thread 3 ] DEBUG Engine               - soundMenuBack: menu/back.wav
16:54:06.964 [FXGL Background Thread 3 ] DEBUG Engine               - soundMenuPress: menu/press.wav
16:54:06.964 [FXGL Background Thread 3 ] DEBUG Engine               - soundMenuSelect: menu/select.wav
16:54:06.965 [FXGL Background Thread 3 ] DEBUG Engine               - soundNotification: core/notification.wav
16:54:06.965 [FXGL Background Thread 3 ] DEBUG Engine               - stageStyle: DECORATED
16:54:06.965 [FXGL Background Thread 3 ] DEBUG Engine               - supportedLanguages: [ENGLISH, FRENCH, GERMAN, HUNGARIAN, RUSSIAN]
16:54:06.965 [FXGL Background Thread 3 ] DEBUG Engine               - ticksPerSecond: -1
16:54:06.965 [FXGL Background Thread 3 ] DEBUG Engine               - title: Bomberman
16:54:06.965 [FXGL Background Thread 3 ] DEBUG Engine               - urlGithub: https://github.com/AlmasB/FXGL
16:54:06.965 [FXGL Background Thread 3 ] DEBUG Engine               - urlLeaderboard: http://fxgl-top.herokuapp.com/
16:54:06.965 [FXGL Background Thread 3 ] DEBUG Engine               - urlPOM: https://raw.githubusercontent.com/AlmasB/FXGL/release/README.md
16:54:06.965 [FXGL Background Thread 3 ] DEBUG Engine               - userAppClass: class mangobomb.bombermango.HelloApplication
16:54:06.965 [FXGL Background Thread 3 ] DEBUG Engine               - version: 0.0
16:54:06.965 [FXGL Background Thread 3 ] DEBUG Engine               - versionCheckDays: 7
16:54:06.965 [FXGL Background Thread 3 ] DEBUG Engine               - width: 800
16:54:06.966 [FXGL Background Thread 3 ] DEBUG Engine               - Logging services
16:54:06.966 [FXGL Background Thread 3 ] DEBUG Engine               - class com.almasb.fxgl.app.services.FXGLAssetLoaderService
16:54:06.966 [FXGL Background Thread 3 ] DEBUG Engine               - class com.almasb.fxgl.app.FXGLApplication$GameApplicationService
16:54:06.966 [FXGL Background Thread 3 ] DEBUG Engine               - class com.almasb.fxgl.app.services.FXGLDialogService
16:54:06.966 [FXGL Background Thread 3 ] DEBUG Engine               - class com.almasb.fxgl.app.services.IOTaskExecutorService
16:54:06.966 [FXGL Background Thread 3 ] DEBUG Engine               - class com.almasb.fxgl.io.FileSystemService
16:54:06.966 [FXGL Background Thread 3 ] DEBUG Engine               - class com.almasb.fxgl.localization.LocalizationService
16:54:06.966 [FXGL Background Thread 3 ] DEBUG Engine               - class com.almasb.fxgl.app.services.SystemBundleService
16:54:06.966 [FXGL Background Thread 3 ] DEBUG Engine               - class com.almasb.fxgl.profile.SaveLoadService
16:54:06.966 [FXGL Background Thread 3 ] DEBUG Engine               - class com.almasb.fxgl.ui.FXGLUIFactoryServiceProvider
16:54:06.967 [FXGL Background Thread 3 ] DEBUG Engine               - class com.almasb.fxgl.ui.FXGLDialogFactoryServiceProvider
16:54:06.967 [FXGL Background Thread 3 ] DEBUG Engine               - class com.almasb.fxgl.audio.AudioPlayer
16:54:06.967 [FXGL Background Thread 3 ] DEBUG Engine               - class com.almasb.fxgl.notification.impl.NotificationServiceProvider
16:54:06.967 [FXGL Background Thread 3 ] DEBUG Engine               - class com.almasb.fxgl.achievement.AchievementService
16:54:06.967 [FXGL Background Thread 3 ] DEBUG Engine               - class com.almasb.fxgl.cutscene.CutsceneService
16:54:06.967 [FXGL Background Thread 3 ] DEBUG Engine               - class com.almasb.fxgl.minigames.MiniGameService
16:54:06.967 [FXGL Background Thread 3 ] DEBUG Engine               - class com.almasb.fxgl.net.NetService
16:54:06.967 [FXGL Background Thread 3 ] DEBUG Engine               - class com.almasb.fxgl.app.services.UpdaterService
16:54:06.967 [FXGL Background Thread 3 ] DEBUG Engine               - class com.almasb.fxgl.dev.DevService
16:54:09.368 [JavaFX Application Thread] DEBUG FXGLAssetLoaderServi - Loading from file system: file:/D:/bombermango/target/classes/assets/textures/sprites/bomb.png
16:54:09.369 [JavaFX Application Thread] DEBUG FXGLAssetLoaderServi - Loading from file system: file:/D:/bombermango/target/classes/assets/textures/sprites/bomb_1.png
16:54:09.370 [JavaFX Application Thread] DEBUG FXGLAssetLoaderServi - Loading from file system: file:/D:/bombermango/target/classes/assets/textures/sprites/bomb_2.png
16:54:11.372 [JavaFX Application Thread] DEBUG FXGLAssetLoaderServi - Loading from file system: file:/D:/bombermango/target/classes/assets/textures/sprites/bomb_exploded.png
16:54:11.374 [JavaFX Application Thread] DEBUG FXGLAssetLoaderServi - Loading from file system: file:/D:/bombermango/target/classes/assets/textures/sprites/bomb_exploded1.png
16:54:11.377 [JavaFX Application Thread] DEBUG FXGLAssetLoaderServi - Loading from file system: file:/D:/bombermango/target/classes/assets/textures/sprites/bomb_exploded2.png
16:54:34.476 [JavaFX Application Thread] DEBUG FXGLAssetLoaderServi - Loading from file system: file:/D:/bombermango/target/classes/assets/textures/sprites/balloom_dead.png
16:54:45.967 [JavaFX Application Thread] DEBUG FXGLAssetLoaderServi - Loading from file system: file:/D:/bombermango/target/classes/assets/textures/sprites/doll_dead.png
16:54:55.726 [JavaFX Application Thread] DEBUG FXGLAssetLoaderServi - Loading from file system: file:/D:/bombermango/target/classes/assets/textures/sprites/oneal_dead.png
16:55:36.970 [JavaFX Application Thread] DEBUG GameWorld            - Clearing removable entities
16:55:36.990 [JavaFX Application Thread] DEBUG GameWorld            - Setting level: com.almasb.fxgl.entity.level.Level@1e31cef2
16:55:37.007 [JavaFX Application Thread] WARN  FXGLAssetLoaderServi - Asset "/assets/music/gameaudio.wav" was not found!
16:55:37.007 [JavaFX Application Thread] WARN  FXGLAssetLoaderServi - Failed to load MUSIC
16:55:37.008 [JavaFX Application Thread] WARN  FXGLAssetLoaderServi - Asset "/assets/textures/sprites/player_right_2.png" was not found!
16:55:37.008 [JavaFX Application Thread] WARN  FXGLAssetLoaderServi - Failed to load RESIZABLE_IMAGE
16:55:54.839 [JavaFX Application Thread] DEBUG PrimaryStageWindow   - Push state: DialogSubScene
16:55:54.840 [JavaFX Application Thread] DEBUG Input                - Clearing active input actions
16:55:54.842 [JavaFX Application Thread] DEBUG GameApplicationServi - Removing overlay from GameScene and adding to DialogSubScene
16:55:54.842 [JavaFX Application Thread] DEBUG PrimaryStageWindow   - GameScene -> DialogSubScene
16:55:58.947 [JavaFX Application Thread] DEBUG PrimaryStageWindow   - Pop state: DialogSubScene
16:55:58.947 [JavaFX Application Thread] DEBUG Input                - Clearing active input actions
16:55:58.948 [JavaFX Application Thread] DEBUG GameApplicationServi - Removing overlay from DialogSubScene and adding to GameScene
16:55:58.948 [JavaFX Application Thread] DEBUG PrimaryStageWindow   - GameScene <- DialogSubScene
16:55:58.948 [JavaFX Application Thread] DEBUG Input                - Clearing active input actions
16:55:58.954 [JavaFX Application Thread] DEBUG GameApplicationServi - Removing overlay from GameScene and adding to FXGLMainMenuDummyScene
16:55:58.955 [JavaFX Application Thread] DEBUG PrimaryStageWindow   - GameScene -> FXGLMainMenuDummyScene
16:55:58.955 [JavaFX Application Thread] DEBUG PrimaryStageWindow   - Push state: FXGLDefaultMenu
16:55:58.955 [JavaFX Application Thread] DEBUG Input                - Clearing active input actions
16:55:58.959 [JavaFX Application Thread] DEBUG GameApplicationServi - Removing overlay from FXGLMainMenuDummyScene and adding to FXGLDefaultMenu
16:55:58.959 [JavaFX Application Thread] DEBUG PrimaryStageWindow   - FXGLMainMenuDummyScene -> FXGLDefaultMenu
16:55:59.946 [JavaFX Application Thread] DEBUG Menu                 - fireNewGame()
16:55:59.946 [JavaFX Application Thread] DEBUG GameApplicationServi - Starting new game
16:55:59.946 [JavaFX Application Thread] DEBUG PrimaryStageWindow   - Pop state: FXGLDefaultMenu
16:55:59.946 [JavaFX Application Thread] DEBUG Input                - Clearing active input actions
16:55:59.947 [JavaFX Application Thread] DEBUG GameApplicationServi - Removing overlay from FXGLDefaultMenu and adding to FXGLMainMenuDummyScene
16:55:59.947 [JavaFX Application Thread] DEBUG PrimaryStageWindow   - FXGLMainMenuDummyScene <- FXGLDefaultMenu
16:55:59.947 [JavaFX Application Thread] DEBUG Input                - Clearing active input actions
16:55:59.954 [JavaFX Application Thread] DEBUG GameApplicationServi - Removing overlay from FXGLMainMenuDummyScene and adding to FXGLLoadingScene
16:55:59.954 [JavaFX Application Thread] DEBUG PrimaryStageWindow   - FXGLMainMenuDummyScene -> FXGLLoadingScene
16:55:59.954 [JavaFX Application Thread] DEBUG GameApplicationServi - Clearing previous game
16:55:59.955 [JavaFX Application Thread] DEBUG GameScene            - Clearing game scene
16:55:59.955 [JavaFX Application Thread] DEBUG GameWorld            - Clearing game world
16:55:59.972 [JavaFX Application Thread] DEBUG PhysicsWorld         - Clearing physics world
16:55:59.976 [FXGL Background Thread 5 ] DEBUG FXGLApplication      - Initializing game
16:56:00.079 [FXGL Background Thread 5 ] DEBUG GameWorld            - Clearing removable entities
16:56:00.079 [FXGL Background Thread 5 ] DEBUG GameWorld            - Setting level: com.almasb.fxgl.entity.level.Level@67cc5e63
16:56:00.098 [FXGL Background Thread 5 ] WARN  FXGLAssetLoaderServi - Asset "/assets/music/gameaudio.wav" was not found!
16:56:00.098 [FXGL Background Thread 5 ] WARN  FXGLAssetLoaderServi - Failed to load MUSIC
16:56:00.100 [FXGL Background Thread 5 ] WARN  FXGLAssetLoaderServi - Asset "/assets/textures/sprites/player_right_2.png" was not found!
16:56:00.100 [FXGL Background Thread 5 ] WARN  FXGLAssetLoaderServi - Failed to load RESIZABLE_IMAGE
16:56:00.105 [FXGL Background Thread 5 ] INFO  FXGLApplication      - Game initialization took: 0.130 sec
16:56:00.107 [JavaFX Application Thread] DEBUG Input                - Clearing active input actions
16:56:00.117 [JavaFX Application Thread] DEBUG GameApplicationServi - Removing overlay from FXGLLoadingScene and adding to GameScene
16:56:00.119 [JavaFX Application Thread] DEBUG PrimaryStageWindow   - FXGLLoadingScene -> GameScene
16:56:05.471 [JavaFX Application Thread] DEBUG FXGLApplication      - Exiting FXGL
16:56:05.471 [JavaFX Application Thread] DEBUG LoopRunner           - Stopping loop
16:56:05.471 [JavaFX Application Thread] DEBUG SystemBundleService  - Saving FXGL system data
16:56:05.473 [JavaFX Application Thread] DEBUG FileSystemAccess     - Writing to: D:\bombermango\system\fxgl.bundle
16:56:05.475 [JavaFX Application Thread] DEBUG Async                - Shutting down background threads
16:56:05.475 [JavaFX Application Thread] DEBUG PrimaryStageWindow   - Closing main window
16:56:05.502 [JavaFX Application Thread] DEBUG Logger               - Closing Logger
