20:37:54.129 [main                     ] DEBUG Logger               - Configured Logger
20:37:54.178 [main                     ] DEBUG GameApplication      - Logging settings
Title: Bomberman
Version: 0.0
Width: 800
Height: 600
Fullscreen: false
Intro: false
Profiling: false
Single step:false
App Mode: DEVELOPER
Menu Key: ESCAPE
Stage Style: DECORATED
Scene Factory: class com.almasb.fxgl.app.scene.SceneFactory

20:37:54.813 [JavaFX Application Thread] DEBUG FXGLApplication      - Initializing FXGL
20:37:54.821 [JavaFX Application Thread] INFO  Engine               - FXGL-17.1 (24.03.2022 17.34) on WINDOWS (J:18.0.2.1 FX:18.0.1)
20:37:54.821 [JavaFX Application Thread] DEBUG Engine               - JRE Vendor Name: Oracle Corporation
20:37:54.824 [JavaFX Application Thread] DEBUG Engine               - Running on OS: Windows 10 version 10.0
20:37:54.825 [JavaFX Application Thread] DEBUG Engine               - Architecture: amd64
20:37:54.826 [JavaFX Application Thread] INFO  Engine               - Source code and latest versions at: https://github.com/AlmasB/FXGL
20:37:54.826 [JavaFX Application Thread] INFO  Engine               -       Ask questions and discuss at: https://github.com/AlmasB/FXGL/discussions
20:37:54.827 [JavaFX Application Thread] INFO  Engine               -              Join the FXGL chat at: https://gitter.im/AlmasB/FXGL
20:37:54.972 [JavaFX Application Thread] DEBUG PrimaryStageWindow   - Creating a JavaFX scene
20:37:55.036 [JavaFX Application Thread] DEBUG PrimaryStageWindow   - Target settings size: 800.0 x 600.0
20:37:55.036 [JavaFX Application Thread] DEBUG PrimaryStageWindow   - Scaled scene size:    800.0 x 600.0
20:37:55.037 [JavaFX Application Thread] DEBUG PrimaryStageWindow   - Scaled ratio: (1.0, 1.0)
20:37:55.038 [JavaFX Application Thread] DEBUG PrimaryStageWindow   - Set initial scene to FXGLStartupScene
20:37:55.051 [JavaFX Application Thread] DEBUG PrimaryStageWindow   - Opening main window
20:37:55.161 [JavaFX Application Thread] DEBUG PrimaryStageWindow   - Window border size: (14.66668701171875, 37.33331298828125)
20:37:55.162 [JavaFX Application Thread] DEBUG PrimaryStageWindow   - Scaled size: 800.0 x 600.0
20:37:55.162 [JavaFX Application Thread] DEBUG PrimaryStageWindow   - Scaled ratio: (1.0, 1.0)
20:37:55.163 [JavaFX Application Thread] DEBUG PrimaryStageWindow   - Scene size: 800.0 x 600.0
20:37:55.163 [JavaFX Application Thread] DEBUG PrimaryStageWindow   - Stage size: 814.6666870117188 x 637.3333129882812
20:37:55.174 [FXGL Background Thread 1 ] DEBUG Engine               - Initializing environment variables
20:37:55.254 [FXGL Background Thread 1 ] DEBUG FXGLAssetLoaderServi - User app class for loading assets: class mangobomb.bombermango.HelloApplication
20:37:55.255 [FXGL Background Thread 1 ] DEBUG GameApplicationServi - Applying CSS: fxgl_dark.css
20:37:55.256 [FXGL Background Thread 1 ] DEBUG FXGLAssetLoaderServi - Loading from file system: jar:file:/C:/Users/Admin/.m2/repository/com/github/almasb/fxgl/17.1/fxgl-17.1.jar!/fxglassets/ui/css/fxgl_dark.css
20:37:55.315 [FXGL Background Thread 1 ] DEBUG GameApplicationServi - Initializing application scenes
20:37:55.406 [FXGL Background Thread 1 ] DEBUG GameWorld            - Game world initialized
20:37:55.489 [FXGL Background Thread 1 ] DEBUG PhysicsWorld         - Physics world initialized: appHeight=600, physics.ppm=50.0
20:37:55.489 [FXGL Background Thread 1 ] DEBUG PhysicsWorld         - Using strategy: BRUTE_FORCE
20:37:55.496 [FXGL Background Thread 1 ] DEBUG GameScene            - Game scene initialized: 800x600
20:37:55.517 [FXGL Background Thread 1 ] DEBUG FXGL.DefaultMenu     - createMenuBodyMainMenu()
20:37:55.540 [FXGL Background Thread 1 ] DEBUG FXGL.DefaultMenu     - createOptionsMenu()
20:37:55.555 [FXGL Background Thread 1 ] DEBUG FXGLAssetLoaderServi - Loading from file system: jar:file:/C:/Users/Admin/.m2/repository/com/github/almasb/fxgl/17.1/fxgl-17.1.jar!/fxglassets/textures/particles/smoke.png
20:37:55.695 [FXGL Background Thread 1 ] DEBUG FXGLAssetLoaderServi - Loading from file system: jar:file:/C:/Users/Admin/.m2/repository/com/github/almasb/fxgl/17.1/fxgl-17.1.jar!/fxglassets/textures/particles/trace_horizontal.png
20:37:55.736 [FXGL Background Thread 1 ] DEBUG FXGL.DefaultMenu     - createMenuBodyGameMenu()
20:37:55.737 [FXGL Background Thread 1 ] DEBUG FXGL.DefaultMenu     - createOptionsMenu()
20:37:55.762 [FXGL Background Thread 1 ] DEBUG GameApplicationServi - Application scenes initialized
20:37:55.790 [FXGL Background Thread 1 ] DEBUG SystemBundleService  - Loading FXGL system data
20:37:55.798 [FXGL Background Thread 1 ] DEBUG FileSystemAccess     - Reading from: D:\bombermango\system\fxgl.bundle
20:37:55.810 [FXGL Background Thread 1 ] DEBUG SystemBundleService  - Bundle FXGL: {}
20:37:55.811 [FXGL Background Thread 1 ] DEBUG UpdaterService       - Checking for updates
20:37:55.816 [FXGL Background Thread 1 ] DEBUG FXGLApplication      - Loading default localization
20:37:55.817 [FXGL Background Thread 1 ] DEBUG FXGLAssetLoaderServi - Loading from file system: jar:file:/C:/Users/Admin/.m2/repository/com/github/almasb/fxgl/17.1/fxgl-17.1.jar!/fxglassets/languages/english.lang
20:37:55.870 [FXGL Background Thread 4 ] DEBUG FXGLApplication      - Loading fonts
20:37:55.871 [FXGL Background Thread 4 ] DEBUG FXGLAssetLoaderServi - Loading from file system: jar:file:/C:/Users/Admin/.m2/repository/com/github/almasb/fxgl/17.1/fxgl-17.1.jar!/fxglassets/ui/fonts/VarelaRound-Regular.ttf
20:37:55.877 [FXGL Background Thread 1 ] INFO  FXGLApplication      - FXGL initialization took: 0.704 sec
20:37:55.899 [JavaFX Application Thread] DEBUG Input                - Registered new binding: moveUp - W
20:37:55.899 [JavaFX Application Thread] DEBUG Input                - Registered new binding: moveRight - D
20:37:55.899 [JavaFX Application Thread] DEBUG Input                - Registered new binding: moveLeft - A
20:37:55.899 [JavaFX Application Thread] DEBUG Input                - Registered new binding: moveDown - S
20:37:55.899 [JavaFX Application Thread] DEBUG Input                - Registered new binding: implantBomb - F
20:37:55.900 [JavaFX Application Thread] DEBUG FXGLAssetLoaderServi - Loading from file system: jar:file:/C:/Users/Admin/.m2/repository/com/github/almasb/fxgl/17.1/fxgl-17.1.jar!/fxglassets/textures/fxgl_icon.png
20:37:55.920 [JavaFX Application Thread] DEBUG FXGLAssetLoaderServi - Loading from file system: jar:file:/C:/Users/Admin/.m2/repository/com/github/almasb/fxgl/17.1/fxgl-17.1.jar!/fxglassets/textures/fxgl_default_cursor.png
20:37:55.925 [JavaFX Application Thread] DEBUG Input                - Registered new binding: Screenshot - CTRL+8
20:37:55.926 [JavaFX Application Thread] DEBUG Input                - Registered new binding: System info dump - CTRL+9
20:37:55.926 [JavaFX Application Thread] DEBUG Input                - Registered new binding: Restart - CTRL+R
20:37:55.927 [JavaFX Application Thread] DEBUG Input                - Registered new binding: Toggle Debug Camera - CTRL+7
20:37:55.930 [JavaFX Application Thread] DEBUG LoopRunner           - Starting loop
20:37:55.930 [JavaFX Application Thread] DEBUG LoopRunner           - Initializing JavaFX AnimationTimerLoop
20:37:55.933 [JavaFX Application Thread] DEBUG Input                - Clearing active input actions
20:37:55.941 [JavaFX Application Thread] DEBUG GameApplicationServi - Removing overlay from FXGLStartupScene and adding to FXGLMainMenuDummyScene
20:37:55.942 [JavaFX Application Thread] DEBUG PrimaryStageWindow   - FXGLStartupScene -> FXGLMainMenuDummyScene
20:37:55.942 [JavaFX Application Thread] DEBUG PrimaryStageWindow   - Push state: FXGLDefaultMenu
20:37:55.970 [JavaFX Application Thread] DEBUG Input                - Clearing active input actions
20:37:55.983 [JavaFX Application Thread] DEBUG GameApplicationServi - Removing overlay from FXGLMainMenuDummyScene and adding to FXGLDefaultMenu
20:37:55.983 [JavaFX Application Thread] DEBUG PrimaryStageWindow   - FXGLMainMenuDummyScene -> FXGLDefaultMenu
20:37:56.143 [FXGL Background Thread 4 ] DEBUG FXGLAssetLoaderServi - Loading from file system: jar:file:/C:/Users/Admin/.m2/repository/com/github/almasb/fxgl/17.1/fxgl-17.1.jar!/fxglassets/ui/fonts/Abel-Regular.ttf
20:37:56.148 [FXGL Background Thread 4 ] DEBUG FXGLAssetLoaderServi - Loading from file system: jar:file:/C:/Users/Admin/.m2/repository/com/github/almasb/fxgl/17.1/fxgl-17.1.jar!/fxglassets/ui/fonts/TerminalLandMono-Regular.otf
20:37:56.153 [FXGL Background Thread 4 ] DEBUG FXGLAssetLoaderServi - Loading from file system: jar:file:/C:/Users/Admin/.m2/repository/com/github/almasb/fxgl/17.1/fxgl-17.1.jar!/fxglassets/ui/fonts/Courier-Prime.ttf
20:37:56.283 [JavaFX Application Thread] DEBUG FXGLApplication      - Registering font factories with UI factory
20:37:56.963 [JavaFX Application Thread] DEBUG Menu                 - fireNewGame()
20:37:56.963 [JavaFX Application Thread] DEBUG GameApplicationServi - Starting new game
20:37:56.966 [JavaFX Application Thread] DEBUG PrimaryStageWindow   - Pop state: FXGLDefaultMenu
20:37:56.966 [JavaFX Application Thread] DEBUG Input                - Clearing active input actions
20:37:56.967 [JavaFX Application Thread] DEBUG GameApplicationServi - Removing overlay from FXGLDefaultMenu and adding to FXGLMainMenuDummyScene
20:37:56.967 [JavaFX Application Thread] DEBUG PrimaryStageWindow   - FXGLMainMenuDummyScene <- FXGLDefaultMenu
20:37:56.968 [JavaFX Application Thread] DEBUG Input                - Clearing active input actions
20:37:56.979 [JavaFX Application Thread] DEBUG GameApplicationServi - Removing overlay from FXGLMainMenuDummyScene and adding to FXGLLoadingScene
20:37:56.979 [JavaFX Application Thread] DEBUG PrimaryStageWindow   - FXGLMainMenuDummyScene -> FXGLLoadingScene
20:37:56.979 [JavaFX Application Thread] DEBUG GameApplicationServi - Clearing previous game
20:37:56.979 [JavaFX Application Thread] DEBUG GameScene            - Clearing game scene
20:37:56.979 [JavaFX Application Thread] DEBUG GameWorld            - Clearing game world
20:37:56.979 [JavaFX Application Thread] DEBUG PhysicsWorld         - Clearing physics world
20:37:56.983 [FXGL Background Thread 4 ] DEBUG FXGLApplication      - Initializing game
20:37:56.994 [FXGL Background Thread 2 ] INFO  UpdaterService       - Your current version:  17.1
20:37:56.994 [FXGL Background Thread 2 ] INFO  UpdaterService       - Latest stable version: 17.2
20:37:57.044 [FXGL Background Thread 4 ] DEBUG FXGLAssetLoaderServi - Loading from file system: file:/D:/bombermango/target/classes/assets/textures/sprites/brick.png
20:37:57.052 [FXGL Background Thread 4 ] DEBUG FXGLAssetLoaderServi - Loading from file system: file:/D:/bombermango/target/classes/assets/textures/sprites/wall.png
20:37:57.134 [FXGL Background Thread 4 ] DEBUG GameWorld            - Clearing removable entities
20:37:57.135 [FXGL Background Thread 4 ] DEBUG GameWorld            - Setting level: com.almasb.fxgl.entity.level.Level@55f620d2
20:37:57.171 [FXGL Background Thread 4 ] DEBUG FXGLAssetLoaderServi - Loading from file system: file:/D:/bombermango/target/classes/assets/textures/sprites/player_down.png
20:37:57.175 [FXGL Background Thread 4 ] DEBUG FXGLAssetLoaderServi - Loading from file system: file:/D:/bombermango/target/classes/assets/textures/sprites/player_down_1.png
20:37:57.178 [FXGL Background Thread 4 ] DEBUG FXGLAssetLoaderServi - Loading from file system: file:/D:/bombermango/target/classes/assets/textures/sprites/player_down_2.png
20:37:57.199 [FXGL Background Thread 4 ] WARN  GameWorld            - Entity is already attached to world
20:37:57.199 [FXGL Background Thread 4 ] INFO  FXGLApplication      - Game initialization took: 0.216 sec
20:37:57.208 [JavaFX Application Thread] DEBUG Input                - Clearing active input actions
20:37:57.219 [JavaFX Application Thread] DEBUG GameApplicationServi - Removing overlay from FXGLLoadingScene and adding to GameScene
20:37:57.220 [JavaFX Application Thread] DEBUG PrimaryStageWindow   - FXGLLoadingScene -> GameScene
20:37:57.540 [JavaFX Application Thread] DEBUG FXGLAssetLoaderServi - Loading from file system: file:/D:/bombermango/target/classes/assets/textures/sprites/bomb.png
20:37:57.541 [JavaFX Application Thread] DEBUG FXGLAssetLoaderServi - Loading from file system: file:/D:/bombermango/target/classes/assets/textures/sprites/bomb_1.png
20:37:57.542 [JavaFX Application Thread] DEBUG FXGLAssetLoaderServi - Loading from file system: file:/D:/bombermango/target/classes/assets/textures/sprites/bomb_2.png
20:37:57.545 [JavaFX Application Thread] WARN  GameWorld            - Entity is already attached to world
20:37:58.816 [FXGL Background Thread 3 ] DEBUG Engine               - Logging environment variables
20:37:58.818 [FXGL Background Thread 3 ] DEBUG Engine               - achievements: []
20:37:58.818 [FXGL Background Thread 3 ] DEBUG Engine               - actualHeight: 600.0
20:37:58.819 [FXGL Background Thread 3 ] DEBUG Engine               - actualHeightProperty: ReadOnlyDoubleProperty [value: 600.0]
20:37:58.819 [FXGL Background Thread 3 ] DEBUG Engine               - actualWidth: 800.0
20:37:58.819 [FXGL Background Thread 3 ] DEBUG Engine               - actualWidthProperty: ReadOnlyDoubleProperty [value: 800.0]
20:37:58.819 [FXGL Background Thread 3 ] DEBUG Engine               - appIcon: fxgl_icon.png
20:37:58.820 [FXGL Background Thread 3 ] DEBUG Engine               - applicationMode: DEVELOPER
20:37:58.820 [FXGL Background Thread 3 ] DEBUG Engine               - cSSList: [fxgl_dark.css]
20:37:58.821 [FXGL Background Thread 3 ] DEBUG Engine               - collisionDetectionStrategy: BRUTE_FORCE
20:37:58.821 [FXGL Background Thread 3 ] DEBUG Engine               - configClass: Optional.empty
20:37:58.821 [FXGL Background Thread 3 ] DEBUG Engine               - credits: []
20:37:58.822 [FXGL Background Thread 3 ] DEBUG Engine               - defaultCursor: CursorInfo(imageName=fxgl_default_cursor.png, hotspotX=7.0, hotspotY=6.0)
20:37:58.823 [FXGL Background Thread 3 ] DEBUG Engine               - devBBoxColorProperty: ObjectProperty [value: 0xff0000ff]
20:37:58.823 [FXGL Background Thread 3 ] DEBUG Engine               - devEnableDebugCameraProperty: BooleanProperty [value: false]
20:37:58.823 [FXGL Background Thread 3 ] DEBUG Engine               - devSensorColorProperty: ObjectProperty [value: 0xffff00ff]
20:37:58.824 [FXGL Background Thread 3 ] DEBUG Engine               - devShowBBoxProperty: BooleanProperty [value: false]
20:37:58.824 [FXGL Background Thread 3 ] DEBUG Engine               - devShowPositionProperty: BooleanProperty [value: false]
20:37:58.824 [FXGL Background Thread 3 ] DEBUG Engine               - enabledMenuItems: []
20:37:58.825 [FXGL Background Thread 3 ] DEBUG Engine               - engineServices: [class com.almasb.fxgl.app.services.FXGLAssetLoaderService, class com.almasb.fxgl.app.FXGLApplication$GameApplicationService, class com.almasb.fxgl.app.services.FXGLDialogService, class com.almasb.fxgl.app.services.IOTaskExecutorService, class com.almasb.fxgl.io.FileSystemService, class com.almasb.fxgl.localization.LocalizationService, class com.almasb.fxgl.app.services.SystemBundleService, class com.almasb.fxgl.profile.SaveLoadService, class com.almasb.fxgl.ui.FXGLUIFactoryServiceProvider, class com.almasb.fxgl.ui.FXGLDialogFactoryServiceProvider, class com.almasb.fxgl.audio.AudioPlayer, class com.almasb.fxgl.notification.impl.NotificationServiceProvider, class com.almasb.fxgl.achievement.AchievementService, class com.almasb.fxgl.cutscene.CutsceneService, class com.almasb.fxgl.minigames.MiniGameService, class com.almasb.fxgl.net.NetService, class com.almasb.fxgl.app.services.UpdaterService, class com.almasb.fxgl.dev.DevService]
20:37:58.825 [FXGL Background Thread 3 ] DEBUG Engine               - fontGame: Abel-Regular.ttf
20:37:58.825 [FXGL Background Thread 3 ] DEBUG Engine               - fontMono: TerminalLandMono-Regular.otf
20:37:58.825 [FXGL Background Thread 3 ] DEBUG Engine               - fontText: Courier-Prime.ttf
20:37:58.825 [FXGL Background Thread 3 ] DEBUG Engine               - fontUI: VarelaRound-Regular.ttf
20:37:58.826 [FXGL Background Thread 3 ] DEBUG Engine               - fullScreen: BooleanProperty [value: false]
20:37:58.826 [FXGL Background Thread 3 ] DEBUG Engine               - gameDifficulty: MEDIUM
20:37:58.826 [FXGL Background Thread 3 ] DEBUG Engine               - gameDifficultyProperty: ObjectProperty [value: MEDIUM]
20:37:58.826 [FXGL Background Thread 3 ] DEBUG Engine               - globalMusicVolume: 0.5
20:37:58.826 [FXGL Background Thread 3 ] DEBUG Engine               - globalMusicVolumeProperty: DoubleProperty [value: 0.5]
20:37:58.827 [FXGL Background Thread 3 ] DEBUG Engine               - globalSoundVolume: 0.5
20:37:58.827 [FXGL Background Thread 3 ] DEBUG Engine               - globalSoundVolumeProperty: DoubleProperty [value: 0.5]
20:37:58.827 [FXGL Background Thread 3 ] DEBUG Engine               - height: 600
20:37:58.827 [FXGL Background Thread 3 ] DEBUG Engine               - is3D: false
20:37:58.827 [FXGL Background Thread 3 ] DEBUG Engine               - isAndroid: false
20:37:58.828 [FXGL Background Thread 3 ] DEBUG Engine               - isBrowser: false
20:37:58.828 [FXGL Background Thread 3 ] DEBUG Engine               - isClickFeedbackEnabled: false
20:37:58.828 [FXGL Background Thread 3 ] DEBUG Engine               - isCloseConfirmation: false
20:37:58.828 [FXGL Background Thread 3 ] DEBUG Engine               - isDesktop: true
20:37:58.828 [FXGL Background Thread 3 ] DEBUG Engine               - isDeveloperMenuEnabled: false
20:37:58.828 [FXGL Background Thread 3 ] DEBUG Engine               - isEmbedded: false
20:37:58.828 [FXGL Background Thread 3 ] DEBUG Engine               - isEntityPreloadEnabled: true
20:37:58.829 [FXGL Background Thread 3 ] DEBUG Engine               - isExperimentalTiledLargeMap: false
20:37:58.829 [FXGL Background Thread 3 ] DEBUG Engine               - isFileSystemWriteAllowed: true
20:37:58.829 [FXGL Background Thread 3 ] DEBUG Engine               - isFullScreenAllowed: false
20:37:58.829 [FXGL Background Thread 3 ] DEBUG Engine               - isFullScreenFromStart: false
20:37:58.829 [FXGL Background Thread 3 ] DEBUG Engine               - isGameMenuEnabled: true
20:37:58.829 [FXGL Background Thread 3 ] DEBUG Engine               - isIOS: false
20:37:58.829 [FXGL Background Thread 3 ] DEBUG Engine               - isIntroEnabled: false
20:37:58.830 [FXGL Background Thread 3 ] DEBUG Engine               - isLinux: false
20:37:58.830 [FXGL Background Thread 3 ] DEBUG Engine               - isMac: false
20:37:58.830 [FXGL Background Thread 3 ] DEBUG Engine               - isMainMenuEnabled: true
20:37:58.830 [FXGL Background Thread 3 ] DEBUG Engine               - isManualResizeEnabled: false
20:37:58.830 [FXGL Background Thread 3 ] DEBUG Engine               - isMobile: false
20:37:58.830 [FXGL Background Thread 3 ] DEBUG Engine               - isNative: false
20:37:58.830 [FXGL Background Thread 3 ] DEBUG Engine               - isPauseMusicWhenMinimized: true
20:37:58.831 [FXGL Background Thread 3 ] DEBUG Engine               - isPreserveResizeRatio: false
20:37:58.831 [FXGL Background Thread 3 ] DEBUG Engine               - isProfilingEnabled: false
20:37:58.831 [FXGL Background Thread 3 ] DEBUG Engine               - isScaleAffectedOnResize: true
20:37:58.831 [FXGL Background Thread 3 ] DEBUG Engine               - isSingleStep: false
20:37:58.831 [FXGL Background Thread 3 ] DEBUG Engine               - isUserProfileEnabled: false
20:37:58.831 [FXGL Background Thread 3 ] DEBUG Engine               - isWindows: true
20:37:58.831 [FXGL Background Thread 3 ] DEBUG Engine               - language: ObjectProperty [value: ENGLISH]
20:37:58.831 [FXGL Background Thread 3 ] DEBUG Engine               - menuKey: ESCAPE
20:37:58.832 [FXGL Background Thread 3 ] DEBUG Engine               - mouseSensitivity: 0.2
20:37:58.832 [FXGL Background Thread 3 ] DEBUG Engine               - notificationViewClass: class com.almasb.fxgl.notification.view.XboxNotificationView
20:37:58.832 [FXGL Background Thread 3 ] DEBUG Engine               - pixelsPerMeter: 50.0
20:37:58.832 [FXGL Background Thread 3 ] DEBUG Engine               - platform: WINDOWS
20:37:58.832 [FXGL Background Thread 3 ] DEBUG Engine               - prefHeightProperty: ReadOnlyDoubleProperty [value: 600.0]
20:37:58.832 [FXGL Background Thread 3 ] DEBUG Engine               - prefWidthProperty: ReadOnlyDoubleProperty [value: 800.0]
20:37:58.832 [FXGL Background Thread 3 ] DEBUG Engine               - profileDir: profiles/
20:37:58.833 [FXGL Background Thread 3 ] DEBUG Engine               - profileName: StringProperty [value: DEFAULT]
20:37:58.833 [FXGL Background Thread 3 ] DEBUG Engine               - randomSeed: -1
20:37:58.833 [FXGL Background Thread 3 ] DEBUG Engine               - runtimeInfo: RuntimeInfo(platform=WINDOWS, version=17.1, build=24.03.2022 17.34)
20:37:58.834 [FXGL Background Thread 3 ] DEBUG Engine               - saveFileExt: sav
20:37:58.834 [FXGL Background Thread 3 ] DEBUG Engine               - scaledHeightProp$fxgl: DoubleProperty [bound, value: 600.0]
20:37:58.834 [FXGL Background Thread 3 ] DEBUG Engine               - scaledWidthProp$fxgl: DoubleProperty [bound, value: 800.0]
20:37:58.834 [FXGL Background Thread 3 ] DEBUG Engine               - sceneFactory: com.almasb.fxgl.app.scene.SceneFactory@19b36bf6
20:37:58.834 [FXGL Background Thread 3 ] DEBUG Engine               - secondsIn24h: 60
20:37:58.834 [FXGL Background Thread 3 ] DEBUG Engine               - soundMenuBack: menu/back.wav
20:37:58.834 [FXGL Background Thread 3 ] DEBUG Engine               - soundMenuPress: menu/press.wav
20:37:58.834 [FXGL Background Thread 3 ] DEBUG Engine               - soundMenuSelect: menu/select.wav
20:37:58.834 [FXGL Background Thread 3 ] DEBUG Engine               - soundNotification: core/notification.wav
20:37:58.835 [FXGL Background Thread 3 ] DEBUG Engine               - stageStyle: DECORATED
20:37:58.835 [FXGL Background Thread 3 ] DEBUG Engine               - supportedLanguages: [ENGLISH, FRENCH, GERMAN, HUNGARIAN, RUSSIAN]
20:37:58.835 [FXGL Background Thread 3 ] DEBUG Engine               - ticksPerSecond: -1
20:37:58.835 [FXGL Background Thread 3 ] DEBUG Engine               - title: Bomberman
20:37:58.835 [FXGL Background Thread 3 ] DEBUG Engine               - urlGithub: https://github.com/AlmasB/FXGL
20:37:58.835 [FXGL Background Thread 3 ] DEBUG Engine               - urlLeaderboard: http://fxgl-top.herokuapp.com/
20:37:58.835 [FXGL Background Thread 3 ] DEBUG Engine               - urlPOM: https://raw.githubusercontent.com/AlmasB/FXGL/release/README.md
20:37:58.835 [FXGL Background Thread 3 ] DEBUG Engine               - userAppClass: class mangobomb.bombermango.HelloApplication
20:37:58.835 [FXGL Background Thread 3 ] DEBUG Engine               - version: 0.0
20:37:58.835 [FXGL Background Thread 3 ] DEBUG Engine               - versionCheckDays: 7
20:37:58.836 [FXGL Background Thread 3 ] DEBUG Engine               - width: 800
20:37:58.836 [FXGL Background Thread 3 ] DEBUG Engine               - Logging services
20:37:58.836 [FXGL Background Thread 3 ] DEBUG Engine               - class com.almasb.fxgl.app.services.FXGLAssetLoaderService
20:37:58.836 [FXGL Background Thread 3 ] DEBUG Engine               - class com.almasb.fxgl.app.FXGLApplication$GameApplicationService
20:37:58.836 [FXGL Background Thread 3 ] DEBUG Engine               - class com.almasb.fxgl.app.services.FXGLDialogService
20:37:58.836 [FXGL Background Thread 3 ] DEBUG Engine               - class com.almasb.fxgl.app.services.IOTaskExecutorService
20:37:58.836 [FXGL Background Thread 3 ] DEBUG Engine               - class com.almasb.fxgl.io.FileSystemService
20:37:58.836 [FXGL Background Thread 3 ] DEBUG Engine               - class com.almasb.fxgl.localization.LocalizationService
20:37:58.837 [FXGL Background Thread 3 ] DEBUG Engine               - class com.almasb.fxgl.app.services.SystemBundleService
20:37:58.837 [FXGL Background Thread 3 ] DEBUG Engine               - class com.almasb.fxgl.profile.SaveLoadService
20:37:58.837 [FXGL Background Thread 3 ] DEBUG Engine               - class com.almasb.fxgl.ui.FXGLUIFactoryServiceProvider
20:37:58.837 [FXGL Background Thread 3 ] DEBUG Engine               - class com.almasb.fxgl.ui.FXGLDialogFactoryServiceProvider
20:37:58.837 [FXGL Background Thread 3 ] DEBUG Engine               - class com.almasb.fxgl.audio.AudioPlayer
20:37:58.837 [FXGL Background Thread 3 ] DEBUG Engine               - class com.almasb.fxgl.notification.impl.NotificationServiceProvider
20:37:58.837 [FXGL Background Thread 3 ] DEBUG Engine               - class com.almasb.fxgl.achievement.AchievementService
20:37:58.837 [FXGL Background Thread 3 ] DEBUG Engine               - class com.almasb.fxgl.cutscene.CutsceneService
20:37:58.837 [FXGL Background Thread 3 ] DEBUG Engine               - class com.almasb.fxgl.minigames.MiniGameService
20:37:58.837 [FXGL Background Thread 3 ] DEBUG Engine               - class com.almasb.fxgl.net.NetService
20:37:58.837 [FXGL Background Thread 3 ] DEBUG Engine               - class com.almasb.fxgl.app.services.UpdaterService
20:37:58.837 [FXGL Background Thread 3 ] DEBUG Engine               - class com.almasb.fxgl.dev.DevService
20:38:02.974 [JavaFX Application Thread] WARN  GameWorld            - Entity is already attached to world
20:38:07.724 [JavaFX Application Thread] WARN  GameWorld            - Entity is already attached to world
20:38:09.930 [JavaFX Application Thread] WARN  GameWorld            - Entity is already attached to world
20:38:13.738 [JavaFX Application Thread] WARN  GameWorld            - Entity is already attached to world
20:38:16.856 [JavaFX Application Thread] DEBUG FXGLApplication      - Exiting FXGL
20:38:16.856 [JavaFX Application Thread] DEBUG LoopRunner           - Stopping loop
20:38:16.856 [JavaFX Application Thread] DEBUG SystemBundleService  - Saving FXGL system data
20:38:16.858 [JavaFX Application Thread] DEBUG FileSystemAccess     - Writing to: D:\bombermango\system\fxgl.bundle
20:38:16.860 [JavaFX Application Thread] DEBUG Async                - Shutting down background threads
20:38:16.860 [JavaFX Application Thread] DEBUG PrimaryStageWindow   - Closing main window
20:38:16.873 [JavaFX Application Thread] DEBUG Logger               - Closing Logger
