17:03:44.575 [main                     ] DEBUG Logger               - Configured Logger
17:03:44.609 [main                     ] DEBUG GameApplication      - Logging settings
Title: Bomberman!
Version: 0.0
Width: 912
Height: 624
Fullscreen: false
Intro: false
Profiling: false
Single step:false
App Mode: DEVELOPER
Menu Key: ESCAPE
Stage Style: DECORATED
Scene Factory: class com.almasb.fxgl.app.scene.SceneFactory

17:03:45.160 [JavaFX Application Thread] DEBUG FXGLApplication      - Initializing FXGL
17:03:45.170 [JavaFX Application Thread] INFO  Engine               - FXGL-17.1 (24.03.2022 17.34) on WINDOWS (J:18.0.2.1 FX:18.0.1)
17:03:45.170 [JavaFX Application Thread] DEBUG Engine               - JRE Vendor Name: Oracle Corporation
17:03:45.173 [JavaFX Application Thread] DEBUG Engine               - Running on OS: Windows 10 version 10.0
17:03:45.174 [JavaFX Application Thread] DEBUG Engine               - Architecture: amd64
17:03:45.174 [JavaFX Application Thread] INFO  Engine               - Source code and latest versions at: https://github.com/AlmasB/FXGL
17:03:45.175 [JavaFX Application Thread] INFO  Engine               -       Ask questions and discuss at: https://github.com/AlmasB/FXGL/discussions
17:03:45.175 [JavaFX Application Thread] INFO  Engine               -              Join the FXGL chat at: https://gitter.im/AlmasB/FXGL
17:03:45.372 [JavaFX Application Thread] DEBUG PrimaryStageWindow   - Creating a JavaFX scene
17:03:45.462 [JavaFX Application Thread] DEBUG PrimaryStageWindow   - Target settings size: 912.0 x 624.0
17:03:45.463 [JavaFX Application Thread] DEBUG PrimaryStageWindow   - Scaled scene size:    912.0 x 624.0
17:03:45.463 [JavaFX Application Thread] DEBUG PrimaryStageWindow   - Scaled ratio: (1.0, 1.0)
17:03:45.464 [JavaFX Application Thread] DEBUG PrimaryStageWindow   - Set initial scene to FXGLStartupScene
17:03:45.480 [JavaFX Application Thread] DEBUG PrimaryStageWindow   - Opening main window
17:03:45.721 [JavaFX Application Thread] DEBUG PrimaryStageWindow   - Window border size: (14.66668701171875, 37.33331298828125)
17:03:45.722 [JavaFX Application Thread] DEBUG PrimaryStageWindow   - Scaled size: 912.0 x 624.0
17:03:45.722 [JavaFX Application Thread] DEBUG PrimaryStageWindow   - Scaled ratio: (1.0, 1.0)
17:03:45.722 [JavaFX Application Thread] DEBUG PrimaryStageWindow   - Scene size: 912.0 x 624.0
17:03:45.722 [JavaFX Application Thread] DEBUG PrimaryStageWindow   - Stage size: 926.6666870117188 x 661.3333129882812
17:03:45.744 [FXGL Background Thread 1 ] DEBUG Engine               - Initializing environment variables
17:03:45.829 [FXGL Background Thread 1 ] DEBUG FXGLAssetLoaderServi - User app class for loading assets: class mangobomb.bombermango.HelloApplication
17:03:45.830 [FXGL Background Thread 1 ] DEBUG GameApplicationServi - Applying CSS: fxgl_dark.css
17:03:45.832 [FXGL Background Thread 1 ] DEBUG FXGLAssetLoaderServi - Loading from file system: jar:file:/C:/Users/Admin/.m2/repository/com/github/almasb/fxgl/17.1/fxgl-17.1.jar!/fxglassets/ui/css/fxgl_dark.css
17:03:45.896 [FXGL Background Thread 1 ] DEBUG GameApplicationServi - Initializing application scenes
17:03:45.989 [FXGL Background Thread 1 ] DEBUG GameWorld            - Game world initialized
17:03:46.081 [FXGL Background Thread 1 ] DEBUG PhysicsWorld         - Physics world initialized: appHeight=624, physics.ppm=50.0
17:03:46.081 [FXGL Background Thread 1 ] DEBUG PhysicsWorld         - Using strategy: BRUTE_FORCE
17:03:46.087 [FXGL Background Thread 1 ] DEBUG GameScene            - Game scene initialized: 912x624
17:03:46.106 [FXGL Background Thread 1 ] DEBUG FXGL.DefaultMenu     - createMenuBodyGameMenu()
17:03:46.133 [FXGL Background Thread 1 ] DEBUG FXGL.DefaultMenu     - createOptionsMenu()
17:03:46.152 [FXGL Background Thread 1 ] DEBUG FXGLAssetLoaderServi - Loading from file system: jar:file:/C:/Users/Admin/.m2/repository/com/github/almasb/fxgl/17.1/fxgl-17.1.jar!/fxglassets/textures/particles/smoke.png
17:03:46.305 [FXGL Background Thread 1 ] DEBUG FXGLAssetLoaderServi - Loading from file system: jar:file:/C:/Users/Admin/.m2/repository/com/github/almasb/fxgl/17.1/fxgl-17.1.jar!/fxglassets/textures/particles/trace_horizontal.png
17:03:46.377 [FXGL Background Thread 1 ] DEBUG GameApplicationServi - Application scenes initialized
17:03:46.396 [FXGL Background Thread 1 ] DEBUG SystemBundleService  - Loading FXGL system data
17:03:46.405 [FXGL Background Thread 1 ] DEBUG FileSystemAccess     - Reading from: D:\bombermango\system\fxgl.bundle
17:03:46.419 [FXGL Background Thread 1 ] DEBUG SystemBundleService  - Bundle FXGL: {}
17:03:46.419 [FXGL Background Thread 1 ] DEBUG UpdaterService       - Checking for updates
17:03:46.427 [FXGL Background Thread 1 ] DEBUG FXGLApplication      - Loading default localization
17:03:46.428 [FXGL Background Thread 1 ] DEBUG FXGLAssetLoaderServi - Loading from file system: jar:file:/C:/Users/Admin/.m2/repository/com/github/almasb/fxgl/17.1/fxgl-17.1.jar!/fxglassets/languages/english.lang
17:03:46.457 [FXGL Background Thread 1 ] INFO  FXGLApplication      - FXGL initialization took: 0.713 sec
17:03:46.470 [JavaFX Application Thread] DEBUG Input                - Registered new binding: Up 1 - W
17:03:46.470 [JavaFX Application Thread] DEBUG Input                - Registered new binding: Left 1 - A
17:03:46.471 [JavaFX Application Thread] DEBUG Input                - Registered new binding: Down 1 - S
17:03:46.471 [JavaFX Application Thread] DEBUG Input                - Registered new binding: Right 1 - D
17:03:46.472 [JavaFX Application Thread] DEBUG FXGLAssetLoaderServi - Loading from file system: jar:file:/C:/Users/Admin/.m2/repository/com/github/almasb/fxgl/17.1/fxgl-17.1.jar!/fxglassets/textures/fxgl_icon.png
17:03:46.544 [FXGL Background Thread 4 ] DEBUG FXGLApplication      - Loading fonts
17:03:46.545 [FXGL Background Thread 4 ] DEBUG FXGLAssetLoaderServi - Loading from file system: jar:file:/C:/Users/Admin/.m2/repository/com/github/almasb/fxgl/17.1/fxgl-17.1.jar!/fxglassets/ui/fonts/VarelaRound-Regular.ttf
17:03:46.550 [JavaFX Application Thread] DEBUG FXGLAssetLoaderServi - Loading from file system: jar:file:/C:/Users/Admin/.m2/repository/com/github/almasb/fxgl/17.1/fxgl-17.1.jar!/fxglassets/textures/fxgl_default_cursor.png
17:03:46.552 [JavaFX Application Thread] DEBUG Input                - Registered new binding: Screenshot - CTRL+8
17:03:46.553 [JavaFX Application Thread] DEBUG Input                - Registered new binding: System info dump - CTRL+9
17:03:46.554 [JavaFX Application Thread] DEBUG Input                - Registered new binding: Restart - CTRL+R
17:03:46.555 [JavaFX Application Thread] DEBUG Input                - Registered new binding: Toggle Debug Camera - CTRL+7
17:03:46.558 [JavaFX Application Thread] DEBUG LoopRunner           - Starting loop
17:03:46.558 [JavaFX Application Thread] DEBUG LoopRunner           - Initializing JavaFX AnimationTimerLoop
17:03:46.561 [JavaFX Application Thread] DEBUG GameApplicationServi - Starting new game
17:03:46.562 [JavaFX Application Thread] DEBUG Input                - Clearing active input actions
17:03:46.577 [JavaFX Application Thread] DEBUG GameApplicationServi - Removing overlay from FXGLStartupScene and adding to FXGLLoadingScene
17:03:46.577 [JavaFX Application Thread] DEBUG PrimaryStageWindow   - FXGLStartupScene -> FXGLLoadingScene
17:03:46.578 [JavaFX Application Thread] DEBUG GameApplicationServi - Clearing previous game
17:03:46.578 [JavaFX Application Thread] DEBUG GameScene            - Clearing game scene
17:03:46.578 [JavaFX Application Thread] DEBUG GameWorld            - Clearing game world
17:03:46.578 [JavaFX Application Thread] DEBUG PhysicsWorld         - Clearing physics world
17:03:46.580 [FXGL Background Thread 1 ] DEBUG FXGLApplication      - Initializing game
17:03:46.599 [FXGL Background Thread 1 ] DEBUG FXGLAssetLoaderServi - Loading from file system: file:/D:/bombermango/target/classes/assets/textures/sprites/player_left.png
17:03:46.601 [FXGL Background Thread 1 ] DEBUG FXGLAssetLoaderServi - Loading from file system: file:/D:/bombermango/target/classes/assets/textures/sprites/player_left_1.png
17:03:46.628 [FXGL Background Thread 1 ] DEBUG FXGLAssetLoaderServi - Loading from file system: file:/D:/bombermango/target/classes/assets/textures/sprites/player_left_2.png
17:03:46.656 [FXGL Background Thread 1 ] WARN  GameWorld            - Entity is already attached to world
17:03:46.658 [FXGL Background Thread 1 ] DEBUG FXGLAssetLoaderServi - Loading from file system: file:/D:/bombermango/target/classes/assets/textures/sprites/wall.png
17:03:46.720 [FXGL Background Thread 1 ] DEBUG FXGLAssetLoaderServi - Loading from file system: file:/D:/bombermango/target/classes/assets/textures/sprites/bomb.png
17:03:46.722 [FXGL Background Thread 1 ] DEBUG FXGLAssetLoaderServi - Loading from file system: file:/D:/bombermango/target/classes/assets/textures/sprites/bomb_1.png
17:03:46.723 [FXGL Background Thread 1 ] DEBUG FXGLAssetLoaderServi - Loading from file system: file:/D:/bombermango/target/classes/assets/textures/sprites/bomb_2.png
17:03:46.725 [FXGL Background Thread 1 ] WARN  GameWorld            - Entity is already attached to world
17:03:46.725 [FXGL Background Thread 1 ] INFO  FXGLApplication      - Game initialization took: 0.145 sec
17:03:46.780 [FXGL Background Thread 4 ] DEBUG FXGLAssetLoaderServi - Loading from file system: jar:file:/C:/Users/Admin/.m2/repository/com/github/almasb/fxgl/17.1/fxgl-17.1.jar!/fxglassets/ui/fonts/Abel-Regular.ttf
17:03:46.785 [FXGL Background Thread 4 ] DEBUG FXGLAssetLoaderServi - Loading from file system: jar:file:/C:/Users/Admin/.m2/repository/com/github/almasb/fxgl/17.1/fxgl-17.1.jar!/fxglassets/ui/fonts/TerminalLandMono-Regular.otf
17:03:46.809 [FXGL Background Thread 4 ] DEBUG FXGLAssetLoaderServi - Loading from file system: jar:file:/C:/Users/Admin/.m2/repository/com/github/almasb/fxgl/17.1/fxgl-17.1.jar!/fxglassets/ui/fonts/Courier-Prime.ttf
17:03:46.878 [JavaFX Application Thread] DEBUG Input                - Clearing active input actions
17:03:46.893 [JavaFX Application Thread] DEBUG GameApplicationServi - Removing overlay from FXGLLoadingScene and adding to GameScene
17:03:46.893 [JavaFX Application Thread] DEBUG PrimaryStageWindow   - FXGLLoadingScene -> GameScene
17:03:46.894 [JavaFX Application Thread] DEBUG FXGLApplication      - Registering font factories with UI factory
17:03:47.330 [FXGL Background Thread 2 ] INFO  UpdaterService       - Your current version:  17.1
17:03:47.330 [FXGL Background Thread 2 ] INFO  UpdaterService       - Latest stable version: 17.2
17:03:49.424 [FXGL Background Thread 3 ] DEBUG Engine               - Logging environment variables
17:03:49.427 [FXGL Background Thread 3 ] DEBUG Engine               - achievements: []
17:03:49.427 [FXGL Background Thread 3 ] DEBUG Engine               - actualHeight: 624.0
17:03:49.428 [FXGL Background Thread 3 ] DEBUG Engine               - actualHeightProperty: ReadOnlyDoubleProperty [value: 624.0]
17:03:49.428 [FXGL Background Thread 3 ] DEBUG Engine               - actualWidth: 912.0
17:03:49.429 [FXGL Background Thread 3 ] DEBUG Engine               - actualWidthProperty: ReadOnlyDoubleProperty [value: 912.0]
17:03:49.429 [FXGL Background Thread 3 ] DEBUG Engine               - appIcon: fxgl_icon.png
17:03:49.429 [FXGL Background Thread 3 ] DEBUG Engine               - applicationMode: DEVELOPER
17:03:49.430 [FXGL Background Thread 3 ] DEBUG Engine               - cSSList: [fxgl_dark.css]
17:03:49.430 [FXGL Background Thread 3 ] DEBUG Engine               - collisionDetectionStrategy: BRUTE_FORCE
17:03:49.430 [FXGL Background Thread 3 ] DEBUG Engine               - configClass: Optional.empty
17:03:49.431 [FXGL Background Thread 3 ] DEBUG Engine               - credits: []
17:03:49.434 [FXGL Background Thread 3 ] DEBUG Engine               - defaultCursor: CursorInfo(imageName=fxgl_default_cursor.png, hotspotX=7.0, hotspotY=6.0)
17:03:49.435 [FXGL Background Thread 3 ] DEBUG Engine               - devBBoxColorProperty: ObjectProperty [value: 0xff0000ff]
17:03:49.436 [FXGL Background Thread 3 ] DEBUG Engine               - devEnableDebugCameraProperty: BooleanProperty [value: false]
17:03:49.437 [FXGL Background Thread 3 ] DEBUG Engine               - devSensorColorProperty: ObjectProperty [value: 0xffff00ff]
17:03:49.437 [FXGL Background Thread 3 ] DEBUG Engine               - devShowBBoxProperty: BooleanProperty [value: false]
17:03:49.438 [FXGL Background Thread 3 ] DEBUG Engine               - devShowPositionProperty: BooleanProperty [value: false]
17:03:49.438 [FXGL Background Thread 3 ] DEBUG Engine               - enabledMenuItems: []
17:03:49.439 [FXGL Background Thread 3 ] DEBUG Engine               - engineServices: [class com.almasb.fxgl.app.services.FXGLAssetLoaderService, class com.almasb.fxgl.app.FXGLApplication$GameApplicationService, class com.almasb.fxgl.app.services.FXGLDialogService, class com.almasb.fxgl.app.services.IOTaskExecutorService, class com.almasb.fxgl.io.FileSystemService, class com.almasb.fxgl.localization.LocalizationService, class com.almasb.fxgl.app.services.SystemBundleService, class com.almasb.fxgl.profile.SaveLoadService, class com.almasb.fxgl.ui.FXGLUIFactoryServiceProvider, class com.almasb.fxgl.ui.FXGLDialogFactoryServiceProvider, class com.almasb.fxgl.audio.AudioPlayer, class com.almasb.fxgl.notification.impl.NotificationServiceProvider, class com.almasb.fxgl.achievement.AchievementService, class com.almasb.fxgl.cutscene.CutsceneService, class com.almasb.fxgl.minigames.MiniGameService, class com.almasb.fxgl.net.NetService, class com.almasb.fxgl.app.services.UpdaterService, class com.almasb.fxgl.dev.DevService]
17:03:49.439 [FXGL Background Thread 3 ] DEBUG Engine               - fontGame: Abel-Regular.ttf
17:03:49.439 [FXGL Background Thread 3 ] DEBUG Engine               - fontMono: TerminalLandMono-Regular.otf
17:03:49.440 [FXGL Background Thread 3 ] DEBUG Engine               - fontText: Courier-Prime.ttf
17:03:49.440 [FXGL Background Thread 3 ] DEBUG Engine               - fontUI: VarelaRound-Regular.ttf
17:03:49.440 [FXGL Background Thread 3 ] DEBUG Engine               - fullScreen: BooleanProperty [value: false]
17:03:49.441 [FXGL Background Thread 3 ] DEBUG Engine               - gameDifficulty: MEDIUM
17:03:49.441 [FXGL Background Thread 3 ] DEBUG Engine               - gameDifficultyProperty: ObjectProperty [value: MEDIUM]
17:03:49.443 [FXGL Background Thread 3 ] DEBUG Engine               - globalMusicVolume: 0.5
17:03:49.443 [FXGL Background Thread 3 ] DEBUG Engine               - globalMusicVolumeProperty: DoubleProperty [value: 0.5]
17:03:49.444 [FXGL Background Thread 3 ] DEBUG Engine               - globalSoundVolume: 0.5
17:03:49.444 [FXGL Background Thread 3 ] DEBUG Engine               - globalSoundVolumeProperty: DoubleProperty [value: 0.5]
17:03:49.445 [FXGL Background Thread 3 ] DEBUG Engine               - height: 624
17:03:49.445 [FXGL Background Thread 3 ] DEBUG Engine               - is3D: false
17:03:49.445 [FXGL Background Thread 3 ] DEBUG Engine               - isAndroid: false
17:03:49.446 [FXGL Background Thread 3 ] DEBUG Engine               - isBrowser: false
17:03:49.446 [FXGL Background Thread 3 ] DEBUG Engine               - isClickFeedbackEnabled: false
17:03:49.446 [FXGL Background Thread 3 ] DEBUG Engine               - isCloseConfirmation: false
17:03:49.447 [FXGL Background Thread 3 ] DEBUG Engine               - isDesktop: true
17:03:49.447 [FXGL Background Thread 3 ] DEBUG Engine               - isDeveloperMenuEnabled: false
17:03:49.447 [FXGL Background Thread 3 ] DEBUG Engine               - isEmbedded: false
17:03:49.448 [FXGL Background Thread 3 ] DEBUG Engine               - isEntityPreloadEnabled: true
17:03:49.448 [FXGL Background Thread 3 ] DEBUG Engine               - isExperimentalTiledLargeMap: false
17:03:49.448 [FXGL Background Thread 3 ] DEBUG Engine               - isFileSystemWriteAllowed: true
17:03:49.449 [FXGL Background Thread 3 ] DEBUG Engine               - isFullScreenAllowed: false
17:03:49.449 [FXGL Background Thread 3 ] DEBUG Engine               - isFullScreenFromStart: false
17:03:49.449 [FXGL Background Thread 3 ] DEBUG Engine               - isGameMenuEnabled: true
17:03:49.450 [FXGL Background Thread 3 ] DEBUG Engine               - isIOS: false
17:03:49.450 [FXGL Background Thread 3 ] DEBUG Engine               - isIntroEnabled: false
17:03:49.450 [FXGL Background Thread 3 ] DEBUG Engine               - isLinux: false
17:03:49.450 [FXGL Background Thread 3 ] DEBUG Engine               - isMac: false
17:03:49.451 [FXGL Background Thread 3 ] DEBUG Engine               - isMainMenuEnabled: false
17:03:49.451 [FXGL Background Thread 3 ] DEBUG Engine               - isManualResizeEnabled: false
17:03:49.451 [FXGL Background Thread 3 ] DEBUG Engine               - isMobile: false
17:03:49.451 [FXGL Background Thread 3 ] DEBUG Engine               - isNative: false
17:03:49.451 [FXGL Background Thread 3 ] DEBUG Engine               - isPauseMusicWhenMinimized: true
17:03:49.452 [FXGL Background Thread 3 ] DEBUG Engine               - isPreserveResizeRatio: false
17:03:49.452 [FXGL Background Thread 3 ] DEBUG Engine               - isProfilingEnabled: false
17:03:49.452 [FXGL Background Thread 3 ] DEBUG Engine               - isScaleAffectedOnResize: true
17:03:49.452 [FXGL Background Thread 3 ] DEBUG Engine               - isSingleStep: false
17:03:49.452 [FXGL Background Thread 3 ] DEBUG Engine               - isUserProfileEnabled: false
17:03:49.453 [FXGL Background Thread 3 ] DEBUG Engine               - isWindows: true
17:03:49.453 [FXGL Background Thread 3 ] DEBUG Engine               - language: ObjectProperty [value: ENGLISH]
17:03:49.453 [FXGL Background Thread 3 ] DEBUG Engine               - menuKey: ESCAPE
17:03:49.454 [FXGL Background Thread 3 ] DEBUG Engine               - mouseSensitivity: 0.2
17:03:49.454 [FXGL Background Thread 3 ] DEBUG Engine               - notificationViewClass: class com.almasb.fxgl.notification.view.XboxNotificationView
17:03:49.454 [FXGL Background Thread 3 ] DEBUG Engine               - pixelsPerMeter: 50.0
17:03:49.454 [FXGL Background Thread 3 ] DEBUG Engine               - platform: WINDOWS
17:03:49.455 [FXGL Background Thread 3 ] DEBUG Engine               - prefHeightProperty: ReadOnlyDoubleProperty [value: 624.0]
17:03:49.455 [FXGL Background Thread 3 ] DEBUG Engine               - prefWidthProperty: ReadOnlyDoubleProperty [value: 912.0]
17:03:49.455 [FXGL Background Thread 3 ] DEBUG Engine               - profileDir: profiles/
17:03:49.455 [FXGL Background Thread 3 ] DEBUG Engine               - profileName: StringProperty [value: DEFAULT]
17:03:49.455 [FXGL Background Thread 3 ] DEBUG Engine               - randomSeed: -1
17:03:49.456 [FXGL Background Thread 3 ] DEBUG Engine               - runtimeInfo: RuntimeInfo(platform=WINDOWS, version=17.1, build=24.03.2022 17.34)
17:03:49.456 [FXGL Background Thread 3 ] DEBUG Engine               - saveFileExt: sav
17:03:49.456 [FXGL Background Thread 3 ] DEBUG Engine               - scaledHeightProp$fxgl: DoubleProperty [bound, value: 624.0]
17:03:49.457 [FXGL Background Thread 3 ] DEBUG Engine               - scaledWidthProp$fxgl: DoubleProperty [bound, value: 912.0]
17:03:49.457 [FXGL Background Thread 3 ] DEBUG Engine               - sceneFactory: com.almasb.fxgl.app.scene.SceneFactory@2130608d
17:03:49.457 [FXGL Background Thread 3 ] DEBUG Engine               - secondsIn24h: 60
17:03:49.457 [FXGL Background Thread 3 ] DEBUG Engine               - soundMenuBack: menu/back.wav
17:03:49.457 [FXGL Background Thread 3 ] DEBUG Engine               - soundMenuPress: menu/press.wav
17:03:49.458 [FXGL Background Thread 3 ] DEBUG Engine               - soundMenuSelect: menu/select.wav
17:03:49.458 [FXGL Background Thread 3 ] DEBUG Engine               - soundNotification: core/notification.wav
17:03:49.458 [FXGL Background Thread 3 ] DEBUG Engine               - stageStyle: DECORATED
17:03:49.458 [FXGL Background Thread 3 ] DEBUG Engine               - supportedLanguages: [ENGLISH, FRENCH, GERMAN, HUNGARIAN, RUSSIAN]
17:03:49.458 [FXGL Background Thread 3 ] DEBUG Engine               - ticksPerSecond: -1
17:03:49.458 [FXGL Background Thread 3 ] DEBUG Engine               - title: Bomberman!
17:03:49.458 [FXGL Background Thread 3 ] DEBUG Engine               - urlGithub: https://github.com/AlmasB/FXGL
17:03:49.459 [FXGL Background Thread 3 ] DEBUG Engine               - urlLeaderboard: http://fxgl-top.herokuapp.com/
17:03:49.459 [FXGL Background Thread 3 ] DEBUG Engine               - urlPOM: https://raw.githubusercontent.com/AlmasB/FXGL/release/README.md
17:03:49.459 [FXGL Background Thread 3 ] DEBUG Engine               - userAppClass: class mangobomb.bombermango.HelloApplication
17:03:49.459 [FXGL Background Thread 3 ] DEBUG Engine               - version: 0.0
17:03:49.459 [FXGL Background Thread 3 ] DEBUG Engine               - versionCheckDays: 7
17:03:49.459 [FXGL Background Thread 3 ] DEBUG Engine               - width: 912
17:03:49.460 [FXGL Background Thread 3 ] DEBUG Engine               - Logging services
17:03:49.460 [FXGL Background Thread 3 ] DEBUG Engine               - class com.almasb.fxgl.app.services.FXGLAssetLoaderService
17:03:49.460 [FXGL Background Thread 3 ] DEBUG Engine               - class com.almasb.fxgl.app.FXGLApplication$GameApplicationService
17:03:49.460 [FXGL Background Thread 3 ] DEBUG Engine               - class com.almasb.fxgl.app.services.FXGLDialogService
17:03:49.460 [FXGL Background Thread 3 ] DEBUG Engine               - class com.almasb.fxgl.app.services.IOTaskExecutorService
17:03:49.460 [FXGL Background Thread 3 ] DEBUG Engine               - class com.almasb.fxgl.io.FileSystemService
17:03:49.460 [FXGL Background Thread 3 ] DEBUG Engine               - class com.almasb.fxgl.localization.LocalizationService
17:03:49.460 [FXGL Background Thread 3 ] DEBUG Engine               - class com.almasb.fxgl.app.services.SystemBundleService
17:03:49.461 [FXGL Background Thread 3 ] DEBUG Engine               - class com.almasb.fxgl.profile.SaveLoadService
17:03:49.461 [FXGL Background Thread 3 ] DEBUG Engine               - class com.almasb.fxgl.ui.FXGLUIFactoryServiceProvider
17:03:49.461 [FXGL Background Thread 3 ] DEBUG Engine               - class com.almasb.fxgl.ui.FXGLDialogFactoryServiceProvider
17:03:49.461 [FXGL Background Thread 3 ] DEBUG Engine               - class com.almasb.fxgl.audio.AudioPlayer
17:03:49.461 [FXGL Background Thread 3 ] DEBUG Engine               - class com.almasb.fxgl.notification.impl.NotificationServiceProvider
17:03:49.461 [FXGL Background Thread 3 ] DEBUG Engine               - class com.almasb.fxgl.achievement.AchievementService
17:03:49.461 [FXGL Background Thread 3 ] DEBUG Engine               - class com.almasb.fxgl.cutscene.CutsceneService
17:03:49.461 [FXGL Background Thread 3 ] DEBUG Engine               - class com.almasb.fxgl.minigames.MiniGameService
17:03:49.462 [FXGL Background Thread 3 ] DEBUG Engine               - class com.almasb.fxgl.net.NetService
17:03:49.462 [FXGL Background Thread 3 ] DEBUG Engine               - class com.almasb.fxgl.app.services.UpdaterService
17:03:49.462 [FXGL Background Thread 3 ] DEBUG Engine               - class com.almasb.fxgl.dev.DevService
17:03:58.020 [JavaFX Application Thread] DEBUG FXGLApplication      - Exiting FXGL
17:03:58.020 [JavaFX Application Thread] DEBUG LoopRunner           - Stopping loop
17:03:58.020 [JavaFX Application Thread] DEBUG SystemBundleService  - Saving FXGL system data
17:03:58.022 [JavaFX Application Thread] DEBUG FileSystemAccess     - Writing to: D:\bombermango\system\fxgl.bundle
17:03:58.025 [JavaFX Application Thread] DEBUG Async                - Shutting down background threads
17:03:58.026 [JavaFX Application Thread] DEBUG PrimaryStageWindow   - Closing main window
17:03:58.037 [JavaFX Application Thread] DEBUG Logger               - Closing Logger
