20:05:41.731 [main                     ] DEBUG Logger               - Configured Logger
20:05:41.773 [main                     ] DEBUG GameApplication      - Logging settings
Title: Bomberman
Version: 0.0
Width: 800
Height: 600
Fullscreen: false
Intro: false
Profiling: false
Single step:false
App Mode: DEVELOPER
Menu Key: ESCAPE
Stage Style: DECORATED
Scene Factory: class com.almasb.fxgl.app.scene.SceneFactory

20:05:42.601 [JavaFX Application Thread] DEBUG FXGLApplication      - Initializing FXGL
20:05:42.612 [JavaFX Application Thread] INFO  Engine               - FXGL-17.1 (24.03.2022 17.34) on WINDOWS (J:18.0.2.1 FX:18.0.1)
20:05:42.612 [JavaFX Application Thread] DEBUG Engine               - JRE Vendor Name: Oracle Corporation
20:05:42.613 [JavaFX Application Thread] DEBUG Engine               - Running on OS: Windows 10 version 10.0
20:05:42.613 [JavaFX Application Thread] DEBUG Engine               - Architecture: amd64
20:05:42.613 [JavaFX Application Thread] INFO  Engine               - Source code and latest versions at: https://github.com/AlmasB/FXGL
20:05:42.614 [JavaFX Application Thread] INFO  Engine               -       Ask questions and discuss at: https://github.com/AlmasB/FXGL/discussions
20:05:42.614 [JavaFX Application Thread] INFO  Engine               -              Join the FXGL chat at: https://gitter.im/AlmasB/FXGL
20:05:42.829 [JavaFX Application Thread] DEBUG PrimaryStageWindow   - Creating a JavaFX scene
20:05:42.963 [JavaFX Application Thread] DEBUG PrimaryStageWindow   - Target settings size: 800.0 x 600.0
20:05:42.963 [JavaFX Application Thread] DEBUG PrimaryStageWindow   - Scaled scene size:    800.0 x 600.0
20:05:42.964 [JavaFX Application Thread] DEBUG PrimaryStageWindow   - Scaled ratio: (1.0, 1.0)
20:05:42.965 [JavaFX Application Thread] DEBUG PrimaryStageWindow   - Set initial scene to FXGLStartupScene
20:05:42.982 [JavaFX Application Thread] DEBUG PrimaryStageWindow   - Opening main window
20:05:43.143 [JavaFX Application Thread] DEBUG PrimaryStageWindow   - Window border size: (14.66668701171875, 37.33331298828125)
20:05:43.143 [JavaFX Application Thread] DEBUG PrimaryStageWindow   - Scaled size: 800.0 x 600.0
20:05:43.144 [JavaFX Application Thread] DEBUG PrimaryStageWindow   - Scaled ratio: (1.0, 1.0)
20:05:43.146 [JavaFX Application Thread] DEBUG PrimaryStageWindow   - Scene size: 800.0 x 600.0
20:05:43.146 [JavaFX Application Thread] DEBUG PrimaryStageWindow   - Stage size: 814.6666870117188 x 637.3333129882812
20:05:43.163 [FXGL Background Thread 1 ] DEBUG Engine               - Initializing environment variables
20:05:43.274 [FXGL Background Thread 1 ] DEBUG FXGLAssetLoaderServi - User app class for loading assets: class mangobomb.bombermango.HelloApplication
20:05:43.274 [FXGL Background Thread 1 ] DEBUG GameApplicationServi - Applying CSS: fxgl_dark.css
20:05:43.276 [FXGL Background Thread 1 ] DEBUG FXGLAssetLoaderServi - Loading from file system: jar:file:/C:/Users/Admin/.m2/repository/com/github/almasb/fxgl/17.1/fxgl-17.1.jar!/fxglassets/ui/css/fxgl_dark.css
20:05:43.369 [FXGL Background Thread 1 ] DEBUG GameApplicationServi - Initializing application scenes
20:05:43.460 [FXGL Background Thread 1 ] DEBUG GameWorld            - Game world initialized
20:05:43.581 [FXGL Background Thread 1 ] DEBUG PhysicsWorld         - Physics world initialized: appHeight=600, physics.ppm=50.0
20:05:43.581 [FXGL Background Thread 1 ] DEBUG PhysicsWorld         - Using strategy: BRUTE_FORCE
20:05:43.588 [FXGL Background Thread 1 ] DEBUG GameScene            - Game scene initialized: 800x600
20:05:43.616 [FXGL Background Thread 1 ] DEBUG FXGL.DefaultMenu     - createMenuBodyMainMenu()
20:05:43.666 [FXGL Background Thread 1 ] DEBUG FXGL.DefaultMenu     - createOptionsMenu()
20:05:43.689 [FXGL Background Thread 1 ] DEBUG FXGLAssetLoaderServi - Loading from file system: jar:file:/C:/Users/Admin/.m2/repository/com/github/almasb/fxgl/17.1/fxgl-17.1.jar!/fxglassets/textures/particles/smoke.png
20:05:43.910 [FXGL Background Thread 1 ] DEBUG FXGLAssetLoaderServi - Loading from file system: jar:file:/C:/Users/Admin/.m2/repository/com/github/almasb/fxgl/17.1/fxgl-17.1.jar!/fxglassets/textures/particles/trace_horizontal.png
20:05:43.966 [FXGL Background Thread 1 ] DEBUG FXGL.DefaultMenu     - createMenuBodyGameMenu()
20:05:43.968 [FXGL Background Thread 1 ] DEBUG FXGL.DefaultMenu     - createOptionsMenu()
20:05:43.992 [FXGL Background Thread 1 ] DEBUG GameApplicationServi - Application scenes initialized
20:05:44.019 [FXGL Background Thread 1 ] DEBUG SystemBundleService  - Loading FXGL system data
20:05:44.035 [FXGL Background Thread 1 ] DEBUG FileSystemAccess     - Reading from: D:\bombermango\system\fxgl.bundle
20:05:44.051 [FXGL Background Thread 1 ] DEBUG SystemBundleService  - Bundle FXGL: {}
20:05:44.052 [FXGL Background Thread 1 ] DEBUG UpdaterService       - Checking for updates
20:05:44.060 [FXGL Background Thread 1 ] DEBUG FXGLApplication      - Loading default localization
20:05:44.061 [FXGL Background Thread 1 ] DEBUG FXGLAssetLoaderServi - Loading from file system: jar:file:/C:/Users/Admin/.m2/repository/com/github/almasb/fxgl/17.1/fxgl-17.1.jar!/fxglassets/languages/english.lang
20:05:44.076 [FXGL Background Thread 4 ] DEBUG FXGLApplication      - Loading fonts
20:05:44.077 [FXGL Background Thread 4 ] DEBUG FXGLAssetLoaderServi - Loading from file system: jar:file:/C:/Users/Admin/.m2/repository/com/github/almasb/fxgl/17.1/fxgl-17.1.jar!/fxglassets/ui/fonts/VarelaRound-Regular.ttf
20:05:44.105 [FXGL Background Thread 1 ] INFO  FXGLApplication      - FXGL initialization took: 0.941 sec
20:05:44.126 [JavaFX Application Thread] DEBUG Input                - Registered new binding: moveUp - W
20:05:44.126 [JavaFX Application Thread] DEBUG Input                - Registered new binding: moveRight - D
20:05:44.126 [JavaFX Application Thread] DEBUG Input                - Registered new binding: moveLeft - A
20:05:44.126 [JavaFX Application Thread] DEBUG Input                - Registered new binding: moveDown - S
20:05:44.126 [JavaFX Application Thread] DEBUG Input                - Registered new binding: implantBomb - F
20:05:44.127 [JavaFX Application Thread] DEBUG Input                - Registered new binding: PlayMusic - M
20:05:44.127 [JavaFX Application Thread] DEBUG FXGLAssetLoaderServi - Loading from file system: jar:file:/C:/Users/Admin/.m2/repository/com/github/almasb/fxgl/17.1/fxgl-17.1.jar!/fxglassets/textures/fxgl_icon.png
20:05:44.174 [JavaFX Application Thread] DEBUG FXGLAssetLoaderServi - Loading from file system: jar:file:/C:/Users/Admin/.m2/repository/com/github/almasb/fxgl/17.1/fxgl-17.1.jar!/fxglassets/textures/fxgl_default_cursor.png
20:05:44.178 [JavaFX Application Thread] DEBUG Input                - Registered new binding: Screenshot - CTRL+8
20:05:44.179 [JavaFX Application Thread] DEBUG Input                - Registered new binding: System info dump - CTRL+9
20:05:44.179 [JavaFX Application Thread] DEBUG Input                - Registered new binding: Restart - CTRL+R
20:05:44.180 [JavaFX Application Thread] DEBUG Input                - Registered new binding: Toggle Debug Camera - CTRL+7
20:05:44.183 [JavaFX Application Thread] DEBUG LoopRunner           - Starting loop
20:05:44.183 [JavaFX Application Thread] DEBUG LoopRunner           - Initializing JavaFX AnimationTimerLoop
20:05:44.187 [JavaFX Application Thread] DEBUG Input                - Clearing active input actions
20:05:44.198 [JavaFX Application Thread] DEBUG GameApplicationServi - Removing overlay from FXGLStartupScene and adding to FXGLMainMenuDummyScene
20:05:44.199 [JavaFX Application Thread] DEBUG PrimaryStageWindow   - FXGLStartupScene -> FXGLMainMenuDummyScene
20:05:44.199 [JavaFX Application Thread] DEBUG PrimaryStageWindow   - Push state: FXGLDefaultMenu
20:05:44.214 [JavaFX Application Thread] DEBUG Input                - Clearing active input actions
20:05:44.228 [JavaFX Application Thread] DEBUG GameApplicationServi - Removing overlay from FXGLMainMenuDummyScene and adding to FXGLDefaultMenu
20:05:44.229 [JavaFX Application Thread] DEBUG PrimaryStageWindow   - FXGLMainMenuDummyScene -> FXGLDefaultMenu
20:05:44.556 [FXGL Background Thread 4 ] DEBUG FXGLAssetLoaderServi - Loading from file system: jar:file:/C:/Users/Admin/.m2/repository/com/github/almasb/fxgl/17.1/fxgl-17.1.jar!/fxglassets/ui/fonts/Abel-Regular.ttf
20:05:44.561 [FXGL Background Thread 4 ] DEBUG FXGLAssetLoaderServi - Loading from file system: jar:file:/C:/Users/Admin/.m2/repository/com/github/almasb/fxgl/17.1/fxgl-17.1.jar!/fxglassets/ui/fonts/TerminalLandMono-Regular.otf
20:05:44.579 [FXGL Background Thread 4 ] DEBUG FXGLAssetLoaderServi - Loading from file system: jar:file:/C:/Users/Admin/.m2/repository/com/github/almasb/fxgl/17.1/fxgl-17.1.jar!/fxglassets/ui/fonts/Courier-Prime.ttf
20:05:44.655 [JavaFX Application Thread] DEBUG FXGLApplication      - Registering font factories with UI factory
20:05:45.405 [JavaFX Application Thread] DEBUG Menu                 - fireNewGame()
20:05:45.405 [JavaFX Application Thread] DEBUG GameApplicationServi - Starting new game
20:05:45.408 [JavaFX Application Thread] DEBUG PrimaryStageWindow   - Pop state: FXGLDefaultMenu
20:05:45.409 [JavaFX Application Thread] DEBUG Input                - Clearing active input actions
20:05:45.411 [JavaFX Application Thread] DEBUG GameApplicationServi - Removing overlay from FXGLDefaultMenu and adding to FXGLMainMenuDummyScene
20:05:45.411 [JavaFX Application Thread] DEBUG PrimaryStageWindow   - FXGLMainMenuDummyScene <- FXGLDefaultMenu
20:05:45.412 [JavaFX Application Thread] DEBUG Input                - Clearing active input actions
20:05:45.435 [JavaFX Application Thread] DEBUG GameApplicationServi - Removing overlay from FXGLMainMenuDummyScene and adding to FXGLLoadingScene
20:05:45.437 [JavaFX Application Thread] DEBUG PrimaryStageWindow   - FXGLMainMenuDummyScene -> FXGLLoadingScene
20:05:45.437 [JavaFX Application Thread] DEBUG GameApplicationServi - Clearing previous game
20:05:45.439 [JavaFX Application Thread] DEBUG GameScene            - Clearing game scene
20:05:45.440 [JavaFX Application Thread] DEBUG GameWorld            - Clearing game world
20:05:45.440 [JavaFX Application Thread] DEBUG PhysicsWorld         - Clearing physics world
20:05:45.445 [FXGL Background Thread 4 ] DEBUG FXGLApplication      - Initializing game
20:05:45.520 [FXGL Background Thread 4 ] DEBUG FXGLAssetLoaderServi - Loading from file system: file:/D:/bombermango/target/classes/assets/textures/sprites/wall.png
20:05:45.578 [FXGL Background Thread 4 ] DEBUG FXGLAssetLoaderServi - Loading from file system: file:/D:/bombermango/target/classes/assets/textures/sprites/brick.png
20:05:45.666 [FXGL Background Thread 4 ] DEBUG GameWorld            - Clearing removable entities
20:05:45.670 [FXGL Background Thread 4 ] DEBUG GameWorld            - Setting level: com.almasb.fxgl.entity.level.Level@54c1bf73
20:05:45.758 [FXGL Background Thread 2 ] INFO  UpdaterService       - Your current version:  17.1
20:05:45.758 [FXGL Background Thread 2 ] INFO  UpdaterService       - Latest stable version: 17.2
20:05:45.763 [FXGL Background Thread 4 ] DEBUG FXGLAssetLoaderServi - Loading from file system: file:/D:/bombermango/target/classes/assets/textures/sprites/portal.png
20:05:45.781 [FXGL Background Thread 4 ] WARN  FXGLAssetLoaderServi - Asset "/assets/music/gameaudio.wav" was not found!
20:05:45.782 [FXGL Background Thread 4 ] WARN  FXGLAssetLoaderServi - Failed to load MUSIC
20:05:45.787 [FXGL Background Thread 4 ] DEBUG FXGLAssetLoaderServi - Loading from file system: file:/D:/bombermango/target/classes/assets/textures/sprites/player_right.png
20:05:45.789 [FXGL Background Thread 4 ] DEBUG FXGLAssetLoaderServi - Loading from file system: file:/D:/bombermango/target/classes/assets/textures/sprites/player_right_1.png
20:05:45.792 [FXGL Background Thread 4 ] WARN  FXGLAssetLoaderServi - Asset "/assets/textures/sprites/player_right_2.png" was not found!
20:05:45.793 [FXGL Background Thread 4 ] WARN  FXGLAssetLoaderServi - Failed to load RESIZABLE_IMAGE
20:05:45.846 [FXGL Background Thread 4 ] DEBUG FXGLAssetLoaderServi - Loading from file system: file:/D:/bombermango/target/classes/assets/textures/sprites/player_down.png
20:05:45.848 [FXGL Background Thread 4 ] DEBUG FXGLAssetLoaderServi - Loading from file system: file:/D:/bombermango/target/classes/assets/textures/sprites/player_down_1.png
20:05:45.851 [FXGL Background Thread 4 ] DEBUG FXGLAssetLoaderServi - Loading from file system: file:/D:/bombermango/target/classes/assets/textures/sprites/player_down_2.png
20:05:45.853 [FXGL Background Thread 4 ] DEBUG FXGLAssetLoaderServi - Loading from file system: file:/D:/bombermango/target/classes/assets/textures/sprites/player_left.png
20:05:45.856 [FXGL Background Thread 4 ] DEBUG FXGLAssetLoaderServi - Loading from file system: file:/D:/bombermango/target/classes/assets/textures/sprites/player_left_1.png
20:05:45.858 [FXGL Background Thread 4 ] DEBUG FXGLAssetLoaderServi - Loading from file system: file:/D:/bombermango/target/classes/assets/textures/sprites/player_left_2.png
20:05:45.866 [FXGL Background Thread 4 ] DEBUG FXGLAssetLoaderServi - Loading from file system: file:/D:/bombermango/target/classes/assets/textures/sprites/balloom_right1.png
20:05:45.868 [FXGL Background Thread 4 ] DEBUG FXGLAssetLoaderServi - Loading from file system: file:/D:/bombermango/target/classes/assets/textures/sprites/balloom_right2.png
20:05:45.869 [FXGL Background Thread 4 ] DEBUG FXGLAssetLoaderServi - Loading from file system: file:/D:/bombermango/target/classes/assets/textures/sprites/balloom_right3.png
20:05:45.905 [FXGL Background Thread 4 ] INFO  FXGLApplication      - Game initialization took: 0.461 sec
20:05:45.910 [JavaFX Application Thread] DEBUG Input                - Clearing active input actions
20:05:45.928 [JavaFX Application Thread] DEBUG GameApplicationServi - Removing overlay from FXGLLoadingScene and adding to GameScene
20:05:45.955 [JavaFX Application Thread] DEBUG PrimaryStageWindow   - FXGLLoadingScene -> GameScene
20:05:46.481 [JavaFX Application Thread] DEBUG AudioPlayer          - Playing music com.almasb.fxgl.audio.Music@3c1e7bc6
20:05:46.495 [JavaFX Application Thread] DEBUG AudioPlayer          - Stopping music com.almasb.fxgl.audio.Music@3c1e7bc6
20:05:46.514 [JavaFX Application Thread] DEBUG AudioPlayer          - Playing music com.almasb.fxgl.audio.Music@3c1e7bc6
20:05:46.542 [JavaFX Application Thread] DEBUG AudioPlayer          - Stopping music com.almasb.fxgl.audio.Music@3c1e7bc6
20:05:46.559 [JavaFX Application Thread] DEBUG AudioPlayer          - Playing music com.almasb.fxgl.audio.Music@3c1e7bc6
20:05:46.574 [JavaFX Application Thread] DEBUG AudioPlayer          - Stopping music com.almasb.fxgl.audio.Music@3c1e7bc6
20:05:46.594 [JavaFX Application Thread] DEBUG AudioPlayer          - Playing music com.almasb.fxgl.audio.Music@3c1e7bc6
20:05:46.606 [JavaFX Application Thread] DEBUG AudioPlayer          - Stopping music com.almasb.fxgl.audio.Music@3c1e7bc6
20:05:47.059 [FXGL Background Thread 3 ] DEBUG Engine               - Logging environment variables
20:05:47.062 [FXGL Background Thread 3 ] DEBUG Engine               - achievements: []
20:05:47.063 [FXGL Background Thread 3 ] DEBUG Engine               - actualHeight: 600.0
20:05:47.063 [FXGL Background Thread 3 ] DEBUG Engine               - actualHeightProperty: ReadOnlyDoubleProperty [value: 600.0]
20:05:47.063 [FXGL Background Thread 3 ] DEBUG Engine               - actualWidth: 800.0
20:05:47.063 [FXGL Background Thread 3 ] DEBUG Engine               - actualWidthProperty: ReadOnlyDoubleProperty [value: 800.0]
20:05:47.063 [FXGL Background Thread 3 ] DEBUG Engine               - appIcon: fxgl_icon.png
20:05:47.064 [FXGL Background Thread 3 ] DEBUG Engine               - applicationMode: DEVELOPER
20:05:47.064 [FXGL Background Thread 3 ] DEBUG Engine               - cSSList: [fxgl_dark.css]
20:05:47.064 [FXGL Background Thread 3 ] DEBUG Engine               - collisionDetectionStrategy: BRUTE_FORCE
20:05:47.064 [FXGL Background Thread 3 ] DEBUG Engine               - configClass: Optional.empty
20:05:47.064 [FXGL Background Thread 3 ] DEBUG Engine               - credits: []
20:05:47.065 [FXGL Background Thread 3 ] DEBUG Engine               - defaultCursor: CursorInfo(imageName=fxgl_default_cursor.png, hotspotX=7.0, hotspotY=6.0)
20:05:47.065 [FXGL Background Thread 3 ] DEBUG Engine               - devBBoxColorProperty: ObjectProperty [value: 0xff0000ff]
20:05:47.066 [FXGL Background Thread 3 ] DEBUG Engine               - devEnableDebugCameraProperty: BooleanProperty [value: false]
20:05:47.066 [FXGL Background Thread 3 ] DEBUG Engine               - devSensorColorProperty: ObjectProperty [value: 0xffff00ff]
20:05:47.066 [FXGL Background Thread 3 ] DEBUG Engine               - devShowBBoxProperty: BooleanProperty [value: false]
20:05:47.066 [FXGL Background Thread 3 ] DEBUG Engine               - devShowPositionProperty: BooleanProperty [value: false]
20:05:47.066 [FXGL Background Thread 3 ] DEBUG Engine               - enabledMenuItems: []
20:05:47.066 [FXGL Background Thread 3 ] DEBUG Engine               - engineServices: [class com.almasb.fxgl.app.services.FXGLAssetLoaderService, class com.almasb.fxgl.app.FXGLApplication$GameApplicationService, class com.almasb.fxgl.app.services.FXGLDialogService, class com.almasb.fxgl.app.services.IOTaskExecutorService, class com.almasb.fxgl.io.FileSystemService, class com.almasb.fxgl.localization.LocalizationService, class com.almasb.fxgl.app.services.SystemBundleService, class com.almasb.fxgl.profile.SaveLoadService, class com.almasb.fxgl.ui.FXGLUIFactoryServiceProvider, class com.almasb.fxgl.ui.FXGLDialogFactoryServiceProvider, class com.almasb.fxgl.audio.AudioPlayer, class com.almasb.fxgl.notification.impl.NotificationServiceProvider, class com.almasb.fxgl.achievement.AchievementService, class com.almasb.fxgl.cutscene.CutsceneService, class com.almasb.fxgl.minigames.MiniGameService, class com.almasb.fxgl.net.NetService, class com.almasb.fxgl.app.services.UpdaterService, class com.almasb.fxgl.dev.DevService]
20:05:47.066 [FXGL Background Thread 3 ] DEBUG Engine               - fontGame: Abel-Regular.ttf
20:05:47.066 [FXGL Background Thread 3 ] DEBUG Engine               - fontMono: TerminalLandMono-Regular.otf
20:05:47.066 [FXGL Background Thread 3 ] DEBUG Engine               - fontText: Courier-Prime.ttf
20:05:47.066 [FXGL Background Thread 3 ] DEBUG Engine               - fontUI: VarelaRound-Regular.ttf
20:05:47.067 [FXGL Background Thread 3 ] DEBUG Engine               - fullScreen: BooleanProperty [value: false]
20:05:47.067 [FXGL Background Thread 3 ] DEBUG Engine               - gameDifficulty: MEDIUM
20:05:47.067 [FXGL Background Thread 3 ] DEBUG Engine               - gameDifficultyProperty: ObjectProperty [value: MEDIUM]
20:05:47.067 [FXGL Background Thread 3 ] DEBUG Engine               - globalMusicVolume: 0.5
20:05:47.067 [FXGL Background Thread 3 ] DEBUG Engine               - globalMusicVolumeProperty: DoubleProperty [value: 0.5]
20:05:47.067 [FXGL Background Thread 3 ] DEBUG Engine               - globalSoundVolume: 0.5
20:05:47.067 [FXGL Background Thread 3 ] DEBUG Engine               - globalSoundVolumeProperty: DoubleProperty [value: 0.5]
20:05:47.067 [FXGL Background Thread 3 ] DEBUG Engine               - height: 600
20:05:47.067 [FXGL Background Thread 3 ] DEBUG Engine               - is3D: false
20:05:47.067 [FXGL Background Thread 3 ] DEBUG Engine               - isAndroid: false
20:05:47.068 [FXGL Background Thread 3 ] DEBUG Engine               - isBrowser: false
20:05:47.068 [FXGL Background Thread 3 ] DEBUG Engine               - isClickFeedbackEnabled: false
20:05:47.068 [FXGL Background Thread 3 ] DEBUG Engine               - isCloseConfirmation: false
20:05:47.068 [FXGL Background Thread 3 ] DEBUG Engine               - isDesktop: true
20:05:47.068 [FXGL Background Thread 3 ] DEBUG Engine               - isDeveloperMenuEnabled: false
20:05:47.068 [FXGL Background Thread 3 ] DEBUG Engine               - isEmbedded: false
20:05:47.068 [FXGL Background Thread 3 ] DEBUG Engine               - isEntityPreloadEnabled: true
20:05:47.068 [FXGL Background Thread 3 ] DEBUG Engine               - isExperimentalTiledLargeMap: false
20:05:47.068 [FXGL Background Thread 3 ] DEBUG Engine               - isFileSystemWriteAllowed: true
20:05:47.069 [FXGL Background Thread 3 ] DEBUG Engine               - isFullScreenAllowed: false
20:05:47.069 [FXGL Background Thread 3 ] DEBUG Engine               - isFullScreenFromStart: false
20:05:47.069 [FXGL Background Thread 3 ] DEBUG Engine               - isGameMenuEnabled: true
20:05:47.069 [FXGL Background Thread 3 ] DEBUG Engine               - isIOS: false
20:05:47.069 [FXGL Background Thread 3 ] DEBUG Engine               - isIntroEnabled: false
20:05:47.069 [FXGL Background Thread 3 ] DEBUG Engine               - isLinux: false
20:05:47.069 [FXGL Background Thread 3 ] DEBUG Engine               - isMac: false
20:05:47.069 [FXGL Background Thread 3 ] DEBUG Engine               - isMainMenuEnabled: true
20:05:47.070 [FXGL Background Thread 3 ] DEBUG Engine               - isManualResizeEnabled: false
20:05:47.070 [FXGL Background Thread 3 ] DEBUG Engine               - isMobile: false
20:05:47.070 [FXGL Background Thread 3 ] DEBUG Engine               - isNative: false
20:05:47.070 [FXGL Background Thread 3 ] DEBUG Engine               - isPauseMusicWhenMinimized: true
20:05:47.070 [FXGL Background Thread 3 ] DEBUG Engine               - isPreserveResizeRatio: false
20:05:47.070 [FXGL Background Thread 3 ] DEBUG Engine               - isProfilingEnabled: false
20:05:47.070 [FXGL Background Thread 3 ] DEBUG Engine               - isScaleAffectedOnResize: true
20:05:47.071 [FXGL Background Thread 3 ] DEBUG Engine               - isSingleStep: false
20:05:47.071 [FXGL Background Thread 3 ] DEBUG Engine               - isUserProfileEnabled: false
20:05:47.071 [FXGL Background Thread 3 ] DEBUG Engine               - isWindows: true
20:05:47.071 [FXGL Background Thread 3 ] DEBUG Engine               - language: ObjectProperty [value: ENGLISH]
20:05:47.071 [FXGL Background Thread 3 ] DEBUG Engine               - menuKey: ESCAPE
20:05:47.071 [FXGL Background Thread 3 ] DEBUG Engine               - mouseSensitivity: 0.2
20:05:47.071 [FXGL Background Thread 3 ] DEBUG Engine               - notificationViewClass: class com.almasb.fxgl.notification.view.XboxNotificationView
20:05:47.072 [FXGL Background Thread 3 ] DEBUG Engine               - pixelsPerMeter: 50.0
20:05:47.072 [FXGL Background Thread 3 ] DEBUG Engine               - platform: WINDOWS
20:05:47.072 [FXGL Background Thread 3 ] DEBUG Engine               - prefHeightProperty: ReadOnlyDoubleProperty [value: 600.0]
20:05:47.072 [FXGL Background Thread 3 ] DEBUG Engine               - prefWidthProperty: ReadOnlyDoubleProperty [value: 800.0]
20:05:47.072 [FXGL Background Thread 3 ] DEBUG Engine               - profileDir: profiles/
20:05:47.072 [FXGL Background Thread 3 ] DEBUG Engine               - profileName: StringProperty [value: DEFAULT]
20:05:47.072 [FXGL Background Thread 3 ] DEBUG Engine               - randomSeed: -1
20:05:47.073 [FXGL Background Thread 3 ] DEBUG Engine               - runtimeInfo: RuntimeInfo(platform=WINDOWS, version=17.1, build=24.03.2022 17.34)
20:05:47.074 [FXGL Background Thread 3 ] DEBUG Engine               - saveFileExt: sav
20:05:47.074 [FXGL Background Thread 3 ] DEBUG Engine               - scaledHeightProp$fxgl: DoubleProperty [bound, value: 600.0]
20:05:47.074 [FXGL Background Thread 3 ] DEBUG Engine               - scaledWidthProp$fxgl: DoubleProperty [bound, value: 800.0]
20:05:47.074 [FXGL Background Thread 3 ] DEBUG Engine               - sceneFactory: com.almasb.fxgl.app.scene.SceneFactory@6d3ceb00
20:05:47.074 [FXGL Background Thread 3 ] DEBUG Engine               - secondsIn24h: 60
20:05:47.075 [FXGL Background Thread 3 ] DEBUG Engine               - soundMenuBack: menu/back.wav
20:05:47.075 [FXGL Background Thread 3 ] DEBUG Engine               - soundMenuPress: menu/press.wav
20:05:47.075 [FXGL Background Thread 3 ] DEBUG Engine               - soundMenuSelect: menu/select.wav
20:05:47.075 [FXGL Background Thread 3 ] DEBUG Engine               - soundNotification: core/notification.wav
20:05:47.075 [FXGL Background Thread 3 ] DEBUG Engine               - stageStyle: DECORATED
20:05:47.075 [FXGL Background Thread 3 ] DEBUG Engine               - supportedLanguages: [ENGLISH, FRENCH, GERMAN, HUNGARIAN, RUSSIAN]
20:05:47.075 [FXGL Background Thread 3 ] DEBUG Engine               - ticksPerSecond: -1
20:05:47.076 [FXGL Background Thread 3 ] DEBUG Engine               - title: Bomberman
20:05:47.076 [FXGL Background Thread 3 ] DEBUG Engine               - urlGithub: https://github.com/AlmasB/FXGL
20:05:47.076 [FXGL Background Thread 3 ] DEBUG Engine               - urlLeaderboard: http://fxgl-top.herokuapp.com/
20:05:47.077 [FXGL Background Thread 3 ] DEBUG Engine               - urlPOM: https://raw.githubusercontent.com/AlmasB/FXGL/release/README.md
20:05:47.077 [FXGL Background Thread 3 ] DEBUG Engine               - userAppClass: class mangobomb.bombermango.HelloApplication
20:05:47.077 [FXGL Background Thread 3 ] DEBUG Engine               - version: 0.0
20:05:47.077 [FXGL Background Thread 3 ] DEBUG Engine               - versionCheckDays: 7
20:05:47.078 [FXGL Background Thread 3 ] DEBUG Engine               - width: 800
20:05:47.078 [FXGL Background Thread 3 ] DEBUG Engine               - Logging services
20:05:47.078 [FXGL Background Thread 3 ] DEBUG Engine               - class com.almasb.fxgl.app.services.FXGLAssetLoaderService
20:05:47.079 [FXGL Background Thread 3 ] DEBUG Engine               - class com.almasb.fxgl.app.FXGLApplication$GameApplicationService
20:05:47.079 [FXGL Background Thread 3 ] DEBUG Engine               - class com.almasb.fxgl.app.services.FXGLDialogService
20:05:47.079 [FXGL Background Thread 3 ] DEBUG Engine               - class com.almasb.fxgl.app.services.IOTaskExecutorService
20:05:47.079 [FXGL Background Thread 3 ] DEBUG Engine               - class com.almasb.fxgl.io.FileSystemService
20:05:47.079 [FXGL Background Thread 3 ] DEBUG Engine               - class com.almasb.fxgl.localization.LocalizationService
20:05:47.079 [FXGL Background Thread 3 ] DEBUG Engine               - class com.almasb.fxgl.app.services.SystemBundleService
20:05:47.080 [FXGL Background Thread 3 ] DEBUG Engine               - class com.almasb.fxgl.profile.SaveLoadService
20:05:47.080 [FXGL Background Thread 3 ] DEBUG Engine               - class com.almasb.fxgl.ui.FXGLUIFactoryServiceProvider
20:05:47.080 [FXGL Background Thread 3 ] DEBUG Engine               - class com.almasb.fxgl.ui.FXGLDialogFactoryServiceProvider
20:05:47.080 [FXGL Background Thread 3 ] DEBUG Engine               - class com.almasb.fxgl.audio.AudioPlayer
20:05:47.080 [FXGL Background Thread 3 ] DEBUG Engine               - class com.almasb.fxgl.notification.impl.NotificationServiceProvider
20:05:47.080 [FXGL Background Thread 3 ] DEBUG Engine               - class com.almasb.fxgl.achievement.AchievementService
20:05:47.080 [FXGL Background Thread 3 ] DEBUG Engine               - class com.almasb.fxgl.cutscene.CutsceneService
20:05:47.080 [FXGL Background Thread 3 ] DEBUG Engine               - class com.almasb.fxgl.minigames.MiniGameService
20:05:47.080 [FXGL Background Thread 3 ] DEBUG Engine               - class com.almasb.fxgl.net.NetService
20:05:47.081 [FXGL Background Thread 3 ] DEBUG Engine               - class com.almasb.fxgl.app.services.UpdaterService
20:05:47.081 [FXGL Background Thread 3 ] DEBUG Engine               - class com.almasb.fxgl.dev.DevService
20:05:49.918 [JavaFX Application Thread] DEBUG AudioPlayer          - Playing music com.almasb.fxgl.audio.Music@3c1e7bc6
20:05:49.934 [JavaFX Application Thread] DEBUG AudioPlayer          - Stopping music com.almasb.fxgl.audio.Music@3c1e7bc6
20:05:49.950 [JavaFX Application Thread] DEBUG AudioPlayer          - Playing music com.almasb.fxgl.audio.Music@3c1e7bc6
20:05:49.966 [JavaFX Application Thread] DEBUG AudioPlayer          - Stopping music com.almasb.fxgl.audio.Music@3c1e7bc6
20:05:49.982 [JavaFX Application Thread] DEBUG AudioPlayer          - Playing music com.almasb.fxgl.audio.Music@3c1e7bc6
20:05:49.998 [JavaFX Application Thread] DEBUG AudioPlayer          - Stopping music com.almasb.fxgl.audio.Music@3c1e7bc6
20:05:50.014 [JavaFX Application Thread] DEBUG AudioPlayer          - Playing music com.almasb.fxgl.audio.Music@3c1e7bc6
20:05:50.030 [JavaFX Application Thread] DEBUG AudioPlayer          - Stopping music com.almasb.fxgl.audio.Music@3c1e7bc6
20:05:50.046 [JavaFX Application Thread] DEBUG AudioPlayer          - Playing music com.almasb.fxgl.audio.Music@3c1e7bc6
20:05:50.062 [JavaFX Application Thread] DEBUG AudioPlayer          - Stopping music com.almasb.fxgl.audio.Music@3c1e7bc6
20:05:50.078 [JavaFX Application Thread] DEBUG AudioPlayer          - Playing music com.almasb.fxgl.audio.Music@3c1e7bc6
20:05:50.094 [JavaFX Application Thread] DEBUG AudioPlayer          - Stopping music com.almasb.fxgl.audio.Music@3c1e7bc6
20:05:50.110 [JavaFX Application Thread] DEBUG AudioPlayer          - Playing music com.almasb.fxgl.audio.Music@3c1e7bc6
20:05:53.325 [JavaFX Application Thread] DEBUG FXGLAssetLoaderServi - Loading from file system: file:/D:/bombermango/target/classes/assets/textures/sprites/bomb.png
20:05:53.331 [JavaFX Application Thread] DEBUG FXGLAssetLoaderServi - Loading from file system: file:/D:/bombermango/target/classes/assets/textures/sprites/bomb_1.png
20:05:53.335 [JavaFX Application Thread] DEBUG FXGLAssetLoaderServi - Loading from file system: file:/D:/bombermango/target/classes/assets/textures/sprites/bomb_2.png
20:05:53.345 [JavaFX Application Thread] WARN  GameWorld            - Entity is already attached to world
20:05:55.327 [JavaFX Application Thread] DEBUG FXGLAssetLoaderServi - Loading from file system: file:/D:/bombermango/target/classes/assets/textures/sprites/bomb_exploded.png
20:05:55.330 [JavaFX Application Thread] DEBUG FXGLAssetLoaderServi - Loading from file system: file:/D:/bombermango/target/classes/assets/textures/sprites/bomb_exploded1.png
20:05:55.333 [JavaFX Application Thread] DEBUG FXGLAssetLoaderServi - Loading from file system: file:/D:/bombermango/target/classes/assets/textures/sprites/bomb_exploded2.png
20:05:56.731 [JavaFX Application Thread] WARN  GameWorld            - Entity is already attached to world
20:05:57.942 [JavaFX Application Thread] DEBUG PrimaryStageWindow   - Push state: DialogSubScene
20:05:57.943 [JavaFX Application Thread] DEBUG Input                - Clearing active input actions
20:05:57.946 [JavaFX Application Thread] DEBUG GameApplicationServi - Removing overlay from GameScene and adding to DialogSubScene
20:05:57.947 [JavaFX Application Thread] DEBUG PrimaryStageWindow   - GameScene -> DialogSubScene
20:06:00.915 [JavaFX Application Thread] DEBUG PrimaryStageWindow   - Pop state: DialogSubScene
20:06:00.915 [JavaFX Application Thread] DEBUG Input                - Clearing active input actions
20:06:00.916 [JavaFX Application Thread] DEBUG GameApplicationServi - Removing overlay from DialogSubScene and adding to GameScene
20:06:00.916 [JavaFX Application Thread] DEBUG PrimaryStageWindow   - GameScene <- DialogSubScene
20:06:02.945 [JavaFX Application Thread] WARN  GameWorld            - Entity is already attached to world
20:06:07.824 [JavaFX Application Thread] WARN  GameWorld            - Entity is already attached to world
20:06:18.223 [JavaFX Application Thread] DEBUG PrimaryStageWindow   - Push state: DialogSubScene
20:06:18.224 [JavaFX Application Thread] DEBUG Input                - Clearing active input actions
20:06:18.225 [JavaFX Application Thread] DEBUG GameApplicationServi - Removing overlay from GameScene and adding to DialogSubScene
20:06:18.225 [JavaFX Application Thread] DEBUG PrimaryStageWindow   - GameScene -> DialogSubScene
20:06:19.601 [JavaFX Application Thread] DEBUG PrimaryStageWindow   - Pop state: DialogSubScene
20:06:19.601 [JavaFX Application Thread] DEBUG Input                - Clearing active input actions
20:06:19.602 [JavaFX Application Thread] DEBUG GameApplicationServi - Removing overlay from DialogSubScene and adding to GameScene
20:06:19.602 [JavaFX Application Thread] DEBUG PrimaryStageWindow   - GameScene <- DialogSubScene
20:06:19.615 [JavaFX Application Thread] DEBUG PrimaryStageWindow   - Push state: DialogSubScene
20:06:19.615 [JavaFX Application Thread] DEBUG Input                - Clearing active input actions
20:06:19.615 [JavaFX Application Thread] DEBUG GameApplicationServi - Removing overlay from GameScene and adding to DialogSubScene
20:06:19.615 [JavaFX Application Thread] DEBUG PrimaryStageWindow   - GameScene -> DialogSubScene
20:06:20.894 [JavaFX Application Thread] DEBUG FXGLApplication      - Exiting FXGL
20:06:20.894 [JavaFX Application Thread] DEBUG LoopRunner           - Stopping loop
20:06:20.894 [JavaFX Application Thread] DEBUG SystemBundleService  - Saving FXGL system data
20:06:20.896 [JavaFX Application Thread] DEBUG FileSystemAccess     - Writing to: D:\bombermango\system\fxgl.bundle
20:06:20.899 [JavaFX Application Thread] DEBUG Async                - Shutting down background threads
20:06:20.899 [JavaFX Application Thread] DEBUG PrimaryStageWindow   - Closing main window
20:06:20.918 [JavaFX Application Thread] DEBUG Logger               - Closing Logger
