21:35:57.664 [main                     ] DEBUG Logger               - Configured Logger
21:35:57.704 [main                     ] DEBUG GameApplication      - Logging settings
Title: Bomberman
Version: 0.0
Width: 800
Height: 672
Fullscreen: false
Intro: false
Profiling: false
Single step:false
App Mode: DEVELOPER
Menu Key: ESCAPE
Stage Style: DECORATED
Scene Factory: class com.almasb.fxgl.app.scene.SceneFactory

21:35:58.228 [JavaFX Application Thread] DEBUG FXGLApplication      - Initializing FXGL
21:35:58.239 [JavaFX Application Thread] INFO  Engine               - FXGL-17.1 (24.03.2022 17.34) on WINDOWS (J:18.0.2.1 FX:18.0.1)
21:35:58.240 [JavaFX Application Thread] DEBUG Engine               - JRE Vendor Name: Oracle Corporation
21:35:58.240 [JavaFX Application Thread] DEBUG Engine               - Running on OS: Windows 10 version 10.0
21:35:58.241 [JavaFX Application Thread] DEBUG Engine               - Architecture: amd64
21:35:58.241 [JavaFX Application Thread] INFO  Engine               - Source code and latest versions at: https://github.com/AlmasB/FXGL
21:35:58.242 [JavaFX Application Thread] INFO  Engine               -       Ask questions and discuss at: https://github.com/AlmasB/FXGL/discussions
21:35:58.242 [JavaFX Application Thread] INFO  Engine               -              Join the FXGL chat at: https://gitter.im/AlmasB/FXGL
21:35:58.442 [JavaFX Application Thread] DEBUG PrimaryStageWindow   - Creating a JavaFX scene
21:35:58.529 [JavaFX Application Thread] DEBUG PrimaryStageWindow   - Target settings size: 800.0 x 672.0
21:35:58.530 [JavaFX Application Thread] DEBUG PrimaryStageWindow   - Scaled scene size:    800.0 x 672.0
21:35:58.530 [JavaFX Application Thread] DEBUG PrimaryStageWindow   - Scaled ratio: (1.0, 1.0)
21:35:58.532 [JavaFX Application Thread] DEBUG PrimaryStageWindow   - Set initial scene to FXGLStartupScene
21:35:58.544 [JavaFX Application Thread] DEBUG PrimaryStageWindow   - Opening main window
21:35:58.669 [JavaFX Application Thread] DEBUG PrimaryStageWindow   - Window border size: (14.66668701171875, 37.33331298828125)
21:35:58.669 [JavaFX Application Thread] DEBUG PrimaryStageWindow   - Scaled size: 800.0 x 672.0
21:35:58.669 [JavaFX Application Thread] DEBUG PrimaryStageWindow   - Scaled ratio: (1.0, 1.0)
21:35:58.670 [JavaFX Application Thread] DEBUG PrimaryStageWindow   - Scene size: 800.0 x 672.0
21:35:58.670 [JavaFX Application Thread] DEBUG PrimaryStageWindow   - Stage size: 814.6666870117188 x 709.3333129882812
21:35:58.685 [FXGL Background Thread 1 ] DEBUG Engine               - Initializing environment variables
21:35:58.773 [FXGL Background Thread 1 ] DEBUG FXGLAssetLoaderServi - User app class for loading assets: class mangobomb.bombermango.HelloApplication
21:35:58.774 [FXGL Background Thread 1 ] DEBUG GameApplicationServi - Applying CSS: fxgl_dark.css
21:35:58.776 [FXGL Background Thread 1 ] DEBUG FXGLAssetLoaderServi - Loading from file system: jar:file:/C:/Users/Admin/.m2/repository/com/github/almasb/fxgl/17.1/fxgl-17.1.jar!/fxglassets/ui/css/fxgl_dark.css
21:35:58.873 [FXGL Background Thread 1 ] DEBUG GameApplicationServi - Initializing application scenes
21:35:58.997 [FXGL Background Thread 1 ] DEBUG GameWorld            - Game world initialized
21:35:59.086 [FXGL Background Thread 1 ] DEBUG PhysicsWorld         - Physics world initialized: appHeight=672, physics.ppm=50.0
21:35:59.086 [FXGL Background Thread 1 ] DEBUG PhysicsWorld         - Using strategy: BRUTE_FORCE
21:35:59.094 [FXGL Background Thread 1 ] DEBUG GameScene            - Game scene initialized: 800x672
21:35:59.134 [FXGL Background Thread 1 ] DEBUG FXGL.DefaultMenu     - createMenuBodyMainMenu()
21:35:59.162 [FXGL Background Thread 1 ] DEBUG FXGL.DefaultMenu     - createOptionsMenu()
21:35:59.183 [FXGL Background Thread 1 ] DEBUG FXGLAssetLoaderServi - Loading from file system: jar:file:/C:/Users/Admin/.m2/repository/com/github/almasb/fxgl/17.1/fxgl-17.1.jar!/fxglassets/textures/particles/smoke.png
21:35:59.348 [FXGL Background Thread 1 ] DEBUG FXGLAssetLoaderServi - Loading from file system: jar:file:/C:/Users/Admin/.m2/repository/com/github/almasb/fxgl/17.1/fxgl-17.1.jar!/fxglassets/textures/particles/trace_horizontal.png
21:35:59.425 [FXGL Background Thread 1 ] DEBUG FXGL.DefaultMenu     - createMenuBodyGameMenu()
21:35:59.427 [FXGL Background Thread 1 ] DEBUG FXGL.DefaultMenu     - createOptionsMenu()
21:35:59.452 [FXGL Background Thread 1 ] DEBUG GameApplicationServi - Application scenes initialized
21:35:59.471 [FXGL Background Thread 1 ] DEBUG SystemBundleService  - Loading FXGL system data
21:35:59.480 [FXGL Background Thread 1 ] DEBUG FileSystemAccess     - Reading from: D:\bombermango\system\fxgl.bundle
21:35:59.494 [FXGL Background Thread 1 ] DEBUG SystemBundleService  - Bundle FXGL: {}
21:35:59.495 [FXGL Background Thread 1 ] DEBUG UpdaterService       - Checking for updates
21:35:59.502 [FXGL Background Thread 1 ] DEBUG FXGLApplication      - Loading default localization
21:35:59.503 [FXGL Background Thread 1 ] DEBUG FXGLAssetLoaderServi - Loading from file system: jar:file:/C:/Users/Admin/.m2/repository/com/github/almasb/fxgl/17.1/fxgl-17.1.jar!/fxglassets/languages/english.lang
21:35:59.523 [FXGL Background Thread 4 ] DEBUG FXGLApplication      - Loading fonts
21:35:59.524 [FXGL Background Thread 4 ] DEBUG FXGLAssetLoaderServi - Loading from file system: jar:file:/C:/Users/Admin/.m2/repository/com/github/almasb/fxgl/17.1/fxgl-17.1.jar!/fxglassets/ui/fonts/VarelaRound-Regular.ttf
21:35:59.536 [FXGL Background Thread 1 ] INFO  FXGLApplication      - FXGL initialization took: 0.851 sec
21:35:59.553 [JavaFX Application Thread] DEBUG Input                - Registered new binding: moveUp - W
21:35:59.554 [JavaFX Application Thread] DEBUG Input                - Registered new binding: moveRight - D
21:35:59.554 [JavaFX Application Thread] DEBUG Input                - Registered new binding: moveLeft - A
21:35:59.554 [JavaFX Application Thread] DEBUG Input                - Registered new binding: moveDown - S
21:35:59.554 [JavaFX Application Thread] DEBUG Input                - Registered new binding: implantBomb - F
21:35:59.554 [JavaFX Application Thread] DEBUG Input                - Registered new binding: PlayMusic - M
21:35:59.555 [JavaFX Application Thread] DEBUG FXGLAssetLoaderServi - Loading from file system: jar:file:/C:/Users/Admin/.m2/repository/com/github/almasb/fxgl/17.1/fxgl-17.1.jar!/fxglassets/textures/fxgl_icon.png
21:35:59.581 [JavaFX Application Thread] DEBUG FXGLAssetLoaderServi - Loading from file system: jar:file:/C:/Users/Admin/.m2/repository/com/github/almasb/fxgl/17.1/fxgl-17.1.jar!/fxglassets/textures/fxgl_default_cursor.png
21:35:59.584 [JavaFX Application Thread] DEBUG Input                - Registered new binding: Screenshot - CTRL+8
21:35:59.585 [JavaFX Application Thread] DEBUG Input                - Registered new binding: System info dump - CTRL+9
21:35:59.586 [JavaFX Application Thread] DEBUG Input                - Registered new binding: Restart - CTRL+R
21:35:59.587 [JavaFX Application Thread] DEBUG Input                - Registered new binding: Toggle Debug Camera - CTRL+7
21:35:59.590 [JavaFX Application Thread] DEBUG LoopRunner           - Starting loop
21:35:59.590 [JavaFX Application Thread] DEBUG LoopRunner           - Initializing JavaFX AnimationTimerLoop
21:35:59.593 [JavaFX Application Thread] DEBUG Input                - Clearing active input actions
21:35:59.603 [JavaFX Application Thread] DEBUG GameApplicationServi - Removing overlay from FXGLStartupScene and adding to FXGLMainMenuDummyScene
21:35:59.604 [JavaFX Application Thread] DEBUG PrimaryStageWindow   - FXGLStartupScene -> FXGLMainMenuDummyScene
21:35:59.604 [JavaFX Application Thread] DEBUG PrimaryStageWindow   - Push state: FXGLDefaultMenu
21:35:59.610 [JavaFX Application Thread] DEBUG Input                - Clearing active input actions
21:35:59.654 [JavaFX Application Thread] DEBUG GameApplicationServi - Removing overlay from FXGLMainMenuDummyScene and adding to FXGLDefaultMenu
21:35:59.655 [JavaFX Application Thread] DEBUG PrimaryStageWindow   - FXGLMainMenuDummyScene -> FXGLDefaultMenu
21:35:59.940 [FXGL Background Thread 4 ] DEBUG FXGLAssetLoaderServi - Loading from file system: jar:file:/C:/Users/Admin/.m2/repository/com/github/almasb/fxgl/17.1/fxgl-17.1.jar!/fxglassets/ui/fonts/Abel-Regular.ttf
21:35:59.947 [FXGL Background Thread 4 ] DEBUG FXGLAssetLoaderServi - Loading from file system: jar:file:/C:/Users/Admin/.m2/repository/com/github/almasb/fxgl/17.1/fxgl-17.1.jar!/fxglassets/ui/fonts/TerminalLandMono-Regular.otf
21:35:59.954 [FXGL Background Thread 4 ] DEBUG FXGLAssetLoaderServi - Loading from file system: jar:file:/C:/Users/Admin/.m2/repository/com/github/almasb/fxgl/17.1/fxgl-17.1.jar!/fxglassets/ui/fonts/Courier-Prime.ttf
21:35:59.980 [JavaFX Application Thread] DEBUG FXGLApplication      - Registering font factories with UI factory
21:36:00.673 [FXGL Background Thread 2 ] INFO  UpdaterService       - Your current version:  17.1
21:36:00.673 [FXGL Background Thread 2 ] INFO  UpdaterService       - Latest stable version: 17.2
21:36:01.414 [JavaFX Application Thread] DEBUG Menu                 - fireNewGame()
21:36:01.414 [JavaFX Application Thread] DEBUG GameApplicationServi - Starting new game
21:36:01.419 [JavaFX Application Thread] DEBUG PrimaryStageWindow   - Pop state: FXGLDefaultMenu
21:36:01.419 [JavaFX Application Thread] DEBUG Input                - Clearing active input actions
21:36:01.420 [JavaFX Application Thread] DEBUG GameApplicationServi - Removing overlay from FXGLDefaultMenu and adding to FXGLMainMenuDummyScene
21:36:01.421 [JavaFX Application Thread] DEBUG PrimaryStageWindow   - FXGLMainMenuDummyScene <- FXGLDefaultMenu
21:36:01.421 [JavaFX Application Thread] DEBUG Input                - Clearing active input actions
21:36:01.429 [JavaFX Application Thread] DEBUG GameApplicationServi - Removing overlay from FXGLMainMenuDummyScene and adding to FXGLLoadingScene
21:36:01.430 [JavaFX Application Thread] DEBUG PrimaryStageWindow   - FXGLMainMenuDummyScene -> FXGLLoadingScene
21:36:01.430 [JavaFX Application Thread] DEBUG GameApplicationServi - Clearing previous game
21:36:01.431 [JavaFX Application Thread] DEBUG GameScene            - Clearing game scene
21:36:01.431 [JavaFX Application Thread] DEBUG GameWorld            - Clearing game world
21:36:01.431 [JavaFX Application Thread] DEBUG PhysicsWorld         - Clearing physics world
21:36:01.434 [FXGL Background Thread 2 ] DEBUG FXGLApplication      - Initializing game
21:36:01.474 [FXGL Background Thread 2 ] DEBUG FXGLAssetLoaderServi - Loading from file system: file:/D:/bombermango/target/classes/assets/textures/sprites/wall.png
21:36:01.524 [FXGL Background Thread 2 ] DEBUG FXGLAssetLoaderServi - Loading from file system: file:/D:/bombermango/target/classes/assets/textures/sprites/brick.png
21:36:01.530 [FXGL Background Thread 2 ] DEBUG FXGLAssetLoaderServi - Loading from file system: file:/D:/bombermango/target/classes/assets/textures/sprites/balloom_right1.png
21:36:01.532 [FXGL Background Thread 2 ] DEBUG FXGLAssetLoaderServi - Loading from file system: file:/D:/bombermango/target/classes/assets/textures/sprites/balloom_right2.png
21:36:01.534 [FXGL Background Thread 2 ] DEBUG FXGLAssetLoaderServi - Loading from file system: file:/D:/bombermango/target/classes/assets/textures/sprites/balloom_right3.png
21:36:01.553 [FXGL Background Thread 2 ] DEBUG FXGLAssetLoaderServi - Loading from file system: file:/D:/bombermango/target/classes/assets/textures/sprites/oneal_right1.png
21:36:01.554 [FXGL Background Thread 2 ] DEBUG FXGLAssetLoaderServi - Loading from file system: file:/D:/bombermango/target/classes/assets/textures/sprites/oneal_right2.png
21:36:01.556 [FXGL Background Thread 2 ] DEBUG FXGLAssetLoaderServi - Loading from file system: file:/D:/bombermango/target/classes/assets/textures/sprites/oneal_right3.png
21:36:01.715 [FXGL Background Thread 2 ] DEBUG FXGLAssetLoaderServi - Loading from file system: file:/D:/bombermango/target/classes/assets/textures/sprites/doll_right1.png
21:36:01.717 [FXGL Background Thread 2 ] DEBUG FXGLAssetLoaderServi - Loading from file system: file:/D:/bombermango/target/classes/assets/textures/sprites/doll_right2.png
21:36:01.719 [FXGL Background Thread 2 ] DEBUG FXGLAssetLoaderServi - Loading from file system: file:/D:/bombermango/target/classes/assets/textures/sprites/doll_right3.png
21:36:01.784 [FXGL Background Thread 2 ] DEBUG GameWorld            - Clearing removable entities
21:36:01.785 [FXGL Background Thread 2 ] DEBUG GameWorld            - Setting level: com.almasb.fxgl.entity.level.Level@4f5cef22
21:36:01.857 [FXGL Background Thread 2 ] DEBUG FXGLAssetLoaderServi - Loading from file system: file:/D:/bombermango/target/classes/assets/music/gameaudio.wav
21:36:02.157 [FXGL Background Thread 2 ] DEBUG FXGLAssetLoaderServi - Loading from file system: file:/D:/bombermango/target/classes/assets/textures/sprites/player_right.png
21:36:02.159 [FXGL Background Thread 2 ] DEBUG FXGLAssetLoaderServi - Loading from file system: file:/D:/bombermango/target/classes/assets/textures/sprites/player_right_1.png
21:36:02.161 [FXGL Background Thread 2 ] WARN  FXGLAssetLoaderServi - Asset "/assets/textures/sprites/player_right_2.png" was not found!
21:36:02.162 [FXGL Background Thread 2 ] WARN  FXGLAssetLoaderServi - Failed to load RESIZABLE_IMAGE
21:36:02.192 [FXGL Background Thread 2 ] DEBUG FXGLAssetLoaderServi - Loading from file system: file:/D:/bombermango/target/classes/assets/textures/sprites/player_down.png
21:36:02.194 [FXGL Background Thread 2 ] DEBUG FXGLAssetLoaderServi - Loading from file system: file:/D:/bombermango/target/classes/assets/textures/sprites/player_down_1.png
21:36:02.197 [FXGL Background Thread 2 ] DEBUG FXGLAssetLoaderServi - Loading from file system: file:/D:/bombermango/target/classes/assets/textures/sprites/player_down_2.png
21:36:02.199 [FXGL Background Thread 2 ] DEBUG FXGLAssetLoaderServi - Loading from file system: file:/D:/bombermango/target/classes/assets/textures/sprites/player_left.png
21:36:02.202 [FXGL Background Thread 2 ] DEBUG FXGLAssetLoaderServi - Loading from file system: file:/D:/bombermango/target/classes/assets/textures/sprites/player_left_1.png
21:36:02.203 [FXGL Background Thread 2 ] DEBUG FXGLAssetLoaderServi - Loading from file system: file:/D:/bombermango/target/classes/assets/textures/sprites/player_left_2.png
21:36:02.205 [FXGL Background Thread 2 ] DEBUG FXGLAssetLoaderServi - Loading from file system: file:/D:/bombermango/target/classes/assets/textures/sprites/portal.png
21:36:02.209 [FXGL Background Thread 2 ] DEBUG FXGLAssetLoaderServi - Loading from file system: file:/D:/bombermango/target/classes/assets/textures/sprites/powerup_bombs.png
21:36:02.216 [FXGL Background Thread 2 ] DEBUG FXGLAssetLoaderServi - Loading from file system: file:/D:/bombermango/target/classes/assets/textures/sprites/powerup_flames.png
21:36:02.223 [FXGL Background Thread 2 ] INFO  FXGLApplication      - Game initialization took: 0.789 sec
21:36:02.230 [JavaFX Application Thread] DEBUG Input                - Clearing active input actions
21:36:02.247 [JavaFX Application Thread] DEBUG GameApplicationServi - Removing overlay from FXGLLoadingScene and adding to GameScene
21:36:02.247 [JavaFX Application Thread] DEBUG PrimaryStageWindow   - FXGLLoadingScene -> GameScene
21:36:02.500 [FXGL Background Thread 3 ] DEBUG Engine               - Logging environment variables
21:36:02.500 [FXGL Background Thread 3 ] DEBUG Engine               - achievements: []
21:36:02.501 [FXGL Background Thread 3 ] DEBUG Engine               - actualHeight: 672.0
21:36:02.501 [FXGL Background Thread 3 ] DEBUG Engine               - actualHeightProperty: ReadOnlyDoubleProperty [value: 672.0]
21:36:02.501 [FXGL Background Thread 3 ] DEBUG Engine               - actualWidth: 800.0
21:36:02.501 [FXGL Background Thread 3 ] DEBUG Engine               - actualWidthProperty: ReadOnlyDoubleProperty [value: 800.0]
21:36:02.501 [FXGL Background Thread 3 ] DEBUG Engine               - appIcon: fxgl_icon.png
21:36:02.501 [FXGL Background Thread 3 ] DEBUG Engine               - applicationMode: DEVELOPER
21:36:02.501 [FXGL Background Thread 3 ] DEBUG Engine               - cSSList: [fxgl_dark.css]
21:36:02.501 [FXGL Background Thread 3 ] DEBUG Engine               - collisionDetectionStrategy: BRUTE_FORCE
21:36:02.501 [FXGL Background Thread 3 ] DEBUG Engine               - configClass: Optional.empty
21:36:02.501 [FXGL Background Thread 3 ] DEBUG Engine               - credits: []
21:36:02.502 [FXGL Background Thread 3 ] DEBUG Engine               - defaultCursor: CursorInfo(imageName=fxgl_default_cursor.png, hotspotX=7.0, hotspotY=6.0)
21:36:02.502 [FXGL Background Thread 3 ] DEBUG Engine               - devBBoxColorProperty: ObjectProperty [value: 0xff0000ff]
21:36:02.502 [FXGL Background Thread 3 ] DEBUG Engine               - devEnableDebugCameraProperty: BooleanProperty [value: false]
21:36:02.503 [FXGL Background Thread 3 ] DEBUG Engine               - devSensorColorProperty: ObjectProperty [value: 0xffff00ff]
21:36:02.503 [FXGL Background Thread 3 ] DEBUG Engine               - devShowBBoxProperty: BooleanProperty [value: false]
21:36:02.503 [FXGL Background Thread 3 ] DEBUG Engine               - devShowPositionProperty: BooleanProperty [value: false]
21:36:02.503 [FXGL Background Thread 3 ] DEBUG Engine               - enabledMenuItems: []
21:36:02.503 [FXGL Background Thread 3 ] DEBUG Engine               - engineServices: [class com.almasb.fxgl.app.services.FXGLAssetLoaderService, class com.almasb.fxgl.app.FXGLApplication$GameApplicationService, class com.almasb.fxgl.app.services.FXGLDialogService, class com.almasb.fxgl.app.services.IOTaskExecutorService, class com.almasb.fxgl.io.FileSystemService, class com.almasb.fxgl.localization.LocalizationService, class com.almasb.fxgl.app.services.SystemBundleService, class com.almasb.fxgl.profile.SaveLoadService, class com.almasb.fxgl.ui.FXGLUIFactoryServiceProvider, class com.almasb.fxgl.ui.FXGLDialogFactoryServiceProvider, class com.almasb.fxgl.audio.AudioPlayer, class com.almasb.fxgl.notification.impl.NotificationServiceProvider, class com.almasb.fxgl.achievement.AchievementService, class com.almasb.fxgl.cutscene.CutsceneService, class com.almasb.fxgl.minigames.MiniGameService, class com.almasb.fxgl.net.NetService, class com.almasb.fxgl.app.services.UpdaterService, class com.almasb.fxgl.dev.DevService]
21:36:02.503 [FXGL Background Thread 3 ] DEBUG Engine               - fontGame: Abel-Regular.ttf
21:36:02.503 [FXGL Background Thread 3 ] DEBUG Engine               - fontMono: TerminalLandMono-Regular.otf
21:36:02.503 [FXGL Background Thread 3 ] DEBUG Engine               - fontText: Courier-Prime.ttf
21:36:02.503 [FXGL Background Thread 3 ] DEBUG Engine               - fontUI: VarelaRound-Regular.ttf
21:36:02.503 [FXGL Background Thread 3 ] DEBUG Engine               - fullScreen: BooleanProperty [value: false]
21:36:02.503 [FXGL Background Thread 3 ] DEBUG Engine               - gameDifficulty: MEDIUM
21:36:02.503 [FXGL Background Thread 3 ] DEBUG Engine               - gameDifficultyProperty: ObjectProperty [value: MEDIUM]
21:36:02.503 [FXGL Background Thread 3 ] DEBUG Engine               - globalMusicVolume: 0.5
21:36:02.503 [FXGL Background Thread 3 ] DEBUG Engine               - globalMusicVolumeProperty: DoubleProperty [value: 0.5]
21:36:02.504 [FXGL Background Thread 3 ] DEBUG Engine               - globalSoundVolume: 0.5
21:36:02.504 [FXGL Background Thread 3 ] DEBUG Engine               - globalSoundVolumeProperty: DoubleProperty [value: 0.5]
21:36:02.504 [FXGL Background Thread 3 ] DEBUG Engine               - height: 672
21:36:02.504 [FXGL Background Thread 3 ] DEBUG Engine               - is3D: false
21:36:02.504 [FXGL Background Thread 3 ] DEBUG Engine               - isAndroid: false
21:36:02.504 [FXGL Background Thread 3 ] DEBUG Engine               - isBrowser: false
21:36:02.504 [FXGL Background Thread 3 ] DEBUG Engine               - isClickFeedbackEnabled: false
21:36:02.504 [FXGL Background Thread 3 ] DEBUG Engine               - isCloseConfirmation: false
21:36:02.504 [FXGL Background Thread 3 ] DEBUG Engine               - isDesktop: true
21:36:02.504 [FXGL Background Thread 3 ] DEBUG Engine               - isDeveloperMenuEnabled: false
21:36:02.504 [FXGL Background Thread 3 ] DEBUG Engine               - isEmbedded: false
21:36:02.504 [FXGL Background Thread 3 ] DEBUG Engine               - isEntityPreloadEnabled: true
21:36:02.504 [FXGL Background Thread 3 ] DEBUG Engine               - isExperimentalTiledLargeMap: false
21:36:02.505 [FXGL Background Thread 3 ] DEBUG Engine               - isFileSystemWriteAllowed: true
21:36:02.505 [FXGL Background Thread 3 ] DEBUG Engine               - isFullScreenAllowed: false
21:36:02.505 [FXGL Background Thread 3 ] DEBUG Engine               - isFullScreenFromStart: false
21:36:02.505 [FXGL Background Thread 3 ] DEBUG Engine               - isGameMenuEnabled: true
21:36:02.505 [FXGL Background Thread 3 ] DEBUG Engine               - isIOS: false
21:36:02.505 [FXGL Background Thread 3 ] DEBUG Engine               - isIntroEnabled: false
21:36:02.505 [FXGL Background Thread 3 ] DEBUG Engine               - isLinux: false
21:36:02.505 [FXGL Background Thread 3 ] DEBUG Engine               - isMac: false
21:36:02.505 [FXGL Background Thread 3 ] DEBUG Engine               - isMainMenuEnabled: true
21:36:02.505 [FXGL Background Thread 3 ] DEBUG Engine               - isManualResizeEnabled: false
21:36:02.505 [FXGL Background Thread 3 ] DEBUG Engine               - isMobile: false
21:36:02.505 [FXGL Background Thread 3 ] DEBUG Engine               - isNative: false
21:36:02.505 [FXGL Background Thread 3 ] DEBUG Engine               - isPauseMusicWhenMinimized: true
21:36:02.505 [FXGL Background Thread 3 ] DEBUG Engine               - isPreserveResizeRatio: false
21:36:02.505 [FXGL Background Thread 3 ] DEBUG Engine               - isProfilingEnabled: false
21:36:02.506 [FXGL Background Thread 3 ] DEBUG Engine               - isScaleAffectedOnResize: true
21:36:02.506 [FXGL Background Thread 3 ] DEBUG Engine               - isSingleStep: false
21:36:02.506 [FXGL Background Thread 3 ] DEBUG Engine               - isUserProfileEnabled: false
21:36:02.506 [FXGL Background Thread 3 ] DEBUG Engine               - isWindows: true
21:36:02.506 [FXGL Background Thread 3 ] DEBUG Engine               - language: ObjectProperty [value: ENGLISH]
21:36:02.506 [FXGL Background Thread 3 ] DEBUG Engine               - menuKey: ESCAPE
21:36:02.506 [FXGL Background Thread 3 ] DEBUG Engine               - mouseSensitivity: 0.2
21:36:02.506 [FXGL Background Thread 3 ] DEBUG Engine               - notificationViewClass: class com.almasb.fxgl.notification.view.XboxNotificationView
21:36:02.506 [FXGL Background Thread 3 ] DEBUG Engine               - pixelsPerMeter: 50.0
21:36:02.506 [FXGL Background Thread 3 ] DEBUG Engine               - platform: WINDOWS
21:36:02.506 [FXGL Background Thread 3 ] DEBUG Engine               - prefHeightProperty: ReadOnlyDoubleProperty [value: 672.0]
21:36:02.506 [FXGL Background Thread 3 ] DEBUG Engine               - prefWidthProperty: ReadOnlyDoubleProperty [value: 800.0]
21:36:02.506 [FXGL Background Thread 3 ] DEBUG Engine               - profileDir: profiles/
21:36:02.507 [FXGL Background Thread 3 ] DEBUG Engine               - profileName: StringProperty [value: DEFAULT]
21:36:02.507 [FXGL Background Thread 3 ] DEBUG Engine               - randomSeed: -1
21:36:02.507 [FXGL Background Thread 3 ] DEBUG Engine               - runtimeInfo: RuntimeInfo(platform=WINDOWS, version=17.1, build=24.03.2022 17.34)
21:36:02.507 [FXGL Background Thread 3 ] DEBUG Engine               - saveFileExt: sav
21:36:02.507 [FXGL Background Thread 3 ] DEBUG Engine               - scaledHeightProp$fxgl: DoubleProperty [bound, value: 672.0]
21:36:02.507 [FXGL Background Thread 3 ] DEBUG Engine               - scaledWidthProp$fxgl: DoubleProperty [bound, value: 800.0]
21:36:02.507 [FXGL Background Thread 3 ] DEBUG Engine               - sceneFactory: com.almasb.fxgl.app.scene.SceneFactory@5b748ba4
21:36:02.507 [FXGL Background Thread 3 ] DEBUG Engine               - secondsIn24h: 60
21:36:02.508 [FXGL Background Thread 3 ] DEBUG Engine               - soundMenuBack: menu/back.wav
21:36:02.508 [FXGL Background Thread 3 ] DEBUG Engine               - soundMenuPress: menu/press.wav
21:36:02.508 [FXGL Background Thread 3 ] DEBUG Engine               - soundMenuSelect: menu/select.wav
21:36:02.508 [FXGL Background Thread 3 ] DEBUG Engine               - soundNotification: core/notification.wav
21:36:02.508 [FXGL Background Thread 3 ] DEBUG Engine               - stageStyle: DECORATED
21:36:02.508 [FXGL Background Thread 3 ] DEBUG Engine               - supportedLanguages: [ENGLISH, FRENCH, GERMAN, HUNGARIAN, RUSSIAN]
21:36:02.508 [FXGL Background Thread 3 ] DEBUG Engine               - ticksPerSecond: -1
21:36:02.508 [FXGL Background Thread 3 ] DEBUG Engine               - title: Bomberman
21:36:02.508 [FXGL Background Thread 3 ] DEBUG Engine               - urlGithub: https://github.com/AlmasB/FXGL
21:36:02.508 [FXGL Background Thread 3 ] DEBUG Engine               - urlLeaderboard: http://fxgl-top.herokuapp.com/
21:36:02.508 [FXGL Background Thread 3 ] DEBUG Engine               - urlPOM: https://raw.githubusercontent.com/AlmasB/FXGL/release/README.md
21:36:02.508 [FXGL Background Thread 3 ] DEBUG Engine               - userAppClass: class mangobomb.bombermango.HelloApplication
21:36:02.508 [FXGL Background Thread 3 ] DEBUG Engine               - version: 0.0
21:36:02.508 [FXGL Background Thread 3 ] DEBUG Engine               - versionCheckDays: 7
21:36:02.508 [FXGL Background Thread 3 ] DEBUG Engine               - width: 800
21:36:02.509 [FXGL Background Thread 3 ] DEBUG Engine               - Logging services
21:36:02.509 [FXGL Background Thread 3 ] DEBUG Engine               - class com.almasb.fxgl.app.services.FXGLAssetLoaderService
21:36:02.509 [FXGL Background Thread 3 ] DEBUG Engine               - class com.almasb.fxgl.app.FXGLApplication$GameApplicationService
21:36:02.509 [FXGL Background Thread 3 ] DEBUG Engine               - class com.almasb.fxgl.app.services.FXGLDialogService
21:36:02.509 [FXGL Background Thread 3 ] DEBUG Engine               - class com.almasb.fxgl.app.services.IOTaskExecutorService
21:36:02.509 [FXGL Background Thread 3 ] DEBUG Engine               - class com.almasb.fxgl.io.FileSystemService
21:36:02.509 [FXGL Background Thread 3 ] DEBUG Engine               - class com.almasb.fxgl.localization.LocalizationService
21:36:02.509 [FXGL Background Thread 3 ] DEBUG Engine               - class com.almasb.fxgl.app.services.SystemBundleService
21:36:02.509 [FXGL Background Thread 3 ] DEBUG Engine               - class com.almasb.fxgl.profile.SaveLoadService
21:36:02.509 [FXGL Background Thread 3 ] DEBUG Engine               - class com.almasb.fxgl.ui.FXGLUIFactoryServiceProvider
21:36:02.509 [FXGL Background Thread 3 ] DEBUG Engine               - class com.almasb.fxgl.ui.FXGLDialogFactoryServiceProvider
21:36:02.509 [FXGL Background Thread 3 ] DEBUG Engine               - class com.almasb.fxgl.audio.AudioPlayer
21:36:02.509 [FXGL Background Thread 3 ] DEBUG Engine               - class com.almasb.fxgl.notification.impl.NotificationServiceProvider
21:36:02.509 [FXGL Background Thread 3 ] DEBUG Engine               - class com.almasb.fxgl.achievement.AchievementService
21:36:02.509 [FXGL Background Thread 3 ] DEBUG Engine               - class com.almasb.fxgl.cutscene.CutsceneService
21:36:02.512 [FXGL Background Thread 3 ] DEBUG Engine               - class com.almasb.fxgl.minigames.MiniGameService
21:36:02.512 [FXGL Background Thread 3 ] DEBUG Engine               - class com.almasb.fxgl.net.NetService
21:36:02.513 [FXGL Background Thread 3 ] DEBUG Engine               - class com.almasb.fxgl.app.services.UpdaterService
21:36:02.513 [FXGL Background Thread 3 ] DEBUG Engine               - class com.almasb.fxgl.dev.DevService
21:36:06.129 [JavaFX Application Thread] DEBUG FXGLAssetLoaderServi - Loading from file system: file:/D:/bombermango/target/classes/assets/textures/sprites/bomb.png
21:36:06.130 [JavaFX Application Thread] DEBUG FXGLAssetLoaderServi - Loading from file system: file:/D:/bombermango/target/classes/assets/textures/sprites/bomb_1.png
21:36:06.131 [JavaFX Application Thread] DEBUG FXGLAssetLoaderServi - Loading from file system: file:/D:/bombermango/target/classes/assets/textures/sprites/bomb_2.png
21:36:08.125 [JavaFX Application Thread] DEBUG FXGLAssetLoaderServi - Loading from file system: file:/D:/bombermango/target/classes/assets/textures/sprites/bomb_exploded.png
21:36:08.127 [JavaFX Application Thread] DEBUG FXGLAssetLoaderServi - Loading from file system: file:/D:/bombermango/target/classes/assets/textures/sprites/bomb_exploded1.png
21:36:08.128 [JavaFX Application Thread] DEBUG FXGLAssetLoaderServi - Loading from file system: file:/D:/bombermango/target/classes/assets/textures/sprites/bomb_exploded2.png
21:37:35.305 [JavaFX Application Thread] DEBUG FXGLApplication      - Exiting FXGL
21:37:35.305 [JavaFX Application Thread] DEBUG LoopRunner           - Stopping loop
21:37:35.305 [JavaFX Application Thread] DEBUG SystemBundleService  - Saving FXGL system data
21:37:35.307 [JavaFX Application Thread] DEBUG FileSystemAccess     - Writing to: D:\bombermango\system\fxgl.bundle
21:37:35.309 [JavaFX Application Thread] DEBUG Async                - Shutting down background threads
21:37:35.309 [JavaFX Application Thread] DEBUG PrimaryStageWindow   - Closing main window
21:37:35.338 [JavaFX Application Thread] DEBUG Logger               - Closing Logger
