19:03:27.554 [main                     ] DEBUG Logger               - Configured Logger
19:03:27.596 [main                     ] DEBUG GameApplication      - Logging settings
Title: Bomberman
Version: 0.0
Width: 800
Height: 672
Fullscreen: false
Intro: false
Profiling: false
Single step:false
App Mode: DEVELOPER
Menu Key: ESCAPE
Stage Style: DECORATED
Scene Factory: class com.almasb.fxgl.app.scene.SceneFactory

19:03:28.183 [JavaFX Application Thread] DEBUG FXGLApplication      - Initializing FXGL
19:03:28.198 [JavaFX Application Thread] INFO  Engine               - FXGL-17.1 (24.03.2022 17.34) on WINDOWS (J:18.0.2.1 FX:18.0.1)
19:03:28.198 [JavaFX Application Thread] DEBUG Engine               - JRE Vendor Name: Oracle Corporation
19:03:28.200 [JavaFX Application Thread] DEBUG Engine               - Running on OS: Windows 10 version 10.0
19:03:28.200 [JavaFX Application Thread] DEBUG Engine               - Architecture: amd64
19:03:28.200 [JavaFX Application Thread] INFO  Engine               - Source code and latest versions at: https://github.com/AlmasB/FXGL
19:03:28.200 [JavaFX Application Thread] INFO  Engine               -       Ask questions and discuss at: https://github.com/AlmasB/FXGL/discussions
19:03:28.200 [JavaFX Application Thread] INFO  Engine               -              Join the FXGL chat at: https://gitter.im/AlmasB/FXGL
19:03:28.404 [JavaFX Application Thread] DEBUG PrimaryStageWindow   - Creating a JavaFX scene
19:03:28.493 [JavaFX Application Thread] DEBUG PrimaryStageWindow   - Target settings size: 800.0 x 672.0
19:03:28.494 [JavaFX Application Thread] DEBUG PrimaryStageWindow   - Scaled scene size:    800.0 x 672.0
19:03:28.495 [JavaFX Application Thread] DEBUG PrimaryStageWindow   - Scaled ratio: (1.0, 1.0)
19:03:28.497 [JavaFX Application Thread] DEBUG PrimaryStageWindow   - Set initial scene to FXGLStartupScene
19:03:28.512 [JavaFX Application Thread] DEBUG PrimaryStageWindow   - Opening main window
19:03:28.662 [JavaFX Application Thread] DEBUG PrimaryStageWindow   - Window border size: (14.66668701171875, 37.33331298828125)
19:03:28.663 [JavaFX Application Thread] DEBUG PrimaryStageWindow   - Scaled size: 800.0 x 672.0
19:03:28.664 [JavaFX Application Thread] DEBUG PrimaryStageWindow   - Scaled ratio: (1.0, 1.0)
19:03:28.664 [JavaFX Application Thread] DEBUG PrimaryStageWindow   - Scene size: 800.0 x 672.0
19:03:28.665 [JavaFX Application Thread] DEBUG PrimaryStageWindow   - Stage size: 814.6666870117188 x 709.3333129882812
19:03:28.678 [FXGL Background Thread 1 ] DEBUG Engine               - Initializing environment variables
19:03:28.785 [FXGL Background Thread 1 ] DEBUG FXGLAssetLoaderServi - User app class for loading assets: class mangobomb.bombermango.HelloApplication
19:03:28.786 [FXGL Background Thread 1 ] DEBUG GameApplicationServi - Applying CSS: fxgl_dark.css
19:03:28.787 [FXGL Background Thread 1 ] DEBUG FXGLAssetLoaderServi - Loading from file system: jar:file:/C:/Users/Admin/.m2/repository/com/github/almasb/fxgl/17.1/fxgl-17.1.jar!/fxglassets/ui/css/fxgl_dark.css
19:03:28.880 [FXGL Background Thread 1 ] DEBUG GameApplicationServi - Initializing application scenes
19:03:29.007 [FXGL Background Thread 1 ] DEBUG GameWorld            - Game world initialized
19:03:29.096 [FXGL Background Thread 1 ] DEBUG PhysicsWorld         - Physics world initialized: appHeight=672, physics.ppm=50.0
19:03:29.096 [FXGL Background Thread 1 ] DEBUG PhysicsWorld         - Using strategy: BRUTE_FORCE
19:03:29.103 [FXGL Background Thread 1 ] DEBUG GameScene            - Game scene initialized: 800x672
19:03:29.122 [FXGL Background Thread 1 ] DEBUG FXGL.DefaultMenu     - createMenuBodyMainMenu()
19:03:29.154 [FXGL Background Thread 1 ] DEBUG FXGL.DefaultMenu     - createOptionsMenu()
19:03:29.174 [FXGL Background Thread 1 ] DEBUG FXGLAssetLoaderServi - Loading from file system: jar:file:/C:/Users/Admin/.m2/repository/com/github/almasb/fxgl/17.1/fxgl-17.1.jar!/fxglassets/textures/particles/smoke.png
19:03:29.354 [FXGL Background Thread 1 ] DEBUG FXGLAssetLoaderServi - Loading from file system: jar:file:/C:/Users/Admin/.m2/repository/com/github/almasb/fxgl/17.1/fxgl-17.1.jar!/fxglassets/textures/particles/trace_horizontal.png
19:03:29.423 [FXGL Background Thread 1 ] DEBUG FXGL.DefaultMenu     - createMenuBodyGameMenu()
19:03:29.425 [FXGL Background Thread 1 ] DEBUG FXGL.DefaultMenu     - createOptionsMenu()
19:03:29.448 [FXGL Background Thread 1 ] DEBUG GameApplicationServi - Application scenes initialized
19:03:29.466 [FXGL Background Thread 1 ] DEBUG SystemBundleService  - Loading FXGL system data
19:03:29.474 [FXGL Background Thread 1 ] DEBUG FileSystemAccess     - Reading from: D:\bombermango\system\fxgl.bundle
19:03:29.491 [FXGL Background Thread 1 ] DEBUG SystemBundleService  - Bundle FXGL: {}
19:03:29.491 [FXGL Background Thread 1 ] DEBUG UpdaterService       - Checking for updates
19:03:29.498 [FXGL Background Thread 4 ] DEBUG FXGLApplication      - Loading fonts
19:03:29.499 [FXGL Background Thread 4 ] DEBUG FXGLAssetLoaderServi - Loading from file system: jar:file:/C:/Users/Admin/.m2/repository/com/github/almasb/fxgl/17.1/fxgl-17.1.jar!/fxglassets/ui/fonts/VarelaRound-Regular.ttf
19:03:29.502 [FXGL Background Thread 1 ] DEBUG FXGLApplication      - Loading default localization
19:03:29.502 [FXGL Background Thread 1 ] DEBUG FXGLAssetLoaderServi - Loading from file system: jar:file:/C:/Users/Admin/.m2/repository/com/github/almasb/fxgl/17.1/fxgl-17.1.jar!/fxglassets/languages/english.lang
19:03:29.546 [FXGL Background Thread 1 ] INFO  FXGLApplication      - FXGL initialization took: 0.868 sec
19:03:29.570 [JavaFX Application Thread] DEBUG Input                - Registered new binding: moveUp - W
19:03:29.570 [JavaFX Application Thread] DEBUG Input                - Registered new binding: moveRight - D
19:03:29.570 [JavaFX Application Thread] DEBUG Input                - Registered new binding: moveLeft - A
19:03:29.571 [JavaFX Application Thread] DEBUG Input                - Registered new binding: moveDown - S
19:03:29.571 [JavaFX Application Thread] DEBUG Input                - Registered new binding: implantBomb - F
19:03:29.571 [JavaFX Application Thread] DEBUG Input                - Registered new binding: PlayMusic - M
19:03:29.571 [JavaFX Application Thread] DEBUG Input                - Registered new binding: Pause - P
19:03:29.572 [JavaFX Application Thread] DEBUG FXGLAssetLoaderServi - Loading from file system: jar:file:/C:/Users/Admin/.m2/repository/com/github/almasb/fxgl/17.1/fxgl-17.1.jar!/fxglassets/textures/fxgl_icon.png
19:03:29.618 [JavaFX Application Thread] DEBUG FXGLAssetLoaderServi - Loading from file system: jar:file:/C:/Users/Admin/.m2/repository/com/github/almasb/fxgl/17.1/fxgl-17.1.jar!/fxglassets/textures/fxgl_default_cursor.png
19:03:29.621 [JavaFX Application Thread] DEBUG Input                - Registered new binding: Screenshot - CTRL+8
19:03:29.622 [JavaFX Application Thread] DEBUG Input                - Registered new binding: System info dump - CTRL+9
19:03:29.623 [JavaFX Application Thread] DEBUG Input                - Registered new binding: Restart - CTRL+R
19:03:29.624 [JavaFX Application Thread] DEBUG Input                - Registered new binding: Toggle Debug Camera - CTRL+7
19:03:29.627 [JavaFX Application Thread] DEBUG LoopRunner           - Starting loop
19:03:29.627 [JavaFX Application Thread] DEBUG LoopRunner           - Initializing JavaFX AnimationTimerLoop
19:03:29.634 [JavaFX Application Thread] DEBUG Input                - Clearing active input actions
19:03:29.643 [JavaFX Application Thread] DEBUG GameApplicationServi - Removing overlay from FXGLStartupScene and adding to FXGLMainMenuDummyScene
19:03:29.644 [JavaFX Application Thread] DEBUG PrimaryStageWindow   - FXGLStartupScene -> FXGLMainMenuDummyScene
19:03:29.644 [JavaFX Application Thread] DEBUG PrimaryStageWindow   - Push state: FXGLDefaultMenu
19:03:29.656 [JavaFX Application Thread] DEBUG Input                - Clearing active input actions
19:03:29.672 [JavaFX Application Thread] DEBUG GameApplicationServi - Removing overlay from FXGLMainMenuDummyScene and adding to FXGLDefaultMenu
19:03:29.672 [JavaFX Application Thread] DEBUG PrimaryStageWindow   - FXGLMainMenuDummyScene -> FXGLDefaultMenu
19:03:29.741 [FXGL Background Thread 4 ] DEBUG FXGLAssetLoaderServi - Loading from file system: jar:file:/C:/Users/Admin/.m2/repository/com/github/almasb/fxgl/17.1/fxgl-17.1.jar!/fxglassets/ui/fonts/Abel-Regular.ttf
19:03:29.748 [FXGL Background Thread 4 ] DEBUG FXGLAssetLoaderServi - Loading from file system: jar:file:/C:/Users/Admin/.m2/repository/com/github/almasb/fxgl/17.1/fxgl-17.1.jar!/fxglassets/ui/fonts/TerminalLandMono-Regular.otf
19:03:29.754 [FXGL Background Thread 4 ] DEBUG FXGLAssetLoaderServi - Loading from file system: jar:file:/C:/Users/Admin/.m2/repository/com/github/almasb/fxgl/17.1/fxgl-17.1.jar!/fxglassets/ui/fonts/Courier-Prime.ttf
19:03:29.815 [JavaFX Application Thread] DEBUG FXGLApplication      - Registering font factories with UI factory
19:03:30.405 [FXGL Background Thread 2 ] INFO  UpdaterService       - Your current version:  17.1
19:03:30.405 [FXGL Background Thread 2 ] INFO  UpdaterService       - Latest stable version: 17.2
19:03:30.691 [JavaFX Application Thread] DEBUG Menu                 - fireNewGame()
19:03:30.691 [JavaFX Application Thread] DEBUG GameApplicationServi - Starting new game
19:03:30.694 [JavaFX Application Thread] DEBUG PrimaryStageWindow   - Pop state: FXGLDefaultMenu
19:03:30.694 [JavaFX Application Thread] DEBUG Input                - Clearing active input actions
19:03:30.695 [JavaFX Application Thread] DEBUG GameApplicationServi - Removing overlay from FXGLDefaultMenu and adding to FXGLMainMenuDummyScene
19:03:30.698 [JavaFX Application Thread] DEBUG PrimaryStageWindow   - FXGLMainMenuDummyScene <- FXGLDefaultMenu
19:03:30.698 [JavaFX Application Thread] DEBUG Input                - Clearing active input actions
19:03:30.711 [JavaFX Application Thread] DEBUG GameApplicationServi - Removing overlay from FXGLMainMenuDummyScene and adding to FXGLLoadingScene
19:03:30.714 [JavaFX Application Thread] DEBUG PrimaryStageWindow   - FXGLMainMenuDummyScene -> FXGLLoadingScene
19:03:30.714 [JavaFX Application Thread] DEBUG GameApplicationServi - Clearing previous game
19:03:30.714 [JavaFX Application Thread] DEBUG GameScene            - Clearing game scene
19:03:30.714 [JavaFX Application Thread] DEBUG GameWorld            - Clearing game world
19:03:30.715 [JavaFX Application Thread] DEBUG PhysicsWorld         - Clearing physics world
19:03:30.717 [FXGL Background Thread 2 ] DEBUG FXGLApplication      - Initializing game
19:03:30.752 [FXGL Background Thread 2 ] DEBUG FXGLAssetLoaderServi - Loading from file system: file:/D:/bombermango/target/classes/assets/textures/sprites/wall.png
19:03:30.810 [FXGL Background Thread 2 ] DEBUG FXGLAssetLoaderServi - Loading from file system: file:/D:/bombermango/target/classes/assets/textures/sprites/brick.png
19:03:30.955 [FXGL Background Thread 2 ] DEBUG GameWorld            - Clearing removable entities
19:03:30.956 [FXGL Background Thread 2 ] DEBUG GameWorld            - Setting level: com.almasb.fxgl.entity.level.Level@47958c2a
19:03:31.092 [FXGL Background Thread 2 ] WARN  FXGLAssetLoaderServi - Asset "/assets/music/gameaudio.wav" was not found!
19:03:31.093 [FXGL Background Thread 2 ] WARN  FXGLAssetLoaderServi - Failed to load MUSIC
19:03:31.097 [FXGL Background Thread 2 ] DEBUG FXGLAssetLoaderServi - Loading from file system: file:/D:/bombermango/target/classes/assets/textures/sprites/player_right.png
19:03:31.101 [FXGL Background Thread 2 ] DEBUG FXGLAssetLoaderServi - Loading from file system: file:/D:/bombermango/target/classes/assets/textures/sprites/player_right_1.png
19:03:31.103 [FXGL Background Thread 2 ] WARN  FXGLAssetLoaderServi - Asset "/assets/textures/sprites/player_right_2.png" was not found!
19:03:31.103 [FXGL Background Thread 2 ] WARN  FXGLAssetLoaderServi - Failed to load RESIZABLE_IMAGE
19:03:31.149 [FXGL Background Thread 2 ] DEBUG FXGLAssetLoaderServi - Loading from file system: file:/D:/bombermango/target/classes/assets/textures/sprites/player_down.png
19:03:31.152 [FXGL Background Thread 2 ] DEBUG FXGLAssetLoaderServi - Loading from file system: file:/D:/bombermango/target/classes/assets/textures/sprites/player_down_1.png
19:03:31.155 [FXGL Background Thread 2 ] DEBUG FXGLAssetLoaderServi - Loading from file system: file:/D:/bombermango/target/classes/assets/textures/sprites/player_down_2.png
19:03:31.159 [FXGL Background Thread 2 ] DEBUG FXGLAssetLoaderServi - Loading from file system: file:/D:/bombermango/target/classes/assets/textures/sprites/player_left.png
19:03:31.160 [FXGL Background Thread 2 ] DEBUG FXGLAssetLoaderServi - Loading from file system: file:/D:/bombermango/target/classes/assets/textures/sprites/player_left_1.png
19:03:31.162 [FXGL Background Thread 2 ] DEBUG FXGLAssetLoaderServi - Loading from file system: file:/D:/bombermango/target/classes/assets/textures/sprites/player_left_2.png
19:03:31.172 [FXGL Background Thread 2 ] DEBUG FXGLAssetLoaderServi - Loading from file system: file:/D:/bombermango/target/classes/assets/textures/sprites/portal.png
19:03:31.177 [FXGL Background Thread 2 ] DEBUG FXGLAssetLoaderServi - Loading from file system: file:/D:/bombermango/target/classes/assets/textures/sprites/powerup_bombs.png
19:03:31.182 [FXGL Background Thread 2 ] DEBUG FXGLAssetLoaderServi - Loading from file system: file:/D:/bombermango/target/classes/assets/textures/sprites/powerup_flames.png
19:03:31.204 [FXGL Background Thread 2 ] INFO  FXGLApplication      - Game initialization took: 0.486 sec
19:03:31.215 [JavaFX Application Thread] DEBUG Input                - Clearing active input actions
19:03:31.235 [JavaFX Application Thread] DEBUG GameApplicationServi - Removing overlay from FXGLLoadingScene and adding to GameScene
19:03:31.236 [JavaFX Application Thread] DEBUG PrimaryStageWindow   - FXGLLoadingScene -> GameScene
19:03:32.499 [FXGL Background Thread 3 ] DEBUG Engine               - Logging environment variables
19:03:32.502 [FXGL Background Thread 3 ] DEBUG Engine               - achievements: []
19:03:32.503 [FXGL Background Thread 3 ] DEBUG Engine               - actualHeight: 672.0
19:03:32.503 [FXGL Background Thread 3 ] DEBUG Engine               - actualHeightProperty: ReadOnlyDoubleProperty [value: 672.0]
19:03:32.504 [FXGL Background Thread 3 ] DEBUG Engine               - actualWidth: 800.0
19:03:32.505 [FXGL Background Thread 3 ] DEBUG Engine               - actualWidthProperty: ReadOnlyDoubleProperty [value: 800.0]
19:03:32.505 [FXGL Background Thread 3 ] DEBUG Engine               - appIcon: fxgl_icon.png
19:03:32.505 [FXGL Background Thread 3 ] DEBUG Engine               - applicationMode: DEVELOPER
19:03:32.506 [FXGL Background Thread 3 ] DEBUG Engine               - cSSList: [fxgl_dark.css]
19:03:32.506 [FXGL Background Thread 3 ] DEBUG Engine               - collisionDetectionStrategy: BRUTE_FORCE
19:03:32.506 [FXGL Background Thread 3 ] DEBUG Engine               - configClass: Optional.empty
19:03:32.506 [FXGL Background Thread 3 ] DEBUG Engine               - credits: []
19:03:32.508 [FXGL Background Thread 3 ] DEBUG Engine               - defaultCursor: CursorInfo(imageName=fxgl_default_cursor.png, hotspotX=7.0, hotspotY=6.0)
19:03:32.508 [FXGL Background Thread 3 ] DEBUG Engine               - devBBoxColorProperty: ObjectProperty [value: 0xff0000ff]
19:03:32.509 [FXGL Background Thread 3 ] DEBUG Engine               - devEnableDebugCameraProperty: BooleanProperty [value: false]
19:03:32.509 [FXGL Background Thread 3 ] DEBUG Engine               - devSensorColorProperty: ObjectProperty [value: 0xffff00ff]
19:03:32.509 [FXGL Background Thread 3 ] DEBUG Engine               - devShowBBoxProperty: BooleanProperty [value: false]
19:03:32.510 [FXGL Background Thread 3 ] DEBUG Engine               - devShowPositionProperty: BooleanProperty [value: false]
19:03:32.510 [FXGL Background Thread 3 ] DEBUG Engine               - enabledMenuItems: []
19:03:32.510 [FXGL Background Thread 3 ] DEBUG Engine               - engineServices: [class com.almasb.fxgl.app.services.FXGLAssetLoaderService, class com.almasb.fxgl.app.FXGLApplication$GameApplicationService, class com.almasb.fxgl.app.services.FXGLDialogService, class com.almasb.fxgl.app.services.IOTaskExecutorService, class com.almasb.fxgl.io.FileSystemService, class com.almasb.fxgl.localization.LocalizationService, class com.almasb.fxgl.app.services.SystemBundleService, class com.almasb.fxgl.profile.SaveLoadService, class com.almasb.fxgl.ui.FXGLUIFactoryServiceProvider, class com.almasb.fxgl.ui.FXGLDialogFactoryServiceProvider, class com.almasb.fxgl.audio.AudioPlayer, class com.almasb.fxgl.notification.impl.NotificationServiceProvider, class com.almasb.fxgl.achievement.AchievementService, class com.almasb.fxgl.cutscene.CutsceneService, class com.almasb.fxgl.minigames.MiniGameService, class com.almasb.fxgl.net.NetService, class com.almasb.fxgl.app.services.UpdaterService, class com.almasb.fxgl.dev.DevService]
19:03:32.511 [FXGL Background Thread 3 ] DEBUG Engine               - fontGame: Abel-Regular.ttf
19:03:32.512 [FXGL Background Thread 3 ] DEBUG Engine               - fontMono: TerminalLandMono-Regular.otf
19:03:32.512 [FXGL Background Thread 3 ] DEBUG Engine               - fontText: Courier-Prime.ttf
19:03:32.513 [FXGL Background Thread 3 ] DEBUG Engine               - fontUI: VarelaRound-Regular.ttf
19:03:32.513 [FXGL Background Thread 3 ] DEBUG Engine               - fullScreen: BooleanProperty [value: false]
19:03:32.513 [FXGL Background Thread 3 ] DEBUG Engine               - gameDifficulty: MEDIUM
19:03:32.514 [FXGL Background Thread 3 ] DEBUG Engine               - gameDifficultyProperty: ObjectProperty [value: MEDIUM]
19:03:32.515 [FXGL Background Thread 3 ] DEBUG Engine               - globalMusicVolume: 0.5
19:03:32.516 [FXGL Background Thread 3 ] DEBUG Engine               - globalMusicVolumeProperty: DoubleProperty [value: 0.5]
19:03:32.517 [FXGL Background Thread 3 ] DEBUG Engine               - globalSoundVolume: 0.5
19:03:32.518 [FXGL Background Thread 3 ] DEBUG Engine               - globalSoundVolumeProperty: DoubleProperty [value: 0.5]
19:03:32.519 [FXGL Background Thread 3 ] DEBUG Engine               - height: 672
19:03:32.519 [FXGL Background Thread 3 ] DEBUG Engine               - is3D: false
19:03:32.519 [FXGL Background Thread 3 ] DEBUG Engine               - isAndroid: false
19:03:32.520 [FXGL Background Thread 3 ] DEBUG Engine               - isBrowser: false
19:03:32.520 [FXGL Background Thread 3 ] DEBUG Engine               - isClickFeedbackEnabled: false
19:03:32.520 [FXGL Background Thread 3 ] DEBUG Engine               - isCloseConfirmation: false
19:03:32.521 [FXGL Background Thread 3 ] DEBUG Engine               - isDesktop: true
19:03:32.521 [FXGL Background Thread 3 ] DEBUG Engine               - isDeveloperMenuEnabled: false
19:03:32.521 [FXGL Background Thread 3 ] DEBUG Engine               - isEmbedded: false
19:03:32.521 [FXGL Background Thread 3 ] DEBUG Engine               - isEntityPreloadEnabled: true
19:03:32.522 [FXGL Background Thread 3 ] DEBUG Engine               - isExperimentalTiledLargeMap: false
19:03:32.522 [FXGL Background Thread 3 ] DEBUG Engine               - isFileSystemWriteAllowed: true
19:03:32.522 [FXGL Background Thread 3 ] DEBUG Engine               - isFullScreenAllowed: false
19:03:32.522 [FXGL Background Thread 3 ] DEBUG Engine               - isFullScreenFromStart: false
19:03:32.523 [FXGL Background Thread 3 ] DEBUG Engine               - isGameMenuEnabled: true
19:03:32.523 [FXGL Background Thread 3 ] DEBUG Engine               - isIOS: false
19:03:32.523 [FXGL Background Thread 3 ] DEBUG Engine               - isIntroEnabled: false
19:03:32.524 [FXGL Background Thread 3 ] DEBUG Engine               - isLinux: false
19:03:32.524 [FXGL Background Thread 3 ] DEBUG Engine               - isMac: false
19:03:32.524 [FXGL Background Thread 3 ] DEBUG Engine               - isMainMenuEnabled: true
19:03:32.524 [FXGL Background Thread 3 ] DEBUG Engine               - isManualResizeEnabled: false
19:03:32.524 [FXGL Background Thread 3 ] DEBUG Engine               - isMobile: false
19:03:32.524 [FXGL Background Thread 3 ] DEBUG Engine               - isNative: false
19:03:32.525 [FXGL Background Thread 3 ] DEBUG Engine               - isPauseMusicWhenMinimized: true
19:03:32.525 [FXGL Background Thread 3 ] DEBUG Engine               - isPreserveResizeRatio: false
19:03:32.525 [FXGL Background Thread 3 ] DEBUG Engine               - isProfilingEnabled: false
19:03:32.525 [FXGL Background Thread 3 ] DEBUG Engine               - isScaleAffectedOnResize: true
19:03:32.525 [FXGL Background Thread 3 ] DEBUG Engine               - isSingleStep: false
19:03:32.525 [FXGL Background Thread 3 ] DEBUG Engine               - isUserProfileEnabled: false
19:03:32.526 [FXGL Background Thread 3 ] DEBUG Engine               - isWindows: true
19:03:32.526 [FXGL Background Thread 3 ] DEBUG Engine               - language: ObjectProperty [value: ENGLISH]
19:03:32.526 [FXGL Background Thread 3 ] DEBUG Engine               - menuKey: ESCAPE
19:03:32.526 [FXGL Background Thread 3 ] DEBUG Engine               - mouseSensitivity: 0.2
19:03:32.527 [FXGL Background Thread 3 ] DEBUG Engine               - notificationViewClass: class com.almasb.fxgl.notification.view.XboxNotificationView
19:03:32.527 [FXGL Background Thread 3 ] DEBUG Engine               - pixelsPerMeter: 50.0
19:03:32.527 [FXGL Background Thread 3 ] DEBUG Engine               - platform: WINDOWS
19:03:32.528 [FXGL Background Thread 3 ] DEBUG Engine               - prefHeightProperty: ReadOnlyDoubleProperty [value: 672.0]
19:03:32.528 [FXGL Background Thread 3 ] DEBUG Engine               - prefWidthProperty: ReadOnlyDoubleProperty [value: 800.0]
19:03:32.528 [FXGL Background Thread 3 ] DEBUG Engine               - profileDir: profiles/
19:03:32.528 [FXGL Background Thread 3 ] DEBUG Engine               - profileName: StringProperty [value: DEFAULT]
19:03:32.529 [FXGL Background Thread 3 ] DEBUG Engine               - randomSeed: -1
19:03:32.530 [FXGL Background Thread 3 ] DEBUG Engine               - runtimeInfo: RuntimeInfo(platform=WINDOWS, version=17.1, build=24.03.2022 17.34)
19:03:32.530 [FXGL Background Thread 3 ] DEBUG Engine               - saveFileExt: sav
19:03:32.530 [FXGL Background Thread 3 ] DEBUG Engine               - scaledHeightProp$fxgl: DoubleProperty [bound, value: 672.0]
19:03:32.530 [FXGL Background Thread 3 ] DEBUG Engine               - scaledWidthProp$fxgl: DoubleProperty [bound, value: 800.0]
19:03:32.531 [FXGL Background Thread 3 ] DEBUG Engine               - sceneFactory: com.almasb.fxgl.app.scene.SceneFactory@5132a2a3
19:03:32.531 [FXGL Background Thread 3 ] DEBUG Engine               - secondsIn24h: 60
19:03:32.531 [FXGL Background Thread 3 ] DEBUG Engine               - soundMenuBack: menu/back.wav
19:03:32.531 [FXGL Background Thread 3 ] DEBUG Engine               - soundMenuPress: menu/press.wav
19:03:32.531 [FXGL Background Thread 3 ] DEBUG Engine               - soundMenuSelect: menu/select.wav
19:03:32.531 [FXGL Background Thread 3 ] DEBUG Engine               - soundNotification: core/notification.wav
19:03:32.532 [FXGL Background Thread 3 ] DEBUG Engine               - stageStyle: DECORATED
19:03:32.532 [FXGL Background Thread 3 ] DEBUG Engine               - supportedLanguages: [ENGLISH, FRENCH, GERMAN, HUNGARIAN, RUSSIAN]
19:03:32.533 [FXGL Background Thread 3 ] DEBUG Engine               - ticksPerSecond: -1
19:03:32.534 [FXGL Background Thread 3 ] DEBUG Engine               - title: Bomberman
19:03:32.534 [FXGL Background Thread 3 ] DEBUG Engine               - urlGithub: https://github.com/AlmasB/FXGL
19:03:32.534 [FXGL Background Thread 3 ] DEBUG Engine               - urlLeaderboard: http://fxgl-top.herokuapp.com/
19:03:32.535 [FXGL Background Thread 3 ] DEBUG Engine               - urlPOM: https://raw.githubusercontent.com/AlmasB/FXGL/release/README.md
19:03:32.535 [FXGL Background Thread 3 ] DEBUG Engine               - userAppClass: class mangobomb.bombermango.HelloApplication
19:03:32.536 [FXGL Background Thread 3 ] DEBUG Engine               - version: 0.0
19:03:32.536 [FXGL Background Thread 3 ] DEBUG Engine               - versionCheckDays: 7
19:03:32.536 [FXGL Background Thread 3 ] DEBUG Engine               - width: 800
19:03:32.537 [FXGL Background Thread 3 ] DEBUG Engine               - Logging services
19:03:32.537 [FXGL Background Thread 3 ] DEBUG Engine               - class com.almasb.fxgl.app.services.FXGLAssetLoaderService
19:03:32.537 [FXGL Background Thread 3 ] DEBUG Engine               - class com.almasb.fxgl.app.FXGLApplication$GameApplicationService
19:03:32.537 [FXGL Background Thread 3 ] DEBUG Engine               - class com.almasb.fxgl.app.services.FXGLDialogService
19:03:32.537 [FXGL Background Thread 3 ] DEBUG Engine               - class com.almasb.fxgl.app.services.IOTaskExecutorService
19:03:32.538 [FXGL Background Thread 3 ] DEBUG Engine               - class com.almasb.fxgl.io.FileSystemService
19:03:32.538 [FXGL Background Thread 3 ] DEBUG Engine               - class com.almasb.fxgl.localization.LocalizationService
19:03:32.538 [FXGL Background Thread 3 ] DEBUG Engine               - class com.almasb.fxgl.app.services.SystemBundleService
19:03:32.538 [FXGL Background Thread 3 ] DEBUG Engine               - class com.almasb.fxgl.profile.SaveLoadService
19:03:32.538 [FXGL Background Thread 3 ] DEBUG Engine               - class com.almasb.fxgl.ui.FXGLUIFactoryServiceProvider
19:03:32.538 [FXGL Background Thread 3 ] DEBUG Engine               - class com.almasb.fxgl.ui.FXGLDialogFactoryServiceProvider
19:03:32.538 [FXGL Background Thread 3 ] DEBUG Engine               - class com.almasb.fxgl.audio.AudioPlayer
19:03:32.538 [FXGL Background Thread 3 ] DEBUG Engine               - class com.almasb.fxgl.notification.impl.NotificationServiceProvider
19:03:32.538 [FXGL Background Thread 3 ] DEBUG Engine               - class com.almasb.fxgl.achievement.AchievementService
19:03:32.539 [FXGL Background Thread 3 ] DEBUG Engine               - class com.almasb.fxgl.cutscene.CutsceneService
19:03:32.539 [FXGL Background Thread 3 ] DEBUG Engine               - class com.almasb.fxgl.minigames.MiniGameService
19:03:32.539 [FXGL Background Thread 3 ] DEBUG Engine               - class com.almasb.fxgl.net.NetService
19:03:32.539 [FXGL Background Thread 3 ] DEBUG Engine               - class com.almasb.fxgl.app.services.UpdaterService
19:03:32.539 [FXGL Background Thread 3 ] DEBUG Engine               - class com.almasb.fxgl.dev.DevService
19:03:34.272 [JavaFX Application Thread] DEBUG FXGLApplication      - Exiting FXGL
19:03:34.272 [JavaFX Application Thread] DEBUG LoopRunner           - Stopping loop
19:03:34.272 [JavaFX Application Thread] DEBUG SystemBundleService  - Saving FXGL system data
19:03:34.274 [JavaFX Application Thread] DEBUG FileSystemAccess     - Writing to: D:\bombermango\system\fxgl.bundle
19:03:34.277 [JavaFX Application Thread] DEBUG Async                - Shutting down background threads
19:03:34.277 [JavaFX Application Thread] DEBUG PrimaryStageWindow   - Closing main window
19:03:34.353 [JavaFX Application Thread] DEBUG Logger               - Closing Logger
