09:56:07.897 [main                     ] DEBUG Logger               - Configured Logger
09:56:07.940 [main                     ] DEBUG GameApplication      - Logging settings
Title: Bomberman!
Version: 0.0
Width: 700
Height: 700
Fullscreen: false
Intro: false
Profiling: false
Single step:false
App Mode: DEVELOPER
Menu Key: ESCAPE
Stage Style: DECORATED
Scene Factory: class com.almasb.fxgl.app.scene.SceneFactory

09:56:08.483 [JavaFX Application Thread] DEBUG FXGLApplication      - Initializing FXGL
09:56:08.493 [JavaFX Application Thread] INFO  Engine               - FXGL-17.1 (24.03.2022 17.34) on WINDOWS (J:18.0.2.1 FX:18.0.1)
09:56:08.494 [JavaFX Application Thread] DEBUG Engine               - JRE Vendor Name: Oracle Corporation
09:56:08.494 [JavaFX Application Thread] DEBUG Engine               - Running on OS: Windows 10 version 10.0
09:56:08.494 [JavaFX Application Thread] DEBUG Engine               - Architecture: amd64
09:56:08.495 [JavaFX Application Thread] INFO  Engine               - Source code and latest versions at: https://github.com/AlmasB/FXGL
09:56:08.495 [JavaFX Application Thread] INFO  Engine               -       Ask questions and discuss at: https://github.com/AlmasB/FXGL/discussions
09:56:08.495 [JavaFX Application Thread] INFO  Engine               -              Join the FXGL chat at: https://gitter.im/AlmasB/FXGL
09:56:08.703 [JavaFX Application Thread] DEBUG PrimaryStageWindow   - Creating a JavaFX scene
09:56:08.704 [JavaFX Application Thread] DEBUG PrimaryStageWindow   - Target size > screen size
09:56:08.789 [JavaFX Application Thread] DEBUG PrimaryStageWindow   - Target settings size: 700.0 x 700.0
09:56:08.790 [JavaFX Application Thread] DEBUG PrimaryStageWindow   - Scaled scene size:    655.0 x 680.0
09:56:08.790 [JavaFX Application Thread] DEBUG PrimaryStageWindow   - Scaled ratio: (0.9357142857142857, 0.9714285714285714)
09:56:08.792 [JavaFX Application Thread] DEBUG PrimaryStageWindow   - Set initial scene to FXGLStartupScene
09:56:08.803 [JavaFX Application Thread] DEBUG PrimaryStageWindow   - Opening main window
09:56:08.932 [JavaFX Application Thread] DEBUG PrimaryStageWindow   - Window border size: (15.0, 37.33331298828125)
09:56:08.933 [JavaFX Application Thread] DEBUG PrimaryStageWindow   - Scaled size: 655.0 x 680.0
09:56:08.933 [JavaFX Application Thread] DEBUG PrimaryStageWindow   - Scaled ratio: (0.9357142857142857, 0.9714285714285714)
09:56:08.934 [JavaFX Application Thread] DEBUG PrimaryStageWindow   - Scene size: 655.0 x 680.0
09:56:08.934 [JavaFX Application Thread] DEBUG PrimaryStageWindow   - Stage size: 670.0 x 717.3333129882812
09:56:08.946 [FXGL Background Thread 1 ] DEBUG Engine               - Initializing environment variables
09:56:09.052 [FXGL Background Thread 1 ] DEBUG FXGLAssetLoaderServi - User app class for loading assets: class mangobomb.bombermango.HelloApplication
09:56:09.053 [FXGL Background Thread 1 ] DEBUG GameApplicationServi - Applying CSS: fxgl_dark.css
09:56:09.055 [FXGL Background Thread 1 ] DEBUG FXGLAssetLoaderServi - Loading from file system: jar:file:/C:/Users/Admin/.m2/repository/com/github/almasb/fxgl/17.1/fxgl-17.1.jar!/fxglassets/ui/css/fxgl_dark.css
09:56:09.142 [FXGL Background Thread 1 ] DEBUG GameApplicationServi - Initializing application scenes
09:56:09.282 [FXGL Background Thread 1 ] DEBUG GameWorld            - Game world initialized
09:56:09.380 [FXGL Background Thread 1 ] DEBUG PhysicsWorld         - Physics world initialized: appHeight=700, physics.ppm=50.0
09:56:09.381 [FXGL Background Thread 1 ] DEBUG PhysicsWorld         - Using strategy: BRUTE_FORCE
09:56:09.387 [FXGL Background Thread 1 ] DEBUG GameScene            - Game scene initialized: 700x700
09:56:09.407 [FXGL Background Thread 1 ] WARN  FXGL.DefaultMenu     - FXGLDefaultMenu is not designed for resolutions < 800x600
09:56:09.407 [FXGL Background Thread 1 ] DEBUG FXGL.DefaultMenu     - createMenuBodyGameMenu()
09:56:09.431 [FXGL Background Thread 1 ] DEBUG FXGL.DefaultMenu     - createOptionsMenu()
09:56:09.449 [FXGL Background Thread 1 ] DEBUG FXGLAssetLoaderServi - Loading from file system: jar:file:/C:/Users/Admin/.m2/repository/com/github/almasb/fxgl/17.1/fxgl-17.1.jar!/fxglassets/textures/particles/smoke.png
09:56:09.631 [FXGL Background Thread 1 ] DEBUG FXGLAssetLoaderServi - Loading from file system: jar:file:/C:/Users/Admin/.m2/repository/com/github/almasb/fxgl/17.1/fxgl-17.1.jar!/fxglassets/textures/particles/trace_horizontal.png
09:56:09.704 [FXGL Background Thread 1 ] DEBUG GameApplicationServi - Application scenes initialized
09:56:09.726 [FXGL Background Thread 1 ] DEBUG SystemBundleService  - Loading FXGL system data
09:56:09.767 [FXGL Background Thread 1 ] DEBUG FileSystemAccess     - Reading from: D:\bombermango\system\fxgl.bundle
09:56:09.782 [FXGL Background Thread 1 ] DEBUG SystemBundleService  - Bundle FXGL: {}
09:56:09.783 [FXGL Background Thread 1 ] DEBUG UpdaterService       - Checking for updates
09:56:09.790 [FXGL Background Thread 1 ] DEBUG FXGLApplication      - Loading default localization
09:56:09.791 [FXGL Background Thread 1 ] DEBUG FXGLAssetLoaderServi - Loading from file system: jar:file:/C:/Users/Admin/.m2/repository/com/github/almasb/fxgl/17.1/fxgl-17.1.jar!/fxglassets/languages/english.lang
09:56:09.816 [FXGL Background Thread 1 ] INFO  FXGLApplication      - FXGL initialization took: 0.869 sec
09:56:09.827 [FXGL Background Thread 4 ] DEBUG FXGLApplication      - Loading fonts
09:56:09.828 [FXGL Background Thread 4 ] DEBUG FXGLAssetLoaderServi - Loading from file system: jar:file:/C:/Users/Admin/.m2/repository/com/github/almasb/fxgl/17.1/fxgl-17.1.jar!/fxglassets/ui/fonts/VarelaRound-Regular.ttf
09:56:09.830 [JavaFX Application Thread] DEBUG Input                - Registered new binding: Up 1 - W
09:56:09.830 [JavaFX Application Thread] DEBUG Input                - Registered new binding: Left 1 - A
09:56:09.830 [JavaFX Application Thread] DEBUG Input                - Registered new binding: Down 1 - S
09:56:09.830 [JavaFX Application Thread] DEBUG Input                - Registered new binding: Right 1 - D
09:56:09.832 [JavaFX Application Thread] DEBUG FXGLAssetLoaderServi - Loading from file system: jar:file:/C:/Users/Admin/.m2/repository/com/github/almasb/fxgl/17.1/fxgl-17.1.jar!/fxglassets/textures/fxgl_icon.png
09:56:09.859 [JavaFX Application Thread] DEBUG FXGLAssetLoaderServi - Loading from file system: jar:file:/C:/Users/Admin/.m2/repository/com/github/almasb/fxgl/17.1/fxgl-17.1.jar!/fxglassets/textures/fxgl_default_cursor.png
09:56:09.863 [JavaFX Application Thread] DEBUG Input                - Registered new binding: Screenshot - CTRL+8
09:56:09.864 [JavaFX Application Thread] DEBUG Input                - Registered new binding: System info dump - CTRL+9
09:56:09.865 [JavaFX Application Thread] DEBUG Input                - Registered new binding: Restart - CTRL+R
09:56:09.866 [JavaFX Application Thread] DEBUG Input                - Registered new binding: Toggle Debug Camera - CTRL+7
09:56:09.867 [JavaFX Application Thread] DEBUG LoopRunner           - Starting loop
09:56:09.869 [JavaFX Application Thread] DEBUG LoopRunner           - Initializing JavaFX AnimationTimerLoop
09:56:09.871 [JavaFX Application Thread] DEBUG GameApplicationServi - Starting new game
09:56:09.872 [JavaFX Application Thread] DEBUG Input                - Clearing active input actions
09:56:09.916 [JavaFX Application Thread] DEBUG GameApplicationServi - Removing overlay from FXGLStartupScene and adding to FXGLLoadingScene
09:56:09.916 [JavaFX Application Thread] DEBUG PrimaryStageWindow   - FXGLStartupScene -> FXGLLoadingScene
09:56:09.916 [JavaFX Application Thread] DEBUG GameApplicationServi - Clearing previous game
09:56:09.916 [JavaFX Application Thread] DEBUG GameScene            - Clearing game scene
09:56:09.917 [JavaFX Application Thread] DEBUG GameWorld            - Clearing game world
09:56:09.917 [JavaFX Application Thread] DEBUG PhysicsWorld         - Clearing physics world
09:56:09.920 [FXGL Background Thread 1 ] DEBUG FXGLApplication      - Initializing game
09:56:09.936 [FXGL Background Thread 1 ] DEBUG FXGLAssetLoaderServi - Loading from file system: file:/D:/bombermango/target/classes/assets/textures/sprites/player_left.png
09:56:09.942 [FXGL Background Thread 1 ] DEBUG FXGLAssetLoaderServi - Loading from file system: file:/D:/bombermango/target/classes/assets/textures/sprites/player_left_1.png
09:56:09.947 [FXGL Background Thread 1 ] DEBUG FXGLAssetLoaderServi - Loading from file system: file:/D:/bombermango/target/classes/assets/textures/sprites/player_left_2.png
09:56:09.987 [FXGL Background Thread 1 ] INFO  FXGLApplication      - Game initialization took: 0.067 sec
09:56:10.131 [JavaFX Application Thread] DEBUG Input                - Clearing active input actions
09:56:10.144 [JavaFX Application Thread] DEBUG GameApplicationServi - Removing overlay from FXGLLoadingScene and adding to GameScene
09:56:10.145 [JavaFX Application Thread] DEBUG PrimaryStageWindow   - FXGLLoadingScene -> GameScene
09:56:10.249 [FXGL Background Thread 4 ] DEBUG FXGLAssetLoaderServi - Loading from file system: jar:file:/C:/Users/Admin/.m2/repository/com/github/almasb/fxgl/17.1/fxgl-17.1.jar!/fxglassets/ui/fonts/Abel-Regular.ttf
09:56:10.254 [FXGL Background Thread 4 ] DEBUG FXGLAssetLoaderServi - Loading from file system: jar:file:/C:/Users/Admin/.m2/repository/com/github/almasb/fxgl/17.1/fxgl-17.1.jar!/fxglassets/ui/fonts/TerminalLandMono-Regular.otf
09:56:10.259 [FXGL Background Thread 4 ] DEBUG FXGLAssetLoaderServi - Loading from file system: jar:file:/C:/Users/Admin/.m2/repository/com/github/almasb/fxgl/17.1/fxgl-17.1.jar!/fxglassets/ui/fonts/Courier-Prime.ttf
09:56:10.274 [JavaFX Application Thread] DEBUG FXGLApplication      - Registering font factories with UI factory
09:56:11.037 [FXGL Background Thread 2 ] INFO  UpdaterService       - Your current version:  17.1
09:56:11.037 [FXGL Background Thread 2 ] INFO  UpdaterService       - Latest stable version: 17.2
09:56:12.787 [FXGL Background Thread 3 ] DEBUG Engine               - Logging environment variables
09:56:12.788 [FXGL Background Thread 3 ] DEBUG Engine               - achievements: []
09:56:12.789 [FXGL Background Thread 3 ] DEBUG Engine               - actualHeight: 680.0
09:56:12.789 [FXGL Background Thread 3 ] DEBUG Engine               - actualHeightProperty: ReadOnlyDoubleProperty [value: 680.0]
09:56:12.790 [FXGL Background Thread 3 ] DEBUG Engine               - actualWidth: 655.0
09:56:12.790 [FXGL Background Thread 3 ] DEBUG Engine               - actualWidthProperty: ReadOnlyDoubleProperty [value: 655.0]
09:56:12.790 [FXGL Background Thread 3 ] DEBUG Engine               - appIcon: fxgl_icon.png
09:56:12.790 [FXGL Background Thread 3 ] DEBUG Engine               - applicationMode: DEVELOPER
09:56:12.791 [FXGL Background Thread 3 ] DEBUG Engine               - cSSList: [fxgl_dark.css]
09:56:12.791 [FXGL Background Thread 3 ] DEBUG Engine               - collisionDetectionStrategy: BRUTE_FORCE
09:56:12.791 [FXGL Background Thread 3 ] DEBUG Engine               - configClass: Optional.empty
09:56:12.791 [FXGL Background Thread 3 ] DEBUG Engine               - credits: []
09:56:12.793 [FXGL Background Thread 3 ] DEBUG Engine               - defaultCursor: CursorInfo(imageName=fxgl_default_cursor.png, hotspotX=7.0, hotspotY=6.0)
09:56:12.793 [FXGL Background Thread 3 ] DEBUG Engine               - devBBoxColorProperty: ObjectProperty [value: 0xff0000ff]
09:56:12.793 [FXGL Background Thread 3 ] DEBUG Engine               - devEnableDebugCameraProperty: BooleanProperty [value: false]
09:56:12.794 [FXGL Background Thread 3 ] DEBUG Engine               - devSensorColorProperty: ObjectProperty [value: 0xffff00ff]
09:56:12.794 [FXGL Background Thread 3 ] DEBUG Engine               - devShowBBoxProperty: BooleanProperty [value: false]
09:56:12.794 [FXGL Background Thread 3 ] DEBUG Engine               - devShowPositionProperty: BooleanProperty [value: false]
09:56:12.794 [FXGL Background Thread 3 ] DEBUG Engine               - enabledMenuItems: []
09:56:12.795 [FXGL Background Thread 3 ] DEBUG Engine               - engineServices: [class com.almasb.fxgl.app.services.FXGLAssetLoaderService, class com.almasb.fxgl.app.FXGLApplication$GameApplicationService, class com.almasb.fxgl.app.services.FXGLDialogService, class com.almasb.fxgl.app.services.IOTaskExecutorService, class com.almasb.fxgl.io.FileSystemService, class com.almasb.fxgl.localization.LocalizationService, class com.almasb.fxgl.app.services.SystemBundleService, class com.almasb.fxgl.profile.SaveLoadService, class com.almasb.fxgl.ui.FXGLUIFactoryServiceProvider, class com.almasb.fxgl.ui.FXGLDialogFactoryServiceProvider, class com.almasb.fxgl.audio.AudioPlayer, class com.almasb.fxgl.notification.impl.NotificationServiceProvider, class com.almasb.fxgl.achievement.AchievementService, class com.almasb.fxgl.cutscene.CutsceneService, class com.almasb.fxgl.minigames.MiniGameService, class com.almasb.fxgl.net.NetService, class com.almasb.fxgl.app.services.UpdaterService, class com.almasb.fxgl.dev.DevService]
09:56:12.795 [FXGL Background Thread 3 ] DEBUG Engine               - fontGame: Abel-Regular.ttf
09:56:12.795 [FXGL Background Thread 3 ] DEBUG Engine               - fontMono: TerminalLandMono-Regular.otf
09:56:12.795 [FXGL Background Thread 3 ] DEBUG Engine               - fontText: Courier-Prime.ttf
09:56:12.796 [FXGL Background Thread 3 ] DEBUG Engine               - fontUI: VarelaRound-Regular.ttf
09:56:12.796 [FXGL Background Thread 3 ] DEBUG Engine               - fullScreen: BooleanProperty [value: false]
09:56:12.796 [FXGL Background Thread 3 ] DEBUG Engine               - gameDifficulty: MEDIUM
09:56:12.796 [FXGL Background Thread 3 ] DEBUG Engine               - gameDifficultyProperty: ObjectProperty [value: MEDIUM]
09:56:12.796 [FXGL Background Thread 3 ] DEBUG Engine               - globalMusicVolume: 0.5
09:56:12.797 [FXGL Background Thread 3 ] DEBUG Engine               - globalMusicVolumeProperty: DoubleProperty [value: 0.5]
09:56:12.797 [FXGL Background Thread 3 ] DEBUG Engine               - globalSoundVolume: 0.5
09:56:12.798 [FXGL Background Thread 3 ] DEBUG Engine               - globalSoundVolumeProperty: DoubleProperty [value: 0.5]
09:56:12.798 [FXGL Background Thread 3 ] DEBUG Engine               - height: 700
09:56:12.798 [FXGL Background Thread 3 ] DEBUG Engine               - is3D: false
09:56:12.798 [FXGL Background Thread 3 ] DEBUG Engine               - isAndroid: false
09:56:12.799 [FXGL Background Thread 3 ] DEBUG Engine               - isBrowser: false
09:56:12.799 [FXGL Background Thread 3 ] DEBUG Engine               - isClickFeedbackEnabled: false
09:56:12.799 [FXGL Background Thread 3 ] DEBUG Engine               - isCloseConfirmation: false
09:56:12.799 [FXGL Background Thread 3 ] DEBUG Engine               - isDesktop: true
09:56:12.800 [FXGL Background Thread 3 ] DEBUG Engine               - isDeveloperMenuEnabled: false
09:56:12.800 [FXGL Background Thread 3 ] DEBUG Engine               - isEmbedded: false
09:56:12.800 [FXGL Background Thread 3 ] DEBUG Engine               - isEntityPreloadEnabled: true
09:56:12.800 [FXGL Background Thread 3 ] DEBUG Engine               - isExperimentalTiledLargeMap: false
09:56:12.800 [FXGL Background Thread 3 ] DEBUG Engine               - isFileSystemWriteAllowed: true
09:56:12.800 [FXGL Background Thread 3 ] DEBUG Engine               - isFullScreenAllowed: false
09:56:12.801 [FXGL Background Thread 3 ] DEBUG Engine               - isFullScreenFromStart: false
09:56:12.801 [FXGL Background Thread 3 ] DEBUG Engine               - isGameMenuEnabled: true
09:56:12.801 [FXGL Background Thread 3 ] DEBUG Engine               - isIOS: false
09:56:12.802 [FXGL Background Thread 3 ] DEBUG Engine               - isIntroEnabled: false
09:56:12.802 [FXGL Background Thread 3 ] DEBUG Engine               - isLinux: false
09:56:12.802 [FXGL Background Thread 3 ] DEBUG Engine               - isMac: false
09:56:12.803 [FXGL Background Thread 3 ] DEBUG Engine               - isMainMenuEnabled: false
09:56:12.803 [FXGL Background Thread 3 ] DEBUG Engine               - isManualResizeEnabled: false
09:56:12.803 [FXGL Background Thread 3 ] DEBUG Engine               - isMobile: false
09:56:12.804 [FXGL Background Thread 3 ] DEBUG Engine               - isNative: false
09:56:12.804 [FXGL Background Thread 3 ] DEBUG Engine               - isPauseMusicWhenMinimized: true
09:56:12.804 [FXGL Background Thread 3 ] DEBUG Engine               - isPreserveResizeRatio: false
09:56:12.805 [FXGL Background Thread 3 ] DEBUG Engine               - isProfilingEnabled: false
09:56:12.805 [FXGL Background Thread 3 ] DEBUG Engine               - isScaleAffectedOnResize: true
09:56:12.805 [FXGL Background Thread 3 ] DEBUG Engine               - isSingleStep: false
09:56:12.806 [FXGL Background Thread 3 ] DEBUG Engine               - isUserProfileEnabled: false
09:56:12.806 [FXGL Background Thread 3 ] DEBUG Engine               - isWindows: true
09:56:12.807 [FXGL Background Thread 3 ] DEBUG Engine               - language: ObjectProperty [value: ENGLISH]
09:56:12.807 [FXGL Background Thread 3 ] DEBUG Engine               - menuKey: ESCAPE
09:56:12.807 [FXGL Background Thread 3 ] DEBUG Engine               - mouseSensitivity: 0.2
09:56:12.807 [FXGL Background Thread 3 ] DEBUG Engine               - notificationViewClass: class com.almasb.fxgl.notification.view.XboxNotificationView
09:56:12.808 [FXGL Background Thread 3 ] DEBUG Engine               - pixelsPerMeter: 50.0
09:56:12.808 [FXGL Background Thread 3 ] DEBUG Engine               - platform: WINDOWS
09:56:12.808 [FXGL Background Thread 3 ] DEBUG Engine               - prefHeightProperty: ReadOnlyDoubleProperty [value: 700.0]
09:56:12.809 [FXGL Background Thread 3 ] DEBUG Engine               - prefWidthProperty: ReadOnlyDoubleProperty [value: 700.0]
09:56:12.809 [FXGL Background Thread 3 ] DEBUG Engine               - profileDir: profiles/
09:56:12.810 [FXGL Background Thread 3 ] DEBUG Engine               - profileName: StringProperty [value: DEFAULT]
09:56:12.810 [FXGL Background Thread 3 ] DEBUG Engine               - randomSeed: -1
09:56:12.811 [FXGL Background Thread 3 ] DEBUG Engine               - runtimeInfo: RuntimeInfo(platform=WINDOWS, version=17.1, build=24.03.2022 17.34)
09:56:12.812 [FXGL Background Thread 3 ] DEBUG Engine               - saveFileExt: sav
09:56:12.812 [FXGL Background Thread 3 ] DEBUG Engine               - scaledHeightProp$fxgl: DoubleProperty [bound, value: 680.0]
09:56:12.812 [FXGL Background Thread 3 ] DEBUG Engine               - scaledWidthProp$fxgl: DoubleProperty [bound, value: 655.0]
09:56:12.813 [FXGL Background Thread 3 ] DEBUG Engine               - sceneFactory: com.almasb.fxgl.app.scene.SceneFactory@7435ebec
09:56:12.813 [FXGL Background Thread 3 ] DEBUG Engine               - secondsIn24h: 60
09:56:12.813 [FXGL Background Thread 3 ] DEBUG Engine               - soundMenuBack: menu/back.wav
09:56:12.814 [FXGL Background Thread 3 ] DEBUG Engine               - soundMenuPress: menu/press.wav
09:56:12.814 [FXGL Background Thread 3 ] DEBUG Engine               - soundMenuSelect: menu/select.wav
09:56:12.814 [FXGL Background Thread 3 ] DEBUG Engine               - soundNotification: core/notification.wav
09:56:12.814 [FXGL Background Thread 3 ] DEBUG Engine               - stageStyle: DECORATED
09:56:12.815 [FXGL Background Thread 3 ] DEBUG Engine               - supportedLanguages: [ENGLISH, FRENCH, GERMAN, HUNGARIAN, RUSSIAN]
09:56:12.815 [FXGL Background Thread 3 ] DEBUG Engine               - ticksPerSecond: -1
09:56:12.815 [FXGL Background Thread 3 ] DEBUG Engine               - title: Bomberman!
09:56:12.816 [FXGL Background Thread 3 ] DEBUG Engine               - urlGithub: https://github.com/AlmasB/FXGL
09:56:12.816 [FXGL Background Thread 3 ] DEBUG Engine               - urlLeaderboard: http://fxgl-top.herokuapp.com/
09:56:12.816 [FXGL Background Thread 3 ] DEBUG Engine               - urlPOM: https://raw.githubusercontent.com/AlmasB/FXGL/release/README.md
09:56:12.816 [FXGL Background Thread 3 ] DEBUG Engine               - userAppClass: class mangobomb.bombermango.HelloApplication
09:56:12.817 [FXGL Background Thread 3 ] DEBUG Engine               - version: 0.0
09:56:12.817 [FXGL Background Thread 3 ] DEBUG Engine               - versionCheckDays: 7
09:56:12.817 [FXGL Background Thread 3 ] DEBUG Engine               - width: 700
09:56:12.818 [FXGL Background Thread 3 ] DEBUG Engine               - Logging services
09:56:12.818 [FXGL Background Thread 3 ] DEBUG Engine               - class com.almasb.fxgl.app.services.FXGLAssetLoaderService
09:56:12.818 [FXGL Background Thread 3 ] DEBUG Engine               - class com.almasb.fxgl.app.FXGLApplication$GameApplicationService
09:56:12.818 [FXGL Background Thread 3 ] DEBUG Engine               - class com.almasb.fxgl.app.services.FXGLDialogService
09:56:12.818 [FXGL Background Thread 3 ] DEBUG Engine               - class com.almasb.fxgl.app.services.IOTaskExecutorService
09:56:12.819 [FXGL Background Thread 3 ] DEBUG Engine               - class com.almasb.fxgl.io.FileSystemService
09:56:12.819 [FXGL Background Thread 3 ] DEBUG Engine               - class com.almasb.fxgl.localization.LocalizationService
09:56:12.819 [FXGL Background Thread 3 ] DEBUG Engine               - class com.almasb.fxgl.app.services.SystemBundleService
09:56:12.819 [FXGL Background Thread 3 ] DEBUG Engine               - class com.almasb.fxgl.profile.SaveLoadService
09:56:12.820 [FXGL Background Thread 3 ] DEBUG Engine               - class com.almasb.fxgl.ui.FXGLUIFactoryServiceProvider
09:56:12.820 [FXGL Background Thread 3 ] DEBUG Engine               - class com.almasb.fxgl.ui.FXGLDialogFactoryServiceProvider
09:56:12.820 [FXGL Background Thread 3 ] DEBUG Engine               - class com.almasb.fxgl.audio.AudioPlayer
09:56:12.820 [FXGL Background Thread 3 ] DEBUG Engine               - class com.almasb.fxgl.notification.impl.NotificationServiceProvider
09:56:12.821 [FXGL Background Thread 3 ] DEBUG Engine               - class com.almasb.fxgl.achievement.AchievementService
09:56:12.821 [FXGL Background Thread 3 ] DEBUG Engine               - class com.almasb.fxgl.cutscene.CutsceneService
09:56:12.822 [FXGL Background Thread 3 ] DEBUG Engine               - class com.almasb.fxgl.minigames.MiniGameService
09:56:12.822 [FXGL Background Thread 3 ] DEBUG Engine               - class com.almasb.fxgl.net.NetService
09:56:12.822 [FXGL Background Thread 3 ] DEBUG Engine               - class com.almasb.fxgl.app.services.UpdaterService
09:56:12.822 [FXGL Background Thread 3 ] DEBUG Engine               - class com.almasb.fxgl.dev.DevService
09:56:15.522 [JavaFX Application Thread] DEBUG FXGLApplication      - Exiting FXGL
09:56:15.522 [JavaFX Application Thread] DEBUG LoopRunner           - Stopping loop
09:56:15.522 [JavaFX Application Thread] DEBUG SystemBundleService  - Saving FXGL system data
09:56:15.524 [JavaFX Application Thread] DEBUG FileSystemAccess     - Writing to: D:\bombermango\system\fxgl.bundle
09:56:15.526 [JavaFX Application Thread] DEBUG Async                - Shutting down background threads
09:56:15.527 [JavaFX Application Thread] DEBUG PrimaryStageWindow   - Closing main window
09:56:15.551 [JavaFX Application Thread] DEBUG Logger               - Closing Logger
