16:33:33.342 [main                     ] DEBUG Logger               - Configured Logger
16:33:33.384 [main                     ] DEBUG GameApplication      - Logging settings
Title: Bomberman
Version: 0.0
Width: 800
Height: 672
Fullscreen: false
Intro: false
Profiling: false
Single step:false
App Mode: DEVELOPER
Menu Key: ESCAPE
Stage Style: DECORATED
Scene Factory: class com.almasb.fxgl.app.scene.SceneFactory

16:33:33.923 [JavaFX Application Thread] DEBUG FXGLApplication      - Initializing FXGL
16:33:33.933 [JavaFX Application Thread] INFO  Engine               - FXGL-17.1 (24.03.2022 17.34) on WINDOWS (J:18.0.2.1 FX:18.0.1)
16:33:33.933 [JavaFX Application Thread] DEBUG Engine               - JRE Vendor Name: Oracle Corporation
16:33:33.934 [JavaFX Application Thread] DEBUG Engine               - Running on OS: Windows 10 version 10.0
16:33:33.934 [JavaFX Application Thread] DEBUG Engine               - Architecture: amd64
16:33:33.934 [JavaFX Application Thread] INFO  Engine               - Source code and latest versions at: https://github.com/AlmasB/FXGL
16:33:33.934 [JavaFX Application Thread] INFO  Engine               -       Ask questions and discuss at: https://github.com/AlmasB/FXGL/discussions
16:33:33.934 [JavaFX Application Thread] INFO  Engine               -              Join the FXGL chat at: https://gitter.im/AlmasB/FXGL
16:33:34.122 [JavaFX Application Thread] DEBUG PrimaryStageWindow   - Creating a JavaFX scene
16:33:34.205 [JavaFX Application Thread] DEBUG PrimaryStageWindow   - Target settings size: 800.0 x 672.0
16:33:34.205 [JavaFX Application Thread] DEBUG PrimaryStageWindow   - Scaled scene size:    800.0 x 672.0
16:33:34.206 [JavaFX Application Thread] DEBUG PrimaryStageWindow   - Scaled ratio: (1.0, 1.0)
16:33:34.207 [JavaFX Application Thread] DEBUG PrimaryStageWindow   - Set initial scene to FXGLStartupScene
16:33:34.218 [JavaFX Application Thread] DEBUG PrimaryStageWindow   - Opening main window
16:33:34.351 [JavaFX Application Thread] DEBUG PrimaryStageWindow   - Window border size: (14.66668701171875, 37.33331298828125)
16:33:34.351 [JavaFX Application Thread] DEBUG PrimaryStageWindow   - Scaled size: 800.0 x 672.0
16:33:34.352 [JavaFX Application Thread] DEBUG PrimaryStageWindow   - Scaled ratio: (1.0, 1.0)
16:33:34.352 [JavaFX Application Thread] DEBUG PrimaryStageWindow   - Scene size: 800.0 x 672.0
16:33:34.352 [JavaFX Application Thread] DEBUG PrimaryStageWindow   - Stage size: 814.6666870117188 x 709.3333129882812
16:33:34.366 [FXGL Background Thread 1 ] DEBUG Engine               - Initializing environment variables
16:33:34.477 [FXGL Background Thread 1 ] DEBUG FXGLAssetLoaderServi - User app class for loading assets: class mangobomb.bombermango.HelloApplication
16:33:34.478 [FXGL Background Thread 1 ] DEBUG GameApplicationServi - Applying CSS: fxgl_dark.css
16:33:34.480 [FXGL Background Thread 1 ] DEBUG FXGLAssetLoaderServi - Loading from file system: jar:file:/C:/Users/Admin/.m2/repository/com/github/almasb/fxgl/17.1/fxgl-17.1.jar!/fxglassets/ui/css/fxgl_dark.css
16:33:34.570 [FXGL Background Thread 1 ] DEBUG GameApplicationServi - Initializing application scenes
16:33:34.686 [FXGL Background Thread 1 ] DEBUG GameWorld            - Game world initialized
16:33:34.773 [FXGL Background Thread 1 ] DEBUG PhysicsWorld         - Physics world initialized: appHeight=672, physics.ppm=50.0
16:33:34.774 [FXGL Background Thread 1 ] DEBUG PhysicsWorld         - Using strategy: BRUTE_FORCE
16:33:34.779 [FXGL Background Thread 1 ] DEBUG GameScene            - Game scene initialized: 800x672
16:33:34.798 [FXGL Background Thread 1 ] DEBUG FXGL.DefaultMenu     - createMenuBodyMainMenu()
16:33:34.822 [FXGL Background Thread 1 ] DEBUG FXGL.DefaultMenu     - createOptionsMenu()
16:33:34.840 [FXGL Background Thread 1 ] DEBUG FXGLAssetLoaderServi - Loading from file system: jar:file:/C:/Users/Admin/.m2/repository/com/github/almasb/fxgl/17.1/fxgl-17.1.jar!/fxglassets/textures/particles/smoke.png
16:33:34.998 [FXGL Background Thread 1 ] DEBUG FXGLAssetLoaderServi - Loading from file system: jar:file:/C:/Users/Admin/.m2/repository/com/github/almasb/fxgl/17.1/fxgl-17.1.jar!/fxglassets/textures/particles/trace_horizontal.png
16:33:35.040 [FXGL Background Thread 1 ] DEBUG FXGL.DefaultMenu     - createMenuBodyGameMenu()
16:33:35.041 [FXGL Background Thread 1 ] DEBUG FXGL.DefaultMenu     - createOptionsMenu()
16:33:35.080 [FXGL Background Thread 1 ] DEBUG GameApplicationServi - Application scenes initialized
16:33:35.100 [FXGL Background Thread 1 ] DEBUG SystemBundleService  - Loading FXGL system data
16:33:35.108 [FXGL Background Thread 1 ] DEBUG FileSystemAccess     - Reading from: D:\bombermango\system\fxgl.bundle
16:33:35.121 [FXGL Background Thread 1 ] DEBUG SystemBundleService  - Bundle FXGL: {}
16:33:35.121 [FXGL Background Thread 1 ] DEBUG UpdaterService       - Checking for updates
16:33:35.130 [FXGL Background Thread 1 ] DEBUG FXGLApplication      - Loading default localization
16:33:35.131 [FXGL Background Thread 1 ] DEBUG FXGLAssetLoaderServi - Loading from file system: jar:file:/C:/Users/Admin/.m2/repository/com/github/almasb/fxgl/17.1/fxgl-17.1.jar!/fxglassets/languages/english.lang
16:33:35.149 [FXGL Background Thread 4 ] DEBUG FXGLApplication      - Loading fonts
16:33:35.149 [FXGL Background Thread 4 ] DEBUG FXGLAssetLoaderServi - Loading from file system: jar:file:/C:/Users/Admin/.m2/repository/com/github/almasb/fxgl/17.1/fxgl-17.1.jar!/fxglassets/ui/fonts/VarelaRound-Regular.ttf
16:33:35.157 [FXGL Background Thread 1 ] INFO  FXGLApplication      - FXGL initialization took: 0.790 sec
16:33:35.177 [JavaFX Application Thread] DEBUG Input                - Registered new binding: moveUp - W
16:33:35.178 [JavaFX Application Thread] DEBUG Input                - Registered new binding: moveRight - D
16:33:35.178 [JavaFX Application Thread] DEBUG Input                - Registered new binding: moveLeft - A
16:33:35.178 [JavaFX Application Thread] DEBUG Input                - Registered new binding: moveDown - S
16:33:35.178 [JavaFX Application Thread] DEBUG Input                - Registered new binding: implantBomb - F
16:33:35.178 [JavaFX Application Thread] DEBUG Input                - Registered new binding: PlayMusic - M
16:33:35.179 [JavaFX Application Thread] DEBUG Input                - Registered new binding: Pause - P
16:33:35.179 [JavaFX Application Thread] DEBUG FXGLAssetLoaderServi - Loading from file system: jar:file:/C:/Users/Admin/.m2/repository/com/github/almasb/fxgl/17.1/fxgl-17.1.jar!/fxglassets/textures/fxgl_icon.png
16:33:35.206 [JavaFX Application Thread] DEBUG FXGLAssetLoaderServi - Loading from file system: jar:file:/C:/Users/Admin/.m2/repository/com/github/almasb/fxgl/17.1/fxgl-17.1.jar!/fxglassets/textures/fxgl_default_cursor.png
16:33:35.211 [JavaFX Application Thread] DEBUG Input                - Registered new binding: Screenshot - CTRL+8
16:33:35.212 [JavaFX Application Thread] DEBUG Input                - Registered new binding: System info dump - CTRL+9
16:33:35.213 [JavaFX Application Thread] DEBUG Input                - Registered new binding: Restart - CTRL+R
16:33:35.214 [JavaFX Application Thread] DEBUG Input                - Registered new binding: Toggle Debug Camera - CTRL+7
16:33:35.217 [JavaFX Application Thread] DEBUG LoopRunner           - Starting loop
16:33:35.217 [JavaFX Application Thread] DEBUG LoopRunner           - Initializing JavaFX AnimationTimerLoop
16:33:35.221 [JavaFX Application Thread] DEBUG Input                - Clearing active input actions
16:33:35.256 [JavaFX Application Thread] DEBUG GameApplicationServi - Removing overlay from FXGLStartupScene and adding to FXGLMainMenuDummyScene
16:33:35.256 [JavaFX Application Thread] DEBUG PrimaryStageWindow   - FXGLStartupScene -> FXGLMainMenuDummyScene
16:33:35.257 [JavaFX Application Thread] DEBUG PrimaryStageWindow   - Push state: FXGLDefaultMenu
16:33:35.265 [JavaFX Application Thread] DEBUG Input                - Clearing active input actions
16:33:35.278 [JavaFX Application Thread] DEBUG GameApplicationServi - Removing overlay from FXGLMainMenuDummyScene and adding to FXGLDefaultMenu
16:33:35.279 [JavaFX Application Thread] DEBUG PrimaryStageWindow   - FXGLMainMenuDummyScene -> FXGLDefaultMenu
16:33:35.419 [FXGL Background Thread 4 ] DEBUG FXGLAssetLoaderServi - Loading from file system: jar:file:/C:/Users/Admin/.m2/repository/com/github/almasb/fxgl/17.1/fxgl-17.1.jar!/fxglassets/ui/fonts/Abel-Regular.ttf
16:33:35.425 [FXGL Background Thread 4 ] DEBUG FXGLAssetLoaderServi - Loading from file system: jar:file:/C:/Users/Admin/.m2/repository/com/github/almasb/fxgl/17.1/fxgl-17.1.jar!/fxglassets/ui/fonts/TerminalLandMono-Regular.otf
16:33:35.431 [FXGL Background Thread 4 ] DEBUG FXGLAssetLoaderServi - Loading from file system: jar:file:/C:/Users/Admin/.m2/repository/com/github/almasb/fxgl/17.1/fxgl-17.1.jar!/fxglassets/ui/fonts/Courier-Prime.ttf
16:33:35.648 [JavaFX Application Thread] DEBUG FXGLApplication      - Registering font factories with UI factory
16:33:36.328 [JavaFX Application Thread] DEBUG Menu                 - fireNewGame()
16:33:36.329 [JavaFX Application Thread] DEBUG GameApplicationServi - Starting new game
16:33:36.332 [JavaFX Application Thread] DEBUG PrimaryStageWindow   - Pop state: FXGLDefaultMenu
16:33:36.332 [JavaFX Application Thread] DEBUG Input                - Clearing active input actions
16:33:36.334 [JavaFX Application Thread] DEBUG GameApplicationServi - Removing overlay from FXGLDefaultMenu and adding to FXGLMainMenuDummyScene
16:33:36.334 [JavaFX Application Thread] DEBUG PrimaryStageWindow   - FXGLMainMenuDummyScene <- FXGLDefaultMenu
16:33:36.335 [JavaFX Application Thread] DEBUG Input                - Clearing active input actions
16:33:36.368 [JavaFX Application Thread] DEBUG GameApplicationServi - Removing overlay from FXGLMainMenuDummyScene and adding to FXGLLoadingScene
16:33:36.369 [JavaFX Application Thread] DEBUG PrimaryStageWindow   - FXGLMainMenuDummyScene -> FXGLLoadingScene
16:33:36.369 [JavaFX Application Thread] DEBUG GameApplicationServi - Clearing previous game
16:33:36.369 [JavaFX Application Thread] DEBUG GameScene            - Clearing game scene
16:33:36.369 [JavaFX Application Thread] DEBUG GameWorld            - Clearing game world
16:33:36.369 [JavaFX Application Thread] DEBUG PhysicsWorld         - Clearing physics world
16:33:36.372 [FXGL Background Thread 4 ] DEBUG FXGLApplication      - Initializing game
16:33:36.424 [FXGL Background Thread 4 ] DEBUG FXGLAssetLoaderServi - Loading from file system: file:/D:/bombermango/target/classes/assets/textures/sprites/wall.png
16:33:36.514 [FXGL Background Thread 4 ] DEBUG FXGLAssetLoaderServi - Loading from file system: file:/D:/bombermango/target/classes/assets/textures/sprites/brick.png
16:33:36.518 [FXGL Background Thread 4 ] DEBUG FXGLAssetLoaderServi - Loading from file system: file:/D:/bombermango/target/classes/assets/textures/sprites/balloom_right1.png
16:33:36.521 [FXGL Background Thread 4 ] DEBUG FXGLAssetLoaderServi - Loading from file system: file:/D:/bombermango/target/classes/assets/textures/sprites/balloom_right2.png
16:33:36.522 [FXGL Background Thread 4 ] DEBUG FXGLAssetLoaderServi - Loading from file system: file:/D:/bombermango/target/classes/assets/textures/sprites/balloom_right3.png
16:33:36.546 [FXGL Background Thread 4 ] DEBUG FXGLAssetLoaderServi - Loading from file system: file:/D:/bombermango/target/classes/assets/textures/sprites/oneal_right1.png
16:33:36.547 [FXGL Background Thread 4 ] DEBUG FXGLAssetLoaderServi - Loading from file system: file:/D:/bombermango/target/classes/assets/textures/sprites/oneal_right2.png
16:33:36.549 [FXGL Background Thread 4 ] DEBUG FXGLAssetLoaderServi - Loading from file system: file:/D:/bombermango/target/classes/assets/textures/sprites/oneal_right3.png
16:33:36.720 [FXGL Background Thread 4 ] DEBUG FXGLAssetLoaderServi - Loading from file system: file:/D:/bombermango/target/classes/assets/textures/sprites/doll_right1.png
16:33:36.724 [FXGL Background Thread 4 ] DEBUG FXGLAssetLoaderServi - Loading from file system: file:/D:/bombermango/target/classes/assets/textures/sprites/doll_right2.png
16:33:36.726 [FXGL Background Thread 4 ] DEBUG FXGLAssetLoaderServi - Loading from file system: file:/D:/bombermango/target/classes/assets/textures/sprites/doll_right3.png
16:33:36.770 [FXGL Background Thread 4 ] DEBUG GameWorld            - Clearing removable entities
16:33:36.779 [FXGL Background Thread 4 ] DEBUG GameWorld            - Setting level: com.almasb.fxgl.entity.level.Level@6edbec08
16:33:36.863 [FXGL Background Thread 4 ] WARN  FXGLAssetLoaderServi - Asset "/assets/music/gameaudio.wav" was not found!
16:33:36.863 [FXGL Background Thread 4 ] WARN  FXGLAssetLoaderServi - Failed to load MUSIC
16:33:36.866 [FXGL Background Thread 4 ] DEBUG FXGLAssetLoaderServi - Loading from file system: file:/D:/bombermango/target/classes/assets/textures/sprites/player_right.png
16:33:36.867 [FXGL Background Thread 4 ] DEBUG FXGLAssetLoaderServi - Loading from file system: file:/D:/bombermango/target/classes/assets/textures/sprites/player_right_1.png
16:33:36.869 [FXGL Background Thread 4 ] WARN  FXGLAssetLoaderServi - Asset "/assets/textures/sprites/player_right_2.png" was not found!
16:33:36.869 [FXGL Background Thread 4 ] WARN  FXGLAssetLoaderServi - Failed to load RESIZABLE_IMAGE
16:33:36.911 [FXGL Background Thread 4 ] DEBUG FXGLAssetLoaderServi - Loading from file system: file:/D:/bombermango/target/classes/assets/textures/sprites/player_down.png
16:33:36.917 [FXGL Background Thread 4 ] DEBUG FXGLAssetLoaderServi - Loading from file system: file:/D:/bombermango/target/classes/assets/textures/sprites/player_down_1.png
16:33:36.923 [FXGL Background Thread 4 ] DEBUG FXGLAssetLoaderServi - Loading from file system: file:/D:/bombermango/target/classes/assets/textures/sprites/player_down_2.png
16:33:36.928 [FXGL Background Thread 4 ] DEBUG FXGLAssetLoaderServi - Loading from file system: file:/D:/bombermango/target/classes/assets/textures/sprites/player_left.png
16:33:36.934 [FXGL Background Thread 4 ] DEBUG FXGLAssetLoaderServi - Loading from file system: file:/D:/bombermango/target/classes/assets/textures/sprites/player_left_1.png
16:33:36.948 [FXGL Background Thread 4 ] DEBUG FXGLAssetLoaderServi - Loading from file system: file:/D:/bombermango/target/classes/assets/textures/sprites/player_left_2.png
16:33:36.951 [FXGL Background Thread 4 ] DEBUG FXGLAssetLoaderServi - Loading from file system: file:/D:/bombermango/target/classes/assets/textures/sprites/portal.png
16:33:36.986 [FXGL Background Thread 4 ] DEBUG FXGLAssetLoaderServi - Loading from file system: file:/D:/bombermango/target/classes/assets/textures/sprites/powerup_bombs.png
16:33:36.997 [FXGL Background Thread 4 ] DEBUG FXGLAssetLoaderServi - Loading from file system: file:/D:/bombermango/target/classes/assets/textures/sprites/powerup_flames.png
16:33:37.016 [FXGL Background Thread 4 ] INFO  FXGLApplication      - Game initialization took: 0.644 sec
16:33:37.017 [JavaFX Application Thread] DEBUG Input                - Clearing active input actions
16:33:37.034 [JavaFX Application Thread] DEBUG GameApplicationServi - Removing overlay from FXGLLoadingScene and adding to GameScene
16:33:37.034 [JavaFX Application Thread] DEBUG PrimaryStageWindow   - FXGLLoadingScene -> GameScene
16:33:37.234 [FXGL Background Thread 2 ] INFO  UpdaterService       - Your current version:  17.1
16:33:37.234 [FXGL Background Thread 2 ] INFO  UpdaterService       - Latest stable version: 17.2
16:33:38.126 [FXGL Background Thread 3 ] DEBUG Engine               - Logging environment variables
16:33:38.128 [FXGL Background Thread 3 ] DEBUG Engine               - achievements: []
16:33:38.129 [FXGL Background Thread 3 ] DEBUG Engine               - actualHeight: 672.0
16:33:38.129 [FXGL Background Thread 3 ] DEBUG Engine               - actualHeightProperty: ReadOnlyDoubleProperty [value: 672.0]
16:33:38.129 [FXGL Background Thread 3 ] DEBUG Engine               - actualWidth: 800.0
16:33:38.130 [FXGL Background Thread 3 ] DEBUG Engine               - actualWidthProperty: ReadOnlyDoubleProperty [value: 800.0]
16:33:38.130 [FXGL Background Thread 3 ] DEBUG Engine               - appIcon: fxgl_icon.png
16:33:38.130 [FXGL Background Thread 3 ] DEBUG Engine               - applicationMode: DEVELOPER
16:33:38.130 [FXGL Background Thread 3 ] DEBUG Engine               - cSSList: [fxgl_dark.css]
16:33:38.130 [FXGL Background Thread 3 ] DEBUG Engine               - collisionDetectionStrategy: BRUTE_FORCE
16:33:38.130 [FXGL Background Thread 3 ] DEBUG Engine               - configClass: Optional.empty
16:33:38.130 [FXGL Background Thread 3 ] DEBUG Engine               - credits: []
16:33:38.130 [FXGL Background Thread 3 ] DEBUG Engine               - defaultCursor: CursorInfo(imageName=fxgl_default_cursor.png, hotspotX=7.0, hotspotY=6.0)
16:33:38.130 [FXGL Background Thread 3 ] DEBUG Engine               - devBBoxColorProperty: ObjectProperty [value: 0xff0000ff]
16:33:38.131 [FXGL Background Thread 3 ] DEBUG Engine               - devEnableDebugCameraProperty: BooleanProperty [value: false]
16:33:38.131 [FXGL Background Thread 3 ] DEBUG Engine               - devSensorColorProperty: ObjectProperty [value: 0xffff00ff]
16:33:38.131 [FXGL Background Thread 3 ] DEBUG Engine               - devShowBBoxProperty: BooleanProperty [value: false]
16:33:38.131 [FXGL Background Thread 3 ] DEBUG Engine               - devShowPositionProperty: BooleanProperty [value: false]
16:33:38.131 [FXGL Background Thread 3 ] DEBUG Engine               - enabledMenuItems: []
16:33:38.131 [FXGL Background Thread 3 ] DEBUG Engine               - engineServices: [class com.almasb.fxgl.app.services.FXGLAssetLoaderService, class com.almasb.fxgl.app.FXGLApplication$GameApplicationService, class com.almasb.fxgl.app.services.FXGLDialogService, class com.almasb.fxgl.app.services.IOTaskExecutorService, class com.almasb.fxgl.io.FileSystemService, class com.almasb.fxgl.localization.LocalizationService, class com.almasb.fxgl.app.services.SystemBundleService, class com.almasb.fxgl.profile.SaveLoadService, class com.almasb.fxgl.ui.FXGLUIFactoryServiceProvider, class com.almasb.fxgl.ui.FXGLDialogFactoryServiceProvider, class com.almasb.fxgl.audio.AudioPlayer, class com.almasb.fxgl.notification.impl.NotificationServiceProvider, class com.almasb.fxgl.achievement.AchievementService, class com.almasb.fxgl.cutscene.CutsceneService, class com.almasb.fxgl.minigames.MiniGameService, class com.almasb.fxgl.net.NetService, class com.almasb.fxgl.app.services.UpdaterService, class com.almasb.fxgl.dev.DevService]
16:33:38.131 [FXGL Background Thread 3 ] DEBUG Engine               - fontGame: Abel-Regular.ttf
16:33:38.131 [FXGL Background Thread 3 ] DEBUG Engine               - fontMono: TerminalLandMono-Regular.otf
16:33:38.131 [FXGL Background Thread 3 ] DEBUG Engine               - fontText: Courier-Prime.ttf
16:33:38.131 [FXGL Background Thread 3 ] DEBUG Engine               - fontUI: VarelaRound-Regular.ttf
16:33:38.131 [FXGL Background Thread 3 ] DEBUG Engine               - fullScreen: BooleanProperty [value: false]
16:33:38.131 [FXGL Background Thread 3 ] DEBUG Engine               - gameDifficulty: MEDIUM
16:33:38.132 [FXGL Background Thread 3 ] DEBUG Engine               - gameDifficultyProperty: ObjectProperty [value: MEDIUM]
16:33:38.132 [FXGL Background Thread 3 ] DEBUG Engine               - globalMusicVolume: 0.5
16:33:38.132 [FXGL Background Thread 3 ] DEBUG Engine               - globalMusicVolumeProperty: DoubleProperty [value: 0.5]
16:33:38.132 [FXGL Background Thread 3 ] DEBUG Engine               - globalSoundVolume: 0.5
16:33:38.133 [FXGL Background Thread 3 ] DEBUG Engine               - globalSoundVolumeProperty: DoubleProperty [value: 0.5]
16:33:38.133 [FXGL Background Thread 3 ] DEBUG Engine               - height: 672
16:33:38.133 [FXGL Background Thread 3 ] DEBUG Engine               - is3D: false
16:33:38.133 [FXGL Background Thread 3 ] DEBUG Engine               - isAndroid: false
16:33:38.133 [FXGL Background Thread 3 ] DEBUG Engine               - isBrowser: false
16:33:38.133 [FXGL Background Thread 3 ] DEBUG Engine               - isClickFeedbackEnabled: false
16:33:38.133 [FXGL Background Thread 3 ] DEBUG Engine               - isCloseConfirmation: false
16:33:38.133 [FXGL Background Thread 3 ] DEBUG Engine               - isDesktop: true
16:33:38.133 [FXGL Background Thread 3 ] DEBUG Engine               - isDeveloperMenuEnabled: false
16:33:38.133 [FXGL Background Thread 3 ] DEBUG Engine               - isEmbedded: false
16:33:38.133 [FXGL Background Thread 3 ] DEBUG Engine               - isEntityPreloadEnabled: true
16:33:38.133 [FXGL Background Thread 3 ] DEBUG Engine               - isExperimentalTiledLargeMap: false
16:33:38.133 [FXGL Background Thread 3 ] DEBUG Engine               - isFileSystemWriteAllowed: true
16:33:38.133 [FXGL Background Thread 3 ] DEBUG Engine               - isFullScreenAllowed: false
16:33:38.133 [FXGL Background Thread 3 ] DEBUG Engine               - isFullScreenFromStart: false
16:33:38.133 [FXGL Background Thread 3 ] DEBUG Engine               - isGameMenuEnabled: true
16:33:38.133 [FXGL Background Thread 3 ] DEBUG Engine               - isIOS: false
16:33:38.133 [FXGL Background Thread 3 ] DEBUG Engine               - isIntroEnabled: false
16:33:38.133 [FXGL Background Thread 3 ] DEBUG Engine               - isLinux: false
16:33:38.134 [FXGL Background Thread 3 ] DEBUG Engine               - isMac: false
16:33:38.134 [FXGL Background Thread 3 ] DEBUG Engine               - isMainMenuEnabled: true
16:33:38.134 [FXGL Background Thread 3 ] DEBUG Engine               - isManualResizeEnabled: false
16:33:38.134 [FXGL Background Thread 3 ] DEBUG Engine               - isMobile: false
16:33:38.134 [FXGL Background Thread 3 ] DEBUG Engine               - isNative: false
16:33:38.134 [FXGL Background Thread 3 ] DEBUG Engine               - isPauseMusicWhenMinimized: true
16:33:38.134 [FXGL Background Thread 3 ] DEBUG Engine               - isPreserveResizeRatio: false
16:33:38.134 [FXGL Background Thread 3 ] DEBUG Engine               - isProfilingEnabled: false
16:33:38.134 [FXGL Background Thread 3 ] DEBUG Engine               - isScaleAffectedOnResize: true
16:33:38.134 [FXGL Background Thread 3 ] DEBUG Engine               - isSingleStep: false
16:33:38.134 [FXGL Background Thread 3 ] DEBUG Engine               - isUserProfileEnabled: false
16:33:38.134 [FXGL Background Thread 3 ] DEBUG Engine               - isWindows: true
16:33:38.134 [FXGL Background Thread 3 ] DEBUG Engine               - language: ObjectProperty [value: ENGLISH]
16:33:38.135 [FXGL Background Thread 3 ] DEBUG Engine               - menuKey: ESCAPE
16:33:38.135 [FXGL Background Thread 3 ] DEBUG Engine               - mouseSensitivity: 0.2
16:33:38.135 [FXGL Background Thread 3 ] DEBUG Engine               - notificationViewClass: class com.almasb.fxgl.notification.view.XboxNotificationView
16:33:38.135 [FXGL Background Thread 3 ] DEBUG Engine               - pixelsPerMeter: 50.0
16:33:38.135 [FXGL Background Thread 3 ] DEBUG Engine               - platform: WINDOWS
16:33:38.135 [FXGL Background Thread 3 ] DEBUG Engine               - prefHeightProperty: ReadOnlyDoubleProperty [value: 672.0]
16:33:38.135 [FXGL Background Thread 3 ] DEBUG Engine               - prefWidthProperty: ReadOnlyDoubleProperty [value: 800.0]
16:33:38.135 [FXGL Background Thread 3 ] DEBUG Engine               - profileDir: profiles/
16:33:38.135 [FXGL Background Thread 3 ] DEBUG Engine               - profileName: StringProperty [value: DEFAULT]
16:33:38.135 [FXGL Background Thread 3 ] DEBUG Engine               - randomSeed: -1
16:33:38.137 [FXGL Background Thread 3 ] DEBUG Engine               - runtimeInfo: RuntimeInfo(platform=WINDOWS, version=17.1, build=24.03.2022 17.34)
16:33:38.137 [FXGL Background Thread 3 ] DEBUG Engine               - saveFileExt: sav
16:33:38.137 [FXGL Background Thread 3 ] DEBUG Engine               - scaledHeightProp$fxgl: DoubleProperty [bound, value: 672.0]
16:33:38.137 [FXGL Background Thread 3 ] DEBUG Engine               - scaledWidthProp$fxgl: DoubleProperty [bound, value: 800.0]
16:33:38.138 [FXGL Background Thread 3 ] DEBUG Engine               - sceneFactory: com.almasb.fxgl.app.scene.SceneFactory@26da5a30
16:33:38.138 [FXGL Background Thread 3 ] DEBUG Engine               - secondsIn24h: 60
16:33:38.138 [FXGL Background Thread 3 ] DEBUG Engine               - soundMenuBack: menu/back.wav
16:33:38.138 [FXGL Background Thread 3 ] DEBUG Engine               - soundMenuPress: menu/press.wav
16:33:38.138 [FXGL Background Thread 3 ] DEBUG Engine               - soundMenuSelect: menu/select.wav
16:33:38.138 [FXGL Background Thread 3 ] DEBUG Engine               - soundNotification: core/notification.wav
16:33:38.138 [FXGL Background Thread 3 ] DEBUG Engine               - stageStyle: DECORATED
16:33:38.138 [FXGL Background Thread 3 ] DEBUG Engine               - supportedLanguages: [ENGLISH, FRENCH, GERMAN, HUNGARIAN, RUSSIAN]
16:33:38.138 [FXGL Background Thread 3 ] DEBUG Engine               - ticksPerSecond: -1
16:33:38.139 [FXGL Background Thread 3 ] DEBUG Engine               - title: Bomberman
16:33:38.139 [FXGL Background Thread 3 ] DEBUG Engine               - urlGithub: https://github.com/AlmasB/FXGL
16:33:38.139 [FXGL Background Thread 3 ] DEBUG Engine               - urlLeaderboard: http://fxgl-top.herokuapp.com/
16:33:38.139 [FXGL Background Thread 3 ] DEBUG Engine               - urlPOM: https://raw.githubusercontent.com/AlmasB/FXGL/release/README.md
16:33:38.139 [FXGL Background Thread 3 ] DEBUG Engine               - userAppClass: class mangobomb.bombermango.HelloApplication
16:33:38.140 [FXGL Background Thread 3 ] DEBUG Engine               - version: 0.0
16:33:38.140 [FXGL Background Thread 3 ] DEBUG Engine               - versionCheckDays: 7
16:33:38.140 [FXGL Background Thread 3 ] DEBUG Engine               - width: 800
16:33:38.141 [FXGL Background Thread 3 ] DEBUG Engine               - Logging services
16:33:38.141 [FXGL Background Thread 3 ] DEBUG Engine               - class com.almasb.fxgl.app.services.FXGLAssetLoaderService
16:33:38.142 [FXGL Background Thread 3 ] DEBUG Engine               - class com.almasb.fxgl.app.FXGLApplication$GameApplicationService
16:33:38.142 [FXGL Background Thread 3 ] DEBUG Engine               - class com.almasb.fxgl.app.services.FXGLDialogService
16:33:38.142 [FXGL Background Thread 3 ] DEBUG Engine               - class com.almasb.fxgl.app.services.IOTaskExecutorService
16:33:38.142 [FXGL Background Thread 3 ] DEBUG Engine               - class com.almasb.fxgl.io.FileSystemService
16:33:38.142 [FXGL Background Thread 3 ] DEBUG Engine               - class com.almasb.fxgl.localization.LocalizationService
16:33:38.142 [FXGL Background Thread 3 ] DEBUG Engine               - class com.almasb.fxgl.app.services.SystemBundleService
16:33:38.142 [FXGL Background Thread 3 ] DEBUG Engine               - class com.almasb.fxgl.profile.SaveLoadService
16:33:38.142 [FXGL Background Thread 3 ] DEBUG Engine               - class com.almasb.fxgl.ui.FXGLUIFactoryServiceProvider
16:33:38.142 [FXGL Background Thread 3 ] DEBUG Engine               - class com.almasb.fxgl.ui.FXGLDialogFactoryServiceProvider
16:33:38.142 [FXGL Background Thread 3 ] DEBUG Engine               - class com.almasb.fxgl.audio.AudioPlayer
16:33:38.142 [FXGL Background Thread 3 ] DEBUG Engine               - class com.almasb.fxgl.notification.impl.NotificationServiceProvider
16:33:38.142 [FXGL Background Thread 3 ] DEBUG Engine               - class com.almasb.fxgl.achievement.AchievementService
16:33:38.142 [FXGL Background Thread 3 ] DEBUG Engine               - class com.almasb.fxgl.cutscene.CutsceneService
16:33:38.143 [FXGL Background Thread 3 ] DEBUG Engine               - class com.almasb.fxgl.minigames.MiniGameService
16:33:38.143 [FXGL Background Thread 3 ] DEBUG Engine               - class com.almasb.fxgl.net.NetService
16:33:38.143 [FXGL Background Thread 3 ] DEBUG Engine               - class com.almasb.fxgl.app.services.UpdaterService
16:33:38.143 [FXGL Background Thread 3 ] DEBUG Engine               - class com.almasb.fxgl.dev.DevService
16:33:47.002 [JavaFX Application Thread] DEBUG FXGLApplication      - Exiting FXGL
16:33:47.002 [JavaFX Application Thread] DEBUG LoopRunner           - Stopping loop
16:33:47.002 [JavaFX Application Thread] DEBUG SystemBundleService  - Saving FXGL system data
16:33:47.004 [JavaFX Application Thread] DEBUG FileSystemAccess     - Writing to: D:\bombermango\system\fxgl.bundle
16:33:47.006 [JavaFX Application Thread] DEBUG Async                - Shutting down background threads
16:33:47.007 [JavaFX Application Thread] DEBUG PrimaryStageWindow   - Closing main window
16:33:47.026 [JavaFX Application Thread] DEBUG Logger               - Closing Logger
