17:12:55.922 [main                     ] DEBUG Logger               - Configured Logger
17:12:55.965 [main                     ] DEBUG GameApplication      - Logging settings
Title: Untitled
Version: 0.0
Width: 1000
Height: 800
Fullscreen: false
Intro: false
Profiling: false
Single step:false
App Mode: DEVELOPER
Menu Key: ESCAPE
Stage Style: DECORATED
Scene Factory: class com.almasb.fxgl.app.scene.SceneFactory

17:12:56.500 [JavaFX Application Thread] DEBUG FXGLApplication      - Initializing FXGL
17:12:56.507 [JavaFX Application Thread] INFO  Engine               - FXGL-17.1 (24.03.2022 17.34) on WINDOWS (J:18.0.2.1 FX:18.0.1)
17:12:56.507 [JavaFX Application Thread] DEBUG Engine               - JRE Vendor Name: Oracle Corporation
17:12:56.508 [JavaFX Application Thread] DEBUG Engine               - Running on OS: Windows 10 version 10.0
17:12:56.508 [JavaFX Application Thread] DEBUG Engine               - Architecture: amd64
17:12:56.508 [JavaFX Application Thread] INFO  Engine               - Source code and latest versions at: https://github.com/AlmasB/FXGL
17:12:56.508 [JavaFX Application Thread] INFO  Engine               -       Ask questions and discuss at: https://github.com/AlmasB/FXGL/discussions
17:12:56.509 [JavaFX Application Thread] INFO  Engine               -              Join the FXGL chat at: https://gitter.im/AlmasB/FXGL
17:12:56.694 [JavaFX Application Thread] DEBUG PrimaryStageWindow   - Creating a JavaFX scene
17:12:56.694 [JavaFX Application Thread] DEBUG PrimaryStageWindow   - Target size > screen size
17:12:56.774 [JavaFX Application Thread] DEBUG PrimaryStageWindow   - Target settings size: 1000.0 x 800.0
17:12:56.775 [JavaFX Application Thread] DEBUG PrimaryStageWindow   - Scaled scene size:    825.0 x 680.0
17:12:56.775 [JavaFX Application Thread] DEBUG PrimaryStageWindow   - Scaled ratio: (0.825, 0.85)
17:12:56.777 [JavaFX Application Thread] DEBUG PrimaryStageWindow   - Set initial scene to FXGLStartupScene
17:12:56.790 [JavaFX Application Thread] DEBUG PrimaryStageWindow   - Opening main window
17:12:56.939 [JavaFX Application Thread] DEBUG PrimaryStageWindow   - Window border size: (15.0, 37.33331298828125)
17:12:56.939 [JavaFX Application Thread] DEBUG PrimaryStageWindow   - Scaled size: 825.0 x 680.0
17:12:56.940 [JavaFX Application Thread] DEBUG PrimaryStageWindow   - Scaled ratio: (0.825, 0.85)
17:12:56.940 [JavaFX Application Thread] DEBUG PrimaryStageWindow   - Scene size: 825.0 x 680.0
17:12:56.940 [JavaFX Application Thread] DEBUG PrimaryStageWindow   - Stage size: 840.0 x 717.3333129882812
17:12:57.028 [FXGL Background Thread 1 ] DEBUG Engine               - Initializing environment variables
17:12:57.123 [FXGL Background Thread 1 ] DEBUG FXGLAssetLoaderServi - User app class for loading assets: class mangobomb.bombermango.HelloApplication
17:12:57.123 [FXGL Background Thread 1 ] DEBUG GameApplicationServi - Applying CSS: fxgl_dark.css
17:12:57.124 [FXGL Background Thread 1 ] DEBUG FXGLAssetLoaderServi - Loading from file system: jar:file:/C:/Users/Admin/.m2/repository/com/github/almasb/fxgl/17.1/fxgl-17.1.jar!/fxglassets/ui/css/fxgl_dark.css
17:12:57.210 [FXGL Background Thread 1 ] DEBUG GameApplicationServi - Initializing application scenes
17:12:57.328 [FXGL Background Thread 1 ] DEBUG GameWorld            - Game world initialized
17:12:57.429 [FXGL Background Thread 1 ] DEBUG PhysicsWorld         - Physics world initialized: appHeight=800, physics.ppm=50.0
17:12:57.430 [FXGL Background Thread 1 ] DEBUG PhysicsWorld         - Using strategy: BRUTE_FORCE
17:12:57.438 [FXGL Background Thread 1 ] DEBUG GameScene            - Game scene initialized: 1000x800
17:12:57.459 [FXGL Background Thread 1 ] DEBUG FXGL.DefaultMenu     - createMenuBodyGameMenu()
17:12:57.483 [FXGL Background Thread 1 ] DEBUG FXGL.DefaultMenu     - createOptionsMenu()
17:12:57.504 [FXGL Background Thread 1 ] DEBUG FXGLAssetLoaderServi - Loading from file system: jar:file:/C:/Users/Admin/.m2/repository/com/github/almasb/fxgl/17.1/fxgl-17.1.jar!/fxglassets/textures/particles/smoke.png
17:12:57.691 [FXGL Background Thread 1 ] DEBUG FXGLAssetLoaderServi - Loading from file system: jar:file:/C:/Users/Admin/.m2/repository/com/github/almasb/fxgl/17.1/fxgl-17.1.jar!/fxglassets/textures/particles/trace_horizontal.png
17:12:57.775 [FXGL Background Thread 1 ] DEBUG GameApplicationServi - Application scenes initialized
17:12:57.797 [FXGL Background Thread 1 ] DEBUG SystemBundleService  - Loading FXGL system data
17:12:57.804 [FXGL Background Thread 1 ] DEBUG FileSystemAccess     - Reading from: D:\Coding\OOP\bombermango\system\fxgl.bundle
17:12:57.818 [FXGL Background Thread 1 ] DEBUG SystemBundleService  - Bundle FXGL: {}
17:12:57.819 [FXGL Background Thread 1 ] DEBUG UpdaterService       - Checking for updates
17:12:57.827 [FXGL Background Thread 1 ] DEBUG FXGLApplication      - Loading default localization
17:12:57.829 [FXGL Background Thread 1 ] DEBUG FXGLAssetLoaderServi - Loading from file system: jar:file:/C:/Users/Admin/.m2/repository/com/github/almasb/fxgl/17.1/fxgl-17.1.jar!/fxglassets/languages/english.lang
17:12:57.849 [FXGL Background Thread 4 ] DEBUG FXGLApplication      - Loading fonts
17:12:57.849 [FXGL Background Thread 4 ] DEBUG FXGLAssetLoaderServi - Loading from file system: jar:file:/C:/Users/Admin/.m2/repository/com/github/almasb/fxgl/17.1/fxgl-17.1.jar!/fxglassets/ui/fonts/VarelaRound-Regular.ttf
17:12:57.869 [FXGL Background Thread 1 ] INFO  FXGLApplication      - FXGL initialization took: 0.841 sec
17:12:57.874 [JavaFX Application Thread] DEBUG FXGLAssetLoaderServi - Loading from file system: jar:file:/C:/Users/Admin/.m2/repository/com/github/almasb/fxgl/17.1/fxgl-17.1.jar!/fxglassets/textures/fxgl_icon.png
17:12:57.919 [JavaFX Application Thread] DEBUG FXGLAssetLoaderServi - Loading from file system: jar:file:/C:/Users/Admin/.m2/repository/com/github/almasb/fxgl/17.1/fxgl-17.1.jar!/fxglassets/textures/fxgl_default_cursor.png
17:12:57.942 [JavaFX Application Thread] DEBUG Input                - Registered new binding: Screenshot - CTRL+8
17:12:57.943 [JavaFX Application Thread] DEBUG Input                - Registered new binding: System info dump - CTRL+9
17:12:57.943 [JavaFX Application Thread] DEBUG Input                - Registered new binding: Restart - CTRL+R
17:12:57.945 [JavaFX Application Thread] DEBUG Input                - Registered new binding: Toggle Debug Camera - CTRL+7
17:12:57.947 [JavaFX Application Thread] DEBUG LoopRunner           - Starting loop
17:12:57.948 [JavaFX Application Thread] DEBUG LoopRunner           - Initializing JavaFX AnimationTimerLoop
17:12:57.950 [JavaFX Application Thread] DEBUG GameApplicationServi - Starting new game
17:12:57.950 [JavaFX Application Thread] DEBUG Input                - Clearing active input actions
17:12:57.964 [JavaFX Application Thread] DEBUG GameApplicationServi - Removing overlay from FXGLStartupScene and adding to FXGLLoadingScene
17:12:57.965 [JavaFX Application Thread] DEBUG PrimaryStageWindow   - FXGLStartupScene -> FXGLLoadingScene
17:12:57.965 [JavaFX Application Thread] DEBUG GameApplicationServi - Clearing previous game
17:12:57.965 [JavaFX Application Thread] DEBUG GameScene            - Clearing game scene
17:12:57.965 [JavaFX Application Thread] DEBUG GameWorld            - Clearing game world
17:12:57.965 [JavaFX Application Thread] DEBUG PhysicsWorld         - Clearing physics world
17:12:57.967 [FXGL Background Thread 1 ] DEBUG FXGLApplication      - Initializing game
17:12:58.046 [FXGL Background Thread 1 ] INFO  FXGLApplication      - Game initialization took: 0.079 sec
17:12:58.255 [FXGL Background Thread 4 ] DEBUG FXGLAssetLoaderServi - Loading from file system: jar:file:/C:/Users/Admin/.m2/repository/com/github/almasb/fxgl/17.1/fxgl-17.1.jar!/fxglassets/ui/fonts/Abel-Regular.ttf
17:12:58.261 [FXGL Background Thread 4 ] DEBUG FXGLAssetLoaderServi - Loading from file system: jar:file:/C:/Users/Admin/.m2/repository/com/github/almasb/fxgl/17.1/fxgl-17.1.jar!/fxglassets/ui/fonts/TerminalLandMono-Regular.otf
17:12:58.270 [FXGL Background Thread 4 ] DEBUG FXGLAssetLoaderServi - Loading from file system: jar:file:/C:/Users/Admin/.m2/repository/com/github/almasb/fxgl/17.1/fxgl-17.1.jar!/fxglassets/ui/fonts/Courier-Prime.ttf
17:12:58.310 [JavaFX Application Thread] DEBUG Input                - Clearing active input actions
17:12:58.319 [JavaFX Application Thread] DEBUG GameApplicationServi - Removing overlay from FXGLLoadingScene and adding to GameScene
17:12:58.319 [JavaFX Application Thread] DEBUG PrimaryStageWindow   - FXGLLoadingScene -> GameScene
17:12:58.319 [JavaFX Application Thread] DEBUG FXGLApplication      - Registering font factories with UI factory
17:12:58.827 [FXGL Background Thread 2 ] INFO  UpdaterService       - Your current version:  17.1
17:12:58.828 [FXGL Background Thread 2 ] INFO  UpdaterService       - Latest stable version: 17.2
17:13:00.825 [FXGL Background Thread 3 ] DEBUG Engine               - Logging environment variables
17:13:00.827 [FXGL Background Thread 3 ] DEBUG Engine               - achievements: []
17:13:00.828 [FXGL Background Thread 3 ] DEBUG Engine               - actualHeight: 680.0
17:13:00.828 [FXGL Background Thread 3 ] DEBUG Engine               - actualHeightProperty: ReadOnlyDoubleProperty [value: 680.0]
17:13:00.829 [FXGL Background Thread 3 ] DEBUG Engine               - actualWidth: 825.0
17:13:00.829 [FXGL Background Thread 3 ] DEBUG Engine               - actualWidthProperty: ReadOnlyDoubleProperty [value: 825.0]
17:13:00.829 [FXGL Background Thread 3 ] DEBUG Engine               - appIcon: fxgl_icon.png
17:13:00.830 [FXGL Background Thread 3 ] DEBUG Engine               - applicationMode: DEVELOPER
17:13:00.830 [FXGL Background Thread 3 ] DEBUG Engine               - cSSList: [fxgl_dark.css]
17:13:00.830 [FXGL Background Thread 3 ] DEBUG Engine               - collisionDetectionStrategy: BRUTE_FORCE
17:13:00.831 [FXGL Background Thread 3 ] DEBUG Engine               - configClass: Optional.empty
17:13:00.831 [FXGL Background Thread 3 ] DEBUG Engine               - credits: []
17:13:00.833 [FXGL Background Thread 3 ] DEBUG Engine               - defaultCursor: CursorInfo(imageName=fxgl_default_cursor.png, hotspotX=7.0, hotspotY=6.0)
17:13:00.833 [FXGL Background Thread 3 ] DEBUG Engine               - devBBoxColorProperty: ObjectProperty [value: 0xff0000ff]
17:13:00.834 [FXGL Background Thread 3 ] DEBUG Engine               - devEnableDebugCameraProperty: BooleanProperty [value: false]
17:13:00.834 [FXGL Background Thread 3 ] DEBUG Engine               - devSensorColorProperty: ObjectProperty [value: 0xffff00ff]
17:13:00.835 [FXGL Background Thread 3 ] DEBUG Engine               - devShowBBoxProperty: BooleanProperty [value: false]
17:13:00.835 [FXGL Background Thread 3 ] DEBUG Engine               - devShowPositionProperty: BooleanProperty [value: false]
17:13:00.836 [FXGL Background Thread 3 ] DEBUG Engine               - enabledMenuItems: []
17:13:00.837 [FXGL Background Thread 3 ] DEBUG Engine               - engineServices: [class com.almasb.fxgl.app.services.FXGLAssetLoaderService, class com.almasb.fxgl.app.FXGLApplication$GameApplicationService, class com.almasb.fxgl.app.services.FXGLDialogService, class com.almasb.fxgl.app.services.IOTaskExecutorService, class com.almasb.fxgl.io.FileSystemService, class com.almasb.fxgl.localization.LocalizationService, class com.almasb.fxgl.app.services.SystemBundleService, class com.almasb.fxgl.profile.SaveLoadService, class com.almasb.fxgl.ui.FXGLUIFactoryServiceProvider, class com.almasb.fxgl.ui.FXGLDialogFactoryServiceProvider, class com.almasb.fxgl.audio.AudioPlayer, class com.almasb.fxgl.notification.impl.NotificationServiceProvider, class com.almasb.fxgl.achievement.AchievementService, class com.almasb.fxgl.cutscene.CutsceneService, class com.almasb.fxgl.minigames.MiniGameService, class com.almasb.fxgl.net.NetService, class com.almasb.fxgl.app.services.UpdaterService, class com.almasb.fxgl.dev.DevService]
17:13:00.837 [FXGL Background Thread 3 ] DEBUG Engine               - fontGame: Abel-Regular.ttf
17:13:00.838 [FXGL Background Thread 3 ] DEBUG Engine               - fontMono: TerminalLandMono-Regular.otf
17:13:00.839 [FXGL Background Thread 3 ] DEBUG Engine               - fontText: Courier-Prime.ttf
17:13:00.839 [FXGL Background Thread 3 ] DEBUG Engine               - fontUI: VarelaRound-Regular.ttf
17:13:00.839 [FXGL Background Thread 3 ] DEBUG Engine               - fullScreen: BooleanProperty [value: false]
17:13:00.840 [FXGL Background Thread 3 ] DEBUG Engine               - gameDifficulty: MEDIUM
17:13:00.840 [FXGL Background Thread 3 ] DEBUG Engine               - gameDifficultyProperty: ObjectProperty [value: MEDIUM]
17:13:00.841 [FXGL Background Thread 3 ] DEBUG Engine               - globalMusicVolume: 0.5
17:13:00.841 [FXGL Background Thread 3 ] DEBUG Engine               - globalMusicVolumeProperty: DoubleProperty [value: 0.5]
17:13:00.841 [FXGL Background Thread 3 ] DEBUG Engine               - globalSoundVolume: 0.5
17:13:00.842 [FXGL Background Thread 3 ] DEBUG Engine               - globalSoundVolumeProperty: DoubleProperty [value: 0.5]
17:13:00.842 [FXGL Background Thread 3 ] DEBUG Engine               - height: 800
17:13:00.843 [FXGL Background Thread 3 ] DEBUG Engine               - is3D: false
17:13:00.843 [FXGL Background Thread 3 ] DEBUG Engine               - isAndroid: false
17:13:00.844 [FXGL Background Thread 3 ] DEBUG Engine               - isBrowser: false
17:13:00.844 [FXGL Background Thread 3 ] DEBUG Engine               - isClickFeedbackEnabled: false
17:13:00.845 [FXGL Background Thread 3 ] DEBUG Engine               - isCloseConfirmation: false
17:13:00.846 [FXGL Background Thread 3 ] DEBUG Engine               - isDesktop: true
17:13:00.846 [FXGL Background Thread 3 ] DEBUG Engine               - isDeveloperMenuEnabled: false
17:13:00.846 [FXGL Background Thread 3 ] DEBUG Engine               - isEmbedded: false
17:13:00.847 [FXGL Background Thread 3 ] DEBUG Engine               - isEntityPreloadEnabled: true
17:13:00.847 [FXGL Background Thread 3 ] DEBUG Engine               - isExperimentalTiledLargeMap: false
17:13:00.847 [FXGL Background Thread 3 ] DEBUG Engine               - isFileSystemWriteAllowed: true
17:13:00.847 [FXGL Background Thread 3 ] DEBUG Engine               - isFullScreenAllowed: false
17:13:00.848 [FXGL Background Thread 3 ] DEBUG Engine               - isFullScreenFromStart: false
17:13:00.848 [FXGL Background Thread 3 ] DEBUG Engine               - isGameMenuEnabled: true
17:13:00.848 [FXGL Background Thread 3 ] DEBUG Engine               - isIOS: false
17:13:00.848 [FXGL Background Thread 3 ] DEBUG Engine               - isIntroEnabled: false
17:13:00.849 [FXGL Background Thread 3 ] DEBUG Engine               - isLinux: false
17:13:00.849 [FXGL Background Thread 3 ] DEBUG Engine               - isMac: false
17:13:00.850 [FXGL Background Thread 3 ] DEBUG Engine               - isMainMenuEnabled: false
17:13:00.850 [FXGL Background Thread 3 ] DEBUG Engine               - isManualResizeEnabled: false
17:13:00.850 [FXGL Background Thread 3 ] DEBUG Engine               - isMobile: false
17:13:00.851 [FXGL Background Thread 3 ] DEBUG Engine               - isNative: false
17:13:00.851 [FXGL Background Thread 3 ] DEBUG Engine               - isPauseMusicWhenMinimized: true
17:13:00.852 [FXGL Background Thread 3 ] DEBUG Engine               - isPreserveResizeRatio: false
17:13:00.852 [FXGL Background Thread 3 ] DEBUG Engine               - isProfilingEnabled: false
17:13:00.852 [FXGL Background Thread 3 ] DEBUG Engine               - isScaleAffectedOnResize: true
17:13:00.853 [FXGL Background Thread 3 ] DEBUG Engine               - isSingleStep: false
17:13:00.853 [FXGL Background Thread 3 ] DEBUG Engine               - isUserProfileEnabled: false
17:13:00.853 [FXGL Background Thread 3 ] DEBUG Engine               - isWindows: true
17:13:00.854 [FXGL Background Thread 3 ] DEBUG Engine               - language: ObjectProperty [value: ENGLISH]
17:13:00.854 [FXGL Background Thread 3 ] DEBUG Engine               - menuKey: ESCAPE
17:13:00.855 [FXGL Background Thread 3 ] DEBUG Engine               - mouseSensitivity: 0.2
17:13:00.856 [FXGL Background Thread 3 ] DEBUG Engine               - notificationViewClass: class com.almasb.fxgl.notification.view.XboxNotificationView
17:13:00.857 [FXGL Background Thread 3 ] DEBUG Engine               - pixelsPerMeter: 50.0
17:13:00.857 [FXGL Background Thread 3 ] DEBUG Engine               - platform: WINDOWS
17:13:00.857 [FXGL Background Thread 3 ] DEBUG Engine               - prefHeightProperty: ReadOnlyDoubleProperty [value: 800.0]
17:13:00.858 [FXGL Background Thread 3 ] DEBUG Engine               - prefWidthProperty: ReadOnlyDoubleProperty [value: 1000.0]
17:13:00.859 [FXGL Background Thread 3 ] DEBUG Engine               - profileDir: profiles/
17:13:00.860 [FXGL Background Thread 3 ] DEBUG Engine               - profileName: StringProperty [value: DEFAULT]
17:13:00.860 [FXGL Background Thread 3 ] DEBUG Engine               - randomSeed: -1
17:13:00.861 [FXGL Background Thread 3 ] DEBUG Engine               - runtimeInfo: RuntimeInfo(platform=WINDOWS, version=17.1, build=24.03.2022 17.34)
17:13:00.861 [FXGL Background Thread 3 ] DEBUG Engine               - saveFileExt: sav
17:13:00.861 [FXGL Background Thread 3 ] DEBUG Engine               - scaledHeightProp$fxgl: DoubleProperty [bound, value: 680.0]
17:13:00.862 [FXGL Background Thread 3 ] DEBUG Engine               - scaledWidthProp$fxgl: DoubleProperty [bound, value: 825.0]
17:13:00.862 [FXGL Background Thread 3 ] DEBUG Engine               - sceneFactory: com.almasb.fxgl.app.scene.SceneFactory@6ae5a123
17:13:00.862 [FXGL Background Thread 3 ] DEBUG Engine               - secondsIn24h: 60
17:13:00.862 [FXGL Background Thread 3 ] DEBUG Engine               - soundMenuBack: menu/back.wav
17:13:00.863 [FXGL Background Thread 3 ] DEBUG Engine               - soundMenuPress: menu/press.wav
17:13:00.863 [FXGL Background Thread 3 ] DEBUG Engine               - soundMenuSelect: menu/select.wav
17:13:00.863 [FXGL Background Thread 3 ] DEBUG Engine               - soundNotification: core/notification.wav
17:13:00.863 [FXGL Background Thread 3 ] DEBUG Engine               - stageStyle: DECORATED
17:13:00.863 [FXGL Background Thread 3 ] DEBUG Engine               - supportedLanguages: [ENGLISH, FRENCH, GERMAN, HUNGARIAN, RUSSIAN]
17:13:00.863 [FXGL Background Thread 3 ] DEBUG Engine               - ticksPerSecond: -1
17:13:00.864 [FXGL Background Thread 3 ] DEBUG Engine               - title: Untitled
17:13:00.864 [FXGL Background Thread 3 ] DEBUG Engine               - urlGithub: https://github.com/AlmasB/FXGL
17:13:00.864 [FXGL Background Thread 3 ] DEBUG Engine               - urlLeaderboard: http://fxgl-top.herokuapp.com/
17:13:00.864 [FXGL Background Thread 3 ] DEBUG Engine               - urlPOM: https://raw.githubusercontent.com/AlmasB/FXGL/release/README.md
17:13:00.865 [FXGL Background Thread 3 ] DEBUG Engine               - userAppClass: class mangobomb.bombermango.HelloApplication
17:13:00.865 [FXGL Background Thread 3 ] DEBUG Engine               - version: 0.0
17:13:00.865 [FXGL Background Thread 3 ] DEBUG Engine               - versionCheckDays: 7
17:13:00.866 [FXGL Background Thread 3 ] DEBUG Engine               - width: 1000
17:13:00.866 [FXGL Background Thread 3 ] DEBUG Engine               - Logging services
17:13:00.866 [FXGL Background Thread 3 ] DEBUG Engine               - class com.almasb.fxgl.app.services.FXGLAssetLoaderService
17:13:00.866 [FXGL Background Thread 3 ] DEBUG Engine               - class com.almasb.fxgl.app.FXGLApplication$GameApplicationService
17:13:00.867 [FXGL Background Thread 3 ] DEBUG Engine               - class com.almasb.fxgl.app.services.FXGLDialogService
17:13:00.867 [FXGL Background Thread 3 ] DEBUG Engine               - class com.almasb.fxgl.app.services.IOTaskExecutorService
17:13:00.867 [FXGL Background Thread 3 ] DEBUG Engine               - class com.almasb.fxgl.io.FileSystemService
17:13:00.867 [FXGL Background Thread 3 ] DEBUG Engine               - class com.almasb.fxgl.localization.LocalizationService
17:13:00.868 [FXGL Background Thread 3 ] DEBUG Engine               - class com.almasb.fxgl.app.services.SystemBundleService
17:13:00.868 [FXGL Background Thread 3 ] DEBUG Engine               - class com.almasb.fxgl.profile.SaveLoadService
17:13:00.868 [FXGL Background Thread 3 ] DEBUG Engine               - class com.almasb.fxgl.ui.FXGLUIFactoryServiceProvider
17:13:00.868 [FXGL Background Thread 3 ] DEBUG Engine               - class com.almasb.fxgl.ui.FXGLDialogFactoryServiceProvider
17:13:00.868 [FXGL Background Thread 3 ] DEBUG Engine               - class com.almasb.fxgl.audio.AudioPlayer
17:13:00.869 [FXGL Background Thread 3 ] DEBUG Engine               - class com.almasb.fxgl.notification.impl.NotificationServiceProvider
17:13:00.869 [FXGL Background Thread 3 ] DEBUG Engine               - class com.almasb.fxgl.achievement.AchievementService
17:13:00.870 [FXGL Background Thread 3 ] DEBUG Engine               - class com.almasb.fxgl.cutscene.CutsceneService
17:13:00.870 [FXGL Background Thread 3 ] DEBUG Engine               - class com.almasb.fxgl.minigames.MiniGameService
17:13:00.870 [FXGL Background Thread 3 ] DEBUG Engine               - class com.almasb.fxgl.net.NetService
17:13:00.871 [FXGL Background Thread 3 ] DEBUG Engine               - class com.almasb.fxgl.app.services.UpdaterService
17:13:00.871 [FXGL Background Thread 3 ] DEBUG Engine               - class com.almasb.fxgl.dev.DevService
17:13:04.448 [JavaFX Application Thread] DEBUG FXGLApplication      - Exiting FXGL
17:13:04.448 [JavaFX Application Thread] DEBUG LoopRunner           - Stopping loop
17:13:04.449 [JavaFX Application Thread] DEBUG SystemBundleService  - Saving FXGL system data
17:13:04.451 [JavaFX Application Thread] DEBUG FileSystemAccess     - Writing to: D:\Coding\OOP\bombermango\system\fxgl.bundle
17:13:04.453 [JavaFX Application Thread] DEBUG Async                - Shutting down background threads
17:13:04.453 [JavaFX Application Thread] DEBUG PrimaryStageWindow   - Closing main window
17:13:04.479 [JavaFX Application Thread] DEBUG Logger               - Closing Logger
