08:33:06.988 [main                     ] DEBUG Logger               - Configured Logger
08:33:07.040 [main                     ] DEBUG GameApplication      - Logging settings
Title: Bomberman
Version: 0.0
Width: 800
Height: 600
Fullscreen: false
Intro: false
Profiling: false
Single step:false
App Mode: DEVELOPER
Menu Key: ESCAPE
Stage Style: DECORATED
Scene Factory: class com.almasb.fxgl.app.scene.SceneFactory

08:33:07.645 [JavaFX Application Thread] DEBUG FXGLApplication      - Initializing FXGL
08:33:07.655 [JavaFX Application Thread] INFO  Engine               - FXGL-17.1 (24.03.2022 17.34) on WINDOWS (J:18.0.2.1 FX:18.0.1)
08:33:07.655 [JavaFX Application Thread] DEBUG Engine               - JRE Vendor Name: Oracle Corporation
08:33:07.656 [JavaFX Application Thread] DEBUG Engine               - Running on OS: Windows 10 version 10.0
08:33:07.656 [JavaFX Application Thread] DEBUG Engine               - Architecture: amd64
08:33:07.656 [JavaFX Application Thread] INFO  Engine               - Source code and latest versions at: https://github.com/AlmasB/FXGL
08:33:07.656 [JavaFX Application Thread] INFO  Engine               -       Ask questions and discuss at: https://github.com/AlmasB/FXGL/discussions
08:33:07.657 [JavaFX Application Thread] INFO  Engine               -              Join the FXGL chat at: https://gitter.im/AlmasB/FXGL
08:33:07.838 [JavaFX Application Thread] DEBUG PrimaryStageWindow   - Creating a JavaFX scene
08:33:07.909 [JavaFX Application Thread] DEBUG PrimaryStageWindow   - Target settings size: 800.0 x 600.0
08:33:07.910 [JavaFX Application Thread] DEBUG PrimaryStageWindow   - Scaled scene size:    800.0 x 600.0
08:33:07.910 [JavaFX Application Thread] DEBUG PrimaryStageWindow   - Scaled ratio: (1.0, 1.0)
08:33:07.912 [JavaFX Application Thread] DEBUG PrimaryStageWindow   - Set initial scene to FXGLStartupScene
08:33:07.925 [JavaFX Application Thread] DEBUG PrimaryStageWindow   - Opening main window
08:33:08.064 [JavaFX Application Thread] DEBUG PrimaryStageWindow   - Window border size: (14.66668701171875, 37.33331298828125)
08:33:08.065 [JavaFX Application Thread] DEBUG PrimaryStageWindow   - Scaled size: 800.0 x 600.0
08:33:08.066 [JavaFX Application Thread] DEBUG PrimaryStageWindow   - Scaled ratio: (1.0, 1.0)
08:33:08.067 [JavaFX Application Thread] DEBUG PrimaryStageWindow   - Scene size: 800.0 x 600.0
08:33:08.068 [JavaFX Application Thread] DEBUG PrimaryStageWindow   - Stage size: 814.6666870117188 x 637.3333129882812
08:33:08.084 [FXGL Background Thread 1 ] DEBUG Engine               - Initializing environment variables
08:33:08.193 [FXGL Background Thread 1 ] DEBUG FXGLAssetLoaderServi - User app class for loading assets: class mangobomb.bombermango.HelloApplication
08:33:08.193 [FXGL Background Thread 1 ] DEBUG GameApplicationServi - Applying CSS: fxgl_dark.css
08:33:08.196 [FXGL Background Thread 1 ] DEBUG FXGLAssetLoaderServi - Loading from file system: jar:file:/C:/Users/Admin/.m2/repository/com/github/almasb/fxgl/17.1/fxgl-17.1.jar!/fxglassets/ui/css/fxgl_dark.css
08:33:08.289 [FXGL Background Thread 1 ] DEBUG GameApplicationServi - Initializing application scenes
08:33:08.405 [FXGL Background Thread 1 ] DEBUG GameWorld            - Game world initialized
08:33:08.496 [FXGL Background Thread 1 ] DEBUG PhysicsWorld         - Physics world initialized: appHeight=600, physics.ppm=50.0
08:33:08.497 [FXGL Background Thread 1 ] DEBUG PhysicsWorld         - Using strategy: BRUTE_FORCE
08:33:08.503 [FXGL Background Thread 1 ] DEBUG GameScene            - Game scene initialized: 800x600
08:33:08.525 [FXGL Background Thread 1 ] DEBUG FXGL.DefaultMenu     - createMenuBodyMainMenu()
08:33:08.551 [FXGL Background Thread 1 ] DEBUG FXGL.DefaultMenu     - createOptionsMenu()
08:33:08.571 [FXGL Background Thread 1 ] DEBUG FXGLAssetLoaderServi - Loading from file system: jar:file:/C:/Users/Admin/.m2/repository/com/github/almasb/fxgl/17.1/fxgl-17.1.jar!/fxglassets/textures/particles/smoke.png
08:33:08.735 [FXGL Background Thread 1 ] DEBUG FXGLAssetLoaderServi - Loading from file system: jar:file:/C:/Users/Admin/.m2/repository/com/github/almasb/fxgl/17.1/fxgl-17.1.jar!/fxglassets/textures/particles/trace_horizontal.png
08:33:08.791 [FXGL Background Thread 1 ] DEBUG FXGL.DefaultMenu     - createMenuBodyGameMenu()
08:33:08.794 [FXGL Background Thread 1 ] DEBUG FXGL.DefaultMenu     - createOptionsMenu()
08:33:08.814 [FXGL Background Thread 1 ] DEBUG GameApplicationServi - Application scenes initialized
08:33:08.836 [FXGL Background Thread 1 ] DEBUG SystemBundleService  - Loading FXGL system data
08:33:08.844 [FXGL Background Thread 1 ] DEBUG FileSystemAccess     - Reading from: D:\bombermango\system\fxgl.bundle
08:33:08.859 [FXGL Background Thread 1 ] DEBUG SystemBundleService  - Bundle FXGL: {}
08:33:08.860 [FXGL Background Thread 1 ] DEBUG UpdaterService       - Checking for updates
08:33:08.870 [FXGL Background Thread 1 ] DEBUG FXGLApplication      - Loading default localization
08:33:08.872 [FXGL Background Thread 1 ] DEBUG FXGLAssetLoaderServi - Loading from file system: jar:file:/C:/Users/Admin/.m2/repository/com/github/almasb/fxgl/17.1/fxgl-17.1.jar!/fxglassets/languages/english.lang
08:33:08.876 [FXGL Background Thread 4 ] DEBUG FXGLApplication      - Loading fonts
08:33:08.877 [FXGL Background Thread 4 ] DEBUG FXGLAssetLoaderServi - Loading from file system: jar:file:/C:/Users/Admin/.m2/repository/com/github/almasb/fxgl/17.1/fxgl-17.1.jar!/fxglassets/ui/fonts/VarelaRound-Regular.ttf
08:33:08.952 [FXGL Background Thread 1 ] INFO  FXGLApplication      - FXGL initialization took: 0.867 sec
08:33:08.971 [JavaFX Application Thread] DEBUG Input                - Registered new binding: moveUp - W
08:33:08.972 [JavaFX Application Thread] DEBUG Input                - Registered new binding: moveRight - D
08:33:08.972 [JavaFX Application Thread] DEBUG Input                - Registered new binding: moveLeft - A
08:33:08.972 [JavaFX Application Thread] DEBUG Input                - Registered new binding: moveDown - S
08:33:08.972 [JavaFX Application Thread] DEBUG Input                - Registered new binding: implantBomb - F
08:33:08.973 [JavaFX Application Thread] DEBUG FXGLAssetLoaderServi - Loading from file system: jar:file:/C:/Users/Admin/.m2/repository/com/github/almasb/fxgl/17.1/fxgl-17.1.jar!/fxglassets/textures/fxgl_icon.png
08:33:08.999 [JavaFX Application Thread] DEBUG FXGLAssetLoaderServi - Loading from file system: jar:file:/C:/Users/Admin/.m2/repository/com/github/almasb/fxgl/17.1/fxgl-17.1.jar!/fxglassets/textures/fxgl_default_cursor.png
08:33:09.001 [JavaFX Application Thread] DEBUG Input                - Registered new binding: Screenshot - CTRL+8
08:33:09.002 [JavaFX Application Thread] DEBUG Input                - Registered new binding: System info dump - CTRL+9
08:33:09.003 [JavaFX Application Thread] DEBUG Input                - Registered new binding: Restart - CTRL+R
08:33:09.004 [JavaFX Application Thread] DEBUG Input                - Registered new binding: Toggle Debug Camera - CTRL+7
08:33:09.007 [JavaFX Application Thread] DEBUG LoopRunner           - Starting loop
08:33:09.007 [JavaFX Application Thread] DEBUG LoopRunner           - Initializing JavaFX AnimationTimerLoop
08:33:09.011 [JavaFX Application Thread] DEBUG Input                - Clearing active input actions
08:33:09.057 [JavaFX Application Thread] DEBUG GameApplicationServi - Removing overlay from FXGLStartupScene and adding to FXGLMainMenuDummyScene
08:33:09.060 [JavaFX Application Thread] DEBUG PrimaryStageWindow   - FXGLStartupScene -> FXGLMainMenuDummyScene
08:33:09.060 [JavaFX Application Thread] DEBUG PrimaryStageWindow   - Push state: FXGLDefaultMenu
08:33:09.075 [JavaFX Application Thread] DEBUG Input                - Clearing active input actions
08:33:09.096 [JavaFX Application Thread] DEBUG GameApplicationServi - Removing overlay from FXGLMainMenuDummyScene and adding to FXGLDefaultMenu
08:33:09.096 [JavaFX Application Thread] DEBUG PrimaryStageWindow   - FXGLMainMenuDummyScene -> FXGLDefaultMenu
08:33:09.187 [FXGL Background Thread 4 ] DEBUG FXGLAssetLoaderServi - Loading from file system: jar:file:/C:/Users/Admin/.m2/repository/com/github/almasb/fxgl/17.1/fxgl-17.1.jar!/fxglassets/ui/fonts/Abel-Regular.ttf
08:33:09.194 [FXGL Background Thread 4 ] DEBUG FXGLAssetLoaderServi - Loading from file system: jar:file:/C:/Users/Admin/.m2/repository/com/github/almasb/fxgl/17.1/fxgl-17.1.jar!/fxglassets/ui/fonts/TerminalLandMono-Regular.otf
08:33:09.201 [FXGL Background Thread 4 ] DEBUG FXGLAssetLoaderServi - Loading from file system: jar:file:/C:/Users/Admin/.m2/repository/com/github/almasb/fxgl/17.1/fxgl-17.1.jar!/fxglassets/ui/fonts/Courier-Prime.ttf
08:33:09.215 [JavaFX Application Thread] DEBUG FXGLApplication      - Registering font factories with UI factory
08:33:09.758 [FXGL Background Thread 2 ] INFO  UpdaterService       - Your current version:  17.1
08:33:09.759 [FXGL Background Thread 2 ] INFO  UpdaterService       - Latest stable version: 17.2
08:33:11.651 [JavaFX Application Thread] DEBUG Menu                 - fireNewGame()
08:33:11.652 [JavaFX Application Thread] DEBUG GameApplicationServi - Starting new game
08:33:11.660 [JavaFX Application Thread] DEBUG PrimaryStageWindow   - Pop state: FXGLDefaultMenu
08:33:11.660 [JavaFX Application Thread] DEBUG Input                - Clearing active input actions
08:33:11.665 [JavaFX Application Thread] DEBUG GameApplicationServi - Removing overlay from FXGLDefaultMenu and adding to FXGLMainMenuDummyScene
08:33:11.668 [JavaFX Application Thread] DEBUG PrimaryStageWindow   - FXGLMainMenuDummyScene <- FXGLDefaultMenu
08:33:11.669 [JavaFX Application Thread] DEBUG Input                - Clearing active input actions
08:33:11.699 [JavaFX Application Thread] DEBUG GameApplicationServi - Removing overlay from FXGLMainMenuDummyScene and adding to FXGLLoadingScene
08:33:11.700 [JavaFX Application Thread] DEBUG PrimaryStageWindow   - FXGLMainMenuDummyScene -> FXGLLoadingScene
08:33:11.700 [JavaFX Application Thread] DEBUG GameApplicationServi - Clearing previous game
08:33:11.700 [JavaFX Application Thread] DEBUG GameScene            - Clearing game scene
08:33:11.701 [JavaFX Application Thread] DEBUG GameWorld            - Clearing game world
08:33:11.701 [JavaFX Application Thread] DEBUG PhysicsWorld         - Clearing physics world
08:33:11.704 [FXGL Background Thread 2 ] DEBUG FXGLApplication      - Initializing game
08:33:11.756 [FXGL Background Thread 2 ] DEBUG FXGLAssetLoaderServi - Loading from file system: file:/D:/bombermango/target/classes/assets/textures/sprites/wall.png
08:33:11.786 [FXGL Background Thread 2 ] DEBUG FXGLAssetLoaderServi - Loading from file system: file:/D:/bombermango/target/classes/assets/textures/sprites/grass.png
08:33:11.805 [FXGL Background Thread 2 ] DEBUG FXGLAssetLoaderServi - Loading from file system: file:/D:/bombermango/target/classes/assets/textures/sprites/brick.png
08:33:11.888 [FXGL Background Thread 3 ] DEBUG Engine               - Logging environment variables
08:33:11.888 [FXGL Background Thread 3 ] DEBUG Engine               - achievements: []
08:33:11.889 [FXGL Background Thread 3 ] DEBUG Engine               - actualHeight: 600.0
08:33:11.889 [FXGL Background Thread 3 ] DEBUG Engine               - actualHeightProperty: ReadOnlyDoubleProperty [value: 600.0]
08:33:11.889 [FXGL Background Thread 3 ] DEBUG Engine               - actualWidth: 800.0
08:33:11.889 [FXGL Background Thread 3 ] DEBUG Engine               - actualWidthProperty: ReadOnlyDoubleProperty [value: 800.0]
08:33:11.889 [FXGL Background Thread 3 ] DEBUG Engine               - appIcon: fxgl_icon.png
08:33:11.889 [FXGL Background Thread 3 ] DEBUG Engine               - applicationMode: DEVELOPER
08:33:11.889 [FXGL Background Thread 3 ] DEBUG Engine               - cSSList: [fxgl_dark.css]
08:33:11.889 [FXGL Background Thread 3 ] DEBUG Engine               - collisionDetectionStrategy: BRUTE_FORCE
08:33:11.889 [FXGL Background Thread 3 ] DEBUG Engine               - configClass: Optional.empty
08:33:11.889 [FXGL Background Thread 3 ] DEBUG Engine               - credits: []
08:33:11.890 [FXGL Background Thread 3 ] DEBUG Engine               - defaultCursor: CursorInfo(imageName=fxgl_default_cursor.png, hotspotX=7.0, hotspotY=6.0)
08:33:11.890 [FXGL Background Thread 3 ] DEBUG Engine               - devBBoxColorProperty: ObjectProperty [value: 0xff0000ff]
08:33:11.890 [FXGL Background Thread 3 ] DEBUG Engine               - devEnableDebugCameraProperty: BooleanProperty [value: false]
08:33:11.891 [FXGL Background Thread 3 ] DEBUG Engine               - devSensorColorProperty: ObjectProperty [value: 0xffff00ff]
08:33:11.891 [FXGL Background Thread 3 ] DEBUG Engine               - devShowBBoxProperty: BooleanProperty [value: false]
08:33:11.891 [FXGL Background Thread 3 ] DEBUG Engine               - devShowPositionProperty: BooleanProperty [value: false]
08:33:11.891 [FXGL Background Thread 3 ] DEBUG Engine               - enabledMenuItems: []
08:33:11.891 [FXGL Background Thread 3 ] DEBUG Engine               - engineServices: [class com.almasb.fxgl.app.services.FXGLAssetLoaderService, class com.almasb.fxgl.app.FXGLApplication$GameApplicationService, class com.almasb.fxgl.app.services.FXGLDialogService, class com.almasb.fxgl.app.services.IOTaskExecutorService, class com.almasb.fxgl.io.FileSystemService, class com.almasb.fxgl.localization.LocalizationService, class com.almasb.fxgl.app.services.SystemBundleService, class com.almasb.fxgl.profile.SaveLoadService, class com.almasb.fxgl.ui.FXGLUIFactoryServiceProvider, class com.almasb.fxgl.ui.FXGLDialogFactoryServiceProvider, class com.almasb.fxgl.audio.AudioPlayer, class com.almasb.fxgl.notification.impl.NotificationServiceProvider, class com.almasb.fxgl.achievement.AchievementService, class com.almasb.fxgl.cutscene.CutsceneService, class com.almasb.fxgl.minigames.MiniGameService, class com.almasb.fxgl.net.NetService, class com.almasb.fxgl.app.services.UpdaterService, class com.almasb.fxgl.dev.DevService]
08:33:11.891 [FXGL Background Thread 3 ] DEBUG Engine               - fontGame: Abel-Regular.ttf
08:33:11.891 [FXGL Background Thread 3 ] DEBUG Engine               - fontMono: TerminalLandMono-Regular.otf
08:33:11.891 [FXGL Background Thread 3 ] DEBUG Engine               - fontText: Courier-Prime.ttf
08:33:11.891 [FXGL Background Thread 3 ] DEBUG Engine               - fontUI: VarelaRound-Regular.ttf
08:33:11.891 [FXGL Background Thread 3 ] DEBUG Engine               - fullScreen: BooleanProperty [value: false]
08:33:11.891 [FXGL Background Thread 3 ] DEBUG Engine               - gameDifficulty: MEDIUM
08:33:11.892 [FXGL Background Thread 3 ] DEBUG Engine               - gameDifficultyProperty: ObjectProperty [value: MEDIUM]
08:33:11.892 [FXGL Background Thread 3 ] DEBUG Engine               - globalMusicVolume: 0.5
08:33:11.892 [FXGL Background Thread 3 ] DEBUG Engine               - globalMusicVolumeProperty: DoubleProperty [value: 0.5]
08:33:11.892 [FXGL Background Thread 3 ] DEBUG Engine               - globalSoundVolume: 0.5
08:33:11.892 [FXGL Background Thread 3 ] DEBUG Engine               - globalSoundVolumeProperty: DoubleProperty [value: 0.5]
08:33:11.892 [FXGL Background Thread 3 ] DEBUG Engine               - height: 600
08:33:11.892 [FXGL Background Thread 3 ] DEBUG Engine               - is3D: false
08:33:11.892 [FXGL Background Thread 3 ] DEBUG Engine               - isAndroid: false
08:33:11.892 [FXGL Background Thread 3 ] DEBUG Engine               - isBrowser: false
08:33:11.892 [FXGL Background Thread 3 ] DEBUG Engine               - isClickFeedbackEnabled: false
08:33:11.892 [FXGL Background Thread 3 ] DEBUG Engine               - isCloseConfirmation: false
08:33:11.893 [FXGL Background Thread 3 ] DEBUG Engine               - isDesktop: true
08:33:11.893 [FXGL Background Thread 3 ] DEBUG Engine               - isDeveloperMenuEnabled: false
08:33:11.893 [FXGL Background Thread 3 ] DEBUG Engine               - isEmbedded: false
08:33:11.893 [FXGL Background Thread 3 ] DEBUG Engine               - isEntityPreloadEnabled: true
08:33:11.893 [FXGL Background Thread 3 ] DEBUG Engine               - isExperimentalTiledLargeMap: false
08:33:11.893 [FXGL Background Thread 3 ] DEBUG Engine               - isFileSystemWriteAllowed: true
08:33:11.893 [FXGL Background Thread 3 ] DEBUG Engine               - isFullScreenAllowed: false
08:33:11.893 [FXGL Background Thread 3 ] DEBUG Engine               - isFullScreenFromStart: false
08:33:11.893 [FXGL Background Thread 3 ] DEBUG Engine               - isGameMenuEnabled: true
08:33:11.893 [FXGL Background Thread 3 ] DEBUG Engine               - isIOS: false
08:33:11.893 [FXGL Background Thread 3 ] DEBUG Engine               - isIntroEnabled: false
08:33:11.894 [FXGL Background Thread 3 ] DEBUG Engine               - isLinux: false
08:33:11.897 [FXGL Background Thread 3 ] DEBUG Engine               - isMac: false
08:33:11.897 [FXGL Background Thread 3 ] DEBUG Engine               - isMainMenuEnabled: true
08:33:11.898 [FXGL Background Thread 3 ] DEBUG Engine               - isManualResizeEnabled: false
08:33:11.898 [FXGL Background Thread 3 ] DEBUG Engine               - isMobile: false
08:33:11.898 [FXGL Background Thread 3 ] DEBUG Engine               - isNative: false
08:33:11.898 [FXGL Background Thread 3 ] DEBUG Engine               - isPauseMusicWhenMinimized: true
08:33:11.899 [FXGL Background Thread 3 ] DEBUG Engine               - isPreserveResizeRatio: false
08:33:11.899 [FXGL Background Thread 3 ] DEBUG Engine               - isProfilingEnabled: false
08:33:11.903 [FXGL Background Thread 3 ] DEBUG Engine               - isScaleAffectedOnResize: true
08:33:11.903 [FXGL Background Thread 3 ] DEBUG Engine               - isSingleStep: false
08:33:11.903 [FXGL Background Thread 3 ] DEBUG Engine               - isUserProfileEnabled: false
08:33:11.903 [FXGL Background Thread 3 ] DEBUG Engine               - isWindows: true
08:33:11.903 [FXGL Background Thread 3 ] DEBUG Engine               - language: ObjectProperty [value: ENGLISH]
08:33:11.904 [FXGL Background Thread 3 ] DEBUG Engine               - menuKey: ESCAPE
08:33:11.904 [FXGL Background Thread 3 ] DEBUG Engine               - mouseSensitivity: 0.2
08:33:11.904 [FXGL Background Thread 3 ] DEBUG Engine               - notificationViewClass: class com.almasb.fxgl.notification.view.XboxNotificationView
08:33:11.904 [FXGL Background Thread 3 ] DEBUG Engine               - pixelsPerMeter: 50.0
08:33:11.904 [FXGL Background Thread 3 ] DEBUG Engine               - platform: WINDOWS
08:33:11.905 [FXGL Background Thread 3 ] DEBUG Engine               - prefHeightProperty: ReadOnlyDoubleProperty [value: 600.0]
08:33:11.905 [FXGL Background Thread 3 ] DEBUG Engine               - prefWidthProperty: ReadOnlyDoubleProperty [value: 800.0]
08:33:11.905 [FXGL Background Thread 3 ] DEBUG Engine               - profileDir: profiles/
08:33:11.905 [FXGL Background Thread 3 ] DEBUG Engine               - profileName: StringProperty [value: DEFAULT]
08:33:11.905 [FXGL Background Thread 3 ] DEBUG Engine               - randomSeed: -1
08:33:11.905 [FXGL Background Thread 3 ] DEBUG Engine               - runtimeInfo: RuntimeInfo(platform=WINDOWS, version=17.1, build=24.03.2022 17.34)
08:33:11.906 [FXGL Background Thread 3 ] DEBUG Engine               - saveFileExt: sav
08:33:11.906 [FXGL Background Thread 3 ] DEBUG Engine               - scaledHeightProp$fxgl: DoubleProperty [bound, value: 600.0]
08:33:11.906 [FXGL Background Thread 3 ] DEBUG Engine               - scaledWidthProp$fxgl: DoubleProperty [bound, value: 800.0]
08:33:11.906 [FXGL Background Thread 3 ] DEBUG Engine               - sceneFactory: com.almasb.fxgl.app.scene.SceneFactory@7d35627f
08:33:11.906 [FXGL Background Thread 3 ] DEBUG Engine               - secondsIn24h: 60
08:33:11.906 [FXGL Background Thread 3 ] DEBUG Engine               - soundMenuBack: menu/back.wav
08:33:11.906 [FXGL Background Thread 3 ] DEBUG Engine               - soundMenuPress: menu/press.wav
08:33:11.906 [FXGL Background Thread 3 ] DEBUG Engine               - soundMenuSelect: menu/select.wav
08:33:11.906 [FXGL Background Thread 3 ] DEBUG Engine               - soundNotification: core/notification.wav
08:33:11.906 [FXGL Background Thread 3 ] DEBUG Engine               - stageStyle: DECORATED
08:33:11.907 [FXGL Background Thread 3 ] DEBUG Engine               - supportedLanguages: [ENGLISH, FRENCH, GERMAN, HUNGARIAN, RUSSIAN]
08:33:11.907 [FXGL Background Thread 3 ] DEBUG Engine               - ticksPerSecond: -1
08:33:11.907 [FXGL Background Thread 3 ] DEBUG Engine               - title: Bomberman
08:33:11.907 [FXGL Background Thread 3 ] DEBUG Engine               - urlGithub: https://github.com/AlmasB/FXGL
08:33:11.907 [FXGL Background Thread 3 ] DEBUG Engine               - urlLeaderboard: http://fxgl-top.herokuapp.com/
08:33:11.907 [FXGL Background Thread 3 ] DEBUG Engine               - urlPOM: https://raw.githubusercontent.com/AlmasB/FXGL/release/README.md
08:33:11.908 [FXGL Background Thread 3 ] DEBUG Engine               - userAppClass: class mangobomb.bombermango.HelloApplication
08:33:11.909 [FXGL Background Thread 3 ] DEBUG Engine               - version: 0.0
08:33:11.909 [FXGL Background Thread 3 ] DEBUG Engine               - versionCheckDays: 7
08:33:11.909 [FXGL Background Thread 3 ] DEBUG Engine               - width: 800
08:33:11.909 [FXGL Background Thread 3 ] DEBUG Engine               - Logging services
08:33:11.909 [FXGL Background Thread 3 ] DEBUG Engine               - class com.almasb.fxgl.app.services.FXGLAssetLoaderService
08:33:11.909 [FXGL Background Thread 3 ] DEBUG Engine               - class com.almasb.fxgl.app.FXGLApplication$GameApplicationService
08:33:11.909 [FXGL Background Thread 3 ] DEBUG Engine               - class com.almasb.fxgl.app.services.FXGLDialogService
08:33:11.910 [FXGL Background Thread 3 ] DEBUG Engine               - class com.almasb.fxgl.app.services.IOTaskExecutorService
08:33:11.910 [FXGL Background Thread 3 ] DEBUG Engine               - class com.almasb.fxgl.io.FileSystemService
08:33:11.910 [FXGL Background Thread 3 ] DEBUG Engine               - class com.almasb.fxgl.localization.LocalizationService
08:33:11.910 [FXGL Background Thread 3 ] DEBUG Engine               - class com.almasb.fxgl.app.services.SystemBundleService
08:33:11.910 [FXGL Background Thread 3 ] DEBUG Engine               - class com.almasb.fxgl.profile.SaveLoadService
08:33:11.910 [FXGL Background Thread 3 ] DEBUG Engine               - class com.almasb.fxgl.ui.FXGLUIFactoryServiceProvider
08:33:11.910 [FXGL Background Thread 3 ] DEBUG Engine               - class com.almasb.fxgl.ui.FXGLDialogFactoryServiceProvider
08:33:11.910 [FXGL Background Thread 3 ] DEBUG Engine               - class com.almasb.fxgl.audio.AudioPlayer
08:33:11.910 [FXGL Background Thread 3 ] DEBUG Engine               - class com.almasb.fxgl.notification.impl.NotificationServiceProvider
08:33:11.910 [FXGL Background Thread 3 ] DEBUG Engine               - class com.almasb.fxgl.achievement.AchievementService
08:33:11.911 [FXGL Background Thread 3 ] DEBUG Engine               - class com.almasb.fxgl.cutscene.CutsceneService
08:33:11.911 [FXGL Background Thread 3 ] DEBUG Engine               - class com.almasb.fxgl.minigames.MiniGameService
08:33:11.911 [FXGL Background Thread 3 ] DEBUG Engine               - class com.almasb.fxgl.net.NetService
08:33:11.911 [FXGL Background Thread 3 ] DEBUG Engine               - class com.almasb.fxgl.app.services.UpdaterService
08:33:11.911 [FXGL Background Thread 3 ] DEBUG Engine               - class com.almasb.fxgl.dev.DevService
08:33:11.925 [FXGL Background Thread 2 ] DEBUG GameWorld            - Clearing removable entities
08:33:11.926 [FXGL Background Thread 2 ] DEBUG GameWorld            - Setting level: com.almasb.fxgl.entity.level.Level@5918326
08:33:11.993 [FXGL Background Thread 2 ] DEBUG FXGLAssetLoaderServi - Loading from file system: file:/D:/bombermango/target/classes/assets/textures/sprites/player_left.png
08:33:11.995 [FXGL Background Thread 2 ] DEBUG FXGLAssetLoaderServi - Loading from file system: file:/D:/bombermango/target/classes/assets/textures/sprites/player_left_1.png
08:33:11.996 [FXGL Background Thread 2 ] DEBUG FXGLAssetLoaderServi - Loading from file system: file:/D:/bombermango/target/classes/assets/textures/sprites/player_left_2.png
08:33:12.019 [FXGL Background Thread 2 ] WARN  GameWorld            - Entity is already attached to world
08:33:12.019 [FXGL Background Thread 2 ] INFO  FXGLApplication      - Game initialization took: 0.316 sec
08:33:12.021 [JavaFX Application Thread] DEBUG Input                - Clearing active input actions
08:33:12.039 [JavaFX Application Thread] DEBUG GameApplicationServi - Removing overlay from FXGLLoadingScene and adding to GameScene
08:33:12.040 [JavaFX Application Thread] DEBUG PrimaryStageWindow   - FXGLLoadingScene -> GameScene
08:33:25.094 [JavaFX Application Thread] DEBUG FXGLApplication      - Exiting FXGL
08:33:25.095 [JavaFX Application Thread] DEBUG LoopRunner           - Stopping loop
08:33:25.095 [JavaFX Application Thread] DEBUG SystemBundleService  - Saving FXGL system data
08:33:25.100 [JavaFX Application Thread] DEBUG FileSystemAccess     - Writing to: D:\bombermango\system\fxgl.bundle
08:33:25.108 [JavaFX Application Thread] DEBUG Async                - Shutting down background threads
08:33:25.108 [JavaFX Application Thread] DEBUG PrimaryStageWindow   - Closing main window
08:33:25.189 [JavaFX Application Thread] DEBUG Logger               - Closing Logger
