12:55:29.251 [main                     ] DEBUG Logger               - Configured Logger
12:55:29.292 [main                     ] DEBUG GameApplication      - Logging settings
Title: Bomberman!
Version: 0.0
Width: 700
Height: 700
Fullscreen: false
Intro: false
Profiling: false
Single step:false
App Mode: DEVELOPER
Menu Key: ESCAPE
Stage Style: DECORATED
Scene Factory: class com.almasb.fxgl.app.scene.SceneFactory

12:55:29.973 [JavaFX Application Thread] DEBUG FXGLApplication      - Initializing FXGL
12:55:29.982 [JavaFX Application Thread] INFO  Engine               - FXGL-17.1 (24.03.2022 17.34) on WINDOWS (J:18.0.2.1 FX:18.0.1)
12:55:29.983 [JavaFX Application Thread] DEBUG Engine               - JRE Vendor Name: Oracle Corporation
12:55:29.983 [JavaFX Application Thread] DEBUG Engine               - Running on OS: Windows 10 version 10.0
12:55:29.984 [JavaFX Application Thread] DEBUG Engine               - Architecture: amd64
12:55:29.984 [JavaFX Application Thread] INFO  Engine               - Source code and latest versions at: https://github.com/AlmasB/FXGL
12:55:29.984 [JavaFX Application Thread] INFO  Engine               -       Ask questions and discuss at: https://github.com/AlmasB/FXGL/discussions
12:55:29.984 [JavaFX Application Thread] INFO  Engine               -              Join the FXGL chat at: https://gitter.im/AlmasB/FXGL
12:55:30.212 [JavaFX Application Thread] DEBUG PrimaryStageWindow   - Creating a JavaFX scene
12:55:30.214 [JavaFX Application Thread] DEBUG PrimaryStageWindow   - Target size > screen size
12:55:30.296 [JavaFX Application Thread] DEBUG PrimaryStageWindow   - Target settings size: 700.0 x 700.0
12:55:30.297 [JavaFX Application Thread] DEBUG PrimaryStageWindow   - Scaled scene size:    655.0 x 680.0
12:55:30.297 [JavaFX Application Thread] DEBUG PrimaryStageWindow   - Scaled ratio: (0.9357142857142857, 0.9714285714285714)
12:55:30.299 [JavaFX Application Thread] DEBUG PrimaryStageWindow   - Set initial scene to FXGLStartupScene
12:55:30.315 [JavaFX Application Thread] DEBUG PrimaryStageWindow   - Opening main window
12:55:30.476 [JavaFX Application Thread] DEBUG PrimaryStageWindow   - Window border size: (15.0, 37.33331298828125)
12:55:30.477 [JavaFX Application Thread] DEBUG PrimaryStageWindow   - Scaled size: 655.0 x 680.0
12:55:30.477 [JavaFX Application Thread] DEBUG PrimaryStageWindow   - Scaled ratio: (0.9357142857142857, 0.9714285714285714)
12:55:30.478 [JavaFX Application Thread] DEBUG PrimaryStageWindow   - Scene size: 655.0 x 680.0
12:55:30.478 [JavaFX Application Thread] DEBUG PrimaryStageWindow   - Stage size: 670.0 x 717.3333129882812
12:55:30.531 [FXGL Background Thread 1 ] DEBUG Engine               - Initializing environment variables
12:55:30.621 [FXGL Background Thread 1 ] DEBUG FXGLAssetLoaderServi - User app class for loading assets: class mangobomb.bombermango.HelloApplication
12:55:30.622 [FXGL Background Thread 1 ] DEBUG GameApplicationServi - Applying CSS: fxgl_dark.css
12:55:30.623 [FXGL Background Thread 1 ] DEBUG FXGLAssetLoaderServi - Loading from file system: jar:file:/C:/Users/Admin/.m2/repository/com/github/almasb/fxgl/17.1/fxgl-17.1.jar!/fxglassets/ui/css/fxgl_dark.css
12:55:30.726 [FXGL Background Thread 1 ] DEBUG GameApplicationServi - Initializing application scenes
12:55:30.863 [FXGL Background Thread 1 ] DEBUG GameWorld            - Game world initialized
12:55:30.977 [FXGL Background Thread 1 ] DEBUG PhysicsWorld         - Physics world initialized: appHeight=700, physics.ppm=50.0
12:55:30.977 [FXGL Background Thread 1 ] DEBUG PhysicsWorld         - Using strategy: BRUTE_FORCE
12:55:30.983 [FXGL Background Thread 1 ] DEBUG GameScene            - Game scene initialized: 700x700
12:55:31.002 [FXGL Background Thread 1 ] WARN  FXGL.DefaultMenu     - FXGLDefaultMenu is not designed for resolutions < 800x600
12:55:31.002 [FXGL Background Thread 1 ] DEBUG FXGL.DefaultMenu     - createMenuBodyGameMenu()
12:55:31.028 [FXGL Background Thread 1 ] DEBUG FXGL.DefaultMenu     - createOptionsMenu()
12:55:31.047 [FXGL Background Thread 1 ] DEBUG FXGLAssetLoaderServi - Loading from file system: jar:file:/C:/Users/Admin/.m2/repository/com/github/almasb/fxgl/17.1/fxgl-17.1.jar!/fxglassets/textures/particles/smoke.png
12:55:31.237 [FXGL Background Thread 1 ] DEBUG FXGLAssetLoaderServi - Loading from file system: jar:file:/C:/Users/Admin/.m2/repository/com/github/almasb/fxgl/17.1/fxgl-17.1.jar!/fxglassets/textures/particles/trace_horizontal.png
12:55:31.295 [FXGL Background Thread 1 ] DEBUG GameApplicationServi - Application scenes initialized
12:55:31.315 [FXGL Background Thread 1 ] DEBUG SystemBundleService  - Loading FXGL system data
12:55:31.326 [FXGL Background Thread 1 ] DEBUG FileSystemAccess     - Reading from: D:\bombermango\system\fxgl.bundle
12:55:31.342 [FXGL Background Thread 1 ] DEBUG SystemBundleService  - Bundle FXGL: {}
12:55:31.343 [FXGL Background Thread 1 ] DEBUG UpdaterService       - Checking for updates
12:55:31.351 [FXGL Background Thread 1 ] DEBUG FXGLApplication      - Loading default localization
12:55:31.352 [FXGL Background Thread 1 ] DEBUG FXGLAssetLoaderServi - Loading from file system: jar:file:/C:/Users/Admin/.m2/repository/com/github/almasb/fxgl/17.1/fxgl-17.1.jar!/fxglassets/languages/english.lang
12:55:31.402 [FXGL Background Thread 1 ] INFO  FXGLApplication      - FXGL initialization took: 0.872 sec
12:55:31.419 [JavaFX Application Thread] DEBUG Input                - Registered new binding: Up 1 - W
12:55:31.420 [JavaFX Application Thread] DEBUG Input                - Registered new binding: Left 1 - A
12:55:31.420 [JavaFX Application Thread] DEBUG Input                - Registered new binding: Down 1 - S
12:55:31.420 [JavaFX Application Thread] DEBUG Input                - Registered new binding: Right 1 - D
12:55:31.421 [JavaFX Application Thread] DEBUG FXGLAssetLoaderServi - Loading from file system: jar:file:/C:/Users/Admin/.m2/repository/com/github/almasb/fxgl/17.1/fxgl-17.1.jar!/fxglassets/textures/fxgl_icon.png
12:55:31.517 [FXGL Background Thread 4 ] DEBUG FXGLApplication      - Loading fonts
12:55:31.518 [FXGL Background Thread 4 ] DEBUG FXGLAssetLoaderServi - Loading from file system: jar:file:/C:/Users/Admin/.m2/repository/com/github/almasb/fxgl/17.1/fxgl-17.1.jar!/fxglassets/ui/fonts/VarelaRound-Regular.ttf
12:55:31.521 [JavaFX Application Thread] DEBUG FXGLAssetLoaderServi - Loading from file system: jar:file:/C:/Users/Admin/.m2/repository/com/github/almasb/fxgl/17.1/fxgl-17.1.jar!/fxglassets/textures/fxgl_default_cursor.png
12:55:31.524 [JavaFX Application Thread] DEBUG Input                - Registered new binding: Screenshot - CTRL+8
12:55:31.524 [JavaFX Application Thread] DEBUG Input                - Registered new binding: System info dump - CTRL+9
12:55:31.525 [JavaFX Application Thread] DEBUG Input                - Registered new binding: Restart - CTRL+R
12:55:31.526 [JavaFX Application Thread] DEBUG Input                - Registered new binding: Toggle Debug Camera - CTRL+7
12:55:31.530 [JavaFX Application Thread] DEBUG LoopRunner           - Starting loop
12:55:31.530 [JavaFX Application Thread] DEBUG LoopRunner           - Initializing JavaFX AnimationTimerLoop
12:55:31.532 [JavaFX Application Thread] DEBUG GameApplicationServi - Starting new game
12:55:31.533 [JavaFX Application Thread] DEBUG Input                - Clearing active input actions
12:55:31.548 [JavaFX Application Thread] DEBUG GameApplicationServi - Removing overlay from FXGLStartupScene and adding to FXGLLoadingScene
12:55:31.549 [JavaFX Application Thread] DEBUG PrimaryStageWindow   - FXGLStartupScene -> FXGLLoadingScene
12:55:31.549 [JavaFX Application Thread] DEBUG GameApplicationServi - Clearing previous game
12:55:31.549 [JavaFX Application Thread] DEBUG GameScene            - Clearing game scene
12:55:31.550 [JavaFX Application Thread] DEBUG GameWorld            - Clearing game world
12:55:31.550 [JavaFX Application Thread] DEBUG PhysicsWorld         - Clearing physics world
12:55:31.552 [FXGL Background Thread 1 ] DEBUG FXGLApplication      - Initializing game
12:55:31.571 [FXGL Background Thread 1 ] DEBUG FXGLAssetLoaderServi - Loading from file system: file:/D:/bombermango/target/classes/assets/textures/sprites/player_left.png
12:55:31.572 [FXGL Background Thread 1 ] DEBUG FXGLAssetLoaderServi - Loading from file system: file:/D:/bombermango/target/classes/assets/textures/sprites/player_left_1.png
12:55:31.573 [FXGL Background Thread 1 ] DEBUG FXGLAssetLoaderServi - Loading from file system: file:/D:/bombermango/target/classes/assets/textures/sprites/player_left_2.png
12:55:31.624 [FXGL Background Thread 1 ] DEBUG FXGLAssetLoaderServi - Loading from file system: file:/D:/bombermango/target/classes/assets/textures/sprites/wall.png
12:55:31.625 [FXGL Background Thread 1 ] WARN  GameWorld            - Entity is already attached to world
12:55:31.625 [FXGL Background Thread 1 ] INFO  FXGLApplication      - Game initialization took: 0.074 sec
12:55:31.686 [JavaFX Application Thread] DEBUG Input                - Clearing active input actions
12:55:31.696 [JavaFX Application Thread] DEBUG GameApplicationServi - Removing overlay from FXGLLoadingScene and adding to GameScene
12:55:31.696 [JavaFX Application Thread] DEBUG PrimaryStageWindow   - FXGLLoadingScene -> GameScene
12:55:32.093 [FXGL Background Thread 4 ] DEBUG FXGLAssetLoaderServi - Loading from file system: jar:file:/C:/Users/Admin/.m2/repository/com/github/almasb/fxgl/17.1/fxgl-17.1.jar!/fxglassets/ui/fonts/Abel-Regular.ttf
12:55:32.098 [FXGL Background Thread 4 ] DEBUG FXGLAssetLoaderServi - Loading from file system: jar:file:/C:/Users/Admin/.m2/repository/com/github/almasb/fxgl/17.1/fxgl-17.1.jar!/fxglassets/ui/fonts/TerminalLandMono-Regular.otf
12:55:32.103 [FXGL Background Thread 4 ] DEBUG FXGLAssetLoaderServi - Loading from file system: jar:file:/C:/Users/Admin/.m2/repository/com/github/almasb/fxgl/17.1/fxgl-17.1.jar!/fxglassets/ui/fonts/Courier-Prime.ttf
12:55:32.112 [JavaFX Application Thread] DEBUG FXGLApplication      - Registering font factories with UI factory
12:55:32.599 [FXGL Background Thread 2 ] INFO  UpdaterService       - Your current version:  17.1
12:55:32.600 [FXGL Background Thread 2 ] INFO  UpdaterService       - Latest stable version: 17.2
12:55:34.084 [JavaFX Application Thread] DEBUG FXGLApplication      - Exiting FXGL
12:55:34.084 [JavaFX Application Thread] DEBUG LoopRunner           - Stopping loop
12:55:34.084 [JavaFX Application Thread] DEBUG SystemBundleService  - Saving FXGL system data
12:55:34.087 [JavaFX Application Thread] DEBUG FileSystemAccess     - Writing to: D:\bombermango\system\fxgl.bundle
12:55:34.090 [JavaFX Application Thread] DEBUG Async                - Shutting down background threads
12:55:34.090 [JavaFX Application Thread] DEBUG PrimaryStageWindow   - Closing main window
12:55:34.112 [JavaFX Application Thread] DEBUG Logger               - Closing Logger
