16:49:25.235 [main                     ] DEBUG Logger               - Configured Logger
16:49:25.280 [main                     ] DEBUG GameApplication      - Logging settings
Title: Bomberman
Version: 0.0
Width: 800
Height: 672
Fullscreen: false
Intro: false
Profiling: false
Single step:false
App Mode: DEVELOPER
Menu Key: ESCAPE
Stage Style: DECORATED
Scene Factory: class com.almasb.fxgl.app.scene.SceneFactory

16:49:25.878 [JavaFX Application Thread] DEBUG FXGLApplication      - Initializing FXGL
16:49:25.887 [JavaFX Application Thread] INFO  Engine               - FXGL-17.1 (24.03.2022 17.34) on WINDOWS (J:18.0.2.1 FX:18.0.1)
16:49:25.887 [JavaFX Application Thread] DEBUG Engine               - JRE Vendor Name: Oracle Corporation
16:49:25.888 [JavaFX Application Thread] DEBUG Engine               - Running on OS: Windows 10 version 10.0
16:49:25.888 [JavaFX Application Thread] DEBUG Engine               - Architecture: amd64
16:49:25.889 [JavaFX Application Thread] INFO  Engine               - Source code and latest versions at: https://github.com/AlmasB/FXGL
16:49:25.889 [JavaFX Application Thread] INFO  Engine               -       Ask questions and discuss at: https://github.com/AlmasB/FXGL/discussions
16:49:25.889 [JavaFX Application Thread] INFO  Engine               -              Join the FXGL chat at: https://gitter.im/AlmasB/FXGL
16:49:26.091 [JavaFX Application Thread] DEBUG PrimaryStageWindow   - Creating a JavaFX scene
16:49:26.170 [JavaFX Application Thread] DEBUG PrimaryStageWindow   - Target settings size: 800.0 x 672.0
16:49:26.170 [JavaFX Application Thread] DEBUG PrimaryStageWindow   - Scaled scene size:    800.0 x 672.0
16:49:26.171 [JavaFX Application Thread] DEBUG PrimaryStageWindow   - Scaled ratio: (1.0, 1.0)
16:49:26.173 [JavaFX Application Thread] DEBUG PrimaryStageWindow   - Set initial scene to FXGLStartupScene
16:49:26.186 [JavaFX Application Thread] DEBUG PrimaryStageWindow   - Opening main window
16:49:26.335 [JavaFX Application Thread] DEBUG PrimaryStageWindow   - Window border size: (14.66668701171875, 37.33331298828125)
16:49:26.336 [JavaFX Application Thread] DEBUG PrimaryStageWindow   - Scaled size: 800.0 x 672.0
16:49:26.337 [JavaFX Application Thread] DEBUG PrimaryStageWindow   - Scaled ratio: (1.0, 1.0)
16:49:26.337 [JavaFX Application Thread] DEBUG PrimaryStageWindow   - Scene size: 800.0 x 672.0
16:49:26.338 [JavaFX Application Thread] DEBUG PrimaryStageWindow   - Stage size: 814.6666870117188 x 709.3333129882812
16:49:26.353 [FXGL Background Thread 1 ] DEBUG Engine               - Initializing environment variables
16:49:26.461 [FXGL Background Thread 1 ] DEBUG FXGLAssetLoaderServi - User app class for loading assets: class mangobomb.bombermango.HelloApplication
16:49:26.462 [FXGL Background Thread 1 ] DEBUG GameApplicationServi - Applying CSS: fxgl_dark.css
16:49:26.463 [FXGL Background Thread 1 ] DEBUG FXGLAssetLoaderServi - Loading from file system: jar:file:/C:/Users/Admin/.m2/repository/com/github/almasb/fxgl/17.1/fxgl-17.1.jar!/fxglassets/ui/css/fxgl_dark.css
16:49:26.570 [FXGL Background Thread 1 ] DEBUG GameApplicationServi - Initializing application scenes
16:49:26.698 [FXGL Background Thread 1 ] DEBUG GameWorld            - Game world initialized
16:49:26.806 [FXGL Background Thread 1 ] DEBUG PhysicsWorld         - Physics world initialized: appHeight=672, physics.ppm=50.0
16:49:26.807 [FXGL Background Thread 1 ] DEBUG PhysicsWorld         - Using strategy: BRUTE_FORCE
16:49:26.815 [FXGL Background Thread 1 ] DEBUG GameScene            - Game scene initialized: 800x672
16:49:26.838 [FXGL Background Thread 1 ] DEBUG FXGL.DefaultMenu     - createMenuBodyMainMenu()
16:49:26.870 [FXGL Background Thread 1 ] DEBUG FXGL.DefaultMenu     - createOptionsMenu()
16:49:26.895 [FXGL Background Thread 1 ] DEBUG FXGLAssetLoaderServi - Loading from file system: jar:file:/C:/Users/Admin/.m2/repository/com/github/almasb/fxgl/17.1/fxgl-17.1.jar!/fxglassets/textures/particles/smoke.png
16:49:27.067 [FXGL Background Thread 1 ] DEBUG FXGLAssetLoaderServi - Loading from file system: jar:file:/C:/Users/Admin/.m2/repository/com/github/almasb/fxgl/17.1/fxgl-17.1.jar!/fxglassets/textures/particles/trace_horizontal.png
16:49:27.142 [FXGL Background Thread 1 ] DEBUG FXGL.DefaultMenu     - createMenuBodyGameMenu()
16:49:27.145 [FXGL Background Thread 1 ] DEBUG FXGL.DefaultMenu     - createOptionsMenu()
16:49:27.168 [FXGL Background Thread 1 ] DEBUG GameApplicationServi - Application scenes initialized
16:49:27.190 [FXGL Background Thread 1 ] DEBUG SystemBundleService  - Loading FXGL system data
16:49:27.228 [FXGL Background Thread 1 ] DEBUG FileSystemAccess     - Reading from: D:\bombermango\system\fxgl.bundle
16:49:27.244 [FXGL Background Thread 1 ] DEBUG SystemBundleService  - Bundle FXGL: {}
16:49:27.244 [FXGL Background Thread 1 ] DEBUG UpdaterService       - Checking for updates
16:49:27.253 [FXGL Background Thread 1 ] DEBUG FXGLApplication      - Loading default localization
16:49:27.254 [FXGL Background Thread 1 ] DEBUG FXGLAssetLoaderServi - Loading from file system: jar:file:/C:/Users/Admin/.m2/repository/com/github/almasb/fxgl/17.1/fxgl-17.1.jar!/fxglassets/languages/english.lang
16:49:27.268 [FXGL Background Thread 4 ] DEBUG FXGLApplication      - Loading fonts
16:49:27.270 [FXGL Background Thread 4 ] DEBUG FXGLAssetLoaderServi - Loading from file system: jar:file:/C:/Users/Admin/.m2/repository/com/github/almasb/fxgl/17.1/fxgl-17.1.jar!/fxglassets/ui/fonts/VarelaRound-Regular.ttf
16:49:27.289 [FXGL Background Thread 1 ] INFO  FXGLApplication      - FXGL initialization took: 0.936 sec
16:49:27.311 [JavaFX Application Thread] DEBUG Input                - Registered new binding: moveUp - W
16:49:27.312 [JavaFX Application Thread] DEBUG Input                - Registered new binding: moveRight - D
16:49:27.312 [JavaFX Application Thread] DEBUG Input                - Registered new binding: moveLeft - A
16:49:27.312 [JavaFX Application Thread] DEBUG Input                - Registered new binding: moveDown - S
16:49:27.312 [JavaFX Application Thread] DEBUG Input                - Registered new binding: implantBomb - F
16:49:27.312 [JavaFX Application Thread] DEBUG Input                - Registered new binding: PlayMusic - M
16:49:27.312 [JavaFX Application Thread] DEBUG Input                - Registered new binding: Pause - P
16:49:27.313 [JavaFX Application Thread] DEBUG FXGLAssetLoaderServi - Loading from file system: jar:file:/C:/Users/Admin/.m2/repository/com/github/almasb/fxgl/17.1/fxgl-17.1.jar!/fxglassets/textures/fxgl_icon.png
16:49:27.397 [JavaFX Application Thread] DEBUG FXGLAssetLoaderServi - Loading from file system: jar:file:/C:/Users/Admin/.m2/repository/com/github/almasb/fxgl/17.1/fxgl-17.1.jar!/fxglassets/textures/fxgl_default_cursor.png
16:49:27.400 [JavaFX Application Thread] DEBUG Input                - Registered new binding: Screenshot - CTRL+8
16:49:27.400 [JavaFX Application Thread] DEBUG Input                - Registered new binding: System info dump - CTRL+9
16:49:27.400 [JavaFX Application Thread] DEBUG Input                - Registered new binding: Restart - CTRL+R
16:49:27.401 [JavaFX Application Thread] DEBUG Input                - Registered new binding: Toggle Debug Camera - CTRL+7
16:49:27.404 [JavaFX Application Thread] DEBUG LoopRunner           - Starting loop
16:49:27.405 [JavaFX Application Thread] DEBUG LoopRunner           - Initializing JavaFX AnimationTimerLoop
16:49:27.415 [JavaFX Application Thread] DEBUG Input                - Clearing active input actions
16:49:27.429 [JavaFX Application Thread] DEBUG GameApplicationServi - Removing overlay from FXGLStartupScene and adding to FXGLMainMenuDummyScene
16:49:27.429 [JavaFX Application Thread] DEBUG PrimaryStageWindow   - FXGLStartupScene -> FXGLMainMenuDummyScene
16:49:27.430 [JavaFX Application Thread] DEBUG PrimaryStageWindow   - Push state: FXGLDefaultMenu
16:49:27.437 [JavaFX Application Thread] DEBUG Input                - Clearing active input actions
16:49:27.466 [JavaFX Application Thread] DEBUG GameApplicationServi - Removing overlay from FXGLMainMenuDummyScene and adding to FXGLDefaultMenu
16:49:27.467 [JavaFX Application Thread] DEBUG PrimaryStageWindow   - FXGLMainMenuDummyScene -> FXGLDefaultMenu
16:49:27.675 [FXGL Background Thread 4 ] DEBUG FXGLAssetLoaderServi - Loading from file system: jar:file:/C:/Users/Admin/.m2/repository/com/github/almasb/fxgl/17.1/fxgl-17.1.jar!/fxglassets/ui/fonts/Abel-Regular.ttf
16:49:27.681 [FXGL Background Thread 4 ] DEBUG FXGLAssetLoaderServi - Loading from file system: jar:file:/C:/Users/Admin/.m2/repository/com/github/almasb/fxgl/17.1/fxgl-17.1.jar!/fxglassets/ui/fonts/TerminalLandMono-Regular.otf
16:49:27.703 [FXGL Background Thread 4 ] DEBUG FXGLAssetLoaderServi - Loading from file system: jar:file:/C:/Users/Admin/.m2/repository/com/github/almasb/fxgl/17.1/fxgl-17.1.jar!/fxglassets/ui/fonts/Courier-Prime.ttf
16:49:27.844 [JavaFX Application Thread] DEBUG FXGLApplication      - Registering font factories with UI factory
16:49:28.419 [FXGL Background Thread 2 ] INFO  UpdaterService       - Your current version:  17.1
16:49:28.419 [FXGL Background Thread 2 ] INFO  UpdaterService       - Latest stable version: 17.2
16:49:28.863 [JavaFX Application Thread] DEBUG Menu                 - fireExit()
16:49:28.868 [JavaFX Application Thread] DEBUG PrimaryStageWindow   - Push state: DialogSubScene
16:49:28.868 [JavaFX Application Thread] DEBUG Input                - Clearing active input actions
16:49:28.869 [JavaFX Application Thread] DEBUG GameApplicationServi - Removing overlay from FXGLDefaultMenu and adding to DialogSubScene
16:49:28.870 [JavaFX Application Thread] DEBUG PrimaryStageWindow   - FXGLDefaultMenu -> DialogSubScene
16:49:29.657 [JavaFX Application Thread] DEBUG PrimaryStageWindow   - Pop state: DialogSubScene
16:49:29.658 [JavaFX Application Thread] DEBUG Input                - Clearing active input actions
16:49:29.658 [JavaFX Application Thread] DEBUG GameApplicationServi - Removing overlay from DialogSubScene and adding to FXGLDefaultMenu
16:49:29.660 [JavaFX Application Thread] DEBUG PrimaryStageWindow   - FXGLDefaultMenu <- DialogSubScene
16:49:29.660 [JavaFX Application Thread] DEBUG FXGLApplication      - Exiting FXGL
16:49:29.660 [JavaFX Application Thread] DEBUG LoopRunner           - Stopping loop
16:49:29.660 [JavaFX Application Thread] DEBUG SystemBundleService  - Saving FXGL system data
16:49:29.662 [JavaFX Application Thread] DEBUG FileSystemAccess     - Writing to: D:\bombermango\system\fxgl.bundle
16:49:29.666 [JavaFX Application Thread] DEBUG Async                - Shutting down background threads
16:49:29.666 [JavaFX Application Thread] DEBUG PrimaryStageWindow   - Closing main window
16:49:29.701 [JavaFX Application Thread] DEBUG Logger               - Closing Logger
