16:32:46.394 [main                     ] DEBUG Logger               - Configured Logger
16:32:46.438 [main                     ] DEBUG GameApplication      - Logging settings
Title: Bomberman
Version: 0.0
Width: 800
Height: 672
Fullscreen: false
Intro: false
Profiling: false
Single step:false
App Mode: DEVELOPER
Menu Key: ESCAPE
Stage Style: DECORATED
Scene Factory: class com.almasb.fxgl.app.scene.SceneFactory

16:32:46.990 [JavaFX Application Thread] DEBUG FXGLApplication      - Initializing FXGL
16:32:47.000 [JavaFX Application Thread] INFO  Engine               - FXGL-17.1 (24.03.2022 17.34) on WINDOWS (J:18.0.2.1 FX:18.0.1)
16:32:47.000 [JavaFX Application Thread] DEBUG Engine               - JRE Vendor Name: Oracle Corporation
16:32:47.001 [JavaFX Application Thread] DEBUG Engine               - Running on OS: Windows 10 version 10.0
16:32:47.001 [JavaFX Application Thread] DEBUG Engine               - Architecture: amd64
16:32:47.001 [JavaFX Application Thread] INFO  Engine               - Source code and latest versions at: https://github.com/AlmasB/FXGL
16:32:47.001 [JavaFX Application Thread] INFO  Engine               -       Ask questions and discuss at: https://github.com/AlmasB/FXGL/discussions
16:32:47.002 [JavaFX Application Thread] INFO  Engine               -              Join the FXGL chat at: https://gitter.im/AlmasB/FXGL
16:32:47.191 [JavaFX Application Thread] DEBUG PrimaryStageWindow   - Creating a JavaFX scene
16:32:47.266 [JavaFX Application Thread] DEBUG PrimaryStageWindow   - Target settings size: 800.0 x 672.0
16:32:47.266 [JavaFX Application Thread] DEBUG PrimaryStageWindow   - Scaled scene size:    800.0 x 672.0
16:32:47.267 [JavaFX Application Thread] DEBUG PrimaryStageWindow   - Scaled ratio: (1.0, 1.0)
16:32:47.268 [JavaFX Application Thread] DEBUG PrimaryStageWindow   - Set initial scene to FXGLStartupScene
16:32:47.278 [JavaFX Application Thread] DEBUG PrimaryStageWindow   - Opening main window
16:32:47.417 [JavaFX Application Thread] DEBUG PrimaryStageWindow   - Window border size: (14.66668701171875, 37.33331298828125)
16:32:47.418 [JavaFX Application Thread] DEBUG PrimaryStageWindow   - Scaled size: 800.0 x 672.0
16:32:47.418 [JavaFX Application Thread] DEBUG PrimaryStageWindow   - Scaled ratio: (1.0, 1.0)
16:32:47.418 [JavaFX Application Thread] DEBUG PrimaryStageWindow   - Scene size: 800.0 x 672.0
16:32:47.419 [JavaFX Application Thread] DEBUG PrimaryStageWindow   - Stage size: 814.6666870117188 x 709.3333129882812
16:32:47.438 [FXGL Background Thread 1 ] DEBUG Engine               - Initializing environment variables
16:32:47.557 [FXGL Background Thread 1 ] DEBUG FXGLAssetLoaderServi - User app class for loading assets: class mangobomb.bombermango.HelloApplication
16:32:47.559 [FXGL Background Thread 1 ] DEBUG GameApplicationServi - Applying CSS: fxgl_dark.css
16:32:47.562 [FXGL Background Thread 1 ] DEBUG FXGLAssetLoaderServi - Loading from file system: jar:file:/C:/Users/Admin/.m2/repository/com/github/almasb/fxgl/17.1/fxgl-17.1.jar!/fxglassets/ui/css/fxgl_dark.css
16:32:47.654 [FXGL Background Thread 1 ] DEBUG GameApplicationServi - Initializing application scenes
16:32:47.771 [FXGL Background Thread 1 ] DEBUG GameWorld            - Game world initialized
16:32:47.870 [FXGL Background Thread 1 ] DEBUG PhysicsWorld         - Physics world initialized: appHeight=672, physics.ppm=50.0
16:32:47.870 [FXGL Background Thread 1 ] DEBUG PhysicsWorld         - Using strategy: BRUTE_FORCE
16:32:47.877 [FXGL Background Thread 1 ] DEBUG GameScene            - Game scene initialized: 800x672
16:32:47.897 [FXGL Background Thread 1 ] DEBUG FXGL.DefaultMenu     - createMenuBodyMainMenu()
16:32:47.928 [FXGL Background Thread 1 ] DEBUG FXGL.DefaultMenu     - createOptionsMenu()
16:32:47.948 [FXGL Background Thread 1 ] DEBUG FXGLAssetLoaderServi - Loading from file system: jar:file:/C:/Users/Admin/.m2/repository/com/github/almasb/fxgl/17.1/fxgl-17.1.jar!/fxglassets/textures/particles/smoke.png
16:32:48.140 [FXGL Background Thread 1 ] DEBUG FXGLAssetLoaderServi - Loading from file system: jar:file:/C:/Users/Admin/.m2/repository/com/github/almasb/fxgl/17.1/fxgl-17.1.jar!/fxglassets/textures/particles/trace_horizontal.png
16:32:48.219 [FXGL Background Thread 1 ] DEBUG FXGL.DefaultMenu     - createMenuBodyGameMenu()
16:32:48.221 [FXGL Background Thread 1 ] DEBUG FXGL.DefaultMenu     - createOptionsMenu()
16:32:48.244 [FXGL Background Thread 1 ] DEBUG GameApplicationServi - Application scenes initialized
16:32:48.265 [FXGL Background Thread 1 ] DEBUG SystemBundleService  - Loading FXGL system data
16:32:48.272 [FXGL Background Thread 1 ] DEBUG FileSystemAccess     - Reading from: D:\bombermango\system\fxgl.bundle
16:32:48.286 [FXGL Background Thread 1 ] DEBUG SystemBundleService  - Bundle FXGL: {}
16:32:48.286 [FXGL Background Thread 1 ] DEBUG UpdaterService       - Checking for updates
16:32:48.293 [FXGL Background Thread 1 ] DEBUG FXGLApplication      - Loading default localization
16:32:48.295 [FXGL Background Thread 1 ] DEBUG FXGLAssetLoaderServi - Loading from file system: jar:file:/C:/Users/Admin/.m2/repository/com/github/almasb/fxgl/17.1/fxgl-17.1.jar!/fxglassets/languages/english.lang
16:32:48.297 [FXGL Background Thread 4 ] DEBUG FXGLApplication      - Loading fonts
16:32:48.298 [FXGL Background Thread 4 ] DEBUG FXGLAssetLoaderServi - Loading from file system: jar:file:/C:/Users/Admin/.m2/repository/com/github/almasb/fxgl/17.1/fxgl-17.1.jar!/fxglassets/ui/fonts/VarelaRound-Regular.ttf
16:32:48.347 [FXGL Background Thread 1 ] INFO  FXGLApplication      - FXGL initialization took: 0.909 sec
16:32:48.371 [JavaFX Application Thread] DEBUG Input                - Registered new binding: moveUp - W
16:32:48.371 [JavaFX Application Thread] DEBUG Input                - Registered new binding: moveRight - D
16:32:48.371 [JavaFX Application Thread] DEBUG Input                - Registered new binding: moveLeft - A
16:32:48.371 [JavaFX Application Thread] DEBUG Input                - Registered new binding: moveDown - S
16:32:48.371 [JavaFX Application Thread] DEBUG Input                - Registered new binding: implantBomb - F
16:32:48.372 [JavaFX Application Thread] DEBUG Input                - Registered new binding: PlayMusic - M
16:32:48.372 [JavaFX Application Thread] DEBUG Input                - Registered new binding: Pause - P
16:32:48.372 [JavaFX Application Thread] DEBUG FXGLAssetLoaderServi - Loading from file system: jar:file:/C:/Users/Admin/.m2/repository/com/github/almasb/fxgl/17.1/fxgl-17.1.jar!/fxglassets/textures/fxgl_icon.png
16:32:48.415 [JavaFX Application Thread] DEBUG FXGLAssetLoaderServi - Loading from file system: jar:file:/C:/Users/Admin/.m2/repository/com/github/almasb/fxgl/17.1/fxgl-17.1.jar!/fxglassets/textures/fxgl_default_cursor.png
16:32:48.418 [JavaFX Application Thread] DEBUG Input                - Registered new binding: Screenshot - CTRL+8
16:32:48.419 [JavaFX Application Thread] DEBUG Input                - Registered new binding: System info dump - CTRL+9
16:32:48.424 [JavaFX Application Thread] DEBUG Input                - Registered new binding: Restart - CTRL+R
16:32:48.428 [JavaFX Application Thread] DEBUG Input                - Registered new binding: Toggle Debug Camera - CTRL+7
16:32:48.432 [JavaFX Application Thread] DEBUG LoopRunner           - Starting loop
16:32:48.432 [JavaFX Application Thread] DEBUG LoopRunner           - Initializing JavaFX AnimationTimerLoop
16:32:48.437 [JavaFX Application Thread] DEBUG Input                - Clearing active input actions
16:32:48.448 [JavaFX Application Thread] DEBUG GameApplicationServi - Removing overlay from FXGLStartupScene and adding to FXGLMainMenuDummyScene
16:32:48.448 [JavaFX Application Thread] DEBUG PrimaryStageWindow   - FXGLStartupScene -> FXGLMainMenuDummyScene
16:32:48.448 [JavaFX Application Thread] DEBUG PrimaryStageWindow   - Push state: FXGLDefaultMenu
16:32:48.456 [JavaFX Application Thread] DEBUG Input                - Clearing active input actions
16:32:48.476 [JavaFX Application Thread] DEBUG GameApplicationServi - Removing overlay from FXGLMainMenuDummyScene and adding to FXGLDefaultMenu
16:32:48.477 [JavaFX Application Thread] DEBUG PrimaryStageWindow   - FXGLMainMenuDummyScene -> FXGLDefaultMenu
16:32:48.585 [FXGL Background Thread 4 ] DEBUG FXGLAssetLoaderServi - Loading from file system: jar:file:/C:/Users/Admin/.m2/repository/com/github/almasb/fxgl/17.1/fxgl-17.1.jar!/fxglassets/ui/fonts/Abel-Regular.ttf
16:32:48.592 [FXGL Background Thread 4 ] DEBUG FXGLAssetLoaderServi - Loading from file system: jar:file:/C:/Users/Admin/.m2/repository/com/github/almasb/fxgl/17.1/fxgl-17.1.jar!/fxglassets/ui/fonts/TerminalLandMono-Regular.otf
16:32:48.597 [FXGL Background Thread 4 ] DEBUG FXGLAssetLoaderServi - Loading from file system: jar:file:/C:/Users/Admin/.m2/repository/com/github/almasb/fxgl/17.1/fxgl-17.1.jar!/fxglassets/ui/fonts/Courier-Prime.ttf
16:32:48.668 [JavaFX Application Thread] DEBUG FXGLApplication      - Registering font factories with UI factory
16:32:50.329 [JavaFX Application Thread] DEBUG Menu                 - fireNewGame()
16:32:50.329 [JavaFX Application Thread] DEBUG GameApplicationServi - Starting new game
16:32:50.333 [JavaFX Application Thread] DEBUG PrimaryStageWindow   - Pop state: FXGLDefaultMenu
16:32:50.334 [JavaFX Application Thread] DEBUG Input                - Clearing active input actions
16:32:50.335 [JavaFX Application Thread] DEBUG GameApplicationServi - Removing overlay from FXGLDefaultMenu and adding to FXGLMainMenuDummyScene
16:32:50.336 [JavaFX Application Thread] DEBUG PrimaryStageWindow   - FXGLMainMenuDummyScene <- FXGLDefaultMenu
16:32:50.336 [JavaFX Application Thread] DEBUG Input                - Clearing active input actions
16:32:50.359 [JavaFX Application Thread] DEBUG GameApplicationServi - Removing overlay from FXGLMainMenuDummyScene and adding to FXGLLoadingScene
16:32:50.359 [JavaFX Application Thread] DEBUG PrimaryStageWindow   - FXGLMainMenuDummyScene -> FXGLLoadingScene
16:32:50.360 [JavaFX Application Thread] DEBUG GameApplicationServi - Clearing previous game
16:32:50.360 [JavaFX Application Thread] DEBUG GameScene            - Clearing game scene
16:32:50.360 [JavaFX Application Thread] DEBUG GameWorld            - Clearing game world
16:32:50.360 [JavaFX Application Thread] DEBUG PhysicsWorld         - Clearing physics world
16:32:50.362 [FXGL Background Thread 4 ] DEBUG FXGLApplication      - Initializing game
16:32:50.409 [FXGL Background Thread 4 ] DEBUG FXGLAssetLoaderServi - Loading from file system: file:/D:/bombermango/target/classes/assets/textures/sprites/wall.png
16:32:50.458 [FXGL Background Thread 4 ] DEBUG FXGLAssetLoaderServi - Loading from file system: file:/D:/bombermango/target/classes/assets/textures/sprites/brick.png
16:32:50.465 [FXGL Background Thread 4 ] DEBUG FXGLAssetLoaderServi - Loading from file system: file:/D:/bombermango/target/classes/assets/textures/sprites/balloom_right1.png
16:32:50.472 [FXGL Background Thread 4 ] DEBUG FXGLAssetLoaderServi - Loading from file system: file:/D:/bombermango/target/classes/assets/textures/sprites/balloom_right2.png
16:32:50.473 [FXGL Background Thread 4 ] DEBUG FXGLAssetLoaderServi - Loading from file system: file:/D:/bombermango/target/classes/assets/textures/sprites/balloom_right3.png
16:32:50.498 [FXGL Background Thread 4 ] DEBUG FXGLAssetLoaderServi - Loading from file system: file:/D:/bombermango/target/classes/assets/textures/sprites/oneal_right1.png
16:32:50.500 [FXGL Background Thread 4 ] DEBUG FXGLAssetLoaderServi - Loading from file system: file:/D:/bombermango/target/classes/assets/textures/sprites/oneal_right2.png
16:32:50.502 [FXGL Background Thread 4 ] DEBUG FXGLAssetLoaderServi - Loading from file system: file:/D:/bombermango/target/classes/assets/textures/sprites/oneal_right3.png
16:32:50.651 [FXGL Background Thread 4 ] DEBUG FXGLAssetLoaderServi - Loading from file system: file:/D:/bombermango/target/classes/assets/textures/sprites/doll_right1.png
16:32:50.653 [FXGL Background Thread 4 ] DEBUG FXGLAssetLoaderServi - Loading from file system: file:/D:/bombermango/target/classes/assets/textures/sprites/doll_right2.png
16:32:50.656 [FXGL Background Thread 4 ] DEBUG FXGLAssetLoaderServi - Loading from file system: file:/D:/bombermango/target/classes/assets/textures/sprites/doll_right3.png
16:32:50.685 [FXGL Background Thread 4 ] DEBUG GameWorld            - Clearing removable entities
16:32:50.686 [FXGL Background Thread 4 ] DEBUG GameWorld            - Setting level: com.almasb.fxgl.entity.level.Level@4857e219
16:32:50.805 [FXGL Background Thread 4 ] WARN  FXGLAssetLoaderServi - Asset "/assets/music/gameaudio.wav" was not found!
16:32:50.806 [FXGL Background Thread 4 ] WARN  FXGLAssetLoaderServi - Failed to load MUSIC
16:32:50.812 [FXGL Background Thread 4 ] DEBUG FXGLAssetLoaderServi - Loading from file system: file:/D:/bombermango/target/classes/assets/textures/sprites/player_right.png
16:32:50.815 [FXGL Background Thread 4 ] DEBUG FXGLAssetLoaderServi - Loading from file system: file:/D:/bombermango/target/classes/assets/textures/sprites/player_right_1.png
16:32:50.817 [FXGL Background Thread 4 ] WARN  FXGLAssetLoaderServi - Asset "/assets/textures/sprites/player_right_2.png" was not found!
16:32:50.817 [FXGL Background Thread 4 ] WARN  FXGLAssetLoaderServi - Failed to load RESIZABLE_IMAGE
16:32:50.840 [FXGL Background Thread 4 ] DEBUG FXGLAssetLoaderServi - Loading from file system: file:/D:/bombermango/target/classes/assets/textures/sprites/player_down.png
16:32:50.844 [FXGL Background Thread 4 ] DEBUG FXGLAssetLoaderServi - Loading from file system: file:/D:/bombermango/target/classes/assets/textures/sprites/player_down_1.png
16:32:50.847 [FXGL Background Thread 4 ] DEBUG FXGLAssetLoaderServi - Loading from file system: file:/D:/bombermango/target/classes/assets/textures/sprites/player_down_2.png
16:32:50.850 [FXGL Background Thread 4 ] DEBUG FXGLAssetLoaderServi - Loading from file system: file:/D:/bombermango/target/classes/assets/textures/sprites/player_left.png
16:32:50.852 [FXGL Background Thread 4 ] DEBUG FXGLAssetLoaderServi - Loading from file system: file:/D:/bombermango/target/classes/assets/textures/sprites/player_left_1.png
16:32:50.853 [FXGL Background Thread 4 ] DEBUG FXGLAssetLoaderServi - Loading from file system: file:/D:/bombermango/target/classes/assets/textures/sprites/player_left_2.png
16:32:50.855 [FXGL Background Thread 4 ] DEBUG FXGLAssetLoaderServi - Loading from file system: file:/D:/bombermango/target/classes/assets/textures/sprites/portal.png
16:32:50.859 [FXGL Background Thread 4 ] DEBUG FXGLAssetLoaderServi - Loading from file system: file:/D:/bombermango/target/classes/assets/textures/sprites/powerup_bombs.png
16:32:50.867 [FXGL Background Thread 4 ] DEBUG FXGLAssetLoaderServi - Loading from file system: file:/D:/bombermango/target/classes/assets/textures/sprites/powerup_flames.png
16:32:50.873 [FXGL Background Thread 4 ] INFO  FXGLApplication      - Game initialization took: 0.512 sec
16:32:50.874 [JavaFX Application Thread] DEBUG Input                - Clearing active input actions
16:32:50.894 [JavaFX Application Thread] DEBUG GameApplicationServi - Removing overlay from FXGLLoadingScene and adding to GameScene
16:32:50.895 [JavaFX Application Thread] DEBUG PrimaryStageWindow   - FXGLLoadingScene -> GameScene
16:32:51.269 [FXGL Background Thread 2 ] INFO  UpdaterService       - Your current version:  17.1
16:32:51.270 [FXGL Background Thread 2 ] INFO  UpdaterService       - Latest stable version: 17.2
16:32:51.292 [FXGL Background Thread 3 ] DEBUG Engine               - Logging environment variables
16:32:51.294 [FXGL Background Thread 3 ] DEBUG Engine               - achievements: []
16:32:51.295 [FXGL Background Thread 3 ] DEBUG Engine               - actualHeight: 672.0
16:32:51.295 [FXGL Background Thread 3 ] DEBUG Engine               - actualHeightProperty: ReadOnlyDoubleProperty [value: 672.0]
16:32:51.297 [FXGL Background Thread 3 ] DEBUG Engine               - actualWidth: 800.0
16:32:51.298 [FXGL Background Thread 3 ] DEBUG Engine               - actualWidthProperty: ReadOnlyDoubleProperty [value: 800.0]
16:32:51.298 [FXGL Background Thread 3 ] DEBUG Engine               - appIcon: fxgl_icon.png
16:32:51.299 [FXGL Background Thread 3 ] DEBUG Engine               - applicationMode: DEVELOPER
16:32:51.300 [FXGL Background Thread 3 ] DEBUG Engine               - cSSList: [fxgl_dark.css]
16:32:51.300 [FXGL Background Thread 3 ] DEBUG Engine               - collisionDetectionStrategy: BRUTE_FORCE
16:32:51.300 [FXGL Background Thread 3 ] DEBUG Engine               - configClass: Optional.empty
16:32:51.300 [FXGL Background Thread 3 ] DEBUG Engine               - credits: []
16:32:51.301 [FXGL Background Thread 3 ] DEBUG Engine               - defaultCursor: CursorInfo(imageName=fxgl_default_cursor.png, hotspotX=7.0, hotspotY=6.0)
16:32:51.302 [FXGL Background Thread 3 ] DEBUG Engine               - devBBoxColorProperty: ObjectProperty [value: 0xff0000ff]
16:32:51.302 [FXGL Background Thread 3 ] DEBUG Engine               - devEnableDebugCameraProperty: BooleanProperty [value: false]
16:32:51.302 [FXGL Background Thread 3 ] DEBUG Engine               - devSensorColorProperty: ObjectProperty [value: 0xffff00ff]
16:32:51.302 [FXGL Background Thread 3 ] DEBUG Engine               - devShowBBoxProperty: BooleanProperty [value: false]
16:32:51.302 [FXGL Background Thread 3 ] DEBUG Engine               - devShowPositionProperty: BooleanProperty [value: false]
16:32:51.302 [FXGL Background Thread 3 ] DEBUG Engine               - enabledMenuItems: []
16:32:51.302 [FXGL Background Thread 3 ] DEBUG Engine               - engineServices: [class com.almasb.fxgl.app.services.FXGLAssetLoaderService, class com.almasb.fxgl.app.FXGLApplication$GameApplicationService, class com.almasb.fxgl.app.services.FXGLDialogService, class com.almasb.fxgl.app.services.IOTaskExecutorService, class com.almasb.fxgl.io.FileSystemService, class com.almasb.fxgl.localization.LocalizationService, class com.almasb.fxgl.app.services.SystemBundleService, class com.almasb.fxgl.profile.SaveLoadService, class com.almasb.fxgl.ui.FXGLUIFactoryServiceProvider, class com.almasb.fxgl.ui.FXGLDialogFactoryServiceProvider, class com.almasb.fxgl.audio.AudioPlayer, class com.almasb.fxgl.notification.impl.NotificationServiceProvider, class com.almasb.fxgl.achievement.AchievementService, class com.almasb.fxgl.cutscene.CutsceneService, class com.almasb.fxgl.minigames.MiniGameService, class com.almasb.fxgl.net.NetService, class com.almasb.fxgl.app.services.UpdaterService, class com.almasb.fxgl.dev.DevService]
16:32:51.303 [FXGL Background Thread 3 ] DEBUG Engine               - fontGame: Abel-Regular.ttf
16:32:51.303 [FXGL Background Thread 3 ] DEBUG Engine               - fontMono: TerminalLandMono-Regular.otf
16:32:51.303 [FXGL Background Thread 3 ] DEBUG Engine               - fontText: Courier-Prime.ttf
16:32:51.303 [FXGL Background Thread 3 ] DEBUG Engine               - fontUI: VarelaRound-Regular.ttf
16:32:51.303 [FXGL Background Thread 3 ] DEBUG Engine               - fullScreen: BooleanProperty [value: false]
16:32:51.303 [FXGL Background Thread 3 ] DEBUG Engine               - gameDifficulty: MEDIUM
16:32:51.303 [FXGL Background Thread 3 ] DEBUG Engine               - gameDifficultyProperty: ObjectProperty [value: MEDIUM]
16:32:51.303 [FXGL Background Thread 3 ] DEBUG Engine               - globalMusicVolume: 0.5
16:32:51.303 [FXGL Background Thread 3 ] DEBUG Engine               - globalMusicVolumeProperty: DoubleProperty [value: 0.5]
16:32:51.303 [FXGL Background Thread 3 ] DEBUG Engine               - globalSoundVolume: 0.5
16:32:51.304 [FXGL Background Thread 3 ] DEBUG Engine               - globalSoundVolumeProperty: DoubleProperty [value: 0.5]
16:32:51.304 [FXGL Background Thread 3 ] DEBUG Engine               - height: 672
16:32:51.304 [FXGL Background Thread 3 ] DEBUG Engine               - is3D: false
16:32:51.304 [FXGL Background Thread 3 ] DEBUG Engine               - isAndroid: false
16:32:51.304 [FXGL Background Thread 3 ] DEBUG Engine               - isBrowser: false
16:32:51.304 [FXGL Background Thread 3 ] DEBUG Engine               - isClickFeedbackEnabled: false
16:32:51.304 [FXGL Background Thread 3 ] DEBUG Engine               - isCloseConfirmation: false
16:32:51.304 [FXGL Background Thread 3 ] DEBUG Engine               - isDesktop: true
16:32:51.304 [FXGL Background Thread 3 ] DEBUG Engine               - isDeveloperMenuEnabled: false
16:32:51.304 [FXGL Background Thread 3 ] DEBUG Engine               - isEmbedded: false
16:32:51.304 [FXGL Background Thread 3 ] DEBUG Engine               - isEntityPreloadEnabled: true
16:32:51.304 [FXGL Background Thread 3 ] DEBUG Engine               - isExperimentalTiledLargeMap: false
16:32:51.304 [FXGL Background Thread 3 ] DEBUG Engine               - isFileSystemWriteAllowed: true
16:32:51.304 [FXGL Background Thread 3 ] DEBUG Engine               - isFullScreenAllowed: false
16:32:51.304 [FXGL Background Thread 3 ] DEBUG Engine               - isFullScreenFromStart: false
16:32:51.305 [FXGL Background Thread 3 ] DEBUG Engine               - isGameMenuEnabled: true
16:32:51.305 [FXGL Background Thread 3 ] DEBUG Engine               - isIOS: false
16:32:51.305 [FXGL Background Thread 3 ] DEBUG Engine               - isIntroEnabled: false
16:32:51.305 [FXGL Background Thread 3 ] DEBUG Engine               - isLinux: false
16:32:51.305 [FXGL Background Thread 3 ] DEBUG Engine               - isMac: false
16:32:51.305 [FXGL Background Thread 3 ] DEBUG Engine               - isMainMenuEnabled: true
16:32:51.305 [FXGL Background Thread 3 ] DEBUG Engine               - isManualResizeEnabled: false
16:32:51.305 [FXGL Background Thread 3 ] DEBUG Engine               - isMobile: false
16:32:51.305 [FXGL Background Thread 3 ] DEBUG Engine               - isNative: false
16:32:51.305 [FXGL Background Thread 3 ] DEBUG Engine               - isPauseMusicWhenMinimized: true
16:32:51.305 [FXGL Background Thread 3 ] DEBUG Engine               - isPreserveResizeRatio: false
16:32:51.305 [FXGL Background Thread 3 ] DEBUG Engine               - isProfilingEnabled: false
16:32:51.305 [FXGL Background Thread 3 ] DEBUG Engine               - isScaleAffectedOnResize: true
16:32:51.305 [FXGL Background Thread 3 ] DEBUG Engine               - isSingleStep: false
16:32:51.305 [FXGL Background Thread 3 ] DEBUG Engine               - isUserProfileEnabled: false
16:32:51.306 [FXGL Background Thread 3 ] DEBUG Engine               - isWindows: true
16:32:51.306 [FXGL Background Thread 3 ] DEBUG Engine               - language: ObjectProperty [value: ENGLISH]
16:32:51.306 [FXGL Background Thread 3 ] DEBUG Engine               - menuKey: ESCAPE
16:32:51.306 [FXGL Background Thread 3 ] DEBUG Engine               - mouseSensitivity: 0.2
16:32:51.306 [FXGL Background Thread 3 ] DEBUG Engine               - notificationViewClass: class com.almasb.fxgl.notification.view.XboxNotificationView
16:32:51.306 [FXGL Background Thread 3 ] DEBUG Engine               - pixelsPerMeter: 50.0
16:32:51.307 [FXGL Background Thread 3 ] DEBUG Engine               - platform: WINDOWS
16:32:51.307 [FXGL Background Thread 3 ] DEBUG Engine               - prefHeightProperty: ReadOnlyDoubleProperty [value: 672.0]
16:32:51.307 [FXGL Background Thread 3 ] DEBUG Engine               - prefWidthProperty: ReadOnlyDoubleProperty [value: 800.0]
16:32:51.307 [FXGL Background Thread 3 ] DEBUG Engine               - profileDir: profiles/
16:32:51.307 [FXGL Background Thread 3 ] DEBUG Engine               - profileName: StringProperty [value: DEFAULT]
16:32:51.307 [FXGL Background Thread 3 ] DEBUG Engine               - randomSeed: -1
16:32:51.308 [FXGL Background Thread 3 ] DEBUG Engine               - runtimeInfo: RuntimeInfo(platform=WINDOWS, version=17.1, build=24.03.2022 17.34)
16:32:51.308 [FXGL Background Thread 3 ] DEBUG Engine               - saveFileExt: sav
16:32:51.309 [FXGL Background Thread 3 ] DEBUG Engine               - scaledHeightProp$fxgl: DoubleProperty [bound, value: 672.0]
16:32:51.309 [FXGL Background Thread 3 ] DEBUG Engine               - scaledWidthProp$fxgl: DoubleProperty [bound, value: 800.0]
16:32:51.309 [FXGL Background Thread 3 ] DEBUG Engine               - sceneFactory: com.almasb.fxgl.app.scene.SceneFactory@41e627b9
16:32:51.309 [FXGL Background Thread 3 ] DEBUG Engine               - secondsIn24h: 60
16:32:51.309 [FXGL Background Thread 3 ] DEBUG Engine               - soundMenuBack: menu/back.wav
16:32:51.310 [FXGL Background Thread 3 ] DEBUG Engine               - soundMenuPress: menu/press.wav
16:32:51.310 [FXGL Background Thread 3 ] DEBUG Engine               - soundMenuSelect: menu/select.wav
16:32:51.310 [FXGL Background Thread 3 ] DEBUG Engine               - soundNotification: core/notification.wav
16:32:51.310 [FXGL Background Thread 3 ] DEBUG Engine               - stageStyle: DECORATED
16:32:51.310 [FXGL Background Thread 3 ] DEBUG Engine               - supportedLanguages: [ENGLISH, FRENCH, GERMAN, HUNGARIAN, RUSSIAN]
16:32:51.310 [FXGL Background Thread 3 ] DEBUG Engine               - ticksPerSecond: -1
16:32:51.310 [FXGL Background Thread 3 ] DEBUG Engine               - title: Bomberman
16:32:51.310 [FXGL Background Thread 3 ] DEBUG Engine               - urlGithub: https://github.com/AlmasB/FXGL
16:32:51.310 [FXGL Background Thread 3 ] DEBUG Engine               - urlLeaderboard: http://fxgl-top.herokuapp.com/
16:32:51.310 [FXGL Background Thread 3 ] DEBUG Engine               - urlPOM: https://raw.githubusercontent.com/AlmasB/FXGL/release/README.md
16:32:51.310 [FXGL Background Thread 3 ] DEBUG Engine               - userAppClass: class mangobomb.bombermango.HelloApplication
16:32:51.310 [FXGL Background Thread 3 ] DEBUG Engine               - version: 0.0
16:32:51.310 [FXGL Background Thread 3 ] DEBUG Engine               - versionCheckDays: 7
16:32:51.311 [FXGL Background Thread 3 ] DEBUG Engine               - width: 800
16:32:51.311 [FXGL Background Thread 3 ] DEBUG Engine               - Logging services
16:32:51.312 [FXGL Background Thread 3 ] DEBUG Engine               - class com.almasb.fxgl.app.services.FXGLAssetLoaderService
16:32:51.312 [FXGL Background Thread 3 ] DEBUG Engine               - class com.almasb.fxgl.app.FXGLApplication$GameApplicationService
16:32:51.312 [FXGL Background Thread 3 ] DEBUG Engine               - class com.almasb.fxgl.app.services.FXGLDialogService
16:32:51.313 [FXGL Background Thread 3 ] DEBUG Engine               - class com.almasb.fxgl.app.services.IOTaskExecutorService
16:32:51.313 [FXGL Background Thread 3 ] DEBUG Engine               - class com.almasb.fxgl.io.FileSystemService
16:32:51.313 [FXGL Background Thread 3 ] DEBUG Engine               - class com.almasb.fxgl.localization.LocalizationService
16:32:51.313 [FXGL Background Thread 3 ] DEBUG Engine               - class com.almasb.fxgl.app.services.SystemBundleService
16:32:51.313 [FXGL Background Thread 3 ] DEBUG Engine               - class com.almasb.fxgl.profile.SaveLoadService
16:32:51.313 [FXGL Background Thread 3 ] DEBUG Engine               - class com.almasb.fxgl.ui.FXGLUIFactoryServiceProvider
16:32:51.314 [FXGL Background Thread 3 ] DEBUG Engine               - class com.almasb.fxgl.ui.FXGLDialogFactoryServiceProvider
16:32:51.314 [FXGL Background Thread 3 ] DEBUG Engine               - class com.almasb.fxgl.audio.AudioPlayer
16:32:51.314 [FXGL Background Thread 3 ] DEBUG Engine               - class com.almasb.fxgl.notification.impl.NotificationServiceProvider
16:32:51.314 [FXGL Background Thread 3 ] DEBUG Engine               - class com.almasb.fxgl.achievement.AchievementService
16:32:51.314 [FXGL Background Thread 3 ] DEBUG Engine               - class com.almasb.fxgl.cutscene.CutsceneService
16:32:51.314 [FXGL Background Thread 3 ] DEBUG Engine               - class com.almasb.fxgl.minigames.MiniGameService
16:32:51.314 [FXGL Background Thread 3 ] DEBUG Engine               - class com.almasb.fxgl.net.NetService
16:32:51.315 [FXGL Background Thread 3 ] DEBUG Engine               - class com.almasb.fxgl.app.services.UpdaterService
16:32:51.315 [FXGL Background Thread 3 ] DEBUG Engine               - class com.almasb.fxgl.dev.DevService
16:32:57.777 [JavaFX Application Thread] DEBUG FXGLApplication      - Exiting FXGL
16:32:57.777 [JavaFX Application Thread] DEBUG LoopRunner           - Stopping loop
16:32:57.777 [JavaFX Application Thread] DEBUG SystemBundleService  - Saving FXGL system data
16:32:57.780 [JavaFX Application Thread] DEBUG FileSystemAccess     - Writing to: D:\bombermango\system\fxgl.bundle
16:32:57.783 [JavaFX Application Thread] DEBUG Async                - Shutting down background threads
16:32:57.784 [JavaFX Application Thread] DEBUG PrimaryStageWindow   - Closing main window
16:32:57.801 [JavaFX Application Thread] DEBUG Logger               - Closing Logger
