11:52:58.932 [main                     ] DEBUG Logger               - Configured Logger
11:52:58.968 [main                     ] DEBUG GameApplication      - Logging settings
Title: Bomberman
Version: 0.0
Width: 800
Height: 600
Fullscreen: false
Intro: false
Profiling: false
Single step:false
App Mode: DEVELOPER
Menu Key: ESCAPE
Stage Style: DECORATED
Scene Factory: class com.almasb.fxgl.app.scene.SceneFactory

11:52:59.441 [JavaFX Application Thread] DEBUG FXGLApplication      - Initializing FXGL
11:52:59.448 [JavaFX Application Thread] INFO  Engine               - FXGL-17.1 (24.03.2022 17.34) on WINDOWS (J:18.0.2.1 FX:18.0.1)
11:52:59.448 [JavaFX Application Thread] DEBUG Engine               - JRE Vendor Name: Oracle Corporation
11:52:59.449 [JavaFX Application Thread] DEBUG Engine               - Running on OS: Windows 10 version 10.0
11:52:59.449 [JavaFX Application Thread] DEBUG Engine               - Architecture: amd64
11:52:59.449 [JavaFX Application Thread] INFO  Engine               - Source code and latest versions at: https://github.com/AlmasB/FXGL
11:52:59.449 [JavaFX Application Thread] INFO  Engine               -       Ask questions and discuss at: https://github.com/AlmasB/FXGL/discussions
11:52:59.450 [JavaFX Application Thread] INFO  Engine               -              Join the FXGL chat at: https://gitter.im/AlmasB/FXGL
11:52:59.610 [JavaFX Application Thread] DEBUG PrimaryStageWindow   - Creating a JavaFX scene
11:52:59.700 [JavaFX Application Thread] DEBUG PrimaryStageWindow   - Target settings size: 800.0 x 600.0
11:52:59.701 [JavaFX Application Thread] DEBUG PrimaryStageWindow   - Scaled scene size:    800.0 x 600.0
11:52:59.701 [JavaFX Application Thread] DEBUG PrimaryStageWindow   - Scaled ratio: (1.0, 1.0)
11:52:59.702 [JavaFX Application Thread] DEBUG PrimaryStageWindow   - Set initial scene to FXGLStartupScene
11:52:59.714 [JavaFX Application Thread] DEBUG PrimaryStageWindow   - Opening main window
11:52:59.832 [JavaFX Application Thread] DEBUG PrimaryStageWindow   - Window border size: (14.66668701171875, 37.33331298828125)
11:52:59.833 [JavaFX Application Thread] DEBUG PrimaryStageWindow   - Scaled size: 800.0 x 600.0
11:52:59.833 [JavaFX Application Thread] DEBUG PrimaryStageWindow   - Scaled ratio: (1.0, 1.0)
11:52:59.834 [JavaFX Application Thread] DEBUG PrimaryStageWindow   - Scene size: 800.0 x 600.0
11:52:59.834 [JavaFX Application Thread] DEBUG PrimaryStageWindow   - Stage size: 814.6666870117188 x 637.3333129882812
11:52:59.847 [FXGL Background Thread 1 ] DEBUG Engine               - Initializing environment variables
11:52:59.926 [FXGL Background Thread 1 ] DEBUG FXGLAssetLoaderServi - User app class for loading assets: class mangobomb.bombermango.HelloApplication
11:52:59.927 [FXGL Background Thread 1 ] DEBUG GameApplicationServi - Applying CSS: fxgl_dark.css
11:52:59.929 [FXGL Background Thread 1 ] DEBUG FXGLAssetLoaderServi - Loading from file system: jar:file:/C:/Users/Admin/.m2/repository/com/github/almasb/fxgl/17.1/fxgl-17.1.jar!/fxglassets/ui/css/fxgl_dark.css
11:53:00.003 [FXGL Background Thread 1 ] DEBUG GameApplicationServi - Initializing application scenes
11:53:00.106 [FXGL Background Thread 1 ] DEBUG GameWorld            - Game world initialized
11:53:00.208 [FXGL Background Thread 1 ] DEBUG PhysicsWorld         - Physics world initialized: appHeight=600, physics.ppm=50.0
11:53:00.208 [FXGL Background Thread 1 ] DEBUG PhysicsWorld         - Using strategy: BRUTE_FORCE
11:53:00.213 [FXGL Background Thread 1 ] DEBUG GameScene            - Game scene initialized: 800x600
11:53:00.235 [FXGL Background Thread 1 ] DEBUG FXGL.DefaultMenu     - createMenuBodyMainMenu()
11:53:00.260 [FXGL Background Thread 1 ] DEBUG FXGL.DefaultMenu     - createOptionsMenu()
11:53:00.279 [FXGL Background Thread 1 ] DEBUG FXGLAssetLoaderServi - Loading from file system: jar:file:/C:/Users/Admin/.m2/repository/com/github/almasb/fxgl/17.1/fxgl-17.1.jar!/fxglassets/textures/particles/smoke.png
11:53:00.457 [FXGL Background Thread 1 ] DEBUG FXGLAssetLoaderServi - Loading from file system: jar:file:/C:/Users/Admin/.m2/repository/com/github/almasb/fxgl/17.1/fxgl-17.1.jar!/fxglassets/textures/particles/trace_horizontal.png
11:53:00.504 [FXGL Background Thread 1 ] DEBUG FXGL.DefaultMenu     - createMenuBodyGameMenu()
11:53:00.506 [FXGL Background Thread 1 ] DEBUG FXGL.DefaultMenu     - createOptionsMenu()
11:53:00.532 [FXGL Background Thread 1 ] DEBUG GameApplicationServi - Application scenes initialized
11:53:00.553 [FXGL Background Thread 1 ] DEBUG SystemBundleService  - Loading FXGL system data
11:53:00.561 [FXGL Background Thread 1 ] DEBUG FileSystemAccess     - Reading from: D:\bombermango\system\fxgl.bundle
11:53:00.578 [FXGL Background Thread 1 ] DEBUG SystemBundleService  - Bundle FXGL: {}
11:53:00.578 [FXGL Background Thread 1 ] DEBUG UpdaterService       - Checking for updates
11:53:00.586 [FXGL Background Thread 1 ] DEBUG FXGLApplication      - Loading default localization
11:53:00.587 [FXGL Background Thread 1 ] DEBUG FXGLAssetLoaderServi - Loading from file system: jar:file:/C:/Users/Admin/.m2/repository/com/github/almasb/fxgl/17.1/fxgl-17.1.jar!/fxglassets/languages/english.lang
11:53:00.613 [FXGL Background Thread 1 ] INFO  FXGLApplication      - FXGL initialization took: 0.766 sec
11:53:00.631 [JavaFX Application Thread] DEBUG Input                - Registered new binding: moveUp - W
11:53:00.631 [JavaFX Application Thread] DEBUG Input                - Registered new binding: moveRight - D
11:53:00.631 [JavaFX Application Thread] DEBUG Input                - Registered new binding: moveLeft - A
11:53:00.631 [JavaFX Application Thread] DEBUG Input                - Registered new binding: moveDown - S
11:53:00.631 [JavaFX Application Thread] DEBUG Input                - Registered new binding: implantBomb - F
11:53:00.632 [JavaFX Application Thread] DEBUG FXGLAssetLoaderServi - Loading from file system: jar:file:/C:/Users/Admin/.m2/repository/com/github/almasb/fxgl/17.1/fxgl-17.1.jar!/fxglassets/textures/fxgl_icon.png
11:53:00.692 [FXGL Background Thread 4 ] DEBUG FXGLApplication      - Loading fonts
11:53:00.708 [FXGL Background Thread 4 ] DEBUG FXGLAssetLoaderServi - Loading from file system: jar:file:/C:/Users/Admin/.m2/repository/com/github/almasb/fxgl/17.1/fxgl-17.1.jar!/fxglassets/ui/fonts/VarelaRound-Regular.ttf
11:53:00.712 [JavaFX Application Thread] DEBUG FXGLAssetLoaderServi - Loading from file system: jar:file:/C:/Users/Admin/.m2/repository/com/github/almasb/fxgl/17.1/fxgl-17.1.jar!/fxglassets/textures/fxgl_default_cursor.png
11:53:00.721 [JavaFX Application Thread] DEBUG Input                - Registered new binding: Screenshot - CTRL+8
11:53:00.722 [JavaFX Application Thread] DEBUG Input                - Registered new binding: System info dump - CTRL+9
11:53:00.723 [JavaFX Application Thread] DEBUG Input                - Registered new binding: Restart - CTRL+R
11:53:00.726 [JavaFX Application Thread] DEBUG Input                - Registered new binding: Toggle Debug Camera - CTRL+7
11:53:00.730 [JavaFX Application Thread] DEBUG LoopRunner           - Starting loop
11:53:00.730 [JavaFX Application Thread] DEBUG LoopRunner           - Initializing JavaFX AnimationTimerLoop
11:53:00.735 [JavaFX Application Thread] DEBUG Input                - Clearing active input actions
11:53:00.744 [JavaFX Application Thread] DEBUG GameApplicationServi - Removing overlay from FXGLStartupScene and adding to FXGLMainMenuDummyScene
11:53:00.744 [JavaFX Application Thread] DEBUG PrimaryStageWindow   - FXGLStartupScene -> FXGLMainMenuDummyScene
11:53:00.745 [JavaFX Application Thread] DEBUG PrimaryStageWindow   - Push state: FXGLDefaultMenu
11:53:00.752 [JavaFX Application Thread] DEBUG Input                - Clearing active input actions
11:53:00.770 [JavaFX Application Thread] DEBUG GameApplicationServi - Removing overlay from FXGLMainMenuDummyScene and adding to FXGLDefaultMenu
11:53:00.772 [JavaFX Application Thread] DEBUG PrimaryStageWindow   - FXGLMainMenuDummyScene -> FXGLDefaultMenu
11:53:01.087 [FXGL Background Thread 4 ] DEBUG FXGLAssetLoaderServi - Loading from file system: jar:file:/C:/Users/Admin/.m2/repository/com/github/almasb/fxgl/17.1/fxgl-17.1.jar!/fxglassets/ui/fonts/Abel-Regular.ttf
11:53:01.110 [FXGL Background Thread 4 ] DEBUG FXGLAssetLoaderServi - Loading from file system: jar:file:/C:/Users/Admin/.m2/repository/com/github/almasb/fxgl/17.1/fxgl-17.1.jar!/fxglassets/ui/fonts/TerminalLandMono-Regular.otf
11:53:01.114 [FXGL Background Thread 4 ] DEBUG FXGLAssetLoaderServi - Loading from file system: jar:file:/C:/Users/Admin/.m2/repository/com/github/almasb/fxgl/17.1/fxgl-17.1.jar!/fxglassets/ui/fonts/Courier-Prime.ttf
11:53:01.211 [JavaFX Application Thread] DEBUG FXGLApplication      - Registering font factories with UI factory
11:53:01.878 [JavaFX Application Thread] DEBUG FXGLApplication      - Exiting FXGL
11:53:01.879 [JavaFX Application Thread] DEBUG LoopRunner           - Stopping loop
11:53:01.879 [JavaFX Application Thread] DEBUG SystemBundleService  - Saving FXGL system data
11:53:01.881 [JavaFX Application Thread] DEBUG FileSystemAccess     - Writing to: D:\bombermango\system\fxgl.bundle
11:53:01.885 [JavaFX Application Thread] DEBUG Async                - Shutting down background threads
11:53:01.886 [JavaFX Application Thread] DEBUG PrimaryStageWindow   - Closing main window
11:53:01.899 [JavaFX Application Thread] DEBUG Logger               - Closing Logger
