23:10:25.136 [main                     ] DEBUG Logger               - Configured Logger
23:10:25.224 [main                     ] DEBUG GameApplication      - Logging settings
Title: Bomberman
Version: 0.0
Width: 800
Height: 672
Fullscreen: false
Intro: false
Profiling: false
Single step:false
App Mode: DEVELOPER
Menu Key: ESCAPE
Stage Style: DECORATED
Scene Factory: class com.almasb.fxgl.app.scene.SceneFactory

23:10:26.312 [JavaFX Application Thread] DEBUG FXGLApplication      - Initializing FXGL
23:10:26.321 [JavaFX Application Thread] INFO  Engine               - FXGL-17.1 (24.03.2022 17.34) on WINDOWS (J:18.0.2.1 FX:18.0.1)
23:10:26.322 [JavaFX Application Thread] DEBUG Engine               - JRE Vendor Name: Oracle Corporation
23:10:26.322 [JavaFX Application Thread] DEBUG Engine               - Running on OS: Windows 10 version 10.0
23:10:26.323 [JavaFX Application Thread] DEBUG Engine               - Architecture: amd64
23:10:26.323 [JavaFX Application Thread] INFO  Engine               - Source code and latest versions at: https://github.com/AlmasB/FXGL
23:10:26.323 [JavaFX Application Thread] INFO  Engine               -       Ask questions and discuss at: https://github.com/AlmasB/FXGL/discussions
23:10:26.324 [JavaFX Application Thread] INFO  Engine               -              Join the FXGL chat at: https://gitter.im/AlmasB/FXGL
23:10:26.589 [JavaFX Application Thread] DEBUG PrimaryStageWindow   - Creating a JavaFX scene
23:10:26.675 [JavaFX Application Thread] DEBUG PrimaryStageWindow   - Target settings size: 800.0 x 672.0
23:10:26.676 [JavaFX Application Thread] DEBUG PrimaryStageWindow   - Scaled scene size:    800.0 x 672.0
23:10:26.676 [JavaFX Application Thread] DEBUG PrimaryStageWindow   - Scaled ratio: (1.0, 1.0)
23:10:26.680 [JavaFX Application Thread] DEBUG PrimaryStageWindow   - Set initial scene to FXGLStartupScene
23:10:26.738 [JavaFX Application Thread] DEBUG PrimaryStageWindow   - Opening main window
23:10:26.909 [JavaFX Application Thread] DEBUG PrimaryStageWindow   - Window border size: (14.66668701171875, 37.33331298828125)
23:10:26.911 [JavaFX Application Thread] DEBUG PrimaryStageWindow   - Scaled size: 800.0 x 672.0
23:10:26.912 [JavaFX Application Thread] DEBUG PrimaryStageWindow   - Scaled ratio: (1.0, 1.0)
23:10:26.912 [JavaFX Application Thread] DEBUG PrimaryStageWindow   - Scene size: 800.0 x 672.0
23:10:26.913 [JavaFX Application Thread] DEBUG PrimaryStageWindow   - Stage size: 814.6666870117188 x 709.3333129882812
23:10:26.952 [FXGL Background Thread 1 ] DEBUG Engine               - Initializing environment variables
23:10:27.131 [FXGL Background Thread 1 ] DEBUG FXGLAssetLoaderServi - User app class for loading assets: class mangobomb.bombermango.HelloApplication
23:10:27.132 [FXGL Background Thread 1 ] DEBUG GameApplicationServi - Applying CSS: fxgl_dark.css
23:10:27.133 [FXGL Background Thread 1 ] DEBUG FXGLAssetLoaderServi - Loading from file system: jar:file:/C:/Users/Admin/.m2/repository/com/github/almasb/fxgl/17.1/fxgl-17.1.jar!/fxglassets/ui/css/fxgl_dark.css
23:10:27.259 [FXGL Background Thread 1 ] DEBUG GameApplicationServi - Initializing application scenes
23:10:27.388 [FXGL Background Thread 1 ] DEBUG GameWorld            - Game world initialized
23:10:27.482 [FXGL Background Thread 1 ] DEBUG PhysicsWorld         - Physics world initialized: appHeight=672, physics.ppm=50.0
23:10:27.482 [FXGL Background Thread 1 ] DEBUG PhysicsWorld         - Using strategy: BRUTE_FORCE
23:10:27.493 [FXGL Background Thread 1 ] DEBUG GameScene            - Game scene initialized: 800x672
23:10:27.519 [FXGL Background Thread 1 ] DEBUG FXGL.DefaultMenu     - createMenuBodyMainMenu()
23:10:27.552 [FXGL Background Thread 1 ] DEBUG FXGL.DefaultMenu     - createOptionsMenu()
23:10:27.575 [FXGL Background Thread 1 ] DEBUG FXGLAssetLoaderServi - Loading from file system: jar:file:/C:/Users/Admin/.m2/repository/com/github/almasb/fxgl/17.1/fxgl-17.1.jar!/fxglassets/textures/particles/smoke.png
23:10:27.792 [FXGL Background Thread 1 ] DEBUG FXGLAssetLoaderServi - Loading from file system: jar:file:/C:/Users/Admin/.m2/repository/com/github/almasb/fxgl/17.1/fxgl-17.1.jar!/fxglassets/textures/particles/trace_horizontal.png
23:10:27.850 [FXGL Background Thread 1 ] DEBUG FXGL.DefaultMenu     - createMenuBodyGameMenu()
23:10:27.856 [FXGL Background Thread 1 ] DEBUG FXGL.DefaultMenu     - createOptionsMenu()
23:10:27.878 [FXGL Background Thread 1 ] DEBUG GameApplicationServi - Application scenes initialized
23:10:27.906 [FXGL Background Thread 1 ] DEBUG SystemBundleService  - Loading FXGL system data
23:10:27.913 [FXGL Background Thread 1 ] DEBUG FileSystemAccess     - Reading from: D:\bombermango\system\fxgl.bundle
23:10:27.926 [FXGL Background Thread 1 ] DEBUG SystemBundleService  - Bundle FXGL: {}
23:10:27.927 [FXGL Background Thread 1 ] DEBUG UpdaterService       - Checking for updates
23:10:27.933 [FXGL Background Thread 4 ] DEBUG FXGLApplication      - Loading fonts
23:10:27.934 [FXGL Background Thread 1 ] DEBUG FXGLApplication      - Loading default localization
23:10:27.934 [FXGL Background Thread 1 ] DEBUG FXGLAssetLoaderServi - Loading from file system: jar:file:/C:/Users/Admin/.m2/repository/com/github/almasb/fxgl/17.1/fxgl-17.1.jar!/fxglassets/languages/english.lang
23:10:27.949 [FXGL Background Thread 4 ] DEBUG FXGLAssetLoaderServi - Loading from file system: jar:file:/C:/Users/Admin/.m2/repository/com/github/almasb/fxgl/17.1/fxgl-17.1.jar!/fxglassets/ui/fonts/VarelaRound-Regular.ttf
23:10:27.996 [FXGL Background Thread 1 ] INFO  FXGLApplication      - FXGL initialization took: 1.043 sec
23:10:28.021 [JavaFX Application Thread] DEBUG Input                - Registered new binding: moveUp - W
23:10:28.022 [JavaFX Application Thread] DEBUG Input                - Registered new binding: moveRight - D
23:10:28.022 [JavaFX Application Thread] DEBUG Input                - Registered new binding: moveLeft - A
23:10:28.023 [JavaFX Application Thread] DEBUG Input                - Registered new binding: moveDown - S
23:10:28.023 [JavaFX Application Thread] DEBUG Input                - Registered new binding: implantBomb - F
23:10:28.023 [JavaFX Application Thread] DEBUG Input                - Registered new binding: PlayMusic - M
23:10:28.024 [JavaFX Application Thread] DEBUG FXGLAssetLoaderServi - Loading from file system: jar:file:/C:/Users/Admin/.m2/repository/com/github/almasb/fxgl/17.1/fxgl-17.1.jar!/fxglassets/textures/fxgl_icon.png
23:10:28.079 [JavaFX Application Thread] DEBUG FXGLAssetLoaderServi - Loading from file system: jar:file:/C:/Users/Admin/.m2/repository/com/github/almasb/fxgl/17.1/fxgl-17.1.jar!/fxglassets/textures/fxgl_default_cursor.png
23:10:28.088 [JavaFX Application Thread] DEBUG Input                - Registered new binding: Screenshot - CTRL+8
23:10:28.089 [JavaFX Application Thread] DEBUG Input                - Registered new binding: System info dump - CTRL+9
23:10:28.090 [JavaFX Application Thread] DEBUG Input                - Registered new binding: Restart - CTRL+R
23:10:28.092 [JavaFX Application Thread] DEBUG Input                - Registered new binding: Toggle Debug Camera - CTRL+7
23:10:28.097 [JavaFX Application Thread] DEBUG LoopRunner           - Starting loop
23:10:28.097 [JavaFX Application Thread] DEBUG LoopRunner           - Initializing JavaFX AnimationTimerLoop
23:10:28.104 [JavaFX Application Thread] DEBUG Input                - Clearing active input actions
23:10:28.131 [JavaFX Application Thread] DEBUG GameApplicationServi - Removing overlay from FXGLStartupScene and adding to FXGLMainMenuDummyScene
23:10:28.131 [JavaFX Application Thread] DEBUG PrimaryStageWindow   - FXGLStartupScene -> FXGLMainMenuDummyScene
23:10:28.131 [JavaFX Application Thread] DEBUG PrimaryStageWindow   - Push state: FXGLDefaultMenu
23:10:28.150 [JavaFX Application Thread] DEBUG Input                - Clearing active input actions
23:10:28.170 [JavaFX Application Thread] DEBUG GameApplicationServi - Removing overlay from FXGLMainMenuDummyScene and adding to FXGLDefaultMenu
23:10:28.176 [JavaFX Application Thread] DEBUG PrimaryStageWindow   - FXGLMainMenuDummyScene -> FXGLDefaultMenu
23:10:28.408 [FXGL Background Thread 4 ] DEBUG FXGLAssetLoaderServi - Loading from file system: jar:file:/C:/Users/Admin/.m2/repository/com/github/almasb/fxgl/17.1/fxgl-17.1.jar!/fxglassets/ui/fonts/Abel-Regular.ttf
23:10:28.413 [FXGL Background Thread 4 ] DEBUG FXGLAssetLoaderServi - Loading from file system: jar:file:/C:/Users/Admin/.m2/repository/com/github/almasb/fxgl/17.1/fxgl-17.1.jar!/fxglassets/ui/fonts/TerminalLandMono-Regular.otf
23:10:28.523 [FXGL Background Thread 4 ] DEBUG FXGLAssetLoaderServi - Loading from file system: jar:file:/C:/Users/Admin/.m2/repository/com/github/almasb/fxgl/17.1/fxgl-17.1.jar!/fxglassets/ui/fonts/Courier-Prime.ttf
23:10:28.622 [JavaFX Application Thread] DEBUG FXGLApplication      - Registering font factories with UI factory
23:10:29.460 [FXGL Background Thread 2 ] INFO  UpdaterService       - Your current version:  17.1
23:10:29.460 [FXGL Background Thread 2 ] INFO  UpdaterService       - Latest stable version: 17.2
23:10:30.931 [FXGL Background Thread 3 ] DEBUG Engine               - Logging environment variables
23:10:30.933 [FXGL Background Thread 3 ] DEBUG Engine               - achievements: []
23:10:30.934 [FXGL Background Thread 3 ] DEBUG Engine               - actualHeight: 672.0
23:10:30.937 [FXGL Background Thread 3 ] DEBUG Engine               - actualHeightProperty: ReadOnlyDoubleProperty [value: 672.0]
23:10:30.937 [FXGL Background Thread 3 ] DEBUG Engine               - actualWidth: 800.0
23:10:30.939 [FXGL Background Thread 3 ] DEBUG Engine               - actualWidthProperty: ReadOnlyDoubleProperty [value: 800.0]
23:10:30.939 [FXGL Background Thread 3 ] DEBUG Engine               - appIcon: fxgl_icon.png
23:10:30.939 [FXGL Background Thread 3 ] DEBUG Engine               - applicationMode: DEVELOPER
23:10:30.941 [FXGL Background Thread 3 ] DEBUG Engine               - cSSList: [fxgl_dark.css]
23:10:30.942 [FXGL Background Thread 3 ] DEBUG Engine               - collisionDetectionStrategy: BRUTE_FORCE
23:10:30.946 [FXGL Background Thread 3 ] DEBUG Engine               - configClass: Optional.empty
23:10:30.947 [FXGL Background Thread 3 ] DEBUG Engine               - credits: []
23:10:30.952 [FXGL Background Thread 3 ] DEBUG Engine               - defaultCursor: CursorInfo(imageName=fxgl_default_cursor.png, hotspotX=7.0, hotspotY=6.0)
23:10:30.954 [FXGL Background Thread 3 ] DEBUG Engine               - devBBoxColorProperty: ObjectProperty [value: 0xff0000ff]
23:10:30.954 [FXGL Background Thread 3 ] DEBUG Engine               - devEnableDebugCameraProperty: BooleanProperty [value: false]
23:10:30.954 [FXGL Background Thread 3 ] DEBUG Engine               - devSensorColorProperty: ObjectProperty [value: 0xffff00ff]
23:10:30.954 [FXGL Background Thread 3 ] DEBUG Engine               - devShowBBoxProperty: BooleanProperty [value: false]
23:10:30.954 [FXGL Background Thread 3 ] DEBUG Engine               - devShowPositionProperty: BooleanProperty [value: false]
23:10:30.954 [FXGL Background Thread 3 ] DEBUG Engine               - enabledMenuItems: []
23:10:30.954 [FXGL Background Thread 3 ] DEBUG Engine               - engineServices: [class com.almasb.fxgl.app.services.FXGLAssetLoaderService, class com.almasb.fxgl.app.FXGLApplication$GameApplicationService, class com.almasb.fxgl.app.services.FXGLDialogService, class com.almasb.fxgl.app.services.IOTaskExecutorService, class com.almasb.fxgl.io.FileSystemService, class com.almasb.fxgl.localization.LocalizationService, class com.almasb.fxgl.app.services.SystemBundleService, class com.almasb.fxgl.profile.SaveLoadService, class com.almasb.fxgl.ui.FXGLUIFactoryServiceProvider, class com.almasb.fxgl.ui.FXGLDialogFactoryServiceProvider, class com.almasb.fxgl.audio.AudioPlayer, class com.almasb.fxgl.notification.impl.NotificationServiceProvider, class com.almasb.fxgl.achievement.AchievementService, class com.almasb.fxgl.cutscene.CutsceneService, class com.almasb.fxgl.minigames.MiniGameService, class com.almasb.fxgl.net.NetService, class com.almasb.fxgl.app.services.UpdaterService, class com.almasb.fxgl.dev.DevService]
23:10:30.954 [FXGL Background Thread 3 ] DEBUG Engine               - fontGame: Abel-Regular.ttf
23:10:30.954 [FXGL Background Thread 3 ] DEBUG Engine               - fontMono: TerminalLandMono-Regular.otf
23:10:30.955 [FXGL Background Thread 3 ] DEBUG Engine               - fontText: Courier-Prime.ttf
23:10:30.955 [FXGL Background Thread 3 ] DEBUG Engine               - fontUI: VarelaRound-Regular.ttf
23:10:30.955 [FXGL Background Thread 3 ] DEBUG Engine               - fullScreen: BooleanProperty [value: false]
23:10:30.955 [FXGL Background Thread 3 ] DEBUG Engine               - gameDifficulty: MEDIUM
23:10:30.955 [FXGL Background Thread 3 ] DEBUG Engine               - gameDifficultyProperty: ObjectProperty [value: MEDIUM]
23:10:30.955 [FXGL Background Thread 3 ] DEBUG Engine               - globalMusicVolume: 0.5
23:10:30.956 [FXGL Background Thread 3 ] DEBUG Engine               - globalMusicVolumeProperty: DoubleProperty [value: 0.5]
23:10:30.956 [FXGL Background Thread 3 ] DEBUG Engine               - globalSoundVolume: 0.5
23:10:30.956 [FXGL Background Thread 3 ] DEBUG Engine               - globalSoundVolumeProperty: DoubleProperty [value: 0.5]
23:10:30.956 [FXGL Background Thread 3 ] DEBUG Engine               - height: 672
23:10:30.956 [FXGL Background Thread 3 ] DEBUG Engine               - is3D: false
23:10:30.956 [FXGL Background Thread 3 ] DEBUG Engine               - isAndroid: false
23:10:30.956 [FXGL Background Thread 3 ] DEBUG Engine               - isBrowser: false
23:10:30.956 [FXGL Background Thread 3 ] DEBUG Engine               - isClickFeedbackEnabled: false
23:10:30.956 [FXGL Background Thread 3 ] DEBUG Engine               - isCloseConfirmation: false
23:10:30.956 [FXGL Background Thread 3 ] DEBUG Engine               - isDesktop: true
23:10:30.957 [FXGL Background Thread 3 ] DEBUG Engine               - isDeveloperMenuEnabled: false
23:10:30.957 [FXGL Background Thread 3 ] DEBUG Engine               - isEmbedded: false
23:10:30.957 [FXGL Background Thread 3 ] DEBUG Engine               - isEntityPreloadEnabled: true
23:10:30.957 [FXGL Background Thread 3 ] DEBUG Engine               - isExperimentalTiledLargeMap: false
23:10:30.957 [FXGL Background Thread 3 ] DEBUG Engine               - isFileSystemWriteAllowed: true
23:10:30.957 [FXGL Background Thread 3 ] DEBUG Engine               - isFullScreenAllowed: false
23:10:30.957 [FXGL Background Thread 3 ] DEBUG Engine               - isFullScreenFromStart: false
23:10:30.958 [FXGL Background Thread 3 ] DEBUG Engine               - isGameMenuEnabled: true
23:10:30.958 [FXGL Background Thread 3 ] DEBUG Engine               - isIOS: false
23:10:30.959 [FXGL Background Thread 3 ] DEBUG Engine               - isIntroEnabled: false
23:10:30.964 [FXGL Background Thread 3 ] DEBUG Engine               - isLinux: false
23:10:30.964 [FXGL Background Thread 3 ] DEBUG Engine               - isMac: false
23:10:30.964 [FXGL Background Thread 3 ] DEBUG Engine               - isMainMenuEnabled: true
23:10:30.964 [FXGL Background Thread 3 ] DEBUG Engine               - isManualResizeEnabled: false
23:10:30.964 [FXGL Background Thread 3 ] DEBUG Engine               - isMobile: false
23:10:30.964 [FXGL Background Thread 3 ] DEBUG Engine               - isNative: false
23:10:30.965 [FXGL Background Thread 3 ] DEBUG Engine               - isPauseMusicWhenMinimized: true
23:10:30.965 [FXGL Background Thread 3 ] DEBUG Engine               - isPreserveResizeRatio: false
23:10:30.965 [FXGL Background Thread 3 ] DEBUG Engine               - isProfilingEnabled: false
23:10:30.965 [FXGL Background Thread 3 ] DEBUG Engine               - isScaleAffectedOnResize: true
23:10:30.965 [FXGL Background Thread 3 ] DEBUG Engine               - isSingleStep: false
23:10:30.965 [FXGL Background Thread 3 ] DEBUG Engine               - isUserProfileEnabled: false
23:10:30.965 [FXGL Background Thread 3 ] DEBUG Engine               - isWindows: true
23:10:30.965 [FXGL Background Thread 3 ] DEBUG Engine               - language: ObjectProperty [value: ENGLISH]
23:10:30.965 [FXGL Background Thread 3 ] DEBUG Engine               - menuKey: ESCAPE
23:10:30.965 [FXGL Background Thread 3 ] DEBUG Engine               - mouseSensitivity: 0.2
23:10:30.965 [FXGL Background Thread 3 ] DEBUG Engine               - notificationViewClass: class com.almasb.fxgl.notification.view.XboxNotificationView
23:10:30.965 [FXGL Background Thread 3 ] DEBUG Engine               - pixelsPerMeter: 50.0
23:10:30.966 [FXGL Background Thread 3 ] DEBUG Engine               - platform: WINDOWS
23:10:30.966 [FXGL Background Thread 3 ] DEBUG Engine               - prefHeightProperty: ReadOnlyDoubleProperty [value: 672.0]
23:10:30.966 [FXGL Background Thread 3 ] DEBUG Engine               - prefWidthProperty: ReadOnlyDoubleProperty [value: 800.0]
23:10:30.966 [FXGL Background Thread 3 ] DEBUG Engine               - profileDir: profiles/
23:10:30.966 [FXGL Background Thread 3 ] DEBUG Engine               - profileName: StringProperty [value: DEFAULT]
23:10:30.966 [FXGL Background Thread 3 ] DEBUG Engine               - randomSeed: -1
23:10:30.967 [FXGL Background Thread 3 ] DEBUG Engine               - runtimeInfo: RuntimeInfo(platform=WINDOWS, version=17.1, build=24.03.2022 17.34)
23:10:30.967 [FXGL Background Thread 3 ] DEBUG Engine               - saveFileExt: sav
23:10:30.967 [FXGL Background Thread 3 ] DEBUG Engine               - scaledHeightProp$fxgl: DoubleProperty [bound, value: 672.0]
23:10:30.967 [FXGL Background Thread 3 ] DEBUG Engine               - scaledWidthProp$fxgl: DoubleProperty [bound, value: 800.0]
23:10:30.967 [FXGL Background Thread 3 ] DEBUG Engine               - sceneFactory: com.almasb.fxgl.app.scene.SceneFactory@550f8ec8
23:10:30.968 [FXGL Background Thread 3 ] DEBUG Engine               - secondsIn24h: 60
23:10:30.968 [FXGL Background Thread 3 ] DEBUG Engine               - soundMenuBack: menu/back.wav
23:10:30.968 [FXGL Background Thread 3 ] DEBUG Engine               - soundMenuPress: menu/press.wav
23:10:30.968 [FXGL Background Thread 3 ] DEBUG Engine               - soundMenuSelect: menu/select.wav
23:10:30.968 [FXGL Background Thread 3 ] DEBUG Engine               - soundNotification: core/notification.wav
23:10:30.968 [FXGL Background Thread 3 ] DEBUG Engine               - stageStyle: DECORATED
23:10:30.969 [FXGL Background Thread 3 ] DEBUG Engine               - supportedLanguages: [ENGLISH, FRENCH, GERMAN, HUNGARIAN, RUSSIAN]
23:10:30.970 [FXGL Background Thread 3 ] DEBUG Engine               - ticksPerSecond: -1
23:10:30.971 [FXGL Background Thread 3 ] DEBUG Engine               - title: Bomberman
23:10:30.971 [FXGL Background Thread 3 ] DEBUG Engine               - urlGithub: https://github.com/AlmasB/FXGL
23:10:30.971 [FXGL Background Thread 3 ] DEBUG Engine               - urlLeaderboard: http://fxgl-top.herokuapp.com/
23:10:30.971 [FXGL Background Thread 3 ] DEBUG Engine               - urlPOM: https://raw.githubusercontent.com/AlmasB/FXGL/release/README.md
23:10:30.971 [FXGL Background Thread 3 ] DEBUG Engine               - userAppClass: class mangobomb.bombermango.HelloApplication
23:10:30.971 [FXGL Background Thread 3 ] DEBUG Engine               - version: 0.0
23:10:30.972 [FXGL Background Thread 3 ] DEBUG Engine               - versionCheckDays: 7
23:10:30.972 [FXGL Background Thread 3 ] DEBUG Engine               - width: 800
23:10:30.972 [FXGL Background Thread 3 ] DEBUG Engine               - Logging services
23:10:30.972 [FXGL Background Thread 3 ] DEBUG Engine               - class com.almasb.fxgl.app.services.FXGLAssetLoaderService
23:10:30.972 [FXGL Background Thread 3 ] DEBUG Engine               - class com.almasb.fxgl.app.FXGLApplication$GameApplicationService
23:10:30.972 [FXGL Background Thread 3 ] DEBUG Engine               - class com.almasb.fxgl.app.services.FXGLDialogService
23:10:30.973 [FXGL Background Thread 3 ] DEBUG Engine               - class com.almasb.fxgl.app.services.IOTaskExecutorService
23:10:30.974 [FXGL Background Thread 3 ] DEBUG Engine               - class com.almasb.fxgl.io.FileSystemService
23:10:30.974 [FXGL Background Thread 3 ] DEBUG Engine               - class com.almasb.fxgl.localization.LocalizationService
23:10:30.974 [FXGL Background Thread 3 ] DEBUG Engine               - class com.almasb.fxgl.app.services.SystemBundleService
23:10:30.974 [FXGL Background Thread 3 ] DEBUG Engine               - class com.almasb.fxgl.profile.SaveLoadService
23:10:30.974 [FXGL Background Thread 3 ] DEBUG Engine               - class com.almasb.fxgl.ui.FXGLUIFactoryServiceProvider
23:10:30.975 [FXGL Background Thread 3 ] DEBUG Engine               - class com.almasb.fxgl.ui.FXGLDialogFactoryServiceProvider
23:10:30.975 [FXGL Background Thread 3 ] DEBUG Engine               - class com.almasb.fxgl.audio.AudioPlayer
23:10:30.976 [FXGL Background Thread 3 ] DEBUG Engine               - class com.almasb.fxgl.notification.impl.NotificationServiceProvider
23:10:30.976 [FXGL Background Thread 3 ] DEBUG Engine               - class com.almasb.fxgl.achievement.AchievementService
23:10:30.976 [FXGL Background Thread 3 ] DEBUG Engine               - class com.almasb.fxgl.cutscene.CutsceneService
23:10:30.976 [FXGL Background Thread 3 ] DEBUG Engine               - class com.almasb.fxgl.minigames.MiniGameService
23:10:30.976 [FXGL Background Thread 3 ] DEBUG Engine               - class com.almasb.fxgl.net.NetService
23:10:30.976 [FXGL Background Thread 3 ] DEBUG Engine               - class com.almasb.fxgl.app.services.UpdaterService
23:10:30.976 [FXGL Background Thread 3 ] DEBUG Engine               - class com.almasb.fxgl.dev.DevService
23:10:31.324 [JavaFX Application Thread] DEBUG Menu                 - fireNewGame()
23:10:31.324 [JavaFX Application Thread] DEBUG GameApplicationServi - Starting new game
23:10:31.327 [JavaFX Application Thread] DEBUG PrimaryStageWindow   - Pop state: FXGLDefaultMenu
23:10:31.327 [JavaFX Application Thread] DEBUG Input                - Clearing active input actions
23:10:31.330 [JavaFX Application Thread] DEBUG GameApplicationServi - Removing overlay from FXGLDefaultMenu and adding to FXGLMainMenuDummyScene
23:10:31.331 [JavaFX Application Thread] DEBUG PrimaryStageWindow   - FXGLMainMenuDummyScene <- FXGLDefaultMenu
23:10:31.331 [JavaFX Application Thread] DEBUG Input                - Clearing active input actions
23:10:31.348 [JavaFX Application Thread] DEBUG GameApplicationServi - Removing overlay from FXGLMainMenuDummyScene and adding to FXGLLoadingScene
23:10:31.348 [JavaFX Application Thread] DEBUG PrimaryStageWindow   - FXGLMainMenuDummyScene -> FXGLLoadingScene
23:10:31.349 [JavaFX Application Thread] DEBUG GameApplicationServi - Clearing previous game
23:10:31.349 [JavaFX Application Thread] DEBUG GameScene            - Clearing game scene
23:10:31.349 [JavaFX Application Thread] DEBUG GameWorld            - Clearing game world
23:10:31.349 [JavaFX Application Thread] DEBUG PhysicsWorld         - Clearing physics world
23:10:31.357 [FXGL Background Thread 2 ] DEBUG FXGLApplication      - Initializing game
23:10:31.403 [FXGL Background Thread 2 ] DEBUG FXGLAssetLoaderServi - Loading from file system: file:/D:/bombermango/target/classes/assets/textures/sprites/wall.png
23:10:31.447 [FXGL Background Thread 2 ] DEBUG FXGLAssetLoaderServi - Loading from file system: file:/D:/bombermango/target/classes/assets/textures/sprites/brick.png
23:10:31.454 [FXGL Background Thread 2 ] DEBUG FXGLAssetLoaderServi - Loading from file system: file:/D:/bombermango/target/classes/assets/textures/sprites/balloom_right1.png
23:10:31.455 [FXGL Background Thread 2 ] DEBUG FXGLAssetLoaderServi - Loading from file system: file:/D:/bombermango/target/classes/assets/textures/sprites/balloom_right2.png
23:10:31.456 [FXGL Background Thread 2 ] DEBUG FXGLAssetLoaderServi - Loading from file system: file:/D:/bombermango/target/classes/assets/textures/sprites/balloom_right3.png
23:10:31.491 [FXGL Background Thread 2 ] DEBUG FXGLAssetLoaderServi - Loading from file system: file:/D:/bombermango/target/classes/assets/textures/sprites/oneal_right1.png
23:10:31.492 [FXGL Background Thread 2 ] DEBUG FXGLAssetLoaderServi - Loading from file system: file:/D:/bombermango/target/classes/assets/textures/sprites/oneal_right2.png
23:10:31.494 [FXGL Background Thread 2 ] DEBUG FXGLAssetLoaderServi - Loading from file system: file:/D:/bombermango/target/classes/assets/textures/sprites/oneal_right3.png
23:10:31.661 [FXGL Background Thread 2 ] DEBUG FXGLAssetLoaderServi - Loading from file system: file:/D:/bombermango/target/classes/assets/textures/sprites/doll_right1.png
23:10:31.663 [FXGL Background Thread 2 ] DEBUG FXGLAssetLoaderServi - Loading from file system: file:/D:/bombermango/target/classes/assets/textures/sprites/doll_right2.png
23:10:31.664 [FXGL Background Thread 2 ] DEBUG FXGLAssetLoaderServi - Loading from file system: file:/D:/bombermango/target/classes/assets/textures/sprites/doll_right3.png
23:10:31.694 [FXGL Background Thread 2 ] DEBUG GameWorld            - Clearing removable entities
23:10:31.695 [FXGL Background Thread 2 ] DEBUG GameWorld            - Setting level: com.almasb.fxgl.entity.level.Level@1aa3d5ec
23:10:31.801 [FXGL Background Thread 2 ] DEBUG FXGLAssetLoaderServi - Loading from file system: file:/D:/bombermango/target/classes/assets/music/gameaudio.wav
23:10:32.035 [FXGL Background Thread 2 ] DEBUG FXGLAssetLoaderServi - Loading from file system: file:/D:/bombermango/target/classes/assets/textures/sprites/player_right.png
23:10:32.038 [FXGL Background Thread 2 ] DEBUG FXGLAssetLoaderServi - Loading from file system: file:/D:/bombermango/target/classes/assets/textures/sprites/player_right_1.png
23:10:32.041 [FXGL Background Thread 2 ] WARN  FXGLAssetLoaderServi - Asset "/assets/textures/sprites/player_right_2.png" was not found!
23:10:32.045 [FXGL Background Thread 2 ] WARN  FXGLAssetLoaderServi - Failed to load RESIZABLE_IMAGE
23:10:32.070 [FXGL Background Thread 2 ] DEBUG FXGLAssetLoaderServi - Loading from file system: file:/D:/bombermango/target/classes/assets/textures/sprites/player_down.png
23:10:32.075 [FXGL Background Thread 2 ] DEBUG FXGLAssetLoaderServi - Loading from file system: file:/D:/bombermango/target/classes/assets/textures/sprites/player_down_1.png
23:10:32.077 [FXGL Background Thread 2 ] DEBUG FXGLAssetLoaderServi - Loading from file system: file:/D:/bombermango/target/classes/assets/textures/sprites/player_down_2.png
23:10:32.079 [FXGL Background Thread 2 ] DEBUG FXGLAssetLoaderServi - Loading from file system: file:/D:/bombermango/target/classes/assets/textures/sprites/player_left.png
23:10:32.080 [FXGL Background Thread 2 ] DEBUG FXGLAssetLoaderServi - Loading from file system: file:/D:/bombermango/target/classes/assets/textures/sprites/player_left_1.png
23:10:32.082 [FXGL Background Thread 2 ] DEBUG FXGLAssetLoaderServi - Loading from file system: file:/D:/bombermango/target/classes/assets/textures/sprites/player_left_2.png
23:10:32.086 [FXGL Background Thread 2 ] DEBUG FXGLAssetLoaderServi - Loading from file system: file:/D:/bombermango/target/classes/assets/textures/sprites/portal.png
23:10:32.091 [FXGL Background Thread 2 ] DEBUG FXGLAssetLoaderServi - Loading from file system: file:/D:/bombermango/target/classes/assets/textures/sprites/powerup_bombs.png
23:10:32.097 [FXGL Background Thread 2 ] DEBUG FXGLAssetLoaderServi - Loading from file system: file:/D:/bombermango/target/classes/assets/textures/sprites/powerup_flames.png
23:10:32.107 [FXGL Background Thread 2 ] INFO  FXGLApplication      - Game initialization took: 0.750 sec
23:10:32.110 [JavaFX Application Thread] DEBUG Input                - Clearing active input actions
23:10:32.127 [JavaFX Application Thread] DEBUG GameApplicationServi - Removing overlay from FXGLLoadingScene and adding to GameScene
23:10:32.127 [JavaFX Application Thread] DEBUG PrimaryStageWindow   - FXGLLoadingScene -> GameScene
23:10:37.315 [JavaFX Application Thread] DEBUG FXGLApplication      - Exiting FXGL
23:10:37.315 [JavaFX Application Thread] DEBUG LoopRunner           - Stopping loop
23:10:37.315 [JavaFX Application Thread] DEBUG SystemBundleService  - Saving FXGL system data
23:10:37.317 [JavaFX Application Thread] DEBUG FileSystemAccess     - Writing to: D:\bombermango\system\fxgl.bundle
23:10:37.319 [JavaFX Application Thread] DEBUG Async                - Shutting down background threads
23:10:37.319 [JavaFX Application Thread] DEBUG PrimaryStageWindow   - Closing main window
23:10:37.331 [JavaFX Application Thread] DEBUG Logger               - Closing Logger
