19:13:59.695 [main                     ] DEBUG Logger               - Configured Logger
19:13:59.746 [main                     ] DEBUG GameApplication      - Logging settings
Title: Bomberman
Version: 0.0
Width: 800
Height: 672
Fullscreen: false
Intro: false
Profiling: false
Single step:false
App Mode: DEVELOPER
Menu Key: ESCAPE
Stage Style: DECORATED
Scene Factory: class com.almasb.fxgl.app.scene.SceneFactory

19:14:00.370 [JavaFX Application Thread] DEBUG FXGLApplication      - Initializing FXGL
19:14:00.380 [JavaFX Application Thread] INFO  Engine               - FXGL-17.1 (24.03.2022 17.34) on WINDOWS (J:18.0.2.1 FX:18.0.1)
19:14:00.381 [JavaFX Application Thread] DEBUG Engine               - JRE Vendor Name: Oracle Corporation
19:14:00.381 [JavaFX Application Thread] DEBUG Engine               - Running on OS: Windows 10 version 10.0
19:14:00.381 [JavaFX Application Thread] DEBUG Engine               - Architecture: amd64
19:14:00.382 [JavaFX Application Thread] INFO  Engine               - Source code and latest versions at: https://github.com/AlmasB/FXGL
19:14:00.382 [JavaFX Application Thread] INFO  Engine               -       Ask questions and discuss at: https://github.com/AlmasB/FXGL/discussions
19:14:00.382 [JavaFX Application Thread] INFO  Engine               -              Join the FXGL chat at: https://gitter.im/AlmasB/FXGL
19:14:00.595 [JavaFX Application Thread] DEBUG PrimaryStageWindow   - Creating a JavaFX scene
19:14:00.690 [JavaFX Application Thread] DEBUG PrimaryStageWindow   - Target settings size: 800.0 x 672.0
19:14:00.690 [JavaFX Application Thread] DEBUG PrimaryStageWindow   - Scaled scene size:    800.0 x 672.0
19:14:00.691 [JavaFX Application Thread] DEBUG PrimaryStageWindow   - Scaled ratio: (1.0, 1.0)
19:14:00.692 [JavaFX Application Thread] DEBUG PrimaryStageWindow   - Set initial scene to FXGLStartupScene
19:14:00.706 [JavaFX Application Thread] DEBUG PrimaryStageWindow   - Opening main window
19:14:00.856 [JavaFX Application Thread] DEBUG PrimaryStageWindow   - Window border size: (14.66668701171875, 37.33331298828125)
19:14:00.857 [JavaFX Application Thread] DEBUG PrimaryStageWindow   - Scaled size: 800.0 x 672.0
19:14:00.857 [JavaFX Application Thread] DEBUG PrimaryStageWindow   - Scaled ratio: (1.0, 1.0)
19:14:00.859 [JavaFX Application Thread] DEBUG PrimaryStageWindow   - Scene size: 800.0 x 672.0
19:14:00.859 [JavaFX Application Thread] DEBUG PrimaryStageWindow   - Stage size: 814.6666870117188 x 709.3333129882812
19:14:00.873 [FXGL Background Thread 1 ] DEBUG Engine               - Initializing environment variables
19:14:00.985 [FXGL Background Thread 1 ] DEBUG FXGLAssetLoaderServi - User app class for loading assets: class mangobomb.bombermango.HelloApplication
19:14:00.986 [FXGL Background Thread 1 ] DEBUG GameApplicationServi - Applying CSS: fxgl_dark.css
19:14:00.988 [FXGL Background Thread 1 ] DEBUG FXGLAssetLoaderServi - Loading from file system: jar:file:/C:/Users/Admin/.m2/repository/com/github/almasb/fxgl/17.1/fxgl-17.1.jar!/fxglassets/ui/css/fxgl_dark.css
19:14:01.080 [FXGL Background Thread 1 ] DEBUG GameApplicationServi - Initializing application scenes
19:14:01.200 [FXGL Background Thread 1 ] DEBUG GameWorld            - Game world initialized
19:14:01.303 [FXGL Background Thread 1 ] DEBUG PhysicsWorld         - Physics world initialized: appHeight=672, physics.ppm=50.0
19:14:01.303 [FXGL Background Thread 1 ] DEBUG PhysicsWorld         - Using strategy: BRUTE_FORCE
19:14:01.310 [FXGL Background Thread 1 ] DEBUG GameScene            - Game scene initialized: 800x672
19:14:01.329 [FXGL Background Thread 1 ] DEBUG FXGL.DefaultMenu     - createMenuBodyMainMenu()
19:14:01.361 [FXGL Background Thread 1 ] DEBUG FXGL.DefaultMenu     - createOptionsMenu()
19:14:01.381 [FXGL Background Thread 1 ] DEBUG FXGLAssetLoaderServi - Loading from file system: jar:file:/C:/Users/Admin/.m2/repository/com/github/almasb/fxgl/17.1/fxgl-17.1.jar!/fxglassets/textures/particles/smoke.png
19:14:01.567 [FXGL Background Thread 1 ] DEBUG FXGLAssetLoaderServi - Loading from file system: jar:file:/C:/Users/Admin/.m2/repository/com/github/almasb/fxgl/17.1/fxgl-17.1.jar!/fxglassets/textures/particles/trace_horizontal.png
19:14:01.651 [FXGL Background Thread 1 ] DEBUG FXGL.DefaultMenu     - createMenuBodyGameMenu()
19:14:01.652 [FXGL Background Thread 1 ] DEBUG FXGL.DefaultMenu     - createOptionsMenu()
19:14:01.681 [FXGL Background Thread 1 ] DEBUG GameApplicationServi - Application scenes initialized
19:14:01.705 [FXGL Background Thread 1 ] DEBUG SystemBundleService  - Loading FXGL system data
19:14:01.715 [FXGL Background Thread 1 ] DEBUG FileSystemAccess     - Reading from: D:\bombermango\system\fxgl.bundle
19:14:01.729 [FXGL Background Thread 1 ] DEBUG SystemBundleService  - Bundle FXGL: {}
19:14:01.729 [FXGL Background Thread 1 ] DEBUG UpdaterService       - Checking for updates
19:14:01.737 [FXGL Background Thread 1 ] DEBUG FXGLApplication      - Loading default localization
19:14:01.738 [FXGL Background Thread 1 ] DEBUG FXGLAssetLoaderServi - Loading from file system: jar:file:/C:/Users/Admin/.m2/repository/com/github/almasb/fxgl/17.1/fxgl-17.1.jar!/fxglassets/languages/english.lang
19:14:01.751 [FXGL Background Thread 4 ] DEBUG FXGLApplication      - Loading fonts
19:14:01.753 [FXGL Background Thread 4 ] DEBUG FXGLAssetLoaderServi - Loading from file system: jar:file:/C:/Users/Admin/.m2/repository/com/github/almasb/fxgl/17.1/fxgl-17.1.jar!/fxglassets/ui/fonts/VarelaRound-Regular.ttf
19:14:01.791 [FXGL Background Thread 1 ] INFO  FXGLApplication      - FXGL initialization took: 0.917 sec
19:14:01.818 [JavaFX Application Thread] DEBUG Input                - Registered new binding: moveUp - W
19:14:01.818 [JavaFX Application Thread] DEBUG Input                - Registered new binding: moveRight - D
19:14:01.818 [JavaFX Application Thread] DEBUG Input                - Registered new binding: moveLeft - A
19:14:01.818 [JavaFX Application Thread] DEBUG Input                - Registered new binding: moveDown - S
19:14:01.819 [JavaFX Application Thread] DEBUG Input                - Registered new binding: implantBomb - F
19:14:01.819 [JavaFX Application Thread] DEBUG Input                - Registered new binding: PlayMusic - M
19:14:01.819 [JavaFX Application Thread] DEBUG FXGLAssetLoaderServi - Loading from file system: jar:file:/C:/Users/Admin/.m2/repository/com/github/almasb/fxgl/17.1/fxgl-17.1.jar!/fxglassets/textures/fxgl_icon.png
19:14:01.871 [JavaFX Application Thread] DEBUG FXGLAssetLoaderServi - Loading from file system: jar:file:/C:/Users/Admin/.m2/repository/com/github/almasb/fxgl/17.1/fxgl-17.1.jar!/fxglassets/textures/fxgl_default_cursor.png
19:14:01.879 [JavaFX Application Thread] DEBUG Input                - Registered new binding: Screenshot - CTRL+8
19:14:01.883 [JavaFX Application Thread] DEBUG Input                - Registered new binding: System info dump - CTRL+9
19:14:01.884 [JavaFX Application Thread] DEBUG Input                - Registered new binding: Restart - CTRL+R
19:14:01.886 [JavaFX Application Thread] DEBUG Input                - Registered new binding: Toggle Debug Camera - CTRL+7
19:14:01.902 [JavaFX Application Thread] DEBUG LoopRunner           - Starting loop
19:14:01.902 [JavaFX Application Thread] DEBUG LoopRunner           - Initializing JavaFX AnimationTimerLoop
19:14:01.909 [JavaFX Application Thread] DEBUG Input                - Clearing active input actions
19:14:01.920 [JavaFX Application Thread] DEBUG GameApplicationServi - Removing overlay from FXGLStartupScene and adding to FXGLMainMenuDummyScene
19:14:01.921 [JavaFX Application Thread] DEBUG PrimaryStageWindow   - FXGLStartupScene -> FXGLMainMenuDummyScene
19:14:01.921 [JavaFX Application Thread] DEBUG PrimaryStageWindow   - Push state: FXGLDefaultMenu
19:14:01.929 [JavaFX Application Thread] DEBUG Input                - Clearing active input actions
19:14:01.944 [JavaFX Application Thread] DEBUG GameApplicationServi - Removing overlay from FXGLMainMenuDummyScene and adding to FXGLDefaultMenu
19:14:01.945 [JavaFX Application Thread] DEBUG PrimaryStageWindow   - FXGLMainMenuDummyScene -> FXGLDefaultMenu
19:14:02.056 [FXGL Background Thread 4 ] DEBUG FXGLAssetLoaderServi - Loading from file system: jar:file:/C:/Users/Admin/.m2/repository/com/github/almasb/fxgl/17.1/fxgl-17.1.jar!/fxglassets/ui/fonts/Abel-Regular.ttf
19:14:02.062 [FXGL Background Thread 4 ] DEBUG FXGLAssetLoaderServi - Loading from file system: jar:file:/C:/Users/Admin/.m2/repository/com/github/almasb/fxgl/17.1/fxgl-17.1.jar!/fxglassets/ui/fonts/TerminalLandMono-Regular.otf
19:14:02.068 [FXGL Background Thread 4 ] DEBUG FXGLAssetLoaderServi - Loading from file system: jar:file:/C:/Users/Admin/.m2/repository/com/github/almasb/fxgl/17.1/fxgl-17.1.jar!/fxglassets/ui/fonts/Courier-Prime.ttf
19:14:02.080 [JavaFX Application Thread] DEBUG FXGLApplication      - Registering font factories with UI factory
19:14:02.843 [JavaFX Application Thread] DEBUG Menu                 - fireNewGame()
19:14:02.844 [JavaFX Application Thread] DEBUG GameApplicationServi - Starting new game
19:14:02.847 [JavaFX Application Thread] DEBUG PrimaryStageWindow   - Pop state: FXGLDefaultMenu
19:14:02.847 [JavaFX Application Thread] DEBUG Input                - Clearing active input actions
19:14:02.848 [JavaFX Application Thread] DEBUG GameApplicationServi - Removing overlay from FXGLDefaultMenu and adding to FXGLMainMenuDummyScene
19:14:02.849 [JavaFX Application Thread] DEBUG PrimaryStageWindow   - FXGLMainMenuDummyScene <- FXGLDefaultMenu
19:14:02.850 [JavaFX Application Thread] DEBUG Input                - Clearing active input actions
19:14:02.870 [JavaFX Application Thread] DEBUG GameApplicationServi - Removing overlay from FXGLMainMenuDummyScene and adding to FXGLLoadingScene
19:14:02.870 [JavaFX Application Thread] DEBUG PrimaryStageWindow   - FXGLMainMenuDummyScene -> FXGLLoadingScene
19:14:02.870 [JavaFX Application Thread] DEBUG GameApplicationServi - Clearing previous game
19:14:02.870 [JavaFX Application Thread] DEBUG GameScene            - Clearing game scene
19:14:02.870 [JavaFX Application Thread] DEBUG GameWorld            - Clearing game world
19:14:02.871 [JavaFX Application Thread] DEBUG PhysicsWorld         - Clearing physics world
19:14:02.873 [FXGL Background Thread 4 ] DEBUG FXGLApplication      - Initializing game
19:14:02.910 [FXGL Background Thread 4 ] DEBUG FXGLAssetLoaderServi - Loading from file system: file:/D:/bombermango/target/classes/assets/textures/sprites/wall.png
19:14:02.982 [FXGL Background Thread 4 ] DEBUG FXGLAssetLoaderServi - Loading from file system: file:/D:/bombermango/target/classes/assets/textures/sprites/brick.png
19:14:03.020 [FXGL Background Thread 2 ] INFO  UpdaterService       - Your current version:  17.1
19:14:03.020 [FXGL Background Thread 2 ] INFO  UpdaterService       - Latest stable version: 17.2
19:14:03.213 [FXGL Background Thread 4 ] DEBUG GameWorld            - Clearing removable entities
19:14:03.214 [FXGL Background Thread 4 ] DEBUG GameWorld            - Setting level: com.almasb.fxgl.entity.level.Level@1dd46211
19:14:03.343 [FXGL Background Thread 4 ] DEBUG FXGLAssetLoaderServi - Loading from file system: file:/D:/bombermango/target/classes/assets/music/gameaudio.wav
19:14:03.721 [FXGL Background Thread 4 ] DEBUG FXGLAssetLoaderServi - Loading from file system: file:/D:/bombermango/target/classes/assets/textures/sprites/player_right.png
19:14:03.725 [FXGL Background Thread 4 ] DEBUG FXGLAssetLoaderServi - Loading from file system: file:/D:/bombermango/target/classes/assets/textures/sprites/player_right_1.png
19:14:03.728 [FXGL Background Thread 4 ] WARN  FXGLAssetLoaderServi - Asset "/assets/textures/sprites/player_right_2.png" was not found!
19:14:03.728 [FXGL Background Thread 4 ] WARN  FXGLAssetLoaderServi - Failed to load RESIZABLE_IMAGE
19:14:03.777 [FXGL Background Thread 4 ] DEBUG FXGLAssetLoaderServi - Loading from file system: file:/D:/bombermango/target/classes/assets/textures/sprites/player_down.png
19:14:03.780 [FXGL Background Thread 4 ] DEBUG FXGLAssetLoaderServi - Loading from file system: file:/D:/bombermango/target/classes/assets/textures/sprites/player_down_1.png
19:14:03.781 [FXGL Background Thread 4 ] DEBUG FXGLAssetLoaderServi - Loading from file system: file:/D:/bombermango/target/classes/assets/textures/sprites/player_down_2.png
19:14:03.784 [FXGL Background Thread 4 ] DEBUG FXGLAssetLoaderServi - Loading from file system: file:/D:/bombermango/target/classes/assets/textures/sprites/player_left.png
19:14:03.787 [FXGL Background Thread 4 ] DEBUG FXGLAssetLoaderServi - Loading from file system: file:/D:/bombermango/target/classes/assets/textures/sprites/player_left_1.png
19:14:03.791 [FXGL Background Thread 4 ] DEBUG FXGLAssetLoaderServi - Loading from file system: file:/D:/bombermango/target/classes/assets/textures/sprites/player_left_2.png
19:14:03.804 [FXGL Background Thread 4 ] DEBUG FXGLAssetLoaderServi - Loading from file system: file:/D:/bombermango/target/classes/assets/textures/sprites/portal.png
19:14:03.813 [FXGL Background Thread 4 ] DEBUG FXGLAssetLoaderServi - Loading from file system: file:/D:/bombermango/target/classes/assets/textures/sprites/powerup_bombs.png
19:14:03.818 [FXGL Background Thread 4 ] DEBUG FXGLAssetLoaderServi - Loading from file system: file:/D:/bombermango/target/classes/assets/textures/sprites/powerup_flames.png
19:14:03.827 [FXGL Background Thread 4 ] INFO  FXGLApplication      - Game initialization took: 0.954 sec
19:14:03.838 [JavaFX Application Thread] DEBUG Input                - Clearing active input actions
19:14:03.862 [JavaFX Application Thread] DEBUG GameApplicationServi - Removing overlay from FXGLLoadingScene and adding to GameScene
19:14:03.863 [JavaFX Application Thread] DEBUG PrimaryStageWindow   - FXGLLoadingScene -> GameScene
19:14:04.389 [JavaFX Application Thread] DEBUG AudioPlayer          - Playing music com.almasb.fxgl.audio.Music@1f3c1020
19:14:04.396 [JavaFX Application Thread] WARN  FXGLAssetLoaderServi - Asset "/assets/music/music/gameaudio.wav" was not found!
19:14:04.397 [JavaFX Application Thread] WARN  FXGLAssetLoaderServi - Failed to load MUSIC
19:14:04.398 [JavaFX Application Thread] DEBUG AudioPlayer          - Playing music com.almasb.fxgl.audio.Music@54b3b0b4
19:14:04.487 [JavaFX Application Thread] DEBUG AudioPlayer          - Stopping music com.almasb.fxgl.audio.Music@1f3c1020
19:14:04.489 [JavaFX Application Thread] WARN  FXGLAssetLoaderServi - Asset "/assets/music/music/gameaudio.wav" was not found!
19:14:04.489 [JavaFX Application Thread] WARN  FXGLAssetLoaderServi - Failed to load MUSIC
19:14:04.489 [JavaFX Application Thread] DEBUG AudioPlayer          - Playing music com.almasb.fxgl.audio.Music@4a7f6914
19:14:04.492 [JavaFX Application Thread] DEBUG AudioPlayer          - Playing music com.almasb.fxgl.audio.Music@1f3c1020
19:14:04.492 [JavaFX Application Thread] WARN  FXGLAssetLoaderServi - Asset "/assets/music/music/gameaudio.wav" was not found!
19:14:04.492 [JavaFX Application Thread] WARN  FXGLAssetLoaderServi - Failed to load MUSIC
19:14:04.492 [JavaFX Application Thread] DEBUG AudioPlayer          - Playing music com.almasb.fxgl.audio.Music@c85cb55
19:14:04.496 [JavaFX Application Thread] DEBUG AudioPlayer          - Stopping music com.almasb.fxgl.audio.Music@1f3c1020
19:14:04.498 [JavaFX Application Thread] WARN  FXGLAssetLoaderServi - Asset "/assets/music/music/gameaudio.wav" was not found!
19:14:04.498 [JavaFX Application Thread] WARN  FXGLAssetLoaderServi - Failed to load MUSIC
19:14:04.498 [JavaFX Application Thread] DEBUG AudioPlayer          - Playing music com.almasb.fxgl.audio.Music@9f002b
19:14:04.509 [JavaFX Application Thread] DEBUG AudioPlayer          - Playing music com.almasb.fxgl.audio.Music@1f3c1020
19:14:04.509 [JavaFX Application Thread] WARN  FXGLAssetLoaderServi - Asset "/assets/music/music/gameaudio.wav" was not found!
19:14:04.509 [JavaFX Application Thread] WARN  FXGLAssetLoaderServi - Failed to load MUSIC
19:14:04.510 [JavaFX Application Thread] DEBUG AudioPlayer          - Playing music com.almasb.fxgl.audio.Music@475830fc
19:14:04.524 [JavaFX Application Thread] DEBUG AudioPlayer          - Stopping music com.almasb.fxgl.audio.Music@1f3c1020
19:14:04.525 [JavaFX Application Thread] WARN  FXGLAssetLoaderServi - Asset "/assets/music/music/gameaudio.wav" was not found!
19:14:04.525 [JavaFX Application Thread] WARN  FXGLAssetLoaderServi - Failed to load MUSIC
19:14:04.526 [JavaFX Application Thread] DEBUG AudioPlayer          - Playing music com.almasb.fxgl.audio.Music@76ded6ca
19:14:04.529 [JavaFX Application Thread] DEBUG AudioPlayer          - Playing music com.almasb.fxgl.audio.Music@1f3c1020
19:14:04.530 [JavaFX Application Thread] WARN  FXGLAssetLoaderServi - Asset "/assets/music/music/gameaudio.wav" was not found!
19:14:04.530 [JavaFX Application Thread] WARN  FXGLAssetLoaderServi - Failed to load MUSIC
19:14:04.531 [JavaFX Application Thread] DEBUG AudioPlayer          - Playing music com.almasb.fxgl.audio.Music@54236427
19:14:04.541 [JavaFX Application Thread] DEBUG AudioPlayer          - Stopping music com.almasb.fxgl.audio.Music@1f3c1020
19:14:04.541 [JavaFX Application Thread] WARN  FXGLAssetLoaderServi - Asset "/assets/music/music/gameaudio.wav" was not found!
19:14:04.542 [JavaFX Application Thread] WARN  FXGLAssetLoaderServi - Failed to load MUSIC
19:14:04.542 [JavaFX Application Thread] DEBUG AudioPlayer          - Playing music com.almasb.fxgl.audio.Music@2c45a8d0
19:14:04.735 [FXGL Background Thread 3 ] DEBUG Engine               - Logging environment variables
19:14:04.738 [FXGL Background Thread 3 ] DEBUG Engine               - achievements: []
19:14:04.738 [FXGL Background Thread 3 ] DEBUG Engine               - actualHeight: 672.0
19:14:04.738 [FXGL Background Thread 3 ] DEBUG Engine               - actualHeightProperty: ReadOnlyDoubleProperty [value: 672.0]
19:14:04.738 [FXGL Background Thread 3 ] DEBUG Engine               - actualWidth: 800.0
19:14:04.738 [FXGL Background Thread 3 ] DEBUG Engine               - actualWidthProperty: ReadOnlyDoubleProperty [value: 800.0]
19:14:04.738 [FXGL Background Thread 3 ] DEBUG Engine               - appIcon: fxgl_icon.png
19:14:04.738 [FXGL Background Thread 3 ] DEBUG Engine               - applicationMode: DEVELOPER
19:14:04.738 [FXGL Background Thread 3 ] DEBUG Engine               - cSSList: [fxgl_dark.css]
19:14:04.738 [FXGL Background Thread 3 ] DEBUG Engine               - collisionDetectionStrategy: BRUTE_FORCE
19:14:04.738 [FXGL Background Thread 3 ] DEBUG Engine               - configClass: Optional.empty
19:14:04.739 [FXGL Background Thread 3 ] DEBUG Engine               - credits: []
19:14:04.739 [FXGL Background Thread 3 ] DEBUG Engine               - defaultCursor: CursorInfo(imageName=fxgl_default_cursor.png, hotspotX=7.0, hotspotY=6.0)
19:14:04.740 [FXGL Background Thread 3 ] DEBUG Engine               - devBBoxColorProperty: ObjectProperty [value: 0xff0000ff]
19:14:04.740 [FXGL Background Thread 3 ] DEBUG Engine               - devEnableDebugCameraProperty: BooleanProperty [value: false]
19:14:04.740 [FXGL Background Thread 3 ] DEBUG Engine               - devSensorColorProperty: ObjectProperty [value: 0xffff00ff]
19:14:04.740 [FXGL Background Thread 3 ] DEBUG Engine               - devShowBBoxProperty: BooleanProperty [value: false]
19:14:04.741 [FXGL Background Thread 3 ] DEBUG Engine               - devShowPositionProperty: BooleanProperty [value: false]
19:14:04.741 [FXGL Background Thread 3 ] DEBUG Engine               - enabledMenuItems: []
19:14:04.741 [FXGL Background Thread 3 ] DEBUG Engine               - engineServices: [class com.almasb.fxgl.app.services.FXGLAssetLoaderService, class com.almasb.fxgl.app.FXGLApplication$GameApplicationService, class com.almasb.fxgl.app.services.FXGLDialogService, class com.almasb.fxgl.app.services.IOTaskExecutorService, class com.almasb.fxgl.io.FileSystemService, class com.almasb.fxgl.localization.LocalizationService, class com.almasb.fxgl.app.services.SystemBundleService, class com.almasb.fxgl.profile.SaveLoadService, class com.almasb.fxgl.ui.FXGLUIFactoryServiceProvider, class com.almasb.fxgl.ui.FXGLDialogFactoryServiceProvider, class com.almasb.fxgl.audio.AudioPlayer, class com.almasb.fxgl.notification.impl.NotificationServiceProvider, class com.almasb.fxgl.achievement.AchievementService, class com.almasb.fxgl.cutscene.CutsceneService, class com.almasb.fxgl.minigames.MiniGameService, class com.almasb.fxgl.net.NetService, class com.almasb.fxgl.app.services.UpdaterService, class com.almasb.fxgl.dev.DevService]
19:14:04.741 [FXGL Background Thread 3 ] DEBUG Engine               - fontGame: Abel-Regular.ttf
19:14:04.741 [FXGL Background Thread 3 ] DEBUG Engine               - fontMono: TerminalLandMono-Regular.otf
19:14:04.741 [FXGL Background Thread 3 ] DEBUG Engine               - fontText: Courier-Prime.ttf
19:14:04.741 [FXGL Background Thread 3 ] DEBUG Engine               - fontUI: VarelaRound-Regular.ttf
19:14:04.742 [FXGL Background Thread 3 ] DEBUG Engine               - fullScreen: BooleanProperty [value: false]
19:14:04.742 [FXGL Background Thread 3 ] DEBUG Engine               - gameDifficulty: MEDIUM
19:14:04.742 [FXGL Background Thread 3 ] DEBUG Engine               - gameDifficultyProperty: ObjectProperty [value: MEDIUM]
19:14:04.742 [FXGL Background Thread 3 ] DEBUG Engine               - globalMusicVolume: 0.5
19:14:04.742 [FXGL Background Thread 3 ] DEBUG Engine               - globalMusicVolumeProperty: DoubleProperty [value: 0.5]
19:14:04.743 [FXGL Background Thread 3 ] DEBUG Engine               - globalSoundVolume: 0.5
19:14:04.743 [FXGL Background Thread 3 ] DEBUG Engine               - globalSoundVolumeProperty: DoubleProperty [value: 0.5]
19:14:04.744 [FXGL Background Thread 3 ] DEBUG Engine               - height: 672
19:14:04.744 [FXGL Background Thread 3 ] DEBUG Engine               - is3D: false
19:14:04.744 [FXGL Background Thread 3 ] DEBUG Engine               - isAndroid: false
19:14:04.744 [FXGL Background Thread 3 ] DEBUG Engine               - isBrowser: false
19:14:04.744 [FXGL Background Thread 3 ] DEBUG Engine               - isClickFeedbackEnabled: false
19:14:04.744 [FXGL Background Thread 3 ] DEBUG Engine               - isCloseConfirmation: false
19:14:04.744 [FXGL Background Thread 3 ] DEBUG Engine               - isDesktop: true
19:14:04.744 [FXGL Background Thread 3 ] DEBUG Engine               - isDeveloperMenuEnabled: false
19:14:04.744 [FXGL Background Thread 3 ] DEBUG Engine               - isEmbedded: false
19:14:04.744 [FXGL Background Thread 3 ] DEBUG Engine               - isEntityPreloadEnabled: true
19:14:04.744 [FXGL Background Thread 3 ] DEBUG Engine               - isExperimentalTiledLargeMap: false
19:14:04.745 [FXGL Background Thread 3 ] DEBUG Engine               - isFileSystemWriteAllowed: true
19:14:04.745 [FXGL Background Thread 3 ] DEBUG Engine               - isFullScreenAllowed: false
19:14:04.745 [FXGL Background Thread 3 ] DEBUG Engine               - isFullScreenFromStart: false
19:14:04.745 [FXGL Background Thread 3 ] DEBUG Engine               - isGameMenuEnabled: true
19:14:04.746 [FXGL Background Thread 3 ] DEBUG Engine               - isIOS: false
19:14:04.746 [FXGL Background Thread 3 ] DEBUG Engine               - isIntroEnabled: false
19:14:04.746 [FXGL Background Thread 3 ] DEBUG Engine               - isLinux: false
19:14:04.746 [FXGL Background Thread 3 ] DEBUG Engine               - isMac: false
19:14:04.746 [FXGL Background Thread 3 ] DEBUG Engine               - isMainMenuEnabled: true
19:14:04.746 [FXGL Background Thread 3 ] DEBUG Engine               - isManualResizeEnabled: false
19:14:04.747 [FXGL Background Thread 3 ] DEBUG Engine               - isMobile: false
19:14:04.747 [FXGL Background Thread 3 ] DEBUG Engine               - isNative: false
19:14:04.747 [FXGL Background Thread 3 ] DEBUG Engine               - isPauseMusicWhenMinimized: true
19:14:04.747 [FXGL Background Thread 3 ] DEBUG Engine               - isPreserveResizeRatio: false
19:14:04.747 [FXGL Background Thread 3 ] DEBUG Engine               - isProfilingEnabled: false
19:14:04.747 [FXGL Background Thread 3 ] DEBUG Engine               - isScaleAffectedOnResize: true
19:14:04.747 [FXGL Background Thread 3 ] DEBUG Engine               - isSingleStep: false
19:14:04.748 [FXGL Background Thread 3 ] DEBUG Engine               - isUserProfileEnabled: false
19:14:04.748 [FXGL Background Thread 3 ] DEBUG Engine               - isWindows: true
19:14:04.748 [FXGL Background Thread 3 ] DEBUG Engine               - language: ObjectProperty [value: ENGLISH]
19:14:04.748 [FXGL Background Thread 3 ] DEBUG Engine               - menuKey: ESCAPE
19:14:04.748 [FXGL Background Thread 3 ] DEBUG Engine               - mouseSensitivity: 0.2
19:14:04.748 [FXGL Background Thread 3 ] DEBUG Engine               - notificationViewClass: class com.almasb.fxgl.notification.view.XboxNotificationView
19:14:04.749 [FXGL Background Thread 3 ] DEBUG Engine               - pixelsPerMeter: 50.0
19:14:04.749 [FXGL Background Thread 3 ] DEBUG Engine               - platform: WINDOWS
19:14:04.749 [FXGL Background Thread 3 ] DEBUG Engine               - prefHeightProperty: ReadOnlyDoubleProperty [value: 672.0]
19:14:04.749 [FXGL Background Thread 3 ] DEBUG Engine               - prefWidthProperty: ReadOnlyDoubleProperty [value: 800.0]
19:14:04.749 [FXGL Background Thread 3 ] DEBUG Engine               - profileDir: profiles/
19:14:04.750 [FXGL Background Thread 3 ] DEBUG Engine               - profileName: StringProperty [value: DEFAULT]
19:14:04.750 [FXGL Background Thread 3 ] DEBUG Engine               - randomSeed: -1
19:14:04.750 [FXGL Background Thread 3 ] DEBUG Engine               - runtimeInfo: RuntimeInfo(platform=WINDOWS, version=17.1, build=24.03.2022 17.34)
19:14:04.751 [FXGL Background Thread 3 ] DEBUG Engine               - saveFileExt: sav
19:14:04.751 [FXGL Background Thread 3 ] DEBUG Engine               - scaledHeightProp$fxgl: DoubleProperty [bound, value: 672.0]
19:14:04.751 [FXGL Background Thread 3 ] DEBUG Engine               - scaledWidthProp$fxgl: DoubleProperty [bound, value: 800.0]
19:14:04.751 [FXGL Background Thread 3 ] DEBUG Engine               - sceneFactory: com.almasb.fxgl.app.scene.SceneFactory@5b748ba4
19:14:04.751 [FXGL Background Thread 3 ] DEBUG Engine               - secondsIn24h: 60
19:14:04.751 [FXGL Background Thread 3 ] DEBUG Engine               - soundMenuBack: menu/back.wav
19:14:04.751 [FXGL Background Thread 3 ] DEBUG Engine               - soundMenuPress: menu/press.wav
19:14:04.752 [FXGL Background Thread 3 ] DEBUG Engine               - soundMenuSelect: menu/select.wav
19:14:04.752 [FXGL Background Thread 3 ] DEBUG Engine               - soundNotification: core/notification.wav
19:14:04.752 [FXGL Background Thread 3 ] DEBUG Engine               - stageStyle: DECORATED
19:14:04.752 [FXGL Background Thread 3 ] DEBUG Engine               - supportedLanguages: [ENGLISH, FRENCH, GERMAN, HUNGARIAN, RUSSIAN]
19:14:04.752 [FXGL Background Thread 3 ] DEBUG Engine               - ticksPerSecond: -1
19:14:04.752 [FXGL Background Thread 3 ] DEBUG Engine               - title: Bomberman
19:14:04.752 [FXGL Background Thread 3 ] DEBUG Engine               - urlGithub: https://github.com/AlmasB/FXGL
19:14:04.752 [FXGL Background Thread 3 ] DEBUG Engine               - urlLeaderboard: http://fxgl-top.herokuapp.com/
19:14:04.752 [FXGL Background Thread 3 ] DEBUG Engine               - urlPOM: https://raw.githubusercontent.com/AlmasB/FXGL/release/README.md
19:14:04.753 [FXGL Background Thread 3 ] DEBUG Engine               - userAppClass: class mangobomb.bombermango.HelloApplication
19:14:04.753 [FXGL Background Thread 3 ] DEBUG Engine               - version: 0.0
19:14:04.753 [FXGL Background Thread 3 ] DEBUG Engine               - versionCheckDays: 7
19:14:04.753 [FXGL Background Thread 3 ] DEBUG Engine               - width: 800
19:14:04.753 [FXGL Background Thread 3 ] DEBUG Engine               - Logging services
19:14:04.753 [FXGL Background Thread 3 ] DEBUG Engine               - class com.almasb.fxgl.app.services.FXGLAssetLoaderService
19:14:04.753 [FXGL Background Thread 3 ] DEBUG Engine               - class com.almasb.fxgl.app.FXGLApplication$GameApplicationService
19:14:04.753 [FXGL Background Thread 3 ] DEBUG Engine               - class com.almasb.fxgl.app.services.FXGLDialogService
19:14:04.753 [FXGL Background Thread 3 ] DEBUG Engine               - class com.almasb.fxgl.app.services.IOTaskExecutorService
19:14:04.754 [FXGL Background Thread 3 ] DEBUG Engine               - class com.almasb.fxgl.io.FileSystemService
19:14:04.754 [FXGL Background Thread 3 ] DEBUG Engine               - class com.almasb.fxgl.localization.LocalizationService
19:14:04.754 [FXGL Background Thread 3 ] DEBUG Engine               - class com.almasb.fxgl.app.services.SystemBundleService
19:14:04.754 [FXGL Background Thread 3 ] DEBUG Engine               - class com.almasb.fxgl.profile.SaveLoadService
19:14:04.754 [FXGL Background Thread 3 ] DEBUG Engine               - class com.almasb.fxgl.ui.FXGLUIFactoryServiceProvider
19:14:04.755 [FXGL Background Thread 3 ] DEBUG Engine               - class com.almasb.fxgl.ui.FXGLDialogFactoryServiceProvider
19:14:04.755 [FXGL Background Thread 3 ] DEBUG Engine               - class com.almasb.fxgl.audio.AudioPlayer
19:14:04.755 [FXGL Background Thread 3 ] DEBUG Engine               - class com.almasb.fxgl.notification.impl.NotificationServiceProvider
19:14:04.756 [FXGL Background Thread 3 ] DEBUG Engine               - class com.almasb.fxgl.achievement.AchievementService
19:14:04.757 [FXGL Background Thread 3 ] DEBUG Engine               - class com.almasb.fxgl.cutscene.CutsceneService
19:14:04.757 [FXGL Background Thread 3 ] DEBUG Engine               - class com.almasb.fxgl.minigames.MiniGameService
19:14:04.757 [FXGL Background Thread 3 ] DEBUG Engine               - class com.almasb.fxgl.net.NetService
19:14:04.757 [FXGL Background Thread 3 ] DEBUG Engine               - class com.almasb.fxgl.app.services.UpdaterService
19:14:04.757 [FXGL Background Thread 3 ] DEBUG Engine               - class com.almasb.fxgl.dev.DevService
19:14:07.149 [JavaFX Application Thread] DEBUG AudioPlayer          - Playing music com.almasb.fxgl.audio.Music@1f3c1020
19:14:07.151 [JavaFX Application Thread] WARN  FXGLAssetLoaderServi - Asset "/assets/music/music/gameaudio.wav" was not found!
19:14:07.151 [JavaFX Application Thread] WARN  FXGLAssetLoaderServi - Failed to load MUSIC
19:14:07.152 [JavaFX Application Thread] DEBUG AudioPlayer          - Playing music com.almasb.fxgl.audio.Music@7949709e
19:14:07.165 [JavaFX Application Thread] DEBUG AudioPlayer          - Stopping music com.almasb.fxgl.audio.Music@1f3c1020
19:14:07.168 [JavaFX Application Thread] WARN  FXGLAssetLoaderServi - Asset "/assets/music/music/gameaudio.wav" was not found!
19:14:07.169 [JavaFX Application Thread] WARN  FXGLAssetLoaderServi - Failed to load MUSIC
19:14:07.170 [JavaFX Application Thread] DEBUG AudioPlayer          - Playing music com.almasb.fxgl.audio.Music@3355148f
19:14:07.181 [JavaFX Application Thread] DEBUG AudioPlayer          - Playing music com.almasb.fxgl.audio.Music@1f3c1020
19:14:07.182 [JavaFX Application Thread] WARN  FXGLAssetLoaderServi - Asset "/assets/music/music/gameaudio.wav" was not found!
19:14:07.183 [JavaFX Application Thread] WARN  FXGLAssetLoaderServi - Failed to load MUSIC
19:14:07.183 [JavaFX Application Thread] DEBUG AudioPlayer          - Playing music com.almasb.fxgl.audio.Music@44201cd3
19:14:07.197 [JavaFX Application Thread] DEBUG AudioPlayer          - Stopping music com.almasb.fxgl.audio.Music@1f3c1020
19:14:07.201 [JavaFX Application Thread] WARN  FXGLAssetLoaderServi - Asset "/assets/music/music/gameaudio.wav" was not found!
19:14:07.201 [JavaFX Application Thread] WARN  FXGLAssetLoaderServi - Failed to load MUSIC
19:14:07.202 [JavaFX Application Thread] DEBUG AudioPlayer          - Playing music com.almasb.fxgl.audio.Music@337dd31a
19:14:07.213 [JavaFX Application Thread] DEBUG AudioPlayer          - Playing music com.almasb.fxgl.audio.Music@1f3c1020
19:14:07.215 [JavaFX Application Thread] WARN  FXGLAssetLoaderServi - Asset "/assets/music/music/gameaudio.wav" was not found!
19:14:07.216 [JavaFX Application Thread] WARN  FXGLAssetLoaderServi - Failed to load MUSIC
19:14:07.217 [JavaFX Application Thread] DEBUG AudioPlayer          - Playing music com.almasb.fxgl.audio.Music@182986b
19:14:07.228 [JavaFX Application Thread] DEBUG AudioPlayer          - Stopping music com.almasb.fxgl.audio.Music@1f3c1020
19:14:07.231 [JavaFX Application Thread] WARN  FXGLAssetLoaderServi - Asset "/assets/music/music/gameaudio.wav" was not found!
19:14:07.232 [JavaFX Application Thread] WARN  FXGLAssetLoaderServi - Failed to load MUSIC
19:14:07.232 [JavaFX Application Thread] DEBUG AudioPlayer          - Playing music com.almasb.fxgl.audio.Music@1ae805b8
19:14:07.245 [JavaFX Application Thread] DEBUG AudioPlayer          - Playing music com.almasb.fxgl.audio.Music@1f3c1020
19:14:07.247 [JavaFX Application Thread] WARN  FXGLAssetLoaderServi - Asset "/assets/music/music/gameaudio.wav" was not found!
19:14:07.247 [JavaFX Application Thread] WARN  FXGLAssetLoaderServi - Failed to load MUSIC
19:14:07.248 [JavaFX Application Thread] DEBUG AudioPlayer          - Playing music com.almasb.fxgl.audio.Music@5e6a54b2
19:14:07.261 [JavaFX Application Thread] DEBUG AudioPlayer          - Stopping music com.almasb.fxgl.audio.Music@1f3c1020
19:14:07.265 [JavaFX Application Thread] WARN  FXGLAssetLoaderServi - Asset "/assets/music/music/gameaudio.wav" was not found!
19:14:07.266 [JavaFX Application Thread] WARN  FXGLAssetLoaderServi - Failed to load MUSIC
19:14:07.266 [JavaFX Application Thread] DEBUG AudioPlayer          - Playing music com.almasb.fxgl.audio.Music@352a966
19:14:07.278 [JavaFX Application Thread] DEBUG AudioPlayer          - Playing music com.almasb.fxgl.audio.Music@1f3c1020
19:14:07.280 [JavaFX Application Thread] WARN  FXGLAssetLoaderServi - Asset "/assets/music/music/gameaudio.wav" was not found!
19:14:07.280 [JavaFX Application Thread] WARN  FXGLAssetLoaderServi - Failed to load MUSIC
19:14:07.281 [JavaFX Application Thread] DEBUG AudioPlayer          - Playing music com.almasb.fxgl.audio.Music@160628a7
19:14:09.452 [JavaFX Application Thread] DEBUG FXGLApplication      - Exiting FXGL
19:14:09.453 [JavaFX Application Thread] DEBUG LoopRunner           - Stopping loop
19:14:09.453 [JavaFX Application Thread] DEBUG SystemBundleService  - Saving FXGL system data
19:14:09.455 [JavaFX Application Thread] DEBUG FileSystemAccess     - Writing to: D:\bombermango\system\fxgl.bundle
19:14:09.457 [JavaFX Application Thread] DEBUG Async                - Shutting down background threads
19:14:09.457 [JavaFX Application Thread] DEBUG PrimaryStageWindow   - Closing main window
19:14:09.526 [JavaFX Application Thread] DEBUG Logger               - Closing Logger
