22:31:27.933 [main                     ] DEBUG Logger               - Configured Logger
22:31:27.967 [main                     ] DEBUG GameApplication      - Logging settings
Title: Bomberman
Version: 0.0
Width: 800
Height: 600
Fullscreen: false
Intro: false
Profiling: false
Single step:false
App Mode: DEVELOPER
Menu Key: ESCAPE
Stage Style: DECORATED
Scene Factory: class com.almasb.fxgl.app.scene.SceneFactory

22:31:28.428 [JavaFX Application Thread] DEBUG FXGLApplication      - Initializing FXGL
22:31:28.437 [JavaFX Application Thread] INFO  Engine               - FXGL-17.1 (24.03.2022 17.34) on WINDOWS (J:18.0.2.1 FX:18.0.1)
22:31:28.437 [JavaFX Application Thread] DEBUG Engine               - JRE Vendor Name: Oracle Corporation
22:31:28.438 [JavaFX Application Thread] DEBUG Engine               - Running on OS: Windows 10 version 10.0
22:31:28.438 [JavaFX Application Thread] DEBUG Engine               - Architecture: amd64
22:31:28.438 [JavaFX Application Thread] INFO  Engine               - Source code and latest versions at: https://github.com/AlmasB/FXGL
22:31:28.438 [JavaFX Application Thread] INFO  Engine               -       Ask questions and discuss at: https://github.com/AlmasB/FXGL/discussions
22:31:28.438 [JavaFX Application Thread] INFO  Engine               -              Join the FXGL chat at: https://gitter.im/AlmasB/FXGL
22:31:28.593 [JavaFX Application Thread] DEBUG PrimaryStageWindow   - Creating a JavaFX scene
22:31:28.654 [JavaFX Application Thread] DEBUG PrimaryStageWindow   - Target settings size: 800.0 x 600.0
22:31:28.655 [JavaFX Application Thread] DEBUG PrimaryStageWindow   - Scaled scene size:    800.0 x 600.0
22:31:28.655 [JavaFX Application Thread] DEBUG PrimaryStageWindow   - Scaled ratio: (1.0, 1.0)
22:31:28.658 [JavaFX Application Thread] DEBUG PrimaryStageWindow   - Set initial scene to FXGLStartupScene
22:31:28.675 [JavaFX Application Thread] DEBUG PrimaryStageWindow   - Opening main window
22:31:28.807 [JavaFX Application Thread] DEBUG PrimaryStageWindow   - Window border size: (14.66668701171875, 37.33331298828125)
22:31:28.807 [JavaFX Application Thread] DEBUG PrimaryStageWindow   - Scaled size: 800.0 x 600.0
22:31:28.807 [JavaFX Application Thread] DEBUG PrimaryStageWindow   - Scaled ratio: (1.0, 1.0)
22:31:28.808 [JavaFX Application Thread] DEBUG PrimaryStageWindow   - Scene size: 800.0 x 600.0
22:31:28.808 [JavaFX Application Thread] DEBUG PrimaryStageWindow   - Stage size: 814.6666870117188 x 637.3333129882812
22:31:28.820 [FXGL Background Thread 1 ] DEBUG Engine               - Initializing environment variables
22:31:28.921 [FXGL Background Thread 1 ] DEBUG FXGLAssetLoaderServi - User app class for loading assets: class mangobomb.bombermango.HelloApplication
22:31:28.921 [FXGL Background Thread 1 ] DEBUG GameApplicationServi - Applying CSS: fxgl_dark.css
22:31:28.922 [FXGL Background Thread 1 ] DEBUG FXGLAssetLoaderServi - Loading from file system: jar:file:/C:/Users/Admin/.m2/repository/com/github/almasb/fxgl/17.1/fxgl-17.1.jar!/fxglassets/ui/css/fxgl_dark.css
22:31:29.005 [FXGL Background Thread 1 ] DEBUG GameApplicationServi - Initializing application scenes
22:31:29.106 [FXGL Background Thread 1 ] DEBUG GameWorld            - Game world initialized
22:31:29.190 [FXGL Background Thread 1 ] DEBUG PhysicsWorld         - Physics world initialized: appHeight=600, physics.ppm=50.0
22:31:29.190 [FXGL Background Thread 1 ] DEBUG PhysicsWorld         - Using strategy: BRUTE_FORCE
22:31:29.196 [FXGL Background Thread 1 ] DEBUG GameScene            - Game scene initialized: 800x600
22:31:29.213 [FXGL Background Thread 1 ] DEBUG FXGL.DefaultMenu     - createMenuBodyMainMenu()
22:31:29.239 [FXGL Background Thread 1 ] DEBUG FXGL.DefaultMenu     - createOptionsMenu()
22:31:29.256 [FXGL Background Thread 1 ] DEBUG FXGLAssetLoaderServi - Loading from file system: jar:file:/C:/Users/Admin/.m2/repository/com/github/almasb/fxgl/17.1/fxgl-17.1.jar!/fxglassets/textures/particles/smoke.png
22:31:29.407 [FXGL Background Thread 1 ] DEBUG FXGLAssetLoaderServi - Loading from file system: jar:file:/C:/Users/Admin/.m2/repository/com/github/almasb/fxgl/17.1/fxgl-17.1.jar!/fxglassets/textures/particles/trace_horizontal.png
22:31:29.450 [FXGL Background Thread 1 ] DEBUG FXGL.DefaultMenu     - createMenuBodyGameMenu()
22:31:29.452 [FXGL Background Thread 1 ] DEBUG FXGL.DefaultMenu     - createOptionsMenu()
22:31:29.473 [FXGL Background Thread 1 ] DEBUG GameApplicationServi - Application scenes initialized
22:31:29.491 [FXGL Background Thread 1 ] DEBUG SystemBundleService  - Loading FXGL system data
22:31:29.498 [FXGL Background Thread 1 ] DEBUG FileSystemAccess     - Reading from: D:\bombermango\system\fxgl.bundle
22:31:29.512 [FXGL Background Thread 1 ] DEBUG SystemBundleService  - Bundle FXGL: {}
22:31:29.512 [FXGL Background Thread 1 ] DEBUG UpdaterService       - Checking for updates
22:31:29.519 [FXGL Background Thread 1 ] DEBUG FXGLApplication      - Loading default localization
22:31:29.520 [FXGL Background Thread 1 ] DEBUG FXGLAssetLoaderServi - Loading from file system: jar:file:/C:/Users/Admin/.m2/repository/com/github/almasb/fxgl/17.1/fxgl-17.1.jar!/fxglassets/languages/english.lang
22:31:29.550 [FXGL Background Thread 4 ] DEBUG FXGLApplication      - Loading fonts
22:31:29.550 [FXGL Background Thread 4 ] DEBUG FXGLAssetLoaderServi - Loading from file system: jar:file:/C:/Users/Admin/.m2/repository/com/github/almasb/fxgl/17.1/fxgl-17.1.jar!/fxglassets/ui/fonts/VarelaRound-Regular.ttf
22:31:29.561 [FXGL Background Thread 1 ] INFO  FXGLApplication      - FXGL initialization took: 0.741 sec
22:31:29.584 [JavaFX Application Thread] DEBUG Input                - Registered new binding: moveUp - W
22:31:29.584 [JavaFX Application Thread] DEBUG Input                - Registered new binding: moveRight - D
22:31:29.585 [JavaFX Application Thread] DEBUG Input                - Registered new binding: moveLeft - A
22:31:29.585 [JavaFX Application Thread] DEBUG Input                - Registered new binding: moveDown - S
22:31:29.585 [JavaFX Application Thread] DEBUG Input                - Registered new binding: implantBomb - F
22:31:29.585 [JavaFX Application Thread] DEBUG FXGLAssetLoaderServi - Loading from file system: jar:file:/C:/Users/Admin/.m2/repository/com/github/almasb/fxgl/17.1/fxgl-17.1.jar!/fxglassets/textures/fxgl_icon.png
22:31:29.610 [JavaFX Application Thread] DEBUG FXGLAssetLoaderServi - Loading from file system: jar:file:/C:/Users/Admin/.m2/repository/com/github/almasb/fxgl/17.1/fxgl-17.1.jar!/fxglassets/textures/fxgl_default_cursor.png
22:31:29.613 [JavaFX Application Thread] DEBUG Input                - Registered new binding: Screenshot - CTRL+8
22:31:29.614 [JavaFX Application Thread] DEBUG Input                - Registered new binding: System info dump - CTRL+9
22:31:29.614 [JavaFX Application Thread] DEBUG Input                - Registered new binding: Restart - CTRL+R
22:31:29.615 [JavaFX Application Thread] DEBUG Input                - Registered new binding: Toggle Debug Camera - CTRL+7
22:31:29.618 [JavaFX Application Thread] DEBUG LoopRunner           - Starting loop
22:31:29.618 [JavaFX Application Thread] DEBUG LoopRunner           - Initializing JavaFX AnimationTimerLoop
22:31:29.622 [JavaFX Application Thread] DEBUG Input                - Clearing active input actions
22:31:29.630 [JavaFX Application Thread] DEBUG GameApplicationServi - Removing overlay from FXGLStartupScene and adding to FXGLMainMenuDummyScene
22:31:29.630 [JavaFX Application Thread] DEBUG PrimaryStageWindow   - FXGLStartupScene -> FXGLMainMenuDummyScene
22:31:29.630 [JavaFX Application Thread] DEBUG PrimaryStageWindow   - Push state: FXGLDefaultMenu
22:31:29.661 [JavaFX Application Thread] DEBUG Input                - Clearing active input actions
22:31:29.674 [JavaFX Application Thread] DEBUG GameApplicationServi - Removing overlay from FXGLMainMenuDummyScene and adding to FXGLDefaultMenu
22:31:29.675 [JavaFX Application Thread] DEBUG PrimaryStageWindow   - FXGLMainMenuDummyScene -> FXGLDefaultMenu
22:31:29.981 [FXGL Background Thread 4 ] DEBUG FXGLAssetLoaderServi - Loading from file system: jar:file:/C:/Users/Admin/.m2/repository/com/github/almasb/fxgl/17.1/fxgl-17.1.jar!/fxglassets/ui/fonts/Abel-Regular.ttf
22:31:29.986 [FXGL Background Thread 4 ] DEBUG FXGLAssetLoaderServi - Loading from file system: jar:file:/C:/Users/Admin/.m2/repository/com/github/almasb/fxgl/17.1/fxgl-17.1.jar!/fxglassets/ui/fonts/TerminalLandMono-Regular.otf
22:31:29.991 [FXGL Background Thread 4 ] DEBUG FXGLAssetLoaderServi - Loading from file system: jar:file:/C:/Users/Admin/.m2/repository/com/github/almasb/fxgl/17.1/fxgl-17.1.jar!/fxglassets/ui/fonts/Courier-Prime.ttf
22:31:30.044 [JavaFX Application Thread] DEBUG FXGLApplication      - Registering font factories with UI factory
22:31:30.584 [JavaFX Application Thread] DEBUG Menu                 - fireNewGame()
22:31:30.585 [JavaFX Application Thread] DEBUG GameApplicationServi - Starting new game
22:31:30.592 [FXGL Background Thread 2 ] INFO  UpdaterService       - Your current version:  17.1
22:31:30.592 [FXGL Background Thread 2 ] INFO  UpdaterService       - Latest stable version: 17.2
22:31:30.593 [JavaFX Application Thread] DEBUG PrimaryStageWindow   - Pop state: FXGLDefaultMenu
22:31:30.593 [JavaFX Application Thread] DEBUG Input                - Clearing active input actions
22:31:30.593 [JavaFX Application Thread] DEBUG GameApplicationServi - Removing overlay from FXGLDefaultMenu and adding to FXGLMainMenuDummyScene
22:31:30.596 [JavaFX Application Thread] DEBUG PrimaryStageWindow   - FXGLMainMenuDummyScene <- FXGLDefaultMenu
22:31:30.596 [JavaFX Application Thread] DEBUG Input                - Clearing active input actions
22:31:30.611 [JavaFX Application Thread] DEBUG GameApplicationServi - Removing overlay from FXGLMainMenuDummyScene and adding to FXGLLoadingScene
22:31:30.611 [JavaFX Application Thread] DEBUG PrimaryStageWindow   - FXGLMainMenuDummyScene -> FXGLLoadingScene
22:31:30.611 [JavaFX Application Thread] DEBUG GameApplicationServi - Clearing previous game
22:31:30.611 [JavaFX Application Thread] DEBUG GameScene            - Clearing game scene
22:31:30.611 [JavaFX Application Thread] DEBUG GameWorld            - Clearing game world
22:31:30.611 [JavaFX Application Thread] DEBUG PhysicsWorld         - Clearing physics world
22:31:30.614 [FXGL Background Thread 2 ] DEBUG FXGLApplication      - Initializing game
22:31:30.649 [FXGL Background Thread 2 ] DEBUG FXGLAssetLoaderServi - Loading from file system: file:/D:/bombermango/target/classes/assets/textures/sprites/brick.png
22:31:30.658 [FXGL Background Thread 2 ] DEBUG FXGLAssetLoaderServi - Loading from file system: file:/D:/bombermango/target/classes/assets/textures/sprites/wall.png
22:31:30.672 [FXGL Background Thread 2 ] DEBUG FXGLAssetLoaderServi - Loading from file system: file:/D:/bombermango/target/classes/assets/textures/sprites/grass.png
22:31:30.773 [FXGL Background Thread 2 ] DEBUG GameWorld            - Clearing removable entities
22:31:30.774 [FXGL Background Thread 2 ] DEBUG GameWorld            - Setting level: com.almasb.fxgl.entity.level.Level@5e53d681
22:31:30.857 [FXGL Background Thread 2 ] DEBUG FXGLAssetLoaderServi - Loading from file system: file:/D:/bombermango/target/classes/assets/textures/sprites/player_down.png
22:31:30.858 [FXGL Background Thread 2 ] DEBUG FXGLAssetLoaderServi - Loading from file system: file:/D:/bombermango/target/classes/assets/textures/sprites/player_down_1.png
22:31:30.859 [FXGL Background Thread 2 ] DEBUG FXGLAssetLoaderServi - Loading from file system: file:/D:/bombermango/target/classes/assets/textures/sprites/player_down_2.png
22:31:30.882 [FXGL Background Thread 2 ] WARN  GameWorld            - Entity is already attached to world
22:31:30.883 [FXGL Background Thread 2 ] INFO  FXGLApplication      - Game initialization took: 0.268 sec
22:31:30.887 [JavaFX Application Thread] DEBUG Input                - Clearing active input actions
22:31:30.905 [JavaFX Application Thread] DEBUG GameApplicationServi - Removing overlay from FXGLLoadingScene and adding to GameScene
22:31:30.905 [JavaFX Application Thread] DEBUG PrimaryStageWindow   - FXGLLoadingScene -> GameScene
22:31:32.059 [JavaFX Application Thread] DEBUG FXGLApplication      - Exiting FXGL
22:31:32.059 [JavaFX Application Thread] DEBUG LoopRunner           - Stopping loop
22:31:32.059 [JavaFX Application Thread] DEBUG SystemBundleService  - Saving FXGL system data
22:31:32.061 [JavaFX Application Thread] DEBUG FileSystemAccess     - Writing to: D:\bombermango\system\fxgl.bundle
22:31:32.063 [JavaFX Application Thread] DEBUG Async                - Shutting down background threads
22:31:32.064 [JavaFX Application Thread] DEBUG PrimaryStageWindow   - Closing main window
22:31:32.106 [JavaFX Application Thread] DEBUG Logger               - Closing Logger
