20:07:08.639 [main                     ] DEBUG Logger               - Configured Logger
20:07:08.687 [main                     ] DEBUG GameApplication      - Logging settings
Title: Bomberman
Version: 0.0
Width: 800
Height: 600
Fullscreen: false
Intro: false
Profiling: false
Single step:false
App Mode: DEVELOPER
Menu Key: ESCAPE
Stage Style: DECORATED
Scene Factory: class com.almasb.fxgl.app.scene.SceneFactory

20:07:09.292 [JavaFX Application Thread] DEBUG FXGLApplication      - Initializing FXGL
20:07:09.311 [JavaFX Application Thread] INFO  Engine               - FXGL-17.1 (24.03.2022 17.34) on WINDOWS (J:18.0.2.1 FX:18.0.1)
20:07:09.312 [JavaFX Application Thread] DEBUG Engine               - JRE Vendor Name: Oracle Corporation
20:07:09.317 [JavaFX Application Thread] DEBUG Engine               - Running on OS: Windows 10 version 10.0
20:07:09.318 [JavaFX Application Thread] DEBUG Engine               - Architecture: amd64
20:07:09.318 [JavaFX Application Thread] INFO  Engine               - Source code and latest versions at: https://github.com/AlmasB/FXGL
20:07:09.319 [JavaFX Application Thread] INFO  Engine               -       Ask questions and discuss at: https://github.com/AlmasB/FXGL/discussions
20:07:09.319 [JavaFX Application Thread] INFO  Engine               -              Join the FXGL chat at: https://gitter.im/AlmasB/FXGL
20:07:09.495 [JavaFX Application Thread] DEBUG PrimaryStageWindow   - Creating a JavaFX scene
20:07:09.586 [JavaFX Application Thread] DEBUG PrimaryStageWindow   - Target settings size: 800.0 x 600.0
20:07:09.587 [JavaFX Application Thread] DEBUG PrimaryStageWindow   - Scaled scene size:    800.0 x 600.0
20:07:09.588 [JavaFX Application Thread] DEBUG PrimaryStageWindow   - Scaled ratio: (1.0, 1.0)
20:07:09.589 [JavaFX Application Thread] DEBUG PrimaryStageWindow   - Set initial scene to FXGLStartupScene
20:07:09.605 [JavaFX Application Thread] DEBUG PrimaryStageWindow   - Opening main window
20:07:09.744 [JavaFX Application Thread] DEBUG PrimaryStageWindow   - Window border size: (14.66668701171875, 37.33331298828125)
20:07:09.744 [JavaFX Application Thread] DEBUG PrimaryStageWindow   - Scaled size: 800.0 x 600.0
20:07:09.745 [JavaFX Application Thread] DEBUG PrimaryStageWindow   - Scaled ratio: (1.0, 1.0)
20:07:09.746 [JavaFX Application Thread] DEBUG PrimaryStageWindow   - Scene size: 800.0 x 600.0
20:07:09.746 [JavaFX Application Thread] DEBUG PrimaryStageWindow   - Stage size: 814.6666870117188 x 637.3333129882812
20:07:09.766 [FXGL Background Thread 1 ] DEBUG Engine               - Initializing environment variables
20:07:09.895 [FXGL Background Thread 1 ] DEBUG FXGLAssetLoaderServi - User app class for loading assets: class mangobomb.bombermango.HelloApplication
20:07:09.896 [FXGL Background Thread 1 ] DEBUG GameApplicationServi - Applying CSS: fxgl_dark.css
20:07:09.897 [FXGL Background Thread 1 ] DEBUG FXGLAssetLoaderServi - Loading from file system: jar:file:/C:/Users/Admin/.m2/repository/com/github/almasb/fxgl/17.1/fxgl-17.1.jar!/fxglassets/ui/css/fxgl_dark.css
20:07:10.004 [FXGL Background Thread 1 ] DEBUG GameApplicationServi - Initializing application scenes
20:07:10.136 [FXGL Background Thread 1 ] DEBUG GameWorld            - Game world initialized
20:07:10.251 [FXGL Background Thread 1 ] DEBUG PhysicsWorld         - Physics world initialized: appHeight=600, physics.ppm=50.0
20:07:10.252 [FXGL Background Thread 1 ] DEBUG PhysicsWorld         - Using strategy: BRUTE_FORCE
20:07:10.262 [FXGL Background Thread 1 ] DEBUG GameScene            - Game scene initialized: 800x600
20:07:10.295 [FXGL Background Thread 1 ] DEBUG FXGL.DefaultMenu     - createMenuBodyMainMenu()
20:07:10.326 [FXGL Background Thread 1 ] DEBUG FXGL.DefaultMenu     - createOptionsMenu()
20:07:10.347 [FXGL Background Thread 1 ] DEBUG FXGLAssetLoaderServi - Loading from file system: jar:file:/C:/Users/Admin/.m2/repository/com/github/almasb/fxgl/17.1/fxgl-17.1.jar!/fxglassets/textures/particles/smoke.png
20:07:10.514 [FXGL Background Thread 1 ] DEBUG FXGLAssetLoaderServi - Loading from file system: jar:file:/C:/Users/Admin/.m2/repository/com/github/almasb/fxgl/17.1/fxgl-17.1.jar!/fxglassets/textures/particles/trace_horizontal.png
20:07:10.579 [FXGL Background Thread 1 ] DEBUG FXGL.DefaultMenu     - createMenuBodyGameMenu()
20:07:10.581 [FXGL Background Thread 1 ] DEBUG FXGL.DefaultMenu     - createOptionsMenu()
20:07:10.606 [FXGL Background Thread 1 ] DEBUG GameApplicationServi - Application scenes initialized
20:07:10.631 [FXGL Background Thread 1 ] DEBUG SystemBundleService  - Loading FXGL system data
20:07:10.640 [FXGL Background Thread 1 ] DEBUG FileSystemAccess     - Reading from: D:\bombermango\system\fxgl.bundle
20:07:10.655 [FXGL Background Thread 1 ] DEBUG SystemBundleService  - Bundle FXGL: {}
20:07:10.655 [FXGL Background Thread 1 ] DEBUG UpdaterService       - Checking for updates
20:07:10.662 [FXGL Background Thread 1 ] DEBUG FXGLApplication      - Loading default localization
20:07:10.664 [FXGL Background Thread 1 ] DEBUG FXGLAssetLoaderServi - Loading from file system: jar:file:/C:/Users/Admin/.m2/repository/com/github/almasb/fxgl/17.1/fxgl-17.1.jar!/fxglassets/languages/english.lang
20:07:10.671 [FXGL Background Thread 4 ] DEBUG FXGLApplication      - Loading fonts
20:07:10.671 [FXGL Background Thread 4 ] DEBUG FXGLAssetLoaderServi - Loading from file system: jar:file:/C:/Users/Admin/.m2/repository/com/github/almasb/fxgl/17.1/fxgl-17.1.jar!/fxglassets/ui/fonts/VarelaRound-Regular.ttf
20:07:10.717 [FXGL Background Thread 1 ] INFO  FXGLApplication      - FXGL initialization took: 0.950 sec
20:07:10.739 [JavaFX Application Thread] DEBUG Input                - Registered new binding: moveUp - W
20:07:10.739 [JavaFX Application Thread] DEBUG Input                - Registered new binding: moveRight - D
20:07:10.740 [JavaFX Application Thread] DEBUG Input                - Registered new binding: moveLeft - A
20:07:10.740 [JavaFX Application Thread] DEBUG Input                - Registered new binding: moveDown - S
20:07:10.740 [JavaFX Application Thread] DEBUG Input                - Registered new binding: implantBomb - F
20:07:10.740 [JavaFX Application Thread] DEBUG Input                - Registered new binding: PlayMusic - M
20:07:10.741 [JavaFX Application Thread] DEBUG FXGLAssetLoaderServi - Loading from file system: jar:file:/C:/Users/Admin/.m2/repository/com/github/almasb/fxgl/17.1/fxgl-17.1.jar!/fxglassets/textures/fxgl_icon.png
20:07:10.773 [JavaFX Application Thread] DEBUG FXGLAssetLoaderServi - Loading from file system: jar:file:/C:/Users/Admin/.m2/repository/com/github/almasb/fxgl/17.1/fxgl-17.1.jar!/fxglassets/textures/fxgl_default_cursor.png
20:07:10.777 [JavaFX Application Thread] DEBUG Input                - Registered new binding: Screenshot - CTRL+8
20:07:10.778 [JavaFX Application Thread] DEBUG Input                - Registered new binding: System info dump - CTRL+9
20:07:10.779 [JavaFX Application Thread] DEBUG Input                - Registered new binding: Restart - CTRL+R
20:07:10.780 [JavaFX Application Thread] DEBUG Input                - Registered new binding: Toggle Debug Camera - CTRL+7
20:07:10.783 [JavaFX Application Thread] DEBUG LoopRunner           - Starting loop
20:07:10.783 [JavaFX Application Thread] DEBUG LoopRunner           - Initializing JavaFX AnimationTimerLoop
20:07:10.787 [JavaFX Application Thread] DEBUG Input                - Clearing active input actions
20:07:10.806 [JavaFX Application Thread] DEBUG GameApplicationServi - Removing overlay from FXGLStartupScene and adding to FXGLMainMenuDummyScene
20:07:10.807 [JavaFX Application Thread] DEBUG PrimaryStageWindow   - FXGLStartupScene -> FXGLMainMenuDummyScene
20:07:10.807 [JavaFX Application Thread] DEBUG PrimaryStageWindow   - Push state: FXGLDefaultMenu
20:07:10.815 [JavaFX Application Thread] DEBUG Input                - Clearing active input actions
20:07:10.828 [JavaFX Application Thread] DEBUG GameApplicationServi - Removing overlay from FXGLMainMenuDummyScene and adding to FXGLDefaultMenu
20:07:10.828 [JavaFX Application Thread] DEBUG PrimaryStageWindow   - FXGLMainMenuDummyScene -> FXGLDefaultMenu
20:07:11.027 [FXGL Background Thread 4 ] DEBUG FXGLAssetLoaderServi - Loading from file system: jar:file:/C:/Users/Admin/.m2/repository/com/github/almasb/fxgl/17.1/fxgl-17.1.jar!/fxglassets/ui/fonts/Abel-Regular.ttf
20:07:11.035 [FXGL Background Thread 4 ] DEBUG FXGLAssetLoaderServi - Loading from file system: jar:file:/C:/Users/Admin/.m2/repository/com/github/almasb/fxgl/17.1/fxgl-17.1.jar!/fxglassets/ui/fonts/TerminalLandMono-Regular.otf
20:07:11.058 [FXGL Background Thread 4 ] DEBUG FXGLAssetLoaderServi - Loading from file system: jar:file:/C:/Users/Admin/.m2/repository/com/github/almasb/fxgl/17.1/fxgl-17.1.jar!/fxglassets/ui/fonts/Courier-Prime.ttf
20:07:11.214 [JavaFX Application Thread] DEBUG FXGLApplication      - Registering font factories with UI factory
20:07:11.858 [JavaFX Application Thread] DEBUG Menu                 - fireNewGame()
20:07:11.858 [JavaFX Application Thread] DEBUG GameApplicationServi - Starting new game
20:07:11.862 [JavaFX Application Thread] DEBUG PrimaryStageWindow   - Pop state: FXGLDefaultMenu
20:07:11.862 [JavaFX Application Thread] DEBUG Input                - Clearing active input actions
20:07:11.864 [JavaFX Application Thread] DEBUG GameApplicationServi - Removing overlay from FXGLDefaultMenu and adding to FXGLMainMenuDummyScene
20:07:11.864 [JavaFX Application Thread] DEBUG PrimaryStageWindow   - FXGLMainMenuDummyScene <- FXGLDefaultMenu
20:07:11.865 [JavaFX Application Thread] DEBUG Input                - Clearing active input actions
20:07:11.884 [JavaFX Application Thread] DEBUG GameApplicationServi - Removing overlay from FXGLMainMenuDummyScene and adding to FXGLLoadingScene
20:07:11.884 [JavaFX Application Thread] DEBUG PrimaryStageWindow   - FXGLMainMenuDummyScene -> FXGLLoadingScene
20:07:11.884 [JavaFX Application Thread] DEBUG GameApplicationServi - Clearing previous game
20:07:11.884 [JavaFX Application Thread] DEBUG GameScene            - Clearing game scene
20:07:11.884 [JavaFX Application Thread] DEBUG GameWorld            - Clearing game world
20:07:11.884 [JavaFX Application Thread] DEBUG PhysicsWorld         - Clearing physics world
20:07:11.889 [FXGL Background Thread 4 ] DEBUG FXGLApplication      - Initializing game
20:07:11.930 [FXGL Background Thread 4 ] DEBUG FXGLAssetLoaderServi - Loading from file system: file:/D:/bombermango/target/classes/assets/textures/sprites/wall.png
20:07:11.987 [FXGL Background Thread 4 ] DEBUG FXGLAssetLoaderServi - Loading from file system: file:/D:/bombermango/target/classes/assets/textures/sprites/brick.png
20:07:12.065 [FXGL Background Thread 4 ] DEBUG GameWorld            - Clearing removable entities
20:07:12.066 [FXGL Background Thread 4 ] DEBUG GameWorld            - Setting level: com.almasb.fxgl.entity.level.Level@4896ddca
20:07:12.137 [FXGL Background Thread 4 ] DEBUG FXGLAssetLoaderServi - Loading from file system: file:/D:/bombermango/target/classes/assets/textures/sprites/portal.png
20:07:12.156 [FXGL Background Thread 4 ] WARN  FXGLAssetLoaderServi - Asset "/assets/music/gameaudio.wav" was not found!
20:07:12.156 [FXGL Background Thread 4 ] WARN  FXGLAssetLoaderServi - Failed to load MUSIC
20:07:12.164 [FXGL Background Thread 4 ] DEBUG FXGLAssetLoaderServi - Loading from file system: file:/D:/bombermango/target/classes/assets/textures/sprites/player_right.png
20:07:12.167 [FXGL Background Thread 4 ] DEBUG FXGLAssetLoaderServi - Loading from file system: file:/D:/bombermango/target/classes/assets/textures/sprites/player_right_1.png
20:07:12.171 [FXGL Background Thread 4 ] WARN  FXGLAssetLoaderServi - Asset "/assets/textures/sprites/player_right_2.png" was not found!
20:07:12.171 [FXGL Background Thread 4 ] WARN  FXGLAssetLoaderServi - Failed to load RESIZABLE_IMAGE
20:07:12.212 [FXGL Background Thread 4 ] DEBUG FXGLAssetLoaderServi - Loading from file system: file:/D:/bombermango/target/classes/assets/textures/sprites/player_down.png
20:07:12.215 [FXGL Background Thread 4 ] DEBUG FXGLAssetLoaderServi - Loading from file system: file:/D:/bombermango/target/classes/assets/textures/sprites/player_down_1.png
20:07:12.218 [FXGL Background Thread 4 ] DEBUG FXGLAssetLoaderServi - Loading from file system: file:/D:/bombermango/target/classes/assets/textures/sprites/player_down_2.png
20:07:12.221 [FXGL Background Thread 4 ] DEBUG FXGLAssetLoaderServi - Loading from file system: file:/D:/bombermango/target/classes/assets/textures/sprites/player_left.png
20:07:12.222 [FXGL Background Thread 4 ] DEBUG FXGLAssetLoaderServi - Loading from file system: file:/D:/bombermango/target/classes/assets/textures/sprites/player_left_1.png
20:07:12.224 [FXGL Background Thread 4 ] DEBUG FXGLAssetLoaderServi - Loading from file system: file:/D:/bombermango/target/classes/assets/textures/sprites/player_left_2.png
20:07:12.266 [FXGL Background Thread 4 ] DEBUG FXGLAssetLoaderServi - Loading from file system: file:/D:/bombermango/target/classes/assets/textures/sprites/balloom_right1.png
20:07:12.268 [FXGL Background Thread 4 ] DEBUG FXGLAssetLoaderServi - Loading from file system: file:/D:/bombermango/target/classes/assets/textures/sprites/balloom_right2.png
20:07:12.270 [FXGL Background Thread 4 ] DEBUG FXGLAssetLoaderServi - Loading from file system: file:/D:/bombermango/target/classes/assets/textures/sprites/balloom_right3.png
20:07:12.288 [FXGL Background Thread 4 ] INFO  FXGLApplication      - Game initialization took: 0.399 sec
20:07:12.288 [JavaFX Application Thread] DEBUG Input                - Clearing active input actions
20:07:12.304 [JavaFX Application Thread] DEBUG GameApplicationServi - Removing overlay from FXGLLoadingScene and adding to GameScene
20:07:12.305 [JavaFX Application Thread] DEBUG PrimaryStageWindow   - FXGLLoadingScene -> GameScene
20:07:12.634 [FXGL Background Thread 2 ] INFO  UpdaterService       - Your current version:  17.1
20:07:12.635 [FXGL Background Thread 2 ] INFO  UpdaterService       - Latest stable version: 17.2
20:07:13.660 [FXGL Background Thread 3 ] DEBUG Engine               - Logging environment variables
20:07:13.661 [FXGL Background Thread 3 ] DEBUG Engine               - achievements: []
20:07:13.662 [FXGL Background Thread 3 ] DEBUG Engine               - actualHeight: 600.0
20:07:13.662 [FXGL Background Thread 3 ] DEBUG Engine               - actualHeightProperty: ReadOnlyDoubleProperty [value: 600.0]
20:07:13.662 [FXGL Background Thread 3 ] DEBUG Engine               - actualWidth: 800.0
20:07:13.663 [FXGL Background Thread 3 ] DEBUG Engine               - actualWidthProperty: ReadOnlyDoubleProperty [value: 800.0]
20:07:13.663 [FXGL Background Thread 3 ] DEBUG Engine               - appIcon: fxgl_icon.png
20:07:13.663 [FXGL Background Thread 3 ] DEBUG Engine               - applicationMode: DEVELOPER
20:07:13.663 [FXGL Background Thread 3 ] DEBUG Engine               - cSSList: [fxgl_dark.css]
20:07:13.663 [FXGL Background Thread 3 ] DEBUG Engine               - collisionDetectionStrategy: BRUTE_FORCE
20:07:13.663 [FXGL Background Thread 3 ] DEBUG Engine               - configClass: Optional.empty
20:07:13.663 [FXGL Background Thread 3 ] DEBUG Engine               - credits: []
20:07:13.664 [FXGL Background Thread 3 ] DEBUG Engine               - defaultCursor: CursorInfo(imageName=fxgl_default_cursor.png, hotspotX=7.0, hotspotY=6.0)
20:07:13.664 [FXGL Background Thread 3 ] DEBUG Engine               - devBBoxColorProperty: ObjectProperty [value: 0xff0000ff]
20:07:13.664 [FXGL Background Thread 3 ] DEBUG Engine               - devEnableDebugCameraProperty: BooleanProperty [value: false]
20:07:13.664 [FXGL Background Thread 3 ] DEBUG Engine               - devSensorColorProperty: ObjectProperty [value: 0xffff00ff]
20:07:13.665 [FXGL Background Thread 3 ] DEBUG Engine               - devShowBBoxProperty: BooleanProperty [value: false]
20:07:13.665 [FXGL Background Thread 3 ] DEBUG Engine               - devShowPositionProperty: BooleanProperty [value: false]
20:07:13.665 [FXGL Background Thread 3 ] DEBUG Engine               - enabledMenuItems: []
20:07:13.665 [FXGL Background Thread 3 ] DEBUG Engine               - engineServices: [class com.almasb.fxgl.app.services.FXGLAssetLoaderService, class com.almasb.fxgl.app.FXGLApplication$GameApplicationService, class com.almasb.fxgl.app.services.FXGLDialogService, class com.almasb.fxgl.app.services.IOTaskExecutorService, class com.almasb.fxgl.io.FileSystemService, class com.almasb.fxgl.localization.LocalizationService, class com.almasb.fxgl.app.services.SystemBundleService, class com.almasb.fxgl.profile.SaveLoadService, class com.almasb.fxgl.ui.FXGLUIFactoryServiceProvider, class com.almasb.fxgl.ui.FXGLDialogFactoryServiceProvider, class com.almasb.fxgl.audio.AudioPlayer, class com.almasb.fxgl.notification.impl.NotificationServiceProvider, class com.almasb.fxgl.achievement.AchievementService, class com.almasb.fxgl.cutscene.CutsceneService, class com.almasb.fxgl.minigames.MiniGameService, class com.almasb.fxgl.net.NetService, class com.almasb.fxgl.app.services.UpdaterService, class com.almasb.fxgl.dev.DevService]
20:07:13.665 [FXGL Background Thread 3 ] DEBUG Engine               - fontGame: Abel-Regular.ttf
20:07:13.665 [FXGL Background Thread 3 ] DEBUG Engine               - fontMono: TerminalLandMono-Regular.otf
20:07:13.665 [FXGL Background Thread 3 ] DEBUG Engine               - fontText: Courier-Prime.ttf
20:07:13.665 [FXGL Background Thread 3 ] DEBUG Engine               - fontUI: VarelaRound-Regular.ttf
20:07:13.665 [FXGL Background Thread 3 ] DEBUG Engine               - fullScreen: BooleanProperty [value: false]
20:07:13.665 [FXGL Background Thread 3 ] DEBUG Engine               - gameDifficulty: MEDIUM
20:07:13.665 [FXGL Background Thread 3 ] DEBUG Engine               - gameDifficultyProperty: ObjectProperty [value: MEDIUM]
20:07:13.666 [FXGL Background Thread 3 ] DEBUG Engine               - globalMusicVolume: 0.5
20:07:13.666 [FXGL Background Thread 3 ] DEBUG Engine               - globalMusicVolumeProperty: DoubleProperty [value: 0.5]
20:07:13.666 [FXGL Background Thread 3 ] DEBUG Engine               - globalSoundVolume: 0.5
20:07:13.666 [FXGL Background Thread 3 ] DEBUG Engine               - globalSoundVolumeProperty: DoubleProperty [value: 0.5]
20:07:13.666 [FXGL Background Thread 3 ] DEBUG Engine               - height: 600
20:07:13.666 [FXGL Background Thread 3 ] DEBUG Engine               - is3D: false
20:07:13.666 [FXGL Background Thread 3 ] DEBUG Engine               - isAndroid: false
20:07:13.666 [FXGL Background Thread 3 ] DEBUG Engine               - isBrowser: false
20:07:13.666 [FXGL Background Thread 3 ] DEBUG Engine               - isClickFeedbackEnabled: false
20:07:13.666 [FXGL Background Thread 3 ] DEBUG Engine               - isCloseConfirmation: false
20:07:13.666 [FXGL Background Thread 3 ] DEBUG Engine               - isDesktop: true
20:07:13.666 [FXGL Background Thread 3 ] DEBUG Engine               - isDeveloperMenuEnabled: false
20:07:13.667 [FXGL Background Thread 3 ] DEBUG Engine               - isEmbedded: false
20:07:13.667 [FXGL Background Thread 3 ] DEBUG Engine               - isEntityPreloadEnabled: true
20:07:13.667 [FXGL Background Thread 3 ] DEBUG Engine               - isExperimentalTiledLargeMap: false
20:07:13.667 [FXGL Background Thread 3 ] DEBUG Engine               - isFileSystemWriteAllowed: true
20:07:13.667 [FXGL Background Thread 3 ] DEBUG Engine               - isFullScreenAllowed: false
20:07:13.667 [FXGL Background Thread 3 ] DEBUG Engine               - isFullScreenFromStart: false
20:07:13.667 [FXGL Background Thread 3 ] DEBUG Engine               - isGameMenuEnabled: true
20:07:13.667 [FXGL Background Thread 3 ] DEBUG Engine               - isIOS: false
20:07:13.667 [FXGL Background Thread 3 ] DEBUG Engine               - isIntroEnabled: false
20:07:13.668 [FXGL Background Thread 3 ] DEBUG Engine               - isLinux: false
20:07:13.668 [FXGL Background Thread 3 ] DEBUG Engine               - isMac: false
20:07:13.668 [FXGL Background Thread 3 ] DEBUG Engine               - isMainMenuEnabled: true
20:07:13.668 [FXGL Background Thread 3 ] DEBUG Engine               - isManualResizeEnabled: false
20:07:13.668 [FXGL Background Thread 3 ] DEBUG Engine               - isMobile: false
20:07:13.668 [FXGL Background Thread 3 ] DEBUG Engine               - isNative: false
20:07:13.668 [FXGL Background Thread 3 ] DEBUG Engine               - isPauseMusicWhenMinimized: true
20:07:13.668 [FXGL Background Thread 3 ] DEBUG Engine               - isPreserveResizeRatio: false
20:07:13.668 [FXGL Background Thread 3 ] DEBUG Engine               - isProfilingEnabled: false
20:07:13.668 [FXGL Background Thread 3 ] DEBUG Engine               - isScaleAffectedOnResize: true
20:07:13.668 [FXGL Background Thread 3 ] DEBUG Engine               - isSingleStep: false
20:07:13.668 [FXGL Background Thread 3 ] DEBUG Engine               - isUserProfileEnabled: false
20:07:13.668 [FXGL Background Thread 3 ] DEBUG Engine               - isWindows: true
20:07:13.668 [FXGL Background Thread 3 ] DEBUG Engine               - language: ObjectProperty [value: ENGLISH]
20:07:13.668 [FXGL Background Thread 3 ] DEBUG Engine               - menuKey: ESCAPE
20:07:13.668 [FXGL Background Thread 3 ] DEBUG Engine               - mouseSensitivity: 0.2
20:07:13.668 [FXGL Background Thread 3 ] DEBUG Engine               - notificationViewClass: class com.almasb.fxgl.notification.view.XboxNotificationView
20:07:13.668 [FXGL Background Thread 3 ] DEBUG Engine               - pixelsPerMeter: 50.0
20:07:13.669 [FXGL Background Thread 3 ] DEBUG Engine               - platform: WINDOWS
20:07:13.669 [FXGL Background Thread 3 ] DEBUG Engine               - prefHeightProperty: ReadOnlyDoubleProperty [value: 600.0]
20:07:13.669 [FXGL Background Thread 3 ] DEBUG Engine               - prefWidthProperty: ReadOnlyDoubleProperty [value: 800.0]
20:07:13.669 [FXGL Background Thread 3 ] DEBUG Engine               - profileDir: profiles/
20:07:13.669 [FXGL Background Thread 3 ] DEBUG Engine               - profileName: StringProperty [value: DEFAULT]
20:07:13.669 [FXGL Background Thread 3 ] DEBUG Engine               - randomSeed: -1
20:07:13.670 [FXGL Background Thread 3 ] DEBUG Engine               - runtimeInfo: RuntimeInfo(platform=WINDOWS, version=17.1, build=24.03.2022 17.34)
20:07:13.670 [FXGL Background Thread 3 ] DEBUG Engine               - saveFileExt: sav
20:07:13.670 [FXGL Background Thread 3 ] DEBUG Engine               - scaledHeightProp$fxgl: DoubleProperty [bound, value: 600.0]
20:07:13.671 [FXGL Background Thread 3 ] DEBUG Engine               - scaledWidthProp$fxgl: DoubleProperty [bound, value: 800.0]
20:07:13.671 [FXGL Background Thread 3 ] DEBUG Engine               - sceneFactory: com.almasb.fxgl.app.scene.SceneFactory@3615c754
20:07:13.671 [FXGL Background Thread 3 ] DEBUG Engine               - secondsIn24h: 60
20:07:13.671 [FXGL Background Thread 3 ] DEBUG Engine               - soundMenuBack: menu/back.wav
20:07:13.671 [FXGL Background Thread 3 ] DEBUG Engine               - soundMenuPress: menu/press.wav
20:07:13.671 [FXGL Background Thread 3 ] DEBUG Engine               - soundMenuSelect: menu/select.wav
20:07:13.671 [FXGL Background Thread 3 ] DEBUG Engine               - soundNotification: core/notification.wav
20:07:13.671 [FXGL Background Thread 3 ] DEBUG Engine               - stageStyle: DECORATED
20:07:13.671 [FXGL Background Thread 3 ] DEBUG Engine               - supportedLanguages: [ENGLISH, FRENCH, GERMAN, HUNGARIAN, RUSSIAN]
20:07:13.671 [FXGL Background Thread 3 ] DEBUG Engine               - ticksPerSecond: -1
20:07:13.671 [FXGL Background Thread 3 ] DEBUG Engine               - title: Bomberman
20:07:13.671 [FXGL Background Thread 3 ] DEBUG Engine               - urlGithub: https://github.com/AlmasB/FXGL
20:07:13.672 [FXGL Background Thread 3 ] DEBUG Engine               - urlLeaderboard: http://fxgl-top.herokuapp.com/
20:07:13.672 [FXGL Background Thread 3 ] DEBUG Engine               - urlPOM: https://raw.githubusercontent.com/AlmasB/FXGL/release/README.md
20:07:13.672 [FXGL Background Thread 3 ] DEBUG Engine               - userAppClass: class mangobomb.bombermango.HelloApplication
20:07:13.672 [FXGL Background Thread 3 ] DEBUG Engine               - version: 0.0
20:07:13.672 [FXGL Background Thread 3 ] DEBUG Engine               - versionCheckDays: 7
20:07:13.672 [FXGL Background Thread 3 ] DEBUG Engine               - width: 800
20:07:13.672 [FXGL Background Thread 3 ] DEBUG Engine               - Logging services
20:07:13.672 [FXGL Background Thread 3 ] DEBUG Engine               - class com.almasb.fxgl.app.services.FXGLAssetLoaderService
20:07:13.672 [FXGL Background Thread 3 ] DEBUG Engine               - class com.almasb.fxgl.app.FXGLApplication$GameApplicationService
20:07:13.672 [FXGL Background Thread 3 ] DEBUG Engine               - class com.almasb.fxgl.app.services.FXGLDialogService
20:07:13.673 [FXGL Background Thread 3 ] DEBUG Engine               - class com.almasb.fxgl.app.services.IOTaskExecutorService
20:07:13.673 [FXGL Background Thread 3 ] DEBUG Engine               - class com.almasb.fxgl.io.FileSystemService
20:07:13.673 [FXGL Background Thread 3 ] DEBUG Engine               - class com.almasb.fxgl.localization.LocalizationService
20:07:13.673 [FXGL Background Thread 3 ] DEBUG Engine               - class com.almasb.fxgl.app.services.SystemBundleService
20:07:13.673 [FXGL Background Thread 3 ] DEBUG Engine               - class com.almasb.fxgl.profile.SaveLoadService
20:07:13.673 [FXGL Background Thread 3 ] DEBUG Engine               - class com.almasb.fxgl.ui.FXGLUIFactoryServiceProvider
20:07:13.673 [FXGL Background Thread 3 ] DEBUG Engine               - class com.almasb.fxgl.ui.FXGLDialogFactoryServiceProvider
20:07:13.673 [FXGL Background Thread 3 ] DEBUG Engine               - class com.almasb.fxgl.audio.AudioPlayer
20:07:13.673 [FXGL Background Thread 3 ] DEBUG Engine               - class com.almasb.fxgl.notification.impl.NotificationServiceProvider
20:07:13.673 [FXGL Background Thread 3 ] DEBUG Engine               - class com.almasb.fxgl.achievement.AchievementService
20:07:13.673 [FXGL Background Thread 3 ] DEBUG Engine               - class com.almasb.fxgl.cutscene.CutsceneService
20:07:13.673 [FXGL Background Thread 3 ] DEBUG Engine               - class com.almasb.fxgl.minigames.MiniGameService
20:07:13.673 [FXGL Background Thread 3 ] DEBUG Engine               - class com.almasb.fxgl.net.NetService
20:07:13.673 [FXGL Background Thread 3 ] DEBUG Engine               - class com.almasb.fxgl.app.services.UpdaterService
20:07:13.673 [FXGL Background Thread 3 ] DEBUG Engine               - class com.almasb.fxgl.dev.DevService
20:07:14.080 [JavaFX Application Thread] DEBUG FXGLAssetLoaderServi - Loading from file system: file:/D:/bombermango/target/classes/assets/textures/sprites/bomb.png
20:07:14.082 [JavaFX Application Thread] DEBUG FXGLAssetLoaderServi - Loading from file system: file:/D:/bombermango/target/classes/assets/textures/sprites/bomb_1.png
20:07:14.084 [JavaFX Application Thread] DEBUG FXGLAssetLoaderServi - Loading from file system: file:/D:/bombermango/target/classes/assets/textures/sprites/bomb_2.png
20:07:14.089 [JavaFX Application Thread] WARN  GameWorld            - Entity is already attached to world
20:07:15.464 [JavaFX Application Thread] DEBUG FXGLAssetLoaderServi - Loading from file system: file:/D:/bombermango/target/classes/assets/textures/sprites/bomb_exploded.png
20:07:15.466 [JavaFX Application Thread] DEBUG FXGLAssetLoaderServi - Loading from file system: file:/D:/bombermango/target/classes/assets/textures/sprites/bomb_exploded1.png
20:07:15.468 [JavaFX Application Thread] DEBUG FXGLAssetLoaderServi - Loading from file system: file:/D:/bombermango/target/classes/assets/textures/sprites/bomb_exploded2.png
20:07:17.204 [JavaFX Application Thread] WARN  GameWorld            - Entity is already attached to world
20:07:31.439 [JavaFX Application Thread] DEBUG PrimaryStageWindow   - Push state: DialogSubScene
20:07:31.439 [JavaFX Application Thread] DEBUG Input                - Clearing active input actions
20:07:31.442 [JavaFX Application Thread] DEBUG GameApplicationServi - Removing overlay from GameScene and adding to DialogSubScene
20:07:31.443 [JavaFX Application Thread] DEBUG PrimaryStageWindow   - GameScene -> DialogSubScene
20:07:33.801 [JavaFX Application Thread] DEBUG FXGLApplication      - Exiting FXGL
20:07:33.801 [JavaFX Application Thread] DEBUG LoopRunner           - Stopping loop
20:07:33.801 [JavaFX Application Thread] DEBUG SystemBundleService  - Saving FXGL system data
20:07:33.804 [JavaFX Application Thread] DEBUG FileSystemAccess     - Writing to: D:\bombermango\system\fxgl.bundle
20:07:33.807 [JavaFX Application Thread] DEBUG Async                - Shutting down background threads
20:07:33.807 [JavaFX Application Thread] DEBUG PrimaryStageWindow   - Closing main window
20:07:33.818 [JavaFX Application Thread] DEBUG Logger               - Closing Logger
