20:09:27.294 [main                     ] DEBUG Logger               - Configured Logger
20:09:27.335 [main                     ] DEBUG GameApplication      - Logging settings
Title: Bomberman
Version: 0.0
Width: 800
Height: 672
Fullscreen: false
Intro: false
Profiling: false
Single step:false
App Mode: DEVELOPER
Menu Key: ESCAPE
Stage Style: DECORATED
Scene Factory: class com.almasb.fxgl.app.scene.SceneFactory

20:09:27.942 [JavaFX Application Thread] DEBUG FXGLApplication      - Initializing FXGL
20:09:27.953 [JavaFX Application Thread] INFO  Engine               - FXGL-17.1 (24.03.2022 17.34) on WINDOWS (J:18.0.2.1 FX:18.0.1)
20:09:27.954 [JavaFX Application Thread] DEBUG Engine               - JRE Vendor Name: Oracle Corporation
20:09:27.954 [JavaFX Application Thread] DEBUG Engine               - Running on OS: Windows 10 version 10.0
20:09:27.954 [JavaFX Application Thread] DEBUG Engine               - Architecture: amd64
20:09:27.954 [JavaFX Application Thread] INFO  Engine               - Source code and latest versions at: https://github.com/AlmasB/FXGL
20:09:27.955 [JavaFX Application Thread] INFO  Engine               -       Ask questions and discuss at: https://github.com/AlmasB/FXGL/discussions
20:09:27.955 [JavaFX Application Thread] INFO  Engine               -              Join the FXGL chat at: https://gitter.im/AlmasB/FXGL
20:09:28.169 [JavaFX Application Thread] DEBUG PrimaryStageWindow   - Creating a JavaFX scene
20:09:28.258 [JavaFX Application Thread] DEBUG PrimaryStageWindow   - Target settings size: 800.0 x 672.0
20:09:28.259 [JavaFX Application Thread] DEBUG PrimaryStageWindow   - Scaled scene size:    800.0 x 672.0
20:09:28.260 [JavaFX Application Thread] DEBUG PrimaryStageWindow   - Scaled ratio: (1.0, 1.0)
20:09:28.262 [JavaFX Application Thread] DEBUG PrimaryStageWindow   - Set initial scene to FXGLStartupScene
20:09:28.277 [JavaFX Application Thread] DEBUG PrimaryStageWindow   - Opening main window
20:09:28.435 [JavaFX Application Thread] DEBUG PrimaryStageWindow   - Window border size: (14.66668701171875, 37.33331298828125)
20:09:28.436 [JavaFX Application Thread] DEBUG PrimaryStageWindow   - Scaled size: 800.0 x 672.0
20:09:28.436 [JavaFX Application Thread] DEBUG PrimaryStageWindow   - Scaled ratio: (1.0, 1.0)
20:09:28.436 [JavaFX Application Thread] DEBUG PrimaryStageWindow   - Scene size: 800.0 x 672.0
20:09:28.437 [JavaFX Application Thread] DEBUG PrimaryStageWindow   - Stage size: 814.6666870117188 x 709.3333129882812
20:09:28.486 [FXGL Background Thread 1 ] DEBUG Engine               - Initializing environment variables
20:09:28.600 [FXGL Background Thread 1 ] DEBUG FXGLAssetLoaderServi - User app class for loading assets: class mangobomb.bombermango.HelloApplication
20:09:28.601 [FXGL Background Thread 1 ] DEBUG GameApplicationServi - Applying CSS: fxgl_dark.css
20:09:28.602 [FXGL Background Thread 1 ] DEBUG FXGLAssetLoaderServi - Loading from file system: jar:file:/C:/Users/Admin/.m2/repository/com/github/almasb/fxgl/17.1/fxgl-17.1.jar!/fxglassets/ui/css/fxgl_dark.css
20:09:28.702 [FXGL Background Thread 1 ] DEBUG GameApplicationServi - Initializing application scenes
20:09:28.840 [FXGL Background Thread 1 ] DEBUG GameWorld            - Game world initialized
20:09:28.943 [FXGL Background Thread 1 ] DEBUG PhysicsWorld         - Physics world initialized: appHeight=672, physics.ppm=50.0
20:09:28.944 [FXGL Background Thread 1 ] DEBUG PhysicsWorld         - Using strategy: BRUTE_FORCE
20:09:28.951 [FXGL Background Thread 1 ] DEBUG GameScene            - Game scene initialized: 800x672
20:09:28.973 [FXGL Background Thread 1 ] DEBUG FXGL.DefaultMenu     - createMenuBodyMainMenu()
20:09:29.002 [FXGL Background Thread 1 ] DEBUG FXGL.DefaultMenu     - createOptionsMenu()
20:09:29.023 [FXGL Background Thread 1 ] DEBUG FXGLAssetLoaderServi - Loading from file system: jar:file:/C:/Users/Admin/.m2/repository/com/github/almasb/fxgl/17.1/fxgl-17.1.jar!/fxglassets/textures/particles/smoke.png
20:09:29.240 [FXGL Background Thread 1 ] DEBUG FXGLAssetLoaderServi - Loading from file system: jar:file:/C:/Users/Admin/.m2/repository/com/github/almasb/fxgl/17.1/fxgl-17.1.jar!/fxglassets/textures/particles/trace_horizontal.png
20:09:29.288 [FXGL Background Thread 1 ] DEBUG FXGL.DefaultMenu     - createMenuBodyGameMenu()
20:09:29.290 [FXGL Background Thread 1 ] DEBUG FXGL.DefaultMenu     - createOptionsMenu()
20:09:29.326 [FXGL Background Thread 1 ] DEBUG GameApplicationServi - Application scenes initialized
20:09:29.347 [FXGL Background Thread 1 ] DEBUG SystemBundleService  - Loading FXGL system data
20:09:29.362 [FXGL Background Thread 1 ] DEBUG FileSystemAccess     - Reading from: D:\bombermango\system\fxgl.bundle
20:09:29.378 [FXGL Background Thread 1 ] DEBUG SystemBundleService  - Bundle FXGL: {}
20:09:29.378 [FXGL Background Thread 1 ] DEBUG UpdaterService       - Checking for updates
20:09:29.386 [FXGL Background Thread 1 ] DEBUG FXGLApplication      - Loading default localization
20:09:29.387 [FXGL Background Thread 1 ] DEBUG FXGLAssetLoaderServi - Loading from file system: jar:file:/C:/Users/Admin/.m2/repository/com/github/almasb/fxgl/17.1/fxgl-17.1.jar!/fxglassets/languages/english.lang
20:09:29.400 [FXGL Background Thread 4 ] DEBUG FXGLApplication      - Loading fonts
20:09:29.400 [FXGL Background Thread 4 ] DEBUG FXGLAssetLoaderServi - Loading from file system: jar:file:/C:/Users/Admin/.m2/repository/com/github/almasb/fxgl/17.1/fxgl-17.1.jar!/fxglassets/ui/fonts/VarelaRound-Regular.ttf
20:09:29.416 [FXGL Background Thread 1 ] INFO  FXGLApplication      - FXGL initialization took: 0.930 sec
20:09:29.437 [JavaFX Application Thread] DEBUG Input                - Registered new binding: moveUp - W
20:09:29.437 [JavaFX Application Thread] DEBUG Input                - Registered new binding: moveRight - D
20:09:29.437 [JavaFX Application Thread] DEBUG Input                - Registered new binding: moveLeft - A
20:09:29.437 [JavaFX Application Thread] DEBUG Input                - Registered new binding: moveDown - S
20:09:29.437 [JavaFX Application Thread] DEBUG Input                - Registered new binding: implantBomb - F
20:09:29.437 [JavaFX Application Thread] DEBUG Input                - Registered new binding: PlayMusic - M
20:09:29.437 [JavaFX Application Thread] DEBUG FXGLAssetLoaderServi - Loading from file system: jar:file:/C:/Users/Admin/.m2/repository/com/github/almasb/fxgl/17.1/fxgl-17.1.jar!/fxglassets/textures/fxgl_icon.png
20:09:29.507 [JavaFX Application Thread] DEBUG FXGLAssetLoaderServi - Loading from file system: jar:file:/C:/Users/Admin/.m2/repository/com/github/almasb/fxgl/17.1/fxgl-17.1.jar!/fxglassets/textures/fxgl_default_cursor.png
20:09:29.513 [JavaFX Application Thread] DEBUG Input                - Registered new binding: Screenshot - CTRL+8
20:09:29.514 [JavaFX Application Thread] DEBUG Input                - Registered new binding: System info dump - CTRL+9
20:09:29.514 [JavaFX Application Thread] DEBUG Input                - Registered new binding: Restart - CTRL+R
20:09:29.516 [JavaFX Application Thread] DEBUG Input                - Registered new binding: Toggle Debug Camera - CTRL+7
20:09:29.524 [JavaFX Application Thread] DEBUG LoopRunner           - Starting loop
20:09:29.524 [JavaFX Application Thread] DEBUG LoopRunner           - Initializing JavaFX AnimationTimerLoop
20:09:29.534 [JavaFX Application Thread] DEBUG Input                - Clearing active input actions
20:09:29.547 [JavaFX Application Thread] DEBUG GameApplicationServi - Removing overlay from FXGLStartupScene and adding to FXGLMainMenuDummyScene
20:09:29.548 [JavaFX Application Thread] DEBUG PrimaryStageWindow   - FXGLStartupScene -> FXGLMainMenuDummyScene
20:09:29.548 [JavaFX Application Thread] DEBUG PrimaryStageWindow   - Push state: FXGLDefaultMenu
20:09:29.556 [JavaFX Application Thread] DEBUG Input                - Clearing active input actions
20:09:29.586 [JavaFX Application Thread] DEBUG GameApplicationServi - Removing overlay from FXGLMainMenuDummyScene and adding to FXGLDefaultMenu
20:09:29.587 [JavaFX Application Thread] DEBUG PrimaryStageWindow   - FXGLMainMenuDummyScene -> FXGLDefaultMenu
20:09:29.751 [FXGL Background Thread 4 ] DEBUG FXGLAssetLoaderServi - Loading from file system: jar:file:/C:/Users/Admin/.m2/repository/com/github/almasb/fxgl/17.1/fxgl-17.1.jar!/fxglassets/ui/fonts/Abel-Regular.ttf
20:09:29.756 [FXGL Background Thread 4 ] DEBUG FXGLAssetLoaderServi - Loading from file system: jar:file:/C:/Users/Admin/.m2/repository/com/github/almasb/fxgl/17.1/fxgl-17.1.jar!/fxglassets/ui/fonts/TerminalLandMono-Regular.otf
20:09:29.762 [FXGL Background Thread 4 ] DEBUG FXGLAssetLoaderServi - Loading from file system: jar:file:/C:/Users/Admin/.m2/repository/com/github/almasb/fxgl/17.1/fxgl-17.1.jar!/fxglassets/ui/fonts/Courier-Prime.ttf
20:09:29.965 [JavaFX Application Thread] DEBUG FXGLApplication      - Registering font factories with UI factory
20:09:30.408 [FXGL Background Thread 2 ] INFO  UpdaterService       - Your current version:  17.1
20:09:30.409 [FXGL Background Thread 2 ] INFO  UpdaterService       - Latest stable version: 17.2
20:09:30.630 [JavaFX Application Thread] DEBUG Menu                 - fireNewGame()
20:09:30.631 [JavaFX Application Thread] DEBUG GameApplicationServi - Starting new game
20:09:30.635 [JavaFX Application Thread] DEBUG PrimaryStageWindow   - Pop state: FXGLDefaultMenu
20:09:30.635 [JavaFX Application Thread] DEBUG Input                - Clearing active input actions
20:09:30.636 [JavaFX Application Thread] DEBUG GameApplicationServi - Removing overlay from FXGLDefaultMenu and adding to FXGLMainMenuDummyScene
20:09:30.637 [JavaFX Application Thread] DEBUG PrimaryStageWindow   - FXGLMainMenuDummyScene <- FXGLDefaultMenu
20:09:30.637 [JavaFX Application Thread] DEBUG Input                - Clearing active input actions
20:09:30.646 [JavaFX Application Thread] DEBUG GameApplicationServi - Removing overlay from FXGLMainMenuDummyScene and adding to FXGLLoadingScene
20:09:30.649 [JavaFX Application Thread] DEBUG PrimaryStageWindow   - FXGLMainMenuDummyScene -> FXGLLoadingScene
20:09:30.649 [JavaFX Application Thread] DEBUG GameApplicationServi - Clearing previous game
20:09:30.649 [JavaFX Application Thread] DEBUG GameScene            - Clearing game scene
20:09:30.649 [JavaFX Application Thread] DEBUG GameWorld            - Clearing game world
20:09:30.650 [JavaFX Application Thread] DEBUG PhysicsWorld         - Clearing physics world
20:09:30.652 [FXGL Background Thread 2 ] DEBUG FXGLApplication      - Initializing game
20:09:30.687 [FXGL Background Thread 2 ] DEBUG FXGLAssetLoaderServi - Loading from file system: file:/D:/bombermango/target/classes/assets/textures/sprites/wall.png
20:09:30.742 [FXGL Background Thread 2 ] DEBUG FXGLAssetLoaderServi - Loading from file system: file:/D:/bombermango/target/classes/assets/textures/sprites/brick.png
20:09:30.746 [FXGL Background Thread 2 ] DEBUG FXGLAssetLoaderServi - Loading from file system: file:/D:/bombermango/target/classes/assets/textures/sprites/powerup_bombs.png
20:09:30.759 [FXGL Background Thread 2 ] DEBUG FXGLAssetLoaderServi - Loading from file system: file:/D:/bombermango/target/classes/assets/textures/sprites/powerup_flames.png
20:09:30.900 [JavaFX Application Thread] DEBUG LoopRunner           - Stopping loop
20:09:30.904 [JavaFX Application Thread] FATAL FXGLApplication      - Uncaught Exception:
java.lang.RuntimeException: Initialization failed
	at com.almasb.fxgl.app.FXGLApplication$InitAppTask.failed(FXGLApplication.kt:343)
	at javafx.concurrent.Task.setState(Task.java:710)
	at javafx.concurrent.Task$TaskCallable.lambda$call$2(Task.java:1456)
	at com.sun.javafx.application.PlatformImpl.lambda$runLater$10(PlatformImpl.java:457)
	at java.base/java.security.AccessController.doPrivileged(AccessController.java:399)
	at com.sun.javafx.application.PlatformImpl.lambda$runLater$11(PlatformImpl.java:456)
	at com.sun.glass.ui.InvokeLaterDispatcher$Future.run(InvokeLaterDispatcher.java:96)
	at com.sun.glass.ui.win.WinApplication._runLoop(Native Method)
	at com.sun.glass.ui.win.WinApplication.lambda$runLoop$3(WinApplication.java:184)
	at java.base/java.lang.Thread.run(Thread.java:833)
Caused by: java.lang.IllegalArgumentException: No EntityFactory has a method annotated @Spawns(z)
	at com.almasb.fxgl.entity.GameWorld.create(GameWorld.kt:413)
	at com.almasb.fxgl.entity.level.text.TextLevelLoader.load(TextLevelLoader.kt:41)
	at com.almasb.fxgl.app.services.FXGLAssetLoaderService.loadLevel(FXGLAssetLoaderService.kt:446)
	at mangobomb.bombermango.HelloApplication.setLevel(HelloApplication.java:74)
	at mangobomb.bombermango.HelloApplication.loadNewLevel(HelloApplication.java:155)
	at mangobomb.bombermango.HelloApplication.initGame(HelloApplication.java:70)
	at com.almasb.fxgl.app.FXGLApplication$InitAppTask.initGame(FXGLApplication.kt:339)
	at com.almasb.fxgl.app.FXGLApplication$InitAppTask.call(FXGLApplication.kt:319)
	at com.almasb.fxgl.app.FXGLApplication$InitAppTask.call(FXGLApplication.kt:311)
	at javafx.concurrent.Task$TaskCallable.call(Task.java:1426)
	at java.base/java.util.concurrent.FutureTask.run(FutureTask.java:264)
	at java.base/java.util.concurrent.Executors$RunnableAdapter.call(Executors.java:539)
	at java.base/java.util.concurrent.FutureTask.run(FutureTask.java:264)
	at java.base/java.util.concurrent.ThreadPoolExecutor.runWorker(ThreadPoolExecutor.java:1136)
	at java.base/java.util.concurrent.ThreadPoolExecutor$Worker.run(ThreadPoolExecutor.java:635)
	... 1 more

20:09:30.904 [JavaFX Application Thread] FATAL FXGLApplication      - Application will now exit
20:09:30.936 [JavaFX Application Thread] DEBUG PrimaryStageWindow   - Push state: ErrorSubScene
20:09:30.937 [JavaFX Application Thread] DEBUG Input                - Clearing active input actions
20:09:30.940 [JavaFX Application Thread] DEBUG GameApplicationServi - Removing overlay from FXGLLoadingScene and adding to ErrorSubScene
20:09:30.941 [JavaFX Application Thread] DEBUG PrimaryStageWindow   - FXGLLoadingScene -> ErrorSubScene
20:09:32.384 [FXGL Background Thread 3 ] DEBUG Engine               - Logging environment variables
20:09:32.385 [FXGL Background Thread 3 ] DEBUG Engine               - achievements: []
20:09:32.385 [FXGL Background Thread 3 ] DEBUG Engine               - actualHeight: 672.0
20:09:32.386 [FXGL Background Thread 3 ] DEBUG Engine               - actualHeightProperty: ReadOnlyDoubleProperty [value: 672.0]
20:09:32.386 [FXGL Background Thread 3 ] DEBUG Engine               - actualWidth: 800.0
20:09:32.386 [FXGL Background Thread 3 ] DEBUG Engine               - actualWidthProperty: ReadOnlyDoubleProperty [value: 800.0]
20:09:32.386 [FXGL Background Thread 3 ] DEBUG Engine               - appIcon: fxgl_icon.png
20:09:32.387 [FXGL Background Thread 3 ] DEBUG Engine               - applicationMode: DEVELOPER
20:09:32.387 [FXGL Background Thread 3 ] DEBUG Engine               - cSSList: [fxgl_dark.css]
20:09:32.387 [FXGL Background Thread 3 ] DEBUG Engine               - collisionDetectionStrategy: BRUTE_FORCE
20:09:32.387 [FXGL Background Thread 3 ] DEBUG Engine               - configClass: Optional.empty
20:09:32.387 [FXGL Background Thread 3 ] DEBUG Engine               - credits: []
20:09:32.388 [FXGL Background Thread 3 ] DEBUG Engine               - defaultCursor: CursorInfo(imageName=fxgl_default_cursor.png, hotspotX=7.0, hotspotY=6.0)
20:09:32.389 [FXGL Background Thread 3 ] DEBUG Engine               - devBBoxColorProperty: ObjectProperty [value: 0xff0000ff]
20:09:32.389 [FXGL Background Thread 3 ] DEBUG Engine               - devEnableDebugCameraProperty: BooleanProperty [value: false]
20:09:32.389 [FXGL Background Thread 3 ] DEBUG Engine               - devSensorColorProperty: ObjectProperty [value: 0xffff00ff]
20:09:32.390 [FXGL Background Thread 3 ] DEBUG Engine               - devShowBBoxProperty: BooleanProperty [value: false]
20:09:32.390 [FXGL Background Thread 3 ] DEBUG Engine               - devShowPositionProperty: BooleanProperty [value: false]
20:09:32.390 [FXGL Background Thread 3 ] DEBUG Engine               - enabledMenuItems: []
20:09:32.390 [FXGL Background Thread 3 ] DEBUG Engine               - engineServices: [class com.almasb.fxgl.app.services.FXGLAssetLoaderService, class com.almasb.fxgl.app.FXGLApplication$GameApplicationService, class com.almasb.fxgl.app.services.FXGLDialogService, class com.almasb.fxgl.app.services.IOTaskExecutorService, class com.almasb.fxgl.io.FileSystemService, class com.almasb.fxgl.localization.LocalizationService, class com.almasb.fxgl.app.services.SystemBundleService, class com.almasb.fxgl.profile.SaveLoadService, class com.almasb.fxgl.ui.FXGLUIFactoryServiceProvider, class com.almasb.fxgl.ui.FXGLDialogFactoryServiceProvider, class com.almasb.fxgl.audio.AudioPlayer, class com.almasb.fxgl.notification.impl.NotificationServiceProvider, class com.almasb.fxgl.achievement.AchievementService, class com.almasb.fxgl.cutscene.CutsceneService, class com.almasb.fxgl.minigames.MiniGameService, class com.almasb.fxgl.net.NetService, class com.almasb.fxgl.app.services.UpdaterService, class com.almasb.fxgl.dev.DevService]
20:09:32.390 [FXGL Background Thread 3 ] DEBUG Engine               - fontGame: Abel-Regular.ttf
20:09:32.390 [FXGL Background Thread 3 ] DEBUG Engine               - fontMono: TerminalLandMono-Regular.otf
20:09:32.391 [FXGL Background Thread 3 ] DEBUG Engine               - fontText: Courier-Prime.ttf
20:09:32.391 [FXGL Background Thread 3 ] DEBUG Engine               - fontUI: VarelaRound-Regular.ttf
20:09:32.391 [FXGL Background Thread 3 ] DEBUG Engine               - fullScreen: BooleanProperty [value: false]
20:09:32.391 [FXGL Background Thread 3 ] DEBUG Engine               - gameDifficulty: MEDIUM
20:09:32.392 [FXGL Background Thread 3 ] DEBUG Engine               - gameDifficultyProperty: ObjectProperty [value: MEDIUM]
20:09:32.392 [FXGL Background Thread 3 ] DEBUG Engine               - globalMusicVolume: 0.5
20:09:32.392 [FXGL Background Thread 3 ] DEBUG Engine               - globalMusicVolumeProperty: DoubleProperty [value: 0.5]
20:09:32.392 [FXGL Background Thread 3 ] DEBUG Engine               - globalSoundVolume: 0.5
20:09:32.392 [FXGL Background Thread 3 ] DEBUG Engine               - globalSoundVolumeProperty: DoubleProperty [value: 0.5]
20:09:32.393 [FXGL Background Thread 3 ] DEBUG Engine               - height: 672
20:09:32.393 [FXGL Background Thread 3 ] DEBUG Engine               - is3D: false
20:09:32.393 [FXGL Background Thread 3 ] DEBUG Engine               - isAndroid: false
20:09:32.393 [FXGL Background Thread 3 ] DEBUG Engine               - isBrowser: false
20:09:32.393 [FXGL Background Thread 3 ] DEBUG Engine               - isClickFeedbackEnabled: false
20:09:32.394 [FXGL Background Thread 3 ] DEBUG Engine               - isCloseConfirmation: false
20:09:32.394 [FXGL Background Thread 3 ] DEBUG Engine               - isDesktop: true
20:09:32.394 [FXGL Background Thread 3 ] DEBUG Engine               - isDeveloperMenuEnabled: false
20:09:32.394 [FXGL Background Thread 3 ] DEBUG Engine               - isEmbedded: false
20:09:32.394 [FXGL Background Thread 3 ] DEBUG Engine               - isEntityPreloadEnabled: true
20:09:32.394 [FXGL Background Thread 3 ] DEBUG Engine               - isExperimentalTiledLargeMap: false
20:09:32.395 [FXGL Background Thread 3 ] DEBUG Engine               - isFileSystemWriteAllowed: true
20:09:32.395 [FXGL Background Thread 3 ] DEBUG Engine               - isFullScreenAllowed: false
20:09:32.395 [FXGL Background Thread 3 ] DEBUG Engine               - isFullScreenFromStart: false
20:09:32.396 [FXGL Background Thread 3 ] DEBUG Engine               - isGameMenuEnabled: true
20:09:32.396 [FXGL Background Thread 3 ] DEBUG Engine               - isIOS: false
20:09:32.396 [FXGL Background Thread 3 ] DEBUG Engine               - isIntroEnabled: false
20:09:32.397 [FXGL Background Thread 3 ] DEBUG Engine               - isLinux: false
20:09:32.397 [FXGL Background Thread 3 ] DEBUG Engine               - isMac: false
20:09:32.397 [FXGL Background Thread 3 ] DEBUG Engine               - isMainMenuEnabled: true
20:09:32.397 [FXGL Background Thread 3 ] DEBUG Engine               - isManualResizeEnabled: false
20:09:32.398 [FXGL Background Thread 3 ] DEBUG Engine               - isMobile: false
20:09:32.398 [FXGL Background Thread 3 ] DEBUG Engine               - isNative: false
20:09:32.398 [FXGL Background Thread 3 ] DEBUG Engine               - isPauseMusicWhenMinimized: true
20:09:32.399 [FXGL Background Thread 3 ] DEBUG Engine               - isPreserveResizeRatio: false
20:09:32.399 [FXGL Background Thread 3 ] DEBUG Engine               - isProfilingEnabled: false
20:09:32.399 [FXGL Background Thread 3 ] DEBUG Engine               - isScaleAffectedOnResize: true
20:09:32.400 [FXGL Background Thread 3 ] DEBUG Engine               - isSingleStep: false
20:09:32.400 [FXGL Background Thread 3 ] DEBUG Engine               - isUserProfileEnabled: false
20:09:32.400 [FXGL Background Thread 3 ] DEBUG Engine               - isWindows: true
20:09:32.400 [FXGL Background Thread 3 ] DEBUG Engine               - language: ObjectProperty [value: ENGLISH]
20:09:32.400 [FXGL Background Thread 3 ] DEBUG Engine               - menuKey: ESCAPE
20:09:32.401 [FXGL Background Thread 3 ] DEBUG Engine               - mouseSensitivity: 0.2
20:09:32.401 [FXGL Background Thread 3 ] DEBUG Engine               - notificationViewClass: class com.almasb.fxgl.notification.view.XboxNotificationView
20:09:32.401 [FXGL Background Thread 3 ] DEBUG Engine               - pixelsPerMeter: 50.0
20:09:32.401 [FXGL Background Thread 3 ] DEBUG Engine               - platform: WINDOWS
20:09:32.401 [FXGL Background Thread 3 ] DEBUG Engine               - prefHeightProperty: ReadOnlyDoubleProperty [value: 672.0]
20:09:32.402 [FXGL Background Thread 3 ] DEBUG Engine               - prefWidthProperty: ReadOnlyDoubleProperty [value: 800.0]
20:09:32.402 [FXGL Background Thread 3 ] DEBUG Engine               - profileDir: profiles/
20:09:32.402 [FXGL Background Thread 3 ] DEBUG Engine               - profileName: StringProperty [value: DEFAULT]
20:09:32.402 [FXGL Background Thread 3 ] DEBUG Engine               - randomSeed: -1
20:09:32.403 [FXGL Background Thread 3 ] DEBUG Engine               - runtimeInfo: RuntimeInfo(platform=WINDOWS, version=17.1, build=24.03.2022 17.34)
20:09:32.403 [FXGL Background Thread 3 ] DEBUG Engine               - saveFileExt: sav
20:09:32.403 [FXGL Background Thread 3 ] DEBUG Engine               - scaledHeightProp$fxgl: DoubleProperty [bound, value: 672.0]
20:09:32.404 [FXGL Background Thread 3 ] DEBUG Engine               - scaledWidthProp$fxgl: DoubleProperty [bound, value: 800.0]
20:09:32.404 [FXGL Background Thread 3 ] DEBUG Engine               - sceneFactory: com.almasb.fxgl.app.scene.SceneFactory@26da5a30
20:09:32.404 [FXGL Background Thread 3 ] DEBUG Engine               - secondsIn24h: 60
20:09:32.404 [FXGL Background Thread 3 ] DEBUG Engine               - soundMenuBack: menu/back.wav
20:09:32.404 [FXGL Background Thread 3 ] DEBUG Engine               - soundMenuPress: menu/press.wav
20:09:32.404 [FXGL Background Thread 3 ] DEBUG Engine               - soundMenuSelect: menu/select.wav
20:09:32.405 [FXGL Background Thread 3 ] DEBUG Engine               - soundNotification: core/notification.wav
20:09:32.405 [FXGL Background Thread 3 ] DEBUG Engine               - stageStyle: DECORATED
20:09:32.405 [FXGL Background Thread 3 ] DEBUG Engine               - supportedLanguages: [ENGLISH, FRENCH, GERMAN, HUNGARIAN, RUSSIAN]
20:09:32.405 [FXGL Background Thread 3 ] DEBUG Engine               - ticksPerSecond: -1
20:09:32.405 [FXGL Background Thread 3 ] DEBUG Engine               - title: Bomberman
20:09:32.405 [FXGL Background Thread 3 ] DEBUG Engine               - urlGithub: https://github.com/AlmasB/FXGL
20:09:32.405 [FXGL Background Thread 3 ] DEBUG Engine               - urlLeaderboard: http://fxgl-top.herokuapp.com/
20:09:32.406 [FXGL Background Thread 3 ] DEBUG Engine               - urlPOM: https://raw.githubusercontent.com/AlmasB/FXGL/release/README.md
20:09:32.406 [FXGL Background Thread 3 ] DEBUG Engine               - userAppClass: class mangobomb.bombermango.HelloApplication
20:09:32.406 [FXGL Background Thread 3 ] DEBUG Engine               - version: 0.0
20:09:32.406 [FXGL Background Thread 3 ] DEBUG Engine               - versionCheckDays: 7
20:09:32.406 [FXGL Background Thread 3 ] DEBUG Engine               - width: 800
20:09:32.406 [FXGL Background Thread 3 ] DEBUG Engine               - Logging services
20:09:32.406 [FXGL Background Thread 3 ] DEBUG Engine               - class com.almasb.fxgl.app.services.FXGLAssetLoaderService
20:09:32.407 [FXGL Background Thread 3 ] DEBUG Engine               - class com.almasb.fxgl.app.FXGLApplication$GameApplicationService
20:09:32.407 [FXGL Background Thread 3 ] DEBUG Engine               - class com.almasb.fxgl.app.services.FXGLDialogService
20:09:32.407 [FXGL Background Thread 3 ] DEBUG Engine               - class com.almasb.fxgl.app.services.IOTaskExecutorService
20:09:32.407 [FXGL Background Thread 3 ] DEBUG Engine               - class com.almasb.fxgl.io.FileSystemService
20:09:32.407 [FXGL Background Thread 3 ] DEBUG Engine               - class com.almasb.fxgl.localization.LocalizationService
20:09:32.407 [FXGL Background Thread 3 ] DEBUG Engine               - class com.almasb.fxgl.app.services.SystemBundleService
20:09:32.407 [FXGL Background Thread 3 ] DEBUG Engine               - class com.almasb.fxgl.profile.SaveLoadService
20:09:32.407 [FXGL Background Thread 3 ] DEBUG Engine               - class com.almasb.fxgl.ui.FXGLUIFactoryServiceProvider
20:09:32.408 [FXGL Background Thread 3 ] DEBUG Engine               - class com.almasb.fxgl.ui.FXGLDialogFactoryServiceProvider
20:09:32.408 [FXGL Background Thread 3 ] DEBUG Engine               - class com.almasb.fxgl.audio.AudioPlayer
20:09:32.408 [FXGL Background Thread 3 ] DEBUG Engine               - class com.almasb.fxgl.notification.impl.NotificationServiceProvider
20:09:32.408 [FXGL Background Thread 3 ] DEBUG Engine               - class com.almasb.fxgl.achievement.AchievementService
20:09:32.408 [FXGL Background Thread 3 ] DEBUG Engine               - class com.almasb.fxgl.cutscene.CutsceneService
20:09:32.408 [FXGL Background Thread 3 ] DEBUG Engine               - class com.almasb.fxgl.minigames.MiniGameService
20:09:32.408 [FXGL Background Thread 3 ] DEBUG Engine               - class com.almasb.fxgl.net.NetService
20:09:32.408 [FXGL Background Thread 3 ] DEBUG Engine               - class com.almasb.fxgl.app.services.UpdaterService
20:09:32.409 [FXGL Background Thread 3 ] DEBUG Engine               - class com.almasb.fxgl.dev.DevService
20:09:40.512 [JavaFX Application Thread] DEBUG FXGLApplication      - Exiting FXGL
20:09:40.513 [JavaFX Application Thread] DEBUG Async                - Shutting down background threads
20:09:40.513 [JavaFX Application Thread] DEBUG PrimaryStageWindow   - Closing main window
20:09:40.533 [JavaFX Application Thread] DEBUG Logger               - Closing Logger
