22:35:22.141 [main                     ] DEBUG Logger               - Configured Logger
22:35:22.177 [main                     ] DEBUG GameApplication      - Logging settings
Title: Bomberman
Version: 0.0
Width: 800
Height: 600
Fullscreen: false
Intro: false
Profiling: false
Single step:false
App Mode: DEVELOPER
Menu Key: ESCAPE
Stage Style: DECORATED
Scene Factory: class com.almasb.fxgl.app.scene.SceneFactory

22:35:22.612 [JavaFX Application Thread] DEBUG FXGLApplication      - Initializing FXGL
22:35:22.617 [JavaFX Application Thread] INFO  Engine               - FXGL-17.1 (24.03.2022 17.34) on WINDOWS (J:18.0.2.1 FX:18.0.1)
22:35:22.618 [JavaFX Application Thread] DEBUG Engine               - JRE Vendor Name: Oracle Corporation
22:35:22.618 [JavaFX Application Thread] DEBUG Engine               - Running on OS: Windows 10 version 10.0
22:35:22.618 [JavaFX Application Thread] DEBUG Engine               - Architecture: amd64
22:35:22.618 [JavaFX Application Thread] INFO  Engine               - Source code and latest versions at: https://github.com/AlmasB/FXGL
22:35:22.619 [JavaFX Application Thread] INFO  Engine               -       Ask questions and discuss at: https://github.com/AlmasB/FXGL/discussions
22:35:22.619 [JavaFX Application Thread] INFO  Engine               -              Join the FXGL chat at: https://gitter.im/AlmasB/FXGL
22:35:22.763 [JavaFX Application Thread] DEBUG PrimaryStageWindow   - Creating a JavaFX scene
22:35:22.822 [JavaFX Application Thread] DEBUG PrimaryStageWindow   - Target settings size: 800.0 x 600.0
22:35:22.822 [JavaFX Application Thread] DEBUG PrimaryStageWindow   - Scaled scene size:    800.0 x 600.0
22:35:22.823 [JavaFX Application Thread] DEBUG PrimaryStageWindow   - Scaled ratio: (1.0, 1.0)
22:35:22.824 [JavaFX Application Thread] DEBUG PrimaryStageWindow   - Set initial scene to FXGLStartupScene
22:35:22.836 [JavaFX Application Thread] DEBUG PrimaryStageWindow   - Opening main window
22:35:22.956 [JavaFX Application Thread] DEBUG PrimaryStageWindow   - Window border size: (14.66668701171875, 37.33331298828125)
22:35:22.956 [JavaFX Application Thread] DEBUG PrimaryStageWindow   - Scaled size: 800.0 x 600.0
22:35:22.957 [JavaFX Application Thread] DEBUG PrimaryStageWindow   - Scaled ratio: (1.0, 1.0)
22:35:22.957 [JavaFX Application Thread] DEBUG PrimaryStageWindow   - Scene size: 800.0 x 600.0
22:35:22.957 [JavaFX Application Thread] DEBUG PrimaryStageWindow   - Stage size: 814.6666870117188 x 637.3333129882812
22:35:22.970 [FXGL Background Thread 1 ] DEBUG Engine               - Initializing environment variables
22:35:23.058 [FXGL Background Thread 1 ] DEBUG FXGLAssetLoaderServi - User app class for loading assets: class mangobomb.bombermango.HelloApplication
22:35:23.059 [FXGL Background Thread 1 ] DEBUG GameApplicationServi - Applying CSS: fxgl_dark.css
22:35:23.060 [FXGL Background Thread 1 ] DEBUG FXGLAssetLoaderServi - Loading from file system: jar:file:/C:/Users/Admin/.m2/repository/com/github/almasb/fxgl/17.1/fxgl-17.1.jar!/fxglassets/ui/css/fxgl_dark.css
22:35:23.135 [FXGL Background Thread 1 ] DEBUG GameApplicationServi - Initializing application scenes
22:35:23.233 [FXGL Background Thread 1 ] DEBUG GameWorld            - Game world initialized
22:35:23.318 [FXGL Background Thread 1 ] DEBUG PhysicsWorld         - Physics world initialized: appHeight=600, physics.ppm=50.0
22:35:23.318 [FXGL Background Thread 1 ] DEBUG PhysicsWorld         - Using strategy: BRUTE_FORCE
22:35:23.323 [FXGL Background Thread 1 ] DEBUG GameScene            - Game scene initialized: 800x600
22:35:23.340 [FXGL Background Thread 1 ] DEBUG FXGL.DefaultMenu     - createMenuBodyMainMenu()
22:35:23.363 [FXGL Background Thread 1 ] DEBUG FXGL.DefaultMenu     - createOptionsMenu()
22:35:23.379 [FXGL Background Thread 1 ] DEBUG FXGLAssetLoaderServi - Loading from file system: jar:file:/C:/Users/Admin/.m2/repository/com/github/almasb/fxgl/17.1/fxgl-17.1.jar!/fxglassets/textures/particles/smoke.png
22:35:23.513 [FXGL Background Thread 1 ] DEBUG FXGLAssetLoaderServi - Loading from file system: jar:file:/C:/Users/Admin/.m2/repository/com/github/almasb/fxgl/17.1/fxgl-17.1.jar!/fxglassets/textures/particles/trace_horizontal.png
22:35:23.550 [FXGL Background Thread 1 ] DEBUG FXGL.DefaultMenu     - createMenuBodyGameMenu()
22:35:23.552 [FXGL Background Thread 1 ] DEBUG FXGL.DefaultMenu     - createOptionsMenu()
22:35:23.571 [FXGL Background Thread 1 ] DEBUG GameApplicationServi - Application scenes initialized
22:35:23.589 [FXGL Background Thread 1 ] DEBUG SystemBundleService  - Loading FXGL system data
22:35:23.596 [FXGL Background Thread 1 ] DEBUG FileSystemAccess     - Reading from: D:\bombermango\system\fxgl.bundle
22:35:23.607 [FXGL Background Thread 1 ] DEBUG SystemBundleService  - Bundle FXGL: {}
22:35:23.608 [FXGL Background Thread 1 ] DEBUG UpdaterService       - Checking for updates
22:35:23.614 [FXGL Background Thread 1 ] DEBUG FXGLApplication      - Loading default localization
22:35:23.615 [FXGL Background Thread 1 ] DEBUG FXGLAssetLoaderServi - Loading from file system: jar:file:/C:/Users/Admin/.m2/repository/com/github/almasb/fxgl/17.1/fxgl-17.1.jar!/fxglassets/languages/english.lang
22:35:23.623 [FXGL Background Thread 4 ] DEBUG FXGLApplication      - Loading fonts
22:35:23.624 [FXGL Background Thread 4 ] DEBUG FXGLAssetLoaderServi - Loading from file system: jar:file:/C:/Users/Admin/.m2/repository/com/github/almasb/fxgl/17.1/fxgl-17.1.jar!/fxglassets/ui/fonts/VarelaRound-Regular.ttf
22:35:23.641 [FXGL Background Thread 1 ] INFO  FXGLApplication      - FXGL initialization took: 0.670 sec
22:35:23.657 [JavaFX Application Thread] DEBUG Input                - Registered new binding: moveUp - W
22:35:23.658 [JavaFX Application Thread] DEBUG Input                - Registered new binding: moveRight - D
22:35:23.658 [JavaFX Application Thread] DEBUG Input                - Registered new binding: moveLeft - A
22:35:23.658 [JavaFX Application Thread] DEBUG Input                - Registered new binding: moveDown - S
22:35:23.658 [JavaFX Application Thread] DEBUG Input                - Registered new binding: implantBomb - F
22:35:23.658 [JavaFX Application Thread] DEBUG FXGLAssetLoaderServi - Loading from file system: jar:file:/C:/Users/Admin/.m2/repository/com/github/almasb/fxgl/17.1/fxgl-17.1.jar!/fxglassets/textures/fxgl_icon.png
22:35:23.683 [JavaFX Application Thread] DEBUG FXGLAssetLoaderServi - Loading from file system: jar:file:/C:/Users/Admin/.m2/repository/com/github/almasb/fxgl/17.1/fxgl-17.1.jar!/fxglassets/textures/fxgl_default_cursor.png
22:35:23.687 [JavaFX Application Thread] DEBUG Input                - Registered new binding: Screenshot - CTRL+8
22:35:23.688 [JavaFX Application Thread] DEBUG Input                - Registered new binding: System info dump - CTRL+9
22:35:23.688 [JavaFX Application Thread] DEBUG Input                - Registered new binding: Restart - CTRL+R
22:35:23.689 [JavaFX Application Thread] DEBUG Input                - Registered new binding: Toggle Debug Camera - CTRL+7
22:35:23.692 [JavaFX Application Thread] DEBUG LoopRunner           - Starting loop
22:35:23.692 [JavaFX Application Thread] DEBUG LoopRunner           - Initializing JavaFX AnimationTimerLoop
22:35:23.697 [JavaFX Application Thread] DEBUG Input                - Clearing active input actions
22:35:23.706 [JavaFX Application Thread] DEBUG GameApplicationServi - Removing overlay from FXGLStartupScene and adding to FXGLMainMenuDummyScene
22:35:23.707 [JavaFX Application Thread] DEBUG PrimaryStageWindow   - FXGLStartupScene -> FXGLMainMenuDummyScene
22:35:23.707 [JavaFX Application Thread] DEBUG PrimaryStageWindow   - Push state: FXGLDefaultMenu
22:35:23.713 [JavaFX Application Thread] DEBUG Input                - Clearing active input actions
22:35:23.726 [JavaFX Application Thread] DEBUG GameApplicationServi - Removing overlay from FXGLMainMenuDummyScene and adding to FXGLDefaultMenu
22:35:23.727 [JavaFX Application Thread] DEBUG PrimaryStageWindow   - FXGLMainMenuDummyScene -> FXGLDefaultMenu
22:35:24.014 [FXGL Background Thread 4 ] DEBUG FXGLAssetLoaderServi - Loading from file system: jar:file:/C:/Users/Admin/.m2/repository/com/github/almasb/fxgl/17.1/fxgl-17.1.jar!/fxglassets/ui/fonts/Abel-Regular.ttf
22:35:24.018 [FXGL Background Thread 4 ] DEBUG FXGLAssetLoaderServi - Loading from file system: jar:file:/C:/Users/Admin/.m2/repository/com/github/almasb/fxgl/17.1/fxgl-17.1.jar!/fxglassets/ui/fonts/TerminalLandMono-Regular.otf
22:35:24.026 [FXGL Background Thread 4 ] DEBUG FXGLAssetLoaderServi - Loading from file system: jar:file:/C:/Users/Admin/.m2/repository/com/github/almasb/fxgl/17.1/fxgl-17.1.jar!/fxglassets/ui/fonts/Courier-Prime.ttf
22:35:24.070 [JavaFX Application Thread] DEBUG FXGLApplication      - Registering font factories with UI factory
22:35:24.518 [FXGL Background Thread 2 ] INFO  UpdaterService       - Your current version:  17.1
22:35:24.519 [FXGL Background Thread 2 ] INFO  UpdaterService       - Latest stable version: 17.2
22:35:24.911 [JavaFX Application Thread] DEBUG Menu                 - fireNewGame()
22:35:24.911 [JavaFX Application Thread] DEBUG GameApplicationServi - Starting new game
22:35:24.915 [JavaFX Application Thread] DEBUG PrimaryStageWindow   - Pop state: FXGLDefaultMenu
22:35:24.915 [JavaFX Application Thread] DEBUG Input                - Clearing active input actions
22:35:24.917 [JavaFX Application Thread] DEBUG GameApplicationServi - Removing overlay from FXGLDefaultMenu and adding to FXGLMainMenuDummyScene
22:35:24.917 [JavaFX Application Thread] DEBUG PrimaryStageWindow   - FXGLMainMenuDummyScene <- FXGLDefaultMenu
22:35:24.918 [JavaFX Application Thread] DEBUG Input                - Clearing active input actions
22:35:24.933 [JavaFX Application Thread] DEBUG GameApplicationServi - Removing overlay from FXGLMainMenuDummyScene and adding to FXGLLoadingScene
22:35:24.934 [JavaFX Application Thread] DEBUG PrimaryStageWindow   - FXGLMainMenuDummyScene -> FXGLLoadingScene
22:35:24.934 [JavaFX Application Thread] DEBUG GameApplicationServi - Clearing previous game
22:35:24.934 [JavaFX Application Thread] DEBUG GameScene            - Clearing game scene
22:35:24.934 [JavaFX Application Thread] DEBUG GameWorld            - Clearing game world
22:35:24.934 [JavaFX Application Thread] DEBUG PhysicsWorld         - Clearing physics world
22:35:24.936 [FXGL Background Thread 2 ] DEBUG FXGLApplication      - Initializing game
22:35:24.977 [FXGL Background Thread 2 ] DEBUG FXGLAssetLoaderServi - Loading from file system: file:/D:/bombermango/target/classes/assets/textures/sprites/wall.png
22:35:24.997 [FXGL Background Thread 2 ] DEBUG FXGLAssetLoaderServi - Loading from file system: file:/D:/bombermango/target/classes/assets/textures/sprites/grass.png
22:35:25.016 [FXGL Background Thread 2 ] DEBUG FXGLAssetLoaderServi - Loading from file system: file:/D:/bombermango/target/classes/assets/textures/sprites/brick.png
22:35:25.116 [FXGL Background Thread 2 ] DEBUG GameWorld            - Clearing removable entities
22:35:25.117 [FXGL Background Thread 2 ] DEBUG GameWorld            - Setting level: com.almasb.fxgl.entity.level.Level@4362f7cd
22:35:25.172 [FXGL Background Thread 2 ] DEBUG FXGLAssetLoaderServi - Loading from file system: file:/D:/bombermango/target/classes/assets/textures/sprites/player_down.png
22:35:25.173 [FXGL Background Thread 2 ] DEBUG FXGLAssetLoaderServi - Loading from file system: file:/D:/bombermango/target/classes/assets/textures/sprites/player_down_1.png
22:35:25.175 [FXGL Background Thread 2 ] DEBUG FXGLAssetLoaderServi - Loading from file system: file:/D:/bombermango/target/classes/assets/textures/sprites/player_down_2.png
22:35:25.197 [FXGL Background Thread 2 ] WARN  GameWorld            - Entity is already attached to world
22:35:25.198 [FXGL Background Thread 2 ] INFO  FXGLApplication      - Game initialization took: 0.262 sec
22:35:25.198 [JavaFX Application Thread] DEBUG Input                - Clearing active input actions
22:35:25.215 [JavaFX Application Thread] DEBUG GameApplicationServi - Removing overlay from FXGLLoadingScene and adding to GameScene
22:35:25.215 [JavaFX Application Thread] DEBUG PrimaryStageWindow   - FXGLLoadingScene -> GameScene
22:35:25.452 [JavaFX Application Thread] DEBUG FXGLAssetLoaderServi - Loading from file system: file:/D:/bombermango/target/classes/assets/textures/sprites/bomb.png
22:35:25.453 [JavaFX Application Thread] DEBUG FXGLAssetLoaderServi - Loading from file system: file:/D:/bombermango/target/classes/assets/textures/sprites/bomb_1.png
22:35:25.454 [JavaFX Application Thread] DEBUG FXGLAssetLoaderServi - Loading from file system: file:/D:/bombermango/target/classes/assets/textures/sprites/bomb_2.png
22:35:25.456 [JavaFX Application Thread] WARN  GameWorld            - Entity is already attached to world
22:35:26.628 [FXGL Background Thread 3 ] DEBUG Engine               - Logging environment variables
22:35:26.629 [FXGL Background Thread 3 ] DEBUG Engine               - achievements: []
22:35:26.630 [FXGL Background Thread 3 ] DEBUG Engine               - actualHeight: 600.0
22:35:26.630 [FXGL Background Thread 3 ] DEBUG Engine               - actualHeightProperty: ReadOnlyDoubleProperty [value: 600.0]
22:35:26.630 [FXGL Background Thread 3 ] DEBUG Engine               - actualWidth: 800.0
22:35:26.630 [FXGL Background Thread 3 ] DEBUG Engine               - actualWidthProperty: ReadOnlyDoubleProperty [value: 800.0]
22:35:26.630 [FXGL Background Thread 3 ] DEBUG Engine               - appIcon: fxgl_icon.png
22:35:26.630 [FXGL Background Thread 3 ] DEBUG Engine               - applicationMode: DEVELOPER
22:35:26.630 [FXGL Background Thread 3 ] DEBUG Engine               - cSSList: [fxgl_dark.css]
22:35:26.630 [FXGL Background Thread 3 ] DEBUG Engine               - collisionDetectionStrategy: BRUTE_FORCE
22:35:26.631 [FXGL Background Thread 3 ] DEBUG Engine               - configClass: Optional.empty
22:35:26.631 [FXGL Background Thread 3 ] DEBUG Engine               - credits: []
22:35:26.631 [FXGL Background Thread 3 ] DEBUG Engine               - defaultCursor: CursorInfo(imageName=fxgl_default_cursor.png, hotspotX=7.0, hotspotY=6.0)
22:35:26.631 [FXGL Background Thread 3 ] DEBUG Engine               - devBBoxColorProperty: ObjectProperty [value: 0xff0000ff]
22:35:26.632 [FXGL Background Thread 3 ] DEBUG Engine               - devEnableDebugCameraProperty: BooleanProperty [value: false]
22:35:26.632 [FXGL Background Thread 3 ] DEBUG Engine               - devSensorColorProperty: ObjectProperty [value: 0xffff00ff]
22:35:26.632 [FXGL Background Thread 3 ] DEBUG Engine               - devShowBBoxProperty: BooleanProperty [value: false]
22:35:26.632 [FXGL Background Thread 3 ] DEBUG Engine               - devShowPositionProperty: BooleanProperty [value: false]
22:35:26.632 [FXGL Background Thread 3 ] DEBUG Engine               - enabledMenuItems: []
22:35:26.632 [FXGL Background Thread 3 ] DEBUG Engine               - engineServices: [class com.almasb.fxgl.app.services.FXGLAssetLoaderService, class com.almasb.fxgl.app.FXGLApplication$GameApplicationService, class com.almasb.fxgl.app.services.FXGLDialogService, class com.almasb.fxgl.app.services.IOTaskExecutorService, class com.almasb.fxgl.io.FileSystemService, class com.almasb.fxgl.localization.LocalizationService, class com.almasb.fxgl.app.services.SystemBundleService, class com.almasb.fxgl.profile.SaveLoadService, class com.almasb.fxgl.ui.FXGLUIFactoryServiceProvider, class com.almasb.fxgl.ui.FXGLDialogFactoryServiceProvider, class com.almasb.fxgl.audio.AudioPlayer, class com.almasb.fxgl.notification.impl.NotificationServiceProvider, class com.almasb.fxgl.achievement.AchievementService, class com.almasb.fxgl.cutscene.CutsceneService, class com.almasb.fxgl.minigames.MiniGameService, class com.almasb.fxgl.net.NetService, class com.almasb.fxgl.app.services.UpdaterService, class com.almasb.fxgl.dev.DevService]
22:35:26.632 [FXGL Background Thread 3 ] DEBUG Engine               - fontGame: Abel-Regular.ttf
22:35:26.632 [FXGL Background Thread 3 ] DEBUG Engine               - fontMono: TerminalLandMono-Regular.otf
22:35:26.632 [FXGL Background Thread 3 ] DEBUG Engine               - fontText: Courier-Prime.ttf
22:35:26.633 [FXGL Background Thread 3 ] DEBUG Engine               - fontUI: VarelaRound-Regular.ttf
22:35:26.633 [FXGL Background Thread 3 ] DEBUG Engine               - fullScreen: BooleanProperty [value: false]
22:35:26.633 [FXGL Background Thread 3 ] DEBUG Engine               - gameDifficulty: MEDIUM
22:35:26.633 [FXGL Background Thread 3 ] DEBUG Engine               - gameDifficultyProperty: ObjectProperty [value: MEDIUM]
22:35:26.633 [FXGL Background Thread 3 ] DEBUG Engine               - globalMusicVolume: 0.5
22:35:26.633 [FXGL Background Thread 3 ] DEBUG Engine               - globalMusicVolumeProperty: DoubleProperty [value: 0.5]
22:35:26.633 [FXGL Background Thread 3 ] DEBUG Engine               - globalSoundVolume: 0.5
22:35:26.633 [FXGL Background Thread 3 ] DEBUG Engine               - globalSoundVolumeProperty: DoubleProperty [value: 0.5]
22:35:26.634 [FXGL Background Thread 3 ] DEBUG Engine               - height: 600
22:35:26.634 [FXGL Background Thread 3 ] DEBUG Engine               - is3D: false
22:35:26.634 [FXGL Background Thread 3 ] DEBUG Engine               - isAndroid: false
22:35:26.634 [FXGL Background Thread 3 ] DEBUG Engine               - isBrowser: false
22:35:26.634 [FXGL Background Thread 3 ] DEBUG Engine               - isClickFeedbackEnabled: false
22:35:26.634 [FXGL Background Thread 3 ] DEBUG Engine               - isCloseConfirmation: false
22:35:26.634 [FXGL Background Thread 3 ] DEBUG Engine               - isDesktop: true
22:35:26.634 [FXGL Background Thread 3 ] DEBUG Engine               - isDeveloperMenuEnabled: false
22:35:26.634 [FXGL Background Thread 3 ] DEBUG Engine               - isEmbedded: false
22:35:26.634 [FXGL Background Thread 3 ] DEBUG Engine               - isEntityPreloadEnabled: true
22:35:26.635 [FXGL Background Thread 3 ] DEBUG Engine               - isExperimentalTiledLargeMap: false
22:35:26.635 [FXGL Background Thread 3 ] DEBUG Engine               - isFileSystemWriteAllowed: true
22:35:26.635 [FXGL Background Thread 3 ] DEBUG Engine               - isFullScreenAllowed: false
22:35:26.635 [FXGL Background Thread 3 ] DEBUG Engine               - isFullScreenFromStart: false
22:35:26.635 [FXGL Background Thread 3 ] DEBUG Engine               - isGameMenuEnabled: true
22:35:26.635 [FXGL Background Thread 3 ] DEBUG Engine               - isIOS: false
22:35:26.635 [FXGL Background Thread 3 ] DEBUG Engine               - isIntroEnabled: false
22:35:26.635 [FXGL Background Thread 3 ] DEBUG Engine               - isLinux: false
22:35:26.635 [FXGL Background Thread 3 ] DEBUG Engine               - isMac: false
22:35:26.635 [FXGL Background Thread 3 ] DEBUG Engine               - isMainMenuEnabled: true
22:35:26.635 [FXGL Background Thread 3 ] DEBUG Engine               - isManualResizeEnabled: false
22:35:26.635 [FXGL Background Thread 3 ] DEBUG Engine               - isMobile: false
22:35:26.635 [FXGL Background Thread 3 ] DEBUG Engine               - isNative: false
22:35:26.636 [FXGL Background Thread 3 ] DEBUG Engine               - isPauseMusicWhenMinimized: true
22:35:26.636 [FXGL Background Thread 3 ] DEBUG Engine               - isPreserveResizeRatio: false
22:35:26.636 [FXGL Background Thread 3 ] DEBUG Engine               - isProfilingEnabled: false
22:35:26.636 [FXGL Background Thread 3 ] DEBUG Engine               - isScaleAffectedOnResize: true
22:35:26.636 [FXGL Background Thread 3 ] DEBUG Engine               - isSingleStep: false
22:35:26.636 [FXGL Background Thread 3 ] DEBUG Engine               - isUserProfileEnabled: false
22:35:26.636 [FXGL Background Thread 3 ] DEBUG Engine               - isWindows: true
22:35:26.636 [FXGL Background Thread 3 ] DEBUG Engine               - language: ObjectProperty [value: ENGLISH]
22:35:26.636 [FXGL Background Thread 3 ] DEBUG Engine               - menuKey: ESCAPE
22:35:26.636 [FXGL Background Thread 3 ] DEBUG Engine               - mouseSensitivity: 0.2
22:35:26.636 [FXGL Background Thread 3 ] DEBUG Engine               - notificationViewClass: class com.almasb.fxgl.notification.view.XboxNotificationView
22:35:26.636 [FXGL Background Thread 3 ] DEBUG Engine               - pixelsPerMeter: 50.0
22:35:26.636 [FXGL Background Thread 3 ] DEBUG Engine               - platform: WINDOWS
22:35:26.636 [FXGL Background Thread 3 ] DEBUG Engine               - prefHeightProperty: ReadOnlyDoubleProperty [value: 600.0]
22:35:26.637 [FXGL Background Thread 3 ] DEBUG Engine               - prefWidthProperty: ReadOnlyDoubleProperty [value: 800.0]
22:35:26.637 [FXGL Background Thread 3 ] DEBUG Engine               - profileDir: profiles/
22:35:26.637 [FXGL Background Thread 3 ] DEBUG Engine               - profileName: StringProperty [value: DEFAULT]
22:35:26.637 [FXGL Background Thread 3 ] DEBUG Engine               - randomSeed: -1
22:35:26.637 [FXGL Background Thread 3 ] DEBUG Engine               - runtimeInfo: RuntimeInfo(platform=WINDOWS, version=17.1, build=24.03.2022 17.34)
22:35:26.637 [FXGL Background Thread 3 ] DEBUG Engine               - saveFileExt: sav
22:35:26.637 [FXGL Background Thread 3 ] DEBUG Engine               - scaledHeightProp$fxgl: DoubleProperty [bound, value: 600.0]
22:35:26.637 [FXGL Background Thread 3 ] DEBUG Engine               - scaledWidthProp$fxgl: DoubleProperty [bound, value: 800.0]
22:35:26.637 [FXGL Background Thread 3 ] DEBUG Engine               - sceneFactory: com.almasb.fxgl.app.scene.SceneFactory@752e63b4
22:35:26.637 [FXGL Background Thread 3 ] DEBUG Engine               - secondsIn24h: 60
22:35:26.637 [FXGL Background Thread 3 ] DEBUG Engine               - soundMenuBack: menu/back.wav
22:35:26.637 [FXGL Background Thread 3 ] DEBUG Engine               - soundMenuPress: menu/press.wav
22:35:26.637 [FXGL Background Thread 3 ] DEBUG Engine               - soundMenuSelect: menu/select.wav
22:35:26.637 [FXGL Background Thread 3 ] DEBUG Engine               - soundNotification: core/notification.wav
22:35:26.637 [FXGL Background Thread 3 ] DEBUG Engine               - stageStyle: DECORATED
22:35:26.637 [FXGL Background Thread 3 ] DEBUG Engine               - supportedLanguages: [ENGLISH, FRENCH, GERMAN, HUNGARIAN, RUSSIAN]
22:35:26.637 [FXGL Background Thread 3 ] DEBUG Engine               - ticksPerSecond: -1
22:35:26.637 [FXGL Background Thread 3 ] DEBUG Engine               - title: Bomberman
22:35:26.638 [FXGL Background Thread 3 ] DEBUG Engine               - urlGithub: https://github.com/AlmasB/FXGL
22:35:26.638 [FXGL Background Thread 3 ] DEBUG Engine               - urlLeaderboard: http://fxgl-top.herokuapp.com/
22:35:26.638 [FXGL Background Thread 3 ] DEBUG Engine               - urlPOM: https://raw.githubusercontent.com/AlmasB/FXGL/release/README.md
22:35:26.638 [FXGL Background Thread 3 ] DEBUG Engine               - userAppClass: class mangobomb.bombermango.HelloApplication
22:35:26.638 [FXGL Background Thread 3 ] DEBUG Engine               - version: 0.0
22:35:26.638 [FXGL Background Thread 3 ] DEBUG Engine               - versionCheckDays: 7
22:35:26.638 [FXGL Background Thread 3 ] DEBUG Engine               - width: 800
22:35:26.638 [FXGL Background Thread 3 ] DEBUG Engine               - Logging services
22:35:26.638 [FXGL Background Thread 3 ] DEBUG Engine               - class com.almasb.fxgl.app.services.FXGLAssetLoaderService
22:35:26.638 [FXGL Background Thread 3 ] DEBUG Engine               - class com.almasb.fxgl.app.FXGLApplication$GameApplicationService
22:35:26.638 [FXGL Background Thread 3 ] DEBUG Engine               - class com.almasb.fxgl.app.services.FXGLDialogService
22:35:26.638 [FXGL Background Thread 3 ] DEBUG Engine               - class com.almasb.fxgl.app.services.IOTaskExecutorService
22:35:26.638 [FXGL Background Thread 3 ] DEBUG Engine               - class com.almasb.fxgl.io.FileSystemService
22:35:26.638 [FXGL Background Thread 3 ] DEBUG Engine               - class com.almasb.fxgl.localization.LocalizationService
22:35:26.638 [FXGL Background Thread 3 ] DEBUG Engine               - class com.almasb.fxgl.app.services.SystemBundleService
22:35:26.638 [FXGL Background Thread 3 ] DEBUG Engine               - class com.almasb.fxgl.profile.SaveLoadService
22:35:26.638 [FXGL Background Thread 3 ] DEBUG Engine               - class com.almasb.fxgl.ui.FXGLUIFactoryServiceProvider
22:35:26.638 [FXGL Background Thread 3 ] DEBUG Engine               - class com.almasb.fxgl.ui.FXGLDialogFactoryServiceProvider
22:35:26.638 [FXGL Background Thread 3 ] DEBUG Engine               - class com.almasb.fxgl.audio.AudioPlayer
22:35:26.638 [FXGL Background Thread 3 ] DEBUG Engine               - class com.almasb.fxgl.notification.impl.NotificationServiceProvider
22:35:26.638 [FXGL Background Thread 3 ] DEBUG Engine               - class com.almasb.fxgl.achievement.AchievementService
22:35:26.638 [FXGL Background Thread 3 ] DEBUG Engine               - class com.almasb.fxgl.cutscene.CutsceneService
22:35:26.638 [FXGL Background Thread 3 ] DEBUG Engine               - class com.almasb.fxgl.minigames.MiniGameService
22:35:26.638 [FXGL Background Thread 3 ] DEBUG Engine               - class com.almasb.fxgl.net.NetService
22:35:26.638 [FXGL Background Thread 3 ] DEBUG Engine               - class com.almasb.fxgl.app.services.UpdaterService
22:35:26.639 [FXGL Background Thread 3 ] DEBUG Engine               - class com.almasb.fxgl.dev.DevService
22:35:29.257 [JavaFX Application Thread] DEBUG FXGLApplication      - Exiting FXGL
22:35:29.257 [JavaFX Application Thread] DEBUG LoopRunner           - Stopping loop
22:35:29.257 [JavaFX Application Thread] DEBUG SystemBundleService  - Saving FXGL system data
22:35:29.258 [JavaFX Application Thread] DEBUG FileSystemAccess     - Writing to: D:\bombermango\system\fxgl.bundle
22:35:29.260 [JavaFX Application Thread] DEBUG Async                - Shutting down background threads
22:35:29.260 [JavaFX Application Thread] DEBUG PrimaryStageWindow   - Closing main window
22:35:29.284 [JavaFX Application Thread] DEBUG Logger               - Closing Logger
