17:11:38.115 [main                     ] DEBUG Logger               - Configured Logger
17:11:38.172 [main                     ] DEBUG GameApplication      - Logging settings
Title: Bomberman!
Version: 0.0
Width: 912
Height: 624
Fullscreen: false
Intro: false
Profiling: false
Single step:false
App Mode: DEVELOPER
Menu Key: ESCAPE
Stage Style: DECORATED
Scene Factory: class com.almasb.fxgl.app.scene.SceneFactory

17:11:38.716 [JavaFX Application Thread] DEBUG FXGLApplication      - Initializing FXGL
17:11:38.726 [JavaFX Application Thread] INFO  Engine               - FXGL-17.1 (24.03.2022 17.34) on WINDOWS (J:18.0.2.1 FX:18.0.1)
17:11:38.728 [JavaFX Application Thread] DEBUG Engine               - JRE Vendor Name: Oracle Corporation
17:11:38.729 [JavaFX Application Thread] DEBUG Engine               - Running on OS: Windows 10 version 10.0
17:11:38.729 [JavaFX Application Thread] DEBUG Engine               - Architecture: amd64
17:11:38.729 [JavaFX Application Thread] INFO  Engine               - Source code and latest versions at: https://github.com/AlmasB/FXGL
17:11:38.730 [JavaFX Application Thread] INFO  Engine               -       Ask questions and discuss at: https://github.com/AlmasB/FXGL/discussions
17:11:38.730 [JavaFX Application Thread] INFO  Engine               -              Join the FXGL chat at: https://gitter.im/AlmasB/FXGL
17:11:38.941 [JavaFX Application Thread] DEBUG PrimaryStageWindow   - Creating a JavaFX scene
17:11:39.006 [JavaFX Application Thread] DEBUG PrimaryStageWindow   - Target settings size: 912.0 x 624.0
17:11:39.007 [JavaFX Application Thread] DEBUG PrimaryStageWindow   - Scaled scene size:    912.0 x 624.0
17:11:39.007 [JavaFX Application Thread] DEBUG PrimaryStageWindow   - Scaled ratio: (1.0, 1.0)
17:11:39.009 [JavaFX Application Thread] DEBUG PrimaryStageWindow   - Set initial scene to FXGLStartupScene
17:11:39.019 [JavaFX Application Thread] DEBUG PrimaryStageWindow   - Opening main window
17:11:39.136 [JavaFX Application Thread] DEBUG PrimaryStageWindow   - Window border size: (14.66668701171875, 37.33331298828125)
17:11:39.137 [JavaFX Application Thread] DEBUG PrimaryStageWindow   - Scaled size: 912.0 x 624.0
17:11:39.137 [JavaFX Application Thread] DEBUG PrimaryStageWindow   - Scaled ratio: (1.0, 1.0)
17:11:39.138 [JavaFX Application Thread] DEBUG PrimaryStageWindow   - Scene size: 912.0 x 624.0
17:11:39.138 [JavaFX Application Thread] DEBUG PrimaryStageWindow   - Stage size: 926.6666870117188 x 661.3333129882812
17:11:39.226 [FXGL Background Thread 1 ] DEBUG Engine               - Initializing environment variables
17:11:39.317 [FXGL Background Thread 1 ] DEBUG FXGLAssetLoaderServi - User app class for loading assets: class mangobomb.bombermango.HelloApplication
17:11:39.318 [FXGL Background Thread 1 ] DEBUG GameApplicationServi - Applying CSS: fxgl_dark.css
17:11:39.320 [FXGL Background Thread 1 ] DEBUG FXGLAssetLoaderServi - Loading from file system: jar:file:/C:/Users/Admin/.m2/repository/com/github/almasb/fxgl/17.1/fxgl-17.1.jar!/fxglassets/ui/css/fxgl_dark.css
17:11:39.414 [FXGL Background Thread 1 ] DEBUG GameApplicationServi - Initializing application scenes
17:11:39.595 [FXGL Background Thread 1 ] DEBUG GameWorld            - Game world initialized
17:11:39.693 [FXGL Background Thread 1 ] DEBUG PhysicsWorld         - Physics world initialized: appHeight=624, physics.ppm=50.0
17:11:39.693 [FXGL Background Thread 1 ] DEBUG PhysicsWorld         - Using strategy: BRUTE_FORCE
17:11:39.700 [FXGL Background Thread 1 ] DEBUG GameScene            - Game scene initialized: 912x624
17:11:39.742 [FXGL Background Thread 1 ] DEBUG FXGL.DefaultMenu     - createMenuBodyGameMenu()
17:11:39.773 [FXGL Background Thread 1 ] DEBUG FXGL.DefaultMenu     - createOptionsMenu()
17:11:39.796 [FXGL Background Thread 1 ] DEBUG FXGLAssetLoaderServi - Loading from file system: jar:file:/C:/Users/Admin/.m2/repository/com/github/almasb/fxgl/17.1/fxgl-17.1.jar!/fxglassets/textures/particles/smoke.png
17:11:39.956 [FXGL Background Thread 1 ] DEBUG FXGLAssetLoaderServi - Loading from file system: jar:file:/C:/Users/Admin/.m2/repository/com/github/almasb/fxgl/17.1/fxgl-17.1.jar!/fxglassets/textures/particles/trace_horizontal.png
17:11:40.000 [FXGL Background Thread 1 ] DEBUG GameApplicationServi - Application scenes initialized
17:11:40.018 [FXGL Background Thread 1 ] DEBUG SystemBundleService  - Loading FXGL system data
17:11:40.026 [FXGL Background Thread 1 ] DEBUG FileSystemAccess     - Reading from: D:\bombermango\system\fxgl.bundle
17:11:40.048 [FXGL Background Thread 1 ] DEBUG SystemBundleService  - Bundle FXGL: {}
17:11:40.049 [FXGL Background Thread 1 ] DEBUG UpdaterService       - Checking for updates
17:11:40.059 [FXGL Background Thread 1 ] DEBUG FXGLApplication      - Loading default localization
17:11:40.060 [FXGL Background Thread 1 ] DEBUG FXGLAssetLoaderServi - Loading from file system: jar:file:/C:/Users/Admin/.m2/repository/com/github/almasb/fxgl/17.1/fxgl-17.1.jar!/fxglassets/languages/english.lang
17:11:40.078 [FXGL Background Thread 4 ] DEBUG FXGLApplication      - Loading fonts
17:11:40.078 [FXGL Background Thread 4 ] DEBUG FXGLAssetLoaderServi - Loading from file system: jar:file:/C:/Users/Admin/.m2/repository/com/github/almasb/fxgl/17.1/fxgl-17.1.jar!/fxglassets/ui/fonts/VarelaRound-Regular.ttf
17:11:40.084 [FXGL Background Thread 1 ] INFO  FXGLApplication      - FXGL initialization took: 0.858 sec
17:11:40.100 [JavaFX Application Thread] DEBUG Input                - Registered new binding: action0 - W
17:11:40.101 [JavaFX Application Thread] DEBUG Input                - Registered new binding: action1 - A
17:11:40.101 [JavaFX Application Thread] DEBUG Input                - Registered new binding: action2 - S
17:11:40.102 [JavaFX Application Thread] DEBUG Input                - Registered new binding: action3 - D
17:11:40.103 [JavaFX Application Thread] DEBUG FXGLAssetLoaderServi - Loading from file system: jar:file:/C:/Users/Admin/.m2/repository/com/github/almasb/fxgl/17.1/fxgl-17.1.jar!/fxglassets/textures/fxgl_icon.png
17:11:40.131 [JavaFX Application Thread] DEBUG FXGLAssetLoaderServi - Loading from file system: jar:file:/C:/Users/Admin/.m2/repository/com/github/almasb/fxgl/17.1/fxgl-17.1.jar!/fxglassets/textures/fxgl_default_cursor.png
17:11:40.134 [JavaFX Application Thread] DEBUG Input                - Registered new binding: Screenshot - CTRL+8
17:11:40.135 [JavaFX Application Thread] DEBUG Input                - Registered new binding: System info dump - CTRL+9
17:11:40.135 [JavaFX Application Thread] DEBUG Input                - Registered new binding: Restart - CTRL+R
17:11:40.136 [JavaFX Application Thread] DEBUG Input                - Registered new binding: Toggle Debug Camera - CTRL+7
17:11:40.139 [JavaFX Application Thread] DEBUG LoopRunner           - Starting loop
17:11:40.139 [JavaFX Application Thread] DEBUG LoopRunner           - Initializing JavaFX AnimationTimerLoop
17:11:40.141 [JavaFX Application Thread] DEBUG GameApplicationServi - Starting new game
17:11:40.142 [JavaFX Application Thread] DEBUG Input                - Clearing active input actions
17:11:40.154 [JavaFX Application Thread] DEBUG GameApplicationServi - Removing overlay from FXGLStartupScene and adding to FXGLLoadingScene
17:11:40.155 [JavaFX Application Thread] DEBUG PrimaryStageWindow   - FXGLStartupScene -> FXGLLoadingScene
17:11:40.155 [JavaFX Application Thread] DEBUG GameApplicationServi - Clearing previous game
17:11:40.155 [JavaFX Application Thread] DEBUG GameScene            - Clearing game scene
17:11:40.155 [JavaFX Application Thread] DEBUG GameWorld            - Clearing game world
17:11:40.155 [JavaFX Application Thread] DEBUG PhysicsWorld         - Clearing physics world
17:11:40.158 [FXGL Background Thread 1 ] DEBUG FXGLApplication      - Initializing game
17:11:40.191 [FXGL Background Thread 1 ] DEBUG FXGLAssetLoaderServi - Loading from file system: file:/D:/bombermango/target/classes/assets/textures/sprites/player_left.png
17:11:40.193 [FXGL Background Thread 1 ] DEBUG FXGLAssetLoaderServi - Loading from file system: file:/D:/bombermango/target/classes/assets/textures/sprites/player_left_1.png
17:11:40.196 [FXGL Background Thread 1 ] DEBUG FXGLAssetLoaderServi - Loading from file system: file:/D:/bombermango/target/classes/assets/textures/sprites/player_left_2.png
17:11:40.210 [FXGL Background Thread 1 ] WARN  GameWorld            - Entity is already attached to world
17:11:40.211 [FXGL Background Thread 1 ] DEBUG FXGLAssetLoaderServi - Loading from file system: file:/D:/bombermango/target/classes/assets/textures/sprites/wall.png
17:11:40.276 [FXGL Background Thread 1 ] DEBUG FXGLAssetLoaderServi - Loading from file system: file:/D:/bombermango/target/classes/assets/textures/sprites/bomb.png
17:11:40.280 [FXGL Background Thread 1 ] DEBUG FXGLAssetLoaderServi - Loading from file system: file:/D:/bombermango/target/classes/assets/textures/sprites/bomb_1.png
17:11:40.284 [FXGL Background Thread 1 ] DEBUG FXGLAssetLoaderServi - Loading from file system: file:/D:/bombermango/target/classes/assets/textures/sprites/bomb_2.png
17:11:40.286 [FXGL Background Thread 1 ] WARN  GameWorld            - Entity is already attached to world
17:11:40.287 [FXGL Background Thread 1 ] INFO  FXGLApplication      - Game initialization took: 0.129 sec
17:11:40.440 [FXGL Background Thread 4 ] DEBUG FXGLAssetLoaderServi - Loading from file system: jar:file:/C:/Users/Admin/.m2/repository/com/github/almasb/fxgl/17.1/fxgl-17.1.jar!/fxglassets/ui/fonts/Abel-Regular.ttf
17:11:40.447 [FXGL Background Thread 4 ] DEBUG FXGLAssetLoaderServi - Loading from file system: jar:file:/C:/Users/Admin/.m2/repository/com/github/almasb/fxgl/17.1/fxgl-17.1.jar!/fxglassets/ui/fonts/TerminalLandMono-Regular.otf
17:11:40.451 [FXGL Background Thread 4 ] DEBUG FXGLAssetLoaderServi - Loading from file system: jar:file:/C:/Users/Admin/.m2/repository/com/github/almasb/fxgl/17.1/fxgl-17.1.jar!/fxglassets/ui/fonts/Courier-Prime.ttf
17:11:40.460 [JavaFX Application Thread] DEBUG Input                - Clearing active input actions
17:11:40.478 [JavaFX Application Thread] DEBUG GameApplicationServi - Removing overlay from FXGLLoadingScene and adding to GameScene
17:11:40.478 [JavaFX Application Thread] DEBUG PrimaryStageWindow   - FXGLLoadingScene -> GameScene
17:11:40.486 [JavaFX Application Thread] DEBUG FXGLApplication      - Registering font factories with UI factory
17:11:41.051 [FXGL Background Thread 2 ] INFO  UpdaterService       - Your current version:  17.1
17:11:41.051 [FXGL Background Thread 2 ] INFO  UpdaterService       - Latest stable version: 17.2
17:11:41.866 [JavaFX Application Thread] DEBUG FXGLApplication      - Exiting FXGL
17:11:41.866 [JavaFX Application Thread] DEBUG LoopRunner           - Stopping loop
17:11:41.866 [JavaFX Application Thread] DEBUG SystemBundleService  - Saving FXGL system data
17:11:41.868 [JavaFX Application Thread] DEBUG FileSystemAccess     - Writing to: D:\bombermango\system\fxgl.bundle
17:11:41.871 [JavaFX Application Thread] DEBUG Async                - Shutting down background threads
17:11:41.871 [JavaFX Application Thread] DEBUG PrimaryStageWindow   - Closing main window
17:11:41.903 [JavaFX Application Thread] DEBUG Logger               - Closing Logger
