12:53:08.885 [main                     ] DEBUG Logger               - Configured Logger
12:53:08.958 [main                     ] DEBUG GameApplication      - Logging settings
Title: Bomberman!
Version: 0.0
Width: 700
Height: 700
Fullscreen: false
Intro: false
Profiling: false
Single step:false
App Mode: DEVELOPER
Menu Key: ESCAPE
Stage Style: DECORATED
Scene Factory: class com.almasb.fxgl.app.scene.SceneFactory

12:53:09.751 [JavaFX Application Thread] DEBUG FXGLApplication      - Initializing FXGL
12:53:09.761 [JavaFX Application Thread] INFO  Engine               - FXGL-17.1 (24.03.2022 17.34) on WINDOWS (J:18.0.2.1 FX:18.0.1)
12:53:09.761 [JavaFX Application Thread] DEBUG Engine               - JRE Vendor Name: Oracle Corporation
12:53:09.762 [JavaFX Application Thread] DEBUG Engine               - Running on OS: Windows 10 version 10.0
12:53:09.763 [JavaFX Application Thread] DEBUG Engine               - Architecture: amd64
12:53:09.764 [JavaFX Application Thread] INFO  Engine               - Source code and latest versions at: https://github.com/AlmasB/FXGL
12:53:09.764 [JavaFX Application Thread] INFO  Engine               -       Ask questions and discuss at: https://github.com/AlmasB/FXGL/discussions
12:53:09.764 [JavaFX Application Thread] INFO  Engine               -              Join the FXGL chat at: https://gitter.im/AlmasB/FXGL
12:53:09.959 [JavaFX Application Thread] DEBUG PrimaryStageWindow   - Creating a JavaFX scene
12:53:09.959 [JavaFX Application Thread] DEBUG PrimaryStageWindow   - Target size > screen size
12:53:10.055 [JavaFX Application Thread] DEBUG PrimaryStageWindow   - Target settings size: 700.0 x 700.0
12:53:10.055 [JavaFX Application Thread] DEBUG PrimaryStageWindow   - Scaled scene size:    655.0 x 680.0
12:53:10.056 [JavaFX Application Thread] DEBUG PrimaryStageWindow   - Scaled ratio: (0.9357142857142857, 0.9714285714285714)
12:53:10.059 [JavaFX Application Thread] DEBUG PrimaryStageWindow   - Set initial scene to FXGLStartupScene
12:53:10.079 [JavaFX Application Thread] DEBUG PrimaryStageWindow   - Opening main window
12:53:10.255 [JavaFX Application Thread] DEBUG PrimaryStageWindow   - Window border size: (15.0, 37.33331298828125)
12:53:10.256 [JavaFX Application Thread] DEBUG PrimaryStageWindow   - Scaled size: 655.0 x 680.0
12:53:10.256 [JavaFX Application Thread] DEBUG PrimaryStageWindow   - Scaled ratio: (0.9357142857142857, 0.9714285714285714)
12:53:10.257 [JavaFX Application Thread] DEBUG PrimaryStageWindow   - Scene size: 655.0 x 680.0
12:53:10.257 [JavaFX Application Thread] DEBUG PrimaryStageWindow   - Stage size: 670.0 x 717.3333129882812
12:53:10.317 [FXGL Background Thread 1 ] DEBUG Engine               - Initializing environment variables
12:53:10.407 [FXGL Background Thread 1 ] DEBUG FXGLAssetLoaderServi - User app class for loading assets: class mangobomb.bombermango.HelloApplication
12:53:10.407 [FXGL Background Thread 1 ] DEBUG GameApplicationServi - Applying CSS: fxgl_dark.css
12:53:10.409 [FXGL Background Thread 1 ] DEBUG FXGLAssetLoaderServi - Loading from file system: jar:file:/C:/Users/Admin/.m2/repository/com/github/almasb/fxgl/17.1/fxgl-17.1.jar!/fxglassets/ui/css/fxgl_dark.css
12:53:10.504 [FXGL Background Thread 1 ] DEBUG GameApplicationServi - Initializing application scenes
12:53:10.635 [FXGL Background Thread 1 ] DEBUG GameWorld            - Game world initialized
12:53:10.735 [FXGL Background Thread 1 ] DEBUG PhysicsWorld         - Physics world initialized: appHeight=700, physics.ppm=50.0
12:53:10.736 [FXGL Background Thread 1 ] DEBUG PhysicsWorld         - Using strategy: BRUTE_FORCE
12:53:10.744 [FXGL Background Thread 1 ] DEBUG GameScene            - Game scene initialized: 700x700
12:53:10.768 [FXGL Background Thread 1 ] WARN  FXGL.DefaultMenu     - FXGLDefaultMenu is not designed for resolutions < 800x600
12:53:10.769 [FXGL Background Thread 1 ] DEBUG FXGL.DefaultMenu     - createMenuBodyGameMenu()
12:53:10.802 [FXGL Background Thread 1 ] DEBUG FXGL.DefaultMenu     - createOptionsMenu()
12:53:10.841 [FXGL Background Thread 1 ] DEBUG FXGLAssetLoaderServi - Loading from file system: jar:file:/C:/Users/Admin/.m2/repository/com/github/almasb/fxgl/17.1/fxgl-17.1.jar!/fxglassets/textures/particles/smoke.png
12:53:11.019 [FXGL Background Thread 1 ] DEBUG FXGLAssetLoaderServi - Loading from file system: jar:file:/C:/Users/Admin/.m2/repository/com/github/almasb/fxgl/17.1/fxgl-17.1.jar!/fxglassets/textures/particles/trace_horizontal.png
12:53:11.097 [FXGL Background Thread 1 ] DEBUG GameApplicationServi - Application scenes initialized
12:53:11.118 [FXGL Background Thread 1 ] DEBUG SystemBundleService  - Loading FXGL system data
12:53:11.125 [FXGL Background Thread 1 ] DEBUG FileSystemAccess     - Reading from: D:\bombermango\system\fxgl.bundle
12:53:11.140 [FXGL Background Thread 1 ] DEBUG SystemBundleService  - Bundle FXGL: {}
12:53:11.140 [FXGL Background Thread 1 ] DEBUG UpdaterService       - Checking for updates
12:53:11.148 [FXGL Background Thread 1 ] DEBUG FXGLApplication      - Loading default localization
12:53:11.149 [FXGL Background Thread 1 ] DEBUG FXGLAssetLoaderServi - Loading from file system: jar:file:/C:/Users/Admin/.m2/repository/com/github/almasb/fxgl/17.1/fxgl-17.1.jar!/fxglassets/languages/english.lang
12:53:11.181 [FXGL Background Thread 1 ] INFO  FXGLApplication      - FXGL initialization took: 0.863 sec
12:53:11.196 [JavaFX Application Thread] DEBUG Input                - Registered new binding: Up 1 - W
12:53:11.197 [JavaFX Application Thread] DEBUG Input                - Registered new binding: Left 1 - A
12:53:11.196 [FXGL Background Thread 4 ] DEBUG FXGLApplication      - Loading fonts
12:53:11.197 [JavaFX Application Thread] DEBUG Input                - Registered new binding: Down 1 - S
12:53:11.197 [JavaFX Application Thread] DEBUG Input                - Registered new binding: Right 1 - D
12:53:11.197 [FXGL Background Thread 4 ] DEBUG FXGLAssetLoaderServi - Loading from file system: jar:file:/C:/Users/Admin/.m2/repository/com/github/almasb/fxgl/17.1/fxgl-17.1.jar!/fxglassets/ui/fonts/VarelaRound-Regular.ttf
12:53:11.198 [JavaFX Application Thread] DEBUG FXGLAssetLoaderServi - Loading from file system: jar:file:/C:/Users/Admin/.m2/repository/com/github/almasb/fxgl/17.1/fxgl-17.1.jar!/fxglassets/textures/fxgl_icon.png
12:53:11.235 [JavaFX Application Thread] DEBUG FXGLAssetLoaderServi - Loading from file system: jar:file:/C:/Users/Admin/.m2/repository/com/github/almasb/fxgl/17.1/fxgl-17.1.jar!/fxglassets/textures/fxgl_default_cursor.png
12:53:11.238 [JavaFX Application Thread] DEBUG Input                - Registered new binding: Screenshot - CTRL+8
12:53:11.238 [JavaFX Application Thread] DEBUG Input                - Registered new binding: System info dump - CTRL+9
12:53:11.238 [JavaFX Application Thread] DEBUG Input                - Registered new binding: Restart - CTRL+R
12:53:11.239 [JavaFX Application Thread] DEBUG Input                - Registered new binding: Toggle Debug Camera - CTRL+7
12:53:11.242 [JavaFX Application Thread] DEBUG LoopRunner           - Starting loop
12:53:11.243 [JavaFX Application Thread] DEBUG LoopRunner           - Initializing JavaFX AnimationTimerLoop
12:53:11.247 [JavaFX Application Thread] DEBUG GameApplicationServi - Starting new game
12:53:11.247 [JavaFX Application Thread] DEBUG Input                - Clearing active input actions
12:53:11.270 [JavaFX Application Thread] DEBUG GameApplicationServi - Removing overlay from FXGLStartupScene and adding to FXGLLoadingScene
12:53:11.271 [JavaFX Application Thread] DEBUG PrimaryStageWindow   - FXGLStartupScene -> FXGLLoadingScene
12:53:11.271 [JavaFX Application Thread] DEBUG GameApplicationServi - Clearing previous game
12:53:11.271 [JavaFX Application Thread] DEBUG GameScene            - Clearing game scene
12:53:11.271 [JavaFX Application Thread] DEBUG GameWorld            - Clearing game world
12:53:11.271 [JavaFX Application Thread] DEBUG PhysicsWorld         - Clearing physics world
12:53:11.274 [FXGL Background Thread 1 ] DEBUG FXGLApplication      - Initializing game
12:53:11.297 [FXGL Background Thread 1 ] DEBUG FXGLAssetLoaderServi - Loading from file system: file:/D:/bombermango/target/classes/assets/textures/sprites/player_left.png
12:53:11.298 [FXGL Background Thread 1 ] DEBUG FXGLAssetLoaderServi - Loading from file system: file:/D:/bombermango/target/classes/assets/textures/sprites/player_left_1.png
12:53:11.300 [FXGL Background Thread 1 ] DEBUG FXGLAssetLoaderServi - Loading from file system: file:/D:/bombermango/target/classes/assets/textures/sprites/player_left_2.png
12:53:11.324 [FXGL Background Thread 1 ] INFO  FXGLApplication      - Game initialization took: 0.049 sec
12:53:11.345 [JavaFX Application Thread] DEBUG Input                - Clearing active input actions
12:53:11.360 [JavaFX Application Thread] DEBUG GameApplicationServi - Removing overlay from FXGLLoadingScene and adding to GameScene
12:53:11.382 [JavaFX Application Thread] DEBUG PrimaryStageWindow   - FXGLLoadingScene -> GameScene
12:53:11.624 [FXGL Background Thread 4 ] DEBUG FXGLAssetLoaderServi - Loading from file system: jar:file:/C:/Users/Admin/.m2/repository/com/github/almasb/fxgl/17.1/fxgl-17.1.jar!/fxglassets/ui/fonts/Abel-Regular.ttf
12:53:11.632 [FXGL Background Thread 4 ] DEBUG FXGLAssetLoaderServi - Loading from file system: jar:file:/C:/Users/Admin/.m2/repository/com/github/almasb/fxgl/17.1/fxgl-17.1.jar!/fxglassets/ui/fonts/TerminalLandMono-Regular.otf
12:53:11.640 [FXGL Background Thread 4 ] DEBUG FXGLAssetLoaderServi - Loading from file system: jar:file:/C:/Users/Admin/.m2/repository/com/github/almasb/fxgl/17.1/fxgl-17.1.jar!/fxglassets/ui/fonts/Courier-Prime.ttf
12:53:11.649 [JavaFX Application Thread] DEBUG FXGLApplication      - Registering font factories with UI factory
12:53:13.184 [FXGL Background Thread 2 ] INFO  UpdaterService       - Your current version:  17.1
12:53:13.184 [FXGL Background Thread 2 ] INFO  UpdaterService       - Latest stable version: 17.2
12:53:13.222 [JavaFX Application Thread] DEBUG FXGLApplication      - Exiting FXGL
12:53:13.223 [JavaFX Application Thread] DEBUG LoopRunner           - Stopping loop
12:53:13.223 [JavaFX Application Thread] DEBUG SystemBundleService  - Saving FXGL system data
12:53:13.225 [JavaFX Application Thread] DEBUG FileSystemAccess     - Writing to: D:\bombermango\system\fxgl.bundle
12:53:13.229 [JavaFX Application Thread] DEBUG Async                - Shutting down background threads
12:53:13.229 [JavaFX Application Thread] DEBUG PrimaryStageWindow   - Closing main window
12:53:13.244 [JavaFX Application Thread] DEBUG Logger               - Closing Logger
