11:54:23.193 [main                     ] DEBUG Logger               - Configured Logger
11:54:23.236 [main                     ] DEBUG GameApplication      - Logging settings
Title: Bomberman
Version: 0.0
Width: 800
Height: 600
Fullscreen: false
Intro: false
Profiling: false
Single step:false
App Mode: DEVELOPER
Menu Key: ESCAPE
Stage Style: DECORATED
Scene Factory: class com.almasb.fxgl.app.scene.SceneFactory

11:54:23.762 [JavaFX Application Thread] DEBUG FXGLApplication      - Initializing FXGL
11:54:23.771 [JavaFX Application Thread] INFO  Engine               - FXGL-17.1 (24.03.2022 17.34) on WINDOWS (J:18.0.2.1 FX:18.0.1)
11:54:23.772 [JavaFX Application Thread] DEBUG Engine               - JRE Vendor Name: Oracle Corporation
11:54:23.772 [JavaFX Application Thread] DEBUG Engine               - Running on OS: Windows 10 version 10.0
11:54:23.773 [JavaFX Application Thread] DEBUG Engine               - Architecture: amd64
11:54:23.773 [JavaFX Application Thread] INFO  Engine               - Source code and latest versions at: https://github.com/AlmasB/FXGL
11:54:23.773 [JavaFX Application Thread] INFO  Engine               -       Ask questions and discuss at: https://github.com/AlmasB/FXGL/discussions
11:54:23.774 [JavaFX Application Thread] INFO  Engine               -              Join the FXGL chat at: https://gitter.im/AlmasB/FXGL
11:54:23.953 [JavaFX Application Thread] DEBUG PrimaryStageWindow   - Creating a JavaFX scene
11:54:24.032 [JavaFX Application Thread] DEBUG PrimaryStageWindow   - Target settings size: 800.0 x 600.0
11:54:24.033 [JavaFX Application Thread] DEBUG PrimaryStageWindow   - Scaled scene size:    800.0 x 600.0
11:54:24.033 [JavaFX Application Thread] DEBUG PrimaryStageWindow   - Scaled ratio: (1.0, 1.0)
11:54:24.035 [JavaFX Application Thread] DEBUG PrimaryStageWindow   - Set initial scene to FXGLStartupScene
11:54:24.047 [JavaFX Application Thread] DEBUG PrimaryStageWindow   - Opening main window
11:54:24.187 [JavaFX Application Thread] DEBUG PrimaryStageWindow   - Window border size: (14.66668701171875, 37.33331298828125)
11:54:24.188 [JavaFX Application Thread] DEBUG PrimaryStageWindow   - Scaled size: 800.0 x 600.0
11:54:24.188 [JavaFX Application Thread] DEBUG PrimaryStageWindow   - Scaled ratio: (1.0, 1.0)
11:54:24.189 [JavaFX Application Thread] DEBUG PrimaryStageWindow   - Scene size: 800.0 x 600.0
11:54:24.190 [JavaFX Application Thread] DEBUG PrimaryStageWindow   - Stage size: 814.6666870117188 x 637.3333129882812
11:54:24.229 [FXGL Background Thread 1 ] DEBUG Engine               - Initializing environment variables
11:54:24.335 [FXGL Background Thread 1 ] DEBUG FXGLAssetLoaderServi - User app class for loading assets: class mangobomb.bombermango.HelloApplication
11:54:24.336 [FXGL Background Thread 1 ] DEBUG GameApplicationServi - Applying CSS: fxgl_dark.css
11:54:24.338 [FXGL Background Thread 1 ] DEBUG FXGLAssetLoaderServi - Loading from file system: jar:file:/C:/Users/Admin/.m2/repository/com/github/almasb/fxgl/17.1/fxgl-17.1.jar!/fxglassets/ui/css/fxgl_dark.css
11:54:24.434 [FXGL Background Thread 1 ] DEBUG GameApplicationServi - Initializing application scenes
11:54:24.569 [FXGL Background Thread 1 ] DEBUG GameWorld            - Game world initialized
11:54:24.660 [FXGL Background Thread 1 ] DEBUG PhysicsWorld         - Physics world initialized: appHeight=600, physics.ppm=50.0
11:54:24.660 [FXGL Background Thread 1 ] DEBUG PhysicsWorld         - Using strategy: BRUTE_FORCE
11:54:24.667 [FXGL Background Thread 1 ] DEBUG GameScene            - Game scene initialized: 800x600
11:54:24.687 [FXGL Background Thread 1 ] DEBUG FXGL.DefaultMenu     - createMenuBodyMainMenu()
11:54:24.712 [FXGL Background Thread 1 ] DEBUG FXGL.DefaultMenu     - createOptionsMenu()
11:54:24.730 [FXGL Background Thread 1 ] DEBUG FXGLAssetLoaderServi - Loading from file system: jar:file:/C:/Users/Admin/.m2/repository/com/github/almasb/fxgl/17.1/fxgl-17.1.jar!/fxglassets/textures/particles/smoke.png
11:54:24.893 [FXGL Background Thread 1 ] DEBUG FXGLAssetLoaderServi - Loading from file system: jar:file:/C:/Users/Admin/.m2/repository/com/github/almasb/fxgl/17.1/fxgl-17.1.jar!/fxglassets/textures/particles/trace_horizontal.png
11:54:24.962 [FXGL Background Thread 1 ] DEBUG FXGL.DefaultMenu     - createMenuBodyGameMenu()
11:54:24.966 [FXGL Background Thread 1 ] DEBUG FXGL.DefaultMenu     - createOptionsMenu()
11:54:24.988 [FXGL Background Thread 1 ] DEBUG GameApplicationServi - Application scenes initialized
11:54:25.007 [FXGL Background Thread 1 ] DEBUG SystemBundleService  - Loading FXGL system data
11:54:25.014 [FXGL Background Thread 1 ] DEBUG FileSystemAccess     - Reading from: D:\bombermango\system\fxgl.bundle
11:54:25.028 [FXGL Background Thread 1 ] DEBUG SystemBundleService  - Bundle FXGL: {}
11:54:25.028 [FXGL Background Thread 1 ] DEBUG UpdaterService       - Checking for updates
11:54:25.037 [FXGL Background Thread 1 ] DEBUG FXGLApplication      - Loading default localization
11:54:25.038 [FXGL Background Thread 1 ] DEBUG FXGLAssetLoaderServi - Loading from file system: jar:file:/C:/Users/Admin/.m2/repository/com/github/almasb/fxgl/17.1/fxgl-17.1.jar!/fxglassets/languages/english.lang
11:54:25.049 [FXGL Background Thread 4 ] DEBUG FXGLApplication      - Loading fonts
11:54:25.050 [FXGL Background Thread 4 ] DEBUG FXGLAssetLoaderServi - Loading from file system: jar:file:/C:/Users/Admin/.m2/repository/com/github/almasb/fxgl/17.1/fxgl-17.1.jar!/fxglassets/ui/fonts/VarelaRound-Regular.ttf
11:54:25.098 [FXGL Background Thread 1 ] INFO  FXGLApplication      - FXGL initialization took: 0.869 sec
11:54:25.122 [JavaFX Application Thread] DEBUG Input                - Registered new binding: moveUp - W
11:54:25.122 [JavaFX Application Thread] DEBUG Input                - Registered new binding: moveRight - D
11:54:25.123 [JavaFX Application Thread] DEBUG Input                - Registered new binding: moveLeft - A
11:54:25.123 [JavaFX Application Thread] DEBUG Input                - Registered new binding: moveDown - S
11:54:25.123 [JavaFX Application Thread] DEBUG Input                - Registered new binding: implantBomb - F
11:54:25.123 [JavaFX Application Thread] DEBUG FXGLAssetLoaderServi - Loading from file system: jar:file:/C:/Users/Admin/.m2/repository/com/github/almasb/fxgl/17.1/fxgl-17.1.jar!/fxglassets/textures/fxgl_icon.png
11:54:25.178 [JavaFX Application Thread] DEBUG FXGLAssetLoaderServi - Loading from file system: jar:file:/C:/Users/Admin/.m2/repository/com/github/almasb/fxgl/17.1/fxgl-17.1.jar!/fxglassets/textures/fxgl_default_cursor.png
11:54:25.185 [JavaFX Application Thread] DEBUG Input                - Registered new binding: Screenshot - CTRL+8
11:54:25.185 [JavaFX Application Thread] DEBUG Input                - Registered new binding: System info dump - CTRL+9
11:54:25.186 [JavaFX Application Thread] DEBUG Input                - Registered new binding: Restart - CTRL+R
11:54:25.187 [JavaFX Application Thread] DEBUG Input                - Registered new binding: Toggle Debug Camera - CTRL+7
11:54:25.191 [JavaFX Application Thread] DEBUG LoopRunner           - Starting loop
11:54:25.191 [JavaFX Application Thread] DEBUG LoopRunner           - Initializing JavaFX AnimationTimerLoop
11:54:25.199 [JavaFX Application Thread] DEBUG Input                - Clearing active input actions
11:54:25.209 [JavaFX Application Thread] DEBUG GameApplicationServi - Removing overlay from FXGLStartupScene and adding to FXGLMainMenuDummyScene
11:54:25.210 [JavaFX Application Thread] DEBUG PrimaryStageWindow   - FXGLStartupScene -> FXGLMainMenuDummyScene
11:54:25.210 [JavaFX Application Thread] DEBUG PrimaryStageWindow   - Push state: FXGLDefaultMenu
11:54:25.222 [JavaFX Application Thread] DEBUG Input                - Clearing active input actions
11:54:25.244 [JavaFX Application Thread] DEBUG GameApplicationServi - Removing overlay from FXGLMainMenuDummyScene and adding to FXGLDefaultMenu
11:54:25.245 [JavaFX Application Thread] DEBUG PrimaryStageWindow   - FXGLMainMenuDummyScene -> FXGLDefaultMenu
11:54:25.322 [FXGL Background Thread 4 ] DEBUG FXGLAssetLoaderServi - Loading from file system: jar:file:/C:/Users/Admin/.m2/repository/com/github/almasb/fxgl/17.1/fxgl-17.1.jar!/fxglassets/ui/fonts/Abel-Regular.ttf
11:54:25.326 [FXGL Background Thread 4 ] DEBUG FXGLAssetLoaderServi - Loading from file system: jar:file:/C:/Users/Admin/.m2/repository/com/github/almasb/fxgl/17.1/fxgl-17.1.jar!/fxglassets/ui/fonts/TerminalLandMono-Regular.otf
11:54:25.331 [FXGL Background Thread 4 ] DEBUG FXGLAssetLoaderServi - Loading from file system: jar:file:/C:/Users/Admin/.m2/repository/com/github/almasb/fxgl/17.1/fxgl-17.1.jar!/fxglassets/ui/fonts/Courier-Prime.ttf
11:54:25.427 [JavaFX Application Thread] DEBUG FXGLApplication      - Registering font factories with UI factory
11:54:26.212 [FXGL Background Thread 2 ] INFO  UpdaterService       - Your current version:  17.1
11:54:26.213 [FXGL Background Thread 2 ] INFO  UpdaterService       - Latest stable version: 17.2
11:54:26.333 [JavaFX Application Thread] DEBUG Menu                 - fireNewGame()
11:54:26.334 [JavaFX Application Thread] DEBUG GameApplicationServi - Starting new game
11:54:26.336 [JavaFX Application Thread] DEBUG PrimaryStageWindow   - Pop state: FXGLDefaultMenu
11:54:26.336 [JavaFX Application Thread] DEBUG Input                - Clearing active input actions
11:54:26.337 [JavaFX Application Thread] DEBUG GameApplicationServi - Removing overlay from FXGLDefaultMenu and adding to FXGLMainMenuDummyScene
11:54:26.338 [JavaFX Application Thread] DEBUG PrimaryStageWindow   - FXGLMainMenuDummyScene <- FXGLDefaultMenu
11:54:26.343 [JavaFX Application Thread] DEBUG Input                - Clearing active input actions
11:54:26.361 [JavaFX Application Thread] DEBUG GameApplicationServi - Removing overlay from FXGLMainMenuDummyScene and adding to FXGLLoadingScene
11:54:26.361 [JavaFX Application Thread] DEBUG PrimaryStageWindow   - FXGLMainMenuDummyScene -> FXGLLoadingScene
11:54:26.361 [JavaFX Application Thread] DEBUG GameApplicationServi - Clearing previous game
11:54:26.361 [JavaFX Application Thread] DEBUG GameScene            - Clearing game scene
11:54:26.362 [JavaFX Application Thread] DEBUG GameWorld            - Clearing game world
11:54:26.362 [JavaFX Application Thread] DEBUG PhysicsWorld         - Clearing physics world
11:54:26.367 [FXGL Background Thread 2 ] DEBUG FXGLApplication      - Initializing game
11:54:26.409 [FXGL Background Thread 2 ] DEBUG FXGLAssetLoaderServi - Loading from file system: file:/D:/bombermango/target/classes/assets/textures/sprites/wall.png
11:54:26.443 [FXGL Background Thread 2 ] DEBUG FXGLAssetLoaderServi - Loading from file system: file:/D:/bombermango/target/classes/assets/textures/sprites/brick.png
11:54:26.498 [FXGL Background Thread 2 ] DEBUG FXGLAssetLoaderServi - Loading from file system: file:/D:/bombermango/target/classes/assets/textures/sprites/portal.png
11:54:26.557 [FXGL Background Thread 2 ] DEBUG GameWorld            - Clearing removable entities
11:54:26.559 [FXGL Background Thread 2 ] DEBUG GameWorld            - Setting level: com.almasb.fxgl.entity.level.Level@54d71958
11:54:26.665 [JavaFX Application Thread] DEBUG LoopRunner           - Stopping loop
11:54:26.668 [JavaFX Application Thread] FATAL FXGLApplication      - Uncaught Exception:
java.lang.RuntimeException: Initialization failed
	at com.almasb.fxgl.app.FXGLApplication$InitAppTask.failed(FXGLApplication.kt:343)
	at javafx.concurrent.Task.setState(Task.java:710)
	at javafx.concurrent.Task$TaskCallable.lambda$call$2(Task.java:1456)
	at com.sun.javafx.application.PlatformImpl.lambda$runLater$10(PlatformImpl.java:457)
	at java.base/java.security.AccessController.doPrivileged(AccessController.java:399)
	at com.sun.javafx.application.PlatformImpl.lambda$runLater$11(PlatformImpl.java:456)
	at com.sun.glass.ui.InvokeLaterDispatcher$Future.run(InvokeLaterDispatcher.java:96)
	at com.sun.glass.ui.win.WinApplication._runLoop(Native Method)
	at com.sun.glass.ui.win.WinApplication.lambda$runLoop$3(WinApplication.java:184)
	at java.base/java.lang.Thread.run(Thread.java:833)
Caused by: java.lang.IllegalArgumentException: Component Portal not found!
	at com.almasb.fxgl.entity.Entity.getComponent(Entity.java:366)
	at mangobomb.bombermango.HelloApplication.initGame(HelloApplication.java:73)
	at com.almasb.fxgl.app.FXGLApplication$InitAppTask.initGame(FXGLApplication.kt:339)
	at com.almasb.fxgl.app.FXGLApplication$InitAppTask.call(FXGLApplication.kt:319)
	at com.almasb.fxgl.app.FXGLApplication$InitAppTask.call(FXGLApplication.kt:311)
	at javafx.concurrent.Task$TaskCallable.call(Task.java:1426)
	at java.base/java.util.concurrent.FutureTask.run(FutureTask.java:264)
	at java.base/java.util.concurrent.Executors$RunnableAdapter.call(Executors.java:539)
	at java.base/java.util.concurrent.FutureTask.run(FutureTask.java:264)
	at java.base/java.util.concurrent.ThreadPoolExecutor.runWorker(ThreadPoolExecutor.java:1136)
	at java.base/java.util.concurrent.ThreadPoolExecutor$Worker.run(ThreadPoolExecutor.java:635)
	... 1 more

11:54:26.669 [JavaFX Application Thread] FATAL FXGLApplication      - Application will now exit
11:54:26.700 [JavaFX Application Thread] DEBUG PrimaryStageWindow   - Push state: ErrorSubScene
11:54:26.700 [JavaFX Application Thread] DEBUG Input                - Clearing active input actions
11:54:26.703 [JavaFX Application Thread] DEBUG GameApplicationServi - Removing overlay from FXGLLoadingScene and adding to ErrorSubScene
11:54:26.704 [JavaFX Application Thread] DEBUG PrimaryStageWindow   - FXGLLoadingScene -> ErrorSubScene
11:54:28.034 [FXGL Background Thread 3 ] DEBUG Engine               - Logging environment variables
11:54:28.038 [FXGL Background Thread 3 ] DEBUG Engine               - achievements: []
11:54:28.038 [FXGL Background Thread 3 ] DEBUG Engine               - actualHeight: 600.0
11:54:28.039 [FXGL Background Thread 3 ] DEBUG Engine               - actualHeightProperty: ReadOnlyDoubleProperty [value: 600.0]
11:54:28.039 [FXGL Background Thread 3 ] DEBUG Engine               - actualWidth: 800.0
11:54:28.039 [FXGL Background Thread 3 ] DEBUG Engine               - actualWidthProperty: ReadOnlyDoubleProperty [value: 800.0]
11:54:28.040 [FXGL Background Thread 3 ] DEBUG Engine               - appIcon: fxgl_icon.png
11:54:28.040 [FXGL Background Thread 3 ] DEBUG Engine               - applicationMode: DEVELOPER
11:54:28.040 [FXGL Background Thread 3 ] DEBUG Engine               - cSSList: [fxgl_dark.css]
11:54:28.040 [FXGL Background Thread 3 ] DEBUG Engine               - collisionDetectionStrategy: BRUTE_FORCE
11:54:28.041 [FXGL Background Thread 3 ] DEBUG Engine               - configClass: Optional.empty
11:54:28.041 [FXGL Background Thread 3 ] DEBUG Engine               - credits: []
11:54:28.042 [FXGL Background Thread 3 ] DEBUG Engine               - defaultCursor: CursorInfo(imageName=fxgl_default_cursor.png, hotspotX=7.0, hotspotY=6.0)
11:54:28.043 [FXGL Background Thread 3 ] DEBUG Engine               - devBBoxColorProperty: ObjectProperty [value: 0xff0000ff]
11:54:28.043 [FXGL Background Thread 3 ] DEBUG Engine               - devEnableDebugCameraProperty: BooleanProperty [value: false]
11:54:28.044 [FXGL Background Thread 3 ] DEBUG Engine               - devSensorColorProperty: ObjectProperty [value: 0xffff00ff]
11:54:28.044 [FXGL Background Thread 3 ] DEBUG Engine               - devShowBBoxProperty: BooleanProperty [value: false]
11:54:28.044 [FXGL Background Thread 3 ] DEBUG Engine               - devShowPositionProperty: BooleanProperty [value: false]
11:54:28.045 [FXGL Background Thread 3 ] DEBUG Engine               - enabledMenuItems: []
11:54:28.045 [FXGL Background Thread 3 ] DEBUG Engine               - engineServices: [class com.almasb.fxgl.app.services.FXGLAssetLoaderService, class com.almasb.fxgl.app.FXGLApplication$GameApplicationService, class com.almasb.fxgl.app.services.FXGLDialogService, class com.almasb.fxgl.app.services.IOTaskExecutorService, class com.almasb.fxgl.io.FileSystemService, class com.almasb.fxgl.localization.LocalizationService, class com.almasb.fxgl.app.services.SystemBundleService, class com.almasb.fxgl.profile.SaveLoadService, class com.almasb.fxgl.ui.FXGLUIFactoryServiceProvider, class com.almasb.fxgl.ui.FXGLDialogFactoryServiceProvider, class com.almasb.fxgl.audio.AudioPlayer, class com.almasb.fxgl.notification.impl.NotificationServiceProvider, class com.almasb.fxgl.achievement.AchievementService, class com.almasb.fxgl.cutscene.CutsceneService, class com.almasb.fxgl.minigames.MiniGameService, class com.almasb.fxgl.net.NetService, class com.almasb.fxgl.app.services.UpdaterService, class com.almasb.fxgl.dev.DevService]
11:54:28.045 [FXGL Background Thread 3 ] DEBUG Engine               - fontGame: Abel-Regular.ttf
11:54:28.046 [FXGL Background Thread 3 ] DEBUG Engine               - fontMono: TerminalLandMono-Regular.otf
11:54:28.046 [FXGL Background Thread 3 ] DEBUG Engine               - fontText: Courier-Prime.ttf
11:54:28.046 [FXGL Background Thread 3 ] DEBUG Engine               - fontUI: VarelaRound-Regular.ttf
11:54:28.047 [FXGL Background Thread 3 ] DEBUG Engine               - fullScreen: BooleanProperty [value: false]
11:54:28.047 [FXGL Background Thread 3 ] DEBUG Engine               - gameDifficulty: MEDIUM
11:54:28.050 [FXGL Background Thread 3 ] DEBUG Engine               - gameDifficultyProperty: ObjectProperty [value: MEDIUM]
11:54:28.052 [FXGL Background Thread 3 ] DEBUG Engine               - globalMusicVolume: 0.5
11:54:28.052 [FXGL Background Thread 3 ] DEBUG Engine               - globalMusicVolumeProperty: DoubleProperty [value: 0.5]
11:54:28.053 [FXGL Background Thread 3 ] DEBUG Engine               - globalSoundVolume: 0.5
11:54:28.053 [FXGL Background Thread 3 ] DEBUG Engine               - globalSoundVolumeProperty: DoubleProperty [value: 0.5]
11:54:28.054 [FXGL Background Thread 3 ] DEBUG Engine               - height: 600
11:54:28.054 [FXGL Background Thread 3 ] DEBUG Engine               - is3D: false
11:54:28.054 [FXGL Background Thread 3 ] DEBUG Engine               - isAndroid: false
11:54:28.054 [FXGL Background Thread 3 ] DEBUG Engine               - isBrowser: false
11:54:28.055 [FXGL Background Thread 3 ] DEBUG Engine               - isClickFeedbackEnabled: false
11:54:28.055 [FXGL Background Thread 3 ] DEBUG Engine               - isCloseConfirmation: false
11:54:28.055 [FXGL Background Thread 3 ] DEBUG Engine               - isDesktop: true
11:54:28.055 [FXGL Background Thread 3 ] DEBUG Engine               - isDeveloperMenuEnabled: false
11:54:28.056 [FXGL Background Thread 3 ] DEBUG Engine               - isEmbedded: false
11:54:28.056 [FXGL Background Thread 3 ] DEBUG Engine               - isEntityPreloadEnabled: true
11:54:28.057 [FXGL Background Thread 3 ] DEBUG Engine               - isExperimentalTiledLargeMap: false
11:54:28.057 [FXGL Background Thread 3 ] DEBUG Engine               - isFileSystemWriteAllowed: true
11:54:28.057 [FXGL Background Thread 3 ] DEBUG Engine               - isFullScreenAllowed: false
11:54:28.057 [FXGL Background Thread 3 ] DEBUG Engine               - isFullScreenFromStart: false
11:54:28.057 [FXGL Background Thread 3 ] DEBUG Engine               - isGameMenuEnabled: true
11:54:28.057 [FXGL Background Thread 3 ] DEBUG Engine               - isIOS: false
11:54:28.057 [FXGL Background Thread 3 ] DEBUG Engine               - isIntroEnabled: false
11:54:28.058 [FXGL Background Thread 3 ] DEBUG Engine               - isLinux: false
11:54:28.058 [FXGL Background Thread 3 ] DEBUG Engine               - isMac: false
11:54:28.058 [FXGL Background Thread 3 ] DEBUG Engine               - isMainMenuEnabled: true
11:54:28.058 [FXGL Background Thread 3 ] DEBUG Engine               - isManualResizeEnabled: false
11:54:28.058 [FXGL Background Thread 3 ] DEBUG Engine               - isMobile: false
11:54:28.058 [FXGL Background Thread 3 ] DEBUG Engine               - isNative: false
11:54:28.059 [FXGL Background Thread 3 ] DEBUG Engine               - isPauseMusicWhenMinimized: true
11:54:28.059 [FXGL Background Thread 3 ] DEBUG Engine               - isPreserveResizeRatio: false
11:54:28.060 [FXGL Background Thread 3 ] DEBUG Engine               - isProfilingEnabled: false
11:54:28.060 [FXGL Background Thread 3 ] DEBUG Engine               - isScaleAffectedOnResize: true
11:54:28.060 [FXGL Background Thread 3 ] DEBUG Engine               - isSingleStep: false
11:54:28.060 [FXGL Background Thread 3 ] DEBUG Engine               - isUserProfileEnabled: false
11:54:28.060 [FXGL Background Thread 3 ] DEBUG Engine               - isWindows: true
11:54:28.061 [FXGL Background Thread 3 ] DEBUG Engine               - language: ObjectProperty [value: ENGLISH]
11:54:28.061 [FXGL Background Thread 3 ] DEBUG Engine               - menuKey: ESCAPE
11:54:28.061 [FXGL Background Thread 3 ] DEBUG Engine               - mouseSensitivity: 0.2
11:54:28.062 [FXGL Background Thread 3 ] DEBUG Engine               - notificationViewClass: class com.almasb.fxgl.notification.view.XboxNotificationView
11:54:28.062 [FXGL Background Thread 3 ] DEBUG Engine               - pixelsPerMeter: 50.0
11:54:28.062 [FXGL Background Thread 3 ] DEBUG Engine               - platform: WINDOWS
11:54:28.063 [FXGL Background Thread 3 ] DEBUG Engine               - prefHeightProperty: ReadOnlyDoubleProperty [value: 600.0]
11:54:28.063 [FXGL Background Thread 3 ] DEBUG Engine               - prefWidthProperty: ReadOnlyDoubleProperty [value: 800.0]
11:54:28.064 [FXGL Background Thread 3 ] DEBUG Engine               - profileDir: profiles/
11:54:28.067 [FXGL Background Thread 3 ] DEBUG Engine               - profileName: StringProperty [value: DEFAULT]
11:54:28.067 [FXGL Background Thread 3 ] DEBUG Engine               - randomSeed: -1
11:54:28.070 [FXGL Background Thread 3 ] DEBUG Engine               - runtimeInfo: RuntimeInfo(platform=WINDOWS, version=17.1, build=24.03.2022 17.34)
11:54:28.070 [FXGL Background Thread 3 ] DEBUG Engine               - saveFileExt: sav
11:54:28.070 [FXGL Background Thread 3 ] DEBUG Engine               - scaledHeightProp$fxgl: DoubleProperty [bound, value: 600.0]
11:54:28.071 [FXGL Background Thread 3 ] DEBUG Engine               - scaledWidthProp$fxgl: DoubleProperty [bound, value: 800.0]
11:54:28.071 [FXGL Background Thread 3 ] DEBUG Engine               - sceneFactory: com.almasb.fxgl.app.scene.SceneFactory@b51b166
11:54:28.071 [FXGL Background Thread 3 ] DEBUG Engine               - secondsIn24h: 60
11:54:28.072 [FXGL Background Thread 3 ] DEBUG Engine               - soundMenuBack: menu/back.wav
11:54:28.072 [FXGL Background Thread 3 ] DEBUG Engine               - soundMenuPress: menu/press.wav
11:54:28.072 [FXGL Background Thread 3 ] DEBUG Engine               - soundMenuSelect: menu/select.wav
11:54:28.072 [FXGL Background Thread 3 ] DEBUG Engine               - soundNotification: core/notification.wav
11:54:28.073 [FXGL Background Thread 3 ] DEBUG Engine               - stageStyle: DECORATED
11:54:28.073 [FXGL Background Thread 3 ] DEBUG Engine               - supportedLanguages: [ENGLISH, FRENCH, GERMAN, HUNGARIAN, RUSSIAN]
11:54:28.073 [FXGL Background Thread 3 ] DEBUG Engine               - ticksPerSecond: -1
11:54:28.073 [FXGL Background Thread 3 ] DEBUG Engine               - title: Bomberman
11:54:28.074 [FXGL Background Thread 3 ] DEBUG Engine               - urlGithub: https://github.com/AlmasB/FXGL
11:54:28.074 [FXGL Background Thread 3 ] DEBUG Engine               - urlLeaderboard: http://fxgl-top.herokuapp.com/
11:54:28.074 [FXGL Background Thread 3 ] DEBUG Engine               - urlPOM: https://raw.githubusercontent.com/AlmasB/FXGL/release/README.md
11:54:28.074 [FXGL Background Thread 3 ] DEBUG Engine               - userAppClass: class mangobomb.bombermango.HelloApplication
11:54:28.074 [FXGL Background Thread 3 ] DEBUG Engine               - version: 0.0
11:54:28.075 [FXGL Background Thread 3 ] DEBUG Engine               - versionCheckDays: 7
11:54:28.075 [FXGL Background Thread 3 ] DEBUG Engine               - width: 800
11:54:28.075 [FXGL Background Thread 3 ] DEBUG Engine               - Logging services
11:54:28.075 [FXGL Background Thread 3 ] DEBUG Engine               - class com.almasb.fxgl.app.services.FXGLAssetLoaderService
11:54:28.075 [FXGL Background Thread 3 ] DEBUG Engine               - class com.almasb.fxgl.app.FXGLApplication$GameApplicationService
11:54:28.076 [FXGL Background Thread 3 ] DEBUG Engine               - class com.almasb.fxgl.app.services.FXGLDialogService
11:54:28.076 [FXGL Background Thread 3 ] DEBUG Engine               - class com.almasb.fxgl.app.services.IOTaskExecutorService
11:54:28.076 [FXGL Background Thread 3 ] DEBUG Engine               - class com.almasb.fxgl.io.FileSystemService
11:54:28.077 [FXGL Background Thread 3 ] DEBUG Engine               - class com.almasb.fxgl.localization.LocalizationService
11:54:28.077 [FXGL Background Thread 3 ] DEBUG Engine               - class com.almasb.fxgl.app.services.SystemBundleService
11:54:28.077 [FXGL Background Thread 3 ] DEBUG Engine               - class com.almasb.fxgl.profile.SaveLoadService
11:54:28.077 [FXGL Background Thread 3 ] DEBUG Engine               - class com.almasb.fxgl.ui.FXGLUIFactoryServiceProvider
11:54:28.077 [FXGL Background Thread 3 ] DEBUG Engine               - class com.almasb.fxgl.ui.FXGLDialogFactoryServiceProvider
11:54:28.078 [FXGL Background Thread 3 ] DEBUG Engine               - class com.almasb.fxgl.audio.AudioPlayer
11:54:28.078 [FXGL Background Thread 3 ] DEBUG Engine               - class com.almasb.fxgl.notification.impl.NotificationServiceProvider
11:54:28.078 [FXGL Background Thread 3 ] DEBUG Engine               - class com.almasb.fxgl.achievement.AchievementService
11:54:28.079 [FXGL Background Thread 3 ] DEBUG Engine               - class com.almasb.fxgl.cutscene.CutsceneService
11:54:28.079 [FXGL Background Thread 3 ] DEBUG Engine               - class com.almasb.fxgl.minigames.MiniGameService
11:54:28.079 [FXGL Background Thread 3 ] DEBUG Engine               - class com.almasb.fxgl.net.NetService
11:54:28.080 [FXGL Background Thread 3 ] DEBUG Engine               - class com.almasb.fxgl.app.services.UpdaterService
11:54:28.080 [FXGL Background Thread 3 ] DEBUG Engine               - class com.almasb.fxgl.dev.DevService
11:54:29.543 [JavaFX Application Thread] DEBUG FXGLApplication      - Exiting FXGL
11:54:29.543 [JavaFX Application Thread] DEBUG Async                - Shutting down background threads
11:54:29.543 [JavaFX Application Thread] DEBUG PrimaryStageWindow   - Closing main window
11:54:29.556 [JavaFX Application Thread] DEBUG Logger               - Closing Logger
