16:37:17.808 [main                     ] DEBUG Logger               - Configured Logger
16:37:17.850 [main                     ] DEBUG GameApplication      - Logging settings
Title: Bomberman
Version: 0.0
Width: 800
Height: 672
Fullscreen: false
Intro: false
Profiling: false
Single step:false
App Mode: DEVELOPER
Menu Key: ESCAPE
Stage Style: DECORATED
Scene Factory: class com.almasb.fxgl.app.scene.SceneFactory

16:37:18.422 [JavaFX Application Thread] DEBUG FXGLApplication      - Initializing FXGL
16:37:18.431 [JavaFX Application Thread] INFO  Engine               - FXGL-17.1 (24.03.2022 17.34) on WINDOWS (J:18.0.2.1 FX:18.0.1)
16:37:18.432 [JavaFX Application Thread] DEBUG Engine               - JRE Vendor Name: Oracle Corporation
16:37:18.432 [JavaFX Application Thread] DEBUG Engine               - Running on OS: Windows 10 version 10.0
16:37:18.433 [JavaFX Application Thread] DEBUG Engine               - Architecture: amd64
16:37:18.433 [JavaFX Application Thread] INFO  Engine               - Source code and latest versions at: https://github.com/AlmasB/FXGL
16:37:18.433 [JavaFX Application Thread] INFO  Engine               -       Ask questions and discuss at: https://github.com/AlmasB/FXGL/discussions
16:37:18.433 [JavaFX Application Thread] INFO  Engine               -              Join the FXGL chat at: https://gitter.im/AlmasB/FXGL
16:37:18.614 [JavaFX Application Thread] DEBUG PrimaryStageWindow   - Creating a JavaFX scene
16:37:18.696 [JavaFX Application Thread] DEBUG PrimaryStageWindow   - Target settings size: 800.0 x 672.0
16:37:18.696 [JavaFX Application Thread] DEBUG PrimaryStageWindow   - Scaled scene size:    800.0 x 672.0
16:37:18.697 [JavaFX Application Thread] DEBUG PrimaryStageWindow   - Scaled ratio: (1.0, 1.0)
16:37:18.699 [JavaFX Application Thread] DEBUG PrimaryStageWindow   - Set initial scene to FXGLStartupScene
16:37:18.717 [JavaFX Application Thread] DEBUG PrimaryStageWindow   - Opening main window
16:37:18.868 [JavaFX Application Thread] DEBUG PrimaryStageWindow   - Window border size: (14.66668701171875, 37.33331298828125)
16:37:18.868 [JavaFX Application Thread] DEBUG PrimaryStageWindow   - Scaled size: 800.0 x 672.0
16:37:18.868 [JavaFX Application Thread] DEBUG PrimaryStageWindow   - Scaled ratio: (1.0, 1.0)
16:37:18.869 [JavaFX Application Thread] DEBUG PrimaryStageWindow   - Scene size: 800.0 x 672.0
16:37:18.869 [JavaFX Application Thread] DEBUG PrimaryStageWindow   - Stage size: 814.6666870117188 x 709.3333129882812
16:37:18.889 [FXGL Background Thread 1 ] DEBUG Engine               - Initializing environment variables
16:37:19.006 [FXGL Background Thread 1 ] DEBUG FXGLAssetLoaderServi - User app class for loading assets: class mangobomb.bombermango.HelloApplication
16:37:19.007 [FXGL Background Thread 1 ] DEBUG GameApplicationServi - Applying CSS: fxgl_dark.css
16:37:19.010 [FXGL Background Thread 1 ] DEBUG FXGLAssetLoaderServi - Loading from file system: jar:file:/C:/Users/Admin/.m2/repository/com/github/almasb/fxgl/17.1/fxgl-17.1.jar!/fxglassets/ui/css/fxgl_dark.css
16:37:19.102 [FXGL Background Thread 1 ] DEBUG GameApplicationServi - Initializing application scenes
16:37:19.233 [FXGL Background Thread 1 ] DEBUG GameWorld            - Game world initialized
16:37:19.330 [FXGL Background Thread 1 ] DEBUG PhysicsWorld         - Physics world initialized: appHeight=672, physics.ppm=50.0
16:37:19.331 [FXGL Background Thread 1 ] DEBUG PhysicsWorld         - Using strategy: BRUTE_FORCE
16:37:19.337 [FXGL Background Thread 1 ] DEBUG GameScene            - Game scene initialized: 800x672
16:37:19.358 [FXGL Background Thread 1 ] DEBUG FXGL.DefaultMenu     - createMenuBodyMainMenu()
16:37:19.390 [FXGL Background Thread 1 ] DEBUG FXGL.DefaultMenu     - createOptionsMenu()
16:37:19.414 [FXGL Background Thread 1 ] DEBUG FXGLAssetLoaderServi - Loading from file system: jar:file:/C:/Users/Admin/.m2/repository/com/github/almasb/fxgl/17.1/fxgl-17.1.jar!/fxglassets/textures/particles/smoke.png
16:37:19.625 [FXGL Background Thread 1 ] DEBUG FXGLAssetLoaderServi - Loading from file system: jar:file:/C:/Users/Admin/.m2/repository/com/github/almasb/fxgl/17.1/fxgl-17.1.jar!/fxglassets/textures/particles/trace_horizontal.png
16:37:19.676 [FXGL Background Thread 1 ] DEBUG FXGL.DefaultMenu     - createMenuBodyGameMenu()
16:37:19.678 [FXGL Background Thread 1 ] DEBUG FXGL.DefaultMenu     - createOptionsMenu()
16:37:19.706 [FXGL Background Thread 1 ] DEBUG GameApplicationServi - Application scenes initialized
16:37:19.729 [FXGL Background Thread 1 ] DEBUG SystemBundleService  - Loading FXGL system data
16:37:19.737 [FXGL Background Thread 1 ] DEBUG FileSystemAccess     - Reading from: D:\bombermango\system\fxgl.bundle
16:37:19.753 [FXGL Background Thread 1 ] DEBUG SystemBundleService  - Bundle FXGL: {}
16:37:19.753 [FXGL Background Thread 1 ] DEBUG UpdaterService       - Checking for updates
16:37:19.760 [FXGL Background Thread 4 ] DEBUG FXGLApplication      - Loading fonts
16:37:19.761 [FXGL Background Thread 1 ] DEBUG FXGLApplication      - Loading default localization
16:37:19.762 [FXGL Background Thread 1 ] DEBUG FXGLAssetLoaderServi - Loading from file system: jar:file:/C:/Users/Admin/.m2/repository/com/github/almasb/fxgl/17.1/fxgl-17.1.jar!/fxglassets/languages/english.lang
16:37:19.765 [FXGL Background Thread 4 ] DEBUG FXGLAssetLoaderServi - Loading from file system: jar:file:/C:/Users/Admin/.m2/repository/com/github/almasb/fxgl/17.1/fxgl-17.1.jar!/fxglassets/ui/fonts/VarelaRound-Regular.ttf
16:37:19.813 [FXGL Background Thread 1 ] INFO  FXGLApplication      - FXGL initialization took: 0.924 sec
16:37:19.837 [JavaFX Application Thread] DEBUG Input                - Registered new binding: moveUp - W
16:37:19.837 [JavaFX Application Thread] DEBUG Input                - Registered new binding: moveRight - D
16:37:19.838 [JavaFX Application Thread] DEBUG Input                - Registered new binding: moveLeft - A
16:37:19.838 [JavaFX Application Thread] DEBUG Input                - Registered new binding: moveDown - S
16:37:19.838 [JavaFX Application Thread] DEBUG Input                - Registered new binding: implantBomb - F
16:37:19.838 [JavaFX Application Thread] DEBUG Input                - Registered new binding: PlayMusic - M
16:37:19.838 [JavaFX Application Thread] DEBUG Input                - Registered new binding: Pause - P
16:37:19.839 [JavaFX Application Thread] DEBUG FXGLAssetLoaderServi - Loading from file system: jar:file:/C:/Users/Admin/.m2/repository/com/github/almasb/fxgl/17.1/fxgl-17.1.jar!/fxglassets/textures/fxgl_icon.png
16:37:19.870 [JavaFX Application Thread] DEBUG FXGLAssetLoaderServi - Loading from file system: jar:file:/C:/Users/Admin/.m2/repository/com/github/almasb/fxgl/17.1/fxgl-17.1.jar!/fxglassets/textures/fxgl_default_cursor.png
16:37:19.891 [JavaFX Application Thread] DEBUG Input                - Registered new binding: Screenshot - CTRL+8
16:37:19.892 [JavaFX Application Thread] DEBUG Input                - Registered new binding: System info dump - CTRL+9
16:37:19.900 [JavaFX Application Thread] DEBUG Input                - Registered new binding: Restart - CTRL+R
16:37:19.901 [JavaFX Application Thread] DEBUG Input                - Registered new binding: Toggle Debug Camera - CTRL+7
16:37:19.905 [JavaFX Application Thread] DEBUG LoopRunner           - Starting loop
16:37:19.905 [JavaFX Application Thread] DEBUG LoopRunner           - Initializing JavaFX AnimationTimerLoop
16:37:19.908 [JavaFX Application Thread] DEBUG Input                - Clearing active input actions
16:37:19.920 [JavaFX Application Thread] DEBUG GameApplicationServi - Removing overlay from FXGLStartupScene and adding to FXGLMainMenuDummyScene
16:37:19.921 [JavaFX Application Thread] DEBUG PrimaryStageWindow   - FXGLStartupScene -> FXGLMainMenuDummyScene
16:37:19.922 [JavaFX Application Thread] DEBUG PrimaryStageWindow   - Push state: FXGLDefaultMenu
16:37:19.933 [JavaFX Application Thread] DEBUG Input                - Clearing active input actions
16:37:19.936 [FXGL Background Thread 4 ] DEBUG FXGLAssetLoaderServi - Loading from file system: jar:file:/C:/Users/Admin/.m2/repository/com/github/almasb/fxgl/17.1/fxgl-17.1.jar!/fxglassets/ui/fonts/Abel-Regular.ttf
16:37:19.944 [FXGL Background Thread 4 ] DEBUG FXGLAssetLoaderServi - Loading from file system: jar:file:/C:/Users/Admin/.m2/repository/com/github/almasb/fxgl/17.1/fxgl-17.1.jar!/fxglassets/ui/fonts/TerminalLandMono-Regular.otf
16:37:19.950 [FXGL Background Thread 4 ] DEBUG FXGLAssetLoaderServi - Loading from file system: jar:file:/C:/Users/Admin/.m2/repository/com/github/almasb/fxgl/17.1/fxgl-17.1.jar!/fxglassets/ui/fonts/Courier-Prime.ttf
16:37:19.952 [JavaFX Application Thread] DEBUG GameApplicationServi - Removing overlay from FXGLMainMenuDummyScene and adding to FXGLDefaultMenu
16:37:19.953 [JavaFX Application Thread] DEBUG PrimaryStageWindow   - FXGLMainMenuDummyScene -> FXGLDefaultMenu
16:37:20.099 [JavaFX Application Thread] DEBUG FXGLApplication      - Registering font factories with UI factory
16:37:21.182 [JavaFX Application Thread] DEBUG Menu                 - fireNewGame()
16:37:21.183 [JavaFX Application Thread] DEBUG GameApplicationServi - Starting new game
16:37:21.185 [JavaFX Application Thread] DEBUG PrimaryStageWindow   - Pop state: FXGLDefaultMenu
16:37:21.186 [JavaFX Application Thread] DEBUG Input                - Clearing active input actions
16:37:21.189 [JavaFX Application Thread] DEBUG GameApplicationServi - Removing overlay from FXGLDefaultMenu and adding to FXGLMainMenuDummyScene
16:37:21.190 [JavaFX Application Thread] DEBUG PrimaryStageWindow   - FXGLMainMenuDummyScene <- FXGLDefaultMenu
16:37:21.195 [JavaFX Application Thread] DEBUG Input                - Clearing active input actions
16:37:21.204 [JavaFX Application Thread] DEBUG GameApplicationServi - Removing overlay from FXGLMainMenuDummyScene and adding to FXGLLoadingScene
16:37:21.204 [JavaFX Application Thread] DEBUG PrimaryStageWindow   - FXGLMainMenuDummyScene -> FXGLLoadingScene
16:37:21.205 [JavaFX Application Thread] DEBUG GameApplicationServi - Clearing previous game
16:37:21.205 [JavaFX Application Thread] DEBUG GameScene            - Clearing game scene
16:37:21.205 [JavaFX Application Thread] DEBUG GameWorld            - Clearing game world
16:37:21.205 [JavaFX Application Thread] DEBUG PhysicsWorld         - Clearing physics world
16:37:21.213 [FXGL Background Thread 4 ] DEBUG FXGLApplication      - Initializing game
16:37:21.240 [FXGL Background Thread 2 ] INFO  UpdaterService       - Your current version:  17.1
16:37:21.240 [FXGL Background Thread 2 ] INFO  UpdaterService       - Latest stable version: 17.2
16:37:21.258 [FXGL Background Thread 4 ] DEBUG FXGLAssetLoaderServi - Loading from file system: file:/D:/bombermango/target/classes/assets/textures/sprites/wall.png
16:37:21.298 [FXGL Background Thread 4 ] DEBUG FXGLAssetLoaderServi - Loading from file system: file:/D:/bombermango/target/classes/assets/textures/sprites/brick.png
16:37:21.303 [FXGL Background Thread 4 ] DEBUG FXGLAssetLoaderServi - Loading from file system: file:/D:/bombermango/target/classes/assets/textures/sprites/balloom_right1.png
16:37:21.305 [FXGL Background Thread 4 ] DEBUG FXGLAssetLoaderServi - Loading from file system: file:/D:/bombermango/target/classes/assets/textures/sprites/balloom_right2.png
16:37:21.306 [FXGL Background Thread 4 ] DEBUG FXGLAssetLoaderServi - Loading from file system: file:/D:/bombermango/target/classes/assets/textures/sprites/balloom_right3.png
16:37:21.336 [FXGL Background Thread 4 ] DEBUG FXGLAssetLoaderServi - Loading from file system: file:/D:/bombermango/target/classes/assets/textures/sprites/oneal_right1.png
16:37:21.337 [FXGL Background Thread 4 ] DEBUG FXGLAssetLoaderServi - Loading from file system: file:/D:/bombermango/target/classes/assets/textures/sprites/oneal_right2.png
16:37:21.340 [FXGL Background Thread 4 ] DEBUG FXGLAssetLoaderServi - Loading from file system: file:/D:/bombermango/target/classes/assets/textures/sprites/oneal_right3.png
16:37:21.505 [FXGL Background Thread 4 ] DEBUG FXGLAssetLoaderServi - Loading from file system: file:/D:/bombermango/target/classes/assets/textures/sprites/doll_right1.png
16:37:21.506 [FXGL Background Thread 4 ] DEBUG FXGLAssetLoaderServi - Loading from file system: file:/D:/bombermango/target/classes/assets/textures/sprites/doll_right2.png
16:37:21.511 [FXGL Background Thread 4 ] DEBUG FXGLAssetLoaderServi - Loading from file system: file:/D:/bombermango/target/classes/assets/textures/sprites/doll_right3.png
16:37:21.550 [FXGL Background Thread 4 ] DEBUG GameWorld            - Clearing removable entities
16:37:21.551 [FXGL Background Thread 4 ] DEBUG GameWorld            - Setting level: com.almasb.fxgl.entity.level.Level@11d28a24
16:37:21.671 [FXGL Background Thread 4 ] WARN  FXGLAssetLoaderServi - Asset "/assets/music/gameaudio.wav" was not found!
16:37:21.671 [FXGL Background Thread 4 ] WARN  FXGLAssetLoaderServi - Failed to load MUSIC
16:37:21.674 [FXGL Background Thread 4 ] DEBUG FXGLAssetLoaderServi - Loading from file system: file:/D:/bombermango/target/classes/assets/textures/sprites/player_right.png
16:37:21.676 [FXGL Background Thread 4 ] DEBUG FXGLAssetLoaderServi - Loading from file system: file:/D:/bombermango/target/classes/assets/textures/sprites/player_right_1.png
16:37:21.679 [FXGL Background Thread 4 ] WARN  FXGLAssetLoaderServi - Asset "/assets/textures/sprites/player_right_2.png" was not found!
16:37:21.679 [FXGL Background Thread 4 ] WARN  FXGLAssetLoaderServi - Failed to load RESIZABLE_IMAGE
16:37:21.709 [FXGL Background Thread 4 ] DEBUG FXGLAssetLoaderServi - Loading from file system: file:/D:/bombermango/target/classes/assets/textures/sprites/player_down.png
16:37:21.713 [FXGL Background Thread 4 ] DEBUG FXGLAssetLoaderServi - Loading from file system: file:/D:/bombermango/target/classes/assets/textures/sprites/player_down_1.png
16:37:21.715 [FXGL Background Thread 4 ] DEBUG FXGLAssetLoaderServi - Loading from file system: file:/D:/bombermango/target/classes/assets/textures/sprites/player_down_2.png
16:37:21.717 [FXGL Background Thread 4 ] DEBUG FXGLAssetLoaderServi - Loading from file system: file:/D:/bombermango/target/classes/assets/textures/sprites/player_left.png
16:37:21.719 [FXGL Background Thread 4 ] DEBUG FXGLAssetLoaderServi - Loading from file system: file:/D:/bombermango/target/classes/assets/textures/sprites/player_left_1.png
16:37:21.720 [FXGL Background Thread 4 ] DEBUG FXGLAssetLoaderServi - Loading from file system: file:/D:/bombermango/target/classes/assets/textures/sprites/player_left_2.png
16:37:21.723 [FXGL Background Thread 4 ] DEBUG FXGLAssetLoaderServi - Loading from file system: file:/D:/bombermango/target/classes/assets/textures/sprites/portal.png
16:37:21.730 [FXGL Background Thread 4 ] DEBUG FXGLAssetLoaderServi - Loading from file system: file:/D:/bombermango/target/classes/assets/textures/sprites/powerup_bombs.png
16:37:21.734 [FXGL Background Thread 4 ] DEBUG FXGLAssetLoaderServi - Loading from file system: file:/D:/bombermango/target/classes/assets/textures/sprites/powerup_flames.png
16:37:21.745 [FXGL Background Thread 4 ] INFO  FXGLApplication      - Game initialization took: 0.531 sec
16:37:21.746 [JavaFX Application Thread] DEBUG Input                - Clearing active input actions
16:37:21.765 [JavaFX Application Thread] DEBUG GameApplicationServi - Removing overlay from FXGLLoadingScene and adding to GameScene
16:37:21.765 [JavaFX Application Thread] DEBUG PrimaryStageWindow   - FXGLLoadingScene -> GameScene
16:37:22.758 [FXGL Background Thread 3 ] DEBUG Engine               - Logging environment variables
16:37:22.765 [FXGL Background Thread 3 ] DEBUG Engine               - achievements: []
16:37:22.765 [FXGL Background Thread 3 ] DEBUG Engine               - actualHeight: 672.0
16:37:22.765 [FXGL Background Thread 3 ] DEBUG Engine               - actualHeightProperty: ReadOnlyDoubleProperty [value: 672.0]
16:37:22.765 [FXGL Background Thread 3 ] DEBUG Engine               - actualWidth: 800.0
16:37:22.765 [FXGL Background Thread 3 ] DEBUG Engine               - actualWidthProperty: ReadOnlyDoubleProperty [value: 800.0]
16:37:22.765 [FXGL Background Thread 3 ] DEBUG Engine               - appIcon: fxgl_icon.png
16:37:22.765 [FXGL Background Thread 3 ] DEBUG Engine               - applicationMode: DEVELOPER
16:37:22.765 [FXGL Background Thread 3 ] DEBUG Engine               - cSSList: [fxgl_dark.css]
16:37:22.766 [FXGL Background Thread 3 ] DEBUG Engine               - collisionDetectionStrategy: BRUTE_FORCE
16:37:22.766 [FXGL Background Thread 3 ] DEBUG Engine               - configClass: Optional.empty
16:37:22.766 [FXGL Background Thread 3 ] DEBUG Engine               - credits: []
16:37:22.766 [FXGL Background Thread 3 ] DEBUG Engine               - defaultCursor: CursorInfo(imageName=fxgl_default_cursor.png, hotspotX=7.0, hotspotY=6.0)
16:37:22.767 [FXGL Background Thread 3 ] DEBUG Engine               - devBBoxColorProperty: ObjectProperty [value: 0xff0000ff]
16:37:22.767 [FXGL Background Thread 3 ] DEBUG Engine               - devEnableDebugCameraProperty: BooleanProperty [value: false]
16:37:22.767 [FXGL Background Thread 3 ] DEBUG Engine               - devSensorColorProperty: ObjectProperty [value: 0xffff00ff]
16:37:22.767 [FXGL Background Thread 3 ] DEBUG Engine               - devShowBBoxProperty: BooleanProperty [value: false]
16:37:22.767 [FXGL Background Thread 3 ] DEBUG Engine               - devShowPositionProperty: BooleanProperty [value: false]
16:37:22.767 [FXGL Background Thread 3 ] DEBUG Engine               - enabledMenuItems: []
16:37:22.767 [FXGL Background Thread 3 ] DEBUG Engine               - engineServices: [class com.almasb.fxgl.app.services.FXGLAssetLoaderService, class com.almasb.fxgl.app.FXGLApplication$GameApplicationService, class com.almasb.fxgl.app.services.FXGLDialogService, class com.almasb.fxgl.app.services.IOTaskExecutorService, class com.almasb.fxgl.io.FileSystemService, class com.almasb.fxgl.localization.LocalizationService, class com.almasb.fxgl.app.services.SystemBundleService, class com.almasb.fxgl.profile.SaveLoadService, class com.almasb.fxgl.ui.FXGLUIFactoryServiceProvider, class com.almasb.fxgl.ui.FXGLDialogFactoryServiceProvider, class com.almasb.fxgl.audio.AudioPlayer, class com.almasb.fxgl.notification.impl.NotificationServiceProvider, class com.almasb.fxgl.achievement.AchievementService, class com.almasb.fxgl.cutscene.CutsceneService, class com.almasb.fxgl.minigames.MiniGameService, class com.almasb.fxgl.net.NetService, class com.almasb.fxgl.app.services.UpdaterService, class com.almasb.fxgl.dev.DevService]
16:37:22.767 [FXGL Background Thread 3 ] DEBUG Engine               - fontGame: Abel-Regular.ttf
16:37:22.768 [FXGL Background Thread 3 ] DEBUG Engine               - fontMono: TerminalLandMono-Regular.otf
16:37:22.768 [FXGL Background Thread 3 ] DEBUG Engine               - fontText: Courier-Prime.ttf
16:37:22.768 [FXGL Background Thread 3 ] DEBUG Engine               - fontUI: VarelaRound-Regular.ttf
16:37:22.768 [FXGL Background Thread 3 ] DEBUG Engine               - fullScreen: BooleanProperty [value: false]
16:37:22.768 [FXGL Background Thread 3 ] DEBUG Engine               - gameDifficulty: MEDIUM
16:37:22.768 [FXGL Background Thread 3 ] DEBUG Engine               - gameDifficultyProperty: ObjectProperty [value: MEDIUM]
16:37:22.768 [FXGL Background Thread 3 ] DEBUG Engine               - globalMusicVolume: 0.5
16:37:22.768 [FXGL Background Thread 3 ] DEBUG Engine               - globalMusicVolumeProperty: DoubleProperty [value: 0.5]
16:37:22.768 [FXGL Background Thread 3 ] DEBUG Engine               - globalSoundVolume: 0.5
16:37:22.769 [FXGL Background Thread 3 ] DEBUG Engine               - globalSoundVolumeProperty: DoubleProperty [value: 0.5]
16:37:22.769 [FXGL Background Thread 3 ] DEBUG Engine               - height: 672
16:37:22.769 [FXGL Background Thread 3 ] DEBUG Engine               - is3D: false
16:37:22.769 [FXGL Background Thread 3 ] DEBUG Engine               - isAndroid: false
16:37:22.769 [FXGL Background Thread 3 ] DEBUG Engine               - isBrowser: false
16:37:22.769 [FXGL Background Thread 3 ] DEBUG Engine               - isClickFeedbackEnabled: false
16:37:22.769 [FXGL Background Thread 3 ] DEBUG Engine               - isCloseConfirmation: false
16:37:22.769 [FXGL Background Thread 3 ] DEBUG Engine               - isDesktop: true
16:37:22.769 [FXGL Background Thread 3 ] DEBUG Engine               - isDeveloperMenuEnabled: false
16:37:22.769 [FXGL Background Thread 3 ] DEBUG Engine               - isEmbedded: false
16:37:22.769 [FXGL Background Thread 3 ] DEBUG Engine               - isEntityPreloadEnabled: true
16:37:22.769 [FXGL Background Thread 3 ] DEBUG Engine               - isExperimentalTiledLargeMap: false
16:37:22.769 [FXGL Background Thread 3 ] DEBUG Engine               - isFileSystemWriteAllowed: true
16:37:22.769 [FXGL Background Thread 3 ] DEBUG Engine               - isFullScreenAllowed: false
16:37:22.770 [FXGL Background Thread 3 ] DEBUG Engine               - isFullScreenFromStart: false
16:37:22.770 [FXGL Background Thread 3 ] DEBUG Engine               - isGameMenuEnabled: true
16:37:22.770 [FXGL Background Thread 3 ] DEBUG Engine               - isIOS: false
16:37:22.770 [FXGL Background Thread 3 ] DEBUG Engine               - isIntroEnabled: false
16:37:22.770 [FXGL Background Thread 3 ] DEBUG Engine               - isLinux: false
16:37:22.770 [FXGL Background Thread 3 ] DEBUG Engine               - isMac: false
16:37:22.770 [FXGL Background Thread 3 ] DEBUG Engine               - isMainMenuEnabled: true
16:37:22.770 [FXGL Background Thread 3 ] DEBUG Engine               - isManualResizeEnabled: false
16:37:22.770 [FXGL Background Thread 3 ] DEBUG Engine               - isMobile: false
16:37:22.770 [FXGL Background Thread 3 ] DEBUG Engine               - isNative: false
16:37:22.770 [FXGL Background Thread 3 ] DEBUG Engine               - isPauseMusicWhenMinimized: true
16:37:22.770 [FXGL Background Thread 3 ] DEBUG Engine               - isPreserveResizeRatio: false
16:37:22.771 [FXGL Background Thread 3 ] DEBUG Engine               - isProfilingEnabled: false
16:37:22.771 [FXGL Background Thread 3 ] DEBUG Engine               - isScaleAffectedOnResize: true
16:37:22.771 [FXGL Background Thread 3 ] DEBUG Engine               - isSingleStep: false
16:37:22.771 [FXGL Background Thread 3 ] DEBUG Engine               - isUserProfileEnabled: false
16:37:22.771 [FXGL Background Thread 3 ] DEBUG Engine               - isWindows: true
16:37:22.771 [FXGL Background Thread 3 ] DEBUG Engine               - language: ObjectProperty [value: ENGLISH]
16:37:22.772 [FXGL Background Thread 3 ] DEBUG Engine               - menuKey: ESCAPE
16:37:22.772 [FXGL Background Thread 3 ] DEBUG Engine               - mouseSensitivity: 0.2
16:37:22.772 [FXGL Background Thread 3 ] DEBUG Engine               - notificationViewClass: class com.almasb.fxgl.notification.view.XboxNotificationView
16:37:22.772 [FXGL Background Thread 3 ] DEBUG Engine               - pixelsPerMeter: 50.0
16:37:22.773 [FXGL Background Thread 3 ] DEBUG Engine               - platform: WINDOWS
16:37:22.775 [FXGL Background Thread 3 ] DEBUG Engine               - prefHeightProperty: ReadOnlyDoubleProperty [value: 672.0]
16:37:22.775 [FXGL Background Thread 3 ] DEBUG Engine               - prefWidthProperty: ReadOnlyDoubleProperty [value: 800.0]
16:37:22.775 [FXGL Background Thread 3 ] DEBUG Engine               - profileDir: profiles/
16:37:22.775 [FXGL Background Thread 3 ] DEBUG Engine               - profileName: StringProperty [value: DEFAULT]
16:37:22.776 [FXGL Background Thread 3 ] DEBUG Engine               - randomSeed: -1
16:37:22.778 [FXGL Background Thread 3 ] DEBUG Engine               - runtimeInfo: RuntimeInfo(platform=WINDOWS, version=17.1, build=24.03.2022 17.34)
16:37:22.778 [FXGL Background Thread 3 ] DEBUG Engine               - saveFileExt: sav
16:37:22.778 [FXGL Background Thread 3 ] DEBUG Engine               - scaledHeightProp$fxgl: DoubleProperty [bound, value: 672.0]
16:37:22.778 [FXGL Background Thread 3 ] DEBUG Engine               - scaledWidthProp$fxgl: DoubleProperty [bound, value: 800.0]
16:37:22.778 [FXGL Background Thread 3 ] DEBUG Engine               - sceneFactory: com.almasb.fxgl.app.scene.SceneFactory@4d93f18
16:37:22.778 [FXGL Background Thread 3 ] DEBUG Engine               - secondsIn24h: 60
16:37:22.778 [FXGL Background Thread 3 ] DEBUG Engine               - soundMenuBack: menu/back.wav
16:37:22.778 [FXGL Background Thread 3 ] DEBUG Engine               - soundMenuPress: menu/press.wav
16:37:22.778 [FXGL Background Thread 3 ] DEBUG Engine               - soundMenuSelect: menu/select.wav
16:37:22.778 [FXGL Background Thread 3 ] DEBUG Engine               - soundNotification: core/notification.wav
16:37:22.778 [FXGL Background Thread 3 ] DEBUG Engine               - stageStyle: DECORATED
16:37:22.778 [FXGL Background Thread 3 ] DEBUG Engine               - supportedLanguages: [ENGLISH, FRENCH, GERMAN, HUNGARIAN, RUSSIAN]
16:37:22.778 [FXGL Background Thread 3 ] DEBUG Engine               - ticksPerSecond: -1
16:37:22.779 [FXGL Background Thread 3 ] DEBUG Engine               - title: Bomberman
16:37:22.780 [FXGL Background Thread 3 ] DEBUG Engine               - urlGithub: https://github.com/AlmasB/FXGL
16:37:22.780 [FXGL Background Thread 3 ] DEBUG Engine               - urlLeaderboard: http://fxgl-top.herokuapp.com/
16:37:22.780 [FXGL Background Thread 3 ] DEBUG Engine               - urlPOM: https://raw.githubusercontent.com/AlmasB/FXGL/release/README.md
16:37:22.780 [FXGL Background Thread 3 ] DEBUG Engine               - userAppClass: class mangobomb.bombermango.HelloApplication
16:37:22.780 [FXGL Background Thread 3 ] DEBUG Engine               - version: 0.0
16:37:22.781 [FXGL Background Thread 3 ] DEBUG Engine               - versionCheckDays: 7
16:37:22.781 [FXGL Background Thread 3 ] DEBUG Engine               - width: 800
16:37:22.781 [FXGL Background Thread 3 ] DEBUG Engine               - Logging services
16:37:22.781 [FXGL Background Thread 3 ] DEBUG Engine               - class com.almasb.fxgl.app.services.FXGLAssetLoaderService
16:37:22.781 [FXGL Background Thread 3 ] DEBUG Engine               - class com.almasb.fxgl.app.FXGLApplication$GameApplicationService
16:37:22.781 [FXGL Background Thread 3 ] DEBUG Engine               - class com.almasb.fxgl.app.services.FXGLDialogService
16:37:22.781 [FXGL Background Thread 3 ] DEBUG Engine               - class com.almasb.fxgl.app.services.IOTaskExecutorService
16:37:22.781 [FXGL Background Thread 3 ] DEBUG Engine               - class com.almasb.fxgl.io.FileSystemService
16:37:22.781 [FXGL Background Thread 3 ] DEBUG Engine               - class com.almasb.fxgl.localization.LocalizationService
16:37:22.781 [FXGL Background Thread 3 ] DEBUG Engine               - class com.almasb.fxgl.app.services.SystemBundleService
16:37:22.781 [FXGL Background Thread 3 ] DEBUG Engine               - class com.almasb.fxgl.profile.SaveLoadService
16:37:22.781 [FXGL Background Thread 3 ] DEBUG Engine               - class com.almasb.fxgl.ui.FXGLUIFactoryServiceProvider
16:37:22.781 [FXGL Background Thread 3 ] DEBUG Engine               - class com.almasb.fxgl.ui.FXGLDialogFactoryServiceProvider
16:37:22.781 [FXGL Background Thread 3 ] DEBUG Engine               - class com.almasb.fxgl.audio.AudioPlayer
16:37:22.781 [FXGL Background Thread 3 ] DEBUG Engine               - class com.almasb.fxgl.notification.impl.NotificationServiceProvider
16:37:22.781 [FXGL Background Thread 3 ] DEBUG Engine               - class com.almasb.fxgl.achievement.AchievementService
16:37:22.781 [FXGL Background Thread 3 ] DEBUG Engine               - class com.almasb.fxgl.cutscene.CutsceneService
16:37:22.781 [FXGL Background Thread 3 ] DEBUG Engine               - class com.almasb.fxgl.minigames.MiniGameService
16:37:22.782 [FXGL Background Thread 3 ] DEBUG Engine               - class com.almasb.fxgl.net.NetService
16:37:22.782 [FXGL Background Thread 3 ] DEBUG Engine               - class com.almasb.fxgl.app.services.UpdaterService
16:37:22.782 [FXGL Background Thread 3 ] DEBUG Engine               - class com.almasb.fxgl.dev.DevService
16:37:28.292 [JavaFX Application Thread] DEBUG FXGLAssetLoaderServi - Loading from file system: file:/D:/bombermango/target/classes/assets/textures/sprites/bomb.png
16:37:28.295 [JavaFX Application Thread] DEBUG FXGLAssetLoaderServi - Loading from file system: file:/D:/bombermango/target/classes/assets/textures/sprites/bomb_1.png
16:37:28.298 [JavaFX Application Thread] DEBUG FXGLAssetLoaderServi - Loading from file system: file:/D:/bombermango/target/classes/assets/textures/sprites/bomb_2.png
16:37:30.276 [JavaFX Application Thread] DEBUG FXGLAssetLoaderServi - Loading from file system: file:/D:/bombermango/target/classes/assets/textures/sprites/bomb_exploded.png
16:37:30.279 [JavaFX Application Thread] DEBUG FXGLAssetLoaderServi - Loading from file system: file:/D:/bombermango/target/classes/assets/textures/sprites/bomb_exploded1.png
16:37:30.281 [JavaFX Application Thread] DEBUG FXGLAssetLoaderServi - Loading from file system: file:/D:/bombermango/target/classes/assets/textures/sprites/bomb_exploded2.png
16:37:55.574 [JavaFX Application Thread] DEBUG FXGLAssetLoaderServi - Loading from file system: file:/D:/bombermango/target/classes/assets/textures/sprites/balloom_dead.png
16:38:06.773 [JavaFX Application Thread] DEBUG FXGLAssetLoaderServi - Loading from file system: file:/D:/bombermango/target/classes/assets/textures/sprites/doll_dead.png
16:38:22.312 [JavaFX Application Thread] DEBUG FXGLAssetLoaderServi - Loading from file system: file:/D:/bombermango/target/classes/assets/textures/sprites/oneal_dead.png
16:38:55.602 [JavaFX Application Thread] DEBUG GameWorld            - Clearing removable entities
16:38:55.624 [JavaFX Application Thread] DEBUG GameWorld            - Setting level: com.almasb.fxgl.entity.level.Level@542eb34b
16:38:55.643 [JavaFX Application Thread] WARN  FXGLAssetLoaderServi - Asset "/assets/music/gameaudio.wav" was not found!
16:38:55.643 [JavaFX Application Thread] WARN  FXGLAssetLoaderServi - Failed to load MUSIC
16:38:55.643 [JavaFX Application Thread] WARN  FXGLAssetLoaderServi - Asset "/assets/textures/sprites/player_right_2.png" was not found!
16:38:55.644 [JavaFX Application Thread] WARN  FXGLAssetLoaderServi - Failed to load RESIZABLE_IMAGE
16:41:25.377 [JavaFX Application Thread] DEBUG PrimaryStageWindow   - Push state: DialogSubScene
16:41:25.378 [JavaFX Application Thread] DEBUG Input                - Clearing active input actions
16:41:25.381 [JavaFX Application Thread] DEBUG GameApplicationServi - Removing overlay from GameScene and adding to DialogSubScene
16:41:25.381 [JavaFX Application Thread] DEBUG PrimaryStageWindow   - GameScene -> DialogSubScene
16:41:29.259 [JavaFX Application Thread] DEBUG PrimaryStageWindow   - Pop state: DialogSubScene
16:41:29.259 [JavaFX Application Thread] DEBUG Input                - Clearing active input actions
16:41:29.259 [JavaFX Application Thread] DEBUG GameApplicationServi - Removing overlay from DialogSubScene and adding to GameScene
16:41:29.260 [JavaFX Application Thread] DEBUG PrimaryStageWindow   - GameScene <- DialogSubScene
16:41:29.260 [JavaFX Application Thread] DEBUG Input                - Clearing active input actions
16:41:29.266 [JavaFX Application Thread] DEBUG GameApplicationServi - Removing overlay from GameScene and adding to FXGLMainMenuDummyScene
16:41:29.266 [JavaFX Application Thread] DEBUG PrimaryStageWindow   - GameScene -> FXGLMainMenuDummyScene
16:41:29.267 [JavaFX Application Thread] DEBUG PrimaryStageWindow   - Push state: FXGLDefaultMenu
16:41:29.267 [JavaFX Application Thread] DEBUG Input                - Clearing active input actions
16:41:29.270 [JavaFX Application Thread] DEBUG GameApplicationServi - Removing overlay from FXGLMainMenuDummyScene and adding to FXGLDefaultMenu
16:41:29.270 [JavaFX Application Thread] DEBUG PrimaryStageWindow   - FXGLMainMenuDummyScene -> FXGLDefaultMenu
16:41:30.281 [JavaFX Application Thread] DEBUG Menu                 - fireNewGame()
16:41:30.281 [JavaFX Application Thread] DEBUG GameApplicationServi - Starting new game
16:41:30.281 [JavaFX Application Thread] DEBUG PrimaryStageWindow   - Pop state: FXGLDefaultMenu
16:41:30.281 [JavaFX Application Thread] DEBUG Input                - Clearing active input actions
16:41:30.282 [JavaFX Application Thread] DEBUG GameApplicationServi - Removing overlay from FXGLDefaultMenu and adding to FXGLMainMenuDummyScene
16:41:30.282 [JavaFX Application Thread] DEBUG PrimaryStageWindow   - FXGLMainMenuDummyScene <- FXGLDefaultMenu
16:41:30.282 [JavaFX Application Thread] DEBUG Input                - Clearing active input actions
16:41:30.298 [JavaFX Application Thread] DEBUG GameApplicationServi - Removing overlay from FXGLMainMenuDummyScene and adding to FXGLLoadingScene
16:41:30.301 [JavaFX Application Thread] DEBUG PrimaryStageWindow   - FXGLMainMenuDummyScene -> FXGLLoadingScene
16:41:30.301 [JavaFX Application Thread] DEBUG GameApplicationServi - Clearing previous game
16:41:30.301 [JavaFX Application Thread] DEBUG GameScene            - Clearing game scene
16:41:30.301 [JavaFX Application Thread] DEBUG GameWorld            - Clearing game world
16:41:30.315 [JavaFX Application Thread] DEBUG PhysicsWorld         - Clearing physics world
16:41:30.317 [FXGL Background Thread 5 ] DEBUG FXGLApplication      - Initializing game
16:41:30.392 [FXGL Background Thread 5 ] DEBUG GameWorld            - Clearing removable entities
16:41:30.392 [FXGL Background Thread 5 ] DEBUG GameWorld            - Setting level: com.almasb.fxgl.entity.level.Level@80f5543
16:41:30.407 [FXGL Background Thread 5 ] WARN  FXGLAssetLoaderServi - Asset "/assets/music/gameaudio.wav" was not found!
16:41:30.408 [FXGL Background Thread 5 ] WARN  FXGLAssetLoaderServi - Failed to load MUSIC
16:41:30.408 [FXGL Background Thread 5 ] WARN  FXGLAssetLoaderServi - Asset "/assets/textures/sprites/player_right_2.png" was not found!
16:41:30.408 [FXGL Background Thread 5 ] WARN  FXGLAssetLoaderServi - Failed to load RESIZABLE_IMAGE
16:41:30.414 [FXGL Background Thread 5 ] INFO  FXGLApplication      - Game initialization took: 0.096 sec
16:41:30.414 [JavaFX Application Thread] DEBUG Input                - Clearing active input actions
16:41:30.429 [JavaFX Application Thread] DEBUG GameApplicationServi - Removing overlay from FXGLLoadingScene and adding to GameScene
16:41:30.430 [JavaFX Application Thread] DEBUG PrimaryStageWindow   - FXGLLoadingScene -> GameScene
16:41:33.198 [JavaFX Application Thread] DEBUG FXGLApplication      - Exiting FXGL
16:41:33.198 [JavaFX Application Thread] DEBUG LoopRunner           - Stopping loop
16:41:33.198 [JavaFX Application Thread] DEBUG SystemBundleService  - Saving FXGL system data
16:41:33.200 [JavaFX Application Thread] DEBUG FileSystemAccess     - Writing to: D:\bombermango\system\fxgl.bundle
16:41:33.203 [JavaFX Application Thread] DEBUG Async                - Shutting down background threads
16:41:33.203 [JavaFX Application Thread] DEBUG PrimaryStageWindow   - Closing main window
16:41:33.269 [JavaFX Application Thread] DEBUG Logger               - Closing Logger
