20:23:05.415 [main                     ] DEBUG Logger               - Configured Logger
20:23:05.468 [main                     ] DEBUG GameApplication      - Logging settings
Title: Bomberman
Version: 0.0
Width: 800
Height: 672
Fullscreen: false
Intro: false
Profiling: false
Single step:false
App Mode: DEVELOPER
Menu Key: ESCAPE
Stage Style: DECORATED
Scene Factory: class com.almasb.fxgl.app.scene.SceneFactory

20:23:06.015 [JavaFX Application Thread] DEBUG FXGLApplication      - Initializing FXGL
20:23:06.026 [JavaFX Application Thread] INFO  Engine               - FXGL-17.1 (24.03.2022 17.34) on WINDOWS (J:18.0.2.1 FX:18.0.1)
20:23:06.026 [JavaFX Application Thread] DEBUG Engine               - JRE Vendor Name: Oracle Corporation
20:23:06.026 [JavaFX Application Thread] DEBUG Engine               - Running on OS: Windows 10 version 10.0
20:23:06.026 [JavaFX Application Thread] DEBUG Engine               - Architecture: amd64
20:23:06.027 [JavaFX Application Thread] INFO  Engine               - Source code and latest versions at: https://github.com/AlmasB/FXGL
20:23:06.027 [JavaFX Application Thread] INFO  Engine               -       Ask questions and discuss at: https://github.com/AlmasB/FXGL/discussions
20:23:06.027 [JavaFX Application Thread] INFO  Engine               -              Join the FXGL chat at: https://gitter.im/AlmasB/FXGL
20:23:06.208 [JavaFX Application Thread] DEBUG PrimaryStageWindow   - Creating a JavaFX scene
20:23:06.284 [JavaFX Application Thread] DEBUG PrimaryStageWindow   - Target settings size: 800.0 x 672.0
20:23:06.285 [JavaFX Application Thread] DEBUG PrimaryStageWindow   - Scaled scene size:    800.0 x 672.0
20:23:06.285 [JavaFX Application Thread] DEBUG PrimaryStageWindow   - Scaled ratio: (1.0, 1.0)
20:23:06.287 [JavaFX Application Thread] DEBUG PrimaryStageWindow   - Set initial scene to FXGLStartupScene
20:23:06.298 [JavaFX Application Thread] DEBUG PrimaryStageWindow   - Opening main window
20:23:06.433 [JavaFX Application Thread] DEBUG PrimaryStageWindow   - Window border size: (14.66668701171875, 37.33331298828125)
20:23:06.434 [JavaFX Application Thread] DEBUG PrimaryStageWindow   - Scaled size: 800.0 x 672.0
20:23:06.434 [JavaFX Application Thread] DEBUG PrimaryStageWindow   - Scaled ratio: (1.0, 1.0)
20:23:06.435 [JavaFX Application Thread] DEBUG PrimaryStageWindow   - Scene size: 800.0 x 672.0
20:23:06.435 [JavaFX Application Thread] DEBUG PrimaryStageWindow   - Stage size: 814.6666870117188 x 709.3333129882812
20:23:06.494 [FXGL Background Thread 1 ] DEBUG Engine               - Initializing environment variables
20:23:06.584 [FXGL Background Thread 1 ] DEBUG FXGLAssetLoaderServi - User app class for loading assets: class mangobomb.bombermango.HelloApplication
20:23:06.585 [FXGL Background Thread 1 ] DEBUG GameApplicationServi - Applying CSS: fxgl_dark.css
20:23:06.586 [FXGL Background Thread 1 ] DEBUG FXGLAssetLoaderServi - Loading from file system: jar:file:/C:/Users/Admin/.m2/repository/com/github/almasb/fxgl/17.1/fxgl-17.1.jar!/fxglassets/ui/css/fxgl_dark.css
20:23:06.668 [FXGL Background Thread 1 ] DEBUG GameApplicationServi - Initializing application scenes
20:23:06.781 [FXGL Background Thread 1 ] DEBUG GameWorld            - Game world initialized
20:23:06.872 [FXGL Background Thread 1 ] DEBUG PhysicsWorld         - Physics world initialized: appHeight=672, physics.ppm=50.0
20:23:06.872 [FXGL Background Thread 1 ] DEBUG PhysicsWorld         - Using strategy: BRUTE_FORCE
20:23:06.879 [FXGL Background Thread 1 ] DEBUG GameScene            - Game scene initialized: 800x672
20:23:06.901 [FXGL Background Thread 1 ] DEBUG FXGL.DefaultMenu     - createMenuBodyMainMenu()
20:23:06.930 [FXGL Background Thread 1 ] DEBUG FXGL.DefaultMenu     - createOptionsMenu()
20:23:06.950 [FXGL Background Thread 1 ] DEBUG FXGLAssetLoaderServi - Loading from file system: jar:file:/C:/Users/Admin/.m2/repository/com/github/almasb/fxgl/17.1/fxgl-17.1.jar!/fxglassets/textures/particles/smoke.png
20:23:07.116 [FXGL Background Thread 1 ] DEBUG FXGLAssetLoaderServi - Loading from file system: jar:file:/C:/Users/Admin/.m2/repository/com/github/almasb/fxgl/17.1/fxgl-17.1.jar!/fxglassets/textures/particles/trace_horizontal.png
20:23:07.177 [FXGL Background Thread 1 ] DEBUG FXGL.DefaultMenu     - createMenuBodyGameMenu()
20:23:07.179 [FXGL Background Thread 1 ] DEBUG FXGL.DefaultMenu     - createOptionsMenu()
20:23:07.205 [FXGL Background Thread 1 ] DEBUG GameApplicationServi - Application scenes initialized
20:23:07.224 [FXGL Background Thread 1 ] DEBUG SystemBundleService  - Loading FXGL system data
20:23:07.232 [FXGL Background Thread 1 ] DEBUG FileSystemAccess     - Reading from: D:\bombermango\system\fxgl.bundle
20:23:07.246 [FXGL Background Thread 1 ] DEBUG SystemBundleService  - Bundle FXGL: {}
20:23:07.246 [FXGL Background Thread 1 ] DEBUG UpdaterService       - Checking for updates
20:23:07.252 [FXGL Background Thread 1 ] DEBUG FXGLApplication      - Loading default localization
20:23:07.254 [FXGL Background Thread 1 ] DEBUG FXGLAssetLoaderServi - Loading from file system: jar:file:/C:/Users/Admin/.m2/repository/com/github/almasb/fxgl/17.1/fxgl-17.1.jar!/fxglassets/languages/english.lang
20:23:07.309 [FXGL Background Thread 1 ] INFO  FXGLApplication      - FXGL initialization took: 0.815 sec
20:23:07.323 [FXGL Background Thread 4 ] DEBUG FXGLApplication      - Loading fonts
20:23:07.325 [FXGL Background Thread 4 ] DEBUG FXGLAssetLoaderServi - Loading from file system: jar:file:/C:/Users/Admin/.m2/repository/com/github/almasb/fxgl/17.1/fxgl-17.1.jar!/fxglassets/ui/fonts/VarelaRound-Regular.ttf
20:23:07.330 [JavaFX Application Thread] DEBUG Input                - Registered new binding: moveUp - W
20:23:07.330 [JavaFX Application Thread] DEBUG Input                - Registered new binding: moveRight - D
20:23:07.330 [JavaFX Application Thread] DEBUG Input                - Registered new binding: moveLeft - A
20:23:07.330 [JavaFX Application Thread] DEBUG Input                - Registered new binding: moveDown - S
20:23:07.330 [JavaFX Application Thread] DEBUG Input                - Registered new binding: implantBomb - F
20:23:07.330 [JavaFX Application Thread] DEBUG Input                - Registered new binding: PlayMusic - M
20:23:07.331 [JavaFX Application Thread] DEBUG FXGLAssetLoaderServi - Loading from file system: jar:file:/C:/Users/Admin/.m2/repository/com/github/almasb/fxgl/17.1/fxgl-17.1.jar!/fxglassets/textures/fxgl_icon.png
20:23:07.362 [JavaFX Application Thread] DEBUG FXGLAssetLoaderServi - Loading from file system: jar:file:/C:/Users/Admin/.m2/repository/com/github/almasb/fxgl/17.1/fxgl-17.1.jar!/fxglassets/textures/fxgl_default_cursor.png
20:23:07.368 [JavaFX Application Thread] DEBUG Input                - Registered new binding: Screenshot - CTRL+8
20:23:07.368 [JavaFX Application Thread] DEBUG Input                - Registered new binding: System info dump - CTRL+9
20:23:07.369 [JavaFX Application Thread] DEBUG Input                - Registered new binding: Restart - CTRL+R
20:23:07.370 [JavaFX Application Thread] DEBUG Input                - Registered new binding: Toggle Debug Camera - CTRL+7
20:23:07.373 [JavaFX Application Thread] DEBUG LoopRunner           - Starting loop
20:23:07.373 [JavaFX Application Thread] DEBUG LoopRunner           - Initializing JavaFX AnimationTimerLoop
20:23:07.376 [JavaFX Application Thread] DEBUG Input                - Clearing active input actions
20:23:07.428 [JavaFX Application Thread] DEBUG GameApplicationServi - Removing overlay from FXGLStartupScene and adding to FXGLMainMenuDummyScene
20:23:07.428 [JavaFX Application Thread] DEBUG PrimaryStageWindow   - FXGLStartupScene -> FXGLMainMenuDummyScene
20:23:07.429 [JavaFX Application Thread] DEBUG PrimaryStageWindow   - Push state: FXGLDefaultMenu
20:23:07.439 [JavaFX Application Thread] DEBUG Input                - Clearing active input actions
20:23:07.469 [JavaFX Application Thread] DEBUG GameApplicationServi - Removing overlay from FXGLMainMenuDummyScene and adding to FXGLDefaultMenu
20:23:07.470 [JavaFX Application Thread] DEBUG PrimaryStageWindow   - FXGLMainMenuDummyScene -> FXGLDefaultMenu
20:23:07.561 [FXGL Background Thread 4 ] DEBUG FXGLAssetLoaderServi - Loading from file system: jar:file:/C:/Users/Admin/.m2/repository/com/github/almasb/fxgl/17.1/fxgl-17.1.jar!/fxglassets/ui/fonts/Abel-Regular.ttf
20:23:07.570 [FXGL Background Thread 4 ] DEBUG FXGLAssetLoaderServi - Loading from file system: jar:file:/C:/Users/Admin/.m2/repository/com/github/almasb/fxgl/17.1/fxgl-17.1.jar!/fxglassets/ui/fonts/TerminalLandMono-Regular.otf
20:23:07.576 [FXGL Background Thread 4 ] DEBUG FXGLAssetLoaderServi - Loading from file system: jar:file:/C:/Users/Admin/.m2/repository/com/github/almasb/fxgl/17.1/fxgl-17.1.jar!/fxglassets/ui/fonts/Courier-Prime.ttf
20:23:07.623 [JavaFX Application Thread] DEBUG FXGLApplication      - Registering font factories with UI factory
20:23:08.292 [FXGL Background Thread 2 ] INFO  UpdaterService       - Your current version:  17.1
20:23:08.292 [FXGL Background Thread 2 ] INFO  UpdaterService       - Latest stable version: 17.2
20:23:10.251 [FXGL Background Thread 3 ] DEBUG Engine               - Logging environment variables
20:23:10.252 [FXGL Background Thread 3 ] DEBUG Engine               - achievements: []
20:23:10.252 [FXGL Background Thread 3 ] DEBUG Engine               - actualHeight: 672.0
20:23:10.252 [FXGL Background Thread 3 ] DEBUG Engine               - actualHeightProperty: ReadOnlyDoubleProperty [value: 672.0]
20:23:10.253 [FXGL Background Thread 3 ] DEBUG Engine               - actualWidth: 800.0
20:23:10.253 [FXGL Background Thread 3 ] DEBUG Engine               - actualWidthProperty: ReadOnlyDoubleProperty [value: 800.0]
20:23:10.253 [FXGL Background Thread 3 ] DEBUG Engine               - appIcon: fxgl_icon.png
20:23:10.253 [FXGL Background Thread 3 ] DEBUG Engine               - applicationMode: DEVELOPER
20:23:10.253 [FXGL Background Thread 3 ] DEBUG Engine               - cSSList: [fxgl_dark.css]
20:23:10.253 [FXGL Background Thread 3 ] DEBUG Engine               - collisionDetectionStrategy: BRUTE_FORCE
20:23:10.253 [FXGL Background Thread 3 ] DEBUG Engine               - configClass: Optional.empty
20:23:10.253 [FXGL Background Thread 3 ] DEBUG Engine               - credits: []
20:23:10.254 [FXGL Background Thread 3 ] DEBUG Engine               - defaultCursor: CursorInfo(imageName=fxgl_default_cursor.png, hotspotX=7.0, hotspotY=6.0)
20:23:10.254 [FXGL Background Thread 3 ] DEBUG Engine               - devBBoxColorProperty: ObjectProperty [value: 0xff0000ff]
20:23:10.254 [FXGL Background Thread 3 ] DEBUG Engine               - devEnableDebugCameraProperty: BooleanProperty [value: false]
20:23:10.254 [FXGL Background Thread 3 ] DEBUG Engine               - devSensorColorProperty: ObjectProperty [value: 0xffff00ff]
20:23:10.255 [FXGL Background Thread 3 ] DEBUG Engine               - devShowBBoxProperty: BooleanProperty [value: false]
20:23:10.255 [FXGL Background Thread 3 ] DEBUG Engine               - devShowPositionProperty: BooleanProperty [value: false]
20:23:10.255 [FXGL Background Thread 3 ] DEBUG Engine               - enabledMenuItems: []
20:23:10.255 [FXGL Background Thread 3 ] DEBUG Engine               - engineServices: [class com.almasb.fxgl.app.services.FXGLAssetLoaderService, class com.almasb.fxgl.app.FXGLApplication$GameApplicationService, class com.almasb.fxgl.app.services.FXGLDialogService, class com.almasb.fxgl.app.services.IOTaskExecutorService, class com.almasb.fxgl.io.FileSystemService, class com.almasb.fxgl.localization.LocalizationService, class com.almasb.fxgl.app.services.SystemBundleService, class com.almasb.fxgl.profile.SaveLoadService, class com.almasb.fxgl.ui.FXGLUIFactoryServiceProvider, class com.almasb.fxgl.ui.FXGLDialogFactoryServiceProvider, class com.almasb.fxgl.audio.AudioPlayer, class com.almasb.fxgl.notification.impl.NotificationServiceProvider, class com.almasb.fxgl.achievement.AchievementService, class com.almasb.fxgl.cutscene.CutsceneService, class com.almasb.fxgl.minigames.MiniGameService, class com.almasb.fxgl.net.NetService, class com.almasb.fxgl.app.services.UpdaterService, class com.almasb.fxgl.dev.DevService]
20:23:10.255 [FXGL Background Thread 3 ] DEBUG Engine               - fontGame: Abel-Regular.ttf
20:23:10.255 [FXGL Background Thread 3 ] DEBUG Engine               - fontMono: TerminalLandMono-Regular.otf
20:23:10.255 [FXGL Background Thread 3 ] DEBUG Engine               - fontText: Courier-Prime.ttf
20:23:10.255 [FXGL Background Thread 3 ] DEBUG Engine               - fontUI: VarelaRound-Regular.ttf
20:23:10.255 [FXGL Background Thread 3 ] DEBUG Engine               - fullScreen: BooleanProperty [value: false]
20:23:10.255 [FXGL Background Thread 3 ] DEBUG Engine               - gameDifficulty: MEDIUM
20:23:10.255 [FXGL Background Thread 3 ] DEBUG Engine               - gameDifficultyProperty: ObjectProperty [value: MEDIUM]
20:23:10.255 [FXGL Background Thread 3 ] DEBUG Engine               - globalMusicVolume: 0.5
20:23:10.256 [FXGL Background Thread 3 ] DEBUG Engine               - globalMusicVolumeProperty: DoubleProperty [value: 0.5]
20:23:10.256 [FXGL Background Thread 3 ] DEBUG Engine               - globalSoundVolume: 0.5
20:23:10.256 [FXGL Background Thread 3 ] DEBUG Engine               - globalSoundVolumeProperty: DoubleProperty [value: 0.5]
20:23:10.256 [FXGL Background Thread 3 ] DEBUG Engine               - height: 672
20:23:10.256 [FXGL Background Thread 3 ] DEBUG Engine               - is3D: false
20:23:10.256 [FXGL Background Thread 3 ] DEBUG Engine               - isAndroid: false
20:23:10.256 [FXGL Background Thread 3 ] DEBUG Engine               - isBrowser: false
20:23:10.256 [FXGL Background Thread 3 ] DEBUG Engine               - isClickFeedbackEnabled: false
20:23:10.256 [FXGL Background Thread 3 ] DEBUG Engine               - isCloseConfirmation: false
20:23:10.257 [FXGL Background Thread 3 ] DEBUG Engine               - isDesktop: true
20:23:10.257 [FXGL Background Thread 3 ] DEBUG Engine               - isDeveloperMenuEnabled: false
20:23:10.257 [FXGL Background Thread 3 ] DEBUG Engine               - isEmbedded: false
20:23:10.257 [FXGL Background Thread 3 ] DEBUG Engine               - isEntityPreloadEnabled: true
20:23:10.257 [FXGL Background Thread 3 ] DEBUG Engine               - isExperimentalTiledLargeMap: false
20:23:10.257 [FXGL Background Thread 3 ] DEBUG Engine               - isFileSystemWriteAllowed: true
20:23:10.257 [FXGL Background Thread 3 ] DEBUG Engine               - isFullScreenAllowed: false
20:23:10.257 [FXGL Background Thread 3 ] DEBUG Engine               - isFullScreenFromStart: false
20:23:10.257 [FXGL Background Thread 3 ] DEBUG Engine               - isGameMenuEnabled: true
20:23:10.257 [FXGL Background Thread 3 ] DEBUG Engine               - isIOS: false
20:23:10.257 [FXGL Background Thread 3 ] DEBUG Engine               - isIntroEnabled: false
20:23:10.258 [FXGL Background Thread 3 ] DEBUG Engine               - isLinux: false
20:23:10.258 [FXGL Background Thread 3 ] DEBUG Engine               - isMac: false
20:23:10.258 [FXGL Background Thread 3 ] DEBUG Engine               - isMainMenuEnabled: true
20:23:10.258 [FXGL Background Thread 3 ] DEBUG Engine               - isManualResizeEnabled: false
20:23:10.258 [FXGL Background Thread 3 ] DEBUG Engine               - isMobile: false
20:23:10.258 [FXGL Background Thread 3 ] DEBUG Engine               - isNative: false
20:23:10.258 [FXGL Background Thread 3 ] DEBUG Engine               - isPauseMusicWhenMinimized: true
20:23:10.258 [FXGL Background Thread 3 ] DEBUG Engine               - isPreserveResizeRatio: false
20:23:10.259 [FXGL Background Thread 3 ] DEBUG Engine               - isProfilingEnabled: false
20:23:10.259 [FXGL Background Thread 3 ] DEBUG Engine               - isScaleAffectedOnResize: true
20:23:10.259 [FXGL Background Thread 3 ] DEBUG Engine               - isSingleStep: false
20:23:10.259 [FXGL Background Thread 3 ] DEBUG Engine               - isUserProfileEnabled: false
20:23:10.259 [FXGL Background Thread 3 ] DEBUG Engine               - isWindows: true
20:23:10.259 [FXGL Background Thread 3 ] DEBUG Engine               - language: ObjectProperty [value: ENGLISH]
20:23:10.259 [FXGL Background Thread 3 ] DEBUG Engine               - menuKey: ESCAPE
20:23:10.259 [FXGL Background Thread 3 ] DEBUG Engine               - mouseSensitivity: 0.2
20:23:10.259 [FXGL Background Thread 3 ] DEBUG Engine               - notificationViewClass: class com.almasb.fxgl.notification.view.XboxNotificationView
20:23:10.260 [FXGL Background Thread 3 ] DEBUG Engine               - pixelsPerMeter: 50.0
20:23:10.260 [FXGL Background Thread 3 ] DEBUG Engine               - platform: WINDOWS
20:23:10.260 [FXGL Background Thread 3 ] DEBUG Engine               - prefHeightProperty: ReadOnlyDoubleProperty [value: 672.0]
20:23:10.260 [FXGL Background Thread 3 ] DEBUG Engine               - prefWidthProperty: ReadOnlyDoubleProperty [value: 800.0]
20:23:10.260 [FXGL Background Thread 3 ] DEBUG Engine               - profileDir: profiles/
20:23:10.260 [FXGL Background Thread 3 ] DEBUG Engine               - profileName: StringProperty [value: DEFAULT]
20:23:10.260 [FXGL Background Thread 3 ] DEBUG Engine               - randomSeed: -1
20:23:10.261 [FXGL Background Thread 3 ] DEBUG Engine               - runtimeInfo: RuntimeInfo(platform=WINDOWS, version=17.1, build=24.03.2022 17.34)
20:23:10.261 [FXGL Background Thread 3 ] DEBUG Engine               - saveFileExt: sav
20:23:10.261 [FXGL Background Thread 3 ] DEBUG Engine               - scaledHeightProp$fxgl: DoubleProperty [bound, value: 672.0]
20:23:10.261 [FXGL Background Thread 3 ] DEBUG Engine               - scaledWidthProp$fxgl: DoubleProperty [bound, value: 800.0]
20:23:10.261 [FXGL Background Thread 3 ] DEBUG Engine               - sceneFactory: com.almasb.fxgl.app.scene.SceneFactory@550f8ec8
20:23:10.261 [FXGL Background Thread 3 ] DEBUG Engine               - secondsIn24h: 60
20:23:10.261 [FXGL Background Thread 3 ] DEBUG Engine               - soundMenuBack: menu/back.wav
20:23:10.261 [FXGL Background Thread 3 ] DEBUG Engine               - soundMenuPress: menu/press.wav
20:23:10.262 [FXGL Background Thread 3 ] DEBUG Engine               - soundMenuSelect: menu/select.wav
20:23:10.262 [FXGL Background Thread 3 ] DEBUG Engine               - soundNotification: core/notification.wav
20:23:10.262 [FXGL Background Thread 3 ] DEBUG Engine               - stageStyle: DECORATED
20:23:10.262 [FXGL Background Thread 3 ] DEBUG Engine               - supportedLanguages: [ENGLISH, FRENCH, GERMAN, HUNGARIAN, RUSSIAN]
20:23:10.262 [FXGL Background Thread 3 ] DEBUG Engine               - ticksPerSecond: -1
20:23:10.262 [FXGL Background Thread 3 ] DEBUG Engine               - title: Bomberman
20:23:10.263 [FXGL Background Thread 3 ] DEBUG Engine               - urlGithub: https://github.com/AlmasB/FXGL
20:23:10.263 [FXGL Background Thread 3 ] DEBUG Engine               - urlLeaderboard: http://fxgl-top.herokuapp.com/
20:23:10.263 [FXGL Background Thread 3 ] DEBUG Engine               - urlPOM: https://raw.githubusercontent.com/AlmasB/FXGL/release/README.md
20:23:10.263 [FXGL Background Thread 3 ] DEBUG Engine               - userAppClass: class mangobomb.bombermango.HelloApplication
20:23:10.264 [FXGL Background Thread 3 ] DEBUG Engine               - version: 0.0
20:23:10.264 [FXGL Background Thread 3 ] DEBUG Engine               - versionCheckDays: 7
20:23:10.264 [FXGL Background Thread 3 ] DEBUG Engine               - width: 800
20:23:10.265 [FXGL Background Thread 3 ] DEBUG Engine               - Logging services
20:23:10.265 [FXGL Background Thread 3 ] DEBUG Engine               - class com.almasb.fxgl.app.services.FXGLAssetLoaderService
20:23:10.265 [FXGL Background Thread 3 ] DEBUG Engine               - class com.almasb.fxgl.app.FXGLApplication$GameApplicationService
20:23:10.265 [FXGL Background Thread 3 ] DEBUG Engine               - class com.almasb.fxgl.app.services.FXGLDialogService
20:23:10.265 [FXGL Background Thread 3 ] DEBUG Engine               - class com.almasb.fxgl.app.services.IOTaskExecutorService
20:23:10.265 [FXGL Background Thread 3 ] DEBUG Engine               - class com.almasb.fxgl.io.FileSystemService
20:23:10.266 [FXGL Background Thread 3 ] DEBUG Engine               - class com.almasb.fxgl.localization.LocalizationService
20:23:10.266 [FXGL Background Thread 3 ] DEBUG Engine               - class com.almasb.fxgl.app.services.SystemBundleService
20:23:10.266 [FXGL Background Thread 3 ] DEBUG Engine               - class com.almasb.fxgl.profile.SaveLoadService
20:23:10.266 [FXGL Background Thread 3 ] DEBUG Engine               - class com.almasb.fxgl.ui.FXGLUIFactoryServiceProvider
20:23:10.266 [FXGL Background Thread 3 ] DEBUG Engine               - class com.almasb.fxgl.ui.FXGLDialogFactoryServiceProvider
20:23:10.266 [FXGL Background Thread 3 ] DEBUG Engine               - class com.almasb.fxgl.audio.AudioPlayer
20:23:10.266 [FXGL Background Thread 3 ] DEBUG Engine               - class com.almasb.fxgl.notification.impl.NotificationServiceProvider
20:23:10.266 [FXGL Background Thread 3 ] DEBUG Engine               - class com.almasb.fxgl.achievement.AchievementService
20:23:10.267 [FXGL Background Thread 3 ] DEBUG Engine               - class com.almasb.fxgl.cutscene.CutsceneService
20:23:10.267 [FXGL Background Thread 3 ] DEBUG Engine               - class com.almasb.fxgl.minigames.MiniGameService
20:23:10.267 [FXGL Background Thread 3 ] DEBUG Engine               - class com.almasb.fxgl.net.NetService
20:23:10.267 [FXGL Background Thread 3 ] DEBUG Engine               - class com.almasb.fxgl.app.services.UpdaterService
20:23:10.267 [FXGL Background Thread 3 ] DEBUG Engine               - class com.almasb.fxgl.dev.DevService
20:23:14.535 [JavaFX Application Thread] DEBUG Menu                 - fireNewGame()
20:23:14.535 [JavaFX Application Thread] DEBUG GameApplicationServi - Starting new game
20:23:14.538 [JavaFX Application Thread] DEBUG PrimaryStageWindow   - Pop state: FXGLDefaultMenu
20:23:14.538 [JavaFX Application Thread] DEBUG Input                - Clearing active input actions
20:23:14.540 [JavaFX Application Thread] DEBUG GameApplicationServi - Removing overlay from FXGLDefaultMenu and adding to FXGLMainMenuDummyScene
20:23:14.542 [JavaFX Application Thread] DEBUG PrimaryStageWindow   - FXGLMainMenuDummyScene <- FXGLDefaultMenu
20:23:14.543 [JavaFX Application Thread] DEBUG Input                - Clearing active input actions
20:23:14.554 [JavaFX Application Thread] DEBUG GameApplicationServi - Removing overlay from FXGLMainMenuDummyScene and adding to FXGLLoadingScene
20:23:14.555 [JavaFX Application Thread] DEBUG PrimaryStageWindow   - FXGLMainMenuDummyScene -> FXGLLoadingScene
20:23:14.555 [JavaFX Application Thread] DEBUG GameApplicationServi - Clearing previous game
20:23:14.555 [JavaFX Application Thread] DEBUG GameScene            - Clearing game scene
20:23:14.555 [JavaFX Application Thread] DEBUG GameWorld            - Clearing game world
20:23:14.555 [JavaFX Application Thread] DEBUG PhysicsWorld         - Clearing physics world
20:23:14.559 [FXGL Background Thread 2 ] DEBUG FXGLApplication      - Initializing game
20:23:14.605 [FXGL Background Thread 2 ] DEBUG FXGLAssetLoaderServi - Loading from file system: file:/D:/bombermango/target/classes/assets/textures/sprites/wall.png
20:23:14.639 [FXGL Background Thread 2 ] DEBUG FXGLAssetLoaderServi - Loading from file system: file:/D:/bombermango/target/classes/assets/textures/sprites/brick.png
20:23:14.644 [FXGL Background Thread 2 ] DEBUG FXGLAssetLoaderServi - Loading from file system: file:/D:/bombermango/target/classes/assets/textures/sprites/balloom_right1.png
20:23:14.645 [FXGL Background Thread 2 ] DEBUG FXGLAssetLoaderServi - Loading from file system: file:/D:/bombermango/target/classes/assets/textures/sprites/balloom_right2.png
20:23:14.647 [FXGL Background Thread 2 ] DEBUG FXGLAssetLoaderServi - Loading from file system: file:/D:/bombermango/target/classes/assets/textures/sprites/balloom_right3.png
20:23:14.668 [FXGL Background Thread 2 ] DEBUG FXGLAssetLoaderServi - Loading from file system: file:/D:/bombermango/target/classes/assets/textures/sprites/oneal_right1.png
20:23:14.670 [FXGL Background Thread 2 ] DEBUG FXGLAssetLoaderServi - Loading from file system: file:/D:/bombermango/target/classes/assets/textures/sprites/oneal_right2.png
20:23:14.672 [FXGL Background Thread 2 ] DEBUG FXGLAssetLoaderServi - Loading from file system: file:/D:/bombermango/target/classes/assets/textures/sprites/oneal_right3.png
20:23:14.821 [FXGL Background Thread 2 ] DEBUG FXGLAssetLoaderServi - Loading from file system: file:/D:/bombermango/target/classes/assets/textures/sprites/doll_right1.png
20:23:14.825 [FXGL Background Thread 2 ] DEBUG FXGLAssetLoaderServi - Loading from file system: file:/D:/bombermango/target/classes/assets/textures/sprites/doll_right2.png
20:23:14.830 [FXGL Background Thread 2 ] DEBUG FXGLAssetLoaderServi - Loading from file system: file:/D:/bombermango/target/classes/assets/textures/sprites/doll_right3.png
20:23:14.854 [FXGL Background Thread 2 ] DEBUG GameWorld            - Clearing removable entities
20:23:14.855 [FXGL Background Thread 2 ] DEBUG GameWorld            - Setting level: com.almasb.fxgl.entity.level.Level@19a0d543
20:23:14.967 [FXGL Background Thread 2 ] DEBUG FXGLAssetLoaderServi - Loading from file system: file:/D:/bombermango/target/classes/assets/music/gameaudio.wav
20:23:15.184 [FXGL Background Thread 2 ] DEBUG FXGLAssetLoaderServi - Loading from file system: file:/D:/bombermango/target/classes/assets/textures/sprites/player_right.png
20:23:15.185 [FXGL Background Thread 2 ] DEBUG FXGLAssetLoaderServi - Loading from file system: file:/D:/bombermango/target/classes/assets/textures/sprites/player_right_1.png
20:23:15.187 [FXGL Background Thread 2 ] WARN  FXGLAssetLoaderServi - Asset "/assets/textures/sprites/player_right_2.png" was not found!
20:23:15.187 [FXGL Background Thread 2 ] WARN  FXGLAssetLoaderServi - Failed to load RESIZABLE_IMAGE
20:23:15.222 [FXGL Background Thread 2 ] DEBUG FXGLAssetLoaderServi - Loading from file system: file:/D:/bombermango/target/classes/assets/textures/sprites/player_down.png
20:23:15.225 [FXGL Background Thread 2 ] DEBUG FXGLAssetLoaderServi - Loading from file system: file:/D:/bombermango/target/classes/assets/textures/sprites/player_down_1.png
20:23:15.227 [FXGL Background Thread 2 ] DEBUG FXGLAssetLoaderServi - Loading from file system: file:/D:/bombermango/target/classes/assets/textures/sprites/player_down_2.png
20:23:15.229 [FXGL Background Thread 2 ] DEBUG FXGLAssetLoaderServi - Loading from file system: file:/D:/bombermango/target/classes/assets/textures/sprites/player_left.png
20:23:15.230 [FXGL Background Thread 2 ] DEBUG FXGLAssetLoaderServi - Loading from file system: file:/D:/bombermango/target/classes/assets/textures/sprites/player_left_1.png
20:23:15.231 [FXGL Background Thread 2 ] DEBUG FXGLAssetLoaderServi - Loading from file system: file:/D:/bombermango/target/classes/assets/textures/sprites/player_left_2.png
20:23:15.233 [FXGL Background Thread 2 ] DEBUG FXGLAssetLoaderServi - Loading from file system: file:/D:/bombermango/target/classes/assets/textures/sprites/portal.png
20:23:15.236 [FXGL Background Thread 2 ] DEBUG FXGLAssetLoaderServi - Loading from file system: file:/D:/bombermango/target/classes/assets/textures/sprites/powerup_bombs.png
20:23:15.240 [FXGL Background Thread 2 ] DEBUG FXGLAssetLoaderServi - Loading from file system: file:/D:/bombermango/target/classes/assets/textures/sprites/powerup_flames.png
20:23:15.249 [FXGL Background Thread 2 ] INFO  FXGLApplication      - Game initialization took: 0.690 sec
20:23:15.257 [JavaFX Application Thread] DEBUG Input                - Clearing active input actions
20:23:15.272 [JavaFX Application Thread] DEBUG GameApplicationServi - Removing overlay from FXGLLoadingScene and adding to GameScene
20:23:15.272 [JavaFX Application Thread] DEBUG PrimaryStageWindow   - FXGLLoadingScene -> GameScene
20:23:21.273 [JavaFX Application Thread] DEBUG FXGLAssetLoaderServi - Loading from file system: file:/D:/bombermango/target/classes/assets/textures/sprites/bomb.png
20:23:21.277 [JavaFX Application Thread] DEBUG FXGLAssetLoaderServi - Loading from file system: file:/D:/bombermango/target/classes/assets/textures/sprites/bomb_1.png
20:23:21.281 [JavaFX Application Thread] DEBUG FXGLAssetLoaderServi - Loading from file system: file:/D:/bombermango/target/classes/assets/textures/sprites/bomb_2.png
20:23:23.276 [JavaFX Application Thread] DEBUG FXGLAssetLoaderServi - Loading from file system: file:/D:/bombermango/target/classes/assets/textures/sprites/bomb_exploded.png
20:23:23.279 [JavaFX Application Thread] DEBUG FXGLAssetLoaderServi - Loading from file system: file:/D:/bombermango/target/classes/assets/textures/sprites/bomb_exploded1.png
20:23:23.281 [JavaFX Application Thread] DEBUG FXGLAssetLoaderServi - Loading from file system: file:/D:/bombermango/target/classes/assets/textures/sprites/bomb_exploded2.png
20:23:36.798 [JavaFX Application Thread] DEBUG FXGLAssetLoaderServi - Loading from file system: file:/D:/bombermango/target/classes/assets/textures/sprites/doll_dead.png
20:23:52.863 [JavaFX Application Thread] DEBUG FXGLAssetLoaderServi - Loading from file system: file:/D:/bombermango/target/classes/assets/textures/sprites/oneal_dead.png
20:24:33.841 [JavaFX Application Thread] DEBUG FXGLAssetLoaderServi - Loading from file system: file:/D:/bombermango/target/classes/assets/textures/sprites/balloom_dead.png
20:25:00.215 [JavaFX Application Thread] DEBUG GameWorld            - Clearing removable entities
20:25:00.231 [JavaFX Application Thread] DEBUG GameWorld            - Setting level: com.almasb.fxgl.entity.level.Level@7eb74459
20:25:00.247 [JavaFX Application Thread] WARN  FXGLAssetLoaderServi - Asset "/assets/textures/sprites/player_right_2.png" was not found!
20:25:00.248 [JavaFX Application Thread] WARN  FXGLAssetLoaderServi - Failed to load RESIZABLE_IMAGE
20:27:20.453 [JavaFX Application Thread] DEBUG PrimaryStageWindow   - Push state: DialogSubScene
20:27:20.453 [JavaFX Application Thread] DEBUG Input                - Clearing active input actions
20:27:20.456 [JavaFX Application Thread] DEBUG GameApplicationServi - Removing overlay from GameScene and adding to DialogSubScene
20:27:20.458 [JavaFX Application Thread] DEBUG PrimaryStageWindow   - GameScene -> DialogSubScene
20:27:21.923 [JavaFX Application Thread] DEBUG PrimaryStageWindow   - Pop state: DialogSubScene
20:27:21.923 [JavaFX Application Thread] DEBUG Input                - Clearing active input actions
20:27:21.924 [JavaFX Application Thread] DEBUG GameApplicationServi - Removing overlay from DialogSubScene and adding to GameScene
20:27:21.924 [JavaFX Application Thread] DEBUG PrimaryStageWindow   - GameScene <- DialogSubScene
20:27:21.924 [JavaFX Application Thread] DEBUG Input                - Clearing active input actions
20:27:21.931 [JavaFX Application Thread] DEBUG GameApplicationServi - Removing overlay from GameScene and adding to FXGLMainMenuDummyScene
20:27:21.931 [JavaFX Application Thread] DEBUG PrimaryStageWindow   - GameScene -> FXGLMainMenuDummyScene
20:27:21.932 [JavaFX Application Thread] DEBUG PrimaryStageWindow   - Push state: FXGLDefaultMenu
20:27:21.932 [JavaFX Application Thread] DEBUG Input                - Clearing active input actions
20:27:21.937 [JavaFX Application Thread] DEBUG GameApplicationServi - Removing overlay from FXGLMainMenuDummyScene and adding to FXGLDefaultMenu
20:27:21.937 [JavaFX Application Thread] DEBUG PrimaryStageWindow   - FXGLMainMenuDummyScene -> FXGLDefaultMenu
20:27:23.137 [JavaFX Application Thread] DEBUG Menu                 - fireNewGame()
20:27:23.137 [JavaFX Application Thread] DEBUG GameApplicationServi - Starting new game
20:27:23.137 [JavaFX Application Thread] DEBUG PrimaryStageWindow   - Pop state: FXGLDefaultMenu
20:27:23.137 [JavaFX Application Thread] DEBUG Input                - Clearing active input actions
20:27:23.138 [JavaFX Application Thread] DEBUG GameApplicationServi - Removing overlay from FXGLDefaultMenu and adding to FXGLMainMenuDummyScene
20:27:23.138 [JavaFX Application Thread] DEBUG PrimaryStageWindow   - FXGLMainMenuDummyScene <- FXGLDefaultMenu
20:27:23.138 [JavaFX Application Thread] DEBUG Input                - Clearing active input actions
20:27:23.146 [JavaFX Application Thread] DEBUG GameApplicationServi - Removing overlay from FXGLMainMenuDummyScene and adding to FXGLLoadingScene
20:27:23.146 [JavaFX Application Thread] DEBUG PrimaryStageWindow   - FXGLMainMenuDummyScene -> FXGLLoadingScene
20:27:23.146 [JavaFX Application Thread] DEBUG GameApplicationServi - Clearing previous game
20:27:23.147 [JavaFX Application Thread] DEBUG GameScene            - Clearing game scene
20:27:23.147 [JavaFX Application Thread] DEBUG GameWorld            - Clearing game world
20:27:23.155 [JavaFX Application Thread] DEBUG PhysicsWorld         - Clearing physics world
20:27:23.157 [FXGL Background Thread 5 ] DEBUG FXGLApplication      - Initializing game
20:27:23.231 [FXGL Background Thread 5 ] DEBUG GameWorld            - Clearing removable entities
20:27:23.231 [FXGL Background Thread 5 ] DEBUG GameWorld            - Setting level: com.almasb.fxgl.entity.level.Level@34399554
20:27:23.242 [FXGL Background Thread 5 ] WARN  FXGLAssetLoaderServi - Asset "/assets/textures/sprites/player_right_2.png" was not found!
20:27:23.242 [FXGL Background Thread 5 ] WARN  FXGLAssetLoaderServi - Failed to load RESIZABLE_IMAGE
20:27:23.246 [FXGL Background Thread 5 ] INFO  FXGLApplication      - Game initialization took: 0.089 sec
20:27:23.254 [JavaFX Application Thread] DEBUG Input                - Clearing active input actions
20:27:23.264 [JavaFX Application Thread] DEBUG GameApplicationServi - Removing overlay from FXGLLoadingScene and adding to GameScene
20:27:23.264 [JavaFX Application Thread] DEBUG PrimaryStageWindow   - FXGLLoadingScene -> GameScene
20:27:33.068 [JavaFX Application Thread] DEBUG AudioPlayer          - Playing music com.almasb.fxgl.audio.Music@265d7692
20:27:33.102 [JavaFX Application Thread] DEBUG AudioPlayer          - Stopping music com.almasb.fxgl.audio.Music@265d7692
20:27:36.043 [JavaFX Application Thread] DEBUG AudioPlayer          - Playing music com.almasb.fxgl.audio.Music@265d7692
20:27:36.061 [JavaFX Application Thread] DEBUG AudioPlayer          - Stopping music com.almasb.fxgl.audio.Music@265d7692
20:27:36.075 [JavaFX Application Thread] DEBUG AudioPlayer          - Playing music com.almasb.fxgl.audio.Music@265d7692
20:27:36.106 [JavaFX Application Thread] DEBUG AudioPlayer          - Stopping music com.almasb.fxgl.audio.Music@265d7692
20:27:36.123 [JavaFX Application Thread] DEBUG AudioPlayer          - Playing music com.almasb.fxgl.audio.Music@265d7692
20:27:36.139 [JavaFX Application Thread] DEBUG AudioPlayer          - Stopping music com.almasb.fxgl.audio.Music@265d7692
20:27:36.155 [JavaFX Application Thread] DEBUG AudioPlayer          - Playing music com.almasb.fxgl.audio.Music@265d7692
20:27:36.171 [JavaFX Application Thread] DEBUG AudioPlayer          - Stopping music com.almasb.fxgl.audio.Music@265d7692
20:27:36.987 [JavaFX Application Thread] DEBUG AudioPlayer          - Playing music com.almasb.fxgl.audio.Music@265d7692
20:27:37.004 [JavaFX Application Thread] DEBUG AudioPlayer          - Stopping music com.almasb.fxgl.audio.Music@265d7692
20:27:37.020 [JavaFX Application Thread] DEBUG AudioPlayer          - Playing music com.almasb.fxgl.audio.Music@265d7692
20:27:37.035 [JavaFX Application Thread] DEBUG AudioPlayer          - Stopping music com.almasb.fxgl.audio.Music@265d7692
20:27:37.051 [JavaFX Application Thread] DEBUG AudioPlayer          - Playing music com.almasb.fxgl.audio.Music@265d7692
20:27:37.067 [JavaFX Application Thread] DEBUG AudioPlayer          - Stopping music com.almasb.fxgl.audio.Music@265d7692
20:27:37.083 [JavaFX Application Thread] DEBUG AudioPlayer          - Playing music com.almasb.fxgl.audio.Music@265d7692
20:27:37.099 [JavaFX Application Thread] DEBUG AudioPlayer          - Stopping music com.almasb.fxgl.audio.Music@265d7692
20:27:37.115 [JavaFX Application Thread] DEBUG AudioPlayer          - Playing music com.almasb.fxgl.audio.Music@265d7692
20:27:37.131 [JavaFX Application Thread] DEBUG AudioPlayer          - Stopping music com.almasb.fxgl.audio.Music@265d7692
20:27:37.147 [JavaFX Application Thread] DEBUG AudioPlayer          - Playing music com.almasb.fxgl.audio.Music@265d7692
20:27:37.851 [JavaFX Application Thread] DEBUG AudioPlayer          - Stopping music com.almasb.fxgl.audio.Music@265d7692
20:27:37.867 [JavaFX Application Thread] DEBUG AudioPlayer          - Playing music com.almasb.fxgl.audio.Music@265d7692
20:27:37.885 [JavaFX Application Thread] DEBUG AudioPlayer          - Stopping music com.almasb.fxgl.audio.Music@265d7692
20:27:37.899 [JavaFX Application Thread] DEBUG AudioPlayer          - Playing music com.almasb.fxgl.audio.Music@265d7692
20:27:37.916 [JavaFX Application Thread] DEBUG AudioPlayer          - Stopping music com.almasb.fxgl.audio.Music@265d7692
20:27:37.931 [JavaFX Application Thread] DEBUG AudioPlayer          - Playing music com.almasb.fxgl.audio.Music@265d7692
20:27:37.947 [JavaFX Application Thread] DEBUG AudioPlayer          - Stopping music com.almasb.fxgl.audio.Music@265d7692
20:27:37.963 [JavaFX Application Thread] DEBUG AudioPlayer          - Playing music com.almasb.fxgl.audio.Music@265d7692
20:27:37.979 [JavaFX Application Thread] DEBUG AudioPlayer          - Stopping music com.almasb.fxgl.audio.Music@265d7692
20:27:37.995 [JavaFX Application Thread] DEBUG AudioPlayer          - Playing music com.almasb.fxgl.audio.Music@265d7692
20:27:38.011 [JavaFX Application Thread] DEBUG AudioPlayer          - Stopping music com.almasb.fxgl.audio.Music@265d7692
20:27:38.027 [JavaFX Application Thread] DEBUG AudioPlayer          - Playing music com.almasb.fxgl.audio.Music@265d7692
20:27:51.635 [JavaFX Application Thread] DEBUG FXGLApplication      - Exiting FXGL
20:27:51.636 [JavaFX Application Thread] DEBUG LoopRunner           - Stopping loop
20:27:51.636 [JavaFX Application Thread] DEBUG SystemBundleService  - Saving FXGL system data
20:27:51.638 [JavaFX Application Thread] DEBUG FileSystemAccess     - Writing to: D:\bombermango\system\fxgl.bundle
20:27:51.641 [JavaFX Application Thread] DEBUG Async                - Shutting down background threads
20:27:51.641 [JavaFX Application Thread] DEBUG PrimaryStageWindow   - Closing main window
20:27:51.664 [JavaFX Application Thread] DEBUG Logger               - Closing Logger
