16:50:33.062 [main                     ] DEBUG Logger               - Configured Logger
16:50:33.106 [main                     ] DEBUG GameApplication      - Logging settings
Title: Bomberman
Version: 0.0
Width: 800
Height: 672
Fullscreen: false
Intro: false
Profiling: false
Single step:false
App Mode: DEVELOPER
Menu Key: ESCAPE
Stage Style: DECORATED
Scene Factory: class com.almasb.fxgl.app.scene.SceneFactory

16:50:33.648 [JavaFX Application Thread] DEBUG FXGLApplication      - Initializing FXGL
16:50:33.657 [JavaFX Application Thread] INFO  Engine               - FXGL-17.1 (24.03.2022 17.34) on WINDOWS (J:18.0.2.1 FX:18.0.1)
16:50:33.658 [JavaFX Application Thread] DEBUG Engine               - JRE Vendor Name: Oracle Corporation
16:50:33.658 [JavaFX Application Thread] DEBUG Engine               - Running on OS: Windows 10 version 10.0
16:50:33.659 [JavaFX Application Thread] DEBUG Engine               - Architecture: amd64
16:50:33.659 [JavaFX Application Thread] INFO  Engine               - Source code and latest versions at: https://github.com/AlmasB/FXGL
16:50:33.659 [JavaFX Application Thread] INFO  Engine               -       Ask questions and discuss at: https://github.com/AlmasB/FXGL/discussions
16:50:33.659 [JavaFX Application Thread] INFO  Engine               -              Join the FXGL chat at: https://gitter.im/AlmasB/FXGL
16:50:33.833 [JavaFX Application Thread] DEBUG PrimaryStageWindow   - Creating a JavaFX scene
16:50:33.914 [JavaFX Application Thread] DEBUG PrimaryStageWindow   - Target settings size: 800.0 x 672.0
16:50:33.914 [JavaFX Application Thread] DEBUG PrimaryStageWindow   - Scaled scene size:    800.0 x 672.0
16:50:33.915 [JavaFX Application Thread] DEBUG PrimaryStageWindow   - Scaled ratio: (1.0, 1.0)
16:50:33.916 [JavaFX Application Thread] DEBUG PrimaryStageWindow   - Set initial scene to FXGLStartupScene
16:50:33.930 [JavaFX Application Thread] DEBUG PrimaryStageWindow   - Opening main window
16:50:34.069 [JavaFX Application Thread] DEBUG PrimaryStageWindow   - Window border size: (14.66668701171875, 37.33331298828125)
16:50:34.070 [JavaFX Application Thread] DEBUG PrimaryStageWindow   - Scaled size: 800.0 x 672.0
16:50:34.071 [JavaFX Application Thread] DEBUG PrimaryStageWindow   - Scaled ratio: (1.0, 1.0)
16:50:34.071 [JavaFX Application Thread] DEBUG PrimaryStageWindow   - Scene size: 800.0 x 672.0
16:50:34.072 [JavaFX Application Thread] DEBUG PrimaryStageWindow   - Stage size: 814.6666870117188 x 709.3333129882812
16:50:34.090 [FXGL Background Thread 1 ] DEBUG Engine               - Initializing environment variables
16:50:34.188 [FXGL Background Thread 1 ] DEBUG FXGLAssetLoaderServi - User app class for loading assets: class mangobomb.bombermango.HelloApplication
16:50:34.188 [FXGL Background Thread 1 ] DEBUG GameApplicationServi - Applying CSS: fxgl_dark.css
16:50:34.189 [FXGL Background Thread 1 ] DEBUG FXGLAssetLoaderServi - Loading from file system: jar:file:/C:/Users/Admin/.m2/repository/com/github/almasb/fxgl/17.1/fxgl-17.1.jar!/fxglassets/ui/css/fxgl_dark.css
16:50:34.276 [FXGL Background Thread 1 ] DEBUG GameApplicationServi - Initializing application scenes
16:50:34.424 [FXGL Background Thread 1 ] DEBUG GameWorld            - Game world initialized
16:50:34.514 [FXGL Background Thread 1 ] DEBUG PhysicsWorld         - Physics world initialized: appHeight=672, physics.ppm=50.0
16:50:34.514 [FXGL Background Thread 1 ] DEBUG PhysicsWorld         - Using strategy: BRUTE_FORCE
16:50:34.522 [FXGL Background Thread 1 ] DEBUG GameScene            - Game scene initialized: 800x672
16:50:34.544 [FXGL Background Thread 1 ] DEBUG FXGL.DefaultMenu     - createMenuBodyMainMenu()
16:50:34.572 [FXGL Background Thread 1 ] DEBUG FXGL.DefaultMenu     - createOptionsMenu()
16:50:34.594 [FXGL Background Thread 1 ] DEBUG FXGLAssetLoaderServi - Loading from file system: jar:file:/C:/Users/Admin/.m2/repository/com/github/almasb/fxgl/17.1/fxgl-17.1.jar!/fxglassets/textures/particles/smoke.png
16:50:34.778 [FXGL Background Thread 1 ] DEBUG FXGLAssetLoaderServi - Loading from file system: jar:file:/C:/Users/Admin/.m2/repository/com/github/almasb/fxgl/17.1/fxgl-17.1.jar!/fxglassets/textures/particles/trace_horizontal.png
16:50:34.834 [FXGL Background Thread 1 ] DEBUG FXGL.DefaultMenu     - createMenuBodyGameMenu()
16:50:34.836 [FXGL Background Thread 1 ] DEBUG FXGL.DefaultMenu     - createOptionsMenu()
16:50:34.861 [FXGL Background Thread 1 ] DEBUG GameApplicationServi - Application scenes initialized
16:50:34.881 [FXGL Background Thread 1 ] DEBUG SystemBundleService  - Loading FXGL system data
16:50:34.889 [FXGL Background Thread 1 ] DEBUG FileSystemAccess     - Reading from: D:\bombermango\system\fxgl.bundle
16:50:34.903 [FXGL Background Thread 1 ] DEBUG SystemBundleService  - Bundle FXGL: {}
16:50:34.903 [FXGL Background Thread 1 ] DEBUG UpdaterService       - Checking for updates
16:50:34.921 [FXGL Background Thread 4 ] DEBUG FXGLApplication      - Loading fonts
16:50:34.922 [FXGL Background Thread 4 ] DEBUG FXGLAssetLoaderServi - Loading from file system: jar:file:/C:/Users/Admin/.m2/repository/com/github/almasb/fxgl/17.1/fxgl-17.1.jar!/fxglassets/ui/fonts/VarelaRound-Regular.ttf
16:50:34.948 [FXGL Background Thread 1 ] DEBUG FXGLApplication      - Loading default localization
16:50:34.949 [FXGL Background Thread 1 ] DEBUG FXGLAssetLoaderServi - Loading from file system: jar:file:/C:/Users/Admin/.m2/repository/com/github/almasb/fxgl/17.1/fxgl-17.1.jar!/fxglassets/languages/english.lang
16:50:34.998 [FXGL Background Thread 1 ] INFO  FXGLApplication      - FXGL initialization took: 0.908 sec
16:50:35.019 [JavaFX Application Thread] DEBUG Input                - Registered new binding: moveUp - W
16:50:35.019 [JavaFX Application Thread] DEBUG Input                - Registered new binding: moveRight - D
16:50:35.019 [JavaFX Application Thread] DEBUG Input                - Registered new binding: moveLeft - A
16:50:35.019 [JavaFX Application Thread] DEBUG Input                - Registered new binding: moveDown - S
16:50:35.020 [JavaFX Application Thread] DEBUG Input                - Registered new binding: implantBomb - F
16:50:35.020 [JavaFX Application Thread] DEBUG Input                - Registered new binding: PlayMusic - M
16:50:35.020 [JavaFX Application Thread] DEBUG Input                - Registered new binding: Pause - P
16:50:35.021 [JavaFX Application Thread] DEBUG FXGLAssetLoaderServi - Loading from file system: jar:file:/C:/Users/Admin/.m2/repository/com/github/almasb/fxgl/17.1/fxgl-17.1.jar!/fxglassets/textures/fxgl_icon.png
16:50:35.069 [JavaFX Application Thread] DEBUG FXGLAssetLoaderServi - Loading from file system: jar:file:/C:/Users/Admin/.m2/repository/com/github/almasb/fxgl/17.1/fxgl-17.1.jar!/fxglassets/textures/fxgl_default_cursor.png
16:50:35.072 [JavaFX Application Thread] DEBUG Input                - Registered new binding: Screenshot - CTRL+8
16:50:35.074 [JavaFX Application Thread] DEBUG Input                - Registered new binding: System info dump - CTRL+9
16:50:35.074 [JavaFX Application Thread] DEBUG Input                - Registered new binding: Restart - CTRL+R
16:50:35.076 [JavaFX Application Thread] DEBUG Input                - Registered new binding: Toggle Debug Camera - CTRL+7
16:50:35.078 [JavaFX Application Thread] DEBUG LoopRunner           - Starting loop
16:50:35.078 [JavaFX Application Thread] DEBUG LoopRunner           - Initializing JavaFX AnimationTimerLoop
16:50:35.085 [JavaFX Application Thread] DEBUG Input                - Clearing active input actions
16:50:35.095 [JavaFX Application Thread] DEBUG GameApplicationServi - Removing overlay from FXGLStartupScene and adding to FXGLMainMenuDummyScene
16:50:35.096 [JavaFX Application Thread] DEBUG PrimaryStageWindow   - FXGLStartupScene -> FXGLMainMenuDummyScene
16:50:35.096 [JavaFX Application Thread] DEBUG PrimaryStageWindow   - Push state: FXGLDefaultMenu
16:50:35.105 [JavaFX Application Thread] DEBUG Input                - Clearing active input actions
16:50:35.120 [JavaFX Application Thread] DEBUG GameApplicationServi - Removing overlay from FXGLMainMenuDummyScene and adding to FXGLDefaultMenu
16:50:35.121 [JavaFX Application Thread] DEBUG PrimaryStageWindow   - FXGLMainMenuDummyScene -> FXGLDefaultMenu
16:50:35.207 [FXGL Background Thread 4 ] DEBUG FXGLAssetLoaderServi - Loading from file system: jar:file:/C:/Users/Admin/.m2/repository/com/github/almasb/fxgl/17.1/fxgl-17.1.jar!/fxglassets/ui/fonts/Abel-Regular.ttf
16:50:35.213 [FXGL Background Thread 4 ] DEBUG FXGLAssetLoaderServi - Loading from file system: jar:file:/C:/Users/Admin/.m2/repository/com/github/almasb/fxgl/17.1/fxgl-17.1.jar!/fxglassets/ui/fonts/TerminalLandMono-Regular.otf
16:50:35.219 [FXGL Background Thread 4 ] DEBUG FXGLAssetLoaderServi - Loading from file system: jar:file:/C:/Users/Admin/.m2/repository/com/github/almasb/fxgl/17.1/fxgl-17.1.jar!/fxglassets/ui/fonts/Courier-Prime.ttf
16:50:35.323 [JavaFX Application Thread] DEBUG FXGLApplication      - Registering font factories with UI factory
16:50:35.982 [JavaFX Application Thread] DEBUG Menu                 - fireNewGame()
16:50:35.982 [JavaFX Application Thread] DEBUG GameApplicationServi - Starting new game
16:50:35.986 [JavaFX Application Thread] DEBUG PrimaryStageWindow   - Pop state: FXGLDefaultMenu
16:50:35.986 [JavaFX Application Thread] DEBUG Input                - Clearing active input actions
16:50:35.987 [JavaFX Application Thread] DEBUG GameApplicationServi - Removing overlay from FXGLDefaultMenu and adding to FXGLMainMenuDummyScene
16:50:35.988 [JavaFX Application Thread] DEBUG PrimaryStageWindow   - FXGLMainMenuDummyScene <- FXGLDefaultMenu
16:50:35.988 [JavaFX Application Thread] DEBUG Input                - Clearing active input actions
16:50:36.006 [JavaFX Application Thread] DEBUG GameApplicationServi - Removing overlay from FXGLMainMenuDummyScene and adding to FXGLLoadingScene
16:50:36.006 [JavaFX Application Thread] DEBUG PrimaryStageWindow   - FXGLMainMenuDummyScene -> FXGLLoadingScene
16:50:36.006 [JavaFX Application Thread] DEBUG GameApplicationServi - Clearing previous game
16:50:36.006 [JavaFX Application Thread] DEBUG GameScene            - Clearing game scene
16:50:36.006 [JavaFX Application Thread] DEBUG GameWorld            - Clearing game world
16:50:36.007 [JavaFX Application Thread] DEBUG PhysicsWorld         - Clearing physics world
16:50:36.010 [FXGL Background Thread 4 ] DEBUG FXGLApplication      - Initializing game
16:50:36.067 [FXGL Background Thread 4 ] DEBUG FXGLAssetLoaderServi - Loading from file system: file:/D:/bombermango/target/classes/assets/textures/sprites/wall.png
16:50:36.151 [FXGL Background Thread 4 ] DEBUG FXGLAssetLoaderServi - Loading from file system: file:/D:/bombermango/target/classes/assets/textures/sprites/brick.png
16:50:36.155 [FXGL Background Thread 4 ] DEBUG FXGLAssetLoaderServi - Loading from file system: file:/D:/bombermango/target/classes/assets/textures/sprites/balloom_right1.png
16:50:36.158 [FXGL Background Thread 4 ] DEBUG FXGLAssetLoaderServi - Loading from file system: file:/D:/bombermango/target/classes/assets/textures/sprites/balloom_right2.png
16:50:36.160 [FXGL Background Thread 4 ] DEBUG FXGLAssetLoaderServi - Loading from file system: file:/D:/bombermango/target/classes/assets/textures/sprites/balloom_right3.png
16:50:36.187 [FXGL Background Thread 4 ] DEBUG FXGLAssetLoaderServi - Loading from file system: file:/D:/bombermango/target/classes/assets/textures/sprites/oneal_right1.png
16:50:36.189 [FXGL Background Thread 4 ] DEBUG FXGLAssetLoaderServi - Loading from file system: file:/D:/bombermango/target/classes/assets/textures/sprites/oneal_right2.png
16:50:36.192 [FXGL Background Thread 4 ] DEBUG FXGLAssetLoaderServi - Loading from file system: file:/D:/bombermango/target/classes/assets/textures/sprites/oneal_right3.png
16:50:36.276 [FXGL Background Thread 2 ] INFO  UpdaterService       - Your current version:  17.1
16:50:36.276 [FXGL Background Thread 2 ] INFO  UpdaterService       - Latest stable version: 17.2
16:50:36.386 [FXGL Background Thread 4 ] DEBUG FXGLAssetLoaderServi - Loading from file system: file:/D:/bombermango/target/classes/assets/textures/sprites/doll_right1.png
16:50:36.388 [FXGL Background Thread 4 ] DEBUG FXGLAssetLoaderServi - Loading from file system: file:/D:/bombermango/target/classes/assets/textures/sprites/doll_right2.png
16:50:36.390 [FXGL Background Thread 4 ] DEBUG FXGLAssetLoaderServi - Loading from file system: file:/D:/bombermango/target/classes/assets/textures/sprites/doll_right3.png
16:50:36.435 [FXGL Background Thread 4 ] DEBUG GameWorld            - Clearing removable entities
16:50:36.436 [FXGL Background Thread 4 ] DEBUG GameWorld            - Setting level: com.almasb.fxgl.entity.level.Level@6744f85c
16:50:36.545 [FXGL Background Thread 4 ] WARN  FXGLAssetLoaderServi - Asset "/assets/music/gameaudio.wav" was not found!
16:50:36.546 [FXGL Background Thread 4 ] WARN  FXGLAssetLoaderServi - Failed to load MUSIC
16:50:36.553 [FXGL Background Thread 4 ] DEBUG FXGLAssetLoaderServi - Loading from file system: file:/D:/bombermango/target/classes/assets/textures/sprites/player_right.png
16:50:36.565 [FXGL Background Thread 4 ] DEBUG FXGLAssetLoaderServi - Loading from file system: file:/D:/bombermango/target/classes/assets/textures/sprites/player_right_1.png
16:50:36.568 [FXGL Background Thread 4 ] WARN  FXGLAssetLoaderServi - Asset "/assets/textures/sprites/player_right_2.png" was not found!
16:50:36.569 [FXGL Background Thread 4 ] WARN  FXGLAssetLoaderServi - Failed to load RESIZABLE_IMAGE
16:50:36.598 [FXGL Background Thread 4 ] DEBUG FXGLAssetLoaderServi - Loading from file system: file:/D:/bombermango/target/classes/assets/textures/sprites/player_down.png
16:50:36.604 [FXGL Background Thread 4 ] DEBUG FXGLAssetLoaderServi - Loading from file system: file:/D:/bombermango/target/classes/assets/textures/sprites/player_down_1.png
16:50:36.605 [FXGL Background Thread 4 ] DEBUG FXGLAssetLoaderServi - Loading from file system: file:/D:/bombermango/target/classes/assets/textures/sprites/player_down_2.png
16:50:36.607 [FXGL Background Thread 4 ] DEBUG FXGLAssetLoaderServi - Loading from file system: file:/D:/bombermango/target/classes/assets/textures/sprites/player_left.png
16:50:36.609 [FXGL Background Thread 4 ] DEBUG FXGLAssetLoaderServi - Loading from file system: file:/D:/bombermango/target/classes/assets/textures/sprites/player_left_1.png
16:50:36.610 [FXGL Background Thread 4 ] DEBUG FXGLAssetLoaderServi - Loading from file system: file:/D:/bombermango/target/classes/assets/textures/sprites/player_left_2.png
16:50:36.614 [FXGL Background Thread 4 ] DEBUG FXGLAssetLoaderServi - Loading from file system: file:/D:/bombermango/target/classes/assets/textures/sprites/portal.png
16:50:36.621 [FXGL Background Thread 4 ] DEBUG FXGLAssetLoaderServi - Loading from file system: file:/D:/bombermango/target/classes/assets/textures/sprites/powerup_bombs.png
16:50:36.625 [FXGL Background Thread 4 ] DEBUG FXGLAssetLoaderServi - Loading from file system: file:/D:/bombermango/target/classes/assets/textures/sprites/powerup_flames.png
16:50:36.638 [FXGL Background Thread 4 ] INFO  FXGLApplication      - Game initialization took: 0.626 sec
16:50:36.638 [JavaFX Application Thread] DEBUG Input                - Clearing active input actions
16:50:36.659 [JavaFX Application Thread] DEBUG GameApplicationServi - Removing overlay from FXGLLoadingScene and adding to GameScene
16:50:36.659 [JavaFX Application Thread] DEBUG PrimaryStageWindow   - FXGLLoadingScene -> GameScene
16:50:37.908 [FXGL Background Thread 3 ] DEBUG Engine               - Logging environment variables
16:50:37.909 [FXGL Background Thread 3 ] DEBUG Engine               - achievements: []
16:50:37.909 [FXGL Background Thread 3 ] DEBUG Engine               - actualHeight: 672.0
16:50:37.910 [FXGL Background Thread 3 ] DEBUG Engine               - actualHeightProperty: ReadOnlyDoubleProperty [value: 672.0]
16:50:37.910 [FXGL Background Thread 3 ] DEBUG Engine               - actualWidth: 800.0
16:50:37.910 [FXGL Background Thread 3 ] DEBUG Engine               - actualWidthProperty: ReadOnlyDoubleProperty [value: 800.0]
16:50:37.910 [FXGL Background Thread 3 ] DEBUG Engine               - appIcon: fxgl_icon.png
16:50:37.910 [FXGL Background Thread 3 ] DEBUG Engine               - applicationMode: DEVELOPER
16:50:37.914 [FXGL Background Thread 3 ] DEBUG Engine               - cSSList: [fxgl_dark.css]
16:50:37.914 [FXGL Background Thread 3 ] DEBUG Engine               - collisionDetectionStrategy: BRUTE_FORCE
16:50:37.915 [FXGL Background Thread 3 ] DEBUG Engine               - configClass: Optional.empty
16:50:37.915 [FXGL Background Thread 3 ] DEBUG Engine               - credits: []
16:50:37.931 [FXGL Background Thread 3 ] DEBUG Engine               - defaultCursor: CursorInfo(imageName=fxgl_default_cursor.png, hotspotX=7.0, hotspotY=6.0)
16:50:37.932 [FXGL Background Thread 3 ] DEBUG Engine               - devBBoxColorProperty: ObjectProperty [value: 0xff0000ff]
16:50:37.932 [FXGL Background Thread 3 ] DEBUG Engine               - devEnableDebugCameraProperty: BooleanProperty [value: false]
16:50:37.932 [FXGL Background Thread 3 ] DEBUG Engine               - devSensorColorProperty: ObjectProperty [value: 0xffff00ff]
16:50:37.932 [FXGL Background Thread 3 ] DEBUG Engine               - devShowBBoxProperty: BooleanProperty [value: false]
16:50:37.933 [FXGL Background Thread 3 ] DEBUG Engine               - devShowPositionProperty: BooleanProperty [value: false]
16:50:37.933 [FXGL Background Thread 3 ] DEBUG Engine               - enabledMenuItems: []
16:50:37.933 [FXGL Background Thread 3 ] DEBUG Engine               - engineServices: [class com.almasb.fxgl.app.services.FXGLAssetLoaderService, class com.almasb.fxgl.app.FXGLApplication$GameApplicationService, class com.almasb.fxgl.app.services.FXGLDialogService, class com.almasb.fxgl.app.services.IOTaskExecutorService, class com.almasb.fxgl.io.FileSystemService, class com.almasb.fxgl.localization.LocalizationService, class com.almasb.fxgl.app.services.SystemBundleService, class com.almasb.fxgl.profile.SaveLoadService, class com.almasb.fxgl.ui.FXGLUIFactoryServiceProvider, class com.almasb.fxgl.ui.FXGLDialogFactoryServiceProvider, class com.almasb.fxgl.audio.AudioPlayer, class com.almasb.fxgl.notification.impl.NotificationServiceProvider, class com.almasb.fxgl.achievement.AchievementService, class com.almasb.fxgl.cutscene.CutsceneService, class com.almasb.fxgl.minigames.MiniGameService, class com.almasb.fxgl.net.NetService, class com.almasb.fxgl.app.services.UpdaterService, class com.almasb.fxgl.dev.DevService]
16:50:37.933 [FXGL Background Thread 3 ] DEBUG Engine               - fontGame: Abel-Regular.ttf
16:50:37.933 [FXGL Background Thread 3 ] DEBUG Engine               - fontMono: TerminalLandMono-Regular.otf
16:50:37.934 [FXGL Background Thread 3 ] DEBUG Engine               - fontText: Courier-Prime.ttf
16:50:37.934 [FXGL Background Thread 3 ] DEBUG Engine               - fontUI: VarelaRound-Regular.ttf
16:50:37.934 [FXGL Background Thread 3 ] DEBUG Engine               - fullScreen: BooleanProperty [value: false]
16:50:37.935 [FXGL Background Thread 3 ] DEBUG Engine               - gameDifficulty: MEDIUM
16:50:37.935 [FXGL Background Thread 3 ] DEBUG Engine               - gameDifficultyProperty: ObjectProperty [value: MEDIUM]
16:50:37.935 [FXGL Background Thread 3 ] DEBUG Engine               - globalMusicVolume: 0.5
16:50:37.936 [FXGL Background Thread 3 ] DEBUG Engine               - globalMusicVolumeProperty: DoubleProperty [value: 0.5]
16:50:37.936 [FXGL Background Thread 3 ] DEBUG Engine               - globalSoundVolume: 0.5
16:50:37.936 [FXGL Background Thread 3 ] DEBUG Engine               - globalSoundVolumeProperty: DoubleProperty [value: 0.5]
16:50:37.936 [FXGL Background Thread 3 ] DEBUG Engine               - height: 672
16:50:37.937 [FXGL Background Thread 3 ] DEBUG Engine               - is3D: false
16:50:37.937 [FXGL Background Thread 3 ] DEBUG Engine               - isAndroid: false
16:50:37.937 [FXGL Background Thread 3 ] DEBUG Engine               - isBrowser: false
16:50:37.937 [FXGL Background Thread 3 ] DEBUG Engine               - isClickFeedbackEnabled: false
16:50:37.938 [FXGL Background Thread 3 ] DEBUG Engine               - isCloseConfirmation: false
16:50:37.938 [FXGL Background Thread 3 ] DEBUG Engine               - isDesktop: true
16:50:37.938 [FXGL Background Thread 3 ] DEBUG Engine               - isDeveloperMenuEnabled: false
16:50:37.938 [FXGL Background Thread 3 ] DEBUG Engine               - isEmbedded: false
16:50:37.938 [FXGL Background Thread 3 ] DEBUG Engine               - isEntityPreloadEnabled: true
16:50:37.938 [FXGL Background Thread 3 ] DEBUG Engine               - isExperimentalTiledLargeMap: false
16:50:37.939 [FXGL Background Thread 3 ] DEBUG Engine               - isFileSystemWriteAllowed: true
16:50:37.939 [FXGL Background Thread 3 ] DEBUG Engine               - isFullScreenAllowed: false
16:50:37.939 [FXGL Background Thread 3 ] DEBUG Engine               - isFullScreenFromStart: false
16:50:37.939 [FXGL Background Thread 3 ] DEBUG Engine               - isGameMenuEnabled: true
16:50:37.939 [FXGL Background Thread 3 ] DEBUG Engine               - isIOS: false
16:50:37.939 [FXGL Background Thread 3 ] DEBUG Engine               - isIntroEnabled: false
16:50:37.940 [FXGL Background Thread 3 ] DEBUG Engine               - isLinux: false
16:50:37.940 [FXGL Background Thread 3 ] DEBUG Engine               - isMac: false
16:50:37.940 [FXGL Background Thread 3 ] DEBUG Engine               - isMainMenuEnabled: true
16:50:37.941 [FXGL Background Thread 3 ] DEBUG Engine               - isManualResizeEnabled: false
16:50:37.941 [FXGL Background Thread 3 ] DEBUG Engine               - isMobile: false
16:50:37.941 [FXGL Background Thread 3 ] DEBUG Engine               - isNative: false
16:50:37.941 [FXGL Background Thread 3 ] DEBUG Engine               - isPauseMusicWhenMinimized: true
16:50:37.941 [FXGL Background Thread 3 ] DEBUG Engine               - isPreserveResizeRatio: false
16:50:37.942 [FXGL Background Thread 3 ] DEBUG Engine               - isProfilingEnabled: false
16:50:37.942 [FXGL Background Thread 3 ] DEBUG Engine               - isScaleAffectedOnResize: true
16:50:37.942 [FXGL Background Thread 3 ] DEBUG Engine               - isSingleStep: false
16:50:37.942 [FXGL Background Thread 3 ] DEBUG Engine               - isUserProfileEnabled: false
16:50:37.942 [FXGL Background Thread 3 ] DEBUG Engine               - isWindows: true
16:50:37.942 [FXGL Background Thread 3 ] DEBUG Engine               - language: ObjectProperty [value: ENGLISH]
16:50:37.942 [FXGL Background Thread 3 ] DEBUG Engine               - menuKey: ESCAPE
16:50:37.942 [FXGL Background Thread 3 ] DEBUG Engine               - mouseSensitivity: 0.2
16:50:37.942 [FXGL Background Thread 3 ] DEBUG Engine               - notificationViewClass: class com.almasb.fxgl.notification.view.XboxNotificationView
16:50:37.943 [FXGL Background Thread 3 ] DEBUG Engine               - pixelsPerMeter: 50.0
16:50:37.943 [FXGL Background Thread 3 ] DEBUG Engine               - platform: WINDOWS
16:50:37.947 [FXGL Background Thread 3 ] DEBUG Engine               - prefHeightProperty: ReadOnlyDoubleProperty [value: 672.0]
16:50:37.948 [FXGL Background Thread 3 ] DEBUG Engine               - prefWidthProperty: ReadOnlyDoubleProperty [value: 800.0]
16:50:37.948 [FXGL Background Thread 3 ] DEBUG Engine               - profileDir: profiles/
16:50:37.948 [FXGL Background Thread 3 ] DEBUG Engine               - profileName: StringProperty [value: DEFAULT]
16:50:37.949 [FXGL Background Thread 3 ] DEBUG Engine               - randomSeed: -1
16:50:37.949 [FXGL Background Thread 3 ] DEBUG Engine               - runtimeInfo: RuntimeInfo(platform=WINDOWS, version=17.1, build=24.03.2022 17.34)
16:50:37.950 [FXGL Background Thread 3 ] DEBUG Engine               - saveFileExt: sav
16:50:37.950 [FXGL Background Thread 3 ] DEBUG Engine               - scaledHeightProp$fxgl: DoubleProperty [bound, value: 672.0]
16:50:37.950 [FXGL Background Thread 3 ] DEBUG Engine               - scaledWidthProp$fxgl: DoubleProperty [bound, value: 800.0]
16:50:37.951 [FXGL Background Thread 3 ] DEBUG Engine               - sceneFactory: com.almasb.fxgl.app.scene.SceneFactory@550f8ec8
16:50:37.951 [FXGL Background Thread 3 ] DEBUG Engine               - secondsIn24h: 60
16:50:37.951 [FXGL Background Thread 3 ] DEBUG Engine               - soundMenuBack: menu/back.wav
16:50:37.952 [FXGL Background Thread 3 ] DEBUG Engine               - soundMenuPress: menu/press.wav
16:50:37.952 [FXGL Background Thread 3 ] DEBUG Engine               - soundMenuSelect: menu/select.wav
16:50:37.952 [FXGL Background Thread 3 ] DEBUG Engine               - soundNotification: core/notification.wav
16:50:37.952 [FXGL Background Thread 3 ] DEBUG Engine               - stageStyle: DECORATED
16:50:37.952 [FXGL Background Thread 3 ] DEBUG Engine               - supportedLanguages: [ENGLISH, FRENCH, GERMAN, HUNGARIAN, RUSSIAN]
16:50:37.952 [FXGL Background Thread 3 ] DEBUG Engine               - ticksPerSecond: -1
16:50:37.952 [FXGL Background Thread 3 ] DEBUG Engine               - title: Bomberman
16:50:37.952 [FXGL Background Thread 3 ] DEBUG Engine               - urlGithub: https://github.com/AlmasB/FXGL
16:50:37.952 [FXGL Background Thread 3 ] DEBUG Engine               - urlLeaderboard: http://fxgl-top.herokuapp.com/
16:50:37.952 [FXGL Background Thread 3 ] DEBUG Engine               - urlPOM: https://raw.githubusercontent.com/AlmasB/FXGL/release/README.md
16:50:37.953 [FXGL Background Thread 3 ] DEBUG Engine               - userAppClass: class mangobomb.bombermango.HelloApplication
16:50:37.953 [FXGL Background Thread 3 ] DEBUG Engine               - version: 0.0
16:50:37.953 [FXGL Background Thread 3 ] DEBUG Engine               - versionCheckDays: 7
16:50:37.953 [FXGL Background Thread 3 ] DEBUG Engine               - width: 800
16:50:37.953 [FXGL Background Thread 3 ] DEBUG Engine               - Logging services
16:50:37.953 [FXGL Background Thread 3 ] DEBUG Engine               - class com.almasb.fxgl.app.services.FXGLAssetLoaderService
16:50:37.953 [FXGL Background Thread 3 ] DEBUG Engine               - class com.almasb.fxgl.app.FXGLApplication$GameApplicationService
16:50:37.953 [FXGL Background Thread 3 ] DEBUG Engine               - class com.almasb.fxgl.app.services.FXGLDialogService
16:50:37.953 [FXGL Background Thread 3 ] DEBUG Engine               - class com.almasb.fxgl.app.services.IOTaskExecutorService
16:50:37.954 [FXGL Background Thread 3 ] DEBUG Engine               - class com.almasb.fxgl.io.FileSystemService
16:50:37.954 [FXGL Background Thread 3 ] DEBUG Engine               - class com.almasb.fxgl.localization.LocalizationService
16:50:37.954 [FXGL Background Thread 3 ] DEBUG Engine               - class com.almasb.fxgl.app.services.SystemBundleService
16:50:37.954 [FXGL Background Thread 3 ] DEBUG Engine               - class com.almasb.fxgl.profile.SaveLoadService
16:50:37.954 [FXGL Background Thread 3 ] DEBUG Engine               - class com.almasb.fxgl.ui.FXGLUIFactoryServiceProvider
16:50:37.954 [FXGL Background Thread 3 ] DEBUG Engine               - class com.almasb.fxgl.ui.FXGLDialogFactoryServiceProvider
16:50:37.954 [FXGL Background Thread 3 ] DEBUG Engine               - class com.almasb.fxgl.audio.AudioPlayer
16:50:37.954 [FXGL Background Thread 3 ] DEBUG Engine               - class com.almasb.fxgl.notification.impl.NotificationServiceProvider
16:50:37.954 [FXGL Background Thread 3 ] DEBUG Engine               - class com.almasb.fxgl.achievement.AchievementService
16:50:37.954 [FXGL Background Thread 3 ] DEBUG Engine               - class com.almasb.fxgl.cutscene.CutsceneService
16:50:37.954 [FXGL Background Thread 3 ] DEBUG Engine               - class com.almasb.fxgl.minigames.MiniGameService
16:50:37.954 [FXGL Background Thread 3 ] DEBUG Engine               - class com.almasb.fxgl.net.NetService
16:50:37.954 [FXGL Background Thread 3 ] DEBUG Engine               - class com.almasb.fxgl.app.services.UpdaterService
16:50:37.954 [FXGL Background Thread 3 ] DEBUG Engine               - class com.almasb.fxgl.dev.DevService
16:50:40.063 [JavaFX Application Thread] DEBUG FXGLAssetLoaderServi - Loading from file system: file:/D:/bombermango/target/classes/assets/textures/sprites/bomb.png
16:50:40.068 [JavaFX Application Thread] DEBUG FXGLAssetLoaderServi - Loading from file system: file:/D:/bombermango/target/classes/assets/textures/sprites/bomb_1.png
16:50:40.071 [JavaFX Application Thread] DEBUG FXGLAssetLoaderServi - Loading from file system: file:/D:/bombermango/target/classes/assets/textures/sprites/bomb_2.png
16:50:42.049 [JavaFX Application Thread] DEBUG FXGLAssetLoaderServi - Loading from file system: file:/D:/bombermango/target/classes/assets/textures/sprites/bomb_exploded.png
16:50:42.051 [JavaFX Application Thread] DEBUG FXGLAssetLoaderServi - Loading from file system: file:/D:/bombermango/target/classes/assets/textures/sprites/bomb_exploded1.png
16:50:42.053 [JavaFX Application Thread] DEBUG FXGLAssetLoaderServi - Loading from file system: file:/D:/bombermango/target/classes/assets/textures/sprites/bomb_exploded2.png
16:51:20.627 [JavaFX Application Thread] DEBUG FXGLAssetLoaderServi - Loading from file system: file:/D:/bombermango/target/classes/assets/textures/sprites/balloom_dead.png
16:51:59.315 [JavaFX Application Thread] DEBUG FXGLAssetLoaderServi - Loading from file system: file:/D:/bombermango/target/classes/assets/textures/sprites/doll_dead.png
16:52:08.801 [JavaFX Application Thread] DEBUG FXGLAssetLoaderServi - Loading from file system: file:/D:/bombermango/target/classes/assets/textures/sprites/oneal_dead.png
16:52:30.235 [JavaFX Application Thread] DEBUG PrimaryStageWindow   - Push state: DialogSubScene
16:52:30.236 [JavaFX Application Thread] DEBUG Input                - Clearing active input actions
16:52:30.239 [JavaFX Application Thread] DEBUG GameApplicationServi - Removing overlay from GameScene and adding to DialogSubScene
16:52:30.240 [JavaFX Application Thread] DEBUG PrimaryStageWindow   - GameScene -> DialogSubScene
16:52:32.272 [JavaFX Application Thread] DEBUG PrimaryStageWindow   - Pop state: DialogSubScene
16:52:32.273 [JavaFX Application Thread] DEBUG Input                - Clearing active input actions
16:52:32.273 [JavaFX Application Thread] DEBUG GameApplicationServi - Removing overlay from DialogSubScene and adding to GameScene
16:52:32.273 [JavaFX Application Thread] DEBUG PrimaryStageWindow   - GameScene <- DialogSubScene
16:52:32.273 [JavaFX Application Thread] DEBUG Input                - Clearing active input actions
16:52:32.281 [JavaFX Application Thread] DEBUG GameApplicationServi - Removing overlay from GameScene and adding to FXGLMainMenuDummyScene
16:52:32.281 [JavaFX Application Thread] DEBUG PrimaryStageWindow   - GameScene -> FXGLMainMenuDummyScene
16:52:32.281 [JavaFX Application Thread] DEBUG PrimaryStageWindow   - Push state: FXGLDefaultMenu
16:52:32.281 [JavaFX Application Thread] DEBUG Input                - Clearing active input actions
16:52:32.283 [JavaFX Application Thread] DEBUG GameApplicationServi - Removing overlay from FXGLMainMenuDummyScene and adding to FXGLDefaultMenu
16:52:32.283 [JavaFX Application Thread] DEBUG PrimaryStageWindow   - FXGLMainMenuDummyScene -> FXGLDefaultMenu
16:52:32.995 [JavaFX Application Thread] DEBUG Menu                 - fireNewGame()
16:52:32.995 [JavaFX Application Thread] DEBUG GameApplicationServi - Starting new game
16:52:32.996 [JavaFX Application Thread] DEBUG PrimaryStageWindow   - Pop state: FXGLDefaultMenu
16:52:32.996 [JavaFX Application Thread] DEBUG Input                - Clearing active input actions
16:52:32.996 [JavaFX Application Thread] DEBUG GameApplicationServi - Removing overlay from FXGLDefaultMenu and adding to FXGLMainMenuDummyScene
16:52:32.996 [JavaFX Application Thread] DEBUG PrimaryStageWindow   - FXGLMainMenuDummyScene <- FXGLDefaultMenu
16:52:32.997 [JavaFX Application Thread] DEBUG Input                - Clearing active input actions
16:52:33.005 [JavaFX Application Thread] DEBUG GameApplicationServi - Removing overlay from FXGLMainMenuDummyScene and adding to FXGLLoadingScene
16:52:33.005 [JavaFX Application Thread] DEBUG PrimaryStageWindow   - FXGLMainMenuDummyScene -> FXGLLoadingScene
16:52:33.005 [JavaFX Application Thread] DEBUG GameApplicationServi - Clearing previous game
16:52:33.005 [JavaFX Application Thread] DEBUG GameScene            - Clearing game scene
16:52:33.005 [JavaFX Application Thread] DEBUG GameWorld            - Clearing game world
16:52:33.024 [JavaFX Application Thread] DEBUG PhysicsWorld         - Clearing physics world
16:52:33.026 [FXGL Background Thread 5 ] DEBUG FXGLApplication      - Initializing game
16:52:33.121 [FXGL Background Thread 5 ] DEBUG GameWorld            - Clearing removable entities
16:52:33.121 [FXGL Background Thread 5 ] DEBUG GameWorld            - Setting level: com.almasb.fxgl.entity.level.Level@1830a5b2
16:52:33.139 [FXGL Background Thread 5 ] WARN  FXGLAssetLoaderServi - Asset "/assets/music/gameaudio.wav" was not found!
16:52:33.139 [FXGL Background Thread 5 ] WARN  FXGLAssetLoaderServi - Failed to load MUSIC
16:52:33.140 [FXGL Background Thread 5 ] WARN  FXGLAssetLoaderServi - Asset "/assets/textures/sprites/player_right_2.png" was not found!
16:52:33.140 [FXGL Background Thread 5 ] WARN  FXGLAssetLoaderServi - Failed to load RESIZABLE_IMAGE
16:52:33.146 [FXGL Background Thread 5 ] INFO  FXGLApplication      - Game initialization took: 0.119 sec
16:52:33.147 [JavaFX Application Thread] DEBUG Input                - Clearing active input actions
16:52:33.155 [JavaFX Application Thread] DEBUG GameApplicationServi - Removing overlay from FXGLLoadingScene and adding to GameScene
16:52:33.155 [JavaFX Application Thread] DEBUG PrimaryStageWindow   - FXGLLoadingScene -> GameScene
16:52:49.376 [JavaFX Application Thread] DEBUG FXGLApplication      - Exiting FXGL
16:52:49.377 [JavaFX Application Thread] DEBUG LoopRunner           - Stopping loop
16:52:49.377 [JavaFX Application Thread] DEBUG SystemBundleService  - Saving FXGL system data
16:52:49.379 [JavaFX Application Thread] DEBUG FileSystemAccess     - Writing to: D:\bombermango\system\fxgl.bundle
16:52:49.381 [JavaFX Application Thread] DEBUG Async                - Shutting down background threads
16:52:49.381 [JavaFX Application Thread] DEBUG PrimaryStageWindow   - Closing main window
16:52:49.451 [JavaFX Application Thread] DEBUG Logger               - Closing Logger
