17:05:44.666 [main                     ] DEBUG Logger               - Configured Logger
17:05:44.701 [main                     ] DEBUG GameApplication      - Logging settings
Title: Bomberman!
Version: 0.0
Width: 912
Height: 624
Fullscreen: false
Intro: false
Profiling: false
Single step:false
App Mode: DEVELOPER
Menu Key: ESCAPE
Stage Style: DECORATED
Scene Factory: class com.almasb.fxgl.app.scene.SceneFactory

17:05:45.160 [JavaFX Application Thread] DEBUG FXGLApplication      - Initializing FXGL
17:05:45.169 [JavaFX Application Thread] INFO  Engine               - FXGL-17.1 (24.03.2022 17.34) on WINDOWS (J:18.0.2.1 FX:18.0.1)
17:05:45.169 [JavaFX Application Thread] DEBUG Engine               - JRE Vendor Name: Oracle Corporation
17:05:45.170 [JavaFX Application Thread] DEBUG Engine               - Running on OS: Windows 10 version 10.0
17:05:45.170 [JavaFX Application Thread] DEBUG Engine               - Architecture: amd64
17:05:45.170 [JavaFX Application Thread] INFO  Engine               - Source code and latest versions at: https://github.com/AlmasB/FXGL
17:05:45.170 [JavaFX Application Thread] INFO  Engine               -       Ask questions and discuss at: https://github.com/AlmasB/FXGL/discussions
17:05:45.170 [JavaFX Application Thread] INFO  Engine               -              Join the FXGL chat at: https://gitter.im/AlmasB/FXGL
17:05:45.334 [JavaFX Application Thread] DEBUG PrimaryStageWindow   - Creating a JavaFX scene
17:05:45.412 [JavaFX Application Thread] DEBUG PrimaryStageWindow   - Target settings size: 912.0 x 624.0
17:05:45.413 [JavaFX Application Thread] DEBUG PrimaryStageWindow   - Scaled scene size:    912.0 x 624.0
17:05:45.413 [JavaFX Application Thread] DEBUG PrimaryStageWindow   - Scaled ratio: (1.0, 1.0)
17:05:45.415 [JavaFX Application Thread] DEBUG PrimaryStageWindow   - Set initial scene to FXGLStartupScene
17:05:45.428 [JavaFX Application Thread] DEBUG PrimaryStageWindow   - Opening main window
17:05:45.549 [JavaFX Application Thread] DEBUG PrimaryStageWindow   - Window border size: (14.66668701171875, 37.33331298828125)
17:05:45.549 [JavaFX Application Thread] DEBUG PrimaryStageWindow   - Scaled size: 912.0 x 624.0
17:05:45.549 [JavaFX Application Thread] DEBUG PrimaryStageWindow   - Scaled ratio: (1.0, 1.0)
17:05:45.550 [JavaFX Application Thread] DEBUG PrimaryStageWindow   - Scene size: 912.0 x 624.0
17:05:45.550 [JavaFX Application Thread] DEBUG PrimaryStageWindow   - Stage size: 926.6666870117188 x 661.3333129882812
17:05:45.628 [FXGL Background Thread 1 ] DEBUG Engine               - Initializing environment variables
17:05:45.718 [FXGL Background Thread 1 ] DEBUG FXGLAssetLoaderServi - User app class for loading assets: class mangobomb.bombermango.HelloApplication
17:05:45.718 [FXGL Background Thread 1 ] DEBUG GameApplicationServi - Applying CSS: fxgl_dark.css
17:05:45.719 [FXGL Background Thread 1 ] DEBUG FXGLAssetLoaderServi - Loading from file system: jar:file:/C:/Users/Admin/.m2/repository/com/github/almasb/fxgl/17.1/fxgl-17.1.jar!/fxglassets/ui/css/fxgl_dark.css
17:05:45.790 [FXGL Background Thread 1 ] DEBUG GameApplicationServi - Initializing application scenes
17:05:45.882 [FXGL Background Thread 1 ] DEBUG GameWorld            - Game world initialized
17:05:45.966 [FXGL Background Thread 1 ] DEBUG PhysicsWorld         - Physics world initialized: appHeight=624, physics.ppm=50.0
17:05:45.966 [FXGL Background Thread 1 ] DEBUG PhysicsWorld         - Using strategy: BRUTE_FORCE
17:05:45.972 [FXGL Background Thread 1 ] DEBUG GameScene            - Game scene initialized: 912x624
17:05:45.989 [FXGL Background Thread 1 ] DEBUG FXGL.DefaultMenu     - createMenuBodyGameMenu()
17:05:46.014 [FXGL Background Thread 1 ] DEBUG FXGL.DefaultMenu     - createOptionsMenu()
17:05:46.031 [FXGL Background Thread 1 ] DEBUG FXGLAssetLoaderServi - Loading from file system: jar:file:/C:/Users/Admin/.m2/repository/com/github/almasb/fxgl/17.1/fxgl-17.1.jar!/fxglassets/textures/particles/smoke.png
17:05:46.170 [FXGL Background Thread 1 ] DEBUG FXGLAssetLoaderServi - Loading from file system: jar:file:/C:/Users/Admin/.m2/repository/com/github/almasb/fxgl/17.1/fxgl-17.1.jar!/fxglassets/textures/particles/trace_horizontal.png
17:05:46.208 [FXGL Background Thread 1 ] DEBUG GameApplicationServi - Application scenes initialized
17:05:46.226 [FXGL Background Thread 1 ] DEBUG SystemBundleService  - Loading FXGL system data
17:05:46.233 [FXGL Background Thread 1 ] DEBUG FileSystemAccess     - Reading from: D:\bombermango\system\fxgl.bundle
17:05:46.245 [FXGL Background Thread 1 ] DEBUG SystemBundleService  - Bundle FXGL: {}
17:05:46.246 [FXGL Background Thread 1 ] DEBUG UpdaterService       - Checking for updates
17:05:46.252 [FXGL Background Thread 1 ] DEBUG FXGLApplication      - Loading default localization
17:05:46.253 [FXGL Background Thread 1 ] DEBUG FXGLAssetLoaderServi - Loading from file system: jar:file:/C:/Users/Admin/.m2/repository/com/github/almasb/fxgl/17.1/fxgl-17.1.jar!/fxglassets/languages/english.lang
17:05:46.277 [FXGL Background Thread 1 ] INFO  FXGLApplication      - FXGL initialization took: 0.648 sec
17:05:46.290 [FXGL Background Thread 4 ] DEBUG FXGLApplication      - Loading fonts
17:05:46.290 [FXGL Background Thread 4 ] DEBUG FXGLAssetLoaderServi - Loading from file system: jar:file:/C:/Users/Admin/.m2/repository/com/github/almasb/fxgl/17.1/fxgl-17.1.jar!/fxglassets/ui/fonts/VarelaRound-Regular.ttf
17:05:46.291 [JavaFX Application Thread] DEBUG Input                - Registered new binding: action0 - W
17:05:46.291 [JavaFX Application Thread] DEBUG Input                - Registered new binding: action1 - A
17:05:46.291 [JavaFX Application Thread] DEBUG Input                - Registered new binding: action2 - S
17:05:46.292 [JavaFX Application Thread] DEBUG Input                - Registered new binding: action3 - D
17:05:46.293 [JavaFX Application Thread] DEBUG FXGLAssetLoaderServi - Loading from file system: jar:file:/C:/Users/Admin/.m2/repository/com/github/almasb/fxgl/17.1/fxgl-17.1.jar!/fxglassets/textures/fxgl_icon.png
17:05:46.321 [JavaFX Application Thread] DEBUG FXGLAssetLoaderServi - Loading from file system: jar:file:/C:/Users/Admin/.m2/repository/com/github/almasb/fxgl/17.1/fxgl-17.1.jar!/fxglassets/textures/fxgl_default_cursor.png
17:05:46.324 [JavaFX Application Thread] DEBUG Input                - Registered new binding: Screenshot - CTRL+8
17:05:46.324 [JavaFX Application Thread] DEBUG Input                - Registered new binding: System info dump - CTRL+9
17:05:46.325 [JavaFX Application Thread] DEBUG Input                - Registered new binding: Restart - CTRL+R
17:05:46.326 [JavaFX Application Thread] DEBUG Input                - Registered new binding: Toggle Debug Camera - CTRL+7
17:05:46.328 [JavaFX Application Thread] DEBUG LoopRunner           - Starting loop
17:05:46.328 [JavaFX Application Thread] DEBUG LoopRunner           - Initializing JavaFX AnimationTimerLoop
17:05:46.330 [JavaFX Application Thread] DEBUG GameApplicationServi - Starting new game
17:05:46.331 [JavaFX Application Thread] DEBUG Input                - Clearing active input actions
17:05:46.367 [JavaFX Application Thread] DEBUG GameApplicationServi - Removing overlay from FXGLStartupScene and adding to FXGLLoadingScene
17:05:46.368 [JavaFX Application Thread] DEBUG PrimaryStageWindow   - FXGLStartupScene -> FXGLLoadingScene
17:05:46.368 [JavaFX Application Thread] DEBUG GameApplicationServi - Clearing previous game
17:05:46.368 [JavaFX Application Thread] DEBUG GameScene            - Clearing game scene
17:05:46.368 [JavaFX Application Thread] DEBUG GameWorld            - Clearing game world
17:05:46.368 [JavaFX Application Thread] DEBUG PhysicsWorld         - Clearing physics world
17:05:46.372 [FXGL Background Thread 1 ] DEBUG FXGLApplication      - Initializing game
17:05:46.399 [FXGL Background Thread 1 ] DEBUG FXGLAssetLoaderServi - Loading from file system: file:/D:/bombermango/target/classes/assets/textures/sprites/player_left.png
17:05:46.401 [FXGL Background Thread 1 ] DEBUG FXGLAssetLoaderServi - Loading from file system: file:/D:/bombermango/target/classes/assets/textures/sprites/player_left_1.png
17:05:46.401 [FXGL Background Thread 1 ] DEBUG FXGLAssetLoaderServi - Loading from file system: file:/D:/bombermango/target/classes/assets/textures/sprites/player_left_2.png
17:05:46.416 [FXGL Background Thread 1 ] WARN  GameWorld            - Entity is already attached to world
17:05:46.417 [FXGL Background Thread 1 ] DEBUG FXGLAssetLoaderServi - Loading from file system: file:/D:/bombermango/target/classes/assets/textures/sprites/wall.png
17:05:46.477 [FXGL Background Thread 1 ] DEBUG FXGLAssetLoaderServi - Loading from file system: file:/D:/bombermango/target/classes/assets/textures/sprites/bomb.png
17:05:46.482 [FXGL Background Thread 1 ] DEBUG FXGLAssetLoaderServi - Loading from file system: file:/D:/bombermango/target/classes/assets/textures/sprites/bomb_1.png
17:05:46.487 [FXGL Background Thread 1 ] DEBUG FXGLAssetLoaderServi - Loading from file system: file:/D:/bombermango/target/classes/assets/textures/sprites/bomb_2.png
17:05:46.488 [FXGL Background Thread 1 ] WARN  GameWorld            - Entity is already attached to world
17:05:46.489 [FXGL Background Thread 1 ] INFO  FXGLApplication      - Game initialization took: 0.118 sec
17:05:46.559 [FXGL Background Thread 4 ] DEBUG FXGLAssetLoaderServi - Loading from file system: jar:file:/C:/Users/Admin/.m2/repository/com/github/almasb/fxgl/17.1/fxgl-17.1.jar!/fxglassets/ui/fonts/Abel-Regular.ttf
17:05:46.569 [FXGL Background Thread 4 ] DEBUG FXGLAssetLoaderServi - Loading from file system: jar:file:/C:/Users/Admin/.m2/repository/com/github/almasb/fxgl/17.1/fxgl-17.1.jar!/fxglassets/ui/fonts/TerminalLandMono-Regular.otf
17:05:46.573 [FXGL Background Thread 4 ] DEBUG FXGLAssetLoaderServi - Loading from file system: jar:file:/C:/Users/Admin/.m2/repository/com/github/almasb/fxgl/17.1/fxgl-17.1.jar!/fxglassets/ui/fonts/Courier-Prime.ttf
17:05:46.618 [JavaFX Application Thread] DEBUG Input                - Clearing active input actions
17:05:46.637 [JavaFX Application Thread] DEBUG GameApplicationServi - Removing overlay from FXGLLoadingScene and adding to GameScene
17:05:46.638 [JavaFX Application Thread] DEBUG PrimaryStageWindow   - FXGLLoadingScene -> GameScene
17:05:46.638 [JavaFX Application Thread] DEBUG FXGLApplication      - Registering font factories with UI factory
17:05:47.218 [FXGL Background Thread 2 ] INFO  UpdaterService       - Your current version:  17.1
17:05:47.218 [FXGL Background Thread 2 ] INFO  UpdaterService       - Latest stable version: 17.2
17:05:49.252 [FXGL Background Thread 3 ] DEBUG Engine               - Logging environment variables
17:05:49.253 [FXGL Background Thread 3 ] DEBUG Engine               - achievements: []
17:05:49.253 [FXGL Background Thread 3 ] DEBUG Engine               - actualHeight: 624.0
17:05:49.254 [FXGL Background Thread 3 ] DEBUG Engine               - actualHeightProperty: ReadOnlyDoubleProperty [value: 624.0]
17:05:49.254 [FXGL Background Thread 3 ] DEBUG Engine               - actualWidth: 912.0
17:05:49.254 [FXGL Background Thread 3 ] DEBUG Engine               - actualWidthProperty: ReadOnlyDoubleProperty [value: 912.0]
17:05:49.256 [FXGL Background Thread 3 ] DEBUG Engine               - appIcon: fxgl_icon.png
17:05:49.256 [FXGL Background Thread 3 ] DEBUG Engine               - applicationMode: DEVELOPER
17:05:49.256 [FXGL Background Thread 3 ] DEBUG Engine               - cSSList: [fxgl_dark.css]
17:05:49.256 [FXGL Background Thread 3 ] DEBUG Engine               - collisionDetectionStrategy: BRUTE_FORCE
17:05:49.256 [FXGL Background Thread 3 ] DEBUG Engine               - configClass: Optional.empty
17:05:49.256 [FXGL Background Thread 3 ] DEBUG Engine               - credits: []
17:05:49.257 [FXGL Background Thread 3 ] DEBUG Engine               - defaultCursor: CursorInfo(imageName=fxgl_default_cursor.png, hotspotX=7.0, hotspotY=6.0)
17:05:49.258 [FXGL Background Thread 3 ] DEBUG Engine               - devBBoxColorProperty: ObjectProperty [value: 0xff0000ff]
17:05:49.258 [FXGL Background Thread 3 ] DEBUG Engine               - devEnableDebugCameraProperty: BooleanProperty [value: false]
17:05:49.258 [FXGL Background Thread 3 ] DEBUG Engine               - devSensorColorProperty: ObjectProperty [value: 0xffff00ff]
17:05:49.259 [FXGL Background Thread 3 ] DEBUG Engine               - devShowBBoxProperty: BooleanProperty [value: false]
17:05:49.259 [FXGL Background Thread 3 ] DEBUG Engine               - devShowPositionProperty: BooleanProperty [value: false]
17:05:49.259 [FXGL Background Thread 3 ] DEBUG Engine               - enabledMenuItems: []
17:05:49.259 [FXGL Background Thread 3 ] DEBUG Engine               - engineServices: [class com.almasb.fxgl.app.services.FXGLAssetLoaderService, class com.almasb.fxgl.app.FXGLApplication$GameApplicationService, class com.almasb.fxgl.app.services.FXGLDialogService, class com.almasb.fxgl.app.services.IOTaskExecutorService, class com.almasb.fxgl.io.FileSystemService, class com.almasb.fxgl.localization.LocalizationService, class com.almasb.fxgl.app.services.SystemBundleService, class com.almasb.fxgl.profile.SaveLoadService, class com.almasb.fxgl.ui.FXGLUIFactoryServiceProvider, class com.almasb.fxgl.ui.FXGLDialogFactoryServiceProvider, class com.almasb.fxgl.audio.AudioPlayer, class com.almasb.fxgl.notification.impl.NotificationServiceProvider, class com.almasb.fxgl.achievement.AchievementService, class com.almasb.fxgl.cutscene.CutsceneService, class com.almasb.fxgl.minigames.MiniGameService, class com.almasb.fxgl.net.NetService, class com.almasb.fxgl.app.services.UpdaterService, class com.almasb.fxgl.dev.DevService]
17:05:49.259 [FXGL Background Thread 3 ] DEBUG Engine               - fontGame: Abel-Regular.ttf
17:05:49.260 [FXGL Background Thread 3 ] DEBUG Engine               - fontMono: TerminalLandMono-Regular.otf
17:05:49.260 [FXGL Background Thread 3 ] DEBUG Engine               - fontText: Courier-Prime.ttf
17:05:49.260 [FXGL Background Thread 3 ] DEBUG Engine               - fontUI: VarelaRound-Regular.ttf
17:05:49.260 [FXGL Background Thread 3 ] DEBUG Engine               - fullScreen: BooleanProperty [value: false]
17:05:49.260 [FXGL Background Thread 3 ] DEBUG Engine               - gameDifficulty: MEDIUM
17:05:49.261 [FXGL Background Thread 3 ] DEBUG Engine               - gameDifficultyProperty: ObjectProperty [value: MEDIUM]
17:05:49.261 [FXGL Background Thread 3 ] DEBUG Engine               - globalMusicVolume: 0.5
17:05:49.261 [FXGL Background Thread 3 ] DEBUG Engine               - globalMusicVolumeProperty: DoubleProperty [value: 0.5]
17:05:49.261 [FXGL Background Thread 3 ] DEBUG Engine               - globalSoundVolume: 0.5
17:05:49.261 [FXGL Background Thread 3 ] DEBUG Engine               - globalSoundVolumeProperty: DoubleProperty [value: 0.5]
17:05:49.262 [FXGL Background Thread 3 ] DEBUG Engine               - height: 624
17:05:49.262 [FXGL Background Thread 3 ] DEBUG Engine               - is3D: false
17:05:49.262 [FXGL Background Thread 3 ] DEBUG Engine               - isAndroid: false
17:05:49.262 [FXGL Background Thread 3 ] DEBUG Engine               - isBrowser: false
17:05:49.262 [FXGL Background Thread 3 ] DEBUG Engine               - isClickFeedbackEnabled: false
17:05:49.263 [FXGL Background Thread 3 ] DEBUG Engine               - isCloseConfirmation: false
17:05:49.263 [FXGL Background Thread 3 ] DEBUG Engine               - isDesktop: true
17:05:49.263 [FXGL Background Thread 3 ] DEBUG Engine               - isDeveloperMenuEnabled: false
17:05:49.264 [FXGL Background Thread 3 ] DEBUG Engine               - isEmbedded: false
17:05:49.264 [FXGL Background Thread 3 ] DEBUG Engine               - isEntityPreloadEnabled: true
17:05:49.265 [FXGL Background Thread 3 ] DEBUG Engine               - isExperimentalTiledLargeMap: false
17:05:49.265 [FXGL Background Thread 3 ] DEBUG Engine               - isFileSystemWriteAllowed: true
17:05:49.265 [FXGL Background Thread 3 ] DEBUG Engine               - isFullScreenAllowed: false
17:05:49.266 [FXGL Background Thread 3 ] DEBUG Engine               - isFullScreenFromStart: false
17:05:49.266 [FXGL Background Thread 3 ] DEBUG Engine               - isGameMenuEnabled: true
17:05:49.266 [FXGL Background Thread 3 ] DEBUG Engine               - isIOS: false
17:05:49.266 [FXGL Background Thread 3 ] DEBUG Engine               - isIntroEnabled: false
17:05:49.266 [FXGL Background Thread 3 ] DEBUG Engine               - isLinux: false
17:05:49.266 [FXGL Background Thread 3 ] DEBUG Engine               - isMac: false
17:05:49.266 [FXGL Background Thread 3 ] DEBUG Engine               - isMainMenuEnabled: false
17:05:49.266 [FXGL Background Thread 3 ] DEBUG Engine               - isManualResizeEnabled: false
17:05:49.267 [FXGL Background Thread 3 ] DEBUG Engine               - isMobile: false
17:05:49.267 [FXGL Background Thread 3 ] DEBUG Engine               - isNative: false
17:05:49.267 [FXGL Background Thread 3 ] DEBUG Engine               - isPauseMusicWhenMinimized: true
17:05:49.267 [FXGL Background Thread 3 ] DEBUG Engine               - isPreserveResizeRatio: false
17:05:49.267 [FXGL Background Thread 3 ] DEBUG Engine               - isProfilingEnabled: false
17:05:49.267 [FXGL Background Thread 3 ] DEBUG Engine               - isScaleAffectedOnResize: true
17:05:49.267 [FXGL Background Thread 3 ] DEBUG Engine               - isSingleStep: false
17:05:49.267 [FXGL Background Thread 3 ] DEBUG Engine               - isUserProfileEnabled: false
17:05:49.268 [FXGL Background Thread 3 ] DEBUG Engine               - isWindows: true
17:05:49.268 [FXGL Background Thread 3 ] DEBUG Engine               - language: ObjectProperty [value: ENGLISH]
17:05:49.268 [FXGL Background Thread 3 ] DEBUG Engine               - menuKey: ESCAPE
17:05:49.268 [FXGL Background Thread 3 ] DEBUG Engine               - mouseSensitivity: 0.2
17:05:49.268 [FXGL Background Thread 3 ] DEBUG Engine               - notificationViewClass: class com.almasb.fxgl.notification.view.XboxNotificationView
17:05:49.268 [FXGL Background Thread 3 ] DEBUG Engine               - pixelsPerMeter: 50.0
17:05:49.268 [FXGL Background Thread 3 ] DEBUG Engine               - platform: WINDOWS
17:05:49.268 [FXGL Background Thread 3 ] DEBUG Engine               - prefHeightProperty: ReadOnlyDoubleProperty [value: 624.0]
17:05:49.268 [FXGL Background Thread 3 ] DEBUG Engine               - prefWidthProperty: ReadOnlyDoubleProperty [value: 912.0]
17:05:49.268 [FXGL Background Thread 3 ] DEBUG Engine               - profileDir: profiles/
17:05:49.269 [FXGL Background Thread 3 ] DEBUG Engine               - profileName: StringProperty [value: DEFAULT]
17:05:49.269 [FXGL Background Thread 3 ] DEBUG Engine               - randomSeed: -1
17:05:49.269 [FXGL Background Thread 3 ] DEBUG Engine               - runtimeInfo: RuntimeInfo(platform=WINDOWS, version=17.1, build=24.03.2022 17.34)
17:05:49.270 [FXGL Background Thread 3 ] DEBUG Engine               - saveFileExt: sav
17:05:49.270 [FXGL Background Thread 3 ] DEBUG Engine               - scaledHeightProp$fxgl: DoubleProperty [bound, value: 624.0]
17:05:49.270 [FXGL Background Thread 3 ] DEBUG Engine               - scaledWidthProp$fxgl: DoubleProperty [bound, value: 912.0]
17:05:49.270 [FXGL Background Thread 3 ] DEBUG Engine               - sceneFactory: com.almasb.fxgl.app.scene.SceneFactory@5e3c179
17:05:49.270 [FXGL Background Thread 3 ] DEBUG Engine               - secondsIn24h: 60
17:05:49.270 [FXGL Background Thread 3 ] DEBUG Engine               - soundMenuBack: menu/back.wav
17:05:49.270 [FXGL Background Thread 3 ] DEBUG Engine               - soundMenuPress: menu/press.wav
17:05:49.270 [FXGL Background Thread 3 ] DEBUG Engine               - soundMenuSelect: menu/select.wav
17:05:49.270 [FXGL Background Thread 3 ] DEBUG Engine               - soundNotification: core/notification.wav
17:05:49.271 [FXGL Background Thread 3 ] DEBUG Engine               - stageStyle: DECORATED
17:05:49.271 [FXGL Background Thread 3 ] DEBUG Engine               - supportedLanguages: [ENGLISH, FRENCH, GERMAN, HUNGARIAN, RUSSIAN]
17:05:49.271 [FXGL Background Thread 3 ] DEBUG Engine               - ticksPerSecond: -1
17:05:49.271 [FXGL Background Thread 3 ] DEBUG Engine               - title: Bomberman!
17:05:49.271 [FXGL Background Thread 3 ] DEBUG Engine               - urlGithub: https://github.com/AlmasB/FXGL
17:05:49.271 [FXGL Background Thread 3 ] DEBUG Engine               - urlLeaderboard: http://fxgl-top.herokuapp.com/
17:05:49.271 [FXGL Background Thread 3 ] DEBUG Engine               - urlPOM: https://raw.githubusercontent.com/AlmasB/FXGL/release/README.md
17:05:49.271 [FXGL Background Thread 3 ] DEBUG Engine               - userAppClass: class mangobomb.bombermango.HelloApplication
17:05:49.271 [FXGL Background Thread 3 ] DEBUG Engine               - version: 0.0
17:05:49.271 [FXGL Background Thread 3 ] DEBUG Engine               - versionCheckDays: 7
17:05:49.272 [FXGL Background Thread 3 ] DEBUG Engine               - width: 912
17:05:49.272 [FXGL Background Thread 3 ] DEBUG Engine               - Logging services
17:05:49.272 [FXGL Background Thread 3 ] DEBUG Engine               - class com.almasb.fxgl.app.services.FXGLAssetLoaderService
17:05:49.272 [FXGL Background Thread 3 ] DEBUG Engine               - class com.almasb.fxgl.app.FXGLApplication$GameApplicationService
17:05:49.272 [FXGL Background Thread 3 ] DEBUG Engine               - class com.almasb.fxgl.app.services.FXGLDialogService
17:05:49.272 [FXGL Background Thread 3 ] DEBUG Engine               - class com.almasb.fxgl.app.services.IOTaskExecutorService
17:05:49.272 [FXGL Background Thread 3 ] DEBUG Engine               - class com.almasb.fxgl.io.FileSystemService
17:05:49.272 [FXGL Background Thread 3 ] DEBUG Engine               - class com.almasb.fxgl.localization.LocalizationService
17:05:49.272 [FXGL Background Thread 3 ] DEBUG Engine               - class com.almasb.fxgl.app.services.SystemBundleService
17:05:49.272 [FXGL Background Thread 3 ] DEBUG Engine               - class com.almasb.fxgl.profile.SaveLoadService
17:05:49.273 [FXGL Background Thread 3 ] DEBUG Engine               - class com.almasb.fxgl.ui.FXGLUIFactoryServiceProvider
17:05:49.273 [FXGL Background Thread 3 ] DEBUG Engine               - class com.almasb.fxgl.ui.FXGLDialogFactoryServiceProvider
17:05:49.273 [FXGL Background Thread 3 ] DEBUG Engine               - class com.almasb.fxgl.audio.AudioPlayer
17:05:49.273 [FXGL Background Thread 3 ] DEBUG Engine               - class com.almasb.fxgl.notification.impl.NotificationServiceProvider
17:05:49.273 [FXGL Background Thread 3 ] DEBUG Engine               - class com.almasb.fxgl.achievement.AchievementService
17:05:49.273 [FXGL Background Thread 3 ] DEBUG Engine               - class com.almasb.fxgl.cutscene.CutsceneService
17:05:49.273 [FXGL Background Thread 3 ] DEBUG Engine               - class com.almasb.fxgl.minigames.MiniGameService
17:05:49.273 [FXGL Background Thread 3 ] DEBUG Engine               - class com.almasb.fxgl.net.NetService
17:05:49.273 [FXGL Background Thread 3 ] DEBUG Engine               - class com.almasb.fxgl.app.services.UpdaterService
17:05:49.273 [FXGL Background Thread 3 ] DEBUG Engine               - class com.almasb.fxgl.dev.DevService
17:05:52.818 [JavaFX Application Thread] DEBUG FXGLApplication      - Exiting FXGL
17:05:52.818 [JavaFX Application Thread] DEBUG LoopRunner           - Stopping loop
17:05:52.818 [JavaFX Application Thread] DEBUG SystemBundleService  - Saving FXGL system data
17:05:52.820 [JavaFX Application Thread] DEBUG FileSystemAccess     - Writing to: D:\bombermango\system\fxgl.bundle
17:05:52.822 [JavaFX Application Thread] DEBUG Async                - Shutting down background threads
17:05:52.822 [JavaFX Application Thread] DEBUG PrimaryStageWindow   - Closing main window
17:05:52.838 [JavaFX Application Thread] DEBUG Logger               - Closing Logger
