22:22:16.726 [main                     ] DEBUG Logger               - Configured Logger
22:22:16.768 [main                     ] DEBUG GameApplication      - Logging settings
Title: Bomberman!
Version: 0.0
Width: 912
Height: 624
Fullscreen: false
Intro: false
Profiling: false
Single step:false
App Mode: DEVELOPER
Menu Key: ESCAPE
Stage Style: DECORATED
Scene Factory: class com.almasb.fxgl.app.scene.SceneFactory

22:22:17.477 [JavaFX Application Thread] DEBUG FXGLApplication      - Initializing FXGL
22:22:17.488 [JavaFX Application Thread] INFO  Engine               - FXGL-17.1 (24.03.2022 17.34) on WINDOWS (J:18.0.2.1 FX:18.0.1)
22:22:17.488 [JavaFX Application Thread] DEBUG Engine               - JRE Vendor Name: Oracle Corporation
22:22:17.489 [JavaFX Application Thread] DEBUG Engine               - Running on OS: Windows 10 version 10.0
22:22:17.489 [JavaFX Application Thread] DEBUG Engine               - Architecture: amd64
22:22:17.489 [JavaFX Application Thread] INFO  Engine               - Source code and latest versions at: https://github.com/AlmasB/FXGL
22:22:17.489 [JavaFX Application Thread] INFO  Engine               -       Ask questions and discuss at: https://github.com/AlmasB/FXGL/discussions
22:22:17.490 [JavaFX Application Thread] INFO  Engine               -              Join the FXGL chat at: https://gitter.im/AlmasB/FXGL
22:22:17.724 [JavaFX Application Thread] DEBUG PrimaryStageWindow   - Creating a JavaFX scene
22:22:17.803 [JavaFX Application Thread] DEBUG PrimaryStageWindow   - Target settings size: 912.0 x 624.0
22:22:17.805 [JavaFX Application Thread] DEBUG PrimaryStageWindow   - Scaled scene size:    912.0 x 624.0
22:22:17.806 [JavaFX Application Thread] DEBUG PrimaryStageWindow   - Scaled ratio: (1.0, 1.0)
22:22:17.808 [JavaFX Application Thread] DEBUG PrimaryStageWindow   - Set initial scene to FXGLStartupScene
22:22:17.820 [JavaFX Application Thread] DEBUG PrimaryStageWindow   - Opening main window
22:22:17.981 [JavaFX Application Thread] DEBUG PrimaryStageWindow   - Window border size: (14.66668701171875, 37.33331298828125)
22:22:17.981 [JavaFX Application Thread] DEBUG PrimaryStageWindow   - Scaled size: 912.0 x 624.0
22:22:17.981 [JavaFX Application Thread] DEBUG PrimaryStageWindow   - Scaled ratio: (1.0, 1.0)
22:22:17.982 [JavaFX Application Thread] DEBUG PrimaryStageWindow   - Scene size: 912.0 x 624.0
22:22:17.982 [JavaFX Application Thread] DEBUG PrimaryStageWindow   - Stage size: 926.6666870117188 x 661.3333129882812
22:22:18.094 [FXGL Background Thread 1 ] DEBUG Engine               - Initializing environment variables
22:22:18.179 [FXGL Background Thread 1 ] DEBUG FXGLAssetLoaderServi - User app class for loading assets: class mangobomb.bombermango.HelloApplication
22:22:18.179 [FXGL Background Thread 1 ] DEBUG GameApplicationServi - Applying CSS: fxgl_dark.css
22:22:18.181 [FXGL Background Thread 1 ] DEBUG FXGLAssetLoaderServi - Loading from file system: jar:file:/C:/Users/Admin/.m2/repository/com/github/almasb/fxgl/17.1/fxgl-17.1.jar!/fxglassets/ui/css/fxgl_dark.css
22:22:18.282 [FXGL Background Thread 1 ] DEBUG GameApplicationServi - Initializing application scenes
22:22:18.441 [FXGL Background Thread 1 ] DEBUG GameWorld            - Game world initialized
22:22:18.541 [FXGL Background Thread 1 ] DEBUG PhysicsWorld         - Physics world initialized: appHeight=624, physics.ppm=50.0
22:22:18.541 [FXGL Background Thread 1 ] DEBUG PhysicsWorld         - Using strategy: BRUTE_FORCE
22:22:18.548 [FXGL Background Thread 1 ] DEBUG GameScene            - Game scene initialized: 912x624
22:22:18.569 [FXGL Background Thread 1 ] DEBUG FXGL.DefaultMenu     - createMenuBodyGameMenu()
22:22:18.596 [FXGL Background Thread 1 ] DEBUG FXGL.DefaultMenu     - createOptionsMenu()
22:22:18.616 [FXGL Background Thread 1 ] DEBUG FXGLAssetLoaderServi - Loading from file system: jar:file:/C:/Users/Admin/.m2/repository/com/github/almasb/fxgl/17.1/fxgl-17.1.jar!/fxglassets/textures/particles/smoke.png
22:22:18.812 [FXGL Background Thread 1 ] DEBUG FXGLAssetLoaderServi - Loading from file system: jar:file:/C:/Users/Admin/.m2/repository/com/github/almasb/fxgl/17.1/fxgl-17.1.jar!/fxglassets/textures/particles/trace_horizontal.png
22:22:18.882 [FXGL Background Thread 1 ] DEBUG GameApplicationServi - Application scenes initialized
22:22:18.902 [FXGL Background Thread 1 ] DEBUG SystemBundleService  - Loading FXGL system data
22:22:18.909 [FXGL Background Thread 1 ] DEBUG FileSystemAccess     - Reading from: D:\bombermango\system\fxgl.bundle
22:22:18.924 [FXGL Background Thread 1 ] DEBUG SystemBundleService  - Bundle FXGL: {}
22:22:18.924 [FXGL Background Thread 1 ] DEBUG UpdaterService       - Checking for updates
22:22:18.937 [FXGL Background Thread 1 ] DEBUG FXGLApplication      - Loading default localization
22:22:18.938 [FXGL Background Thread 1 ] DEBUG FXGLAssetLoaderServi - Loading from file system: jar:file:/C:/Users/Admin/.m2/repository/com/github/almasb/fxgl/17.1/fxgl-17.1.jar!/fxglassets/languages/english.lang
22:22:19.002 [FXGL Background Thread 1 ] INFO  FXGLApplication      - FXGL initialization took: 0.908 sec
22:22:19.022 [JavaFX Application Thread] DEBUG Input                - Registered new binding: moveUp - W
22:22:19.022 [JavaFX Application Thread] DEBUG Input                - Registered new binding: moveRight - D
22:22:19.023 [JavaFX Application Thread] DEBUG Input                - Registered new binding: moveLeft - A
22:22:19.023 [JavaFX Application Thread] DEBUG Input                - Registered new binding: moveDown - S
22:22:19.023 [JavaFX Application Thread] DEBUG Input                - Registered new binding: implantBomb - F
22:22:19.024 [JavaFX Application Thread] DEBUG FXGLAssetLoaderServi - Loading from file system: jar:file:/C:/Users/Admin/.m2/repository/com/github/almasb/fxgl/17.1/fxgl-17.1.jar!/fxglassets/textures/fxgl_icon.png
22:22:19.133 [FXGL Background Thread 4 ] DEBUG FXGLApplication      - Loading fonts
22:22:19.134 [FXGL Background Thread 4 ] DEBUG FXGLAssetLoaderServi - Loading from file system: jar:file:/C:/Users/Admin/.m2/repository/com/github/almasb/fxgl/17.1/fxgl-17.1.jar!/fxglassets/ui/fonts/VarelaRound-Regular.ttf
22:22:19.138 [JavaFX Application Thread] DEBUG FXGLAssetLoaderServi - Loading from file system: jar:file:/C:/Users/Admin/.m2/repository/com/github/almasb/fxgl/17.1/fxgl-17.1.jar!/fxglassets/textures/fxgl_default_cursor.png
22:22:19.142 [JavaFX Application Thread] DEBUG Input                - Registered new binding: Screenshot - CTRL+8
22:22:19.143 [JavaFX Application Thread] DEBUG Input                - Registered new binding: System info dump - CTRL+9
22:22:19.144 [JavaFX Application Thread] DEBUG Input                - Registered new binding: Restart - CTRL+R
22:22:19.145 [JavaFX Application Thread] DEBUG Input                - Registered new binding: Toggle Debug Camera - CTRL+7
22:22:19.148 [JavaFX Application Thread] DEBUG LoopRunner           - Starting loop
22:22:19.148 [JavaFX Application Thread] DEBUG LoopRunner           - Initializing JavaFX AnimationTimerLoop
22:22:19.158 [JavaFX Application Thread] DEBUG GameApplicationServi - Starting new game
22:22:19.158 [JavaFX Application Thread] DEBUG Input                - Clearing active input actions
22:22:19.189 [JavaFX Application Thread] DEBUG GameApplicationServi - Removing overlay from FXGLStartupScene and adding to FXGLLoadingScene
22:22:19.189 [JavaFX Application Thread] DEBUG PrimaryStageWindow   - FXGLStartupScene -> FXGLLoadingScene
22:22:19.189 [JavaFX Application Thread] DEBUG GameApplicationServi - Clearing previous game
22:22:19.190 [JavaFX Application Thread] DEBUG GameScene            - Clearing game scene
22:22:19.190 [JavaFX Application Thread] DEBUG GameWorld            - Clearing game world
22:22:19.190 [JavaFX Application Thread] DEBUG PhysicsWorld         - Clearing physics world
22:22:19.191 [FXGL Background Thread 1 ] DEBUG FXGLApplication      - Initializing game
22:22:19.262 [FXGL Background Thread 1 ] DEBUG FXGLAssetLoaderServi - Loading from file system: file:/D:/bombermango/target/classes/assets/textures/sprites/player_left.png
22:22:19.263 [FXGL Background Thread 1 ] DEBUG FXGLAssetLoaderServi - Loading from file system: file:/D:/bombermango/target/classes/assets/textures/sprites/player_left_1.png
22:22:19.265 [FXGL Background Thread 1 ] DEBUG FXGLAssetLoaderServi - Loading from file system: file:/D:/bombermango/target/classes/assets/textures/sprites/player_left_2.png
22:22:19.323 [FXGL Background Thread 1 ] WARN  GameWorld            - Entity is already attached to world
22:22:19.323 [FXGL Background Thread 1 ] INFO  FXGLApplication      - Game initialization took: 0.132 sec
22:22:19.342 [JavaFX Application Thread] DEBUG Input                - Clearing active input actions
22:22:19.354 [JavaFX Application Thread] DEBUG GameApplicationServi - Removing overlay from FXGLLoadingScene and adding to GameScene
22:22:19.354 [JavaFX Application Thread] DEBUG PrimaryStageWindow   - FXGLLoadingScene -> GameScene
22:22:19.453 [FXGL Background Thread 4 ] DEBUG FXGLAssetLoaderServi - Loading from file system: jar:file:/C:/Users/Admin/.m2/repository/com/github/almasb/fxgl/17.1/fxgl-17.1.jar!/fxglassets/ui/fonts/Abel-Regular.ttf
22:22:19.458 [FXGL Background Thread 4 ] DEBUG FXGLAssetLoaderServi - Loading from file system: jar:file:/C:/Users/Admin/.m2/repository/com/github/almasb/fxgl/17.1/fxgl-17.1.jar!/fxglassets/ui/fonts/TerminalLandMono-Regular.otf
22:22:19.464 [FXGL Background Thread 4 ] DEBUG FXGLAssetLoaderServi - Loading from file system: jar:file:/C:/Users/Admin/.m2/repository/com/github/almasb/fxgl/17.1/fxgl-17.1.jar!/fxglassets/ui/fonts/Courier-Prime.ttf
22:22:19.572 [JavaFX Application Thread] DEBUG FXGLApplication      - Registering font factories with UI factory
22:22:19.973 [FXGL Background Thread 2 ] INFO  UpdaterService       - Your current version:  17.1
22:22:19.973 [FXGL Background Thread 2 ] INFO  UpdaterService       - Latest stable version: 17.2
22:22:20.540 [JavaFX Application Thread] DEBUG FXGLAssetLoaderServi - Loading from file system: file:/D:/bombermango/target/classes/assets/textures/sprites/bomb.png
22:22:20.541 [JavaFX Application Thread] DEBUG FXGLAssetLoaderServi - Loading from file system: file:/D:/bombermango/target/classes/assets/textures/sprites/bomb_1.png
22:22:20.543 [JavaFX Application Thread] DEBUG FXGLAssetLoaderServi - Loading from file system: file:/D:/bombermango/target/classes/assets/textures/sprites/bomb_2.png
22:22:20.545 [JavaFX Application Thread] WARN  GameWorld            - Entity is already attached to world
22:22:21.195 [JavaFX Application Thread] WARN  GameWorld            - Entity is already attached to world
22:22:21.964 [JavaFX Application Thread] WARN  GameWorld            - Entity is already attached to world
22:22:21.982 [FXGL Background Thread 3 ] DEBUG Engine               - Logging environment variables
22:22:21.983 [FXGL Background Thread 3 ] DEBUG Engine               - achievements: []
22:22:21.983 [FXGL Background Thread 3 ] DEBUG Engine               - actualHeight: 624.0
22:22:21.983 [FXGL Background Thread 3 ] DEBUG Engine               - actualHeightProperty: ReadOnlyDoubleProperty [value: 624.0]
22:22:21.984 [FXGL Background Thread 3 ] DEBUG Engine               - actualWidth: 912.0
22:22:21.984 [FXGL Background Thread 3 ] DEBUG Engine               - actualWidthProperty: ReadOnlyDoubleProperty [value: 912.0]
22:22:21.984 [FXGL Background Thread 3 ] DEBUG Engine               - appIcon: fxgl_icon.png
22:22:21.984 [FXGL Background Thread 3 ] DEBUG Engine               - applicationMode: DEVELOPER
22:22:21.984 [FXGL Background Thread 3 ] DEBUG Engine               - cSSList: [fxgl_dark.css]
22:22:21.984 [FXGL Background Thread 3 ] DEBUG Engine               - collisionDetectionStrategy: BRUTE_FORCE
22:22:21.985 [FXGL Background Thread 3 ] DEBUG Engine               - configClass: Optional.empty
22:22:21.985 [FXGL Background Thread 3 ] DEBUG Engine               - credits: []
22:22:21.985 [FXGL Background Thread 3 ] DEBUG Engine               - defaultCursor: CursorInfo(imageName=fxgl_default_cursor.png, hotspotX=7.0, hotspotY=6.0)
22:22:21.986 [FXGL Background Thread 3 ] DEBUG Engine               - devBBoxColorProperty: ObjectProperty [value: 0xff0000ff]
22:22:21.986 [FXGL Background Thread 3 ] DEBUG Engine               - devEnableDebugCameraProperty: BooleanProperty [value: false]
22:22:21.987 [FXGL Background Thread 3 ] DEBUG Engine               - devSensorColorProperty: ObjectProperty [value: 0xffff00ff]
22:22:21.987 [FXGL Background Thread 3 ] DEBUG Engine               - devShowBBoxProperty: BooleanProperty [value: false]
22:22:21.987 [FXGL Background Thread 3 ] DEBUG Engine               - devShowPositionProperty: BooleanProperty [value: false]
22:22:21.987 [FXGL Background Thread 3 ] DEBUG Engine               - enabledMenuItems: []
22:22:21.988 [FXGL Background Thread 3 ] DEBUG Engine               - engineServices: [class com.almasb.fxgl.app.services.FXGLAssetLoaderService, class com.almasb.fxgl.app.FXGLApplication$GameApplicationService, class com.almasb.fxgl.app.services.FXGLDialogService, class com.almasb.fxgl.app.services.IOTaskExecutorService, class com.almasb.fxgl.io.FileSystemService, class com.almasb.fxgl.localization.LocalizationService, class com.almasb.fxgl.app.services.SystemBundleService, class com.almasb.fxgl.profile.SaveLoadService, class com.almasb.fxgl.ui.FXGLUIFactoryServiceProvider, class com.almasb.fxgl.ui.FXGLDialogFactoryServiceProvider, class com.almasb.fxgl.audio.AudioPlayer, class com.almasb.fxgl.notification.impl.NotificationServiceProvider, class com.almasb.fxgl.achievement.AchievementService, class com.almasb.fxgl.cutscene.CutsceneService, class com.almasb.fxgl.minigames.MiniGameService, class com.almasb.fxgl.net.NetService, class com.almasb.fxgl.app.services.UpdaterService, class com.almasb.fxgl.dev.DevService]
22:22:21.988 [FXGL Background Thread 3 ] DEBUG Engine               - fontGame: Abel-Regular.ttf
22:22:21.988 [FXGL Background Thread 3 ] DEBUG Engine               - fontMono: TerminalLandMono-Regular.otf
22:22:21.988 [FXGL Background Thread 3 ] DEBUG Engine               - fontText: Courier-Prime.ttf
22:22:21.988 [FXGL Background Thread 3 ] DEBUG Engine               - fontUI: VarelaRound-Regular.ttf
22:22:21.989 [FXGL Background Thread 3 ] DEBUG Engine               - fullScreen: BooleanProperty [value: false]
22:22:21.990 [FXGL Background Thread 3 ] DEBUG Engine               - gameDifficulty: MEDIUM
22:22:21.990 [FXGL Background Thread 3 ] DEBUG Engine               - gameDifficultyProperty: ObjectProperty [value: MEDIUM]
22:22:21.990 [FXGL Background Thread 3 ] DEBUG Engine               - globalMusicVolume: 0.5
22:22:21.990 [FXGL Background Thread 3 ] DEBUG Engine               - globalMusicVolumeProperty: DoubleProperty [value: 0.5]
22:22:21.991 [FXGL Background Thread 3 ] DEBUG Engine               - globalSoundVolume: 0.5
22:22:21.991 [FXGL Background Thread 3 ] DEBUG Engine               - globalSoundVolumeProperty: DoubleProperty [value: 0.5]
22:22:21.991 [FXGL Background Thread 3 ] DEBUG Engine               - height: 624
22:22:21.991 [FXGL Background Thread 3 ] DEBUG Engine               - is3D: false
22:22:21.991 [FXGL Background Thread 3 ] DEBUG Engine               - isAndroid: false
22:22:21.991 [FXGL Background Thread 3 ] DEBUG Engine               - isBrowser: false
22:22:21.992 [FXGL Background Thread 3 ] DEBUG Engine               - isClickFeedbackEnabled: false
22:22:21.992 [FXGL Background Thread 3 ] DEBUG Engine               - isCloseConfirmation: false
22:22:21.992 [FXGL Background Thread 3 ] DEBUG Engine               - isDesktop: true
22:22:21.992 [FXGL Background Thread 3 ] DEBUG Engine               - isDeveloperMenuEnabled: false
22:22:21.992 [FXGL Background Thread 3 ] DEBUG Engine               - isEmbedded: false
22:22:21.992 [FXGL Background Thread 3 ] DEBUG Engine               - isEntityPreloadEnabled: true
22:22:21.992 [FXGL Background Thread 3 ] DEBUG Engine               - isExperimentalTiledLargeMap: false
22:22:21.992 [FXGL Background Thread 3 ] DEBUG Engine               - isFileSystemWriteAllowed: true
22:22:21.992 [FXGL Background Thread 3 ] DEBUG Engine               - isFullScreenAllowed: false
22:22:21.992 [FXGL Background Thread 3 ] DEBUG Engine               - isFullScreenFromStart: false
22:22:21.993 [FXGL Background Thread 3 ] DEBUG Engine               - isGameMenuEnabled: true
22:22:21.993 [FXGL Background Thread 3 ] DEBUG Engine               - isIOS: false
22:22:21.993 [FXGL Background Thread 3 ] DEBUG Engine               - isIntroEnabled: false
22:22:21.993 [FXGL Background Thread 3 ] DEBUG Engine               - isLinux: false
22:22:21.993 [FXGL Background Thread 3 ] DEBUG Engine               - isMac: false
22:22:21.993 [FXGL Background Thread 3 ] DEBUG Engine               - isMainMenuEnabled: false
22:22:21.993 [FXGL Background Thread 3 ] DEBUG Engine               - isManualResizeEnabled: false
22:22:21.994 [FXGL Background Thread 3 ] DEBUG Engine               - isMobile: false
22:22:21.994 [FXGL Background Thread 3 ] DEBUG Engine               - isNative: false
22:22:21.994 [FXGL Background Thread 3 ] DEBUG Engine               - isPauseMusicWhenMinimized: true
22:22:21.994 [FXGL Background Thread 3 ] DEBUG Engine               - isPreserveResizeRatio: false
22:22:21.994 [FXGL Background Thread 3 ] DEBUG Engine               - isProfilingEnabled: false
22:22:21.994 [FXGL Background Thread 3 ] DEBUG Engine               - isScaleAffectedOnResize: true
22:22:21.994 [FXGL Background Thread 3 ] DEBUG Engine               - isSingleStep: false
22:22:21.995 [FXGL Background Thread 3 ] DEBUG Engine               - isUserProfileEnabled: false
22:22:21.995 [FXGL Background Thread 3 ] DEBUG Engine               - isWindows: true
22:22:21.995 [FXGL Background Thread 3 ] DEBUG Engine               - language: ObjectProperty [value: ENGLISH]
22:22:21.996 [FXGL Background Thread 3 ] DEBUG Engine               - menuKey: ESCAPE
22:22:21.996 [FXGL Background Thread 3 ] DEBUG Engine               - mouseSensitivity: 0.2
22:22:21.996 [FXGL Background Thread 3 ] DEBUG Engine               - notificationViewClass: class com.almasb.fxgl.notification.view.XboxNotificationView
22:22:21.996 [FXGL Background Thread 3 ] DEBUG Engine               - pixelsPerMeter: 50.0
22:22:21.996 [FXGL Background Thread 3 ] DEBUG Engine               - platform: WINDOWS
22:22:21.996 [FXGL Background Thread 3 ] DEBUG Engine               - prefHeightProperty: ReadOnlyDoubleProperty [value: 624.0]
22:22:21.996 [FXGL Background Thread 3 ] DEBUG Engine               - prefWidthProperty: ReadOnlyDoubleProperty [value: 912.0]
22:22:21.996 [FXGL Background Thread 3 ] DEBUG Engine               - profileDir: profiles/
22:22:21.996 [FXGL Background Thread 3 ] DEBUG Engine               - profileName: StringProperty [value: DEFAULT]
22:22:21.996 [FXGL Background Thread 3 ] DEBUG Engine               - randomSeed: -1
22:22:21.997 [FXGL Background Thread 3 ] DEBUG Engine               - runtimeInfo: RuntimeInfo(platform=WINDOWS, version=17.1, build=24.03.2022 17.34)
22:22:21.997 [FXGL Background Thread 3 ] DEBUG Engine               - saveFileExt: sav
22:22:21.998 [FXGL Background Thread 3 ] DEBUG Engine               - scaledHeightProp$fxgl: DoubleProperty [bound, value: 624.0]
22:22:21.998 [FXGL Background Thread 3 ] DEBUG Engine               - scaledWidthProp$fxgl: DoubleProperty [bound, value: 912.0]
22:22:21.998 [FXGL Background Thread 3 ] DEBUG Engine               - sceneFactory: com.almasb.fxgl.app.scene.SceneFactory@5bc187f6
22:22:21.998 [FXGL Background Thread 3 ] DEBUG Engine               - secondsIn24h: 60
22:22:21.998 [FXGL Background Thread 3 ] DEBUG Engine               - soundMenuBack: menu/back.wav
22:22:21.998 [FXGL Background Thread 3 ] DEBUG Engine               - soundMenuPress: menu/press.wav
22:22:21.998 [FXGL Background Thread 3 ] DEBUG Engine               - soundMenuSelect: menu/select.wav
22:22:21.998 [FXGL Background Thread 3 ] DEBUG Engine               - soundNotification: core/notification.wav
22:22:21.998 [FXGL Background Thread 3 ] DEBUG Engine               - stageStyle: DECORATED
22:22:21.998 [FXGL Background Thread 3 ] DEBUG Engine               - supportedLanguages: [ENGLISH, FRENCH, GERMAN, HUNGARIAN, RUSSIAN]
22:22:21.998 [FXGL Background Thread 3 ] DEBUG Engine               - ticksPerSecond: -1
22:22:21.999 [FXGL Background Thread 3 ] DEBUG Engine               - title: Bomberman!
22:22:21.999 [FXGL Background Thread 3 ] DEBUG Engine               - urlGithub: https://github.com/AlmasB/FXGL
22:22:22.000 [FXGL Background Thread 3 ] DEBUG Engine               - urlLeaderboard: http://fxgl-top.herokuapp.com/
22:22:22.000 [FXGL Background Thread 3 ] DEBUG Engine               - urlPOM: https://raw.githubusercontent.com/AlmasB/FXGL/release/README.md
22:22:22.000 [FXGL Background Thread 3 ] DEBUG Engine               - userAppClass: class mangobomb.bombermango.HelloApplication
22:22:22.000 [FXGL Background Thread 3 ] DEBUG Engine               - version: 0.0
22:22:22.000 [FXGL Background Thread 3 ] DEBUG Engine               - versionCheckDays: 7
22:22:22.000 [FXGL Background Thread 3 ] DEBUG Engine               - width: 912
22:22:22.000 [FXGL Background Thread 3 ] DEBUG Engine               - Logging services
22:22:22.000 [FXGL Background Thread 3 ] DEBUG Engine               - class com.almasb.fxgl.app.services.FXGLAssetLoaderService
22:22:22.000 [FXGL Background Thread 3 ] DEBUG Engine               - class com.almasb.fxgl.app.FXGLApplication$GameApplicationService
22:22:22.000 [FXGL Background Thread 3 ] DEBUG Engine               - class com.almasb.fxgl.app.services.FXGLDialogService
22:22:22.000 [FXGL Background Thread 3 ] DEBUG Engine               - class com.almasb.fxgl.app.services.IOTaskExecutorService
22:22:22.000 [FXGL Background Thread 3 ] DEBUG Engine               - class com.almasb.fxgl.io.FileSystemService
22:22:22.000 [FXGL Background Thread 3 ] DEBUG Engine               - class com.almasb.fxgl.localization.LocalizationService
22:22:22.000 [FXGL Background Thread 3 ] DEBUG Engine               - class com.almasb.fxgl.app.services.SystemBundleService
22:22:22.000 [FXGL Background Thread 3 ] DEBUG Engine               - class com.almasb.fxgl.profile.SaveLoadService
22:22:22.000 [FXGL Background Thread 3 ] DEBUG Engine               - class com.almasb.fxgl.ui.FXGLUIFactoryServiceProvider
22:22:22.000 [FXGL Background Thread 3 ] DEBUG Engine               - class com.almasb.fxgl.ui.FXGLDialogFactoryServiceProvider
22:22:22.000 [FXGL Background Thread 3 ] DEBUG Engine               - class com.almasb.fxgl.audio.AudioPlayer
22:22:22.000 [FXGL Background Thread 3 ] DEBUG Engine               - class com.almasb.fxgl.notification.impl.NotificationServiceProvider
22:22:22.000 [FXGL Background Thread 3 ] DEBUG Engine               - class com.almasb.fxgl.achievement.AchievementService
22:22:22.000 [FXGL Background Thread 3 ] DEBUG Engine               - class com.almasb.fxgl.cutscene.CutsceneService
22:22:22.001 [FXGL Background Thread 3 ] DEBUG Engine               - class com.almasb.fxgl.minigames.MiniGameService
22:22:22.001 [FXGL Background Thread 3 ] DEBUG Engine               - class com.almasb.fxgl.net.NetService
22:22:22.001 [FXGL Background Thread 3 ] DEBUG Engine               - class com.almasb.fxgl.app.services.UpdaterService
22:22:22.001 [FXGL Background Thread 3 ] DEBUG Engine               - class com.almasb.fxgl.dev.DevService
22:22:23.908 [JavaFX Application Thread] DEBUG FXGLApplication      - Exiting FXGL
22:22:23.908 [JavaFX Application Thread] DEBUG LoopRunner           - Stopping loop
22:22:23.909 [JavaFX Application Thread] DEBUG SystemBundleService  - Saving FXGL system data
22:22:23.912 [JavaFX Application Thread] DEBUG FileSystemAccess     - Writing to: D:\bombermango\system\fxgl.bundle
22:22:23.915 [JavaFX Application Thread] DEBUG Async                - Shutting down background threads
22:22:23.915 [JavaFX Application Thread] DEBUG PrimaryStageWindow   - Closing main window
22:22:23.947 [JavaFX Application Thread] DEBUG Logger               - Closing Logger
