08:32:56.131 [main                     ] DEBUG Logger               - Configured Logger
08:32:56.178 [main                     ] DEBUG GameApplication      - Logging settings
Title: Bomberman!
Version: 0.0
Width: 700
Height: 700
Fullscreen: false
Intro: false
Profiling: false
Single step:false
App Mode: DEVELOPER
Menu Key: ESCAPE
Stage Style: DECORATED
Scene Factory: class com.almasb.fxgl.app.scene.SceneFactory

08:32:56.722 [JavaFX Application Thread] DEBUG FXGLApplication      - Initializing FXGL
08:32:56.731 [JavaFX Application Thread] INFO  Engine               - FXGL-17.1 (24.03.2022 17.34) on WINDOWS (J:18.0.2.1 FX:18.0.1)
08:32:56.732 [JavaFX Application Thread] DEBUG Engine               - JRE Vendor Name: Oracle Corporation
08:32:56.733 [JavaFX Application Thread] DEBUG Engine               - Running on OS: Windows 10 version 10.0
08:32:56.733 [JavaFX Application Thread] DEBUG Engine               - Architecture: amd64
08:32:56.733 [JavaFX Application Thread] INFO  Engine               - Source code and latest versions at: https://github.com/AlmasB/FXGL
08:32:56.733 [JavaFX Application Thread] INFO  Engine               -       Ask questions and discuss at: https://github.com/AlmasB/FXGL/discussions
08:32:56.733 [JavaFX Application Thread] INFO  Engine               -              Join the FXGL chat at: https://gitter.im/AlmasB/FXGL
08:32:56.904 [JavaFX Application Thread] DEBUG PrimaryStageWindow   - Creating a JavaFX scene
08:32:56.904 [JavaFX Application Thread] DEBUG PrimaryStageWindow   - Target size > screen size
08:32:56.980 [JavaFX Application Thread] DEBUG PrimaryStageWindow   - Target settings size: 700.0 x 700.0
08:32:56.982 [JavaFX Application Thread] DEBUG PrimaryStageWindow   - Scaled scene size:    655.0 x 680.0
08:32:56.982 [JavaFX Application Thread] DEBUG PrimaryStageWindow   - Scaled ratio: (0.9357142857142857, 0.9714285714285714)
08:32:56.983 [JavaFX Application Thread] DEBUG PrimaryStageWindow   - Set initial scene to FXGLStartupScene
08:32:56.997 [JavaFX Application Thread] DEBUG PrimaryStageWindow   - Opening main window
08:32:57.133 [JavaFX Application Thread] DEBUG PrimaryStageWindow   - Window border size: (15.0, 37.33331298828125)
08:32:57.133 [JavaFX Application Thread] DEBUG PrimaryStageWindow   - Scaled size: 655.0 x 680.0
08:32:57.134 [JavaFX Application Thread] DEBUG PrimaryStageWindow   - Scaled ratio: (0.9357142857142857, 0.9714285714285714)
08:32:57.134 [JavaFX Application Thread] DEBUG PrimaryStageWindow   - Scene size: 655.0 x 680.0
08:32:57.135 [JavaFX Application Thread] DEBUG PrimaryStageWindow   - Stage size: 670.0 x 717.3333129882812
08:32:57.148 [FXGL Background Thread 1 ] DEBUG Engine               - Initializing environment variables
08:32:57.248 [FXGL Background Thread 1 ] DEBUG FXGLAssetLoaderServi - User app class for loading assets: class mangobomb.bombermango.HelloApplication
08:32:57.249 [FXGL Background Thread 1 ] DEBUG GameApplicationServi - Applying CSS: fxgl_dark.css
08:32:57.250 [FXGL Background Thread 1 ] DEBUG FXGLAssetLoaderServi - Loading from file system: jar:file:/C:/Users/Admin/.m2/repository/com/github/almasb/fxgl/17.1/fxgl-17.1.jar!/fxglassets/ui/css/fxgl_dark.css
08:32:57.333 [FXGL Background Thread 1 ] DEBUG GameApplicationServi - Initializing application scenes
08:32:57.449 [FXGL Background Thread 1 ] DEBUG GameWorld            - Game world initialized
08:32:57.560 [FXGL Background Thread 1 ] DEBUG PhysicsWorld         - Physics world initialized: appHeight=700, physics.ppm=50.0
08:32:57.561 [FXGL Background Thread 1 ] DEBUG PhysicsWorld         - Using strategy: BRUTE_FORCE
08:32:57.568 [FXGL Background Thread 1 ] DEBUG GameScene            - Game scene initialized: 700x700
08:32:57.590 [FXGL Background Thread 1 ] WARN  FXGL.DefaultMenu     - FXGLDefaultMenu is not designed for resolutions < 800x600
08:32:57.591 [FXGL Background Thread 1 ] DEBUG FXGL.DefaultMenu     - createMenuBodyGameMenu()
08:32:57.620 [FXGL Background Thread 1 ] DEBUG FXGL.DefaultMenu     - createOptionsMenu()
08:32:57.640 [FXGL Background Thread 1 ] DEBUG FXGLAssetLoaderServi - Loading from file system: jar:file:/C:/Users/Admin/.m2/repository/com/github/almasb/fxgl/17.1/fxgl-17.1.jar!/fxglassets/textures/particles/smoke.png
08:32:57.824 [FXGL Background Thread 1 ] DEBUG FXGLAssetLoaderServi - Loading from file system: jar:file:/C:/Users/Admin/.m2/repository/com/github/almasb/fxgl/17.1/fxgl-17.1.jar!/fxglassets/textures/particles/trace_horizontal.png
08:32:57.886 [FXGL Background Thread 1 ] DEBUG GameApplicationServi - Application scenes initialized
08:32:57.909 [FXGL Background Thread 1 ] DEBUG SystemBundleService  - Loading FXGL system data
08:32:57.918 [FXGL Background Thread 1 ] DEBUG FileSystemAccess     - Reading from: D:\bombermango\system\fxgl.bundle
08:32:57.934 [FXGL Background Thread 1 ] DEBUG SystemBundleService  - Bundle FXGL: {}
08:32:57.935 [FXGL Background Thread 1 ] DEBUG UpdaterService       - Checking for updates
08:32:57.943 [FXGL Background Thread 1 ] DEBUG FXGLApplication      - Loading default localization
08:32:57.944 [FXGL Background Thread 1 ] DEBUG FXGLAssetLoaderServi - Loading from file system: jar:file:/C:/Users/Admin/.m2/repository/com/github/almasb/fxgl/17.1/fxgl-17.1.jar!/fxglassets/languages/english.lang
08:32:57.998 [FXGL Background Thread 1 ] INFO  FXGLApplication      - FXGL initialization took: 0.849 sec
08:32:58.014 [JavaFX Application Thread] DEBUG Input                - Registered new binding: Up 1 - W
08:32:58.015 [JavaFX Application Thread] DEBUG Input                - Registered new binding: Left 1 - A
08:32:58.015 [JavaFX Application Thread] DEBUG Input                - Registered new binding: Down 1 - S
08:32:58.015 [JavaFX Application Thread] DEBUG Input                - Registered new binding: Right 1 - D
08:32:58.016 [JavaFX Application Thread] DEBUG FXGLAssetLoaderServi - Loading from file system: jar:file:/C:/Users/Admin/.m2/repository/com/github/almasb/fxgl/17.1/fxgl-17.1.jar!/fxglassets/textures/fxgl_icon.png
08:32:58.067 [FXGL Background Thread 4 ] DEBUG FXGLApplication      - Loading fonts
08:32:58.068 [FXGL Background Thread 4 ] DEBUG FXGLAssetLoaderServi - Loading from file system: jar:file:/C:/Users/Admin/.m2/repository/com/github/almasb/fxgl/17.1/fxgl-17.1.jar!/fxglassets/ui/fonts/VarelaRound-Regular.ttf
08:32:58.079 [JavaFX Application Thread] DEBUG FXGLAssetLoaderServi - Loading from file system: jar:file:/C:/Users/Admin/.m2/repository/com/github/almasb/fxgl/17.1/fxgl-17.1.jar!/fxglassets/textures/fxgl_default_cursor.png
08:32:58.082 [JavaFX Application Thread] DEBUG Input                - Registered new binding: Screenshot - CTRL+8
08:32:58.083 [JavaFX Application Thread] DEBUG Input                - Registered new binding: System info dump - CTRL+9
08:32:58.083 [JavaFX Application Thread] DEBUG Input                - Registered new binding: Restart - CTRL+R
08:32:58.084 [JavaFX Application Thread] DEBUG Input                - Registered new binding: Toggle Debug Camera - CTRL+7
08:32:58.087 [JavaFX Application Thread] DEBUG LoopRunner           - Starting loop
08:32:58.088 [JavaFX Application Thread] DEBUG LoopRunner           - Initializing JavaFX AnimationTimerLoop
08:32:58.090 [JavaFX Application Thread] DEBUG GameApplicationServi - Starting new game
08:32:58.090 [JavaFX Application Thread] DEBUG Input                - Clearing active input actions
08:32:58.132 [JavaFX Application Thread] DEBUG GameApplicationServi - Removing overlay from FXGLStartupScene and adding to FXGLLoadingScene
08:32:58.132 [JavaFX Application Thread] DEBUG PrimaryStageWindow   - FXGLStartupScene -> FXGLLoadingScene
08:32:58.132 [JavaFX Application Thread] DEBUG GameApplicationServi - Clearing previous game
08:32:58.133 [JavaFX Application Thread] DEBUG GameScene            - Clearing game scene
08:32:58.133 [JavaFX Application Thread] DEBUG GameWorld            - Clearing game world
08:32:58.134 [JavaFX Application Thread] DEBUG PhysicsWorld         - Clearing physics world
08:32:58.136 [FXGL Background Thread 1 ] DEBUG FXGLApplication      - Initializing game
08:32:58.156 [FXGL Background Thread 1 ] DEBUG FXGLAssetLoaderServi - Loading from file system: file:/D:/bombermango/target/classes/assets/textures/sprites/player_left.png
08:32:58.159 [FXGL Background Thread 1 ] DEBUG FXGLAssetLoaderServi - Loading from file system: file:/D:/bombermango/target/classes/assets/textures/sprites/player_left_1.png
08:32:58.161 [FXGL Background Thread 1 ] DEBUG FXGLAssetLoaderServi - Loading from file system: file:/D:/bombermango/target/classes/assets/textures/sprites/player_left_2.png
08:32:58.199 [FXGL Background Thread 1 ] INFO  FXGLApplication      - Game initialization took: 0.064 sec
08:32:58.210 [JavaFX Application Thread] DEBUG Input                - Clearing active input actions
08:32:58.220 [JavaFX Application Thread] DEBUG GameApplicationServi - Removing overlay from FXGLLoadingScene and adding to GameScene
08:32:58.220 [JavaFX Application Thread] DEBUG PrimaryStageWindow   - FXGLLoadingScene -> GameScene
08:32:58.421 [FXGL Background Thread 4 ] DEBUG FXGLAssetLoaderServi - Loading from file system: jar:file:/C:/Users/Admin/.m2/repository/com/github/almasb/fxgl/17.1/fxgl-17.1.jar!/fxglassets/ui/fonts/Abel-Regular.ttf
08:32:58.428 [FXGL Background Thread 4 ] DEBUG FXGLAssetLoaderServi - Loading from file system: jar:file:/C:/Users/Admin/.m2/repository/com/github/almasb/fxgl/17.1/fxgl-17.1.jar!/fxglassets/ui/fonts/TerminalLandMono-Regular.otf
08:32:58.449 [FXGL Background Thread 4 ] DEBUG FXGLAssetLoaderServi - Loading from file system: jar:file:/C:/Users/Admin/.m2/repository/com/github/almasb/fxgl/17.1/fxgl-17.1.jar!/fxglassets/ui/fonts/Courier-Prime.ttf
08:32:58.460 [JavaFX Application Thread] DEBUG FXGLApplication      - Registering font factories with UI factory
08:32:58.972 [FXGL Background Thread 2 ] INFO  UpdaterService       - Your current version:  17.1
08:32:58.973 [FXGL Background Thread 2 ] INFO  UpdaterService       - Latest stable version: 17.2
08:33:00.949 [FXGL Background Thread 3 ] DEBUG Engine               - Logging environment variables
08:33:00.952 [FXGL Background Thread 3 ] DEBUG Engine               - achievements: []
08:33:00.953 [FXGL Background Thread 3 ] DEBUG Engine               - actualHeight: 680.0
08:33:00.954 [FXGL Background Thread 3 ] DEBUG Engine               - actualHeightProperty: ReadOnlyDoubleProperty [value: 680.0]
08:33:00.954 [FXGL Background Thread 3 ] DEBUG Engine               - actualWidth: 655.0
08:33:00.955 [FXGL Background Thread 3 ] DEBUG Engine               - actualWidthProperty: ReadOnlyDoubleProperty [value: 655.0]
08:33:00.956 [FXGL Background Thread 3 ] DEBUG Engine               - appIcon: fxgl_icon.png
08:33:00.956 [FXGL Background Thread 3 ] DEBUG Engine               - applicationMode: DEVELOPER
08:33:00.957 [FXGL Background Thread 3 ] DEBUG Engine               - cSSList: [fxgl_dark.css]
08:33:00.957 [FXGL Background Thread 3 ] DEBUG Engine               - collisionDetectionStrategy: BRUTE_FORCE
08:33:00.957 [FXGL Background Thread 3 ] DEBUG Engine               - configClass: Optional.empty
08:33:00.957 [FXGL Background Thread 3 ] DEBUG Engine               - credits: []
08:33:00.959 [FXGL Background Thread 3 ] DEBUG Engine               - defaultCursor: CursorInfo(imageName=fxgl_default_cursor.png, hotspotX=7.0, hotspotY=6.0)
08:33:00.960 [FXGL Background Thread 3 ] DEBUG Engine               - devBBoxColorProperty: ObjectProperty [value: 0xff0000ff]
08:33:00.960 [FXGL Background Thread 3 ] DEBUG Engine               - devEnableDebugCameraProperty: BooleanProperty [value: false]
08:33:00.961 [FXGL Background Thread 3 ] DEBUG Engine               - devSensorColorProperty: ObjectProperty [value: 0xffff00ff]
08:33:00.961 [FXGL Background Thread 3 ] DEBUG Engine               - devShowBBoxProperty: BooleanProperty [value: false]
08:33:00.962 [FXGL Background Thread 3 ] DEBUG Engine               - devShowPositionProperty: BooleanProperty [value: false]
08:33:00.962 [FXGL Background Thread 3 ] DEBUG Engine               - enabledMenuItems: []
08:33:00.963 [FXGL Background Thread 3 ] DEBUG Engine               - engineServices: [class com.almasb.fxgl.app.services.FXGLAssetLoaderService, class com.almasb.fxgl.app.FXGLApplication$GameApplicationService, class com.almasb.fxgl.app.services.FXGLDialogService, class com.almasb.fxgl.app.services.IOTaskExecutorService, class com.almasb.fxgl.io.FileSystemService, class com.almasb.fxgl.localization.LocalizationService, class com.almasb.fxgl.app.services.SystemBundleService, class com.almasb.fxgl.profile.SaveLoadService, class com.almasb.fxgl.ui.FXGLUIFactoryServiceProvider, class com.almasb.fxgl.ui.FXGLDialogFactoryServiceProvider, class com.almasb.fxgl.audio.AudioPlayer, class com.almasb.fxgl.notification.impl.NotificationServiceProvider, class com.almasb.fxgl.achievement.AchievementService, class com.almasb.fxgl.cutscene.CutsceneService, class com.almasb.fxgl.minigames.MiniGameService, class com.almasb.fxgl.net.NetService, class com.almasb.fxgl.app.services.UpdaterService, class com.almasb.fxgl.dev.DevService]
08:33:00.963 [FXGL Background Thread 3 ] DEBUG Engine               - fontGame: Abel-Regular.ttf
08:33:00.963 [FXGL Background Thread 3 ] DEBUG Engine               - fontMono: TerminalLandMono-Regular.otf
08:33:00.964 [FXGL Background Thread 3 ] DEBUG Engine               - fontText: Courier-Prime.ttf
08:33:00.964 [FXGL Background Thread 3 ] DEBUG Engine               - fontUI: VarelaRound-Regular.ttf
08:33:00.964 [FXGL Background Thread 3 ] DEBUG Engine               - fullScreen: BooleanProperty [value: false]
08:33:00.964 [FXGL Background Thread 3 ] DEBUG Engine               - gameDifficulty: MEDIUM
08:33:00.964 [FXGL Background Thread 3 ] DEBUG Engine               - gameDifficultyProperty: ObjectProperty [value: MEDIUM]
08:33:00.965 [FXGL Background Thread 3 ] DEBUG Engine               - globalMusicVolume: 0.5
08:33:00.965 [FXGL Background Thread 3 ] DEBUG Engine               - globalMusicVolumeProperty: DoubleProperty [value: 0.5]
08:33:00.965 [FXGL Background Thread 3 ] DEBUG Engine               - globalSoundVolume: 0.5
08:33:00.966 [FXGL Background Thread 3 ] DEBUG Engine               - globalSoundVolumeProperty: DoubleProperty [value: 0.5]
08:33:00.966 [FXGL Background Thread 3 ] DEBUG Engine               - height: 700
08:33:00.966 [FXGL Background Thread 3 ] DEBUG Engine               - is3D: false
08:33:00.966 [FXGL Background Thread 3 ] DEBUG Engine               - isAndroid: false
08:33:00.966 [FXGL Background Thread 3 ] DEBUG Engine               - isBrowser: false
08:33:00.967 [FXGL Background Thread 3 ] DEBUG Engine               - isClickFeedbackEnabled: false
08:33:00.967 [FXGL Background Thread 3 ] DEBUG Engine               - isCloseConfirmation: false
08:33:00.967 [FXGL Background Thread 3 ] DEBUG Engine               - isDesktop: true
08:33:00.967 [FXGL Background Thread 3 ] DEBUG Engine               - isDeveloperMenuEnabled: false
08:33:00.968 [FXGL Background Thread 3 ] DEBUG Engine               - isEmbedded: false
08:33:00.968 [FXGL Background Thread 3 ] DEBUG Engine               - isEntityPreloadEnabled: true
08:33:00.968 [FXGL Background Thread 3 ] DEBUG Engine               - isExperimentalTiledLargeMap: false
08:33:00.968 [FXGL Background Thread 3 ] DEBUG Engine               - isFileSystemWriteAllowed: true
08:33:00.968 [FXGL Background Thread 3 ] DEBUG Engine               - isFullScreenAllowed: false
08:33:00.969 [FXGL Background Thread 3 ] DEBUG Engine               - isFullScreenFromStart: false
08:33:00.969 [FXGL Background Thread 3 ] DEBUG Engine               - isGameMenuEnabled: true
08:33:00.969 [FXGL Background Thread 3 ] DEBUG Engine               - isIOS: false
08:33:00.969 [FXGL Background Thread 3 ] DEBUG Engine               - isIntroEnabled: false
08:33:00.970 [FXGL Background Thread 3 ] DEBUG Engine               - isLinux: false
08:33:00.970 [FXGL Background Thread 3 ] DEBUG Engine               - isMac: false
08:33:00.970 [FXGL Background Thread 3 ] DEBUG Engine               - isMainMenuEnabled: false
08:33:00.971 [FXGL Background Thread 3 ] DEBUG Engine               - isManualResizeEnabled: false
08:33:00.971 [FXGL Background Thread 3 ] DEBUG Engine               - isMobile: false
08:33:00.972 [FXGL Background Thread 3 ] DEBUG Engine               - isNative: false
08:33:00.972 [FXGL Background Thread 3 ] DEBUG Engine               - isPauseMusicWhenMinimized: true
08:33:00.972 [FXGL Background Thread 3 ] DEBUG Engine               - isPreserveResizeRatio: false
08:33:00.973 [FXGL Background Thread 3 ] DEBUG Engine               - isProfilingEnabled: false
08:33:00.973 [FXGL Background Thread 3 ] DEBUG Engine               - isScaleAffectedOnResize: true
08:33:00.973 [FXGL Background Thread 3 ] DEBUG Engine               - isSingleStep: false
08:33:00.973 [FXGL Background Thread 3 ] DEBUG Engine               - isUserProfileEnabled: false
08:33:00.973 [FXGL Background Thread 3 ] DEBUG Engine               - isWindows: true
08:33:00.974 [FXGL Background Thread 3 ] DEBUG Engine               - language: ObjectProperty [value: ENGLISH]
08:33:00.974 [FXGL Background Thread 3 ] DEBUG Engine               - menuKey: ESCAPE
08:33:00.975 [FXGL Background Thread 3 ] DEBUG Engine               - mouseSensitivity: 0.2
08:33:00.975 [FXGL Background Thread 3 ] DEBUG Engine               - notificationViewClass: class com.almasb.fxgl.notification.view.XboxNotificationView
08:33:00.975 [FXGL Background Thread 3 ] DEBUG Engine               - pixelsPerMeter: 50.0
08:33:00.975 [FXGL Background Thread 3 ] DEBUG Engine               - platform: WINDOWS
08:33:00.976 [FXGL Background Thread 3 ] DEBUG Engine               - prefHeightProperty: ReadOnlyDoubleProperty [value: 700.0]
08:33:00.976 [FXGL Background Thread 3 ] DEBUG Engine               - prefWidthProperty: ReadOnlyDoubleProperty [value: 700.0]
08:33:00.976 [FXGL Background Thread 3 ] DEBUG Engine               - profileDir: profiles/
08:33:00.977 [FXGL Background Thread 3 ] DEBUG Engine               - profileName: StringProperty [value: DEFAULT]
08:33:00.977 [FXGL Background Thread 3 ] DEBUG Engine               - randomSeed: -1
08:33:00.978 [FXGL Background Thread 3 ] DEBUG Engine               - runtimeInfo: RuntimeInfo(platform=WINDOWS, version=17.1, build=24.03.2022 17.34)
08:33:00.978 [FXGL Background Thread 3 ] DEBUG Engine               - saveFileExt: sav
08:33:00.979 [FXGL Background Thread 3 ] DEBUG Engine               - scaledHeightProp$fxgl: DoubleProperty [bound, value: 680.0]
08:33:00.979 [FXGL Background Thread 3 ] DEBUG Engine               - scaledWidthProp$fxgl: DoubleProperty [bound, value: 655.0]
08:33:00.980 [FXGL Background Thread 3 ] DEBUG Engine               - sceneFactory: com.almasb.fxgl.app.scene.SceneFactory@7435ebec
08:33:00.980 [FXGL Background Thread 3 ] DEBUG Engine               - secondsIn24h: 60
08:33:00.980 [FXGL Background Thread 3 ] DEBUG Engine               - soundMenuBack: menu/back.wav
08:33:00.980 [FXGL Background Thread 3 ] DEBUG Engine               - soundMenuPress: menu/press.wav
08:33:00.981 [FXGL Background Thread 3 ] DEBUG Engine               - soundMenuSelect: menu/select.wav
08:33:00.981 [FXGL Background Thread 3 ] DEBUG Engine               - soundNotification: core/notification.wav
08:33:00.981 [FXGL Background Thread 3 ] DEBUG Engine               - stageStyle: DECORATED
08:33:00.982 [FXGL Background Thread 3 ] DEBUG Engine               - supportedLanguages: [ENGLISH, FRENCH, GERMAN, HUNGARIAN, RUSSIAN]
08:33:00.982 [FXGL Background Thread 3 ] DEBUG Engine               - ticksPerSecond: -1
08:33:00.982 [FXGL Background Thread 3 ] DEBUG Engine               - title: Bomberman!
08:33:00.983 [FXGL Background Thread 3 ] DEBUG Engine               - urlGithub: https://github.com/AlmasB/FXGL
08:33:00.983 [FXGL Background Thread 3 ] DEBUG Engine               - urlLeaderboard: http://fxgl-top.herokuapp.com/
08:33:00.983 [FXGL Background Thread 3 ] DEBUG Engine               - urlPOM: https://raw.githubusercontent.com/AlmasB/FXGL/release/README.md
08:33:00.983 [FXGL Background Thread 3 ] DEBUG Engine               - userAppClass: class mangobomb.bombermango.HelloApplication
08:33:00.984 [FXGL Background Thread 3 ] DEBUG Engine               - version: 0.0
08:33:00.984 [FXGL Background Thread 3 ] DEBUG Engine               - versionCheckDays: 7
08:33:00.984 [FXGL Background Thread 3 ] DEBUG Engine               - width: 700
08:33:00.984 [FXGL Background Thread 3 ] DEBUG Engine               - Logging services
08:33:00.985 [FXGL Background Thread 3 ] DEBUG Engine               - class com.almasb.fxgl.app.services.FXGLAssetLoaderService
08:33:00.985 [FXGL Background Thread 3 ] DEBUG Engine               - class com.almasb.fxgl.app.FXGLApplication$GameApplicationService
08:33:00.985 [FXGL Background Thread 3 ] DEBUG Engine               - class com.almasb.fxgl.app.services.FXGLDialogService
08:33:00.985 [FXGL Background Thread 3 ] DEBUG Engine               - class com.almasb.fxgl.app.services.IOTaskExecutorService
08:33:00.986 [FXGL Background Thread 3 ] DEBUG Engine               - class com.almasb.fxgl.io.FileSystemService
08:33:00.986 [FXGL Background Thread 3 ] DEBUG Engine               - class com.almasb.fxgl.localization.LocalizationService
08:33:00.987 [FXGL Background Thread 3 ] DEBUG Engine               - class com.almasb.fxgl.app.services.SystemBundleService
08:33:00.987 [FXGL Background Thread 3 ] DEBUG Engine               - class com.almasb.fxgl.profile.SaveLoadService
08:33:00.987 [FXGL Background Thread 3 ] DEBUG Engine               - class com.almasb.fxgl.ui.FXGLUIFactoryServiceProvider
08:33:00.987 [FXGL Background Thread 3 ] DEBUG Engine               - class com.almasb.fxgl.ui.FXGLDialogFactoryServiceProvider
08:33:00.987 [FXGL Background Thread 3 ] DEBUG Engine               - class com.almasb.fxgl.audio.AudioPlayer
08:33:00.987 [FXGL Background Thread 3 ] DEBUG Engine               - class com.almasb.fxgl.notification.impl.NotificationServiceProvider
08:33:00.987 [FXGL Background Thread 3 ] DEBUG Engine               - class com.almasb.fxgl.achievement.AchievementService
08:33:00.988 [FXGL Background Thread 3 ] DEBUG Engine               - class com.almasb.fxgl.cutscene.CutsceneService
08:33:00.988 [FXGL Background Thread 3 ] DEBUG Engine               - class com.almasb.fxgl.minigames.MiniGameService
08:33:00.988 [FXGL Background Thread 3 ] DEBUG Engine               - class com.almasb.fxgl.net.NetService
08:33:00.989 [FXGL Background Thread 3 ] DEBUG Engine               - class com.almasb.fxgl.app.services.UpdaterService
08:33:00.989 [FXGL Background Thread 3 ] DEBUG Engine               - class com.almasb.fxgl.dev.DevService
08:33:01.336 [JavaFX Application Thread] DEBUG FXGLApplication      - Exiting FXGL
08:33:01.336 [JavaFX Application Thread] DEBUG LoopRunner           - Stopping loop
08:33:01.337 [JavaFX Application Thread] DEBUG SystemBundleService  - Saving FXGL system data
08:33:01.339 [JavaFX Application Thread] DEBUG FileSystemAccess     - Writing to: D:\bombermango\system\fxgl.bundle
08:33:01.341 [JavaFX Application Thread] DEBUG Async                - Shutting down background threads
08:33:01.341 [JavaFX Application Thread] DEBUG PrimaryStageWindow   - Closing main window
08:33:01.352 [JavaFX Application Thread] DEBUG Logger               - Closing Logger
