19:02:18.988 [main                     ] DEBUG Logger               - Configured Logger
19:02:19.030 [main                     ] DEBUG GameApplication      - Logging settings
Title: Bomberman
Version: 0.0
Width: 800
Height: 672
Fullscreen: false
Intro: false
Profiling: false
Single step:false
App Mode: DEVELOPER
Menu Key: ESCAPE
Stage Style: DECORATED
Scene Factory: class com.almasb.fxgl.app.scene.SceneFactory

19:02:19.608 [JavaFX Application Thread] DEBUG FXGLApplication      - Initializing FXGL
19:02:19.617 [JavaFX Application Thread] INFO  Engine               - FXGL-17.1 (24.03.2022 17.34) on WINDOWS (J:18.0.2.1 FX:18.0.1)
19:02:19.617 [JavaFX Application Thread] DEBUG Engine               - JRE Vendor Name: Oracle Corporation
19:02:19.617 [JavaFX Application Thread] DEBUG Engine               - Running on OS: Windows 10 version 10.0
19:02:19.617 [JavaFX Application Thread] DEBUG Engine               - Architecture: amd64
19:02:19.617 [JavaFX Application Thread] INFO  Engine               - Source code and latest versions at: https://github.com/AlmasB/FXGL
19:02:19.618 [JavaFX Application Thread] INFO  Engine               -       Ask questions and discuss at: https://github.com/AlmasB/FXGL/discussions
19:02:19.618 [JavaFX Application Thread] INFO  Engine               -              Join the FXGL chat at: https://gitter.im/AlmasB/FXGL
19:02:19.802 [JavaFX Application Thread] DEBUG PrimaryStageWindow   - Creating a JavaFX scene
19:02:19.894 [JavaFX Application Thread] DEBUG PrimaryStageWindow   - Target settings size: 800.0 x 672.0
19:02:19.895 [JavaFX Application Thread] DEBUG PrimaryStageWindow   - Scaled scene size:    800.0 x 672.0
19:02:19.895 [JavaFX Application Thread] DEBUG PrimaryStageWindow   - Scaled ratio: (1.0, 1.0)
19:02:19.897 [JavaFX Application Thread] DEBUG PrimaryStageWindow   - Set initial scene to FXGLStartupScene
19:02:19.914 [JavaFX Application Thread] DEBUG PrimaryStageWindow   - Opening main window
19:02:20.073 [JavaFX Application Thread] DEBUG PrimaryStageWindow   - Window border size: (14.66668701171875, 37.33331298828125)
19:02:20.074 [JavaFX Application Thread] DEBUG PrimaryStageWindow   - Scaled size: 800.0 x 672.0
19:02:20.074 [JavaFX Application Thread] DEBUG PrimaryStageWindow   - Scaled ratio: (1.0, 1.0)
19:02:20.075 [JavaFX Application Thread] DEBUG PrimaryStageWindow   - Scene size: 800.0 x 672.0
19:02:20.076 [JavaFX Application Thread] DEBUG PrimaryStageWindow   - Stage size: 814.6666870117188 x 709.3333129882812
19:02:20.135 [FXGL Background Thread 1 ] DEBUG Engine               - Initializing environment variables
19:02:20.226 [FXGL Background Thread 1 ] DEBUG FXGLAssetLoaderServi - User app class for loading assets: class mangobomb.bombermango.HelloApplication
19:02:20.227 [FXGL Background Thread 1 ] DEBUG GameApplicationServi - Applying CSS: fxgl_dark.css
19:02:20.230 [FXGL Background Thread 1 ] DEBUG FXGLAssetLoaderServi - Loading from file system: jar:file:/C:/Users/Admin/.m2/repository/com/github/almasb/fxgl/17.1/fxgl-17.1.jar!/fxglassets/ui/css/fxgl_dark.css
19:02:20.321 [FXGL Background Thread 1 ] DEBUG GameApplicationServi - Initializing application scenes
19:02:20.435 [FXGL Background Thread 1 ] DEBUG GameWorld            - Game world initialized
19:02:20.534 [FXGL Background Thread 1 ] DEBUG PhysicsWorld         - Physics world initialized: appHeight=672, physics.ppm=50.0
19:02:20.534 [FXGL Background Thread 1 ] DEBUG PhysicsWorld         - Using strategy: BRUTE_FORCE
19:02:20.541 [FXGL Background Thread 1 ] DEBUG GameScene            - Game scene initialized: 800x672
19:02:20.562 [FXGL Background Thread 1 ] DEBUG FXGL.DefaultMenu     - createMenuBodyMainMenu()
19:02:20.592 [FXGL Background Thread 1 ] DEBUG FXGL.DefaultMenu     - createOptionsMenu()
19:02:20.614 [FXGL Background Thread 1 ] DEBUG FXGLAssetLoaderServi - Loading from file system: jar:file:/C:/Users/Admin/.m2/repository/com/github/almasb/fxgl/17.1/fxgl-17.1.jar!/fxglassets/textures/particles/smoke.png
19:02:20.800 [FXGL Background Thread 1 ] DEBUG FXGLAssetLoaderServi - Loading from file system: jar:file:/C:/Users/Admin/.m2/repository/com/github/almasb/fxgl/17.1/fxgl-17.1.jar!/fxglassets/textures/particles/trace_horizontal.png
19:02:20.868 [FXGL Background Thread 1 ] DEBUG FXGL.DefaultMenu     - createMenuBodyGameMenu()
19:02:20.871 [FXGL Background Thread 1 ] DEBUG FXGL.DefaultMenu     - createOptionsMenu()
19:02:20.894 [FXGL Background Thread 1 ] DEBUG GameApplicationServi - Application scenes initialized
19:02:20.913 [FXGL Background Thread 1 ] DEBUG SystemBundleService  - Loading FXGL system data
19:02:20.921 [FXGL Background Thread 1 ] DEBUG FileSystemAccess     - Reading from: D:\bombermango\system\fxgl.bundle
19:02:20.938 [FXGL Background Thread 1 ] DEBUG SystemBundleService  - Bundle FXGL: {}
19:02:20.938 [FXGL Background Thread 1 ] DEBUG UpdaterService       - Checking for updates
19:02:20.947 [FXGL Background Thread 1 ] DEBUG FXGLApplication      - Loading default localization
19:02:20.948 [FXGL Background Thread 1 ] DEBUG FXGLAssetLoaderServi - Loading from file system: jar:file:/C:/Users/Admin/.m2/repository/com/github/almasb/fxgl/17.1/fxgl-17.1.jar!/fxglassets/languages/english.lang
19:02:20.946 [FXGL Background Thread 4 ] DEBUG FXGLApplication      - Loading fonts
19:02:20.952 [FXGL Background Thread 4 ] DEBUG FXGLAssetLoaderServi - Loading from file system: jar:file:/C:/Users/Admin/.m2/repository/com/github/almasb/fxgl/17.1/fxgl-17.1.jar!/fxglassets/ui/fonts/VarelaRound-Regular.ttf
19:02:20.985 [FXGL Background Thread 1 ] INFO  FXGLApplication      - FXGL initialization took: 0.850 sec
19:02:21.015 [JavaFX Application Thread] DEBUG Input                - Registered new binding: moveUp - W
19:02:21.016 [JavaFX Application Thread] DEBUG Input                - Registered new binding: moveRight - D
19:02:21.016 [JavaFX Application Thread] DEBUG Input                - Registered new binding: moveLeft - A
19:02:21.016 [JavaFX Application Thread] DEBUG Input                - Registered new binding: moveDown - S
19:02:21.016 [JavaFX Application Thread] DEBUG Input                - Registered new binding: implantBomb - F
19:02:21.016 [JavaFX Application Thread] DEBUG Input                - Registered new binding: PlayMusic - M
19:02:21.017 [JavaFX Application Thread] DEBUG Input                - Registered new binding: Pause - P
19:02:21.017 [JavaFX Application Thread] DEBUG FXGLAssetLoaderServi - Loading from file system: jar:file:/C:/Users/Admin/.m2/repository/com/github/almasb/fxgl/17.1/fxgl-17.1.jar!/fxglassets/textures/fxgl_icon.png
19:02:21.054 [JavaFX Application Thread] DEBUG FXGLAssetLoaderServi - Loading from file system: jar:file:/C:/Users/Admin/.m2/repository/com/github/almasb/fxgl/17.1/fxgl-17.1.jar!/fxglassets/textures/fxgl_default_cursor.png
19:02:21.057 [JavaFX Application Thread] DEBUG Input                - Registered new binding: Screenshot - CTRL+8
19:02:21.058 [JavaFX Application Thread] DEBUG Input                - Registered new binding: System info dump - CTRL+9
19:02:21.059 [JavaFX Application Thread] DEBUG Input                - Registered new binding: Restart - CTRL+R
19:02:21.060 [JavaFX Application Thread] DEBUG Input                - Registered new binding: Toggle Debug Camera - CTRL+7
19:02:21.067 [JavaFX Application Thread] DEBUG LoopRunner           - Starting loop
19:02:21.068 [JavaFX Application Thread] DEBUG LoopRunner           - Initializing JavaFX AnimationTimerLoop
19:02:21.075 [JavaFX Application Thread] DEBUG Input                - Clearing active input actions
19:02:21.084 [JavaFX Application Thread] DEBUG GameApplicationServi - Removing overlay from FXGLStartupScene and adding to FXGLMainMenuDummyScene
19:02:21.085 [JavaFX Application Thread] DEBUG PrimaryStageWindow   - FXGLStartupScene -> FXGLMainMenuDummyScene
19:02:21.085 [JavaFX Application Thread] DEBUG PrimaryStageWindow   - Push state: FXGLDefaultMenu
19:02:21.095 [JavaFX Application Thread] DEBUG Input                - Clearing active input actions
19:02:21.113 [JavaFX Application Thread] DEBUG GameApplicationServi - Removing overlay from FXGLMainMenuDummyScene and adding to FXGLDefaultMenu
19:02:21.114 [JavaFX Application Thread] DEBUG PrimaryStageWindow   - FXGLMainMenuDummyScene -> FXGLDefaultMenu
19:02:21.293 [FXGL Background Thread 4 ] DEBUG FXGLAssetLoaderServi - Loading from file system: jar:file:/C:/Users/Admin/.m2/repository/com/github/almasb/fxgl/17.1/fxgl-17.1.jar!/fxglassets/ui/fonts/Abel-Regular.ttf
19:02:21.297 [FXGL Background Thread 4 ] DEBUG FXGLAssetLoaderServi - Loading from file system: jar:file:/C:/Users/Admin/.m2/repository/com/github/almasb/fxgl/17.1/fxgl-17.1.jar!/fxglassets/ui/fonts/TerminalLandMono-Regular.otf
19:02:21.303 [FXGL Background Thread 4 ] DEBUG FXGLAssetLoaderServi - Loading from file system: jar:file:/C:/Users/Admin/.m2/repository/com/github/almasb/fxgl/17.1/fxgl-17.1.jar!/fxglassets/ui/fonts/Courier-Prime.ttf
19:02:21.529 [JavaFX Application Thread] DEBUG FXGLApplication      - Registering font factories with UI factory
19:02:22.049 [FXGL Background Thread 2 ] INFO  UpdaterService       - Your current version:  17.1
19:02:22.049 [FXGL Background Thread 2 ] INFO  UpdaterService       - Latest stable version: 17.2
19:02:22.444 [JavaFX Application Thread] DEBUG Menu                 - fireNewGame()
19:02:22.444 [JavaFX Application Thread] DEBUG GameApplicationServi - Starting new game
19:02:22.448 [JavaFX Application Thread] DEBUG PrimaryStageWindow   - Pop state: FXGLDefaultMenu
19:02:22.448 [JavaFX Application Thread] DEBUG Input                - Clearing active input actions
19:02:22.449 [JavaFX Application Thread] DEBUG GameApplicationServi - Removing overlay from FXGLDefaultMenu and adding to FXGLMainMenuDummyScene
19:02:22.450 [JavaFX Application Thread] DEBUG PrimaryStageWindow   - FXGLMainMenuDummyScene <- FXGLDefaultMenu
19:02:22.450 [JavaFX Application Thread] DEBUG Input                - Clearing active input actions
19:02:22.471 [JavaFX Application Thread] DEBUG GameApplicationServi - Removing overlay from FXGLMainMenuDummyScene and adding to FXGLLoadingScene
19:02:22.472 [JavaFX Application Thread] DEBUG PrimaryStageWindow   - FXGLMainMenuDummyScene -> FXGLLoadingScene
19:02:22.472 [JavaFX Application Thread] DEBUG GameApplicationServi - Clearing previous game
19:02:22.472 [JavaFX Application Thread] DEBUG GameScene            - Clearing game scene
19:02:22.472 [JavaFX Application Thread] DEBUG GameWorld            - Clearing game world
19:02:22.472 [JavaFX Application Thread] DEBUG PhysicsWorld         - Clearing physics world
19:02:22.475 [FXGL Background Thread 2 ] DEBUG FXGLApplication      - Initializing game
19:02:22.521 [FXGL Background Thread 2 ] DEBUG FXGLAssetLoaderServi - Loading from file system: file:/D:/bombermango/target/classes/assets/textures/sprites/wall.png
19:02:22.600 [FXGL Background Thread 2 ] DEBUG FXGLAssetLoaderServi - Loading from file system: file:/D:/bombermango/target/classes/assets/textures/sprites/brick.png
19:02:22.793 [FXGL Background Thread 2 ] DEBUG GameWorld            - Clearing removable entities
19:02:22.796 [FXGL Background Thread 2 ] DEBUG GameWorld            - Setting level: com.almasb.fxgl.entity.level.Level@420d8aef
19:02:22.945 [FXGL Background Thread 2 ] WARN  FXGLAssetLoaderServi - Asset "/assets/music/gameaudio.wav" was not found!
19:02:22.945 [FXGL Background Thread 2 ] WARN  FXGLAssetLoaderServi - Failed to load MUSIC
19:02:22.950 [FXGL Background Thread 2 ] DEBUG FXGLAssetLoaderServi - Loading from file system: file:/D:/bombermango/target/classes/assets/textures/sprites/player_right.png
19:02:22.951 [FXGL Background Thread 2 ] DEBUG FXGLAssetLoaderServi - Loading from file system: file:/D:/bombermango/target/classes/assets/textures/sprites/player_right_1.png
19:02:22.953 [FXGL Background Thread 2 ] WARN  FXGLAssetLoaderServi - Asset "/assets/textures/sprites/player_right_2.png" was not found!
19:02:22.954 [FXGL Background Thread 2 ] WARN  FXGLAssetLoaderServi - Failed to load RESIZABLE_IMAGE
19:02:22.990 [FXGL Background Thread 2 ] DEBUG FXGLAssetLoaderServi - Loading from file system: file:/D:/bombermango/target/classes/assets/textures/sprites/player_down.png
19:02:22.995 [FXGL Background Thread 2 ] DEBUG FXGLAssetLoaderServi - Loading from file system: file:/D:/bombermango/target/classes/assets/textures/sprites/player_down_1.png
19:02:22.998 [FXGL Background Thread 2 ] DEBUG FXGLAssetLoaderServi - Loading from file system: file:/D:/bombermango/target/classes/assets/textures/sprites/player_down_2.png
19:02:23.000 [FXGL Background Thread 2 ] DEBUG FXGLAssetLoaderServi - Loading from file system: file:/D:/bombermango/target/classes/assets/textures/sprites/player_left.png
19:02:23.002 [FXGL Background Thread 2 ] DEBUG FXGLAssetLoaderServi - Loading from file system: file:/D:/bombermango/target/classes/assets/textures/sprites/player_left_1.png
19:02:23.003 [FXGL Background Thread 2 ] DEBUG FXGLAssetLoaderServi - Loading from file system: file:/D:/bombermango/target/classes/assets/textures/sprites/player_left_2.png
19:02:23.013 [FXGL Background Thread 2 ] DEBUG FXGLAssetLoaderServi - Loading from file system: file:/D:/bombermango/target/classes/assets/textures/sprites/portal.png
19:02:23.018 [FXGL Background Thread 2 ] DEBUG FXGLAssetLoaderServi - Loading from file system: file:/D:/bombermango/target/classes/assets/textures/sprites/powerup_bombs.png
19:02:23.024 [FXGL Background Thread 2 ] DEBUG FXGLAssetLoaderServi - Loading from file system: file:/D:/bombermango/target/classes/assets/textures/sprites/powerup_flames.png
19:02:23.034 [FXGL Background Thread 2 ] INFO  FXGLApplication      - Game initialization took: 0.558 sec
19:02:23.041 [JavaFX Application Thread] DEBUG Input                - Clearing active input actions
19:02:23.060 [JavaFX Application Thread] DEBUG GameApplicationServi - Removing overlay from FXGLLoadingScene and adding to GameScene
19:02:23.060 [JavaFX Application Thread] DEBUG PrimaryStageWindow   - FXGLLoadingScene -> GameScene
19:02:23.944 [FXGL Background Thread 3 ] DEBUG Engine               - Logging environment variables
19:02:23.946 [FXGL Background Thread 3 ] DEBUG Engine               - achievements: []
19:02:23.947 [FXGL Background Thread 3 ] DEBUG Engine               - actualHeight: 672.0
19:02:23.947 [FXGL Background Thread 3 ] DEBUG Engine               - actualHeightProperty: ReadOnlyDoubleProperty [value: 672.0]
19:02:23.948 [FXGL Background Thread 3 ] DEBUG Engine               - actualWidth: 800.0
19:02:23.948 [FXGL Background Thread 3 ] DEBUG Engine               - actualWidthProperty: ReadOnlyDoubleProperty [value: 800.0]
19:02:23.948 [FXGL Background Thread 3 ] DEBUG Engine               - appIcon: fxgl_icon.png
19:02:23.948 [FXGL Background Thread 3 ] DEBUG Engine               - applicationMode: DEVELOPER
19:02:23.949 [FXGL Background Thread 3 ] DEBUG Engine               - cSSList: [fxgl_dark.css]
19:02:23.949 [FXGL Background Thread 3 ] DEBUG Engine               - collisionDetectionStrategy: BRUTE_FORCE
19:02:23.949 [FXGL Background Thread 3 ] DEBUG Engine               - configClass: Optional.empty
19:02:23.949 [FXGL Background Thread 3 ] DEBUG Engine               - credits: []
19:02:23.950 [FXGL Background Thread 3 ] DEBUG Engine               - defaultCursor: CursorInfo(imageName=fxgl_default_cursor.png, hotspotX=7.0, hotspotY=6.0)
19:02:23.950 [FXGL Background Thread 3 ] DEBUG Engine               - devBBoxColorProperty: ObjectProperty [value: 0xff0000ff]
19:02:23.951 [FXGL Background Thread 3 ] DEBUG Engine               - devEnableDebugCameraProperty: BooleanProperty [value: false]
19:02:23.951 [FXGL Background Thread 3 ] DEBUG Engine               - devSensorColorProperty: ObjectProperty [value: 0xffff00ff]
19:02:23.951 [FXGL Background Thread 3 ] DEBUG Engine               - devShowBBoxProperty: BooleanProperty [value: false]
19:02:23.952 [FXGL Background Thread 3 ] DEBUG Engine               - devShowPositionProperty: BooleanProperty [value: false]
19:02:23.952 [FXGL Background Thread 3 ] DEBUG Engine               - enabledMenuItems: []
19:02:23.952 [FXGL Background Thread 3 ] DEBUG Engine               - engineServices: [class com.almasb.fxgl.app.services.FXGLAssetLoaderService, class com.almasb.fxgl.app.FXGLApplication$GameApplicationService, class com.almasb.fxgl.app.services.FXGLDialogService, class com.almasb.fxgl.app.services.IOTaskExecutorService, class com.almasb.fxgl.io.FileSystemService, class com.almasb.fxgl.localization.LocalizationService, class com.almasb.fxgl.app.services.SystemBundleService, class com.almasb.fxgl.profile.SaveLoadService, class com.almasb.fxgl.ui.FXGLUIFactoryServiceProvider, class com.almasb.fxgl.ui.FXGLDialogFactoryServiceProvider, class com.almasb.fxgl.audio.AudioPlayer, class com.almasb.fxgl.notification.impl.NotificationServiceProvider, class com.almasb.fxgl.achievement.AchievementService, class com.almasb.fxgl.cutscene.CutsceneService, class com.almasb.fxgl.minigames.MiniGameService, class com.almasb.fxgl.net.NetService, class com.almasb.fxgl.app.services.UpdaterService, class com.almasb.fxgl.dev.DevService]
19:02:23.952 [FXGL Background Thread 3 ] DEBUG Engine               - fontGame: Abel-Regular.ttf
19:02:23.952 [FXGL Background Thread 3 ] DEBUG Engine               - fontMono: TerminalLandMono-Regular.otf
19:02:23.952 [FXGL Background Thread 3 ] DEBUG Engine               - fontText: Courier-Prime.ttf
19:02:23.953 [FXGL Background Thread 3 ] DEBUG Engine               - fontUI: VarelaRound-Regular.ttf
19:02:23.953 [FXGL Background Thread 3 ] DEBUG Engine               - fullScreen: BooleanProperty [value: false]
19:02:23.953 [FXGL Background Thread 3 ] DEBUG Engine               - gameDifficulty: MEDIUM
19:02:23.953 [FXGL Background Thread 3 ] DEBUG Engine               - gameDifficultyProperty: ObjectProperty [value: MEDIUM]
19:02:23.953 [FXGL Background Thread 3 ] DEBUG Engine               - globalMusicVolume: 0.5
19:02:23.954 [FXGL Background Thread 3 ] DEBUG Engine               - globalMusicVolumeProperty: DoubleProperty [value: 0.5]
19:02:23.954 [FXGL Background Thread 3 ] DEBUG Engine               - globalSoundVolume: 0.5
19:02:23.954 [FXGL Background Thread 3 ] DEBUG Engine               - globalSoundVolumeProperty: DoubleProperty [value: 0.5]
19:02:23.954 [FXGL Background Thread 3 ] DEBUG Engine               - height: 672
19:02:23.954 [FXGL Background Thread 3 ] DEBUG Engine               - is3D: false
19:02:23.955 [FXGL Background Thread 3 ] DEBUG Engine               - isAndroid: false
19:02:23.955 [FXGL Background Thread 3 ] DEBUG Engine               - isBrowser: false
19:02:23.955 [FXGL Background Thread 3 ] DEBUG Engine               - isClickFeedbackEnabled: false
19:02:23.955 [FXGL Background Thread 3 ] DEBUG Engine               - isCloseConfirmation: false
19:02:23.955 [FXGL Background Thread 3 ] DEBUG Engine               - isDesktop: true
19:02:23.955 [FXGL Background Thread 3 ] DEBUG Engine               - isDeveloperMenuEnabled: false
19:02:23.955 [FXGL Background Thread 3 ] DEBUG Engine               - isEmbedded: false
19:02:23.956 [FXGL Background Thread 3 ] DEBUG Engine               - isEntityPreloadEnabled: true
19:02:23.956 [FXGL Background Thread 3 ] DEBUG Engine               - isExperimentalTiledLargeMap: false
19:02:23.956 [FXGL Background Thread 3 ] DEBUG Engine               - isFileSystemWriteAllowed: true
19:02:23.956 [FXGL Background Thread 3 ] DEBUG Engine               - isFullScreenAllowed: false
19:02:23.956 [FXGL Background Thread 3 ] DEBUG Engine               - isFullScreenFromStart: false
19:02:23.957 [FXGL Background Thread 3 ] DEBUG Engine               - isGameMenuEnabled: true
19:02:23.957 [FXGL Background Thread 3 ] DEBUG Engine               - isIOS: false
19:02:23.958 [FXGL Background Thread 3 ] DEBUG Engine               - isIntroEnabled: false
19:02:23.958 [FXGL Background Thread 3 ] DEBUG Engine               - isLinux: false
19:02:23.958 [FXGL Background Thread 3 ] DEBUG Engine               - isMac: false
19:02:23.959 [FXGL Background Thread 3 ] DEBUG Engine               - isMainMenuEnabled: true
19:02:23.959 [FXGL Background Thread 3 ] DEBUG Engine               - isManualResizeEnabled: false
19:02:23.959 [FXGL Background Thread 3 ] DEBUG Engine               - isMobile: false
19:02:23.960 [FXGL Background Thread 3 ] DEBUG Engine               - isNative: false
19:02:23.961 [FXGL Background Thread 3 ] DEBUG Engine               - isPauseMusicWhenMinimized: true
19:02:23.961 [FXGL Background Thread 3 ] DEBUG Engine               - isPreserveResizeRatio: false
19:02:23.962 [FXGL Background Thread 3 ] DEBUG Engine               - isProfilingEnabled: false
19:02:23.962 [FXGL Background Thread 3 ] DEBUG Engine               - isScaleAffectedOnResize: true
19:02:23.962 [FXGL Background Thread 3 ] DEBUG Engine               - isSingleStep: false
19:02:23.962 [FXGL Background Thread 3 ] DEBUG Engine               - isUserProfileEnabled: false
19:02:23.962 [FXGL Background Thread 3 ] DEBUG Engine               - isWindows: true
19:02:23.962 [FXGL Background Thread 3 ] DEBUG Engine               - language: ObjectProperty [value: ENGLISH]
19:02:23.963 [FXGL Background Thread 3 ] DEBUG Engine               - menuKey: ESCAPE
19:02:23.963 [FXGL Background Thread 3 ] DEBUG Engine               - mouseSensitivity: 0.2
19:02:23.963 [FXGL Background Thread 3 ] DEBUG Engine               - notificationViewClass: class com.almasb.fxgl.notification.view.XboxNotificationView
19:02:23.963 [FXGL Background Thread 3 ] DEBUG Engine               - pixelsPerMeter: 50.0
19:02:23.963 [FXGL Background Thread 3 ] DEBUG Engine               - platform: WINDOWS
19:02:23.963 [FXGL Background Thread 3 ] DEBUG Engine               - prefHeightProperty: ReadOnlyDoubleProperty [value: 672.0]
19:02:23.963 [FXGL Background Thread 3 ] DEBUG Engine               - prefWidthProperty: ReadOnlyDoubleProperty [value: 800.0]
19:02:23.963 [FXGL Background Thread 3 ] DEBUG Engine               - profileDir: profiles/
19:02:23.964 [FXGL Background Thread 3 ] DEBUG Engine               - profileName: StringProperty [value: DEFAULT]
19:02:23.964 [FXGL Background Thread 3 ] DEBUG Engine               - randomSeed: -1
19:02:23.964 [FXGL Background Thread 3 ] DEBUG Engine               - runtimeInfo: RuntimeInfo(platform=WINDOWS, version=17.1, build=24.03.2022 17.34)
19:02:23.964 [FXGL Background Thread 3 ] DEBUG Engine               - saveFileExt: sav
19:02:23.965 [FXGL Background Thread 3 ] DEBUG Engine               - scaledHeightProp$fxgl: DoubleProperty [bound, value: 672.0]
19:02:23.965 [FXGL Background Thread 3 ] DEBUG Engine               - scaledWidthProp$fxgl: DoubleProperty [bound, value: 800.0]
19:02:23.965 [FXGL Background Thread 3 ] DEBUG Engine               - sceneFactory: com.almasb.fxgl.app.scene.SceneFactory@10ee9a17
19:02:23.965 [FXGL Background Thread 3 ] DEBUG Engine               - secondsIn24h: 60
19:02:23.965 [FXGL Background Thread 3 ] DEBUG Engine               - soundMenuBack: menu/back.wav
19:02:23.965 [FXGL Background Thread 3 ] DEBUG Engine               - soundMenuPress: menu/press.wav
19:02:23.965 [FXGL Background Thread 3 ] DEBUG Engine               - soundMenuSelect: menu/select.wav
19:02:23.965 [FXGL Background Thread 3 ] DEBUG Engine               - soundNotification: core/notification.wav
19:02:23.966 [FXGL Background Thread 3 ] DEBUG Engine               - stageStyle: DECORATED
19:02:23.966 [FXGL Background Thread 3 ] DEBUG Engine               - supportedLanguages: [ENGLISH, FRENCH, GERMAN, HUNGARIAN, RUSSIAN]
19:02:23.966 [FXGL Background Thread 3 ] DEBUG Engine               - ticksPerSecond: -1
19:02:23.966 [FXGL Background Thread 3 ] DEBUG Engine               - title: Bomberman
19:02:23.966 [FXGL Background Thread 3 ] DEBUG Engine               - urlGithub: https://github.com/AlmasB/FXGL
19:02:23.966 [FXGL Background Thread 3 ] DEBUG Engine               - urlLeaderboard: http://fxgl-top.herokuapp.com/
19:02:23.966 [FXGL Background Thread 3 ] DEBUG Engine               - urlPOM: https://raw.githubusercontent.com/AlmasB/FXGL/release/README.md
19:02:23.967 [FXGL Background Thread 3 ] DEBUG Engine               - userAppClass: class mangobomb.bombermango.HelloApplication
19:02:23.967 [FXGL Background Thread 3 ] DEBUG Engine               - version: 0.0
19:02:23.967 [FXGL Background Thread 3 ] DEBUG Engine               - versionCheckDays: 7
19:02:23.967 [FXGL Background Thread 3 ] DEBUG Engine               - width: 800
19:02:23.967 [FXGL Background Thread 3 ] DEBUG Engine               - Logging services
19:02:23.967 [FXGL Background Thread 3 ] DEBUG Engine               - class com.almasb.fxgl.app.services.FXGLAssetLoaderService
19:02:23.967 [FXGL Background Thread 3 ] DEBUG Engine               - class com.almasb.fxgl.app.FXGLApplication$GameApplicationService
19:02:23.967 [FXGL Background Thread 3 ] DEBUG Engine               - class com.almasb.fxgl.app.services.FXGLDialogService
19:02:23.967 [FXGL Background Thread 3 ] DEBUG Engine               - class com.almasb.fxgl.app.services.IOTaskExecutorService
19:02:23.967 [FXGL Background Thread 3 ] DEBUG Engine               - class com.almasb.fxgl.io.FileSystemService
19:02:23.967 [FXGL Background Thread 3 ] DEBUG Engine               - class com.almasb.fxgl.localization.LocalizationService
19:02:23.967 [FXGL Background Thread 3 ] DEBUG Engine               - class com.almasb.fxgl.app.services.SystemBundleService
19:02:23.968 [FXGL Background Thread 3 ] DEBUG Engine               - class com.almasb.fxgl.profile.SaveLoadService
19:02:23.968 [FXGL Background Thread 3 ] DEBUG Engine               - class com.almasb.fxgl.ui.FXGLUIFactoryServiceProvider
19:02:23.968 [FXGL Background Thread 3 ] DEBUG Engine               - class com.almasb.fxgl.ui.FXGLDialogFactoryServiceProvider
19:02:23.968 [FXGL Background Thread 3 ] DEBUG Engine               - class com.almasb.fxgl.audio.AudioPlayer
19:02:23.968 [FXGL Background Thread 3 ] DEBUG Engine               - class com.almasb.fxgl.notification.impl.NotificationServiceProvider
19:02:23.968 [FXGL Background Thread 3 ] DEBUG Engine               - class com.almasb.fxgl.achievement.AchievementService
19:02:23.968 [FXGL Background Thread 3 ] DEBUG Engine               - class com.almasb.fxgl.cutscene.CutsceneService
19:02:23.968 [FXGL Background Thread 3 ] DEBUG Engine               - class com.almasb.fxgl.minigames.MiniGameService
19:02:23.968 [FXGL Background Thread 3 ] DEBUG Engine               - class com.almasb.fxgl.net.NetService
19:02:23.968 [FXGL Background Thread 3 ] DEBUG Engine               - class com.almasb.fxgl.app.services.UpdaterService
19:02:23.968 [FXGL Background Thread 3 ] DEBUG Engine               - class com.almasb.fxgl.dev.DevService
19:02:30.675 [JavaFX Application Thread] DEBUG FXGLAssetLoaderServi - Loading from file system: file:/D:/bombermango/target/classes/assets/textures/sprites/bomb.png
19:02:30.677 [JavaFX Application Thread] DEBUG FXGLAssetLoaderServi - Loading from file system: file:/D:/bombermango/target/classes/assets/textures/sprites/bomb_1.png
19:02:30.679 [JavaFX Application Thread] DEBUG FXGLAssetLoaderServi - Loading from file system: file:/D:/bombermango/target/classes/assets/textures/sprites/bomb_2.png
19:02:32.792 [JavaFX Application Thread] DEBUG FXGLAssetLoaderServi - Loading from file system: file:/D:/bombermango/target/classes/assets/textures/sprites/bomb_exploded.png
19:02:32.794 [JavaFX Application Thread] DEBUG FXGLAssetLoaderServi - Loading from file system: file:/D:/bombermango/target/classes/assets/textures/sprites/bomb_exploded1.png
19:02:32.796 [JavaFX Application Thread] DEBUG FXGLAssetLoaderServi - Loading from file system: file:/D:/bombermango/target/classes/assets/textures/sprites/bomb_exploded2.png
19:02:48.715 [JavaFX Application Thread] DEBUG GameWorld            - Clearing removable entities
19:02:48.735 [JavaFX Application Thread] DEBUG GameWorld            - Setting level: com.almasb.fxgl.entity.level.Level@74bd6e5a
19:02:48.756 [JavaFX Application Thread] WARN  FXGLAssetLoaderServi - Asset "/assets/music/gameaudio.wav" was not found!
19:02:48.757 [JavaFX Application Thread] WARN  FXGLAssetLoaderServi - Failed to load MUSIC
19:02:48.757 [JavaFX Application Thread] WARN  FXGLAssetLoaderServi - Asset "/assets/textures/sprites/player_right_2.png" was not found!
19:02:48.758 [JavaFX Application Thread] WARN  FXGLAssetLoaderServi - Failed to load RESIZABLE_IMAGE
19:02:54.604 [JavaFX Application Thread] DEBUG PrimaryStageWindow   - Push state: FXGLDefaultMenu
19:02:54.605 [JavaFX Application Thread] DEBUG Input                - Clearing active input actions
19:02:54.611 [JavaFX Application Thread] DEBUG GameApplicationServi - Removing overlay from GameScene and adding to FXGLDefaultMenu
19:02:54.612 [JavaFX Application Thread] DEBUG PrimaryStageWindow   - GameScene -> FXGLDefaultMenu
19:02:55.698 [JavaFX Application Thread] DEBUG Menu                 - fireExitToMainMenu()
19:02:55.701 [JavaFX Application Thread] DEBUG PrimaryStageWindow   - Push state: DialogSubScene
19:02:55.701 [JavaFX Application Thread] DEBUG Input                - Clearing active input actions
19:02:55.701 [JavaFX Application Thread] DEBUG GameApplicationServi - Removing overlay from FXGLDefaultMenu and adding to DialogSubScene
19:02:55.701 [JavaFX Application Thread] DEBUG PrimaryStageWindow   - FXGLDefaultMenu -> DialogSubScene
19:02:56.254 [JavaFX Application Thread] DEBUG PrimaryStageWindow   - Pop state: DialogSubScene
19:02:56.254 [JavaFX Application Thread] DEBUG Input                - Clearing active input actions
19:02:56.255 [JavaFX Application Thread] DEBUG GameApplicationServi - Removing overlay from DialogSubScene and adding to FXGLDefaultMenu
19:02:56.255 [JavaFX Application Thread] DEBUG PrimaryStageWindow   - FXGLDefaultMenu <- DialogSubScene
19:02:56.255 [JavaFX Application Thread] DEBUG PrimaryStageWindow   - Pop state: FXGLDefaultMenu
19:02:56.255 [JavaFX Application Thread] DEBUG Input                - Clearing active input actions
19:02:56.255 [JavaFX Application Thread] DEBUG GameApplicationServi - Removing overlay from FXGLDefaultMenu and adding to GameScene
19:02:56.255 [JavaFX Application Thread] DEBUG PrimaryStageWindow   - GameScene <- FXGLDefaultMenu
19:02:56.255 [JavaFX Application Thread] DEBUG Input                - Clearing active input actions
19:02:56.260 [JavaFX Application Thread] DEBUG GameApplicationServi - Removing overlay from GameScene and adding to FXGLMainMenuDummyScene
19:02:56.260 [JavaFX Application Thread] DEBUG PrimaryStageWindow   - GameScene -> FXGLMainMenuDummyScene
19:02:56.260 [JavaFX Application Thread] DEBUG PrimaryStageWindow   - Push state: FXGLDefaultMenu
19:02:56.260 [JavaFX Application Thread] DEBUG Input                - Clearing active input actions
19:02:56.262 [JavaFX Application Thread] DEBUG GameApplicationServi - Removing overlay from FXGLMainMenuDummyScene and adding to FXGLDefaultMenu
19:02:56.262 [JavaFX Application Thread] DEBUG PrimaryStageWindow   - FXGLMainMenuDummyScene -> FXGLDefaultMenu
19:02:56.756 [JavaFX Application Thread] DEBUG Menu                 - fireNewGame()
19:02:56.756 [JavaFX Application Thread] DEBUG GameApplicationServi - Starting new game
19:02:56.756 [JavaFX Application Thread] DEBUG PrimaryStageWindow   - Pop state: FXGLDefaultMenu
19:02:56.756 [JavaFX Application Thread] DEBUG Input                - Clearing active input actions
19:02:56.757 [JavaFX Application Thread] DEBUG GameApplicationServi - Removing overlay from FXGLDefaultMenu and adding to FXGLMainMenuDummyScene
19:02:56.757 [JavaFX Application Thread] DEBUG PrimaryStageWindow   - FXGLMainMenuDummyScene <- FXGLDefaultMenu
19:02:56.757 [JavaFX Application Thread] DEBUG Input                - Clearing active input actions
19:02:56.763 [JavaFX Application Thread] DEBUG GameApplicationServi - Removing overlay from FXGLMainMenuDummyScene and adding to FXGLLoadingScene
19:02:56.763 [JavaFX Application Thread] DEBUG PrimaryStageWindow   - FXGLMainMenuDummyScene -> FXGLLoadingScene
19:02:56.763 [JavaFX Application Thread] DEBUG GameApplicationServi - Clearing previous game
19:02:56.763 [JavaFX Application Thread] DEBUG GameScene            - Clearing game scene
19:02:56.763 [JavaFX Application Thread] DEBUG GameWorld            - Clearing game world
19:02:56.774 [JavaFX Application Thread] DEBUG PhysicsWorld         - Clearing physics world
19:02:56.775 [FXGL Background Thread 2 ] DEBUG FXGLApplication      - Initializing game
19:02:56.878 [FXGL Background Thread 2 ] DEBUG GameWorld            - Clearing removable entities
19:02:56.878 [FXGL Background Thread 2 ] DEBUG GameWorld            - Setting level: com.almasb.fxgl.entity.level.Level@44698848
19:02:56.897 [FXGL Background Thread 2 ] WARN  FXGLAssetLoaderServi - Asset "/assets/music/gameaudio.wav" was not found!
19:02:56.897 [FXGL Background Thread 2 ] WARN  FXGLAssetLoaderServi - Failed to load MUSIC
19:02:56.898 [FXGL Background Thread 2 ] WARN  FXGLAssetLoaderServi - Asset "/assets/textures/sprites/player_right_2.png" was not found!
19:02:56.898 [FXGL Background Thread 2 ] WARN  FXGLAssetLoaderServi - Failed to load RESIZABLE_IMAGE
19:02:56.903 [FXGL Background Thread 2 ] INFO  FXGLApplication      - Game initialization took: 0.128 sec
19:02:56.905 [JavaFX Application Thread] DEBUG Input                - Clearing active input actions
19:02:56.915 [JavaFX Application Thread] DEBUG GameApplicationServi - Removing overlay from FXGLLoadingScene and adding to GameScene
19:02:56.915 [JavaFX Application Thread] DEBUG PrimaryStageWindow   - FXGLLoadingScene -> GameScene
19:02:59.360 [JavaFX Application Thread] DEBUG FXGLApplication      - Exiting FXGL
19:02:59.360 [JavaFX Application Thread] DEBUG LoopRunner           - Stopping loop
19:02:59.361 [JavaFX Application Thread] DEBUG SystemBundleService  - Saving FXGL system data
19:02:59.363 [JavaFX Application Thread] DEBUG FileSystemAccess     - Writing to: D:\bombermango\system\fxgl.bundle
19:02:59.365 [JavaFX Application Thread] DEBUG Async                - Shutting down background threads
19:02:59.365 [JavaFX Application Thread] DEBUG PrimaryStageWindow   - Closing main window
19:02:59.427 [JavaFX Application Thread] DEBUG Logger               - Closing Logger
