17:03:03.026 [main                     ] DEBUG Logger               - Configured Logger
17:03:03.063 [main                     ] DEBUG GameApplication      - Logging settings
Title: Bomberman!
Version: 0.0
Width: 912
Height: 624
Fullscreen: false
Intro: false
Profiling: false
Single step:false
App Mode: DEVELOPER
Menu Key: ESCAPE
Stage Style: DECORATED
Scene Factory: class com.almasb.fxgl.app.scene.SceneFactory

17:03:03.554 [JavaFX Application Thread] DEBUG FXGLApplication      - Initializing FXGL
17:03:03.562 [JavaFX Application Thread] INFO  Engine               - FXGL-17.1 (24.03.2022 17.34) on WINDOWS (J:18.0.2.1 FX:18.0.1)
17:03:03.562 [JavaFX Application Thread] DEBUG Engine               - JRE Vendor Name: Oracle Corporation
17:03:03.563 [JavaFX Application Thread] DEBUG Engine               - Running on OS: Windows 10 version 10.0
17:03:03.563 [JavaFX Application Thread] DEBUG Engine               - Architecture: amd64
17:03:03.563 [JavaFX Application Thread] INFO  Engine               - Source code and latest versions at: https://github.com/AlmasB/FXGL
17:03:03.563 [JavaFX Application Thread] INFO  Engine               -       Ask questions and discuss at: https://github.com/AlmasB/FXGL/discussions
17:03:03.563 [JavaFX Application Thread] INFO  Engine               -              Join the FXGL chat at: https://gitter.im/AlmasB/FXGL
17:03:03.712 [JavaFX Application Thread] DEBUG PrimaryStageWindow   - Creating a JavaFX scene
17:03:03.778 [JavaFX Application Thread] DEBUG PrimaryStageWindow   - Target settings size: 912.0 x 624.0
17:03:03.779 [JavaFX Application Thread] DEBUG PrimaryStageWindow   - Scaled scene size:    912.0 x 624.0
17:03:03.779 [JavaFX Application Thread] DEBUG PrimaryStageWindow   - Scaled ratio: (1.0, 1.0)
17:03:03.781 [JavaFX Application Thread] DEBUG PrimaryStageWindow   - Set initial scene to FXGLStartupScene
17:03:03.793 [JavaFX Application Thread] DEBUG PrimaryStageWindow   - Opening main window
17:03:03.911 [JavaFX Application Thread] DEBUG PrimaryStageWindow   - Window border size: (14.66668701171875, 37.33331298828125)
17:03:03.911 [JavaFX Application Thread] DEBUG PrimaryStageWindow   - Scaled size: 912.0 x 624.0
17:03:03.912 [JavaFX Application Thread] DEBUG PrimaryStageWindow   - Scaled ratio: (1.0, 1.0)
17:03:03.912 [JavaFX Application Thread] DEBUG PrimaryStageWindow   - Scene size: 912.0 x 624.0
17:03:03.912 [JavaFX Application Thread] DEBUG PrimaryStageWindow   - Stage size: 926.6666870117188 x 661.3333129882812
17:03:03.925 [FXGL Background Thread 1 ] DEBUG Engine               - Initializing environment variables
17:03:04.002 [FXGL Background Thread 1 ] DEBUG FXGLAssetLoaderServi - User app class for loading assets: class mangobomb.bombermango.HelloApplication
17:03:04.004 [FXGL Background Thread 1 ] DEBUG GameApplicationServi - Applying CSS: fxgl_dark.css
17:03:04.007 [FXGL Background Thread 1 ] DEBUG FXGLAssetLoaderServi - Loading from file system: jar:file:/C:/Users/Admin/.m2/repository/com/github/almasb/fxgl/17.1/fxgl-17.1.jar!/fxglassets/ui/css/fxgl_dark.css
17:03:04.070 [FXGL Background Thread 1 ] DEBUG GameApplicationServi - Initializing application scenes
17:03:04.177 [FXGL Background Thread 1 ] DEBUG GameWorld            - Game world initialized
17:03:04.265 [FXGL Background Thread 1 ] DEBUG PhysicsWorld         - Physics world initialized: appHeight=624, physics.ppm=50.0
17:03:04.265 [FXGL Background Thread 1 ] DEBUG PhysicsWorld         - Using strategy: BRUTE_FORCE
17:03:04.271 [FXGL Background Thread 1 ] DEBUG GameScene            - Game scene initialized: 912x624
17:03:04.289 [FXGL Background Thread 1 ] DEBUG FXGL.DefaultMenu     - createMenuBodyGameMenu()
17:03:04.312 [FXGL Background Thread 1 ] DEBUG FXGL.DefaultMenu     - createOptionsMenu()
17:03:04.327 [FXGL Background Thread 1 ] DEBUG FXGLAssetLoaderServi - Loading from file system: jar:file:/C:/Users/Admin/.m2/repository/com/github/almasb/fxgl/17.1/fxgl-17.1.jar!/fxglassets/textures/particles/smoke.png
17:03:04.462 [FXGL Background Thread 1 ] DEBUG FXGLAssetLoaderServi - Loading from file system: jar:file:/C:/Users/Admin/.m2/repository/com/github/almasb/fxgl/17.1/fxgl-17.1.jar!/fxglassets/textures/particles/trace_horizontal.png
17:03:04.519 [FXGL Background Thread 1 ] DEBUG GameApplicationServi - Application scenes initialized
17:03:04.535 [FXGL Background Thread 1 ] DEBUG SystemBundleService  - Loading FXGL system data
17:03:04.542 [FXGL Background Thread 1 ] DEBUG FileSystemAccess     - Reading from: D:\bombermango\system\fxgl.bundle
17:03:04.552 [FXGL Background Thread 1 ] DEBUG SystemBundleService  - Bundle FXGL: {}
17:03:04.552 [FXGL Background Thread 1 ] DEBUG UpdaterService       - Checking for updates
17:03:04.558 [FXGL Background Thread 1 ] DEBUG FXGLApplication      - Loading default localization
17:03:04.559 [FXGL Background Thread 1 ] DEBUG FXGLAssetLoaderServi - Loading from file system: jar:file:/C:/Users/Admin/.m2/repository/com/github/almasb/fxgl/17.1/fxgl-17.1.jar!/fxglassets/languages/english.lang
17:03:04.580 [FXGL Background Thread 1 ] INFO  FXGLApplication      - FXGL initialization took: 0.655 sec
17:03:04.592 [JavaFX Application Thread] DEBUG Input                - Registered new binding: Up 1 - W
17:03:04.592 [JavaFX Application Thread] DEBUG Input                - Registered new binding: Left 1 - A
17:03:04.593 [JavaFX Application Thread] DEBUG Input                - Registered new binding: Down 1 - S
17:03:04.593 [JavaFX Application Thread] DEBUG Input                - Registered new binding: Right 1 - D
17:03:04.593 [JavaFX Application Thread] DEBUG FXGLAssetLoaderServi - Loading from file system: jar:file:/C:/Users/Admin/.m2/repository/com/github/almasb/fxgl/17.1/fxgl-17.1.jar!/fxglassets/textures/fxgl_icon.png
17:03:04.651 [FXGL Background Thread 4 ] DEBUG FXGLApplication      - Loading fonts
17:03:04.653 [FXGL Background Thread 4 ] DEBUG FXGLAssetLoaderServi - Loading from file system: jar:file:/C:/Users/Admin/.m2/repository/com/github/almasb/fxgl/17.1/fxgl-17.1.jar!/fxglassets/ui/fonts/VarelaRound-Regular.ttf
17:03:04.655 [JavaFX Application Thread] DEBUG FXGLAssetLoaderServi - Loading from file system: jar:file:/C:/Users/Admin/.m2/repository/com/github/almasb/fxgl/17.1/fxgl-17.1.jar!/fxglassets/textures/fxgl_default_cursor.png
17:03:04.657 [JavaFX Application Thread] DEBUG Input                - Registered new binding: Screenshot - CTRL+8
17:03:04.658 [JavaFX Application Thread] DEBUG Input                - Registered new binding: System info dump - CTRL+9
17:03:04.659 [JavaFX Application Thread] DEBUG Input                - Registered new binding: Restart - CTRL+R
17:03:04.659 [JavaFX Application Thread] DEBUG Input                - Registered new binding: Toggle Debug Camera - CTRL+7
17:03:04.662 [JavaFX Application Thread] DEBUG LoopRunner           - Starting loop
17:03:04.662 [JavaFX Application Thread] DEBUG LoopRunner           - Initializing JavaFX AnimationTimerLoop
17:03:04.664 [JavaFX Application Thread] DEBUG GameApplicationServi - Starting new game
17:03:04.665 [JavaFX Application Thread] DEBUG Input                - Clearing active input actions
17:03:04.678 [JavaFX Application Thread] DEBUG GameApplicationServi - Removing overlay from FXGLStartupScene and adding to FXGLLoadingScene
17:03:04.678 [JavaFX Application Thread] DEBUG PrimaryStageWindow   - FXGLStartupScene -> FXGLLoadingScene
17:03:04.679 [JavaFX Application Thread] DEBUG GameApplicationServi - Clearing previous game
17:03:04.679 [JavaFX Application Thread] DEBUG GameScene            - Clearing game scene
17:03:04.679 [JavaFX Application Thread] DEBUG GameWorld            - Clearing game world
17:03:04.679 [JavaFX Application Thread] DEBUG PhysicsWorld         - Clearing physics world
17:03:04.682 [FXGL Background Thread 1 ] DEBUG FXGLApplication      - Initializing game
17:03:04.709 [FXGL Background Thread 1 ] DEBUG FXGLAssetLoaderServi - Loading from file system: file:/D:/bombermango/target/classes/assets/textures/sprites/player_left.png
17:03:04.710 [FXGL Background Thread 1 ] DEBUG FXGLAssetLoaderServi - Loading from file system: file:/D:/bombermango/target/classes/assets/textures/sprites/player_left_1.png
17:03:04.711 [FXGL Background Thread 1 ] DEBUG FXGLAssetLoaderServi - Loading from file system: file:/D:/bombermango/target/classes/assets/textures/sprites/player_left_2.png
17:03:04.750 [FXGL Background Thread 1 ] WARN  GameWorld            - Entity is already attached to world
17:03:04.816 [FXGL Background Thread 1 ] DEBUG FXGLAssetLoaderServi - Loading from file system: file:/D:/bombermango/target/classes/assets/textures/sprites/wall.png
17:03:04.873 [FXGL Background Thread 1 ] DEBUG FXGLAssetLoaderServi - Loading from file system: file:/D:/bombermango/target/classes/assets/textures/sprites/bomb.png
17:03:04.874 [FXGL Background Thread 1 ] DEBUG FXGLAssetLoaderServi - Loading from file system: file:/D:/bombermango/target/classes/assets/textures/sprites/bomb_1.png
17:03:04.875 [FXGL Background Thread 1 ] DEBUG FXGLAssetLoaderServi - Loading from file system: file:/D:/bombermango/target/classes/assets/textures/sprites/bomb_2.png
17:03:04.876 [FXGL Background Thread 1 ] WARN  GameWorld            - Entity is already attached to world
17:03:04.877 [FXGL Background Thread 1 ] INFO  FXGLApplication      - Game initialization took: 0.194 sec
17:03:04.916 [JavaFX Application Thread] DEBUG Input                - Clearing active input actions
17:03:04.933 [JavaFX Application Thread] DEBUG GameApplicationServi - Removing overlay from FXGLLoadingScene and adding to GameScene
17:03:04.933 [JavaFX Application Thread] DEBUG PrimaryStageWindow   - FXGLLoadingScene -> GameScene
17:03:05.159 [FXGL Background Thread 4 ] DEBUG FXGLAssetLoaderServi - Loading from file system: jar:file:/C:/Users/Admin/.m2/repository/com/github/almasb/fxgl/17.1/fxgl-17.1.jar!/fxglassets/ui/fonts/Abel-Regular.ttf
17:03:05.164 [FXGL Background Thread 4 ] DEBUG FXGLAssetLoaderServi - Loading from file system: jar:file:/C:/Users/Admin/.m2/repository/com/github/almasb/fxgl/17.1/fxgl-17.1.jar!/fxglassets/ui/fonts/TerminalLandMono-Regular.otf
17:03:05.170 [FXGL Background Thread 4 ] DEBUG FXGLAssetLoaderServi - Loading from file system: jar:file:/C:/Users/Admin/.m2/repository/com/github/almasb/fxgl/17.1/fxgl-17.1.jar!/fxglassets/ui/fonts/Courier-Prime.ttf
17:03:05.177 [JavaFX Application Thread] DEBUG FXGLApplication      - Registering font factories with UI factory
17:03:05.690 [FXGL Background Thread 2 ] INFO  UpdaterService       - Your current version:  17.1
17:03:05.690 [FXGL Background Thread 2 ] INFO  UpdaterService       - Latest stable version: 17.2
17:03:07.563 [FXGL Background Thread 3 ] DEBUG Engine               - Logging environment variables
17:03:07.565 [FXGL Background Thread 3 ] DEBUG Engine               - achievements: []
17:03:07.565 [FXGL Background Thread 3 ] DEBUG Engine               - actualHeight: 624.0
17:03:07.566 [FXGL Background Thread 3 ] DEBUG Engine               - actualHeightProperty: ReadOnlyDoubleProperty [value: 624.0]
17:03:07.566 [FXGL Background Thread 3 ] DEBUG Engine               - actualWidth: 912.0
17:03:07.567 [FXGL Background Thread 3 ] DEBUG Engine               - actualWidthProperty: ReadOnlyDoubleProperty [value: 912.0]
17:03:07.567 [FXGL Background Thread 3 ] DEBUG Engine               - appIcon: fxgl_icon.png
17:03:07.568 [FXGL Background Thread 3 ] DEBUG Engine               - applicationMode: DEVELOPER
17:03:07.568 [FXGL Background Thread 3 ] DEBUG Engine               - cSSList: [fxgl_dark.css]
17:03:07.568 [FXGL Background Thread 3 ] DEBUG Engine               - collisionDetectionStrategy: BRUTE_FORCE
17:03:07.569 [FXGL Background Thread 3 ] DEBUG Engine               - configClass: Optional.empty
17:03:07.569 [FXGL Background Thread 3 ] DEBUG Engine               - credits: []
17:03:07.571 [FXGL Background Thread 3 ] DEBUG Engine               - defaultCursor: CursorInfo(imageName=fxgl_default_cursor.png, hotspotX=7.0, hotspotY=6.0)
17:03:07.572 [FXGL Background Thread 3 ] DEBUG Engine               - devBBoxColorProperty: ObjectProperty [value: 0xff0000ff]
17:03:07.572 [FXGL Background Thread 3 ] DEBUG Engine               - devEnableDebugCameraProperty: BooleanProperty [value: false]
17:03:07.573 [FXGL Background Thread 3 ] DEBUG Engine               - devSensorColorProperty: ObjectProperty [value: 0xffff00ff]
17:03:07.573 [FXGL Background Thread 3 ] DEBUG Engine               - devShowBBoxProperty: BooleanProperty [value: false]
17:03:07.574 [FXGL Background Thread 3 ] DEBUG Engine               - devShowPositionProperty: BooleanProperty [value: false]
17:03:07.574 [FXGL Background Thread 3 ] DEBUG Engine               - enabledMenuItems: []
17:03:07.574 [FXGL Background Thread 3 ] DEBUG Engine               - engineServices: [class com.almasb.fxgl.app.services.FXGLAssetLoaderService, class com.almasb.fxgl.app.FXGLApplication$GameApplicationService, class com.almasb.fxgl.app.services.FXGLDialogService, class com.almasb.fxgl.app.services.IOTaskExecutorService, class com.almasb.fxgl.io.FileSystemService, class com.almasb.fxgl.localization.LocalizationService, class com.almasb.fxgl.app.services.SystemBundleService, class com.almasb.fxgl.profile.SaveLoadService, class com.almasb.fxgl.ui.FXGLUIFactoryServiceProvider, class com.almasb.fxgl.ui.FXGLDialogFactoryServiceProvider, class com.almasb.fxgl.audio.AudioPlayer, class com.almasb.fxgl.notification.impl.NotificationServiceProvider, class com.almasb.fxgl.achievement.AchievementService, class com.almasb.fxgl.cutscene.CutsceneService, class com.almasb.fxgl.minigames.MiniGameService, class com.almasb.fxgl.net.NetService, class com.almasb.fxgl.app.services.UpdaterService, class com.almasb.fxgl.dev.DevService]
17:03:07.575 [FXGL Background Thread 3 ] DEBUG Engine               - fontGame: Abel-Regular.ttf
17:03:07.575 [FXGL Background Thread 3 ] DEBUG Engine               - fontMono: TerminalLandMono-Regular.otf
17:03:07.575 [FXGL Background Thread 3 ] DEBUG Engine               - fontText: Courier-Prime.ttf
17:03:07.576 [FXGL Background Thread 3 ] DEBUG Engine               - fontUI: VarelaRound-Regular.ttf
17:03:07.576 [FXGL Background Thread 3 ] DEBUG Engine               - fullScreen: BooleanProperty [value: false]
17:03:07.576 [FXGL Background Thread 3 ] DEBUG Engine               - gameDifficulty: MEDIUM
17:03:07.577 [FXGL Background Thread 3 ] DEBUG Engine               - gameDifficultyProperty: ObjectProperty [value: MEDIUM]
17:03:07.577 [FXGL Background Thread 3 ] DEBUG Engine               - globalMusicVolume: 0.5
17:03:07.578 [FXGL Background Thread 3 ] DEBUG Engine               - globalMusicVolumeProperty: DoubleProperty [value: 0.5]
17:03:07.578 [FXGL Background Thread 3 ] DEBUG Engine               - globalSoundVolume: 0.5
17:03:07.578 [FXGL Background Thread 3 ] DEBUG Engine               - globalSoundVolumeProperty: DoubleProperty [value: 0.5]
17:03:07.579 [FXGL Background Thread 3 ] DEBUG Engine               - height: 624
17:03:07.579 [FXGL Background Thread 3 ] DEBUG Engine               - is3D: false
17:03:07.579 [FXGL Background Thread 3 ] DEBUG Engine               - isAndroid: false
17:03:07.579 [FXGL Background Thread 3 ] DEBUG Engine               - isBrowser: false
17:03:07.579 [FXGL Background Thread 3 ] DEBUG Engine               - isClickFeedbackEnabled: false
17:03:07.580 [FXGL Background Thread 3 ] DEBUG Engine               - isCloseConfirmation: false
17:03:07.580 [FXGL Background Thread 3 ] DEBUG Engine               - isDesktop: true
17:03:07.580 [FXGL Background Thread 3 ] DEBUG Engine               - isDeveloperMenuEnabled: false
17:03:07.580 [FXGL Background Thread 3 ] DEBUG Engine               - isEmbedded: false
17:03:07.580 [FXGL Background Thread 3 ] DEBUG Engine               - isEntityPreloadEnabled: true
17:03:07.581 [FXGL Background Thread 3 ] DEBUG Engine               - isExperimentalTiledLargeMap: false
17:03:07.581 [FXGL Background Thread 3 ] DEBUG Engine               - isFileSystemWriteAllowed: true
17:03:07.581 [FXGL Background Thread 3 ] DEBUG Engine               - isFullScreenAllowed: false
17:03:07.581 [FXGL Background Thread 3 ] DEBUG Engine               - isFullScreenFromStart: false
17:03:07.582 [FXGL Background Thread 3 ] DEBUG Engine               - isGameMenuEnabled: true
17:03:07.582 [FXGL Background Thread 3 ] DEBUG Engine               - isIOS: false
17:03:07.582 [FXGL Background Thread 3 ] DEBUG Engine               - isIntroEnabled: false
17:03:07.582 [FXGL Background Thread 3 ] DEBUG Engine               - isLinux: false
17:03:07.582 [FXGL Background Thread 3 ] DEBUG Engine               - isMac: false
17:03:07.582 [FXGL Background Thread 3 ] DEBUG Engine               - isMainMenuEnabled: false
17:03:07.583 [FXGL Background Thread 3 ] DEBUG Engine               - isManualResizeEnabled: false
17:03:07.583 [FXGL Background Thread 3 ] DEBUG Engine               - isMobile: false
17:03:07.583 [FXGL Background Thread 3 ] DEBUG Engine               - isNative: false
17:03:07.583 [FXGL Background Thread 3 ] DEBUG Engine               - isPauseMusicWhenMinimized: true
17:03:07.583 [FXGL Background Thread 3 ] DEBUG Engine               - isPreserveResizeRatio: false
17:03:07.583 [FXGL Background Thread 3 ] DEBUG Engine               - isProfilingEnabled: false
17:03:07.584 [FXGL Background Thread 3 ] DEBUG Engine               - isScaleAffectedOnResize: true
17:03:07.584 [FXGL Background Thread 3 ] DEBUG Engine               - isSingleStep: false
17:03:07.584 [FXGL Background Thread 3 ] DEBUG Engine               - isUserProfileEnabled: false
17:03:07.584 [FXGL Background Thread 3 ] DEBUG Engine               - isWindows: true
17:03:07.584 [FXGL Background Thread 3 ] DEBUG Engine               - language: ObjectProperty [value: ENGLISH]
17:03:07.584 [FXGL Background Thread 3 ] DEBUG Engine               - menuKey: ESCAPE
17:03:07.584 [FXGL Background Thread 3 ] DEBUG Engine               - mouseSensitivity: 0.2
17:03:07.585 [FXGL Background Thread 3 ] DEBUG Engine               - notificationViewClass: class com.almasb.fxgl.notification.view.XboxNotificationView
17:03:07.585 [FXGL Background Thread 3 ] DEBUG Engine               - pixelsPerMeter: 50.0
17:03:07.585 [FXGL Background Thread 3 ] DEBUG Engine               - platform: WINDOWS
17:03:07.585 [FXGL Background Thread 3 ] DEBUG Engine               - prefHeightProperty: ReadOnlyDoubleProperty [value: 624.0]
17:03:07.585 [FXGL Background Thread 3 ] DEBUG Engine               - prefWidthProperty: ReadOnlyDoubleProperty [value: 912.0]
17:03:07.585 [FXGL Background Thread 3 ] DEBUG Engine               - profileDir: profiles/
17:03:07.586 [FXGL Background Thread 3 ] DEBUG Engine               - profileName: StringProperty [value: DEFAULT]
17:03:07.586 [FXGL Background Thread 3 ] DEBUG Engine               - randomSeed: -1
17:03:07.587 [FXGL Background Thread 3 ] DEBUG Engine               - runtimeInfo: RuntimeInfo(platform=WINDOWS, version=17.1, build=24.03.2022 17.34)
17:03:07.587 [FXGL Background Thread 3 ] DEBUG Engine               - saveFileExt: sav
17:03:07.587 [FXGL Background Thread 3 ] DEBUG Engine               - scaledHeightProp$fxgl: DoubleProperty [bound, value: 624.0]
17:03:07.587 [FXGL Background Thread 3 ] DEBUG Engine               - scaledWidthProp$fxgl: DoubleProperty [bound, value: 912.0]
17:03:07.587 [FXGL Background Thread 3 ] DEBUG Engine               - sceneFactory: com.almasb.fxgl.app.scene.SceneFactory@5e2ceca9
17:03:07.588 [FXGL Background Thread 3 ] DEBUG Engine               - secondsIn24h: 60
17:03:07.588 [FXGL Background Thread 3 ] DEBUG Engine               - soundMenuBack: menu/back.wav
17:03:07.588 [FXGL Background Thread 3 ] DEBUG Engine               - soundMenuPress: menu/press.wav
17:03:07.588 [FXGL Background Thread 3 ] DEBUG Engine               - soundMenuSelect: menu/select.wav
17:03:07.588 [FXGL Background Thread 3 ] DEBUG Engine               - soundNotification: core/notification.wav
17:03:07.588 [FXGL Background Thread 3 ] DEBUG Engine               - stageStyle: DECORATED
17:03:07.588 [FXGL Background Thread 3 ] DEBUG Engine               - supportedLanguages: [ENGLISH, FRENCH, GERMAN, HUNGARIAN, RUSSIAN]
17:03:07.589 [FXGL Background Thread 3 ] DEBUG Engine               - ticksPerSecond: -1
17:03:07.589 [FXGL Background Thread 3 ] DEBUG Engine               - title: Bomberman!
17:03:07.589 [FXGL Background Thread 3 ] DEBUG Engine               - urlGithub: https://github.com/AlmasB/FXGL
17:03:07.589 [FXGL Background Thread 3 ] DEBUG Engine               - urlLeaderboard: http://fxgl-top.herokuapp.com/
17:03:07.589 [FXGL Background Thread 3 ] DEBUG Engine               - urlPOM: https://raw.githubusercontent.com/AlmasB/FXGL/release/README.md
17:03:07.589 [FXGL Background Thread 3 ] DEBUG Engine               - userAppClass: class mangobomb.bombermango.HelloApplication
17:03:07.589 [FXGL Background Thread 3 ] DEBUG Engine               - version: 0.0
17:03:07.589 [FXGL Background Thread 3 ] DEBUG Engine               - versionCheckDays: 7
17:03:07.589 [FXGL Background Thread 3 ] DEBUG Engine               - width: 912
17:03:07.589 [FXGL Background Thread 3 ] DEBUG Engine               - Logging services
17:03:07.590 [FXGL Background Thread 3 ] DEBUG Engine               - class com.almasb.fxgl.app.services.FXGLAssetLoaderService
17:03:07.590 [FXGL Background Thread 3 ] DEBUG Engine               - class com.almasb.fxgl.app.FXGLApplication$GameApplicationService
17:03:07.590 [FXGL Background Thread 3 ] DEBUG Engine               - class com.almasb.fxgl.app.services.FXGLDialogService
17:03:07.590 [FXGL Background Thread 3 ] DEBUG Engine               - class com.almasb.fxgl.app.services.IOTaskExecutorService
17:03:07.590 [FXGL Background Thread 3 ] DEBUG Engine               - class com.almasb.fxgl.io.FileSystemService
17:03:07.590 [FXGL Background Thread 3 ] DEBUG Engine               - class com.almasb.fxgl.localization.LocalizationService
17:03:07.590 [FXGL Background Thread 3 ] DEBUG Engine               - class com.almasb.fxgl.app.services.SystemBundleService
17:03:07.590 [FXGL Background Thread 3 ] DEBUG Engine               - class com.almasb.fxgl.profile.SaveLoadService
17:03:07.590 [FXGL Background Thread 3 ] DEBUG Engine               - class com.almasb.fxgl.ui.FXGLUIFactoryServiceProvider
17:03:07.590 [FXGL Background Thread 3 ] DEBUG Engine               - class com.almasb.fxgl.ui.FXGLDialogFactoryServiceProvider
17:03:07.590 [FXGL Background Thread 3 ] DEBUG Engine               - class com.almasb.fxgl.audio.AudioPlayer
17:03:07.590 [FXGL Background Thread 3 ] DEBUG Engine               - class com.almasb.fxgl.notification.impl.NotificationServiceProvider
17:03:07.590 [FXGL Background Thread 3 ] DEBUG Engine               - class com.almasb.fxgl.achievement.AchievementService
17:03:07.590 [FXGL Background Thread 3 ] DEBUG Engine               - class com.almasb.fxgl.cutscene.CutsceneService
17:03:07.591 [FXGL Background Thread 3 ] DEBUG Engine               - class com.almasb.fxgl.minigames.MiniGameService
17:03:07.591 [FXGL Background Thread 3 ] DEBUG Engine               - class com.almasb.fxgl.net.NetService
17:03:07.591 [FXGL Background Thread 3 ] DEBUG Engine               - class com.almasb.fxgl.app.services.UpdaterService
17:03:07.591 [FXGL Background Thread 3 ] DEBUG Engine               - class com.almasb.fxgl.dev.DevService
17:03:12.924 [JavaFX Application Thread] DEBUG FXGLApplication      - Exiting FXGL
17:03:12.924 [JavaFX Application Thread] DEBUG LoopRunner           - Stopping loop
17:03:12.924 [JavaFX Application Thread] DEBUG SystemBundleService  - Saving FXGL system data
17:03:12.926 [JavaFX Application Thread] DEBUG FileSystemAccess     - Writing to: D:\bombermango\system\fxgl.bundle
17:03:12.928 [JavaFX Application Thread] DEBUG Async                - Shutting down background threads
17:03:12.929 [JavaFX Application Thread] DEBUG PrimaryStageWindow   - Closing main window
17:03:12.939 [JavaFX Application Thread] DEBUG Logger               - Closing Logger
