17:02:18.429 [main                     ] DEBUG Logger               - Configured Logger
17:02:18.466 [main                     ] DEBUG GameApplication      - Logging settings
Title: Bomberman!
Version: 0.0
Width: 912
Height: 624
Fullscreen: false
Intro: false
Profiling: false
Single step:false
App Mode: DEVELOPER
Menu Key: ESCAPE
Stage Style: DECORATED
Scene Factory: class com.almasb.fxgl.app.scene.SceneFactory

17:02:18.953 [JavaFX Application Thread] DEBUG FXGLApplication      - Initializing FXGL
17:02:18.961 [JavaFX Application Thread] INFO  Engine               - FXGL-17.1 (24.03.2022 17.34) on WINDOWS (J:18.0.2.1 FX:18.0.1)
17:02:18.962 [JavaFX Application Thread] DEBUG Engine               - JRE Vendor Name: Oracle Corporation
17:02:18.962 [JavaFX Application Thread] DEBUG Engine               - Running on OS: Windows 10 version 10.0
17:02:18.962 [JavaFX Application Thread] DEBUG Engine               - Architecture: amd64
17:02:18.963 [JavaFX Application Thread] INFO  Engine               - Source code and latest versions at: https://github.com/AlmasB/FXGL
17:02:18.963 [JavaFX Application Thread] INFO  Engine               -       Ask questions and discuss at: https://github.com/AlmasB/FXGL/discussions
17:02:18.963 [JavaFX Application Thread] INFO  Engine               -              Join the FXGL chat at: https://gitter.im/AlmasB/FXGL
17:02:19.151 [JavaFX Application Thread] DEBUG PrimaryStageWindow   - Creating a JavaFX scene
17:02:19.237 [JavaFX Application Thread] DEBUG PrimaryStageWindow   - Target settings size: 912.0 x 624.0
17:02:19.237 [JavaFX Application Thread] DEBUG PrimaryStageWindow   - Scaled scene size:    912.0 x 624.0
17:02:19.237 [JavaFX Application Thread] DEBUG PrimaryStageWindow   - Scaled ratio: (1.0, 1.0)
17:02:19.239 [JavaFX Application Thread] DEBUG PrimaryStageWindow   - Set initial scene to FXGLStartupScene
17:02:19.248 [JavaFX Application Thread] DEBUG PrimaryStageWindow   - Opening main window
17:02:19.404 [JavaFX Application Thread] DEBUG PrimaryStageWindow   - Window border size: (14.66668701171875, 37.33331298828125)
17:02:19.404 [JavaFX Application Thread] DEBUG PrimaryStageWindow   - Scaled size: 912.0 x 624.0
17:02:19.404 [JavaFX Application Thread] DEBUG PrimaryStageWindow   - Scaled ratio: (1.0, 1.0)
17:02:19.405 [JavaFX Application Thread] DEBUG PrimaryStageWindow   - Scene size: 912.0 x 624.0
17:02:19.405 [JavaFX Application Thread] DEBUG PrimaryStageWindow   - Stage size: 926.6666870117188 x 661.3333129882812
17:02:19.417 [FXGL Background Thread 1 ] DEBUG Engine               - Initializing environment variables
17:02:19.499 [FXGL Background Thread 1 ] DEBUG FXGLAssetLoaderServi - User app class for loading assets: class mangobomb.bombermango.HelloApplication
17:02:19.499 [FXGL Background Thread 1 ] DEBUG GameApplicationServi - Applying CSS: fxgl_dark.css
17:02:19.501 [FXGL Background Thread 1 ] DEBUG FXGLAssetLoaderServi - Loading from file system: jar:file:/C:/Users/Admin/.m2/repository/com/github/almasb/fxgl/17.1/fxgl-17.1.jar!/fxglassets/ui/css/fxgl_dark.css
17:02:19.572 [FXGL Background Thread 1 ] DEBUG GameApplicationServi - Initializing application scenes
17:02:19.632 [FXGL Background Thread 1 ] DEBUG GameWorld            - Game world initialized
17:02:19.748 [FXGL Background Thread 1 ] DEBUG PhysicsWorld         - Physics world initialized: appHeight=624, physics.ppm=50.0
17:02:19.749 [FXGL Background Thread 1 ] DEBUG PhysicsWorld         - Using strategy: BRUTE_FORCE
17:02:19.754 [FXGL Background Thread 1 ] DEBUG GameScene            - Game scene initialized: 912x624
17:02:19.772 [FXGL Background Thread 1 ] DEBUG FXGL.DefaultMenu     - createMenuBodyGameMenu()
17:02:19.800 [FXGL Background Thread 1 ] DEBUG FXGL.DefaultMenu     - createOptionsMenu()
17:02:19.820 [FXGL Background Thread 1 ] DEBUG FXGLAssetLoaderServi - Loading from file system: jar:file:/C:/Users/Admin/.m2/repository/com/github/almasb/fxgl/17.1/fxgl-17.1.jar!/fxglassets/textures/particles/smoke.png
17:02:19.972 [FXGL Background Thread 1 ] DEBUG FXGLAssetLoaderServi - Loading from file system: jar:file:/C:/Users/Admin/.m2/repository/com/github/almasb/fxgl/17.1/fxgl-17.1.jar!/fxglassets/textures/particles/trace_horizontal.png
17:02:20.022 [FXGL Background Thread 1 ] DEBUG GameApplicationServi - Application scenes initialized
17:02:20.040 [FXGL Background Thread 1 ] DEBUG SystemBundleService  - Loading FXGL system data
17:02:20.048 [FXGL Background Thread 1 ] DEBUG FileSystemAccess     - Reading from: D:\bombermango\system\fxgl.bundle
17:02:20.062 [FXGL Background Thread 1 ] DEBUG SystemBundleService  - Bundle FXGL: {}
17:02:20.062 [FXGL Background Thread 1 ] DEBUG UpdaterService       - Checking for updates
17:02:20.068 [FXGL Background Thread 1 ] DEBUG FXGLApplication      - Loading default localization
17:02:20.069 [FXGL Background Thread 1 ] DEBUG FXGLAssetLoaderServi - Loading from file system: jar:file:/C:/Users/Admin/.m2/repository/com/github/almasb/fxgl/17.1/fxgl-17.1.jar!/fxglassets/languages/english.lang
17:02:20.118 [FXGL Background Thread 1 ] INFO  FXGLApplication      - FXGL initialization took: 0.701 sec
17:02:20.140 [JavaFX Application Thread] DEBUG Input                - Registered new binding: Up 1 - W
17:02:20.141 [JavaFX Application Thread] DEBUG Input                - Registered new binding: Left 1 - A
17:02:20.141 [JavaFX Application Thread] DEBUG Input                - Registered new binding: Down 1 - S
17:02:20.141 [JavaFX Application Thread] DEBUG Input                - Registered new binding: Right 1 - D
17:02:20.142 [JavaFX Application Thread] DEBUG FXGLAssetLoaderServi - Loading from file system: jar:file:/C:/Users/Admin/.m2/repository/com/github/almasb/fxgl/17.1/fxgl-17.1.jar!/fxglassets/textures/fxgl_icon.png
17:02:20.164 [FXGL Background Thread 4 ] DEBUG FXGLApplication      - Loading fonts
17:02:20.165 [FXGL Background Thread 4 ] DEBUG FXGLAssetLoaderServi - Loading from file system: jar:file:/C:/Users/Admin/.m2/repository/com/github/almasb/fxgl/17.1/fxgl-17.1.jar!/fxglassets/ui/fonts/VarelaRound-Regular.ttf
17:02:20.171 [JavaFX Application Thread] DEBUG FXGLAssetLoaderServi - Loading from file system: jar:file:/C:/Users/Admin/.m2/repository/com/github/almasb/fxgl/17.1/fxgl-17.1.jar!/fxglassets/textures/fxgl_default_cursor.png
17:02:20.174 [JavaFX Application Thread] DEBUG Input                - Registered new binding: Screenshot - CTRL+8
17:02:20.174 [JavaFX Application Thread] DEBUG Input                - Registered new binding: System info dump - CTRL+9
17:02:20.176 [JavaFX Application Thread] DEBUG Input                - Registered new binding: Restart - CTRL+R
17:02:20.177 [JavaFX Application Thread] DEBUG Input                - Registered new binding: Toggle Debug Camera - CTRL+7
17:02:20.180 [JavaFX Application Thread] DEBUG LoopRunner           - Starting loop
17:02:20.180 [JavaFX Application Thread] DEBUG LoopRunner           - Initializing JavaFX AnimationTimerLoop
17:02:20.182 [JavaFX Application Thread] DEBUG GameApplicationServi - Starting new game
17:02:20.183 [JavaFX Application Thread] DEBUG Input                - Clearing active input actions
17:02:20.196 [JavaFX Application Thread] DEBUG GameApplicationServi - Removing overlay from FXGLStartupScene and adding to FXGLLoadingScene
17:02:20.197 [JavaFX Application Thread] DEBUG PrimaryStageWindow   - FXGLStartupScene -> FXGLLoadingScene
17:02:20.197 [JavaFX Application Thread] DEBUG GameApplicationServi - Clearing previous game
17:02:20.197 [JavaFX Application Thread] DEBUG GameScene            - Clearing game scene
17:02:20.197 [JavaFX Application Thread] DEBUG GameWorld            - Clearing game world
17:02:20.198 [JavaFX Application Thread] DEBUG PhysicsWorld         - Clearing physics world
17:02:20.199 [FXGL Background Thread 1 ] DEBUG FXGLApplication      - Initializing game
17:02:20.224 [FXGL Background Thread 1 ] DEBUG FXGLAssetLoaderServi - Loading from file system: file:/D:/bombermango/target/classes/assets/textures/sprites/player_left.png
17:02:20.226 [FXGL Background Thread 1 ] DEBUG FXGLAssetLoaderServi - Loading from file system: file:/D:/bombermango/target/classes/assets/textures/sprites/player_left_1.png
17:02:20.230 [FXGL Background Thread 1 ] DEBUG FXGLAssetLoaderServi - Loading from file system: file:/D:/bombermango/target/classes/assets/textures/sprites/player_left_2.png
17:02:20.250 [FXGL Background Thread 1 ] WARN  GameWorld            - Entity is already attached to world
17:02:20.251 [FXGL Background Thread 1 ] DEBUG FXGLAssetLoaderServi - Loading from file system: file:/D:/bombermango/target/classes/assets/textures/sprites/wall.png
17:02:20.309 [FXGL Background Thread 1 ] DEBUG FXGLAssetLoaderServi - Loading from file system: file:/D:/bombermango/target/classes/assets/textures/sprites/bomb.png
17:02:20.311 [FXGL Background Thread 1 ] DEBUG FXGLAssetLoaderServi - Loading from file system: file:/D:/bombermango/target/classes/assets/textures/sprites/bomb_1.png
17:02:20.312 [FXGL Background Thread 1 ] DEBUG FXGLAssetLoaderServi - Loading from file system: file:/D:/bombermango/target/classes/assets/textures/sprites/bomb_2.png
17:02:20.313 [FXGL Background Thread 1 ] WARN  GameWorld            - Entity is already attached to world
17:02:20.314 [FXGL Background Thread 1 ] INFO  FXGLApplication      - Game initialization took: 0.114 sec
17:02:20.358 [FXGL Background Thread 4 ] DEBUG FXGLAssetLoaderServi - Loading from file system: jar:file:/C:/Users/Admin/.m2/repository/com/github/almasb/fxgl/17.1/fxgl-17.1.jar!/fxglassets/ui/fonts/Abel-Regular.ttf
17:02:20.362 [FXGL Background Thread 4 ] DEBUG FXGLAssetLoaderServi - Loading from file system: jar:file:/C:/Users/Admin/.m2/repository/com/github/almasb/fxgl/17.1/fxgl-17.1.jar!/fxglassets/ui/fonts/TerminalLandMono-Regular.otf
17:02:20.366 [FXGL Background Thread 4 ] DEBUG FXGLAssetLoaderServi - Loading from file system: jar:file:/C:/Users/Admin/.m2/repository/com/github/almasb/fxgl/17.1/fxgl-17.1.jar!/fxglassets/ui/fonts/Courier-Prime.ttf
17:02:20.449 [JavaFX Application Thread] DEBUG Input                - Clearing active input actions
17:02:20.464 [JavaFX Application Thread] DEBUG GameApplicationServi - Removing overlay from FXGLLoadingScene and adding to GameScene
17:02:20.465 [JavaFX Application Thread] DEBUG PrimaryStageWindow   - FXGLLoadingScene -> GameScene
17:02:20.465 [JavaFX Application Thread] DEBUG FXGLApplication      - Registering font factories with UI factory
17:02:21.124 [FXGL Background Thread 2 ] INFO  UpdaterService       - Your current version:  17.1
17:02:21.124 [FXGL Background Thread 2 ] INFO  UpdaterService       - Latest stable version: 17.2
17:02:22.987 [JavaFX Application Thread] DEBUG FXGLApplication      - Exiting FXGL
17:02:22.987 [JavaFX Application Thread] DEBUG LoopRunner           - Stopping loop
17:02:22.987 [JavaFX Application Thread] DEBUG SystemBundleService  - Saving FXGL system data
17:02:22.989 [JavaFX Application Thread] DEBUG FileSystemAccess     - Writing to: D:\bombermango\system\fxgl.bundle
17:02:22.991 [JavaFX Application Thread] DEBUG Async                - Shutting down background threads
17:02:22.992 [JavaFX Application Thread] DEBUG PrimaryStageWindow   - Closing main window
17:02:23.001 [JavaFX Application Thread] DEBUG Logger               - Closing Logger
