22:21:51.214 [main                     ] DEBUG Logger               - Configured Logger
22:21:51.338 [main                     ] DEBUG GameApplication      - Logging settings
Title: Bomberman!
Version: 0.0
Width: 912
Height: 624
Fullscreen: false
Intro: false
Profiling: false
Single step:false
App Mode: DEVELOPER
Menu Key: ESCAPE
Stage Style: DECORATED
Scene Factory: class com.almasb.fxgl.app.scene.SceneFactory

22:21:52.273 [JavaFX Application Thread] DEBUG FXGLApplication      - Initializing FXGL
22:21:52.283 [JavaFX Application Thread] INFO  Engine               - FXGL-17.1 (24.03.2022 17.34) on WINDOWS (J:18.0.2.1 FX:18.0.1)
22:21:52.284 [JavaFX Application Thread] DEBUG Engine               - JRE Vendor Name: Oracle Corporation
22:21:52.284 [JavaFX Application Thread] DEBUG Engine               - Running on OS: Windows 10 version 10.0
22:21:52.284 [JavaFX Application Thread] DEBUG Engine               - Architecture: amd64
22:21:52.284 [JavaFX Application Thread] INFO  Engine               - Source code and latest versions at: https://github.com/AlmasB/FXGL
22:21:52.285 [JavaFX Application Thread] INFO  Engine               -       Ask questions and discuss at: https://github.com/AlmasB/FXGL/discussions
22:21:52.285 [JavaFX Application Thread] INFO  Engine               -              Join the FXGL chat at: https://gitter.im/AlmasB/FXGL
22:21:52.474 [JavaFX Application Thread] DEBUG PrimaryStageWindow   - Creating a JavaFX scene
22:21:52.550 [JavaFX Application Thread] DEBUG PrimaryStageWindow   - Target settings size: 912.0 x 624.0
22:21:52.550 [JavaFX Application Thread] DEBUG PrimaryStageWindow   - Scaled scene size:    912.0 x 624.0
22:21:52.550 [JavaFX Application Thread] DEBUG PrimaryStageWindow   - Scaled ratio: (1.0, 1.0)
22:21:52.552 [JavaFX Application Thread] DEBUG PrimaryStageWindow   - Set initial scene to FXGLStartupScene
22:21:52.564 [JavaFX Application Thread] DEBUG PrimaryStageWindow   - Opening main window
22:21:52.705 [JavaFX Application Thread] DEBUG PrimaryStageWindow   - Window border size: (14.66668701171875, 37.33331298828125)
22:21:52.706 [JavaFX Application Thread] DEBUG PrimaryStageWindow   - Scaled size: 912.0 x 624.0
22:21:52.706 [JavaFX Application Thread] DEBUG PrimaryStageWindow   - Scaled ratio: (1.0, 1.0)
22:21:52.707 [JavaFX Application Thread] DEBUG PrimaryStageWindow   - Scene size: 912.0 x 624.0
22:21:52.707 [JavaFX Application Thread] DEBUG PrimaryStageWindow   - Stage size: 926.6666870117188 x 661.3333129882812
22:21:52.837 [FXGL Background Thread 1 ] DEBUG Engine               - Initializing environment variables
22:21:52.929 [FXGL Background Thread 1 ] DEBUG FXGLAssetLoaderServi - User app class for loading assets: class mangobomb.bombermango.HelloApplication
22:21:52.929 [FXGL Background Thread 1 ] DEBUG GameApplicationServi - Applying CSS: fxgl_dark.css
22:21:52.931 [FXGL Background Thread 1 ] DEBUG FXGLAssetLoaderServi - Loading from file system: jar:file:/C:/Users/Admin/.m2/repository/com/github/almasb/fxgl/17.1/fxgl-17.1.jar!/fxglassets/ui/css/fxgl_dark.css
22:21:53.026 [FXGL Background Thread 1 ] DEBUG GameApplicationServi - Initializing application scenes
22:21:53.186 [FXGL Background Thread 1 ] DEBUG GameWorld            - Game world initialized
22:21:53.302 [FXGL Background Thread 1 ] DEBUG PhysicsWorld         - Physics world initialized: appHeight=624, physics.ppm=50.0
22:21:53.303 [FXGL Background Thread 1 ] DEBUG PhysicsWorld         - Using strategy: BRUTE_FORCE
22:21:53.310 [FXGL Background Thread 1 ] DEBUG GameScene            - Game scene initialized: 912x624
22:21:53.333 [FXGL Background Thread 1 ] DEBUG FXGL.DefaultMenu     - createMenuBodyGameMenu()
22:21:53.374 [FXGL Background Thread 1 ] DEBUG FXGL.DefaultMenu     - createOptionsMenu()
22:21:53.422 [FXGL Background Thread 1 ] DEBUG FXGLAssetLoaderServi - Loading from file system: jar:file:/C:/Users/Admin/.m2/repository/com/github/almasb/fxgl/17.1/fxgl-17.1.jar!/fxglassets/textures/particles/smoke.png
22:21:53.586 [FXGL Background Thread 1 ] DEBUG FXGLAssetLoaderServi - Loading from file system: jar:file:/C:/Users/Admin/.m2/repository/com/github/almasb/fxgl/17.1/fxgl-17.1.jar!/fxglassets/textures/particles/trace_horizontal.png
22:21:53.655 [FXGL Background Thread 1 ] DEBUG GameApplicationServi - Application scenes initialized
22:21:53.673 [FXGL Background Thread 1 ] DEBUG SystemBundleService  - Loading FXGL system data
22:21:53.679 [FXGL Background Thread 1 ] DEBUG FileSystemAccess     - Reading from: D:\bombermango\system\fxgl.bundle
22:21:53.694 [FXGL Background Thread 1 ] DEBUG SystemBundleService  - Bundle FXGL: {}
22:21:53.695 [FXGL Background Thread 1 ] DEBUG UpdaterService       - Checking for updates
22:21:53.701 [FXGL Background Thread 1 ] DEBUG FXGLApplication      - Loading default localization
22:21:53.702 [FXGL Background Thread 1 ] DEBUG FXGLAssetLoaderServi - Loading from file system: jar:file:/C:/Users/Admin/.m2/repository/com/github/almasb/fxgl/17.1/fxgl-17.1.jar!/fxglassets/languages/english.lang
22:21:53.727 [FXGL Background Thread 1 ] INFO  FXGLApplication      - FXGL initialization took: 0.890 sec
22:21:53.729 [FXGL Background Thread 4 ] DEBUG FXGLApplication      - Loading fonts
22:21:53.730 [FXGL Background Thread 4 ] DEBUG FXGLAssetLoaderServi - Loading from file system: jar:file:/C:/Users/Admin/.m2/repository/com/github/almasb/fxgl/17.1/fxgl-17.1.jar!/fxglassets/ui/fonts/VarelaRound-Regular.ttf
22:21:53.747 [JavaFX Application Thread] DEBUG Input                - Registered new binding: moveUp - W
22:21:53.747 [JavaFX Application Thread] DEBUG Input                - Registered new binding: moveRight - D
22:21:53.748 [JavaFX Application Thread] DEBUG Input                - Registered new binding: moveLeft - A
22:21:53.748 [JavaFX Application Thread] DEBUG Input                - Registered new binding: moveDown - S
22:21:53.748 [JavaFX Application Thread] DEBUG Input                - Registered new binding: implantBomb - F
22:21:53.748 [JavaFX Application Thread] DEBUG FXGLAssetLoaderServi - Loading from file system: jar:file:/C:/Users/Admin/.m2/repository/com/github/almasb/fxgl/17.1/fxgl-17.1.jar!/fxglassets/textures/fxgl_icon.png
22:21:53.780 [JavaFX Application Thread] DEBUG FXGLAssetLoaderServi - Loading from file system: jar:file:/C:/Users/Admin/.m2/repository/com/github/almasb/fxgl/17.1/fxgl-17.1.jar!/fxglassets/textures/fxgl_default_cursor.png
22:21:53.783 [JavaFX Application Thread] DEBUG Input                - Registered new binding: Screenshot - CTRL+8
22:21:53.784 [JavaFX Application Thread] DEBUG Input                - Registered new binding: System info dump - CTRL+9
22:21:53.784 [JavaFX Application Thread] DEBUG Input                - Registered new binding: Restart - CTRL+R
22:21:53.785 [JavaFX Application Thread] DEBUG Input                - Registered new binding: Toggle Debug Camera - CTRL+7
22:21:53.787 [JavaFX Application Thread] DEBUG LoopRunner           - Starting loop
22:21:53.788 [JavaFX Application Thread] DEBUG LoopRunner           - Initializing JavaFX AnimationTimerLoop
22:21:53.790 [JavaFX Application Thread] DEBUG GameApplicationServi - Starting new game
22:21:53.790 [JavaFX Application Thread] DEBUG Input                - Clearing active input actions
22:21:53.836 [JavaFX Application Thread] DEBUG GameApplicationServi - Removing overlay from FXGLStartupScene and adding to FXGLLoadingScene
22:21:53.837 [JavaFX Application Thread] DEBUG PrimaryStageWindow   - FXGLStartupScene -> FXGLLoadingScene
22:21:53.837 [JavaFX Application Thread] DEBUG GameApplicationServi - Clearing previous game
22:21:53.837 [JavaFX Application Thread] DEBUG GameScene            - Clearing game scene
22:21:53.837 [JavaFX Application Thread] DEBUG GameWorld            - Clearing game world
22:21:53.838 [JavaFX Application Thread] DEBUG PhysicsWorld         - Clearing physics world
22:21:53.840 [FXGL Background Thread 1 ] DEBUG FXGLApplication      - Initializing game
22:21:53.875 [FXGL Background Thread 1 ] DEBUG FXGLAssetLoaderServi - Loading from file system: file:/D:/bombermango/target/classes/assets/textures/sprites/player_left.png
22:21:53.877 [FXGL Background Thread 1 ] DEBUG FXGLAssetLoaderServi - Loading from file system: file:/D:/bombermango/target/classes/assets/textures/sprites/player_left_1.png
22:21:53.879 [FXGL Background Thread 1 ] DEBUG FXGLAssetLoaderServi - Loading from file system: file:/D:/bombermango/target/classes/assets/textures/sprites/player_left_2.png
22:21:53.910 [FXGL Background Thread 1 ] WARN  GameWorld            - Entity is already attached to world
22:21:53.911 [FXGL Background Thread 1 ] INFO  FXGLApplication      - Game initialization took: 0.071 sec
22:21:54.074 [JavaFX Application Thread] DEBUG Input                - Clearing active input actions
22:21:54.090 [JavaFX Application Thread] DEBUG GameApplicationServi - Removing overlay from FXGLLoadingScene and adding to GameScene
22:21:54.090 [JavaFX Application Thread] DEBUG PrimaryStageWindow   - FXGLLoadingScene -> GameScene
22:21:54.166 [FXGL Background Thread 4 ] DEBUG FXGLAssetLoaderServi - Loading from file system: jar:file:/C:/Users/Admin/.m2/repository/com/github/almasb/fxgl/17.1/fxgl-17.1.jar!/fxglassets/ui/fonts/Abel-Regular.ttf
22:21:54.181 [FXGL Background Thread 4 ] DEBUG FXGLAssetLoaderServi - Loading from file system: jar:file:/C:/Users/Admin/.m2/repository/com/github/almasb/fxgl/17.1/fxgl-17.1.jar!/fxglassets/ui/fonts/TerminalLandMono-Regular.otf
22:21:54.186 [FXGL Background Thread 4 ] DEBUG FXGLAssetLoaderServi - Loading from file system: jar:file:/C:/Users/Admin/.m2/repository/com/github/almasb/fxgl/17.1/fxgl-17.1.jar!/fxglassets/ui/fonts/Courier-Prime.ttf
22:21:54.211 [JavaFX Application Thread] DEBUG FXGLApplication      - Registering font factories with UI factory
22:21:54.638 [JavaFX Application Thread] DEBUG LoopRunner           - Stopping loop
22:21:54.640 [JavaFX Application Thread] FATAL FXGLApplication      - Uncaught Exception:
java.lang.NullPointerException: Cannot invoke "com.almasb.fxgl.entity.Entity.translateY(double)" because "mangobomb.bombermango.HelloApplication.player" is null
	at mangobomb.bombermango.InputHandler$2.onAction(InputHandler.java:23)
	at com.almasb.fxgl.input.UserAction.action$fxgl_core(UserAction.kt:38)
	at com.almasb.fxgl.input.Input.update(Input.kt:271)
	at com.almasb.fxgl.scene.Scene.update(Scene.kt:103)
	at com.almasb.fxgl.app.MainWindow$update$1.invoke(MainWindow.kt:115)
	at com.almasb.fxgl.app.MainWindow$update$1.invoke(MainWindow.kt:115)
	at com.almasb.fxgl.core.fsm.StateMachine.runOnActiveStates(StateMachine.kt:69)
	at com.almasb.fxgl.app.MainWindow.update(MainWindow.kt:115)
	at com.almasb.fxgl.app.FXGLApplication$GameApplicationService.onUpdate(FXGLApplication.kt:426)
	at com.almasb.fxgl.app.Engine.loop(Engine.kt:134)
	at com.almasb.fxgl.app.Engine.access$loop(Engine.kt:24)
	at com.almasb.fxgl.app.Engine$loop$1.invoke(Engine.kt:28)
	at com.almasb.fxgl.app.Engine$loop$1.invoke(Engine.kt:28)
	at com.almasb.fxgl.app.LoopRunner.frame(LoopRunner.kt:103)
	at com.almasb.fxgl.app.LoopRunner.access$frame(LoopRunner.kt:23)
	at com.almasb.fxgl.app.LoopRunner$impl$2$1.onTick(LoopRunner.kt:57)
	at com.almasb.fxgl.app.AnimationTimerLoop$timer$1.handle(LoopRunner.kt:137)
	at javafx.animation.AnimationTimer$AnimationTimerReceiver.lambda$handle$0(AnimationTimer.java:58)
	at java.base/java.security.AccessController.doPrivileged(AccessController.java:399)
	at javafx.animation.AnimationTimer$AnimationTimerReceiver.handle(AnimationTimer.java:57)
	at com.sun.scenario.animation.AbstractPrimaryTimer.timePulseImpl(AbstractPrimaryTimer.java:356)
	at com.sun.scenario.animation.AbstractPrimaryTimer$MainLoop.run(AbstractPrimaryTimer.java:266)
	at com.sun.javafx.tk.quantum.QuantumToolkit.pulse(QuantumToolkit.java:571)
	at com.sun.javafx.tk.quantum.QuantumToolkit.pulse(QuantumToolkit.java:555)
	at com.sun.javafx.tk.quantum.QuantumToolkit.pulseFromQueue(QuantumToolkit.java:548)
	at com.sun.javafx.tk.quantum.QuantumToolkit.lambda$runToolkit$11(QuantumToolkit.java:352)
	at com.sun.glass.ui.InvokeLaterDispatcher$Future.run(InvokeLaterDispatcher.java:96)
	at com.sun.glass.ui.win.WinApplication._runLoop(Native Method)
	at com.sun.glass.ui.win.WinApplication.lambda$runLoop$3(WinApplication.java:184)
	at java.base/java.lang.Thread.run(Thread.java:833)

22:21:54.640 [JavaFX Application Thread] FATAL FXGLApplication      - Application will now exit
22:21:54.666 [JavaFX Application Thread] DEBUG PrimaryStageWindow   - Push state: ErrorSubScene
22:21:54.666 [JavaFX Application Thread] DEBUG Input                - Clearing active input actions
22:21:54.675 [JavaFX Application Thread] DEBUG GameApplicationServi - Removing overlay from GameScene and adding to ErrorSubScene
22:21:54.676 [JavaFX Application Thread] DEBUG PrimaryStageWindow   - GameScene -> ErrorSubScene
22:21:55.009 [FXGL Background Thread 2 ] INFO  UpdaterService       - Your current version:  17.1
22:21:55.009 [FXGL Background Thread 2 ] INFO  UpdaterService       - Latest stable version: 17.2
22:21:56.700 [FXGL Background Thread 3 ] DEBUG Engine               - Logging environment variables
22:21:56.701 [FXGL Background Thread 3 ] DEBUG Engine               - achievements: []
22:21:56.701 [FXGL Background Thread 3 ] DEBUG Engine               - actualHeight: 624.0
22:21:56.701 [FXGL Background Thread 3 ] DEBUG Engine               - actualHeightProperty: ReadOnlyDoubleProperty [value: 624.0]
22:21:56.701 [FXGL Background Thread 3 ] DEBUG Engine               - actualWidth: 912.0
22:21:56.701 [FXGL Background Thread 3 ] DEBUG Engine               - actualWidthProperty: ReadOnlyDoubleProperty [value: 912.0]
22:21:56.702 [FXGL Background Thread 3 ] DEBUG Engine               - appIcon: fxgl_icon.png
22:21:56.702 [FXGL Background Thread 3 ] DEBUG Engine               - applicationMode: DEVELOPER
22:21:56.702 [FXGL Background Thread 3 ] DEBUG Engine               - cSSList: [fxgl_dark.css]
22:21:56.702 [FXGL Background Thread 3 ] DEBUG Engine               - collisionDetectionStrategy: BRUTE_FORCE
22:21:56.702 [FXGL Background Thread 3 ] DEBUG Engine               - configClass: Optional.empty
22:21:56.702 [FXGL Background Thread 3 ] DEBUG Engine               - credits: []
22:21:56.703 [FXGL Background Thread 3 ] DEBUG Engine               - defaultCursor: CursorInfo(imageName=fxgl_default_cursor.png, hotspotX=7.0, hotspotY=6.0)
22:21:56.704 [FXGL Background Thread 3 ] DEBUG Engine               - devBBoxColorProperty: ObjectProperty [value: 0xff0000ff]
22:21:56.704 [FXGL Background Thread 3 ] DEBUG Engine               - devEnableDebugCameraProperty: BooleanProperty [value: false]
22:21:56.704 [FXGL Background Thread 3 ] DEBUG Engine               - devSensorColorProperty: ObjectProperty [value: 0xffff00ff]
22:21:56.704 [FXGL Background Thread 3 ] DEBUG Engine               - devShowBBoxProperty: BooleanProperty [value: false]
22:21:56.704 [FXGL Background Thread 3 ] DEBUG Engine               - devShowPositionProperty: BooleanProperty [value: false]
22:21:56.704 [FXGL Background Thread 3 ] DEBUG Engine               - enabledMenuItems: []
22:21:56.705 [FXGL Background Thread 3 ] DEBUG Engine               - engineServices: [class com.almasb.fxgl.app.services.FXGLAssetLoaderService, class com.almasb.fxgl.app.FXGLApplication$GameApplicationService, class com.almasb.fxgl.app.services.FXGLDialogService, class com.almasb.fxgl.app.services.IOTaskExecutorService, class com.almasb.fxgl.io.FileSystemService, class com.almasb.fxgl.localization.LocalizationService, class com.almasb.fxgl.app.services.SystemBundleService, class com.almasb.fxgl.profile.SaveLoadService, class com.almasb.fxgl.ui.FXGLUIFactoryServiceProvider, class com.almasb.fxgl.ui.FXGLDialogFactoryServiceProvider, class com.almasb.fxgl.audio.AudioPlayer, class com.almasb.fxgl.notification.impl.NotificationServiceProvider, class com.almasb.fxgl.achievement.AchievementService, class com.almasb.fxgl.cutscene.CutsceneService, class com.almasb.fxgl.minigames.MiniGameService, class com.almasb.fxgl.net.NetService, class com.almasb.fxgl.app.services.UpdaterService, class com.almasb.fxgl.dev.DevService]
22:21:56.705 [FXGL Background Thread 3 ] DEBUG Engine               - fontGame: Abel-Regular.ttf
22:21:56.705 [FXGL Background Thread 3 ] DEBUG Engine               - fontMono: TerminalLandMono-Regular.otf
22:21:56.705 [FXGL Background Thread 3 ] DEBUG Engine               - fontText: Courier-Prime.ttf
22:21:56.705 [FXGL Background Thread 3 ] DEBUG Engine               - fontUI: VarelaRound-Regular.ttf
22:21:56.705 [FXGL Background Thread 3 ] DEBUG Engine               - fullScreen: BooleanProperty [value: false]
22:21:56.705 [FXGL Background Thread 3 ] DEBUG Engine               - gameDifficulty: MEDIUM
22:21:56.706 [FXGL Background Thread 3 ] DEBUG Engine               - gameDifficultyProperty: ObjectProperty [value: MEDIUM]
22:21:56.706 [FXGL Background Thread 3 ] DEBUG Engine               - globalMusicVolume: 0.5
22:21:56.706 [FXGL Background Thread 3 ] DEBUG Engine               - globalMusicVolumeProperty: DoubleProperty [value: 0.5]
22:21:56.706 [FXGL Background Thread 3 ] DEBUG Engine               - globalSoundVolume: 0.5
22:21:56.706 [FXGL Background Thread 3 ] DEBUG Engine               - globalSoundVolumeProperty: DoubleProperty [value: 0.5]
22:21:56.706 [FXGL Background Thread 3 ] DEBUG Engine               - height: 624
22:21:56.707 [FXGL Background Thread 3 ] DEBUG Engine               - is3D: false
22:21:56.707 [FXGL Background Thread 3 ] DEBUG Engine               - isAndroid: false
22:21:56.707 [FXGL Background Thread 3 ] DEBUG Engine               - isBrowser: false
22:21:56.707 [FXGL Background Thread 3 ] DEBUG Engine               - isClickFeedbackEnabled: false
22:21:56.707 [FXGL Background Thread 3 ] DEBUG Engine               - isCloseConfirmation: false
22:21:56.707 [FXGL Background Thread 3 ] DEBUG Engine               - isDesktop: true
22:21:56.707 [FXGL Background Thread 3 ] DEBUG Engine               - isDeveloperMenuEnabled: false
22:21:56.707 [FXGL Background Thread 3 ] DEBUG Engine               - isEmbedded: false
22:21:56.708 [FXGL Background Thread 3 ] DEBUG Engine               - isEntityPreloadEnabled: true
22:21:56.708 [FXGL Background Thread 3 ] DEBUG Engine               - isExperimentalTiledLargeMap: false
22:21:56.708 [FXGL Background Thread 3 ] DEBUG Engine               - isFileSystemWriteAllowed: true
22:21:56.708 [FXGL Background Thread 3 ] DEBUG Engine               - isFullScreenAllowed: false
22:21:56.708 [FXGL Background Thread 3 ] DEBUG Engine               - isFullScreenFromStart: false
22:21:56.708 [FXGL Background Thread 3 ] DEBUG Engine               - isGameMenuEnabled: true
22:21:56.709 [FXGL Background Thread 3 ] DEBUG Engine               - isIOS: false
22:21:56.709 [FXGL Background Thread 3 ] DEBUG Engine               - isIntroEnabled: false
22:21:56.709 [FXGL Background Thread 3 ] DEBUG Engine               - isLinux: false
22:21:56.709 [FXGL Background Thread 3 ] DEBUG Engine               - isMac: false
22:21:56.709 [FXGL Background Thread 3 ] DEBUG Engine               - isMainMenuEnabled: false
22:21:56.709 [FXGL Background Thread 3 ] DEBUG Engine               - isManualResizeEnabled: false
22:21:56.709 [FXGL Background Thread 3 ] DEBUG Engine               - isMobile: false
22:21:56.709 [FXGL Background Thread 3 ] DEBUG Engine               - isNative: false
22:21:56.710 [FXGL Background Thread 3 ] DEBUG Engine               - isPauseMusicWhenMinimized: true
22:21:56.710 [FXGL Background Thread 3 ] DEBUG Engine               - isPreserveResizeRatio: false
22:21:56.710 [FXGL Background Thread 3 ] DEBUG Engine               - isProfilingEnabled: false
22:21:56.710 [FXGL Background Thread 3 ] DEBUG Engine               - isScaleAffectedOnResize: true
22:21:56.710 [FXGL Background Thread 3 ] DEBUG Engine               - isSingleStep: false
22:21:56.710 [FXGL Background Thread 3 ] DEBUG Engine               - isUserProfileEnabled: false
22:21:56.710 [FXGL Background Thread 3 ] DEBUG Engine               - isWindows: true
22:21:56.710 [FXGL Background Thread 3 ] DEBUG Engine               - language: ObjectProperty [value: ENGLISH]
22:21:56.710 [FXGL Background Thread 3 ] DEBUG Engine               - menuKey: ESCAPE
22:21:56.710 [FXGL Background Thread 3 ] DEBUG Engine               - mouseSensitivity: 0.2
22:21:56.710 [FXGL Background Thread 3 ] DEBUG Engine               - notificationViewClass: class com.almasb.fxgl.notification.view.XboxNotificationView
22:21:56.710 [FXGL Background Thread 3 ] DEBUG Engine               - pixelsPerMeter: 50.0
22:21:56.710 [FXGL Background Thread 3 ] DEBUG Engine               - platform: WINDOWS
22:21:56.710 [FXGL Background Thread 3 ] DEBUG Engine               - prefHeightProperty: ReadOnlyDoubleProperty [value: 624.0]
22:21:56.711 [FXGL Background Thread 3 ] DEBUG Engine               - prefWidthProperty: ReadOnlyDoubleProperty [value: 912.0]
22:21:56.711 [FXGL Background Thread 3 ] DEBUG Engine               - profileDir: profiles/
22:21:56.711 [FXGL Background Thread 3 ] DEBUG Engine               - profileName: StringProperty [value: DEFAULT]
22:21:56.711 [FXGL Background Thread 3 ] DEBUG Engine               - randomSeed: -1
22:21:56.712 [FXGL Background Thread 3 ] DEBUG Engine               - runtimeInfo: RuntimeInfo(platform=WINDOWS, version=17.1, build=24.03.2022 17.34)
22:21:56.712 [FXGL Background Thread 3 ] DEBUG Engine               - saveFileExt: sav
22:21:56.712 [FXGL Background Thread 3 ] DEBUG Engine               - scaledHeightProp$fxgl: DoubleProperty [bound, value: 624.0]
22:21:56.712 [FXGL Background Thread 3 ] DEBUG Engine               - scaledWidthProp$fxgl: DoubleProperty [bound, value: 912.0]
22:21:56.712 [FXGL Background Thread 3 ] DEBUG Engine               - sceneFactory: com.almasb.fxgl.app.scene.SceneFactory@5bc187f6
22:21:56.712 [FXGL Background Thread 3 ] DEBUG Engine               - secondsIn24h: 60
22:21:56.712 [FXGL Background Thread 3 ] DEBUG Engine               - soundMenuBack: menu/back.wav
22:21:56.712 [FXGL Background Thread 3 ] DEBUG Engine               - soundMenuPress: menu/press.wav
22:21:56.712 [FXGL Background Thread 3 ] DEBUG Engine               - soundMenuSelect: menu/select.wav
22:21:56.712 [FXGL Background Thread 3 ] DEBUG Engine               - soundNotification: core/notification.wav
22:21:56.712 [FXGL Background Thread 3 ] DEBUG Engine               - stageStyle: DECORATED
22:21:56.713 [FXGL Background Thread 3 ] DEBUG Engine               - supportedLanguages: [ENGLISH, FRENCH, GERMAN, HUNGARIAN, RUSSIAN]
22:21:56.713 [FXGL Background Thread 3 ] DEBUG Engine               - ticksPerSecond: -1
22:21:56.713 [FXGL Background Thread 3 ] DEBUG Engine               - title: Bomberman!
22:21:56.713 [FXGL Background Thread 3 ] DEBUG Engine               - urlGithub: https://github.com/AlmasB/FXGL
22:21:56.713 [FXGL Background Thread 3 ] DEBUG Engine               - urlLeaderboard: http://fxgl-top.herokuapp.com/
22:21:56.713 [FXGL Background Thread 3 ] DEBUG Engine               - urlPOM: https://raw.githubusercontent.com/AlmasB/FXGL/release/README.md
22:21:56.713 [FXGL Background Thread 3 ] DEBUG Engine               - userAppClass: class mangobomb.bombermango.HelloApplication
22:21:56.713 [FXGL Background Thread 3 ] DEBUG Engine               - version: 0.0
22:21:56.713 [FXGL Background Thread 3 ] DEBUG Engine               - versionCheckDays: 7
22:21:56.714 [FXGL Background Thread 3 ] DEBUG Engine               - width: 912
22:21:56.714 [FXGL Background Thread 3 ] DEBUG Engine               - Logging services
22:21:56.714 [FXGL Background Thread 3 ] DEBUG Engine               - class com.almasb.fxgl.app.services.FXGLAssetLoaderService
22:21:56.714 [FXGL Background Thread 3 ] DEBUG Engine               - class com.almasb.fxgl.app.FXGLApplication$GameApplicationService
22:21:56.714 [FXGL Background Thread 3 ] DEBUG Engine               - class com.almasb.fxgl.app.services.FXGLDialogService
22:21:56.714 [FXGL Background Thread 3 ] DEBUG Engine               - class com.almasb.fxgl.app.services.IOTaskExecutorService
22:21:56.714 [FXGL Background Thread 3 ] DEBUG Engine               - class com.almasb.fxgl.io.FileSystemService
22:21:56.714 [FXGL Background Thread 3 ] DEBUG Engine               - class com.almasb.fxgl.localization.LocalizationService
22:21:56.714 [FXGL Background Thread 3 ] DEBUG Engine               - class com.almasb.fxgl.app.services.SystemBundleService
22:21:56.714 [FXGL Background Thread 3 ] DEBUG Engine               - class com.almasb.fxgl.profile.SaveLoadService
22:21:56.714 [FXGL Background Thread 3 ] DEBUG Engine               - class com.almasb.fxgl.ui.FXGLUIFactoryServiceProvider
22:21:56.715 [FXGL Background Thread 3 ] DEBUG Engine               - class com.almasb.fxgl.ui.FXGLDialogFactoryServiceProvider
22:21:56.715 [FXGL Background Thread 3 ] DEBUG Engine               - class com.almasb.fxgl.audio.AudioPlayer
22:21:56.715 [FXGL Background Thread 3 ] DEBUG Engine               - class com.almasb.fxgl.notification.impl.NotificationServiceProvider
22:21:56.715 [FXGL Background Thread 3 ] DEBUG Engine               - class com.almasb.fxgl.achievement.AchievementService
22:21:56.715 [FXGL Background Thread 3 ] DEBUG Engine               - class com.almasb.fxgl.cutscene.CutsceneService
22:21:56.716 [FXGL Background Thread 3 ] DEBUG Engine               - class com.almasb.fxgl.minigames.MiniGameService
22:21:56.716 [FXGL Background Thread 3 ] DEBUG Engine               - class com.almasb.fxgl.net.NetService
22:21:56.716 [FXGL Background Thread 3 ] DEBUG Engine               - class com.almasb.fxgl.app.services.UpdaterService
22:21:56.716 [FXGL Background Thread 3 ] DEBUG Engine               - class com.almasb.fxgl.dev.DevService
22:22:00.136 [JavaFX Application Thread] DEBUG FXGLApplication      - Exiting FXGL
22:22:00.136 [JavaFX Application Thread] DEBUG Async                - Shutting down background threads
22:22:00.137 [JavaFX Application Thread] DEBUG PrimaryStageWindow   - Closing main window
22:22:00.151 [JavaFX Application Thread] DEBUG Logger               - Closing Logger
