22:12:28.306 [main                     ] DEBUG Logger               - Configured Logger
22:12:28.340 [main                     ] DEBUG GameApplication      - Logging settings
Title: Bomberman!
Version: 0.0
Width: 700
Height: 700
Fullscreen: false
Intro: false
Profiling: false
Single step:false
App Mode: DEVELOPER
Menu Key: ESCAPE
Stage Style: DECORATED
Scene Factory: class com.almasb.fxgl.app.scene.SceneFactory

22:12:28.791 [JavaFX Application Thread] DEBUG FXGLApplication      - Initializing FXGL
22:12:28.799 [JavaFX Application Thread] INFO  Engine               - FXGL-17.1 (24.03.2022 17.34) on WINDOWS (J:18.0.2.1 FX:18.0.1)
22:12:28.799 [JavaFX Application Thread] DEBUG Engine               - JRE Vendor Name: Oracle Corporation
22:12:28.800 [JavaFX Application Thread] DEBUG Engine               - Running on OS: Windows 10 version 10.0
22:12:28.800 [JavaFX Application Thread] DEBUG Engine               - Architecture: amd64
22:12:28.800 [JavaFX Application Thread] INFO  Engine               - Source code and latest versions at: https://github.com/AlmasB/FXGL
22:12:28.800 [JavaFX Application Thread] INFO  Engine               -       Ask questions and discuss at: https://github.com/AlmasB/FXGL/discussions
22:12:28.800 [JavaFX Application Thread] INFO  Engine               -              Join the FXGL chat at: https://gitter.im/AlmasB/FXGL
22:12:28.955 [JavaFX Application Thread] DEBUG PrimaryStageWindow   - Creating a JavaFX scene
22:12:28.956 [JavaFX Application Thread] DEBUG PrimaryStageWindow   - Target size > screen size
22:12:29.029 [JavaFX Application Thread] DEBUG PrimaryStageWindow   - Target settings size: 700.0 x 700.0
22:12:29.029 [JavaFX Application Thread] DEBUG PrimaryStageWindow   - Scaled scene size:    655.0 x 680.0
22:12:29.030 [JavaFX Application Thread] DEBUG PrimaryStageWindow   - Scaled ratio: (0.9357142857142857, 0.9714285714285714)
22:12:29.032 [JavaFX Application Thread] DEBUG PrimaryStageWindow   - Set initial scene to FXGLStartupScene
22:12:29.043 [JavaFX Application Thread] DEBUG PrimaryStageWindow   - Opening main window
22:12:29.157 [JavaFX Application Thread] DEBUG PrimaryStageWindow   - Window border size: (15.0, 37.33331298828125)
22:12:29.157 [JavaFX Application Thread] DEBUG PrimaryStageWindow   - Scaled size: 655.0 x 680.0
22:12:29.158 [JavaFX Application Thread] DEBUG PrimaryStageWindow   - Scaled ratio: (0.9357142857142857, 0.9714285714285714)
22:12:29.158 [JavaFX Application Thread] DEBUG PrimaryStageWindow   - Scene size: 655.0 x 680.0
22:12:29.158 [JavaFX Application Thread] DEBUG PrimaryStageWindow   - Stage size: 670.0 x 717.3333129882812
22:12:29.171 [FXGL Background Thread 1 ] DEBUG Engine               - Initializing environment variables
22:12:29.253 [FXGL Background Thread 1 ] DEBUG FXGLAssetLoaderServi - User app class for loading assets: class mangobomb.bombermango.HelloApplication
22:12:29.254 [FXGL Background Thread 1 ] DEBUG GameApplicationServi - Applying CSS: fxgl_dark.css
22:12:29.255 [FXGL Background Thread 1 ] DEBUG FXGLAssetLoaderServi - Loading from file system: jar:file:/C:/Users/Admin/.m2/repository/com/github/almasb/fxgl/17.1/fxgl-17.1.jar!/fxglassets/ui/css/fxgl_dark.css
22:12:29.324 [FXGL Background Thread 1 ] DEBUG GameApplicationServi - Initializing application scenes
22:12:29.419 [FXGL Background Thread 1 ] DEBUG GameWorld            - Game world initialized
22:12:29.504 [FXGL Background Thread 1 ] DEBUG PhysicsWorld         - Physics world initialized: appHeight=700, physics.ppm=50.0
22:12:29.504 [FXGL Background Thread 1 ] DEBUG PhysicsWorld         - Using strategy: BRUTE_FORCE
22:12:29.510 [FXGL Background Thread 1 ] DEBUG GameScene            - Game scene initialized: 700x700
22:12:29.528 [FXGL Background Thread 1 ] WARN  FXGL.DefaultMenu     - FXGLDefaultMenu is not designed for resolutions < 800x600
22:12:29.529 [FXGL Background Thread 1 ] DEBUG FXGL.DefaultMenu     - createMenuBodyGameMenu()
22:12:29.550 [FXGL Background Thread 1 ] DEBUG FXGL.DefaultMenu     - createOptionsMenu()
22:12:29.565 [FXGL Background Thread 1 ] DEBUG FXGLAssetLoaderServi - Loading from file system: jar:file:/C:/Users/Admin/.m2/repository/com/github/almasb/fxgl/17.1/fxgl-17.1.jar!/fxglassets/textures/particles/smoke.png
22:12:29.703 [FXGL Background Thread 1 ] DEBUG FXGLAssetLoaderServi - Loading from file system: jar:file:/C:/Users/Admin/.m2/repository/com/github/almasb/fxgl/17.1/fxgl-17.1.jar!/fxglassets/textures/particles/trace_horizontal.png
22:12:29.737 [FXGL Background Thread 1 ] DEBUG GameApplicationServi - Application scenes initialized
22:12:29.756 [FXGL Background Thread 1 ] DEBUG SystemBundleService  - Loading FXGL system data
22:12:29.764 [FXGL Background Thread 1 ] DEBUG FileSystemAccess     - Reading from: D:\bombermango\system\fxgl.bundle
22:12:29.778 [FXGL Background Thread 1 ] DEBUG SystemBundleService  - Bundle FXGL: {}
22:12:29.778 [FXGL Background Thread 1 ] DEBUG UpdaterService       - Checking for updates
22:12:29.785 [FXGL Background Thread 1 ] DEBUG FXGLApplication      - Loading default localization
22:12:29.786 [FXGL Background Thread 1 ] DEBUG FXGLAssetLoaderServi - Loading from file system: jar:file:/C:/Users/Admin/.m2/repository/com/github/almasb/fxgl/17.1/fxgl-17.1.jar!/fxglassets/languages/english.lang
22:12:29.810 [FXGL Background Thread 1 ] INFO  FXGLApplication      - FXGL initialization took: 0.638 sec
22:12:29.822 [JavaFX Application Thread] DEBUG Input                - Registered new binding: Up 1 - W
22:12:29.822 [JavaFX Application Thread] DEBUG Input                - Registered new binding: Left 1 - A
22:12:29.823 [JavaFX Application Thread] DEBUG Input                - Registered new binding: Down 1 - S
22:12:29.823 [JavaFX Application Thread] DEBUG Input                - Registered new binding: Right 1 - D
22:12:29.823 [JavaFX Application Thread] DEBUG FXGLAssetLoaderServi - Loading from file system: jar:file:/C:/Users/Admin/.m2/repository/com/github/almasb/fxgl/17.1/fxgl-17.1.jar!/fxglassets/textures/fxgl_icon.png
22:12:29.875 [FXGL Background Thread 4 ] DEBUG FXGLApplication      - Loading fonts
22:12:29.878 [FXGL Background Thread 4 ] DEBUG FXGLAssetLoaderServi - Loading from file system: jar:file:/C:/Users/Admin/.m2/repository/com/github/almasb/fxgl/17.1/fxgl-17.1.jar!/fxglassets/ui/fonts/VarelaRound-Regular.ttf
22:12:29.882 [JavaFX Application Thread] DEBUG Input                - Registered new binding: Screenshot - CTRL+8
22:12:29.883 [JavaFX Application Thread] DEBUG Input                - Registered new binding: System info dump - CTRL+9
22:12:29.883 [JavaFX Application Thread] DEBUG Input                - Registered new binding: Restart - CTRL+R
22:12:29.884 [JavaFX Application Thread] DEBUG Input                - Registered new binding: Toggle Debug Camera - CTRL+7
22:12:29.887 [JavaFX Application Thread] DEBUG LoopRunner           - Starting loop
22:12:29.887 [JavaFX Application Thread] DEBUG LoopRunner           - Initializing JavaFX AnimationTimerLoop
22:12:29.889 [JavaFX Application Thread] DEBUG GameApplicationServi - Starting new game
22:12:29.889 [JavaFX Application Thread] DEBUG Input                - Clearing active input actions
22:12:29.900 [JavaFX Application Thread] DEBUG GameApplicationServi - Removing overlay from FXGLStartupScene and adding to FXGLLoadingScene
22:12:29.901 [JavaFX Application Thread] DEBUG PrimaryStageWindow   - FXGLStartupScene -> FXGLLoadingScene
22:12:29.901 [JavaFX Application Thread] DEBUG GameApplicationServi - Clearing previous game
22:12:29.901 [JavaFX Application Thread] DEBUG GameScene            - Clearing game scene
22:12:29.901 [JavaFX Application Thread] DEBUG GameWorld            - Clearing game world
22:12:29.901 [JavaFX Application Thread] DEBUG PhysicsWorld         - Clearing physics world
22:12:29.903 [FXGL Background Thread 1 ] DEBUG FXGLApplication      - Initializing game
22:12:29.921 [FXGL Background Thread 1 ] INFO  FXGLApplication      - Game initialization took: 0.019 sec
22:12:29.972 [JavaFX Application Thread] DEBUG Input                - Clearing active input actions
22:12:29.979 [JavaFX Application Thread] DEBUG GameApplicationServi - Removing overlay from FXGLLoadingScene and adding to GameScene
22:12:29.980 [JavaFX Application Thread] DEBUG PrimaryStageWindow   - FXGLLoadingScene -> GameScene
22:12:30.181 [FXGL Background Thread 4 ] DEBUG FXGLAssetLoaderServi - Loading from file system: jar:file:/C:/Users/Admin/.m2/repository/com/github/almasb/fxgl/17.1/fxgl-17.1.jar!/fxglassets/ui/fonts/Abel-Regular.ttf
22:12:30.185 [FXGL Background Thread 4 ] DEBUG FXGLAssetLoaderServi - Loading from file system: jar:file:/C:/Users/Admin/.m2/repository/com/github/almasb/fxgl/17.1/fxgl-17.1.jar!/fxglassets/ui/fonts/TerminalLandMono-Regular.otf
22:12:30.190 [FXGL Background Thread 4 ] DEBUG FXGLAssetLoaderServi - Loading from file system: jar:file:/C:/Users/Admin/.m2/repository/com/github/almasb/fxgl/17.1/fxgl-17.1.jar!/fxglassets/ui/fonts/Courier-Prime.ttf
22:12:30.217 [JavaFX Application Thread] DEBUG FXGLApplication      - Registering font factories with UI factory
22:12:30.624 [FXGL Background Thread 2 ] INFO  UpdaterService       - Your current version:  17.1
22:12:30.624 [FXGL Background Thread 2 ] INFO  UpdaterService       - Latest stable version: 17.2
22:12:32.786 [FXGL Background Thread 3 ] DEBUG Engine               - Logging environment variables
22:12:32.787 [FXGL Background Thread 3 ] DEBUG Engine               - achievements: []
22:12:32.787 [FXGL Background Thread 3 ] DEBUG Engine               - actualHeight: 680.0
22:12:32.788 [FXGL Background Thread 3 ] DEBUG Engine               - actualHeightProperty: ReadOnlyDoubleProperty [value: 680.0]
22:12:32.788 [FXGL Background Thread 3 ] DEBUG Engine               - actualWidth: 655.0
22:12:32.789 [FXGL Background Thread 3 ] DEBUG Engine               - actualWidthProperty: ReadOnlyDoubleProperty [value: 655.0]
22:12:32.789 [FXGL Background Thread 3 ] DEBUG Engine               - appIcon: fxgl_icon.png
22:12:32.790 [FXGL Background Thread 3 ] DEBUG Engine               - applicationMode: DEVELOPER
22:12:32.790 [FXGL Background Thread 3 ] DEBUG Engine               - cSSList: [fxgl_dark.css]
22:12:32.790 [FXGL Background Thread 3 ] DEBUG Engine               - collisionDetectionStrategy: BRUTE_FORCE
22:12:32.791 [FXGL Background Thread 3 ] DEBUG Engine               - configClass: Optional.empty
22:12:32.791 [FXGL Background Thread 3 ] DEBUG Engine               - credits: []
22:12:32.793 [FXGL Background Thread 3 ] DEBUG Engine               - defaultCursor: CursorInfo(imageName=fxgl_default_cursor.png, hotspotX=7.0, hotspotY=6.0)
22:12:32.794 [FXGL Background Thread 3 ] DEBUG Engine               - devBBoxColorProperty: ObjectProperty [value: 0xff0000ff]
22:12:32.794 [FXGL Background Thread 3 ] DEBUG Engine               - devEnableDebugCameraProperty: BooleanProperty [value: false]
22:12:32.795 [FXGL Background Thread 3 ] DEBUG Engine               - devSensorColorProperty: ObjectProperty [value: 0xffff00ff]
22:12:32.795 [FXGL Background Thread 3 ] DEBUG Engine               - devShowBBoxProperty: BooleanProperty [value: false]
22:12:32.795 [FXGL Background Thread 3 ] DEBUG Engine               - devShowPositionProperty: BooleanProperty [value: false]
22:12:32.795 [FXGL Background Thread 3 ] DEBUG Engine               - enabledMenuItems: []
22:12:32.796 [FXGL Background Thread 3 ] DEBUG Engine               - engineServices: [class com.almasb.fxgl.app.services.FXGLAssetLoaderService, class com.almasb.fxgl.app.FXGLApplication$GameApplicationService, class com.almasb.fxgl.app.services.FXGLDialogService, class com.almasb.fxgl.app.services.IOTaskExecutorService, class com.almasb.fxgl.io.FileSystemService, class com.almasb.fxgl.localization.LocalizationService, class com.almasb.fxgl.app.services.SystemBundleService, class com.almasb.fxgl.profile.SaveLoadService, class com.almasb.fxgl.ui.FXGLUIFactoryServiceProvider, class com.almasb.fxgl.ui.FXGLDialogFactoryServiceProvider, class com.almasb.fxgl.audio.AudioPlayer, class com.almasb.fxgl.notification.impl.NotificationServiceProvider, class com.almasb.fxgl.achievement.AchievementService, class com.almasb.fxgl.cutscene.CutsceneService, class com.almasb.fxgl.minigames.MiniGameService, class com.almasb.fxgl.net.NetService, class com.almasb.fxgl.app.services.UpdaterService, class com.almasb.fxgl.dev.DevService]
22:12:32.796 [FXGL Background Thread 3 ] DEBUG Engine               - fontGame: Abel-Regular.ttf
22:12:32.797 [FXGL Background Thread 3 ] DEBUG Engine               - fontMono: TerminalLandMono-Regular.otf
22:12:32.797 [FXGL Background Thread 3 ] DEBUG Engine               - fontText: Courier-Prime.ttf
22:12:32.797 [FXGL Background Thread 3 ] DEBUG Engine               - fontUI: VarelaRound-Regular.ttf
22:12:32.797 [FXGL Background Thread 3 ] DEBUG Engine               - fullScreen: BooleanProperty [value: false]
22:12:32.798 [FXGL Background Thread 3 ] DEBUG Engine               - gameDifficulty: MEDIUM
22:12:32.798 [FXGL Background Thread 3 ] DEBUG Engine               - gameDifficultyProperty: ObjectProperty [value: MEDIUM]
22:12:32.798 [FXGL Background Thread 3 ] DEBUG Engine               - globalMusicVolume: 0.5
22:12:32.799 [FXGL Background Thread 3 ] DEBUG Engine               - globalMusicVolumeProperty: DoubleProperty [value: 0.5]
22:12:32.799 [FXGL Background Thread 3 ] DEBUG Engine               - globalSoundVolume: 0.5
22:12:32.799 [FXGL Background Thread 3 ] DEBUG Engine               - globalSoundVolumeProperty: DoubleProperty [value: 0.5]
22:12:32.799 [FXGL Background Thread 3 ] DEBUG Engine               - height: 700
22:12:32.800 [FXGL Background Thread 3 ] DEBUG Engine               - is3D: false
22:12:32.800 [FXGL Background Thread 3 ] DEBUG Engine               - isAndroid: false
22:12:32.800 [FXGL Background Thread 3 ] DEBUG Engine               - isBrowser: false
22:12:32.800 [FXGL Background Thread 3 ] DEBUG Engine               - isClickFeedbackEnabled: false
22:12:32.800 [FXGL Background Thread 3 ] DEBUG Engine               - isCloseConfirmation: false
22:12:32.800 [FXGL Background Thread 3 ] DEBUG Engine               - isDesktop: true
22:12:32.800 [FXGL Background Thread 3 ] DEBUG Engine               - isDeveloperMenuEnabled: false
22:12:32.801 [FXGL Background Thread 3 ] DEBUG Engine               - isEmbedded: false
22:12:32.801 [FXGL Background Thread 3 ] DEBUG Engine               - isEntityPreloadEnabled: true
22:12:32.801 [FXGL Background Thread 3 ] DEBUG Engine               - isExperimentalTiledLargeMap: false
22:12:32.801 [FXGL Background Thread 3 ] DEBUG Engine               - isFileSystemWriteAllowed: true
22:12:32.802 [FXGL Background Thread 3 ] DEBUG Engine               - isFullScreenAllowed: false
22:12:32.802 [FXGL Background Thread 3 ] DEBUG Engine               - isFullScreenFromStart: false
22:12:32.802 [FXGL Background Thread 3 ] DEBUG Engine               - isGameMenuEnabled: true
22:12:32.802 [FXGL Background Thread 3 ] DEBUG Engine               - isIOS: false
22:12:32.802 [FXGL Background Thread 3 ] DEBUG Engine               - isIntroEnabled: false
22:12:32.802 [FXGL Background Thread 3 ] DEBUG Engine               - isLinux: false
22:12:32.803 [FXGL Background Thread 3 ] DEBUG Engine               - isMac: false
22:12:32.803 [FXGL Background Thread 3 ] DEBUG Engine               - isMainMenuEnabled: false
22:12:32.803 [FXGL Background Thread 3 ] DEBUG Engine               - isManualResizeEnabled: false
22:12:32.803 [FXGL Background Thread 3 ] DEBUG Engine               - isMobile: false
22:12:32.803 [FXGL Background Thread 3 ] DEBUG Engine               - isNative: false
22:12:32.803 [FXGL Background Thread 3 ] DEBUG Engine               - isPauseMusicWhenMinimized: true
22:12:32.804 [FXGL Background Thread 3 ] DEBUG Engine               - isPreserveResizeRatio: false
22:12:32.804 [FXGL Background Thread 3 ] DEBUG Engine               - isProfilingEnabled: false
22:12:32.804 [FXGL Background Thread 3 ] DEBUG Engine               - isScaleAffectedOnResize: true
22:12:32.804 [FXGL Background Thread 3 ] DEBUG Engine               - isSingleStep: false
22:12:32.804 [FXGL Background Thread 3 ] DEBUG Engine               - isUserProfileEnabled: false
22:12:32.804 [FXGL Background Thread 3 ] DEBUG Engine               - isWindows: true
22:12:32.804 [FXGL Background Thread 3 ] DEBUG Engine               - language: ObjectProperty [value: ENGLISH]
22:12:32.805 [FXGL Background Thread 3 ] DEBUG Engine               - menuKey: ESCAPE
22:12:32.805 [FXGL Background Thread 3 ] DEBUG Engine               - mouseSensitivity: 0.2
22:12:32.805 [FXGL Background Thread 3 ] DEBUG Engine               - notificationViewClass: class com.almasb.fxgl.notification.view.XboxNotificationView
22:12:32.805 [FXGL Background Thread 3 ] DEBUG Engine               - pixelsPerMeter: 50.0
22:12:32.805 [FXGL Background Thread 3 ] DEBUG Engine               - platform: WINDOWS
22:12:32.805 [FXGL Background Thread 3 ] DEBUG Engine               - prefHeightProperty: ReadOnlyDoubleProperty [value: 700.0]
22:12:32.805 [FXGL Background Thread 3 ] DEBUG Engine               - prefWidthProperty: ReadOnlyDoubleProperty [value: 700.0]
22:12:32.805 [FXGL Background Thread 3 ] DEBUG Engine               - profileDir: profiles/
22:12:32.806 [FXGL Background Thread 3 ] DEBUG Engine               - profileName: StringProperty [value: DEFAULT]
22:12:32.806 [FXGL Background Thread 3 ] DEBUG Engine               - randomSeed: -1
22:12:32.806 [FXGL Background Thread 3 ] DEBUG Engine               - runtimeInfo: RuntimeInfo(platform=WINDOWS, version=17.1, build=24.03.2022 17.34)
22:12:32.806 [FXGL Background Thread 3 ] DEBUG Engine               - saveFileExt: sav
22:12:32.806 [FXGL Background Thread 3 ] DEBUG Engine               - scaledHeightProp$fxgl: DoubleProperty [bound, value: 680.0]
22:12:32.807 [FXGL Background Thread 3 ] DEBUG Engine               - scaledWidthProp$fxgl: DoubleProperty [bound, value: 655.0]
22:12:32.807 [FXGL Background Thread 3 ] DEBUG Engine               - sceneFactory: com.almasb.fxgl.app.scene.SceneFactory@1faadc4d
22:12:32.807 [FXGL Background Thread 3 ] DEBUG Engine               - secondsIn24h: 60
22:12:32.807 [FXGL Background Thread 3 ] DEBUG Engine               - soundMenuBack: menu/back.wav
22:12:32.807 [FXGL Background Thread 3 ] DEBUG Engine               - soundMenuPress: menu/press.wav
22:12:32.807 [FXGL Background Thread 3 ] DEBUG Engine               - soundMenuSelect: menu/select.wav
22:12:32.807 [FXGL Background Thread 3 ] DEBUG Engine               - soundNotification: core/notification.wav
22:12:32.807 [FXGL Background Thread 3 ] DEBUG Engine               - stageStyle: DECORATED
22:12:32.807 [FXGL Background Thread 3 ] DEBUG Engine               - supportedLanguages: [ENGLISH, FRENCH, GERMAN, HUNGARIAN, RUSSIAN]
22:12:32.807 [FXGL Background Thread 3 ] DEBUG Engine               - ticksPerSecond: -1
22:12:32.807 [FXGL Background Thread 3 ] DEBUG Engine               - title: Bomberman!
22:12:32.807 [FXGL Background Thread 3 ] DEBUG Engine               - urlGithub: https://github.com/AlmasB/FXGL
22:12:32.808 [FXGL Background Thread 3 ] DEBUG Engine               - urlLeaderboard: http://fxgl-top.herokuapp.com/
22:12:32.808 [FXGL Background Thread 3 ] DEBUG Engine               - urlPOM: https://raw.githubusercontent.com/AlmasB/FXGL/release/README.md
22:12:32.808 [FXGL Background Thread 3 ] DEBUG Engine               - userAppClass: class mangobomb.bombermango.HelloApplication
22:12:32.808 [FXGL Background Thread 3 ] DEBUG Engine               - version: 0.0
22:12:32.808 [FXGL Background Thread 3 ] DEBUG Engine               - versionCheckDays: 7
22:12:32.808 [FXGL Background Thread 3 ] DEBUG Engine               - width: 700
22:12:32.808 [FXGL Background Thread 3 ] DEBUG Engine               - Logging services
22:12:32.808 [FXGL Background Thread 3 ] DEBUG Engine               - class com.almasb.fxgl.app.services.FXGLAssetLoaderService
22:12:32.808 [FXGL Background Thread 3 ] DEBUG Engine               - class com.almasb.fxgl.app.FXGLApplication$GameApplicationService
22:12:32.808 [FXGL Background Thread 3 ] DEBUG Engine               - class com.almasb.fxgl.app.services.FXGLDialogService
22:12:32.808 [FXGL Background Thread 3 ] DEBUG Engine               - class com.almasb.fxgl.app.services.IOTaskExecutorService
22:12:32.808 [FXGL Background Thread 3 ] DEBUG Engine               - class com.almasb.fxgl.io.FileSystemService
22:12:32.808 [FXGL Background Thread 3 ] DEBUG Engine               - class com.almasb.fxgl.localization.LocalizationService
22:12:32.808 [FXGL Background Thread 3 ] DEBUG Engine               - class com.almasb.fxgl.app.services.SystemBundleService
22:12:32.809 [FXGL Background Thread 3 ] DEBUG Engine               - class com.almasb.fxgl.profile.SaveLoadService
22:12:32.809 [FXGL Background Thread 3 ] DEBUG Engine               - class com.almasb.fxgl.ui.FXGLUIFactoryServiceProvider
22:12:32.809 [FXGL Background Thread 3 ] DEBUG Engine               - class com.almasb.fxgl.ui.FXGLDialogFactoryServiceProvider
22:12:32.809 [FXGL Background Thread 3 ] DEBUG Engine               - class com.almasb.fxgl.audio.AudioPlayer
22:12:32.809 [FXGL Background Thread 3 ] DEBUG Engine               - class com.almasb.fxgl.notification.impl.NotificationServiceProvider
22:12:32.809 [FXGL Background Thread 3 ] DEBUG Engine               - class com.almasb.fxgl.achievement.AchievementService
22:12:32.809 [FXGL Background Thread 3 ] DEBUG Engine               - class com.almasb.fxgl.cutscene.CutsceneService
22:12:32.809 [FXGL Background Thread 3 ] DEBUG Engine               - class com.almasb.fxgl.minigames.MiniGameService
22:12:32.809 [FXGL Background Thread 3 ] DEBUG Engine               - class com.almasb.fxgl.net.NetService
22:12:32.809 [FXGL Background Thread 3 ] DEBUG Engine               - class com.almasb.fxgl.app.services.UpdaterService
22:12:32.809 [FXGL Background Thread 3 ] DEBUG Engine               - class com.almasb.fxgl.dev.DevService
22:12:58.713 [JavaFX Application Thread] DEBUG FXGLApplication      - Exiting FXGL
22:12:58.713 [JavaFX Application Thread] DEBUG LoopRunner           - Stopping loop
22:12:58.713 [JavaFX Application Thread] DEBUG SystemBundleService  - Saving FXGL system data
22:12:58.715 [JavaFX Application Thread] DEBUG FileSystemAccess     - Writing to: D:\bombermango\system\fxgl.bundle
22:12:58.717 [JavaFX Application Thread] DEBUG Async                - Shutting down background threads
22:12:58.717 [JavaFX Application Thread] DEBUG PrimaryStageWindow   - Closing main window
22:12:58.733 [JavaFX Application Thread] DEBUG Logger               - Closing Logger
