12:03:42.429 [main                     ] DEBUG Logger               - Configured Logger
12:03:42.472 [main                     ] DEBUG GameApplication      - Logging settings
Title: Bomberman
Version: 0.0
Width: 800
Height: 600
Fullscreen: false
Intro: false
Profiling: false
Single step:false
App Mode: DEVELOPER
Menu Key: ESCAPE
Stage Style: DECORATED
Scene Factory: class com.almasb.fxgl.app.scene.SceneFactory

12:03:43.010 [JavaFX Application Thread] DEBUG FXGLApplication      - Initializing FXGL
12:03:43.019 [JavaFX Application Thread] INFO  Engine               - FXGL-17.1 (24.03.2022 17.34) on WINDOWS (J:18.0.2.1 FX:18.0.1)
12:03:43.020 [JavaFX Application Thread] DEBUG Engine               - JRE Vendor Name: Oracle Corporation
12:03:43.020 [JavaFX Application Thread] DEBUG Engine               - Running on OS: Windows 10 version 10.0
12:03:43.020 [JavaFX Application Thread] DEBUG Engine               - Architecture: amd64
12:03:43.020 [JavaFX Application Thread] INFO  Engine               - Source code and latest versions at: https://github.com/AlmasB/FXGL
12:03:43.020 [JavaFX Application Thread] INFO  Engine               -       Ask questions and discuss at: https://github.com/AlmasB/FXGL/discussions
12:03:43.021 [JavaFX Application Thread] INFO  Engine               -              Join the FXGL chat at: https://gitter.im/AlmasB/FXGL
12:03:43.206 [JavaFX Application Thread] DEBUG PrimaryStageWindow   - Creating a JavaFX scene
12:03:43.280 [JavaFX Application Thread] DEBUG PrimaryStageWindow   - Target settings size: 800.0 x 600.0
12:03:43.280 [JavaFX Application Thread] DEBUG PrimaryStageWindow   - Scaled scene size:    800.0 x 600.0
12:03:43.280 [JavaFX Application Thread] DEBUG PrimaryStageWindow   - Scaled ratio: (1.0, 1.0)
12:03:43.282 [JavaFX Application Thread] DEBUG PrimaryStageWindow   - Set initial scene to FXGLStartupScene
12:03:43.296 [JavaFX Application Thread] DEBUG PrimaryStageWindow   - Opening main window
12:03:43.435 [JavaFX Application Thread] DEBUG PrimaryStageWindow   - Window border size: (14.66668701171875, 37.33331298828125)
12:03:43.436 [JavaFX Application Thread] DEBUG PrimaryStageWindow   - Scaled size: 800.0 x 600.0
12:03:43.436 [JavaFX Application Thread] DEBUG PrimaryStageWindow   - Scaled ratio: (1.0, 1.0)
12:03:43.437 [JavaFX Application Thread] DEBUG PrimaryStageWindow   - Scene size: 800.0 x 600.0
12:03:43.437 [JavaFX Application Thread] DEBUG PrimaryStageWindow   - Stage size: 814.6666870117188 x 637.3333129882812
12:03:43.465 [FXGL Background Thread 1 ] DEBUG Engine               - Initializing environment variables
12:03:43.577 [FXGL Background Thread 1 ] DEBUG FXGLAssetLoaderServi - User app class for loading assets: class mangobomb.bombermango.HelloApplication
12:03:43.577 [FXGL Background Thread 1 ] DEBUG GameApplicationServi - Applying CSS: fxgl_dark.css
12:03:43.578 [FXGL Background Thread 1 ] DEBUG FXGLAssetLoaderServi - Loading from file system: jar:file:/C:/Users/Admin/.m2/repository/com/github/almasb/fxgl/17.1/fxgl-17.1.jar!/fxglassets/ui/css/fxgl_dark.css
12:03:43.668 [FXGL Background Thread 1 ] DEBUG GameApplicationServi - Initializing application scenes
12:03:43.786 [FXGL Background Thread 1 ] DEBUG GameWorld            - Game world initialized
12:03:43.885 [FXGL Background Thread 1 ] DEBUG PhysicsWorld         - Physics world initialized: appHeight=600, physics.ppm=50.0
12:03:43.885 [FXGL Background Thread 1 ] DEBUG PhysicsWorld         - Using strategy: BRUTE_FORCE
12:03:43.894 [FXGL Background Thread 1 ] DEBUG GameScene            - Game scene initialized: 800x600
12:03:43.919 [FXGL Background Thread 1 ] DEBUG FXGL.DefaultMenu     - createMenuBodyMainMenu()
12:03:43.949 [FXGL Background Thread 1 ] DEBUG FXGL.DefaultMenu     - createOptionsMenu()
12:03:43.972 [FXGL Background Thread 1 ] DEBUG FXGLAssetLoaderServi - Loading from file system: jar:file:/C:/Users/Admin/.m2/repository/com/github/almasb/fxgl/17.1/fxgl-17.1.jar!/fxglassets/textures/particles/smoke.png
12:03:44.160 [FXGL Background Thread 1 ] DEBUG FXGLAssetLoaderServi - Loading from file system: jar:file:/C:/Users/Admin/.m2/repository/com/github/almasb/fxgl/17.1/fxgl-17.1.jar!/fxglassets/textures/particles/trace_horizontal.png
12:03:44.235 [FXGL Background Thread 1 ] DEBUG FXGL.DefaultMenu     - createMenuBodyGameMenu()
12:03:44.237 [FXGL Background Thread 1 ] DEBUG FXGL.DefaultMenu     - createOptionsMenu()
12:03:44.260 [FXGL Background Thread 1 ] DEBUG GameApplicationServi - Application scenes initialized
12:03:44.282 [FXGL Background Thread 1 ] DEBUG SystemBundleService  - Loading FXGL system data
12:03:44.313 [FXGL Background Thread 1 ] DEBUG FileSystemAccess     - Reading from: D:\bombermango\system\fxgl.bundle
12:03:44.329 [FXGL Background Thread 1 ] DEBUG SystemBundleService  - Bundle FXGL: {}
12:03:44.329 [FXGL Background Thread 1 ] DEBUG UpdaterService       - Checking for updates
12:03:44.337 [FXGL Background Thread 1 ] DEBUG FXGLApplication      - Loading default localization
12:03:44.339 [FXGL Background Thread 1 ] DEBUG FXGLAssetLoaderServi - Loading from file system: jar:file:/C:/Users/Admin/.m2/repository/com/github/almasb/fxgl/17.1/fxgl-17.1.jar!/fxglassets/languages/english.lang
12:03:44.368 [FXGL Background Thread 1 ] INFO  FXGLApplication      - FXGL initialization took: 0.902 sec
12:03:44.389 [JavaFX Application Thread] DEBUG Input                - Registered new binding: moveUp - W
12:03:44.389 [JavaFX Application Thread] DEBUG Input                - Registered new binding: moveRight - D
12:03:44.389 [JavaFX Application Thread] DEBUG Input                - Registered new binding: moveLeft - A
12:03:44.390 [JavaFX Application Thread] DEBUG Input                - Registered new binding: moveDown - S
12:03:44.390 [JavaFX Application Thread] DEBUG Input                - Registered new binding: implantBomb - F
12:03:44.390 [JavaFX Application Thread] DEBUG FXGLAssetLoaderServi - Loading from file system: jar:file:/C:/Users/Admin/.m2/repository/com/github/almasb/fxgl/17.1/fxgl-17.1.jar!/fxglassets/textures/fxgl_icon.png
12:03:44.406 [FXGL Background Thread 4 ] DEBUG FXGLApplication      - Loading fonts
12:03:44.407 [FXGL Background Thread 4 ] DEBUG FXGLAssetLoaderServi - Loading from file system: jar:file:/C:/Users/Admin/.m2/repository/com/github/almasb/fxgl/17.1/fxgl-17.1.jar!/fxglassets/ui/fonts/VarelaRound-Regular.ttf
12:03:44.438 [JavaFX Application Thread] DEBUG FXGLAssetLoaderServi - Loading from file system: jar:file:/C:/Users/Admin/.m2/repository/com/github/almasb/fxgl/17.1/fxgl-17.1.jar!/fxglassets/textures/fxgl_default_cursor.png
12:03:44.448 [JavaFX Application Thread] DEBUG Input                - Registered new binding: Screenshot - CTRL+8
12:03:44.448 [JavaFX Application Thread] DEBUG Input                - Registered new binding: System info dump - CTRL+9
12:03:44.449 [JavaFX Application Thread] DEBUG Input                - Registered new binding: Restart - CTRL+R
12:03:44.450 [JavaFX Application Thread] DEBUG Input                - Registered new binding: Toggle Debug Camera - CTRL+7
12:03:44.459 [JavaFX Application Thread] DEBUG LoopRunner           - Starting loop
12:03:44.461 [JavaFX Application Thread] DEBUG LoopRunner           - Initializing JavaFX AnimationTimerLoop
12:03:44.465 [JavaFX Application Thread] DEBUG Input                - Clearing active input actions
12:03:44.475 [JavaFX Application Thread] DEBUG GameApplicationServi - Removing overlay from FXGLStartupScene and adding to FXGLMainMenuDummyScene
12:03:44.475 [JavaFX Application Thread] DEBUG PrimaryStageWindow   - FXGLStartupScene -> FXGLMainMenuDummyScene
12:03:44.476 [JavaFX Application Thread] DEBUG PrimaryStageWindow   - Push state: FXGLDefaultMenu
12:03:44.490 [JavaFX Application Thread] DEBUG Input                - Clearing active input actions
12:03:44.504 [JavaFX Application Thread] DEBUG GameApplicationServi - Removing overlay from FXGLMainMenuDummyScene and adding to FXGLDefaultMenu
12:03:44.505 [JavaFX Application Thread] DEBUG PrimaryStageWindow   - FXGLMainMenuDummyScene -> FXGLDefaultMenu
12:03:44.830 [FXGL Background Thread 4 ] DEBUG FXGLAssetLoaderServi - Loading from file system: jar:file:/C:/Users/Admin/.m2/repository/com/github/almasb/fxgl/17.1/fxgl-17.1.jar!/fxglassets/ui/fonts/Abel-Regular.ttf
12:03:44.848 [FXGL Background Thread 4 ] DEBUG FXGLAssetLoaderServi - Loading from file system: jar:file:/C:/Users/Admin/.m2/repository/com/github/almasb/fxgl/17.1/fxgl-17.1.jar!/fxglassets/ui/fonts/TerminalLandMono-Regular.otf
12:03:44.854 [FXGL Background Thread 4 ] DEBUG FXGLAssetLoaderServi - Loading from file system: jar:file:/C:/Users/Admin/.m2/repository/com/github/almasb/fxgl/17.1/fxgl-17.1.jar!/fxglassets/ui/fonts/Courier-Prime.ttf
12:03:44.951 [JavaFX Application Thread] DEBUG FXGLApplication      - Registering font factories with UI factory
12:03:45.750 [FXGL Background Thread 2 ] INFO  UpdaterService       - Your current version:  17.1
12:03:45.750 [FXGL Background Thread 2 ] INFO  UpdaterService       - Latest stable version: 17.2
12:03:46.917 [JavaFX Application Thread] DEBUG Menu                 - fireNewGame()
12:03:46.918 [JavaFX Application Thread] DEBUG GameApplicationServi - Starting new game
12:03:46.920 [JavaFX Application Thread] DEBUG PrimaryStageWindow   - Pop state: FXGLDefaultMenu
12:03:46.921 [JavaFX Application Thread] DEBUG Input                - Clearing active input actions
12:03:46.922 [JavaFX Application Thread] DEBUG GameApplicationServi - Removing overlay from FXGLDefaultMenu and adding to FXGLMainMenuDummyScene
12:03:46.922 [JavaFX Application Thread] DEBUG PrimaryStageWindow   - FXGLMainMenuDummyScene <- FXGLDefaultMenu
12:03:46.923 [JavaFX Application Thread] DEBUG Input                - Clearing active input actions
12:03:46.946 [JavaFX Application Thread] DEBUG GameApplicationServi - Removing overlay from FXGLMainMenuDummyScene and adding to FXGLLoadingScene
12:03:46.947 [JavaFX Application Thread] DEBUG PrimaryStageWindow   - FXGLMainMenuDummyScene -> FXGLLoadingScene
12:03:46.947 [JavaFX Application Thread] DEBUG GameApplicationServi - Clearing previous game
12:03:46.947 [JavaFX Application Thread] DEBUG GameScene            - Clearing game scene
12:03:46.947 [JavaFX Application Thread] DEBUG GameWorld            - Clearing game world
12:03:46.947 [JavaFX Application Thread] DEBUG PhysicsWorld         - Clearing physics world
12:03:46.949 [FXGL Background Thread 2 ] DEBUG FXGLApplication      - Initializing game
12:03:46.982 [FXGL Background Thread 2 ] DEBUG FXGLAssetLoaderServi - Loading from file system: file:/D:/bombermango/target/classes/assets/textures/sprites/wall.png
12:03:47.015 [FXGL Background Thread 2 ] DEBUG FXGLAssetLoaderServi - Loading from file system: file:/D:/bombermango/target/classes/assets/textures/sprites/brick.png
12:03:47.052 [FXGL Background Thread 2 ] DEBUG FXGLAssetLoaderServi - Loading from file system: file:/D:/bombermango/target/classes/assets/textures/sprites/portal.png
12:03:47.114 [FXGL Background Thread 2 ] DEBUG GameWorld            - Clearing removable entities
12:03:47.115 [FXGL Background Thread 2 ] DEBUG GameWorld            - Setting level: com.almasb.fxgl.entity.level.Level@7c06e072
12:03:47.201 [JavaFX Application Thread] DEBUG LoopRunner           - Stopping loop
12:03:47.204 [JavaFX Application Thread] FATAL FXGLApplication      - Uncaught Exception:
java.lang.RuntimeException: Initialization failed
	at com.almasb.fxgl.app.FXGLApplication$InitAppTask.failed(FXGLApplication.kt:343)
	at javafx.concurrent.Task.setState(Task.java:710)
	at javafx.concurrent.Task$TaskCallable.lambda$call$2(Task.java:1456)
	at com.sun.javafx.application.PlatformImpl.lambda$runLater$10(PlatformImpl.java:457)
	at java.base/java.security.AccessController.doPrivileged(AccessController.java:399)
	at com.sun.javafx.application.PlatformImpl.lambda$runLater$11(PlatformImpl.java:456)
	at com.sun.glass.ui.InvokeLaterDispatcher$Future.run(InvokeLaterDispatcher.java:96)
	at com.sun.glass.ui.win.WinApplication._runLoop(Native Method)
	at com.sun.glass.ui.win.WinApplication.lambda$runLoop$3(WinApplication.java:184)
	at java.base/java.lang.Thread.run(Thread.java:833)
Caused by: java.lang.IllegalArgumentException: Component Portal not found!
	at com.almasb.fxgl.entity.Entity.getComponent(Entity.java:366)
	at mangobomb.bombermango.HelloApplication.initGame(HelloApplication.java:73)
	at com.almasb.fxgl.app.FXGLApplication$InitAppTask.initGame(FXGLApplication.kt:339)
	at com.almasb.fxgl.app.FXGLApplication$InitAppTask.call(FXGLApplication.kt:319)
	at com.almasb.fxgl.app.FXGLApplication$InitAppTask.call(FXGLApplication.kt:311)
	at javafx.concurrent.Task$TaskCallable.call(Task.java:1426)
	at java.base/java.util.concurrent.FutureTask.run(FutureTask.java:264)
	at java.base/java.util.concurrent.Executors$RunnableAdapter.call(Executors.java:539)
	at java.base/java.util.concurrent.FutureTask.run(FutureTask.java:264)
	at java.base/java.util.concurrent.ThreadPoolExecutor.runWorker(ThreadPoolExecutor.java:1136)
	at java.base/java.util.concurrent.ThreadPoolExecutor$Worker.run(ThreadPoolExecutor.java:635)
	... 1 more

12:03:47.204 [JavaFX Application Thread] FATAL FXGLApplication      - Application will now exit
12:03:47.232 [JavaFX Application Thread] DEBUG PrimaryStageWindow   - Push state: ErrorSubScene
12:03:47.233 [JavaFX Application Thread] DEBUG Input                - Clearing active input actions
12:03:47.236 [JavaFX Application Thread] DEBUG GameApplicationServi - Removing overlay from FXGLLoadingScene and adding to ErrorSubScene
12:03:47.236 [JavaFX Application Thread] DEBUG PrimaryStageWindow   - FXGLLoadingScene -> ErrorSubScene
12:03:47.337 [FXGL Background Thread 3 ] DEBUG Engine               - Logging environment variables
12:03:47.338 [FXGL Background Thread 3 ] DEBUG Engine               - achievements: []
12:03:47.339 [FXGL Background Thread 3 ] DEBUG Engine               - actualHeight: 600.0
12:03:47.339 [FXGL Background Thread 3 ] DEBUG Engine               - actualHeightProperty: ReadOnlyDoubleProperty [value: 600.0]
12:03:47.339 [FXGL Background Thread 3 ] DEBUG Engine               - actualWidth: 800.0
12:03:47.339 [FXGL Background Thread 3 ] DEBUG Engine               - actualWidthProperty: ReadOnlyDoubleProperty [value: 800.0]
12:03:47.339 [FXGL Background Thread 3 ] DEBUG Engine               - appIcon: fxgl_icon.png
12:03:47.339 [FXGL Background Thread 3 ] DEBUG Engine               - applicationMode: DEVELOPER
12:03:47.339 [FXGL Background Thread 3 ] DEBUG Engine               - cSSList: [fxgl_dark.css]
12:03:47.339 [FXGL Background Thread 3 ] DEBUG Engine               - collisionDetectionStrategy: BRUTE_FORCE
12:03:47.339 [FXGL Background Thread 3 ] DEBUG Engine               - configClass: Optional.empty
12:03:47.340 [FXGL Background Thread 3 ] DEBUG Engine               - credits: []
12:03:47.340 [FXGL Background Thread 3 ] DEBUG Engine               - defaultCursor: CursorInfo(imageName=fxgl_default_cursor.png, hotspotX=7.0, hotspotY=6.0)
12:03:47.340 [FXGL Background Thread 3 ] DEBUG Engine               - devBBoxColorProperty: ObjectProperty [value: 0xff0000ff]
12:03:47.341 [FXGL Background Thread 3 ] DEBUG Engine               - devEnableDebugCameraProperty: BooleanProperty [value: false]
12:03:47.341 [FXGL Background Thread 3 ] DEBUG Engine               - devSensorColorProperty: ObjectProperty [value: 0xffff00ff]
12:03:47.341 [FXGL Background Thread 3 ] DEBUG Engine               - devShowBBoxProperty: BooleanProperty [value: false]
12:03:47.341 [FXGL Background Thread 3 ] DEBUG Engine               - devShowPositionProperty: BooleanProperty [value: false]
12:03:47.341 [FXGL Background Thread 3 ] DEBUG Engine               - enabledMenuItems: []
12:03:47.341 [FXGL Background Thread 3 ] DEBUG Engine               - engineServices: [class com.almasb.fxgl.app.services.FXGLAssetLoaderService, class com.almasb.fxgl.app.FXGLApplication$GameApplicationService, class com.almasb.fxgl.app.services.FXGLDialogService, class com.almasb.fxgl.app.services.IOTaskExecutorService, class com.almasb.fxgl.io.FileSystemService, class com.almasb.fxgl.localization.LocalizationService, class com.almasb.fxgl.app.services.SystemBundleService, class com.almasb.fxgl.profile.SaveLoadService, class com.almasb.fxgl.ui.FXGLUIFactoryServiceProvider, class com.almasb.fxgl.ui.FXGLDialogFactoryServiceProvider, class com.almasb.fxgl.audio.AudioPlayer, class com.almasb.fxgl.notification.impl.NotificationServiceProvider, class com.almasb.fxgl.achievement.AchievementService, class com.almasb.fxgl.cutscene.CutsceneService, class com.almasb.fxgl.minigames.MiniGameService, class com.almasb.fxgl.net.NetService, class com.almasb.fxgl.app.services.UpdaterService, class com.almasb.fxgl.dev.DevService]
12:03:47.341 [FXGL Background Thread 3 ] DEBUG Engine               - fontGame: Abel-Regular.ttf
12:03:47.341 [FXGL Background Thread 3 ] DEBUG Engine               - fontMono: TerminalLandMono-Regular.otf
12:03:47.341 [FXGL Background Thread 3 ] DEBUG Engine               - fontText: Courier-Prime.ttf
12:03:47.342 [FXGL Background Thread 3 ] DEBUG Engine               - fontUI: VarelaRound-Regular.ttf
12:03:47.342 [FXGL Background Thread 3 ] DEBUG Engine               - fullScreen: BooleanProperty [value: false]
12:03:47.343 [FXGL Background Thread 3 ] DEBUG Engine               - gameDifficulty: MEDIUM
12:03:47.343 [FXGL Background Thread 3 ] DEBUG Engine               - gameDifficultyProperty: ObjectProperty [value: MEDIUM]
12:03:47.343 [FXGL Background Thread 3 ] DEBUG Engine               - globalMusicVolume: 0.5
12:03:47.343 [FXGL Background Thread 3 ] DEBUG Engine               - globalMusicVolumeProperty: DoubleProperty [value: 0.5]
12:03:47.343 [FXGL Background Thread 3 ] DEBUG Engine               - globalSoundVolume: 0.5
12:03:47.343 [FXGL Background Thread 3 ] DEBUG Engine               - globalSoundVolumeProperty: DoubleProperty [value: 0.5]
12:03:47.343 [FXGL Background Thread 3 ] DEBUG Engine               - height: 600
12:03:47.343 [FXGL Background Thread 3 ] DEBUG Engine               - is3D: false
12:03:47.343 [FXGL Background Thread 3 ] DEBUG Engine               - isAndroid: false
12:03:47.344 [FXGL Background Thread 3 ] DEBUG Engine               - isBrowser: false
12:03:47.344 [FXGL Background Thread 3 ] DEBUG Engine               - isClickFeedbackEnabled: false
12:03:47.344 [FXGL Background Thread 3 ] DEBUG Engine               - isCloseConfirmation: false
12:03:47.344 [FXGL Background Thread 3 ] DEBUG Engine               - isDesktop: true
12:03:47.344 [FXGL Background Thread 3 ] DEBUG Engine               - isDeveloperMenuEnabled: false
12:03:47.344 [FXGL Background Thread 3 ] DEBUG Engine               - isEmbedded: false
12:03:47.344 [FXGL Background Thread 3 ] DEBUG Engine               - isEntityPreloadEnabled: true
12:03:47.344 [FXGL Background Thread 3 ] DEBUG Engine               - isExperimentalTiledLargeMap: false
12:03:47.344 [FXGL Background Thread 3 ] DEBUG Engine               - isFileSystemWriteAllowed: true
12:03:47.344 [FXGL Background Thread 3 ] DEBUG Engine               - isFullScreenAllowed: false
12:03:47.344 [FXGL Background Thread 3 ] DEBUG Engine               - isFullScreenFromStart: false
12:03:47.344 [FXGL Background Thread 3 ] DEBUG Engine               - isGameMenuEnabled: true
12:03:47.344 [FXGL Background Thread 3 ] DEBUG Engine               - isIOS: false
12:03:47.345 [FXGL Background Thread 3 ] DEBUG Engine               - isIntroEnabled: false
12:03:47.345 [FXGL Background Thread 3 ] DEBUG Engine               - isLinux: false
12:03:47.345 [FXGL Background Thread 3 ] DEBUG Engine               - isMac: false
12:03:47.345 [FXGL Background Thread 3 ] DEBUG Engine               - isMainMenuEnabled: true
12:03:47.345 [FXGL Background Thread 3 ] DEBUG Engine               - isManualResizeEnabled: false
12:03:47.345 [FXGL Background Thread 3 ] DEBUG Engine               - isMobile: false
12:03:47.345 [FXGL Background Thread 3 ] DEBUG Engine               - isNative: false
12:03:47.345 [FXGL Background Thread 3 ] DEBUG Engine               - isPauseMusicWhenMinimized: true
12:03:47.345 [FXGL Background Thread 3 ] DEBUG Engine               - isPreserveResizeRatio: false
12:03:47.345 [FXGL Background Thread 3 ] DEBUG Engine               - isProfilingEnabled: false
12:03:47.345 [FXGL Background Thread 3 ] DEBUG Engine               - isScaleAffectedOnResize: true
12:03:47.345 [FXGL Background Thread 3 ] DEBUG Engine               - isSingleStep: false
12:03:47.345 [FXGL Background Thread 3 ] DEBUG Engine               - isUserProfileEnabled: false
12:03:47.345 [FXGL Background Thread 3 ] DEBUG Engine               - isWindows: true
12:03:47.346 [FXGL Background Thread 3 ] DEBUG Engine               - language: ObjectProperty [value: ENGLISH]
12:03:47.346 [FXGL Background Thread 3 ] DEBUG Engine               - menuKey: ESCAPE
12:03:47.346 [FXGL Background Thread 3 ] DEBUG Engine               - mouseSensitivity: 0.2
12:03:47.346 [FXGL Background Thread 3 ] DEBUG Engine               - notificationViewClass: class com.almasb.fxgl.notification.view.XboxNotificationView
12:03:47.346 [FXGL Background Thread 3 ] DEBUG Engine               - pixelsPerMeter: 50.0
12:03:47.346 [FXGL Background Thread 3 ] DEBUG Engine               - platform: WINDOWS
12:03:47.346 [FXGL Background Thread 3 ] DEBUG Engine               - prefHeightProperty: ReadOnlyDoubleProperty [value: 600.0]
12:03:47.346 [FXGL Background Thread 3 ] DEBUG Engine               - prefWidthProperty: ReadOnlyDoubleProperty [value: 800.0]
12:03:47.346 [FXGL Background Thread 3 ] DEBUG Engine               - profileDir: profiles/
12:03:47.346 [FXGL Background Thread 3 ] DEBUG Engine               - profileName: StringProperty [value: DEFAULT]
12:03:47.346 [FXGL Background Thread 3 ] DEBUG Engine               - randomSeed: -1
12:03:47.347 [FXGL Background Thread 3 ] DEBUG Engine               - runtimeInfo: RuntimeInfo(platform=WINDOWS, version=17.1, build=24.03.2022 17.34)
12:03:47.347 [FXGL Background Thread 3 ] DEBUG Engine               - saveFileExt: sav
12:03:47.347 [FXGL Background Thread 3 ] DEBUG Engine               - scaledHeightProp$fxgl: DoubleProperty [bound, value: 600.0]
12:03:47.347 [FXGL Background Thread 3 ] DEBUG Engine               - scaledWidthProp$fxgl: DoubleProperty [bound, value: 800.0]
12:03:47.347 [FXGL Background Thread 3 ] DEBUG Engine               - sceneFactory: com.almasb.fxgl.app.scene.SceneFactory@7ed0e7d1
12:03:47.347 [FXGL Background Thread 3 ] DEBUG Engine               - secondsIn24h: 60
12:03:47.347 [FXGL Background Thread 3 ] DEBUG Engine               - soundMenuBack: menu/back.wav
12:03:47.347 [FXGL Background Thread 3 ] DEBUG Engine               - soundMenuPress: menu/press.wav
12:03:47.347 [FXGL Background Thread 3 ] DEBUG Engine               - soundMenuSelect: menu/select.wav
12:03:47.347 [FXGL Background Thread 3 ] DEBUG Engine               - soundNotification: core/notification.wav
12:03:47.347 [FXGL Background Thread 3 ] DEBUG Engine               - stageStyle: DECORATED
12:03:47.347 [FXGL Background Thread 3 ] DEBUG Engine               - supportedLanguages: [ENGLISH, FRENCH, GERMAN, HUNGARIAN, RUSSIAN]
12:03:47.348 [FXGL Background Thread 3 ] DEBUG Engine               - ticksPerSecond: -1
12:03:47.348 [FXGL Background Thread 3 ] DEBUG Engine               - title: Bomberman
12:03:47.348 [FXGL Background Thread 3 ] DEBUG Engine               - urlGithub: https://github.com/AlmasB/FXGL
12:03:47.348 [FXGL Background Thread 3 ] DEBUG Engine               - urlLeaderboard: http://fxgl-top.herokuapp.com/
12:03:47.348 [FXGL Background Thread 3 ] DEBUG Engine               - urlPOM: https://raw.githubusercontent.com/AlmasB/FXGL/release/README.md
12:03:47.348 [FXGL Background Thread 3 ] DEBUG Engine               - userAppClass: class mangobomb.bombermango.HelloApplication
12:03:47.348 [FXGL Background Thread 3 ] DEBUG Engine               - version: 0.0
12:03:47.348 [FXGL Background Thread 3 ] DEBUG Engine               - versionCheckDays: 7
12:03:47.348 [FXGL Background Thread 3 ] DEBUG Engine               - width: 800
12:03:47.348 [FXGL Background Thread 3 ] DEBUG Engine               - Logging services
12:03:47.348 [FXGL Background Thread 3 ] DEBUG Engine               - class com.almasb.fxgl.app.services.FXGLAssetLoaderService
12:03:47.348 [FXGL Background Thread 3 ] DEBUG Engine               - class com.almasb.fxgl.app.FXGLApplication$GameApplicationService
12:03:47.348 [FXGL Background Thread 3 ] DEBUG Engine               - class com.almasb.fxgl.app.services.FXGLDialogService
12:03:47.348 [FXGL Background Thread 3 ] DEBUG Engine               - class com.almasb.fxgl.app.services.IOTaskExecutorService
12:03:47.348 [FXGL Background Thread 3 ] DEBUG Engine               - class com.almasb.fxgl.io.FileSystemService
12:03:47.349 [FXGL Background Thread 3 ] DEBUG Engine               - class com.almasb.fxgl.localization.LocalizationService
12:03:47.349 [FXGL Background Thread 3 ] DEBUG Engine               - class com.almasb.fxgl.app.services.SystemBundleService
12:03:47.349 [FXGL Background Thread 3 ] DEBUG Engine               - class com.almasb.fxgl.profile.SaveLoadService
12:03:47.349 [FXGL Background Thread 3 ] DEBUG Engine               - class com.almasb.fxgl.ui.FXGLUIFactoryServiceProvider
12:03:47.349 [FXGL Background Thread 3 ] DEBUG Engine               - class com.almasb.fxgl.ui.FXGLDialogFactoryServiceProvider
12:03:47.349 [FXGL Background Thread 3 ] DEBUG Engine               - class com.almasb.fxgl.audio.AudioPlayer
12:03:47.349 [FXGL Background Thread 3 ] DEBUG Engine               - class com.almasb.fxgl.notification.impl.NotificationServiceProvider
12:03:47.349 [FXGL Background Thread 3 ] DEBUG Engine               - class com.almasb.fxgl.achievement.AchievementService
12:03:47.349 [FXGL Background Thread 3 ] DEBUG Engine               - class com.almasb.fxgl.cutscene.CutsceneService
12:03:47.349 [FXGL Background Thread 3 ] DEBUG Engine               - class com.almasb.fxgl.minigames.MiniGameService
12:03:47.349 [FXGL Background Thread 3 ] DEBUG Engine               - class com.almasb.fxgl.net.NetService
12:03:47.349 [FXGL Background Thread 3 ] DEBUG Engine               - class com.almasb.fxgl.app.services.UpdaterService
12:03:47.349 [FXGL Background Thread 3 ] DEBUG Engine               - class com.almasb.fxgl.dev.DevService
12:03:48.456 [JavaFX Application Thread] DEBUG FXGLApplication      - Exiting FXGL
12:03:48.457 [JavaFX Application Thread] DEBUG Async                - Shutting down background threads
12:03:48.457 [JavaFX Application Thread] DEBUG PrimaryStageWindow   - Closing main window
12:03:48.478 [JavaFX Application Thread] DEBUG Logger               - Closing Logger
