21:17:33.617 [main                     ] DEBUG Logger               - Configured Logger
21:17:33.730 [main                     ] DEBUG GameApplication      - Logging settings
Title: Untitled
Version: 0.0
Width: 700
Height: 700
Fullscreen: false
Intro: false
Profiling: false
Single step:false
App Mode: DEVELOPER
Menu Key: ESCAPE
Stage Style: DECORATED
Scene Factory: class com.almasb.fxgl.app.scene.SceneFactory

21:17:34.424 [JavaFX Application Thread] DEBUG FXGLApplication      - Initializing FXGL
21:17:34.441 [JavaFX Application Thread] INFO  Engine               - FXGL-17.1 (24.03.2022 17.34) on WINDOWS (J:18.0.2.1 FX:18.0.1)
21:17:34.442 [JavaFX Application Thread] DEBUG Engine               - JRE Vendor Name: Oracle Corporation
21:17:34.445 [JavaFX Application Thread] DEBUG Engine               - Running on OS: Windows 10 version 10.0
21:17:34.445 [JavaFX Application Thread] DEBUG Engine               - Architecture: amd64
21:17:34.446 [JavaFX Application Thread] INFO  Engine               - Source code and latest versions at: https://github.com/AlmasB/FXGL
21:17:34.446 [JavaFX Application Thread] INFO  Engine               -       Ask questions and discuss at: https://github.com/AlmasB/FXGL/discussions
21:17:34.446 [JavaFX Application Thread] INFO  Engine               -              Join the FXGL chat at: https://gitter.im/AlmasB/FXGL
21:17:34.680 [JavaFX Application Thread] DEBUG PrimaryStageWindow   - Creating a JavaFX scene
21:17:34.681 [JavaFX Application Thread] DEBUG PrimaryStageWindow   - Target size > screen size
21:17:34.781 [JavaFX Application Thread] DEBUG PrimaryStageWindow   - Target settings size: 700.0 x 700.0
21:17:34.781 [JavaFX Application Thread] DEBUG PrimaryStageWindow   - Scaled scene size:    655.0 x 680.0
21:17:34.782 [JavaFX Application Thread] DEBUG PrimaryStageWindow   - Scaled ratio: (0.9357142857142857, 0.9714285714285714)
21:17:34.785 [JavaFX Application Thread] DEBUG PrimaryStageWindow   - Set initial scene to FXGLStartupScene
21:17:34.799 [JavaFX Application Thread] DEBUG PrimaryStageWindow   - Opening main window
21:17:34.964 [JavaFX Application Thread] DEBUG PrimaryStageWindow   - Window border size: (15.0, 37.33331298828125)
21:17:34.964 [JavaFX Application Thread] DEBUG PrimaryStageWindow   - Scaled size: 655.0 x 680.0
21:17:34.964 [JavaFX Application Thread] DEBUG PrimaryStageWindow   - Scaled ratio: (0.9357142857142857, 0.9714285714285714)
21:17:34.964 [JavaFX Application Thread] DEBUG PrimaryStageWindow   - Scene size: 655.0 x 680.0
21:17:34.965 [JavaFX Application Thread] DEBUG PrimaryStageWindow   - Stage size: 670.0 x 717.3333129882812
21:17:34.984 [FXGL Background Thread 1 ] DEBUG Engine               - Initializing environment variables
21:17:35.138 [FXGL Background Thread 1 ] DEBUG FXGLAssetLoaderServi - User app class for loading assets: class mangobomb.bombermango.HelloApplication
21:17:35.138 [FXGL Background Thread 1 ] DEBUG GameApplicationServi - Applying CSS: fxgl_dark.css
21:17:35.140 [FXGL Background Thread 1 ] DEBUG FXGLAssetLoaderServi - Loading from file system: jar:file:/C:/Users/Admin/.m2/repository/com/github/almasb/fxgl/17.1/fxgl-17.1.jar!/fxglassets/ui/css/fxgl_dark.css
21:17:35.270 [FXGL Background Thread 1 ] DEBUG GameApplicationServi - Initializing application scenes
21:17:35.480 [FXGL Background Thread 1 ] DEBUG GameWorld            - Game world initialized
21:17:35.631 [FXGL Background Thread 1 ] DEBUG PhysicsWorld         - Physics world initialized: appHeight=700, physics.ppm=50.0
21:17:35.632 [FXGL Background Thread 1 ] DEBUG PhysicsWorld         - Using strategy: BRUTE_FORCE
21:17:35.639 [FXGL Background Thread 1 ] DEBUG GameScene            - Game scene initialized: 700x700
21:17:35.661 [FXGL Background Thread 1 ] WARN  FXGL.DefaultMenu     - FXGLDefaultMenu is not designed for resolutions < 800x600
21:17:35.662 [FXGL Background Thread 1 ] DEBUG FXGL.DefaultMenu     - createMenuBodyGameMenu()
21:17:35.723 [FXGL Background Thread 1 ] DEBUG FXGL.DefaultMenu     - createOptionsMenu()
21:17:35.761 [FXGL Background Thread 1 ] DEBUG FXGLAssetLoaderServi - Loading from file system: jar:file:/C:/Users/Admin/.m2/repository/com/github/almasb/fxgl/17.1/fxgl-17.1.jar!/fxglassets/textures/particles/smoke.png
21:17:36.002 [FXGL Background Thread 1 ] DEBUG FXGLAssetLoaderServi - Loading from file system: jar:file:/C:/Users/Admin/.m2/repository/com/github/almasb/fxgl/17.1/fxgl-17.1.jar!/fxglassets/textures/particles/trace_horizontal.png
21:17:36.070 [FXGL Background Thread 1 ] DEBUG GameApplicationServi - Application scenes initialized
21:17:36.090 [FXGL Background Thread 1 ] DEBUG SystemBundleService  - Loading FXGL system data
21:17:36.096 [FXGL Background Thread 1 ] DEBUG FileSystemAccess     - Reading from: D:\bombermango\system\fxgl.bundle
21:17:36.109 [FXGL Background Thread 1 ] DEBUG SystemBundleService  - Bundle FXGL: {}
21:17:36.110 [FXGL Background Thread 1 ] DEBUG UpdaterService       - Checking for updates
21:17:36.118 [FXGL Background Thread 1 ] DEBUG FXGLApplication      - Loading default localization
21:17:36.119 [FXGL Background Thread 1 ] DEBUG FXGLAssetLoaderServi - Loading from file system: jar:file:/C:/Users/Admin/.m2/repository/com/github/almasb/fxgl/17.1/fxgl-17.1.jar!/fxglassets/languages/english.lang
21:17:36.122 [FXGL Background Thread 4 ] DEBUG FXGLApplication      - Loading fonts
21:17:36.123 [FXGL Background Thread 4 ] DEBUG FXGLAssetLoaderServi - Loading from file system: jar:file:/C:/Users/Admin/.m2/repository/com/github/almasb/fxgl/17.1/fxgl-17.1.jar!/fxglassets/ui/fonts/VarelaRound-Regular.ttf
21:17:36.165 [FXGL Background Thread 1 ] INFO  FXGLApplication      - FXGL initialization took: 1.181 sec
21:17:36.169 [JavaFX Application Thread] DEBUG FXGLAssetLoaderServi - Loading from file system: jar:file:/C:/Users/Admin/.m2/repository/com/github/almasb/fxgl/17.1/fxgl-17.1.jar!/fxglassets/textures/fxgl_icon.png
21:17:36.214 [JavaFX Application Thread] DEBUG FXGLAssetLoaderServi - Loading from file system: jar:file:/C:/Users/Admin/.m2/repository/com/github/almasb/fxgl/17.1/fxgl-17.1.jar!/fxglassets/textures/fxgl_default_cursor.png
21:17:36.247 [JavaFX Application Thread] DEBUG Input                - Registered new binding: Screenshot - CTRL+8
21:17:36.249 [JavaFX Application Thread] DEBUG Input                - Registered new binding: System info dump - CTRL+9
21:17:36.250 [JavaFX Application Thread] DEBUG Input                - Registered new binding: Restart - CTRL+R
21:17:36.253 [JavaFX Application Thread] DEBUG Input                - Registered new binding: Toggle Debug Camera - CTRL+7
21:17:36.259 [JavaFX Application Thread] DEBUG LoopRunner           - Starting loop
21:17:36.259 [JavaFX Application Thread] DEBUG LoopRunner           - Initializing JavaFX AnimationTimerLoop
21:17:36.261 [JavaFX Application Thread] DEBUG GameApplicationServi - Starting new game
21:17:36.262 [JavaFX Application Thread] DEBUG Input                - Clearing active input actions
21:17:36.279 [JavaFX Application Thread] DEBUG GameApplicationServi - Removing overlay from FXGLStartupScene and adding to FXGLLoadingScene
21:17:36.279 [JavaFX Application Thread] DEBUG PrimaryStageWindow   - FXGLStartupScene -> FXGLLoadingScene
21:17:36.280 [JavaFX Application Thread] DEBUG GameApplicationServi - Clearing previous game
21:17:36.280 [JavaFX Application Thread] DEBUG GameScene            - Clearing game scene
21:17:36.280 [JavaFX Application Thread] DEBUG GameWorld            - Clearing game world
21:17:36.280 [JavaFX Application Thread] DEBUG PhysicsWorld         - Clearing physics world
21:17:36.284 [FXGL Background Thread 1 ] DEBUG FXGLApplication      - Initializing game
21:17:36.333 [FXGL Background Thread 1 ] INFO  FXGLApplication      - Game initialization took: 0.048 sec
21:17:36.369 [JavaFX Application Thread] DEBUG Input                - Clearing active input actions
21:17:36.378 [JavaFX Application Thread] DEBUG GameApplicationServi - Removing overlay from FXGLLoadingScene and adding to GameScene
21:17:36.378 [JavaFX Application Thread] DEBUG PrimaryStageWindow   - FXGLLoadingScene -> GameScene
21:17:36.486 [FXGL Background Thread 4 ] DEBUG FXGLAssetLoaderServi - Loading from file system: jar:file:/C:/Users/Admin/.m2/repository/com/github/almasb/fxgl/17.1/fxgl-17.1.jar!/fxglassets/ui/fonts/Abel-Regular.ttf
21:17:36.580 [FXGL Background Thread 4 ] DEBUG FXGLAssetLoaderServi - Loading from file system: jar:file:/C:/Users/Admin/.m2/repository/com/github/almasb/fxgl/17.1/fxgl-17.1.jar!/fxglassets/ui/fonts/TerminalLandMono-Regular.otf
21:17:36.615 [FXGL Background Thread 4 ] DEBUG FXGLAssetLoaderServi - Loading from file system: jar:file:/C:/Users/Admin/.m2/repository/com/github/almasb/fxgl/17.1/fxgl-17.1.jar!/fxglassets/ui/fonts/Courier-Prime.ttf
21:17:36.665 [JavaFX Application Thread] DEBUG FXGLApplication      - Registering font factories with UI factory
21:17:37.285 [FXGL Background Thread 2 ] INFO  UpdaterService       - Your current version:  17.1
21:17:37.285 [FXGL Background Thread 2 ] INFO  UpdaterService       - Latest stable version: 17.2
21:17:37.776 [JavaFX Application Thread] DEBUG FXGLApplication      - Exiting FXGL
21:17:37.776 [JavaFX Application Thread] DEBUG LoopRunner           - Stopping loop
21:17:37.776 [JavaFX Application Thread] DEBUG SystemBundleService  - Saving FXGL system data
21:17:37.778 [JavaFX Application Thread] DEBUG FileSystemAccess     - Writing to: D:\bombermango\system\fxgl.bundle
21:17:37.781 [JavaFX Application Thread] DEBUG Async                - Shutting down background threads
21:17:37.781 [JavaFX Application Thread] DEBUG PrimaryStageWindow   - Closing main window
21:17:37.790 [JavaFX Application Thread] DEBUG Logger               - Closing Logger
