16:34:54.691 [main                     ] DEBUG Logger               - Configured Logger
16:34:54.750 [main                     ] DEBUG GameApplication      - Logging settings
Title: Bomberman!
Version: 0.0
Width: 912
Height: 624
Fullscreen: false
Intro: false
Profiling: false
Single step:false
App Mode: DEVELOPER
Menu Key: ESCAPE
Stage Style: DECORATED
Scene Factory: class com.almasb.fxgl.app.scene.SceneFactory

16:34:55.375 [JavaFX Application Thread] DEBUG FXGLApplication      - Initializing FXGL
16:34:55.385 [JavaFX Application Thread] INFO  Engine               - FXGL-17.1 (24.03.2022 17.34) on WINDOWS (J:18.0.2.1 FX:18.0.1)
16:34:55.386 [JavaFX Application Thread] DEBUG Engine               - JRE Vendor Name: Oracle Corporation
16:34:55.386 [JavaFX Application Thread] DEBUG Engine               - Running on OS: Windows 10 version 10.0
16:34:55.386 [JavaFX Application Thread] DEBUG Engine               - Architecture: amd64
16:34:55.386 [JavaFX Application Thread] INFO  Engine               - Source code and latest versions at: https://github.com/AlmasB/FXGL
16:34:55.387 [JavaFX Application Thread] INFO  Engine               -       Ask questions and discuss at: https://github.com/AlmasB/FXGL/discussions
16:34:55.387 [JavaFX Application Thread] INFO  Engine               -              Join the FXGL chat at: https://gitter.im/AlmasB/FXGL
16:34:55.595 [JavaFX Application Thread] DEBUG PrimaryStageWindow   - Creating a JavaFX scene
16:34:55.680 [JavaFX Application Thread] DEBUG PrimaryStageWindow   - Target settings size: 912.0 x 624.0
16:34:55.682 [JavaFX Application Thread] DEBUG PrimaryStageWindow   - Scaled scene size:    912.0 x 624.0
16:34:55.682 [JavaFX Application Thread] DEBUG PrimaryStageWindow   - Scaled ratio: (1.0, 1.0)
16:34:55.684 [JavaFX Application Thread] DEBUG PrimaryStageWindow   - Set initial scene to FXGLStartupScene
16:34:55.694 [JavaFX Application Thread] DEBUG PrimaryStageWindow   - Opening main window
16:34:55.842 [JavaFX Application Thread] DEBUG PrimaryStageWindow   - Window border size: (14.66668701171875, 37.33331298828125)
16:34:55.842 [JavaFX Application Thread] DEBUG PrimaryStageWindow   - Scaled size: 912.0 x 624.0
16:34:55.843 [JavaFX Application Thread] DEBUG PrimaryStageWindow   - Scaled ratio: (1.0, 1.0)
16:34:55.844 [JavaFX Application Thread] DEBUG PrimaryStageWindow   - Scene size: 912.0 x 624.0
16:34:55.844 [JavaFX Application Thread] DEBUG PrimaryStageWindow   - Stage size: 926.6666870117188 x 661.3333129882812
16:34:55.858 [FXGL Background Thread 1 ] DEBUG Engine               - Initializing environment variables
16:34:55.998 [FXGL Background Thread 1 ] DEBUG FXGLAssetLoaderServi - User app class for loading assets: class mangobomb.bombermango.HelloApplication
16:34:55.998 [FXGL Background Thread 1 ] DEBUG GameApplicationServi - Applying CSS: fxgl_dark.css
16:34:56.001 [FXGL Background Thread 1 ] DEBUG FXGLAssetLoaderServi - Loading from file system: jar:file:/C:/Users/Admin/.m2/repository/com/github/almasb/fxgl/17.1/fxgl-17.1.jar!/fxglassets/ui/css/fxgl_dark.css
16:34:56.145 [FXGL Background Thread 1 ] DEBUG GameApplicationServi - Initializing application scenes
16:34:56.250 [FXGL Background Thread 1 ] DEBUG GameWorld            - Game world initialized
16:34:56.378 [FXGL Background Thread 1 ] DEBUG PhysicsWorld         - Physics world initialized: appHeight=624, physics.ppm=50.0
16:34:56.378 [FXGL Background Thread 1 ] DEBUG PhysicsWorld         - Using strategy: BRUTE_FORCE
16:34:56.385 [FXGL Background Thread 1 ] DEBUG GameScene            - Game scene initialized: 912x624
16:34:56.407 [FXGL Background Thread 1 ] DEBUG FXGL.DefaultMenu     - createMenuBodyGameMenu()
16:34:56.435 [FXGL Background Thread 1 ] DEBUG FXGL.DefaultMenu     - createOptionsMenu()
16:34:56.454 [FXGL Background Thread 1 ] DEBUG FXGLAssetLoaderServi - Loading from file system: jar:file:/C:/Users/Admin/.m2/repository/com/github/almasb/fxgl/17.1/fxgl-17.1.jar!/fxglassets/textures/particles/smoke.png
16:34:56.685 [FXGL Background Thread 1 ] DEBUG FXGLAssetLoaderServi - Loading from file system: jar:file:/C:/Users/Admin/.m2/repository/com/github/almasb/fxgl/17.1/fxgl-17.1.jar!/fxglassets/textures/particles/trace_horizontal.png
16:34:56.766 [FXGL Background Thread 1 ] DEBUG GameApplicationServi - Application scenes initialized
16:34:56.787 [FXGL Background Thread 1 ] DEBUG SystemBundleService  - Loading FXGL system data
16:34:56.795 [FXGL Background Thread 1 ] DEBUG FileSystemAccess     - Reading from: D:\bombermango\system\fxgl.bundle
16:34:56.815 [FXGL Background Thread 1 ] DEBUG SystemBundleService  - Bundle FXGL: {}
16:34:56.815 [FXGL Background Thread 1 ] DEBUG UpdaterService       - Checking for updates
16:34:56.823 [FXGL Background Thread 1 ] DEBUG FXGLApplication      - Loading default localization
16:34:56.824 [FXGL Background Thread 1 ] DEBUG FXGLAssetLoaderServi - Loading from file system: jar:file:/C:/Users/Admin/.m2/repository/com/github/almasb/fxgl/17.1/fxgl-17.1.jar!/fxglassets/languages/english.lang
16:34:56.833 [FXGL Background Thread 4 ] DEBUG FXGLApplication      - Loading fonts
16:34:56.862 [FXGL Background Thread 4 ] DEBUG FXGLAssetLoaderServi - Loading from file system: jar:file:/C:/Users/Admin/.m2/repository/com/github/almasb/fxgl/17.1/fxgl-17.1.jar!/fxglassets/ui/fonts/VarelaRound-Regular.ttf
16:34:56.880 [FXGL Background Thread 1 ] INFO  FXGLApplication      - FXGL initialization took: 1.022 sec
16:34:56.906 [JavaFX Application Thread] DEBUG Input                - Registered new binding: moveUp - W
16:34:56.906 [JavaFX Application Thread] DEBUG Input                - Registered new binding: moveRight - D
16:34:56.906 [JavaFX Application Thread] DEBUG Input                - Registered new binding: moveLeft - A
16:34:56.906 [JavaFX Application Thread] DEBUG Input                - Registered new binding: moveDown - S
16:34:56.906 [JavaFX Application Thread] DEBUG Input                - Registered new binding: implantBomb - F
16:34:56.907 [JavaFX Application Thread] DEBUG FXGLAssetLoaderServi - Loading from file system: jar:file:/C:/Users/Admin/.m2/repository/com/github/almasb/fxgl/17.1/fxgl-17.1.jar!/fxglassets/textures/fxgl_icon.png
16:34:56.970 [JavaFX Application Thread] DEBUG FXGLAssetLoaderServi - Loading from file system: jar:file:/C:/Users/Admin/.m2/repository/com/github/almasb/fxgl/17.1/fxgl-17.1.jar!/fxglassets/textures/fxgl_default_cursor.png
16:34:56.976 [JavaFX Application Thread] DEBUG Input                - Registered new binding: Screenshot - CTRL+8
16:34:56.977 [JavaFX Application Thread] DEBUG Input                - Registered new binding: System info dump - CTRL+9
16:34:56.978 [JavaFX Application Thread] DEBUG Input                - Registered new binding: Restart - CTRL+R
16:34:56.979 [JavaFX Application Thread] DEBUG Input                - Registered new binding: Toggle Debug Camera - CTRL+7
16:34:56.984 [JavaFX Application Thread] DEBUG LoopRunner           - Starting loop
16:34:56.984 [JavaFX Application Thread] DEBUG LoopRunner           - Initializing JavaFX AnimationTimerLoop
16:34:56.986 [JavaFX Application Thread] DEBUG GameApplicationServi - Starting new game
16:34:56.987 [JavaFX Application Thread] DEBUG Input                - Clearing active input actions
16:34:57.015 [JavaFX Application Thread] DEBUG GameApplicationServi - Removing overlay from FXGLStartupScene and adding to FXGLLoadingScene
16:34:57.015 [JavaFX Application Thread] DEBUG PrimaryStageWindow   - FXGLStartupScene -> FXGLLoadingScene
16:34:57.015 [JavaFX Application Thread] DEBUG GameApplicationServi - Clearing previous game
16:34:57.016 [JavaFX Application Thread] DEBUG GameScene            - Clearing game scene
16:34:57.016 [JavaFX Application Thread] DEBUG GameWorld            - Clearing game world
16:34:57.016 [JavaFX Application Thread] DEBUG PhysicsWorld         - Clearing physics world
16:34:57.028 [FXGL Background Thread 1 ] DEBUG FXGLApplication      - Initializing game
16:34:57.062 [FXGL Background Thread 1 ] DEBUG FXGLAssetLoaderServi - Loading from file system: file:/D:/bombermango/target/classes/assets/textures/sprites/wall.png
16:34:57.124 [FXGL Background Thread 1 ] DEBUG GameWorld            - Clearing removable entities
16:34:57.127 [FXGL Background Thread 1 ] DEBUG GameWorld            - Setting level: com.almasb.fxgl.entity.level.Level@330a8fff
16:34:57.145 [FXGL Background Thread 1 ] DEBUG FXGLAssetLoaderServi - Loading from file system: file:/D:/bombermango/target/classes/assets/textures/sprites/player_left.png
16:34:57.148 [FXGL Background Thread 1 ] DEBUG FXGLAssetLoaderServi - Loading from file system: file:/D:/bombermango/target/classes/assets/textures/sprites/player_left_1.png
16:34:57.149 [FXGL Background Thread 1 ] DEBUG FXGLAssetLoaderServi - Loading from file system: file:/D:/bombermango/target/classes/assets/textures/sprites/player_left_2.png
16:34:57.192 [FXGL Background Thread 1 ] WARN  GameWorld            - Entity is already attached to world
16:34:57.200 [FXGL Background Thread 1 ] INFO  FXGLApplication      - Game initialization took: 0.172 sec
16:34:57.266 [FXGL Background Thread 4 ] DEBUG FXGLAssetLoaderServi - Loading from file system: jar:file:/C:/Users/Admin/.m2/repository/com/github/almasb/fxgl/17.1/fxgl-17.1.jar!/fxglassets/ui/fonts/Abel-Regular.ttf
16:34:57.272 [FXGL Background Thread 4 ] DEBUG FXGLAssetLoaderServi - Loading from file system: jar:file:/C:/Users/Admin/.m2/repository/com/github/almasb/fxgl/17.1/fxgl-17.1.jar!/fxglassets/ui/fonts/TerminalLandMono-Regular.otf
16:34:57.277 [FXGL Background Thread 4 ] DEBUG FXGLAssetLoaderServi - Loading from file system: jar:file:/C:/Users/Admin/.m2/repository/com/github/almasb/fxgl/17.1/fxgl-17.1.jar!/fxglassets/ui/fonts/Courier-Prime.ttf
16:34:57.354 [JavaFX Application Thread] DEBUG Input                - Clearing active input actions
16:34:57.375 [JavaFX Application Thread] DEBUG GameApplicationServi - Removing overlay from FXGLLoadingScene and adding to GameScene
16:34:57.376 [JavaFX Application Thread] DEBUG PrimaryStageWindow   - FXGLLoadingScene -> GameScene
16:34:57.391 [JavaFX Application Thread] DEBUG FXGLApplication      - Registering font factories with UI factory
16:34:58.075 [JavaFX Application Thread] DEBUG FXGLApplication      - Exiting FXGL
16:34:58.076 [JavaFX Application Thread] DEBUG LoopRunner           - Stopping loop
16:34:58.076 [JavaFX Application Thread] DEBUG SystemBundleService  - Saving FXGL system data
16:34:58.078 [JavaFX Application Thread] DEBUG FileSystemAccess     - Writing to: D:\bombermango\system\fxgl.bundle
16:34:58.082 [JavaFX Application Thread] DEBUG Async                - Shutting down background threads
16:34:58.083 [JavaFX Application Thread] DEBUG PrimaryStageWindow   - Closing main window
16:34:58.106 [JavaFX Application Thread] DEBUG Logger               - Closing Logger
